Log file open, 04/29/17 12:53:53
LogInit:Display: Running engine for game: SoulStriker
LogPlatformFile: Not using cached read wrapper
LogInit:Display: RandInit(1236179146) SRandInit(1236179148).
LogTaskGraph: Started task graph with 4 named threads and 7 total threads with 1 sets of task threads.
LogStats: Stats thread started at 0.076944
LogInit: Version: 4.12.5-3039270+++UE4+Release-4.12
LogInit: API Version: 2992821
LogInit: Net Version: 3039270
LogDevObjectVersion: Number of dev versions registered: 13
LogDevObjectVersion:   Dev-Blueprints (B0D832E4-1F89-4F0D-ACCF-7EB736FD4AA2): 3
LogDevObjectVersion:   Dev-Build (E1C64328-A22C-4D53-A36C-8E866417BD8C): 0
LogDevObjectVersion:   Dev-Core (375EC13C-06E4-48FB-B500-84F0262A717E): 1
LogDevObjectVersion:   Dev-Editor (E4B068ED-F494-42E9-A231-DA0B2E46BB41): 2
LogDevObjectVersion:   Dev-Framework (CFFC743F-43B0-4480-9391-14DF171D2073): 6
LogDevObjectVersion:   Dev-Mobile (B02B49B5-BB20-44E9-A304-32B752E40360): 0
LogDevObjectVersion:   Dev-Networking (A4E4105C-59A1-49B5-A7C5-40C4547EDFEE): 0
LogDevObjectVersion:   Dev-Online (39C831C9-5AE6-47DC-9A44-9C173E1C8E7C): 0
LogDevObjectVersion:   Dev-Physics (78F01B33-EBEA-4F98-B9B4-84EACCB95AA2): 0
LogDevObjectVersion:   Dev-Platform (6631380F-2D4D-43E0-8009-CF276956A95A): 0
LogDevObjectVersion:   Dev-Rendering (12F88B9F-8875-4AFC-A67C-D90C383ABD29): 2
LogDevObjectVersion:   Dev-Sequencer (7B5AE74C-D270-4C10-A958-57980B212A5A): 0
LogDevObjectVersion:   Dev-VR (D7296918-1DD6-4BDD-9DE2-64A83CC13884): 0
LogInit: Compiled (64-bit): Jul  6 2016 09:09:46
LogInit: Compiled with Visual C++: 19.00.23026.00
LogInit: Build Configuration: Development
LogInit: Branch Name: ++UE4+Release-4.12
LogInit: Command line: -EpicPortal 
LogInit: Base directory: C:/Program Files/Epic Games/UE_4.12/Engine/Binaries/Win64/
LogInit: Installed Engine Build: 1
LogInit: Using libcurl 7.41.0
LogInit:  - built for x86_64-pc-win32
LogInit:  - supports SSL with WinSSL
LogInit:  - other features:
LogInit:      CURL_VERSION_SSL
LogInit:      CURL_VERSION_IPV6
LogInit:      CURL_VERSION_ASYNCHDNS
LogInit:      CURL_VERSION_LARGEFILE
LogInit:      CURL_VERSION_IDN
LogInit:  CurlRequestOptions (configurable via config and command line):
LogInit:  - bVerifyPeer = true  - Libcurl will verify peer certificate
LogInit:  - bUseHttpProxy = false  - Libcurl will NOT use HTTP proxy
LogInit:  - bDontReuseConnections = false  - Libcurl will reuse connections
LogInit:  - CertBundlePath = nullptr  - Libcurl will use whatever was configured at build time.
LogInit: Presizing for max 8388607 objects, including 0 objects not considered by GC, pre-allocating 0 bytes for permanent pool.
LogInit: Object subsystem initialized
[2017.04.29-16.53.53:241][  0]LogInit: Selected Device Profile: [Windows]
[2017.04.29-16.53.53:241][  0]LogInit: Applying CVar settings loaded from the selected device profile: [Windows]
[2017.04.29-16.53.53:268][  0]LogInit: Computer: EXCELSIOR
[2017.04.29-16.53.53:268][  0]LogInit: User: broseidon
[2017.04.29-16.53.53:268][  0]LogInit: CPU Page size=65536, Cores=4
[2017.04.29-16.53.53:268][  0]LogInit: High frequency timer resolution =3.320336 MHz
[2017.04.29-16.53.53:268][  0]LogMemory: Memory total: Physical=7.9GB (8GB approx)
[2017.04.29-16.53.53:268][  0]LogMemory: Platform Memory Stats for Windows
[2017.04.29-16.53.53:268][  0]LogMemory: Process Physical Memory: 191.48 MB used, 191.48 MB peak
[2017.04.29-16.53.53:268][  0]LogMemory: Process Virtual Memory: 194.95 MB used, 194.95 MB peak
[2017.04.29-16.53.53:268][  0]LogMemory: Physical Memory: 5614.09 MB used, 8139.36 MB total
[2017.04.29-16.53.53:268][  0]LogMemory: Virtual Memory: 552.91 MB used, 134217728.00 MB total
[2017.04.29-16.53.53:290][  0]LogTextLocalizationManager: No specific translations for ('en-US') exist, so ('en') translations will be used.
[2017.04.29-16.53.53:691][  0]LogD3D11RHI: D3D11 adapters:
[2017.04.29-16.53.53:718][  0]LogD3D11RHI:    0. 'NVIDIA GeForce GTX 660' (Feature Level 11_0)
[2017.04.29-16.53.53:718][  0]LogD3D11RHI:       2016/0/4069 MB DedicatedVideo/DedicatedSystem/SharedSystem, Outputs:2, VendorId:0x10de
[2017.04.29-16.53.53:719][  0]LogD3D11RHI:    1. 'Microsoft Basic Render Driver' (Feature Level 11_0)
[2017.04.29-16.53.53:719][  0]LogD3D11RHI:       0/0/4069 MB DedicatedVideo/DedicatedSystem/SharedSystem, Outputs:0, VendorId:0x1414
[2017.04.29-16.53.53:719][  0]LogD3D11RHI: Chosen D3D11 Adapter: 0
[2017.04.29-16.53.53:724][  0]LogD3D11RHI: Creating new Direct3DDevice
[2017.04.29-16.53.53:724][  0]LogD3D11RHI:     GPU DeviceId: 0x11c0 (for the marketing name, search the web for "GPU Device Id")
[2017.04.29-16.53.53:724][  0]LogWindows: EnumDisplayDevices:
[2017.04.29-16.53.53:724][  0]LogWindows:    0. 'NVIDIA GeForce GTX 660' (P:0 D:1)
[2017.04.29-16.53.53:724][  0]LogWindows:    1. 'NVIDIA GeForce GTX 660' (P:1 D:1)
[2017.04.29-16.53.53:724][  0]LogWindows:    2. 'NVIDIA GeForce GTX 660' (P:0 D:0)
[2017.04.29-16.53.53:725][  0]LogWindows:    3. 'NVIDIA GeForce GTX 660' (P:0 D:0)
[2017.04.29-16.53.53:725][  0]LogWindows: DebugString: FoundDriverCount:4 
[2017.04.29-16.53.53:725][  0]LogD3D11RHI:     Adapter Name: NVIDIA GeForce GTX 660
[2017.04.29-16.53.53:725][  0]LogD3D11RHI:   Driver Version: 376.53 (internal:21.21.13.7653, unified:376.53)
[2017.04.29-16.53.53:725][  0]LogD3D11RHI:      Driver Date: 12-29-2016
[2017.04.29-16.53.53:725][  0]LogRHI: Texture pool is 1361 MB (70% of 1945 MB)
[2017.04.29-16.53.53:738][  0]LogD3D11RHI: Async texture creation enabled
[2017.04.29-16.53.53:749][  0]LogD3D11RHI: GPU Timing Frequency: 1000.000000 (Debug: 2 1)
[2017.04.29-16.53.53:749][  0]LogShaderCompilers: Guid format shader working directory is 8 characters bigger than the processId version (H:/CGT 445/Soul-Striker-Main/Soul Striker/Intermediate/Shaders/WorkingDirectory/5376/).
[2017.04.29-16.53.53:750][  0]LogShaderCompilers: Cleaned the shader compiler working directory 'C:/Users/BROSEI~1/AppData/Local/Temp/UnrealShaderWorkingDir/7124E9744DA5F725683620976F6ADA9E/'.
[2017.04.29-16.53.53:750][  0]LogShaderCompilers:Display: Using Local Shader Compiler.
[2017.04.29-16.53.54:692][  0]LogTemp:Display: Loaded TP AllDesktopTargetPlatform
[2017.04.29-16.53.54:701][  0]LogTemp:Display: Loaded TP WindowsClientTargetPlatform
[2017.04.29-16.53.54:711][  0]LogTemp:Display: Loaded TP WindowsNoEditorTargetPlatform
[2017.04.29-16.53.54:721][  0]LogTemp:Display: Loaded TP WindowsServerTargetPlatform
[2017.04.29-16.53.54:731][  0]LogTemp:Display: Loaded TP WindowsTargetPlatform
[2017.04.29-16.53.54:739][  0]LogTemp:Display: Loaded TP AndroidTargetPlatform
[2017.04.29-16.53.54:748][  0]LogTemp:Display: Loaded TP Android_ASTCTargetPlatform
[2017.04.29-16.53.54:756][  0]LogTemp:Display: Loaded TP Android_ATCTargetPlatform
[2017.04.29-16.53.54:764][  0]LogTemp:Display: Loaded TP Android_DXTTargetPlatform
[2017.04.29-16.53.54:772][  0]LogTemp:Display: Loaded TP Android_ETC1TargetPlatform
[2017.04.29-16.53.54:781][  0]LogTemp:Display: Loaded TP Android_ETC2TargetPlatform
[2017.04.29-16.53.54:797][  0]LogTemp:Display: Loaded TP Android_MultiTargetPlatform
[2017.04.29-16.53.54:797][  0]LogTemp:Display: Loaded TP Android_PVRTCTargetPlatform
[2017.04.29-16.53.54:798][  0]LogTemp:Display: Loaded TP HTML5TargetPlatform
[2017.04.29-16.53.54:819][  0]LogTemp:Display: Loaded TP IOSTargetPlatform
[2017.04.29-16.53.54:827][  0]LogTemp:Display: Loaded TP TVOSTargetPlatform
[2017.04.29-16.53.54:835][  0]LogTemp:Display: Loaded TP LinuxNoEditorTargetPlatform
[2017.04.29-16.53.54:843][  0]LogTemp:Display: Loaded TP LinuxServerTargetPlatform
[2017.04.29-16.53.54:851][  0]LogTemp:Display: Loaded TP LinuxTargetPlatform
[2017.04.29-16.53.54:851][  0]LogTargetPlatformManager:Display: Building Assets For Windows
[2017.04.29-16.53.54:930][  0]LogDerivedDataCache:Display: Max Cache Size: 512 MB
[2017.04.29-16.53.54:980][  0]LogDerivedDataCache: Loaded boot cache 0.05s 48MB C:/Users/broseidon/AppData/Local/UnrealEngine/4.12/DerivedDataCache/Boot.ddc.
[2017.04.29-16.53.54:980][  0]LogDerivedDataCache:Display: Loaded Boot cache: C:/Users/broseidon/AppData/Local/UnrealEngine/4.12/DerivedDataCache/Boot.ddc
[2017.04.29-16.53.54:980][  0]LogDerivedDataCache: FDerivedDataBackendGraph:  Pak pak cache file H:/CGT 445/Soul-Striker-Main/Soul Striker/DerivedDataCache/DDC.ddp not found, will not use a pak cache.
[2017.04.29-16.53.54:981][  0]LogDerivedDataCache: Unable to find inner node Pak for hierarchical cache Hierarchy.
[2017.04.29-16.53.54:981][  0]LogDerivedDataCache: FDerivedDataBackendGraph:  CompressedPak pak cache file H:/CGT 445/Soul-Striker-Main/Soul Striker/DerivedDataCache/Compressed.ddp not found, will not use a pak cache.
[2017.04.29-16.53.54:981][  0]LogDerivedDataCache: Unable to find inner node CompressedPak for hierarchical cache Hierarchy.
[2017.04.29-16.53.54:998][  0]LogDerivedDataCache:Display: Pak cache opened for reading ../../../Engine/DerivedDataCache/Compressed.ddp.
[2017.04.29-16.53.55:009][  0]LogDerivedDataCache: Using Local data cache path C:/Users/broseidon/AppData/Local/UnrealEngine/Common/DerivedDataCache: Writable
[2017.04.29-16.53.55:216][  0]LogInit: Selected Device Profile: [Windows]
[2017.04.29-16.53.55:217][  0]LogContentStreaming: Texture pool size is 0.00 MB
[2017.04.29-16.53.55:387][  0]LogMeshUtilities: No automatic mesh reduction module available
[2017.04.29-16.53.55:387][  0]LogMeshUtilities: No automatic mesh merging module available
[2017.04.29-16.53.55:387][  0]LogMeshUtilities: No distributed automatic mesh merging module available
[2017.04.29-16.53.55:643][  0]LogAssetRegistry: FAssetRegistry took 0.0211 seconds to start up
[2017.04.29-16.53.55:665][  0]LogPackageLocalizationCache: Processed 3 localized package path(s) for 2 prioritized culture(s) in 0.019392 seconds
[2017.04.29-16.53.55:671][  0]LogUObjectArray: 28739 objects as part of root set at end of initial load.
[2017.04.29-16.53.55:671][  0]LogUObjectAllocator: 5855624 out of 0 bytes used by permanent object pool.
[2017.04.29-16.53.55:671][  0]LogUObjectArray: CloseDisregardForGC: 0/0 objects in disregard for GC pool
[2017.04.29-16.53.55:677][  0]LogInit: WinSock: version 1.1 (2.2), MaxSocks=32767, MaxUdp=65467
[2017.04.29-16.53.55:855][  0]LogSlate: SlateFontCache - WITH_FREETYPE: 1, WITH_HARFBUZZ: 1
[2017.04.29-16.53.55:855][  0]LogSlate: SlateFontCache - WITH_FREETYPE: 1, WITH_HARFBUZZ: 1
[2017.04.29-16.53.56:517][  0]LogSubstanceCoreModule: Substance CPU Engine Loaded, Max Texture Size 2048
[2017.04.29-16.53.56:527][  0]LogUdpMessaging: Initializing bridge on interface 0.0.0.0:0 to multicast group 230.0.0.1:6666.
[2017.04.29-16.53.56:754][  0]SourceControl: Info Source control is disabled
[2017.04.29-16.53.56:755][  0]SourceControl: Info Source control is disabled
[2017.04.29-16.53.56:764][  0]SourceControl: Info Source control is disabled
[2017.04.29-16.53.56:773][  0]SourceControl: Info Source control is disabled
[2017.04.29-16.53.57:018][  0]LogEngine: Initializing Engine...
[2017.04.29-16.53.57:021][  0]LogHMD: SteamVR failed to initialize.  Err: 105
[2017.04.29-16.53.57:022][  0]LogHMD: SteamVR failed to initialize.  Err: 105
[2017.04.29-16.53.57:174][  0]LogAIModule: Creating AISystem for world NewWorld
[2017.04.29-16.53.57:183][  0]LogInit: XAudio2 using 'Headphones (High Definition Audio Device)' : 2 channels at 44.1 kHz using 16 bits per sample (channel mask 0x3)
[2017.04.29-16.53.57:194][  0]LogInit: FAudioDevice initialized.
[2017.04.29-16.53.57:231][  0]LogDerivedDataCache: Saved boot cache 0.04s 48MB C:/Users/broseidon/AppData/Local/UnrealEngine/4.12/DerivedDataCache/Boot.ddc.
[2017.04.29-16.53.57:240][  0]LogInit: Texture streaming: Enabled
[2017.04.29-16.53.57:266][  0]LogInit: Transaction tracking system initialized
[2017.04.29-16.53.57:291][  0]BlueprintLog: New page: Editor Load
[2017.04.29-16.53.57:366][  0]LocalizationService: Info Localization service is disabled
[2017.04.29-16.53.57:431][  0]LogConsoleResponse:Display: 
[2017.04.29-16.53.57:563][  0]LogCook:Display: Max memory allowance for cook 8192mb
[2017.04.29-16.53.57:563][  0]LogCook:Display: Mobile HDR setting 1
[2017.04.29-16.53.57:690][  0]LogFileCache: Scanning file cache for directory 'H:/CGT 445/Soul-Striker-Main/Soul Striker/Content/' took 0.03s
[2017.04.29-16.53.57:690][  0]SourceControl: Info Source control is disabled
[2017.04.29-16.53.57:690][  0]Cmd: MAP LOAD FILE="H:/CGT 445/Soul-Striker-Main/Soul Striker/Content/ThirdPersonBP/Maps/ThirdPersonExampleMap.umap" TEMPLATE=0 SHOWPROGRESS=1 FEATURELEVEL=3
[2017.04.29-16.53.57:715][  0]LightingResults: New page: Lighting Build
[2017.04.29-16.53.57:718][  0]MapCheck: New page: Map Check
[2017.04.29-16.53.57:718][  0]LightingResults: New page: Lighting Build
[2017.04.29-16.54.01:844][  0]LogBlueprint:Warning: Compiler Warning Node  Unknown  is not referencing a valid level actor
[2017.04.29-16.54.01:844][  0]LogBlueprint:Warning: Compiler Warning [0009.64] Compile of PersistentLevel.ThirdPersonExampleMap successful, but with 1 Warning(s) [in 2 ms] (/Game/ThirdPersonBP/Maps/ThirdPersonExampleMap.ThirdPersonExampleMap:PersistentLevel.ThirdPersonExampleMap)
[2017.04.29-16.54.01:845][  0]LogBlueprint:Warning: Compiler Warning [0009.65] Compile of PersistentLevel.ThirdPersonExampleMap successful, but with 2 Warning(s) [in 0 ms] (/Game/ThirdPersonBP/Maps/ThirdPersonExampleMap.ThirdPersonExampleMap:PersistentLevel.ThirdPersonExampleMap)
[2017.04.29-16.54.01:845][  0]LogBlueprint:Warning: Compiler Warning [0009.65] Compile of PersistentLevel.ThirdPersonExampleMap successful, but with 3 Warning(s) [in 0 ms] (/Game/ThirdPersonBP/Maps/ThirdPersonExampleMap.ThirdPersonExampleMap:PersistentLevel.ThirdPersonExampleMap)
[2017.04.29-16.54.01:848][  0]LogBlueprint:Warning: Compiler Warning Node  Unknown  is not referencing a valid level actor
[2017.04.29-16.54.01:849][  0]LogBlueprint:Warning: Compiler Warning [0009.65] Compile of PersistentLevel.ThirdPersonExampleMap successful, but with 1 Warning(s) [in 2 ms] (/Game/ThirdPersonBP/Maps/ThirdPersonExampleMap.ThirdPersonExampleMap:PersistentLevel.ThirdPersonExampleMap)
[2017.04.29-16.54.01:849][  0]LogBlueprint:Warning: Compiler Warning [0009.65] Compile of PersistentLevel.ThirdPersonExampleMap successful, but with 2 Warning(s) [in 0 ms] (/Game/ThirdPersonBP/Maps/ThirdPersonExampleMap.ThirdPersonExampleMap:PersistentLevel.ThirdPersonExampleMap)
[2017.04.29-16.54.01:849][  0]LogBlueprint:Warning: Compiler Warning [0009.65] Compile of PersistentLevel.ThirdPersonExampleMap successful, but with 3 Warning(s) [in 0 ms] (/Game/ThirdPersonBP/Maps/ThirdPersonExampleMap.ThirdPersonExampleMap:PersistentLevel.ThirdPersonExampleMap)
[2017.04.29-16.54.03:076][  0]LogMaterial: Missing cached shader map for material orbglow, compiling. 
[2017.04.29-16.54.03:486][  0]LogAIModule: Creating AISystem for world ThirdPersonExampleMap
[2017.04.29-16.54.03:637][  0]LogEditorServer: Finished looking for orphan Actors (0.000 secs)
[2017.04.29-16.54.03:644][  0]Cmd: MAP CHECKDEP NOCLEARLOG
[2017.04.29-16.54.03:708][  0]MapCheck: Info Map check complete: 0 Error(s), 0 Warning(s), took 63.668ms to complete.
[2017.04.29-16.54.03:708][  0]LogFileHelpers: Loading map 'ThirdPersonExampleMap' took 6.017
[2017.04.29-16.54.04:071][  0]LogCollectionManager: Loaded 0 collections in 0.001853 seconds
[2017.04.29-16.54.04:128][  0]LogFileCache: Scanning file cache for directory 'H:/CGT 445/Soul-Striker-Main/Soul Striker/Saved/Collections/' took 0.01s
[2017.04.29-16.54.04:128][  0]LogFileCache: Scanning file cache for directory 'H:/CGT 445/Soul-Striker-Main/Soul Striker/Content/Developers/broseidon/Collections/' took 0.01s
[2017.04.29-16.54.04:128][  0]LogFileCache: Scanning file cache for directory 'H:/CGT 445/Soul-Striker-Main/Soul Striker/Content/Collections/' took 0.01s
[2017.04.29-16.54.04:128][  0]LogCollectionManager: Rebuilt the GUID cache for 0 collections in 0.000003 seconds
[2017.04.29-16.54.04:140][  0]LogContentBrowser: Native class hierarchy populated in 0.0099 seconds. Added 2062 classes and 375 folders.
[2017.04.29-16.54.04:149][  0]LogStats: UGameplayTagsManager::ConstructGameplayTagTree: Construct from data asset -  0.000 s
[2017.04.29-16.54.04:149][  0]LogStats: UGameplayTagsManager::ConstructGameplayTagTree: GameplayTagTreeChangedEvent.Broadcast -  0.000 s
[2017.04.29-16.54.04:150][  0]LogContentBrowser: Native class hierarchy updated for 'GameplayTags' in 0.0005 seconds. Added 12 classes and 0 folders.
[2017.04.29-16.54.04:158][  0]LogContentBrowser: Native class hierarchy updated for 'WidgetCarousel' in 0.0004 seconds. Added 0 classes and 0 folders.
[2017.04.29-16.54.04:500][  0]LogContentBrowser: Native class hierarchy updated for 'AddContentDialog' in 0.0004 seconds. Added 0 classes and 0 folders.
[2017.04.29-16.54.04:511][  0]LogContentBrowser: Native class hierarchy updated for 'SceneOutliner' in 0.0005 seconds. Added 1 classes and 2 folders.
[2017.04.29-16.54.04:574][  0]LogCrashTracker: Crashtracker disabled due to settings.
[2017.04.29-16.54.04:590][  0]LogUObjectGlobals:Warning: Failed to find object 'Class None.'
[2017.04.29-16.54.04:618][  0]LogContentBrowser: Native class hierarchy updated for 'HierarchicalLODOutliner' in 0.0005 seconds. Added 1 classes and 2 folders.
[2017.04.29-16.54.04:618][  0]LogLoad: Full Startup: 12.42 seconds (BP compile: 0.84 seconds)
[2017.04.29-16.54.04:618][  0]LogExternalProfiler: No external profilers were discovered.  External profiling features will not be available.
[2017.04.29-16.54.04:628][  0]LogWindowsTextInputMethodSystem:Display: IME system now deactivated.
[2017.04.29-16.54.04:628][  0]LogWindowsTextInputMethodSystem:Display: IME system now deactivated.
[2017.04.29-16.54.04:629][  0]LogOcInput: OculusInput pre-init called
[2017.04.29-16.54.04:669][  0]LogContentStreaming: Texture pool size now 1000 MB
[2017.04.29-16.54.04:930][  0]LogRenderer: Reallocating scene render targets to support 1208x576 (Frame:2).
[2017.04.29-16.54.05:072][  1]LogFileCache: Retrieving MD5 hashes for directory 'H:/CGT 445/Soul-Striker-Main/Soul Striker/Content/' took 0.43s
[2017.04.29-16.54.05:979][ 68]LogCollectionManager: Rebuilt the object cache for 0 collections in 0.000001 seconds (found 0 objects)
[2017.04.29-16.54.09:986][296]LogMaterial: Missing cached shader map for material brick_texture_1_diffuse_Mat, compiling. 
[2017.04.29-16.54.09:987][296]LogMaterial:Warning: Failed to compile Material /Game/customMaterials/brick_texture_1_diffuse_Mat.brick_texture_1_diffuse_Mat for platform PCD3D_SM5, Default Material will be used in game.
[2017.04.29-16.54.09:987][296]LogMaterial:Warning: 	(Node TextureSample) TextureSample> Missing input texture
[2017.04.29-16.54.10:017][296]LogMaterial: Missing cached shader map for material pCube1Mat, compiling. 
[2017.04.29-16.54.10:216][296]LogTexture:Display: Building textures: HQ_Lightmap0_1 (AutoDXT)
[2017.04.29-16.54.11:325][296]LogTexture:Display: Building textures: HQ_Lightmap0_2 (AutoDXT)
[2017.04.29-16.54.11:894][296]LogTexture:Display: Building textures: HQ_Lightmap0_3 (AutoDXT)
[2017.04.29-16.54.12:457][296]LogTexture:Display: Building textures: HQ_Lightmap0_4 (AutoDXT)
[2017.04.29-16.54.13:082][296]LogTexture:Display: Building textures: HQ_Lightmap0_5 (AutoDXT)
[2017.04.29-16.54.13:631][296]LogTexture:Display: Building textures: HQ_Lightmap0_7 (AutoDXT)
[2017.04.29-16.54.14:151][296]LogTexture:Display: Building textures: HQ_Lightmap1_6 (AutoDXT)
[2017.04.29-16.54.14:811][296]LogTexture:Display: Building textures: LQ_Lightmap_0_1 (DXT1)
[2017.04.29-16.54.15:262][296]LogTexture:Display: Building textures: LQ_Lightmap_0_2 (DXT1)
[2017.04.29-16.54.15:602][296]LogTexture:Display: Building textures: LQ_Lightmap_0_3 (DXT1)
[2017.04.29-16.54.15:881][296]LogTexture:Display: Building textures: LQ_Lightmap_0_4 (DXT1)
[2017.04.29-16.54.16:188][296]LogTexture:Display: Building textures: LQ_Lightmap_0_5 (DXT1)
[2017.04.29-16.54.16:428][296]LogTexture:Display: Building textures: LQ_Lightmap_0_7 (DXT1)
[2017.04.29-16.54.16:755][296]LogTexture:Display: Building textures: LQ_Lightmap_1_6 (DXT1)
[2017.04.29-16.54.17:026][296]LogTexture:Display: Building textures: ShadowMapTexture2D_0 (G8)
[2017.04.29-16.54.17:135][296]LogTexture:Display: Building textures: ShadowMapTexture2D_1 (G8)
[2017.04.29-16.54.17:237][296]LogTexture:Display: Building textures: ShadowMapTexture2D_2 (G8)
[2017.04.29-16.54.17:311][296]LogTexture:Display: Building textures: ShadowMapTexture2D_3 (G8)
[2017.04.29-16.54.17:422][296]LogAIModule: Creating AISystem for world Level_1
[2017.04.29-16.54.17:598][296]Cmd: MAP LOAD FILE="H:/CGT 445/Soul-Striker-Main/Soul Striker/Content/Maps/Level_1.umap" TEMPLATE=0 SHOWPROGRESS=1 FEATURELEVEL=3
[2017.04.29-16.54.17:598][296]LightingResults: New page: Lighting Build
[2017.04.29-16.54.17:599][296]LoadErrors: New page: Loading map: Level_1.umap
[2017.04.29-16.54.17:606][296]MapCheck: New page: Map Check
[2017.04.29-16.54.17:606][296]LightingResults: New page: Lighting Build
[2017.04.29-16.54.17:694][296]LogEditorServer: Finished looking for orphan Actors (0.000 secs)
[2017.04.29-16.54.17:773][296]Cmd: MAP CHECKDEP NOCLEARLOG
[2017.04.29-16.54.17:846][296]MapCheck: Info Map check complete: 0 Error(s), 0 Warning(s), took 72.899ms to complete.
[2017.04.29-16.54.17:846][296]LogFileHelpers: Loading map 'Level_1' took 0.250
[2017.04.29-16.54.17:855][296]LogAssetRegistry: Asset discovery search completed in 22.2334 seconds
[2017.04.29-16.54.17:855][296]LogCollectionManager: Fixed up redirectors for 0 collections in 0.000011 seconds (updated 0 objects)
[2017.04.29-16.54.24:590][973]LogEditorViewport: Clicking on Actor (LMB): StaticMeshActor (barrel4)
[2017.04.29-16.54.25:876][ 85]LogEditorViewport: Clicking on Actor (LMB): StaticMeshActor (Floor7)
[2017.04.29-16.54.27:645][236]LogEditorViewport: Clicking on Actor (LMB): Sword_Pickup_C (Sword_Pickup)
[2017.04.29-16.54.29:609][375]LogContentBrowser: Native class hierarchy updated for 'BlueprintGraph' in 0.0009 seconds. Added 111 classes and 0 folders.
[2017.04.29-16.54.31:708][446]LogRenderer: Reallocating scene render targets to support 1208x712 (Frame:1903).
[2017.04.29-16.55.10:117][ 39]LogFactory: FactoryCreateFile: StaticMesh with FbxFactory (0 0 ../../../../../../Users/broseidon/Documents/maya/projects/default/scenes/knightsword.obj)
[2017.04.29-16.55.10:144][ 39]LogFbx: Loading FBX Scene from ../../../../../../Users/broseidon/Documents/maya/projects/default/scenes/knightsword.obj
[2017.04.29-16.55.10:152][ 39]LogFbx: FBX Scene Loaded Succesfully
[2017.04.29-16.55.13:711][ 39]LogFbx: Loading FBX Scene from ../../../../../../Users/broseidon/Documents/maya/projects/default/scenes/knightsword.obj
[2017.04.29-16.55.13:714][ 39]LogFbx: FBX Scene Loaded Succesfully
[2017.04.29-16.55.13:722][ 39]LogLinker:Warning: Can't find file '/Game/Geometry/Meshes/phong1SG'
[2017.04.29-16.55.13:722][ 39]LogLinker:Warning: Can't find file '/Game/Geometry/Meshes/phong1SG'
[2017.04.29-16.55.13:730][ 39]LogMaterial: Missing cached shader map for material phong1SG, compiling. 
[2017.04.29-16.55.13:743][ 39]LogFbx:Warning: Triangulating static mesh pCylinder1_Sword_Full
[2017.04.29-16.55.13:754][ 39]LogLinker:Warning: Can't find file '/Game/Geometry/Meshes/lambert5SG'
[2017.04.29-16.55.13:754][ 39]LogLinker:Warning: Can't find file '/Game/Geometry/Meshes/lambert5SG'
[2017.04.29-16.55.13:758][ 39]LogMaterial: Missing cached shader map for material lambert5SG, compiling. 
[2017.04.29-16.55.13:770][ 39]LogFbx:Warning: Triangulating static mesh Sword_Full_pCube1_pCube3
[2017.04.29-16.55.13:774][ 39]LogLinker:Warning: Can't find file '/Game/Geometry/Meshes/lambert2SG'
[2017.04.29-16.55.13:774][ 39]LogLinker:Warning: Can't find file '/Game/Geometry/Meshes/lambert2SG'
[2017.04.29-16.55.13:782][ 39]LogMaterial: Missing cached shader map for material lambert2SG, compiling. 
[2017.04.29-16.55.13:795][ 39]LogLinker:Warning: Can't find file '/Game/Geometry/Meshes/blinn1SG'
[2017.04.29-16.55.13:795][ 39]LogLinker:Warning: Can't find file '/Game/Geometry/Meshes/blinn1SG'
[2017.04.29-16.55.13:806][ 39]LogMaterial: Missing cached shader map for material blinn1SG, compiling. 
[2017.04.29-16.55.13:818][ 39]LogFbx:Warning: Triangulating static mesh Sword_Full_pCube2
[2017.04.29-16.55.13:823][ 39]LogLinker:Warning: Can't find file '/Game/Geometry/Meshes/blinn2SG'
[2017.04.29-16.55.13:823][ 39]LogLinker:Warning: Can't find file '/Game/Geometry/Meshes/blinn2SG'
[2017.04.29-16.55.13:830][ 39]LogMaterial: Missing cached shader map for material blinn2SG, compiling. 
[2017.04.29-16.55.13:843][ 39]LogFbx:Warning: Triangulating static mesh Sword_Full_pCube4
[2017.04.29-16.55.13:852][ 39]LogStaticMesh: Building static mesh knightsword...
[2017.04.29-16.55.13:862][ 39]LogStaticMesh: Built static mesh [0.01s] /Game/Geometry/Meshes/knightsword.knightsword
[2017.04.29-16.55.17:705][289]LogActorFactory: Actor Factory created knightsword
[2017.04.29-16.55.18:465][331]LogActorFactory: Actor Factory created knightsword
[2017.04.29-16.55.39:465][156]LogEditorViewport: Clicking on Actor (LMB): StaticMeshActor (knightsword)
[2017.04.29-16.55.48:364][655]Cmd: QUIT_EDITOR
[2017.04.29-16.55.48:450][655]LogWindowsTextInputMethodSystem:Display: IME system now deactivated.
[2017.04.29-16.55.48:450][655]LogWindowsTextInputMethodSystem:Display: IME system now deactivated.
[2017.04.29-16.55.48:476][655]LogExit: Preparing to exit.
[2017.04.29-16.55.49:788][655]LogExit: Editor shut down
[2017.04.29-16.55.49:788][655]LogExit: Transaction tracking system shut down
[2017.04.29-16.55.49:982][655]LogObj: Freed 0b from 0 cluster array pools.
[2017.04.29-16.55.49:983][655]LogExit: Object subsystem successfully closed.
[2017.04.29-16.55.50:009][655]LogD3D11RHI: Shutdown
[2017.04.29-16.55.50:009][655]LogD3D11RHI: CleanupD3DDevice
[2017.04.29-16.55.50:097][655]LogD3D11RHI: ~FD3D11DynamicRHI
[2017.04.29-16.55.50:115][655]LogModuleManager: Shutting down and abandoning module BlueprintGraph (216)
[2017.04.29-16.55.50:116][655]LogModuleManager: Shutting down and abandoning module HierarchicalLODOutliner (215)
[2017.04.29-16.55.50:116][655]LogModuleManager: Shutting down and abandoning module CrashTracker (214)
[2017.04.29-16.55.50:116][655]LogModuleManager: Shutting down and abandoning module SceneOutliner (213)
[2017.04.29-16.55.50:116][655]LogModuleManager: Shutting down and abandoning module WidgetCarousel (212)
[2017.04.29-16.55.50:116][655]LogModuleManager: Shutting down and abandoning module AddContentDialog (211)
[2017.04.29-16.55.50:117][655]LogModuleManager: Shutting down and abandoning module GameplayTags (210)
[2017.04.29-16.55.50:117][655]LogModuleManager: Shutting down and abandoning module EditorWidgets (209)
[2017.04.29-16.55.50:117][655]LogModuleManager: Shutting down and abandoning module CollectionManager (208)
[2017.04.29-16.55.50:117][655]LogModuleManager: Shutting down and abandoning module StatsViewer (207)
[2017.04.29-16.55.50:118][655]LogModuleManager: Shutting down and abandoning module FoliageEdit (206)
[2017.04.29-16.55.50:118][655]LogModuleManager: Shutting down and abandoning module LandscapeEditor (205)
[2017.04.29-16.55.50:118][655]LogModuleManager: Shutting down and abandoning module SceneDepthPickerMode (204)
[2017.04.29-16.55.50:118][655]LogModuleManager: Shutting down and abandoning module ActorPickerMode (203)
[2017.04.29-16.55.50:118][655]LogModuleManager: Shutting down and abandoning module GeometryMode (202)
[2017.04.29-16.55.50:118][655]LogModuleManager: Shutting down and abandoning module TextureAlignMode (201)
[2017.04.29-16.55.50:118][655]LogModuleManager: Shutting down and abandoning module BspMode (200)
[2017.04.29-16.55.50:118][655]LogModuleManager: Shutting down and abandoning module HardwareSurvey (199)
[2017.04.29-16.55.50:118][655]LogModuleManager: Shutting down and abandoning module SequenceRecorderSections (198)
[2017.04.29-16.55.50:118][655]LogModuleManager: Shutting down and abandoning module SequenceRecorder (197)
[2017.04.29-16.55.50:118][655]LogModuleManager: Shutting down and abandoning module AutomationWorker (196)
[2017.04.29-16.55.50:118][655]LogModuleManager: Shutting down and abandoning module MatineeToLevelSequence (195)
[2017.04.29-16.55.50:118][655]LogModuleManager: Shutting down and abandoning module PlacementMode (194)
[2017.04.29-16.55.50:118][655]LogModuleManager: Shutting down and abandoning module LevelSequenceEditor (193)
[2017.04.29-16.55.50:119][655]LogModuleManager: Shutting down and abandoning module CharacterAI (192)
[2017.04.29-16.55.50:119][655]LogModuleManager: Shutting down and abandoning module SmartSnapping (191)
[2017.04.29-16.55.50:119][655]LogModuleManager: Shutting down and abandoning module SessionServices (190)
[2017.04.29-16.55.50:119][655]LogModuleManager: Shutting down and abandoning module ViewportSnapping (189)
[2017.04.29-16.55.50:119][655]LogModuleManager: Shutting down and abandoning module LogVisualizer (188)
[2017.04.29-16.55.50:119][655]LogModuleManager: Shutting down and abandoning module GameProjectGeneration (187)
[2017.04.29-16.55.50:119][655]LogModuleManager: Shutting down and abandoning module IntroTutorials (186)
[2017.04.29-16.55.50:119][655]LogModuleManager: Shutting down and abandoning module EditorLiveStreaming (185)
[2017.04.29-16.55.50:119][655]LogModuleManager: Shutting down and abandoning module IOSPlatformEditor (184)
[2017.04.29-16.55.50:119][655]LogModuleManager: Shutting down and abandoning module HTML5PlatformEditor (183)
[2017.04.29-16.55.50:119][655]LogModuleManager: Shutting down and abandoning module AndroidDeviceDetection (182)
[2017.04.29-16.55.50:454][655]LogModuleManager: Shutting down and abandoning module AndroidPlatformEditor (181)
[2017.04.29-16.55.50:454][655]LogModuleManager: Shutting down and abandoning module IOSRuntimeSettings (180)
[2017.04.29-16.55.50:454][655]LogModuleManager: Shutting down and abandoning module AndroidRuntimeSettings (179)
[2017.04.29-16.55.50:454][655]LogModuleManager: Shutting down and abandoning module MergeActors (178)
[2017.04.29-16.55.50:454][655]LogModuleManager: Shutting down and abandoning module SizeMap (177)
[2017.04.29-16.55.50:454][655]LogModuleManager: Shutting down and abandoning module TreeMap (176)
[2017.04.29-16.55.50:454][655]LogModuleManager: Shutting down and abandoning module ReferenceViewer (175)
[2017.04.29-16.55.50:454][655]LogModuleManager: Shutting down and abandoning module LocalizationService (174)
[2017.04.29-16.55.50:454][655]LogModuleManager: Shutting down and abandoning module LocalizationDashboard (173)
[2017.04.29-16.55.50:454][655]LogModuleManager: Shutting down and abandoning module HardwareTargeting (172)
[2017.04.29-16.55.50:454][655]LogModuleManager: Shutting down and abandoning module DeviceProfileEditor (171)
[2017.04.29-16.55.50:454][655]LogModuleManager: Shutting down and abandoning module UndoHistory (170)
[2017.04.29-16.55.50:454][655]LogModuleManager: Shutting down and abandoning module UserFeedback (169)
[2017.04.29-16.55.50:454][655]LogModuleManager: Shutting down and abandoning module XmlParser (168)
[2017.04.29-16.55.50:454][655]LogModuleManager: Shutting down and abandoning module Blutility (167)
[2017.04.29-16.55.50:454][655]LogModuleManager: Shutting down and abandoning module ProjectTargetPlatformEditor (166)
[2017.04.29-16.55.50:454][655]LogModuleManager: Shutting down and abandoning module ProjectSettingsViewer (165)
[2017.04.29-16.55.50:454][655]LogModuleManager: Shutting down and abandoning module InputBindingEditor (164)
[2017.04.29-16.55.50:454][655]LogModuleManager: Shutting down and abandoning module EditorSettingsViewer (163)
[2017.04.29-16.55.50:454][655]LogModuleManager: Shutting down and abandoning module SettingsEditor (162)
[2017.04.29-16.55.50:454][655]LogModuleManager: Shutting down and abandoning module ProjectLauncher (161)
[2017.04.29-16.55.50:454][655]LogModuleManager: Shutting down and abandoning module SessionFrontend (160)
[2017.04.29-16.55.50:454][655]LogModuleManager: Shutting down and abandoning module ProfilerClient (159)
[2017.04.29-16.55.50:454][655]LogModuleManager: Shutting down and abandoning module TargetDeviceServices (158)
[2017.04.29-16.55.50:454][655]LogModuleManager: Shutting down and abandoning module DeviceManager (157)
[2017.04.29-16.55.50:507][655]LogModuleManager: Shutting down and abandoning module AutomationController (156)
[2017.04.29-16.55.50:507][655]LogModuleManager: Shutting down and abandoning module AutomationWindow (155)
[2017.04.29-16.55.50:507][655]LogModuleManager: Shutting down and abandoning module Layers (154)
[2017.04.29-16.55.50:507][655]LogModuleManager: Shutting down and abandoning module ComponentVisualizers (153)
[2017.04.29-16.55.50:507][655]LogModuleManager: Shutting down and abandoning module DetailCustomizations (152)
[2017.04.29-16.55.50:507][655]LogModuleManager: Shutting down and abandoning module PackagesDialog (151)
[2017.04.29-16.55.50:508][655]LogModuleManager: Shutting down and abandoning module Persona (150)
[2017.04.29-16.55.50:508][655]LogModuleManager: Shutting down and abandoning module Kismet (149)
[2017.04.29-16.55.50:508][655]LogModuleManager: Shutting down and abandoning module GraphEditor (148)
[2017.04.29-16.55.50:508][655]LogModuleManager: Shutting down and abandoning module ClassViewer (147)
[2017.04.29-16.55.50:508][655]LogModuleManager: Shutting down and abandoning module Toolbox (146)
[2017.04.29-16.55.50:508][655]LogModuleManager: Shutting down and abandoning module ModuleUI (145)
[2017.04.29-16.55.50:508][655]LogModuleManager: Shutting down and abandoning module MovieSceneTools (144)
[2017.04.29-16.55.50:508][655]LogModuleManager: Shutting down and abandoning module OutputLog (143)
[2017.04.29-16.55.50:508][655]LogModuleManager: Shutting down and abandoning module GammaUI (142)
[2017.04.29-16.55.50:508][655]LogModuleManager: Shutting down and abandoning module Documentation (141)
[2017.04.29-16.55.50:508][655]LogModuleManager: Shutting down and abandoning module StreamingPauseRendering (140)
[2017.04.29-16.55.50:508][655]LogModuleManager: Shutting down and abandoning module AnalyticsET (139)
[2017.04.29-16.55.50:508][655]LogModuleManager: Shutting down and abandoning module Analytics (138)
[2017.04.29-16.55.50:508][655]LogModuleManager: Shutting down and abandoning module PortalServices (137)
[2017.04.29-16.55.50:508][655]LogModuleManager: Shutting down and abandoning module PortalRpc (136)
[2017.04.29-16.55.50:508][655]LogModuleManager: Shutting down and abandoning module MessagingRpc (135)
[2017.04.29-16.55.50:508][655]LogModuleManager: Shutting down and abandoning module GameplayDebugger (134)
[2017.04.29-16.55.50:508][655]LogModuleManager: Shutting down and abandoning module AITestSuite (133)
[2017.04.29-16.55.50:508][655]LogModuleManager: Shutting down and abandoning module AIModule (132)
[2017.04.29-16.55.50:508][655]LogModuleManager: Shutting down and abandoning module ProfilerService (131)
[2017.04.29-16.55.50:526][655]LogModuleManager: Shutting down and abandoning module TaskGraph (130)
[2017.04.29-16.55.50:526][655]LogModuleManager: Shutting down and abandoning module SubstanceEditor (129)
[2017.04.29-16.55.50:526][655]LogModuleManager: Shutting down and abandoning module SlateRemote (128)
[2017.04.29-16.55.50:526][655]LogModuleManager: Shutting down and abandoning module SteamVRController (127)
[2017.04.29-16.55.50:526][655]LogModuleManager: Shutting down and abandoning module SteamVR (126)
[2017.04.29-16.55.50:526][655]LogModuleManager: Shutting down and abandoning module ProceduralMeshComponent (125)
[2017.04.29-16.55.50:526][655]LogModuleManager: Shutting down and abandoning module OculusLibrary (124)
[2017.04.29-16.55.50:526][655]LogModuleManager: Shutting down and abandoning module OculusInput (123)
[2017.04.29-16.55.50:526][655]LogModuleManager: Shutting down and abandoning module CustomMeshComponent (122)
[2017.04.29-16.55.50:526][655]LogModuleManager: Shutting down and abandoning module CableComponent (121)
[2017.04.29-16.55.50:526][655]LogModuleManager: Shutting down and abandoning module ArchVisCharacter (120)
[2017.04.29-16.55.50:526][655]LogModuleManager: Shutting down and abandoning module MediaPlayerEditor (119)
[2017.04.29-16.55.50:526][655]LogModuleManager: Shutting down and abandoning module HTML5Networking (118)
[2017.04.29-16.55.50:526][655]LogModuleManager: Shutting down and abandoning module SuperSearch (117)
[2017.04.29-16.55.50:526][655]LogModuleManager: Shutting down and abandoning module SuperSearchEditor (116)
[2017.04.29-16.55.50:526][655]LogModuleManager: Shutting down and abandoning module SpeedTreeImporter (115)
[2017.04.29-16.55.50:526][655]LogModuleManager: Shutting down and abandoning module PluginBrowser (114)
[2017.04.29-16.55.50:527][655]LogModuleManager: Shutting down and abandoning module EpicSurvey (113)
[2017.04.29-16.55.50:527][655]LogModuleManager: Shutting down and abandoning module DesktopPlatform (112)
[2017.04.29-16.55.50:527][655]LogModuleManager: Shutting down and abandoning module VisualStudioSourceCodeAccess (111)
[2017.04.29-16.55.50:527][655]LogModuleManager: Shutting down and abandoning module UObjectPlugin (110)
[2017.04.29-16.55.50:527][655]LogModuleManager: Shutting down and abandoning module SubversionSourceControl (109)
[2017.04.29-16.55.50:527][655]LogModuleManager: Shutting down and abandoning module PerforceSourceControl (108)
[2017.04.29-16.55.50:527][655]LogModuleManager: Shutting down and abandoning module SourceControl (107)
[2017.04.29-16.55.50:527][655]LogModuleManager: Shutting down and abandoning module GitSourceControl (106)
[2017.04.29-16.55.50:527][655]LogModuleManager: Shutting down and abandoning module LightPropagationVolumeEditor (105)
[2017.04.29-16.55.50:527][655]LogModuleManager: Shutting down and abandoning module PaperTiledImporter (104)
[2017.04.29-16.55.50:527][655]LogModuleManager: Shutting down and abandoning module PaperSpriteSheetImporter (103)
[2017.04.29-16.55.50:527][655]LogModuleManager: Shutting down and abandoning module MeshPaint (102)
[2017.04.29-16.55.50:527][655]LogModuleManager: Shutting down and abandoning module PixelInspectorModule (101)
[2017.04.29-16.55.50:527][655]LogModuleManager: Shutting down and abandoning module HotReload (100)
[2017.04.29-16.55.50:527][655]LogModuleManager: Shutting down and abandoning module MainFrame (99)
[2017.04.29-16.55.50:527][655]LogModuleManager: Shutting down and abandoning module LevelEditor (98)
[2017.04.29-16.55.50:528][655]LogModuleManager: Shutting down and abandoning module ContentBrowser (97)
[2017.04.29-16.55.50:529][655]LogModuleManager: Shutting down and abandoning module Paper2DEditor (96)
[2017.04.29-16.55.50:529][655]LogModuleManager: Shutting down and abandoning module UdpMessaging (95)
[2017.04.29-16.55.50:629][655]LogModuleManager: Shutting down and abandoning module SubstanceCore (94)
[2017.04.29-16.55.50:629][655]LogModuleManager: Shutting down and abandoning module LightPropagationVolumeRuntime (93)
[2017.04.29-16.55.50:629][655]LogModuleManager: Shutting down and abandoning module Paper2D (92)
[2017.04.29-16.55.50:629][655]LogModuleManager: Shutting down and abandoning module WindowsMoviePlayer (91)
[2017.04.29-16.55.50:629][655]LogModuleManager: Shutting down and abandoning module Media (90)
[2017.04.29-16.55.50:629][655]LogModuleManager: Shutting down and abandoning module WmfMedia (89)
[2017.04.29-16.55.50:629][655]LogModuleManager: Shutting down and abandoning module MediaAssets (88)
[2017.04.29-16.55.50:629][655]LogModuleManager: Shutting down and abandoning module GameLiveStreaming (87)
[2017.04.29-16.55.50:629][655]LogModuleManager: Shutting down and abandoning module GameplayTagsEditor (86)
[2017.04.29-16.55.50:629][655]LogModuleManager: Shutting down and abandoning module OnlineBlueprintSupport (85)
[2017.04.29-16.55.50:629][655]LogModuleManager: Shutting down and abandoning module VREditor (84)
[2017.04.29-16.55.50:629][655]LogModuleManager: Shutting down and abandoning module GameplayTasksEditor (83)
[2017.04.29-16.55.50:629][655]LogModuleManager: Shutting down and abandoning module PropertyEditor (82)
[2017.04.29-16.55.50:629][655]LogModuleManager: Shutting down and abandoning module BehaviorTreeEditor (81)
[2017.04.29-16.55.50:630][655]LogModuleManager: Shutting down and abandoning module FunctionalTesting (80)
[2017.04.29-16.55.50:630][655]LogModuleManager: Shutting down and abandoning module CollisionAnalyzer (79)
[2017.04.29-16.55.50:630][655]LogModuleManager: Shutting down and abandoning module Sequencer (78)
[2017.04.29-16.55.50:630][655]LogModuleManager: Shutting down and abandoning module WorkspaceMenuStructure (77)
[2017.04.29-16.55.50:630][655]LogModuleManager: Shutting down and abandoning module MessageLog (76)
[2017.04.29-16.55.50:630][655]LogModuleManager: Shutting down and abandoning module AssetTools (75)
[2017.04.29-16.55.50:630][655]LogModuleManager: Shutting down and abandoning module UMGEditor (74)
[2017.04.29-16.55.50:630][655]LogModuleManager: Shutting down and abandoning module UMG (73)
[2017.04.29-16.55.50:630][655]LogModuleManager: Shutting down and abandoning module SlateReflector (72)
[2017.04.29-16.55.50:630][655]LogModuleManager: Shutting down and abandoning module Slate (71)
[2017.04.29-16.55.50:630][655]LogModuleManager: Shutting down and abandoning module EditorStyle (70)
[2017.04.29-16.55.50:632][655]LogModuleManager: Shutting down and abandoning module SourceCodeAccess (69)
[2017.04.29-16.55.50:632][655]LogModuleManager: Shutting down and abandoning module HeadMountedDisplay (68)
[2017.04.29-16.55.50:632][655]LogModuleManager: Shutting down and abandoning module XAudio2 (67)
[2017.04.29-16.55.50:632][655]LogModuleManager: Shutting down and abandoning module Networking (65)
[2017.04.29-16.55.50:632][655]LogModuleManager: Shutting down and abandoning module Core (64)
[2017.04.29-16.55.50:632][655]LogModuleManager: Shutting down and abandoning module DirectoryWatcher (63)
[2017.04.29-16.55.50:633][655]LogModuleManager: Shutting down and abandoning module AssetRegistry (62)
[2017.04.29-16.55.50:858][655]LogModuleManager: Shutting down and abandoning module KismetCompiler (61)
[2017.04.29-16.55.50:858][655]LogModuleManager: Shutting down and abandoning module PhysXFormats (60)
[2017.04.29-16.55.50:858][655]LogModuleManager: Shutting down and abandoning module MeshUtilities (59)
[2017.04.29-16.55.50:858][655]LogModuleManager: Shutting down and abandoning module DerivedDataCache (58)
[2017.04.29-16.55.51:171][655]LogDerivedDataCache: Shutdown
[2017.04.29-16.55.51:171][655]LogModuleManager: Shutting down and abandoning module VulkanShaderFormat (57)
[2017.04.29-16.55.51:171][655]LogModuleManager: Shutting down and abandoning module ShaderFormatOpenGL (56)
[2017.04.29-16.55.51:171][655]LogModuleManager: Shutting down and abandoning module ShaderFormatD3D (55)
[2017.04.29-16.55.51:171][655]LogModuleManager: Shutting down and abandoning module MetalShaderFormat (54)
[2017.04.29-16.55.51:171][655]LogModuleManager: Shutting down and abandoning module TextureFormatUncompressed (53)
[2017.04.29-16.55.51:171][655]LogModuleManager: Shutting down and abandoning module TextureFormatPVR (52)
[2017.04.29-16.55.51:171][655]LogModuleManager: Shutting down and abandoning module TextureFormatIntelISPCTexComp (51)
[2017.04.29-16.55.51:171][655]LogModuleManager: Shutting down and abandoning module TextureFormatDXT (50)
[2017.04.29-16.55.51:171][655]LogModuleManager: Shutting down and abandoning module ImageWrapper (49)
[2017.04.29-16.55.51:171][655]LogModuleManager: Shutting down and abandoning module TextureFormatASTC (48)
[2017.04.29-16.55.51:171][655]LogModuleManager: Shutting down and abandoning module TextureFormatAndroid (47)
[2017.04.29-16.55.51:171][655]LogModuleManager: Shutting down and abandoning module AudioFormatOpus (46)
[2017.04.29-16.55.51:171][655]LogModuleManager: Shutting down and abandoning module AudioFormatOgg (45)
[2017.04.29-16.55.51:171][655]LogModuleManager: Shutting down and abandoning module AudioFormatADPCM (44)
[2017.04.29-16.55.51:171][655]LogModuleManager: Shutting down and abandoning module LinuxTargetPlatform (43)
[2017.04.29-16.55.51:172][655]LogModuleManager: Shutting down and abandoning module LinuxServerTargetPlatform (42)
[2017.04.29-16.55.51:172][655]LogModuleManager: Shutting down and abandoning module LinuxNoEditorTargetPlatform (41)
[2017.04.29-16.55.51:172][655]LogModuleManager: Shutting down and abandoning module TVOSTargetPlatform (40)
[2017.04.29-16.55.51:172][655]LogModuleManager: Shutting down and abandoning module Messaging (39)
[2017.04.29-16.55.51:172][655]LogModuleManager: Shutting down and abandoning module IOSTargetPlatform (38)
[2017.04.29-16.55.51:172][655]LogModuleManager: Shutting down and abandoning module HTML5TargetPlatform (37)
[2017.04.29-16.55.51:172][655]LogModuleManager: Shutting down and abandoning module Android_PVRTCTargetPlatform (36)
[2017.04.29-16.55.51:172][655]LogModuleManager: Shutting down and abandoning module Android_MultiTargetPlatform (35)
[2017.04.29-16.55.51:172][655]LogModuleManager: Shutting down and abandoning module Android_ETC2TargetPlatform (34)
[2017.04.29-16.55.51:172][655]LogModuleManager: Shutting down and abandoning module Android_ETC1TargetPlatform (33)
[2017.04.29-16.55.51:172][655]LogModuleManager: Shutting down and abandoning module Android_DXTTargetPlatform (32)
[2017.04.29-16.55.51:172][655]LogModuleManager: Shutting down and abandoning module Android_ATCTargetPlatform (31)
[2017.04.29-16.55.51:172][655]LogModuleManager: Shutting down and abandoning module Android_ASTCTargetPlatform (30)
[2017.04.29-16.55.51:172][655]LogModuleManager: Shutting down and abandoning module AndroidTargetPlatform (29)
[2017.04.29-16.55.51:172][655]LogModuleManager: Shutting down and abandoning module WindowsTargetPlatform (28)
[2017.04.29-16.55.51:172][655]LogModuleManager: Shutting down and abandoning module WindowsServerTargetPlatform (27)
[2017.04.29-16.55.51:172][655]LogModuleManager: Shutting down and abandoning module WindowsNoEditorTargetPlatform (26)
[2017.04.29-16.55.51:172][655]LogModuleManager: Shutting down and abandoning module WindowsClientTargetPlatform (25)
[2017.04.29-16.55.51:172][655]LogModuleManager: Shutting down and abandoning module AllDesktopTargetPlatform (24)
[2017.04.29-16.55.51:172][655]LogModuleManager: Shutting down and abandoning module TargetPlatform (23)
[2017.04.29-16.55.51:172][655]LogModuleManager: Shutting down and abandoning module InputCore (22)
[2017.04.29-16.55.51:172][655]LogModuleManager: Shutting down and abandoning module Settings (21)
[2017.04.29-16.55.51:172][655]LogModuleManager: Shutting down and abandoning module OnlineSubsystem (19)
[2017.04.29-16.55.51:172][655]LogModuleManager: Shutting down and abandoning module HTTP (18)
[2017.04.29-16.55.52:674][655]LogModuleManager: Shutting down and abandoning module XMPP (17)
[2017.04.29-16.55.52:674][655]LogModuleManager: Shutting down and abandoning module OculusRift (16)
[2017.04.29-16.55.52:674][655]LogModuleManager: Shutting down and abandoning module ExampleDeviceProfileSelector (15)
[2017.04.29-16.55.52:674][655]LogModuleManager: Shutting down and abandoning module TextureCompressor (14)
[2017.04.29-16.55.52:674][655]LogModuleManager: Shutting down and abandoning module ShaderCore (13)
[2017.04.29-16.55.52:674][655]LogModuleManager: Shutting down and abandoning module Landscape (12)
[2017.04.29-16.55.52:674][655]LogModuleManager: Shutting down and abandoning module SlateRHIRenderer (11)
[2017.04.29-16.55.52:675][655]LogModuleManager: Shutting down and abandoning module OpenGLDrv (10)
[2017.04.29-16.55.52:675][655]LogModuleManager: Shutting down and abandoning module D3D11RHI (9)
[2017.04.29-16.55.52:675][655]LogModuleManager: Shutting down and abandoning module AnimGraphRuntime (8)
[2017.04.29-16.55.52:675][655]LogModuleManager: Shutting down and abandoning module Renderer (7)
[2017.04.29-16.55.52:675][655]LogModuleManager: Shutting down and abandoning module Engine (6)
[2017.04.29-16.55.52:675][655]LogModuleManager: Shutting down and abandoning module CoreUObject (5)
[2017.04.29-16.55.52:675][655]LogModuleManager: Shutting down and abandoning module NetworkFile (4)
[2017.04.29-16.55.52:675][655]LogModuleManager: Shutting down and abandoning module StreamingFile (3)
[2017.04.29-16.55.52:675][655]LogModuleManager: Shutting down and abandoning module SandboxFile (2)
[2017.04.29-16.55.52:676][655]LogModuleManager: Shutting down and abandoning module PakFile (1)
[2017.04.29-16.55.52:677][655]LogExit: Exiting.
[2017.04.29-16.55.52:718][655]Log file closed, 04/29/17 12:55:52
