Log file open, 04/30/17 21:50:51
LogInit:Display: Running engine for game: SoulStriker
LogPlatformFile: Not using cached read wrapper
LogInit:Display: RandInit(-1322408513) SRandInit(-1322408512).
LogTaskGraph: Started task graph with 4 named threads and 7 total threads with 1 sets of task threads.
LogStats: Stats thread started at 0.071978
LogInit: Version: 4.12.5-3039270+++UE4+Release-4.12
LogInit: API Version: 2992821
LogInit: Net Version: 3039270
LogDevObjectVersion: Number of dev versions registered: 13
LogDevObjectVersion:   Dev-Blueprints (B0D832E4-1F89-4F0D-ACCF-7EB736FD4AA2): 3
LogDevObjectVersion:   Dev-Build (E1C64328-A22C-4D53-A36C-8E866417BD8C): 0
LogDevObjectVersion:   Dev-Core (375EC13C-06E4-48FB-B500-84F0262A717E): 1
LogDevObjectVersion:   Dev-Editor (E4B068ED-F494-42E9-A231-DA0B2E46BB41): 2
LogDevObjectVersion:   Dev-Framework (CFFC743F-43B0-4480-9391-14DF171D2073): 6
LogDevObjectVersion:   Dev-Mobile (B02B49B5-BB20-44E9-A304-32B752E40360): 0
LogDevObjectVersion:   Dev-Networking (A4E4105C-59A1-49B5-A7C5-40C4547EDFEE): 0
LogDevObjectVersion:   Dev-Online (39C831C9-5AE6-47DC-9A44-9C173E1C8E7C): 0
LogDevObjectVersion:   Dev-Physics (78F01B33-EBEA-4F98-B9B4-84EACCB95AA2): 0
LogDevObjectVersion:   Dev-Platform (6631380F-2D4D-43E0-8009-CF276956A95A): 0
LogDevObjectVersion:   Dev-Rendering (12F88B9F-8875-4AFC-A67C-D90C383ABD29): 2
LogDevObjectVersion:   Dev-Sequencer (7B5AE74C-D270-4C10-A958-57980B212A5A): 0
LogDevObjectVersion:   Dev-VR (D7296918-1DD6-4BDD-9DE2-64A83CC13884): 0
LogInit: Compiled (64-bit): Jul  6 2016 09:09:46
LogInit: Compiled with Visual C++: 19.00.23026.00
LogInit: Build Configuration: Development
LogInit: Branch Name: ++UE4+Release-4.12
LogInit: Command line:  /Temp/Autosaves/Game/Maps/UEDPCMainMenu -game -PIEVIACONSOLE -ResX=1920 -ResY=1080  -Multiprocess -windowed -messaging -SessionName="Play in Standalone Game" 
LogInit: Base directory: G:/Program Files (x86)/Epic Games/4.12/Engine/Binaries/Win64/
LogInit: Installed Engine Build: 1
LogFileManager:Warning: Error deleting file: C:/Users/Derek/Documents/Unreal Projects/Soul-Striker-Main/Soul Striker/Saved/Logs/SoulStriker.log (Error Code 32)
LogInit: Using libcurl 7.41.0
LogInit:  - built for x86_64-pc-win32
LogInit:  - supports SSL with WinSSL
LogInit:  - other features:
LogInit:      CURL_VERSION_SSL
LogInit:      CURL_VERSION_IPV6
LogInit:      CURL_VERSION_ASYNCHDNS
LogInit:      CURL_VERSION_LARGEFILE
LogInit:      CURL_VERSION_IDN
LogInit:  CurlRequestOptions (configurable via config and command line):
LogInit:  - bVerifyPeer = true  - Libcurl will verify peer certificate
LogInit:  - bUseHttpProxy = false  - Libcurl will NOT use HTTP proxy
LogInit:  - bDontReuseConnections = false  - Libcurl will reuse connections
LogInit:  - CertBundlePath = nullptr  - Libcurl will use whatever was configured at build time.
LogInit: Presizing for max 8388607 objects, including 0 objects not considered by GC, pre-allocating 0 bytes for permanent pool.
LogInit: Object subsystem initialized
[2017.05.01-01.50.51:097][  0]LogInit: Selected Device Profile: [Windows]
[2017.05.01-01.50.51:097][  0]LogInit: Applying CVar settings loaded from the selected device profile: [Windows]
[2017.05.01-01.50.51:100][  0]LogInit: Computer: DEREK-DESKTOP
[2017.05.01-01.50.51:100][  0]LogInit: User: Derek
[2017.05.01-01.50.51:100][  0]LogInit: CPU Page size=65536, Cores=4
[2017.05.01-01.50.51:100][  0]LogInit: High frequency timer resolution =3.415987 MHz
[2017.05.01-01.50.51:100][  0]LogMemory: Memory total: Physical=15.9GB (16GB approx)
[2017.05.01-01.50.51:100][  0]LogMemory: Platform Memory Stats for Windows
[2017.05.01-01.50.51:100][  0]LogMemory: Process Physical Memory: 191.52 MB used, 191.52 MB peak
[2017.05.01-01.50.51:100][  0]LogMemory: Process Virtual Memory: 194.92 MB used, 194.92 MB peak
[2017.05.01-01.50.51:100][  0]LogMemory: Physical Memory: 6512.28 MB used, 16321.41 MB total
[2017.05.01-01.50.51:100][  0]LogMemory: Virtual Memory: 552.91 MB used, 134217728.00 MB total
[2017.05.01-01.50.51:138][  0]LogTextLocalizationManager: No specific translations for ('en-US') exist, so ('en') translations will be used.
[2017.05.01-01.50.51:470][  0]LogD3D11RHI: D3D11 adapters:
[2017.05.01-01.50.51:495][  0]LogD3D11RHI:    0. 'NVIDIA GeForce GTX 750 Ti' (Feature Level 11_0)
[2017.05.01-01.50.51:495][  0]LogD3D11RHI:       2016/0/8160 MB DedicatedVideo/DedicatedSystem/SharedSystem, Outputs:1, VendorId:0x10de
[2017.05.01-01.50.51:496][  0]LogD3D11RHI:    1. 'Microsoft Basic Render Driver' (Feature Level 11_0)
[2017.05.01-01.50.51:497][  0]LogD3D11RHI:       0/0/8160 MB DedicatedVideo/DedicatedSystem/SharedSystem, Outputs:0, VendorId:0x1414
[2017.05.01-01.50.51:497][  0]LogD3D11RHI: Chosen D3D11 Adapter: 0
[2017.05.01-01.50.51:501][  0]LogD3D11RHI: Creating new Direct3DDevice
[2017.05.01-01.50.51:501][  0]LogD3D11RHI:     GPU DeviceId: 0x1380 (for the marketing name, search the web for "GPU Device Id")
[2017.05.01-01.50.51:501][  0]LogWindows: EnumDisplayDevices:
[2017.05.01-01.50.51:502][  0]LogWindows:    0. 'NVIDIA GeForce GTX 750 Ti' (P:1 D:1)
[2017.05.01-01.50.51:502][  0]LogWindows:    1. 'NVIDIA GeForce GTX 750 Ti' (P:0 D:0)
[2017.05.01-01.50.51:502][  0]LogWindows:    2. 'NVIDIA GeForce GTX 750 Ti' (P:0 D:0)
[2017.05.01-01.50.51:502][  0]LogWindows:    3. 'Radmin Mirror Driver V3' (P:0 D:0)
[2017.05.01-01.50.51:502][  0]LogWindows: DebugString: GetVideoDriverDetailsInvalid PrimaryIsNotTheChoosenAdapter FoundDriverCount:3 
[2017.05.01-01.50.51:502][  0]LogD3D11RHI:     Adapter Name: NVIDIA GeForce GTX 750 Ti
[2017.05.01-01.50.51:502][  0]LogD3D11RHI:   Driver Version: 376.53 (internal:21.21.13.7653, unified:376.53)
[2017.05.01-01.50.51:502][  0]LogD3D11RHI:      Driver Date: 12-29-2016
[2017.05.01-01.50.51:502][  0]LogRHI: Texture pool is 1361 MB (70% of 1945 MB)
[2017.05.01-01.50.51:517][  0]LogD3D11RHI: Async texture creation enabled
[2017.05.01-01.50.51:526][  0]LogD3D11RHI: GPU Timing Frequency: 1000.000000 (Debug: 2 1)
[2017.05.01-01.50.51:526][  0]LogShaderCompilers: Guid format shader working directory is -26 characters bigger than the processId version (C:/Users/Derek/Documents/Unreal Projects/Soul-Striker-Main/Soul Striker/Intermediate/Shaders/WorkingDirectory/11780/).
[2017.05.01-01.50.51:526][  0]LogShaderCompilers: Cleaned the shader compiler working directory 'C:/Users/Derek/AppData/Local/Temp/UnrealShaderWorkingDir/CB53C2A84894B203E820BFACD78AF0FC/'.
[2017.05.01-01.50.51:526][  0]LogShaderCompilers:Display: Using Local Shader Compiler.
[2017.05.01-01.50.52:526][  0]LogTemp:Display: Loaded TP WindowsClientTargetPlatform
[2017.05.01-01.50.52:534][  0]LogTemp:Display: Loaded TP WindowsNoEditorTargetPlatform
[2017.05.01-01.50.52:542][  0]LogTemp:Display: Loaded TP WindowsServerTargetPlatform
[2017.05.01-01.50.52:550][  0]LogTemp:Display: Loaded TP WindowsTargetPlatform
[2017.05.01-01.50.52:550][  0]LogTargetPlatformManager:Display: Building Assets For Windows
[2017.05.01-01.50.52:618][  0]LogDerivedDataCache:Display: Max Cache Size: 512 MB
[2017.05.01-01.50.52:663][  0]LogDerivedDataCache: Loaded boot cache 0.04s 48MB C:/Users/Derek/AppData/Local/UnrealEngine/4.12/DerivedDataCache/Boot.ddc.
[2017.05.01-01.50.52:663][  0]LogDerivedDataCache:Display: Loaded Boot cache: C:/Users/Derek/AppData/Local/UnrealEngine/4.12/DerivedDataCache/Boot.ddc
[2017.05.01-01.50.52:663][  0]LogDerivedDataCache: FDerivedDataBackendGraph:  Pak pak cache file C:/Users/Derek/Documents/Unreal Projects/Soul-Striker-Main/Soul Striker/DerivedDataCache/DDC.ddp not found, will not use a pak cache.
[2017.05.01-01.50.52:663][  0]LogDerivedDataCache: Unable to find inner node Pak for hierarchical cache Hierarchy.
[2017.05.01-01.50.52:663][  0]LogDerivedDataCache: FDerivedDataBackendGraph:  CompressedPak pak cache file C:/Users/Derek/Documents/Unreal Projects/Soul-Striker-Main/Soul Striker/DerivedDataCache/Compressed.ddp not found, will not use a pak cache.
[2017.05.01-01.50.52:663][  0]LogDerivedDataCache: Unable to find inner node CompressedPak for hierarchical cache Hierarchy.
[2017.05.01-01.50.52:678][  0]LogDerivedDataCache:Display: Pak cache opened for reading ../../../Engine/DerivedDataCache/Compressed.ddp.
[2017.05.01-01.50.52:690][  0]LogDerivedDataCache: Using Local data cache path C:/Users/Derek/AppData/Local/UnrealEngine/Common/DerivedDataCache: Writable
[2017.05.01-01.50.52:835][  0]LogAssetRegistry: FAssetRegistry took 0.0001 seconds to start up
[2017.05.01-01.50.52:839][  0]LogPackageLocalizationCache: Processed 3 localized package path(s) for 2 prioritized culture(s) in 0.003914 seconds
[2017.05.01-01.50.52:842][  0]LogInit: Selected Device Profile: [Windows]
[2017.05.01-01.50.52:842][  0]LogContentStreaming: Texture pool size is 1000.00 MB
[2017.05.01-01.50.52:961][  0]LogMeshUtilities: No automatic mesh reduction module available
[2017.05.01-01.50.52:961][  0]LogMeshUtilities: No automatic mesh merging module available
[2017.05.01-01.50.52:961][  0]LogMeshUtilities: No distributed automatic mesh merging module available
[2017.05.01-01.50.53:131][  0]LogInit: WinSock: version 1.1 (2.2), MaxSocks=32767, MaxUdp=65467
[2017.05.01-01.50.53:267][  0]LogSlate: SlateFontCache - WITH_FREETYPE: 1, WITH_HARFBUZZ: 1
[2017.05.01-01.50.53:267][  0]LogSlate: SlateFontCache - WITH_FREETYPE: 1, WITH_HARFBUZZ: 1
[2017.05.01-01.50.53:320][  0]LogMoviePlayer: Initializing movie player
[2017.05.01-01.50.53:396][  0]LogWindowsMoviePlayer: Unable to load movie: C:/Users/Derek/Documents/Unreal Projects/Soul-Striker-Main/Soul Striker/Content/Movies/Default_Startup.mp4
[2017.05.01-01.50.53:461][  0]LogSubstanceCoreModule: Substance CPU Engine Loaded, Max Texture Size 2048
[2017.05.01-01.50.53:468][  0]LogUdpMessaging: Initializing bridge on interface 0.0.0.0:0 to multicast group 230.0.0.1:6666.
[2017.05.01-01.50.53:535][  0]SourceControl: Info Source control is disabled
[2017.05.01-01.50.53:535][  0]SourceControl: Info Source control is disabled
[2017.05.01-01.50.53:541][  0]SourceControl: Info Source control is disabled
[2017.05.01-01.50.53:631][  0]LogUObjectArray: 31128 objects as part of root set at end of initial load.
[2017.05.01-01.50.53:631][  0]LogUObjectAllocator: 6742600 out of 0 bytes used by permanent object pool.
[2017.05.01-01.50.53:631][  0]LogUObjectArray: CloseDisregardForGC: 0/0 objects in disregard for GC pool
[2017.05.01-01.50.53:678][  0]LogEngine: Initializing Engine...
[2017.05.01-01.50.53:685][  0]LogHMD: SteamVR failed to initialize.  Err: 108
[2017.05.01-01.50.53:692][  0]LogHMD: SteamVR failed to initialize.  Err: 108
[2017.05.01-01.50.53:810][  0]LogInit: XAudio2 using 'SCEI MONITOR-0 (NVIDIA High Definition Audio)' : 2 channels at 48 kHz using 16 bits per sample (channel mask 0x3)
[2017.05.01-01.50.53:819][  0]LogInit: FAudioDevice initialized.
[2017.05.01-01.50.53:824][  0]LogInit: Texture streaming: Enabled
[2017.05.01-01.50.53:888][  0]LogNet: Browse: /Temp/Autosaves/Game/Maps/UEDPCMainMenu?Name=Player
[2017.05.01-01.50.53:888][  0]LogLoad: LoadMap: /Temp/Autosaves/Game/Maps/UEDPCMainMenu?Name=Player
[2017.05.01-01.50.53:901][  0]LogMemory: Platform Memory Stats for Windows
[2017.05.01-01.50.53:901][  0]LogMemory: Process Physical Memory: 556.84 MB used, 573.97 MB peak
[2017.05.01-01.50.53:901][  0]LogMemory: Process Virtual Memory: 604.32 MB used, 604.32 MB peak
[2017.05.01-01.50.53:901][  0]LogMemory: Physical Memory: 6809.18 MB used, 16321.41 MB total
[2017.05.01-01.50.53:901][  0]LogMemory: Virtual Memory: 1233.26 MB used, 134217728.00 MB total
[2017.05.01-01.50.53:901][  0]LogMemory: 
[2017.05.01-01.50.53:901][  0]Allocator Stats for TBB: (not implemented)
[2017.05.01-01.50.53:936][  0]LogAIModule: Creating AISystem for world MainMenu
[2017.05.01-01.50.54:900][  0]LogWorld: Game class is 'SoulStrikerCampaign_C'
[2017.05.01-01.50.54:901][  0]LogWorld: Bringing World /Temp/Autosaves/Game/Maps/UEDPCMainMenu.MainMenu up for play (max tick rate 0) at 2017.04.30-21.50.54
[2017.05.01-01.50.54:901][  0]LogWorld: Bringing up level for play took: 0.000669
[2017.05.01-01.50.54:910][  0]LogLoad: Took 1.021863 seconds to LoadMap(/Temp/Autosaves/Game/Maps/UEDPCMainMenu)
[2017.05.01-01.50.54:910][  0]LogInit:Display: Game Engine Initialized.
[2017.05.01-01.50.55:133][  0]LogLoad: Full Startup: 4.54 seconds (BP compile: 0.34 seconds)
[2017.05.01-01.50.55:133][  0]LogExternalProfiler: No external profilers were discovered.  External profiling features will not be available.
[2017.05.01-01.50.55:150][  0]LogWindowsTextInputMethodSystem:Display: IME system now deactivated.
[2017.05.01-01.50.55:150][  0]LogOcInput: OculusInput pre-init called
[2017.05.01-01.50.55:241][  2]LogRenderer: Reallocating scene render targets to support 1600x900 (Frame:2).
[2017.05.01-01.50.57:117][ 97]LogPackageName: SearchForPackageOnDisk took   0.056s to resolve Level_1.umap.
[2017.05.01-01.50.57:174][ 97]LogPackageName: SearchForPackageOnDisk took   0.055s to resolve Level_1.umap.
[2017.05.01-01.50.57:174][ 97]LogNet: Browse: /Game/Maps/Level_1
[2017.05.01-01.50.57:174][ 97]LogLoad: LoadMap: /Game/Maps/Level_1
[2017.05.01-01.50.57:247][ 97]LogMemory: Platform Memory Stats for Windows
[2017.05.01-01.50.57:247][ 97]LogMemory: Process Physical Memory: 678.52 MB used, 694.96 MB peak
[2017.05.01-01.50.57:247][ 97]LogMemory: Process Virtual Memory: 961.36 MB used, 981.71 MB peak
[2017.05.01-01.50.57:247][ 97]LogMemory: Physical Memory: 6916.38 MB used, 16321.41 MB total
[2017.05.01-01.50.57:247][ 97]LogMemory: Virtual Memory: 1631.08 MB used, 134217728.00 MB total
[2017.05.01-01.50.57:247][ 97]LogMemory: 
[2017.05.01-01.50.57:247][ 97]Allocator Stats for TBB: (not implemented)
[2017.05.01-01.50.57:846][ 97]LogLinker:Warning: CreateImport: Failed to load Outer for resource 'ArrowComponent0': tutorialOrbEnabler_C /Game/bluePrints/tutorialOrbEnabler.Default__tutorialOrbEnabler_C
[2017.05.01-01.50.58:299][ 97]LogMaterial: Missing cached shader map for material brick_texture_1_diffuse_Mat, compiling. 
[2017.05.01-01.50.58:299][ 97]LogMaterial:Warning: Failed to compile Material /Game/customMaterials/brick_texture_1_diffuse_Mat.brick_texture_1_diffuse_Mat for platform PCD3D_SM5, Default Material will be used in game.
[2017.05.01-01.50.58:299][ 97]LogMaterial:Warning: 	(Node TextureSample) TextureSample> Missing input texture
[2017.05.01-01.50.58:459][ 97]LogAIModule: Creating AISystem for world Level_1
[2017.05.01-01.50.58:459][ 97]LogWorld: Game class is 'SoulStrikerCampaign_C'
[2017.05.01-01.50.58:489][ 97]LogWorld: Bringing World /Game/Maps/Level_1.Level_1 up for play (max tick rate 0) at 2017.04.30-21.50.58
[2017.05.01-01.50.58:492][ 97]LogWorld: Bringing up level for play took: 0.032255
[2017.05.01-01.50.58:496][ 97]LogLoad: Took 1.322144 seconds to LoadMap(/Game/Maps/Level_1)
[2017.05.01-01.51.02:217][326]LogScriptCore:Warning: Attempted to get an item from array CallFunc_GetOverlappingActors_OverlappingActors out of bounds [0/0]!

[2017.05.01-01.51.02:217][326]LogScriptCore:Warning: Attempted to get an item from array CallFunc_GetOverlappingActors_OverlappingActors2 out of bounds [0/0]!

[2017.05.01-01.51.03:152][384]LogScriptCore:Warning: Attempted to get an item from array CallFunc_GetOverlappingActors_OverlappingActors out of bounds [0/0]!

[2017.05.01-01.51.03:152][384]LogScriptCore:Warning: Attempted to get an item from array CallFunc_GetOverlappingActors_OverlappingActors2 out of bounds [0/0]!

[2017.05.01-01.51.04:152][446]LogScriptCore:Warning: Attempted to get an item from array CallFunc_GetOverlappingActors_OverlappingActors out of bounds [0/0]!

[2017.05.01-01.51.04:152][446]LogScriptCore:Warning: Attempted to get an item from array CallFunc_GetOverlappingActors_OverlappingActors2 out of bounds [0/0]!

[2017.05.01-01.51.05:153][508]LogScriptCore:Warning: Attempted to get an item from array CallFunc_GetOverlappingActors_OverlappingActors out of bounds [0/0]!

[2017.05.01-01.51.05:153][508]LogScriptCore:Warning: Attempted to get an item from array CallFunc_GetOverlappingActors_OverlappingActors2 out of bounds [0/0]!

[2017.05.01-01.51.07:428][649]LogBlueprintUserMessages: [AI_TurretBullet_C_0] 9.0
[2017.05.01-01.51.08:024][686]LogBlueprintUserMessages: [AI_TurretBullet_C_1] 8.0
[2017.05.01-01.51.08:927][742]LogBlueprintUserMessages: [AI_TurretBullet_C_2] 7.0
[2017.05.01-01.51.09:927][804]LogBlueprintUserMessages: [AI_TurretBullet_C_3] 6.0
[2017.05.01-01.51.11:073][875]LogBlueprintUserMessages: [AI_TurretBullet_C_4] 5.0
[2017.05.01-01.51.12:475][962]LogBlueprintUserMessages: [AI_TurretBullet_C_5] 4.0
[2017.05.01-01.51.13:928][ 52]LogBlueprintUserMessages: [AI_TurretBullet_C_6] 3.0
[2017.05.01-01.51.15:379][142]LogBlueprintUserMessages: [AI_TurretBullet_C_7] 2.0
[2017.05.01-01.51.16:831][232]LogBlueprintUserMessages: [AI_TurretBullet_C_8] 1.0
[2017.05.01-01.51.18:283][322]LogBlueprintUserMessages: [AI_TurretBullet_C_9] 0.0
[2017.05.01-01.51.18:340][322]LogPackageName: SearchForPackageOnDisk took   0.057s to resolve DeathLevel.umap.
[2017.05.01-01.51.18:398][323]LogPackageName: SearchForPackageOnDisk took   0.056s to resolve DeathLevel.umap.
[2017.05.01-01.51.18:399][323]LogNet: Browse: /Game/Maps/DeathLevel
[2017.05.01-01.51.18:399][323]LogLoad: LoadMap: /Game/Maps/DeathLevel
[2017.05.01-01.51.18:487][323]LogMemory: Platform Memory Stats for Windows
[2017.05.01-01.51.18:487][323]LogMemory: Process Physical Memory: 717.74 MB used, 788.11 MB peak
[2017.05.01-01.51.18:487][323]LogMemory: Process Virtual Memory: 1051.63 MB used, 1138.71 MB peak
[2017.05.01-01.51.18:487][323]LogMemory: Physical Memory: 6961.78 MB used, 16321.41 MB total
[2017.05.01-01.51.18:487][323]LogMemory: Virtual Memory: 1733.02 MB used, 134217728.00 MB total
[2017.05.01-01.51.18:487][323]LogMemory: 
[2017.05.01-01.51.18:487][323]Allocator Stats for TBB: (not implemented)
[2017.05.01-01.51.18:488][323]LogAIModule: Creating AISystem for world DeathLevel
[2017.05.01-01.51.19:411][323]LogWorld: Game class is 'SoulStrikerCampaign_C'
[2017.05.01-01.51.19:413][323]LogWorld: Bringing World /Game/Maps/DeathLevel.DeathLevel up for play (max tick rate 0) at 2017.04.30-21.51.19
[2017.05.01-01.51.19:413][323]LogWorld: Bringing up level for play took: 0.000433
[2017.05.01-01.51.19:413][323]LogGameMode: Warning - PATHS NOT DEFINED or NO PLAYERSTART with positive rating
[2017.05.01-01.51.19:416][323]LogLoad: Took 1.017006 seconds to LoadMap(/Game/Maps/DeathLevel)
[2017.05.01-01.51.37:868][466]LogWindowsTextInputMethodSystem:Display: IME system now deactivated.
[2017.05.01-01.51.37:869][466]LogEngine: All Windows Closed
[2017.05.01-01.51.37:869][466]LogWindows: FPlatformMisc::RequestExit(0)
[2017.05.01-01.51.37:869][467]LogMoviePlayer: Shutting down movie player
[2017.05.01-01.51.38:712][467]LogExit: Preparing to exit.
[2017.05.01-01.51.39:635][467]LogExit: Game engine shut down
[2017.05.01-01.51.39:738][467]LogObj: Freed 0b from 0 cluster array pools.
[2017.05.01-01.51.39:738][467]LogExit: Object subsystem successfully closed.
[2017.05.01-01.51.39:748][467]LogD3D11RHI: Shutdown
[2017.05.01-01.51.39:748][467]LogD3D11RHI: CleanupD3DDevice
[2017.05.01-01.51.39:780][467]LogD3D11RHI: ~FD3D11DynamicRHI
[2017.05.01-01.51.39:783][467]LogModuleManager: Shutting down and abandoning module SequenceRecorderSections (113)
[2017.05.01-01.51.39:783][467]LogModuleManager: Shutting down and abandoning module SequenceRecorder (112)
[2017.05.01-01.51.39:783][467]LogModuleManager: Shutting down and abandoning module AutomationController (111)
[2017.05.01-01.51.39:783][467]LogModuleManager: Shutting down and abandoning module AutomationWorker (110)
[2017.05.01-01.51.39:783][467]LogModuleManager: Shutting down and abandoning module CharacterAI (109)
[2017.05.01-01.51.39:783][467]LogModuleManager: Shutting down and abandoning module SessionServices (108)
[2017.05.01-01.51.39:783][467]LogModuleManager: Shutting down and abandoning module GameplayDebugger (107)
[2017.05.01-01.51.39:783][467]LogModuleManager: Shutting down and abandoning module AITestSuite (106)
[2017.05.01-01.51.39:783][467]LogModuleManager: Shutting down and abandoning module AIModule (105)
[2017.05.01-01.51.39:783][467]LogModuleManager: Shutting down and abandoning module MovieSceneCapture (104)
[2017.05.01-01.51.39:783][467]LogModuleManager: Shutting down and abandoning module StreamingPauseRendering (103)
[2017.05.01-01.51.39:783][467]LogModuleManager: Shutting down and abandoning module PortalServices (102)
[2017.05.01-01.51.39:783][467]LogModuleManager: Shutting down and abandoning module PortalRpc (101)
[2017.05.01-01.51.39:783][467]LogModuleManager: Shutting down and abandoning module MessagingRpc (100)
[2017.05.01-01.51.39:783][467]LogModuleManager: Shutting down and abandoning module ProfilerService (99)
[2017.05.01-01.51.39:951][467]LogModuleManager: Shutting down and abandoning module TaskGraph (98)
[2017.05.01-01.51.39:951][467]LogModuleManager: Shutting down and abandoning module SlateRemote (97)
[2017.05.01-01.51.39:952][467]LogModuleManager: Shutting down and abandoning module SteamVRController (96)
[2017.05.01-01.51.39:952][467]LogModuleManager: Shutting down and abandoning module SteamVR (95)
[2017.05.01-01.51.39:952][467]LogModuleManager: Shutting down and abandoning module ProceduralMeshComponent (94)
[2017.05.01-01.51.39:952][467]LogModuleManager: Shutting down and abandoning module OculusLibrary (93)
[2017.05.01-01.51.39:952][467]LogModuleManager: Shutting down and abandoning module OculusInput (92)
[2017.05.01-01.51.39:952][467]LogModuleManager: Shutting down and abandoning module CustomMeshComponent (91)
[2017.05.01-01.51.39:952][467]LogModuleManager: Shutting down and abandoning module CableComponent (90)
[2017.05.01-01.51.39:952][467]LogModuleManager: Shutting down and abandoning module ArchVisCharacter (89)
[2017.05.01-01.51.39:952][467]LogModuleManager: Shutting down and abandoning module HTML5Networking (88)
[2017.05.01-01.51.39:952][467]LogModuleManager: Shutting down and abandoning module DesktopPlatform (87)
[2017.05.01-01.51.39:952][467]LogModuleManager: Shutting down and abandoning module DirectoryWatcher (86)
[2017.05.01-01.51.39:952][467]LogModuleManager: Shutting down and abandoning module HotReload (85)
[2017.05.01-01.51.39:952][467]LogModuleManager: Shutting down and abandoning module VisualStudioSourceCodeAccess (84)
[2017.05.01-01.51.39:952][467]LogModuleManager: Shutting down and abandoning module UObjectPlugin (83)
[2017.05.01-01.51.39:952][467]LogModuleManager: Shutting down and abandoning module SubversionSourceControl (82)
[2017.05.01-01.51.39:952][467]LogModuleManager: Shutting down and abandoning module SourceControl (81)
[2017.05.01-01.51.39:952][467]LogModuleManager: Shutting down and abandoning module PerforceSourceControl (80)
[2017.05.01-01.51.39:952][467]LogModuleManager: Shutting down and abandoning module UdpMessaging (79)
[2017.05.01-01.51.40:052][467]LogModuleManager: Shutting down and abandoning module SubstanceCore (78)
[2017.05.01-01.51.40:052][467]LogModuleManager: Shutting down and abandoning module LightPropagationVolumeRuntime (77)
[2017.05.01-01.51.40:052][467]LogModuleManager: Shutting down and abandoning module Paper2D (76)
[2017.05.01-01.51.40:052][467]LogModuleManager: Shutting down and abandoning module WindowsMoviePlayer (75)
[2017.05.01-01.51.40:052][467]LogModuleManager: Shutting down and abandoning module Media (74)
[2017.05.01-01.51.40:052][467]LogModuleManager: Shutting down and abandoning module WmfMedia (73)
[2017.05.01-01.51.40:052][467]LogModuleManager: Shutting down and abandoning module MediaAssets (72)
[2017.05.01-01.51.40:052][467]LogModuleManager: Shutting down and abandoning module GameLiveStreaming (71)
[2017.05.01-01.51.40:052][467]LogModuleManager: Shutting down and abandoning module GameplayTagsEditor (70)
[2017.05.01-01.51.40:052][467]LogModuleManager: Shutting down and abandoning module OnlineBlueprintSupport (69)
[2017.05.01-01.51.40:052][467]LogModuleManager: Shutting down and abandoning module VREditor (68)
[2017.05.01-01.51.40:052][467]LogModuleManager: Shutting down and abandoning module GameplayTasksEditor (67)
[2017.05.01-01.51.40:052][467]LogModuleManager: Shutting down and abandoning module PropertyEditor (66)
[2017.05.01-01.51.40:052][467]LogModuleManager: Shutting down and abandoning module BehaviorTreeEditor (65)
[2017.05.01-01.51.40:052][467]LogModuleManager: Shutting down and abandoning module FunctionalTesting (64)
[2017.05.01-01.51.40:052][467]LogModuleManager: Shutting down and abandoning module CollisionAnalyzer (63)
[2017.05.01-01.51.40:052][467]LogModuleManager: Shutting down and abandoning module Sequencer (62)
[2017.05.01-01.51.40:052][467]LogModuleManager: Shutting down and abandoning module WorkspaceMenuStructure (61)
[2017.05.01-01.51.40:052][467]LogModuleManager: Shutting down and abandoning module MessageLog (60)
[2017.05.01-01.51.40:053][467]LogModuleManager: Shutting down and abandoning module AssetTools (59)
[2017.05.01-01.51.40:053][467]LogModuleManager: Shutting down and abandoning module UMGEditor (58)
[2017.05.01-01.51.40:053][467]LogModuleManager: Shutting down and abandoning module UMG (57)
[2017.05.01-01.51.40:053][467]LogModuleManager: Shutting down and abandoning module SlateReflector (56)
[2017.05.01-01.51.40:053][467]LogModuleManager: Shutting down and abandoning module Slate (55)
[2017.05.01-01.51.40:053][467]LogModuleManager: Shutting down and abandoning module EditorStyle (54)
[2017.05.01-01.51.40:054][467]LogModuleManager: Shutting down and abandoning module Messaging (53)
[2017.05.01-01.51.40:054][467]LogModuleManager: Shutting down and abandoning module SourceCodeAccess (52)
[2017.05.01-01.51.40:054][467]LogModuleManager: Shutting down and abandoning module HeadMountedDisplay (51)
[2017.05.01-01.51.40:054][467]LogModuleManager: Shutting down and abandoning module XAudio2 (50)
[2017.05.01-01.51.40:054][467]LogModuleManager: Shutting down and abandoning module Networking (48)
[2017.05.01-01.51.40:054][467]LogModuleManager: Shutting down and abandoning module Core (47)
[2017.05.01-01.51.40:054][467]LogModuleManager: Shutting down and abandoning module KismetCompiler (46)
[2017.05.01-01.51.40:054][467]LogModuleManager: Shutting down and abandoning module PhysXFormats (45)
[2017.05.01-01.51.40:054][467]LogModuleManager: Shutting down and abandoning module MeshUtilities (44)
[2017.05.01-01.51.40:054][467]LogModuleManager: Shutting down and abandoning module AssetRegistry (43)
[2017.05.01-01.51.40:054][467]LogModuleManager: Shutting down and abandoning module DerivedDataCache (42)
[2017.05.01-01.51.40:210][467]LogDerivedDataCache: Shutdown
[2017.05.01-01.51.40:210][467]LogModuleManager: Shutting down and abandoning module VulkanShaderFormat (41)
[2017.05.01-01.51.40:210][467]LogModuleManager: Shutting down and abandoning module ShaderFormatOpenGL (40)
[2017.05.01-01.51.40:210][467]LogModuleManager: Shutting down and abandoning module ShaderFormatD3D (39)
[2017.05.01-01.51.40:210][467]LogModuleManager: Shutting down and abandoning module MetalShaderFormat (38)
[2017.05.01-01.51.40:210][467]LogModuleManager: Shutting down and abandoning module TextureFormatUncompressed (37)
[2017.05.01-01.51.40:210][467]LogModuleManager: Shutting down and abandoning module TextureFormatPVR (36)
[2017.05.01-01.51.40:210][467]LogModuleManager: Shutting down and abandoning module TextureFormatIntelISPCTexComp (35)
[2017.05.01-01.51.40:210][467]LogModuleManager: Shutting down and abandoning module TextureFormatDXT (34)
[2017.05.01-01.51.40:210][467]LogModuleManager: Shutting down and abandoning module ImageWrapper (33)
[2017.05.01-01.51.40:210][467]LogModuleManager: Shutting down and abandoning module TextureFormatASTC (32)
[2017.05.01-01.51.40:210][467]LogModuleManager: Shutting down and abandoning module TextureFormatAndroid (31)
[2017.05.01-01.51.40:210][467]LogModuleManager: Shutting down and abandoning module AudioFormatOpus (30)
[2017.05.01-01.51.40:210][467]LogModuleManager: Shutting down and abandoning module AudioFormatOgg (29)
[2017.05.01-01.51.40:210][467]LogModuleManager: Shutting down and abandoning module AudioFormatADPCM (28)
[2017.05.01-01.51.40:210][467]LogModuleManager: Shutting down and abandoning module WindowsTargetPlatform (27)
[2017.05.01-01.51.40:210][467]LogModuleManager: Shutting down and abandoning module WindowsServerTargetPlatform (26)
[2017.05.01-01.51.40:210][467]LogModuleManager: Shutting down and abandoning module WindowsNoEditorTargetPlatform (25)
[2017.05.01-01.51.40:210][467]LogModuleManager: Shutting down and abandoning module WindowsClientTargetPlatform (24)
[2017.05.01-01.51.40:210][467]LogModuleManager: Shutting down and abandoning module TargetPlatform (23)
[2017.05.01-01.51.40:210][467]LogModuleManager: Shutting down and abandoning module InputCore (22)
[2017.05.01-01.51.40:210][467]LogModuleManager: Shutting down and abandoning module Settings (21)
[2017.05.01-01.51.40:210][467]LogModuleManager: Shutting down and abandoning module OnlineSubsystem (19)
[2017.05.01-01.51.40:210][467]LogModuleManager: Shutting down and abandoning module HTTP (18)
[2017.05.01-01.51.40:210][467]LogModuleManager: Shutting down and abandoning module XMPP (17)
[2017.05.01-01.51.40:210][467]LogModuleManager: Shutting down and abandoning module OculusRift (16)
[2017.05.01-01.51.40:210][467]LogModuleManager: Shutting down and abandoning module ExampleDeviceProfileSelector (15)
[2017.05.01-01.51.40:210][467]LogModuleManager: Shutting down and abandoning module TextureCompressor (14)
[2017.05.01-01.51.40:210][467]LogModuleManager: Shutting down and abandoning module ShaderCore (13)
[2017.05.01-01.51.40:210][467]LogModuleManager: Shutting down and abandoning module Landscape (12)
[2017.05.01-01.51.40:210][467]LogModuleManager: Shutting down and abandoning module SlateRHIRenderer (11)
[2017.05.01-01.51.40:210][467]LogModuleManager: Shutting down and abandoning module OpenGLDrv (10)
[2017.05.01-01.51.40:210][467]LogModuleManager: Shutting down and abandoning module D3D11RHI (9)
[2017.05.01-01.51.40:210][467]LogModuleManager: Shutting down and abandoning module AnimGraphRuntime (8)
[2017.05.01-01.51.40:210][467]LogModuleManager: Shutting down and abandoning module Renderer (7)
[2017.05.01-01.51.40:210][467]LogModuleManager: Shutting down and abandoning module Engine (6)
[2017.05.01-01.51.40:210][467]LogModuleManager: Shutting down and abandoning module CoreUObject (5)
[2017.05.01-01.51.40:210][467]LogModuleManager: Shutting down and abandoning module NetworkFile (4)
[2017.05.01-01.51.40:210][467]LogModuleManager: Shutting down and abandoning module StreamingFile (3)
[2017.05.01-01.51.40:210][467]LogModuleManager: Shutting down and abandoning module SandboxFile (2)
[2017.05.01-01.51.40:210][467]LogModuleManager: Shutting down and abandoning module PakFile (1)
[2017.05.01-01.51.40:211][467]LogExit: Exiting.
[2017.05.01-01.51.40:213][467]Log file closed, 04/30/17 21:51:40
