Log file open, 03/28/17 18:47:42
LogInit:Display: Running engine for game: SoulStriker
LogPlatformFile: Not using cached read wrapper
LogInit:Display: RandInit(-1576335894) SRandInit(-1576335893).
LogTaskGraph: Started task graph with 4 named threads and 7 total threads with 1 sets of task threads.
LogStats: Stats thread started at 0.100777
LogInit: Version: 4.12.5-3039270+++UE4+Release-4.12
LogInit: API Version: 2992821
LogInit: Net Version: 3039270
LogDevObjectVersion: Number of dev versions registered: 13
LogDevObjectVersion:   Dev-Blueprints (B0D832E4-1F89-4F0D-ACCF-7EB736FD4AA2): 3
LogDevObjectVersion:   Dev-Build (E1C64328-A22C-4D53-A36C-8E866417BD8C): 0
LogDevObjectVersion:   Dev-Core (375EC13C-06E4-48FB-B500-84F0262A717E): 1
LogDevObjectVersion:   Dev-Editor (E4B068ED-F494-42E9-A231-DA0B2E46BB41): 2
LogDevObjectVersion:   Dev-Framework (CFFC743F-43B0-4480-9391-14DF171D2073): 6
LogDevObjectVersion:   Dev-Mobile (B02B49B5-BB20-44E9-A304-32B752E40360): 0
LogDevObjectVersion:   Dev-Networking (A4E4105C-59A1-49B5-A7C5-40C4547EDFEE): 0
LogDevObjectVersion:   Dev-Online (39C831C9-5AE6-47DC-9A44-9C173E1C8E7C): 0
LogDevObjectVersion:   Dev-Physics (78F01B33-EBEA-4F98-B9B4-84EACCB95AA2): 0
LogDevObjectVersion:   Dev-Platform (6631380F-2D4D-43E0-8009-CF276956A95A): 0
LogDevObjectVersion:   Dev-Rendering (12F88B9F-8875-4AFC-A67C-D90C383ABD29): 2
LogDevObjectVersion:   Dev-Sequencer (7B5AE74C-D270-4C10-A958-57980B212A5A): 0
LogDevObjectVersion:   Dev-VR (D7296918-1DD6-4BDD-9DE2-64A83CC13884): 0
LogInit: Compiled (64-bit): Jul  6 2016 09:09:46
LogInit: Compiled with Visual C++: 19.00.23026.00
LogInit: Build Configuration: Development
LogInit: Branch Name: ++UE4+Release-4.12
LogInit: Command line:  
LogInit: Base directory: G:/Program Files (x86)/Epic Games/4.12/Engine/Binaries/Win64/
LogInit: Installed Engine Build: 1
LogInit: Using libcurl 7.41.0
LogInit:  - built for x86_64-pc-win32
LogInit:  - supports SSL with WinSSL
LogInit:  - other features:
LogInit:      CURL_VERSION_SSL
LogInit:      CURL_VERSION_IPV6
LogInit:      CURL_VERSION_ASYNCHDNS
LogInit:      CURL_VERSION_LARGEFILE
LogInit:      CURL_VERSION_IDN
LogInit:  CurlRequestOptions (configurable via config and command line):
LogInit:  - bVerifyPeer = true  - Libcurl will verify peer certificate
LogInit:  - bUseHttpProxy = false  - Libcurl will NOT use HTTP proxy
LogInit:  - bDontReuseConnections = false  - Libcurl will reuse connections
LogInit:  - CertBundlePath = nullptr  - Libcurl will use whatever was configured at build time.
LogInit: Presizing for max 8388607 objects, including 0 objects not considered by GC, pre-allocating 0 bytes for permanent pool.
LogInit: Object subsystem initialized
[2017.03.28-22.47.42:502][  0]LogInit: Selected Device Profile: [Windows]
[2017.03.28-22.47.42:502][  0]LogInit: Applying CVar settings loaded from the selected device profile: [Windows]
[2017.03.28-22.47.42:509][  0]LogInit: Computer: DEREK-DESKTOP
[2017.03.28-22.47.42:509][  0]LogInit: User: Derek
[2017.03.28-22.47.42:509][  0]LogInit: CPU Page size=65536, Cores=4
[2017.03.28-22.47.42:509][  0]LogInit: High frequency timer resolution =3.415992 MHz
[2017.03.28-22.47.42:510][  0]LogMemory: Memory total: Physical=15.9GB (16GB approx)
[2017.03.28-22.47.42:510][  0]LogMemory: Platform Memory Stats for Windows
[2017.03.28-22.47.42:510][  0]LogMemory: Process Physical Memory: 192.44 MB used, 192.44 MB peak
[2017.03.28-22.47.42:510][  0]LogMemory: Process Virtual Memory: 194.98 MB used, 194.98 MB peak
[2017.03.28-22.47.42:510][  0]LogMemory: Physical Memory: 7225.98 MB used, 16321.41 MB total
[2017.03.28-22.47.42:510][  0]LogMemory: Virtual Memory: 552.91 MB used, 134217728.00 MB total
[2017.03.28-22.47.42:554][  0]LogTextLocalizationManager: No specific translations for ('en-US') exist, so ('en') translations will be used.
[2017.03.28-22.47.42:996][  0]LogD3D11RHI: D3D11 adapters:
[2017.03.28-22.47.43:023][  0]LogD3D11RHI:    0. 'NVIDIA GeForce GTX 750 Ti' (Feature Level 11_0)
[2017.03.28-22.47.43:023][  0]LogD3D11RHI:       2016/0/8160 MB DedicatedVideo/DedicatedSystem/SharedSystem, Outputs:3, VendorId:0x10de
[2017.03.28-22.47.43:026][  0]LogD3D11RHI:    1. 'Microsoft Basic Render Driver' (Feature Level 11_0)
[2017.03.28-22.47.43:026][  0]LogD3D11RHI:       0/0/8160 MB DedicatedVideo/DedicatedSystem/SharedSystem, Outputs:0, VendorId:0x1414
[2017.03.28-22.47.43:026][  0]LogD3D11RHI: Chosen D3D11 Adapter: 0
[2017.03.28-22.47.43:041][  0]LogD3D11RHI: Creating new Direct3DDevice
[2017.03.28-22.47.43:041][  0]LogD3D11RHI:     GPU DeviceId: 0x1380 (for the marketing name, search the web for "GPU Device Id")
[2017.03.28-22.47.43:041][  0]LogWindows: EnumDisplayDevices:
[2017.03.28-22.47.43:041][  0]LogWindows:    0. 'NVIDIA GeForce GTX 750 Ti' (P:1 D:1)
[2017.03.28-22.47.43:041][  0]LogWindows:    1. 'NVIDIA GeForce GTX 750 Ti' (P:0 D:1)
[2017.03.28-22.47.43:042][  0]LogWindows:    2. 'NVIDIA GeForce GTX 750 Ti' (P:0 D:1)
[2017.03.28-22.47.43:042][  0]LogWindows:    3. 'Radmin Mirror Driver V3' (P:0 D:0)
[2017.03.28-22.47.43:042][  0]LogWindows: DebugString: GetVideoDriverDetailsInvalid PrimaryIsNotTheChoosenAdapter FoundDriverCount:3 
[2017.03.28-22.47.43:042][  0]LogD3D11RHI:     Adapter Name: NVIDIA GeForce GTX 750 Ti
[2017.03.28-22.47.43:042][  0]LogD3D11RHI:   Driver Version: 376.53 (internal:21.21.13.7653, unified:376.53)
[2017.03.28-22.47.43:042][  0]LogD3D11RHI:      Driver Date: 12-29-2016
[2017.03.28-22.47.43:042][  0]LogRHI: Texture pool is 1361 MB (70% of 1945 MB)
[2017.03.28-22.47.43:055][  0]LogD3D11RHI: Async texture creation enabled
[2017.03.28-22.47.43:065][  0]LogD3D11RHI: GPU Timing Frequency: 1000.000000 (Debug: 2 1)
[2017.03.28-22.47.43:066][  0]LogShaderCompilers: Guid format shader working directory is -26 characters bigger than the processId version (C:/Users/Derek/Documents/Unreal Projects/Soul-Striker-Main/Soul Striker/Intermediate/Shaders/WorkingDirectory/86892/).
[2017.03.28-22.47.43:066][  0]LogShaderCompilers: Cleaned the shader compiler working directory 'C:/Users/Derek/AppData/Local/Temp/UnrealShaderWorkingDir/2F01D4514001ED844516959A7A38E768/'.
[2017.03.28-22.47.43:066][  0]LogShaderCompilers:Display: Using Local Shader Compiler.
[2017.03.28-22.47.44:138][  0]LogTemp:Display: Loaded TP AllDesktopTargetPlatform
[2017.03.28-22.47.44:147][  0]LogTemp:Display: Loaded TP WindowsClientTargetPlatform
[2017.03.28-22.47.44:155][  0]LogTemp:Display: Loaded TP WindowsNoEditorTargetPlatform
[2017.03.28-22.47.44:164][  0]LogTemp:Display: Loaded TP WindowsServerTargetPlatform
[2017.03.28-22.47.44:172][  0]LogTemp:Display: Loaded TP WindowsTargetPlatform
[2017.03.28-22.47.44:180][  0]LogTemp:Display: Loaded TP AndroidTargetPlatform
[2017.03.28-22.47.44:187][  0]LogTemp:Display: Loaded TP Android_ASTCTargetPlatform
[2017.03.28-22.47.44:194][  0]LogTemp:Display: Loaded TP Android_ATCTargetPlatform
[2017.03.28-22.47.44:202][  0]LogTemp:Display: Loaded TP Android_DXTTargetPlatform
[2017.03.28-22.47.44:209][  0]LogTemp:Display: Loaded TP Android_ETC1TargetPlatform
[2017.03.28-22.47.44:216][  0]LogTemp:Display: Loaded TP Android_ETC2TargetPlatform
[2017.03.28-22.47.44:231][  0]LogTemp:Display: Loaded TP Android_MultiTargetPlatform
[2017.03.28-22.47.44:231][  0]LogTemp:Display: Loaded TP Android_PVRTCTargetPlatform
[2017.03.28-22.47.44:232][  0]LogTemp:Display: Loaded TP HTML5TargetPlatform
[2017.03.28-22.47.44:253][  0]LogTemp:Display: Loaded TP IOSTargetPlatform
[2017.03.28-22.47.44:260][  0]LogTemp:Display: Loaded TP TVOSTargetPlatform
[2017.03.28-22.47.44:267][  0]LogTemp:Display: Loaded TP LinuxNoEditorTargetPlatform
[2017.03.28-22.47.44:274][  0]LogTemp:Display: Loaded TP LinuxServerTargetPlatform
[2017.03.28-22.47.44:282][  0]LogTemp:Display: Loaded TP LinuxTargetPlatform
[2017.03.28-22.47.44:282][  0]LogTargetPlatformManager:Display: Building Assets For Windows
[2017.03.28-22.47.44:353][  0]LogDerivedDataCache:Display: Max Cache Size: 512 MB
[2017.03.28-22.47.44:399][  0]LogDerivedDataCache: Loaded boot cache 0.05s 48MB C:/Users/Derek/AppData/Local/UnrealEngine/4.12/DerivedDataCache/Boot.ddc.
[2017.03.28-22.47.44:400][  0]LogDerivedDataCache:Display: Loaded Boot cache: C:/Users/Derek/AppData/Local/UnrealEngine/4.12/DerivedDataCache/Boot.ddc
[2017.03.28-22.47.44:400][  0]LogDerivedDataCache: FDerivedDataBackendGraph:  Pak pak cache file C:/Users/Derek/Documents/Unreal Projects/Soul-Striker-Main/Soul Striker/DerivedDataCache/DDC.ddp not found, will not use a pak cache.
[2017.03.28-22.47.44:400][  0]LogDerivedDataCache: Unable to find inner node Pak for hierarchical cache Hierarchy.
[2017.03.28-22.47.44:400][  0]LogDerivedDataCache: FDerivedDataBackendGraph:  CompressedPak pak cache file C:/Users/Derek/Documents/Unreal Projects/Soul-Striker-Main/Soul Striker/DerivedDataCache/Compressed.ddp not found, will not use a pak cache.
[2017.03.28-22.47.44:400][  0]LogDerivedDataCache: Unable to find inner node CompressedPak for hierarchical cache Hierarchy.
[2017.03.28-22.47.44:415][  0]LogDerivedDataCache:Display: Pak cache opened for reading ../../../Engine/DerivedDataCache/Compressed.ddp.
[2017.03.28-22.47.44:426][  0]LogDerivedDataCache: Using Local data cache path C:/Users/Derek/AppData/Local/UnrealEngine/Common/DerivedDataCache: Writable
[2017.03.28-22.47.44:577][  0]LogInit: Selected Device Profile: [Windows]
[2017.03.28-22.47.44:578][  0]LogContentStreaming: Texture pool size is 0.00 MB
[2017.03.28-22.47.44:713][  0]LogMeshUtilities: No automatic mesh reduction module available
[2017.03.28-22.47.44:713][  0]LogMeshUtilities: No automatic mesh merging module available
[2017.03.28-22.47.44:713][  0]LogMeshUtilities: No distributed automatic mesh merging module available
[2017.03.28-22.47.44:939][  0]LogAssetRegistry: FAssetRegistry took 0.0214 seconds to start up
[2017.03.28-22.47.44:962][  0]LogPackageLocalizationCache: Processed 3 localized package path(s) for 2 prioritized culture(s) in 0.020463 seconds
[2017.03.28-22.47.44:967][  0]LogUObjectArray: 28739 objects as part of root set at end of initial load.
[2017.03.28-22.47.44:967][  0]LogUObjectAllocator: 5855624 out of 0 bytes used by permanent object pool.
[2017.03.28-22.47.44:967][  0]LogUObjectArray: CloseDisregardForGC: 0/0 objects in disregard for GC pool
[2017.03.28-22.47.44:975][  0]LogInit: WinSock: version 1.1 (2.2), MaxSocks=32767, MaxUdp=65467
[2017.03.28-22.47.45:164][  0]LogSlate: SlateFontCache - WITH_FREETYPE: 1, WITH_HARFBUZZ: 1
[2017.03.28-22.47.45:164][  0]LogSlate: SlateFontCache - WITH_FREETYPE: 1, WITH_HARFBUZZ: 1
[2017.03.28-22.47.45:704][  0]LogSubstanceCoreModule: Substance CPU Engine Loaded, Max Texture Size 2048
[2017.03.28-22.47.45:711][  0]LogUdpMessaging: Initializing bridge on interface 0.0.0.0:0 to multicast group 230.0.0.1:6666.
[2017.03.28-22.47.45:906][  0]SourceControl: Info Source control is disabled
[2017.03.28-22.47.45:907][  0]SourceControl: Info Source control is disabled
[2017.03.28-22.47.45:914][  0]SourceControl: Info Source control is disabled
[2017.03.28-22.47.45:921][  0]SourceControl: Info Source control is disabled
[2017.03.28-22.47.46:107][  0]LogEngine: Initializing Engine...
[2017.03.28-22.47.46:115][  0]LogHMD: SteamVR failed to initialize.  Err: 108
[2017.03.28-22.47.46:122][  0]LogHMD: SteamVR failed to initialize.  Err: 108
[2017.03.28-22.47.46:247][  0]LogAIModule: Creating AISystem for world NewWorld
[2017.03.28-22.47.46:272][  0]LogInit: XAudio2 using 'Speakers (Turtle Beach PX21 Headset)' : 2 channels at 48 kHz using 16 bits per sample (channel mask 0x3)
[2017.03.28-22.47.46:289][  0]LogInit: FAudioDevice initialized.
[2017.03.28-22.47.46:312][  0]LogDerivedDataCache: Saved boot cache 0.02s 48MB C:/Users/Derek/AppData/Local/UnrealEngine/4.12/DerivedDataCache/Boot.ddc.
[2017.03.28-22.47.46:316][  0]LogInit: Texture streaming: Enabled
[2017.03.28-22.47.46:363][  0]LogWindowsTextInputMethodSystem:Display: IME system now deactivated.
[2017.03.28-22.47.46:408][  0]LogInit: Transaction tracking system initialized
[2017.03.28-22.47.46:432][  0]BlueprintLog: New page: Editor Load
[2017.03.28-22.47.46:844][  0]LocalizationService: Info Localization service is disabled
[2017.03.28-22.47.46:902][  0]LogConsoleResponse:Display: 
[2017.03.28-22.47.46:983][  0]LogCook:Display: Max memory allowance for cook 8192mb
[2017.03.28-22.47.46:983][  0]LogCook:Display: Mobile HDR setting 1
[2017.03.28-22.47.47:099][  0]LogFileCache: Scanning file cache for directory 'C:/Users/Derek/Documents/Unreal Projects/Soul-Striker-Main/Soul Striker/Content/' took 0.01s
[2017.03.28-22.47.47:099][  0]SourceControl: Info Source control is disabled
[2017.03.28-22.47.47:099][  0]Cmd: MAP LOAD FILE="C:/Users/Derek/Documents/Unreal Projects/Soul-Striker-Main/Soul Striker/Content/ThirdPersonBP/Maps/ThirdPersonExampleMap.umap" TEMPLATE=0 SHOWPROGRESS=1 FEATURELEVEL=3
[2017.03.28-22.47.47:099][  0]LightingResults: New page: Lighting Build
[2017.03.28-22.47.47:101][  0]MapCheck: New page: Map Check
[2017.03.28-22.47.47:101][  0]LightingResults: New page: Lighting Build
[2017.03.28-22.47.48:192][  0]LogBlueprint:Warning: Compiler Warning Node  Unknown  is not referencing a valid level actor
[2017.03.28-22.47.48:193][  0]LogBlueprint:Warning: Compiler Warning [0006.37] Compile of PersistentLevel.ThirdPersonExampleMap successful, but with 1 Warning(s) [in 2 ms] (/Game/ThirdPersonBP/Maps/ThirdPersonExampleMap.ThirdPersonExampleMap:PersistentLevel.ThirdPersonExampleMap)
[2017.03.28-22.47.48:193][  0]LogBlueprint:Warning: Compiler Warning [0006.37] Compile of PersistentLevel.ThirdPersonExampleMap successful, but with 2 Warning(s) [in 0 ms] (/Game/ThirdPersonBP/Maps/ThirdPersonExampleMap.ThirdPersonExampleMap:PersistentLevel.ThirdPersonExampleMap)
[2017.03.28-22.47.48:193][  0]LogBlueprint:Warning: Compiler Warning [0006.37] Compile of PersistentLevel.ThirdPersonExampleMap successful, but with 3 Warning(s) [in 0 ms] (/Game/ThirdPersonBP/Maps/ThirdPersonExampleMap.ThirdPersonExampleMap:PersistentLevel.ThirdPersonExampleMap)
[2017.03.28-22.47.48:195][  0]LogBlueprint:Warning: Compiler Warning Node  Unknown  is not referencing a valid level actor
[2017.03.28-22.47.48:196][  0]LogBlueprint:Warning: Compiler Warning [0006.38] Compile of PersistentLevel.ThirdPersonExampleMap successful, but with 1 Warning(s) [in 1 ms] (/Game/ThirdPersonBP/Maps/ThirdPersonExampleMap.ThirdPersonExampleMap:PersistentLevel.ThirdPersonExampleMap)
[2017.03.28-22.47.48:196][  0]LogBlueprint:Warning: Compiler Warning [0006.38] Compile of PersistentLevel.ThirdPersonExampleMap successful, but with 2 Warning(s) [in 0 ms] (/Game/ThirdPersonBP/Maps/ThirdPersonExampleMap.ThirdPersonExampleMap:PersistentLevel.ThirdPersonExampleMap)
[2017.03.28-22.47.48:196][  0]LogBlueprint:Warning: Compiler Warning [0006.38] Compile of PersistentLevel.ThirdPersonExampleMap successful, but with 3 Warning(s) [in 0 ms] (/Game/ThirdPersonBP/Maps/ThirdPersonExampleMap.ThirdPersonExampleMap:PersistentLevel.ThirdPersonExampleMap)
[2017.03.28-22.47.48:870][  0]LogAIModule: Creating AISystem for world ThirdPersonExampleMap
[2017.03.28-22.47.48:999][  0]LogEditorServer: Finished looking for orphan Actors (0.000 secs)
[2017.03.28-22.47.49:001][  0]Cmd: MAP CHECKDEP NOCLEARLOG
[2017.03.28-22.47.49:052][  0]MapCheck: Info Map check complete: 0 Error(s), 0 Warning(s), took 51.617ms to complete.
[2017.03.28-22.47.49:052][  0]LogFileHelpers: Loading map 'ThirdPersonExampleMap' took 1.953
[2017.03.28-22.47.49:286][  0]LogCollectionManager: Loaded 0 collections in 0.001384 seconds
[2017.03.28-22.47.49:335][  0]LogFileCache: Scanning file cache for directory 'C:/Users/Derek/Documents/Unreal Projects/Soul-Striker-Main/Soul Striker/Saved/Collections/' took 0.01s
[2017.03.28-22.47.49:335][  0]LogFileCache: Scanning file cache for directory 'C:/Users/Derek/Documents/Unreal Projects/Soul-Striker-Main/Soul Striker/Content/Developers/Derek/Collections/' took 0.01s
[2017.03.28-22.47.49:335][  0]LogFileCache: Scanning file cache for directory 'C:/Users/Derek/Documents/Unreal Projects/Soul-Striker-Main/Soul Striker/Content/Collections/' took 0.01s
[2017.03.28-22.47.49:335][  0]LogCollectionManager: Rebuilt the GUID cache for 0 collections in 0.000003 seconds
[2017.03.28-22.47.49:344][  0]LogContentBrowser: Native class hierarchy populated in 0.0085 seconds. Added 2062 classes and 375 folders.
[2017.03.28-22.47.49:347][  0]LogStats: UGameplayTagsManager::ConstructGameplayTagTree: Construct from data asset -  0.000 s
[2017.03.28-22.47.49:347][  0]LogStats: UGameplayTagsManager::ConstructGameplayTagTree: GameplayTagTreeChangedEvent.Broadcast -  0.000 s
[2017.03.28-22.47.49:347][  0]LogContentBrowser: Native class hierarchy updated for 'GameplayTags' in 0.0004 seconds. Added 12 classes and 0 folders.
[2017.03.28-22.47.49:351][  0]LogContentBrowser: Native class hierarchy updated for 'WidgetCarousel' in 0.0003 seconds. Added 0 classes and 0 folders.
[2017.03.28-22.47.49:385][  0]LogContentBrowser: Native class hierarchy updated for 'AddContentDialog' in 0.0003 seconds. Added 0 classes and 0 folders.
[2017.03.28-22.47.49:389][  0]LogContentBrowser: Native class hierarchy updated for 'SceneOutliner' in 0.0004 seconds. Added 1 classes and 2 folders.
[2017.03.28-22.47.49:452][  0]LogCrashTracker: Crashtracker disabled due to settings.
[2017.03.28-22.47.49:475][  0]LogUObjectGlobals:Warning: Failed to find object 'Class None.'
[2017.03.28-22.47.49:506][  0]LogContentBrowser: Native class hierarchy updated for 'HierarchicalLODOutliner' in 0.0004 seconds. Added 1 classes and 2 folders.
[2017.03.28-22.47.49:506][  0]LogLoad: Full Startup: 7.69 seconds (BP compile: 0.44 seconds)
[2017.03.28-22.47.49:506][  0]LogExternalProfiler: No external profilers were discovered.  External profiling features will not be available.
[2017.03.28-22.47.49:515][  0]LogOcInput: OculusInput pre-init called
[2017.03.28-22.47.49:548][  0]LogContentStreaming: Texture pool size now 1000 MB
[2017.03.28-22.47.49:718][  0]LogRenderer: Reallocating scene render targets to support 1220x608 (Frame:2).
[2017.03.28-22.47.49:741][  1]LogFileCache: Retrieving MD5 hashes for directory 'C:/Users/Derek/Documents/Unreal Projects/Soul-Striker-Main/Soul Striker/Content/' took 0.21s
[2017.03.28-22.47.49:758][  1]LogAssetRegistry: Asset discovery search completed in 4.8395 seconds
[2017.03.28-22.47.49:758][  1]LogCollectionManager: Rebuilt the object cache for 0 collections in 0.000001 seconds (found 0 objects)
[2017.03.28-22.47.49:758][  1]LogCollectionManager: Fixed up redirectors for 0 collections in 0.000025 seconds (updated 0 objects)
[2017.03.28-22.47.51:254][134]LogBlueprintUserMessages: Early PlayInEditor Detection: Level '/Game/ThirdPersonBP/Maps/ThirdPersonExampleMap.ThirdPersonExampleMap:PersistentLevel' has LevelScriptBlueprint '/Game/ThirdPersonBP/Maps/ThirdPersonExampleMap.ThirdPersonExampleMap:PersistentLevel.ThirdPersonExampleMap' with GeneratedClass '/Game/ThirdPersonBP/Maps/ThirdPersonExampleMap.ThirdPersonExampleMap_C' with ClassGeneratedBy '/Game/ThirdPersonBP/Maps/ThirdPersonExampleMap.ThirdPersonExampleMap:PersistentLevel.ThirdPersonExampleMap'
[2017.03.28-22.47.51:254][134]LogPlayLevel: PlayLevel: No blueprints needed recompiling
[2017.03.28-22.47.51:255][134]PIE: New page: PIE session: ThirdPersonExampleMap (Mar 28, 2017, 1:47:51 PM)
[2017.03.28-22.47.51:255][134]LogPlayLevel: Creating play world package: /Game/ThirdPersonBP/Maps/UEDPIE_0_ThirdPersonExampleMap
[2017.03.28-22.47.51:309][134]LogPlayLevel: PIE: StaticDuplicateObject took: (0.053863s)
[2017.03.28-22.47.51:310][134]LogAIModule: Creating AISystem for world ThirdPersonExampleMap
[2017.03.28-22.47.51:310][134]LogPlayLevel: PIE: World Init took: (0.000620s)
[2017.03.28-22.47.51:310][134]LogPlayLevel: PIE: Created PIE world by copying editor world from /Game/ThirdPersonBP/Maps/ThirdPersonExampleMap.ThirdPersonExampleMap to /Game/ThirdPersonBP/Maps/UEDPIE_0_ThirdPersonExampleMap.ThirdPersonExampleMap (0.054747s)
[2017.03.28-22.47.51:418][134]LogInit: XAudio2 using 'Speakers (Turtle Beach PX21 Headset)' : 2 channels at 48 kHz using 16 bits per sample (channel mask 0x3)
[2017.03.28-22.47.51:427][134]LogInit: FAudioDevice initialized.
[2017.03.28-22.47.51:495][134]LogWorld: Game class is 'SoulStrikerCampaign_C'
[2017.03.28-22.47.51:532][134]LogWorld: Bringing World /Game/ThirdPersonBP/Maps/UEDPIE_0_ThirdPersonExampleMap.ThirdPersonExampleMap up for play (max tick rate 0) at 2017.03.28-18.47.51
[2017.03.28-22.47.51:547][134]LogWorld: Bringing up level for play took: 0.051761
[2017.03.28-22.47.51:551][134]LogContentBrowser: Native class hierarchy updated for 'MovieSceneCapture' in 0.0004 seconds. Added 11 classes and 0 folders.
[2017.03.28-22.47.51:552][134]LogScript:Warning: Accessed None trying to read property None_ExecuteUbergraph_ThirdPersonExampleMap_RefProperty
	ThirdPersonExampleMap_C /Game/ThirdPersonBP/Maps/UEDPIE_0_ThirdPersonExampleMap.ThirdPersonExampleMap:PersistentLevel.ThirdPersonExampleMap_C_0
	Function /Game/ThirdPersonBP/Maps/ThirdPersonExampleMap.ThirdPersonExampleMap_C:ExecuteUbergraph_ThirdPersonExampleMap:0045
[2017.03.28-22.47.51:552][134]PIE:Error: Error Blueprint Runtime Error: Accessed None trying to read property None_ExecuteUbergraph_ThirdPersonExampleMap_RefProperty from function: 'ExecuteUbergraph_ThirdPersonExampleMap' from node: AttachToActor in graph: EventGraph in object: ThirdPersonExampleMap with description: Accessed None trying to read property None_ExecuteUbergraph_ThirdPersonExampleMap_RefProperty
[2017.03.28-22.47.51:552][134]PIE: Info Play in editor start time for /Game/ThirdPersonBP/Maps/UEDPIE_0_ThirdPersonExampleMap 0.382
[2017.03.28-22.47.51:553][134]LogBlueprintUserMessages: Late PlayInEditor Detection: Level '/Game/ThirdPersonBP/Maps/ThirdPersonExampleMap.ThirdPersonExampleMap:PersistentLevel' has LevelScriptBlueprint '/Game/ThirdPersonBP/Maps/ThirdPersonExampleMap.ThirdPersonExampleMap:PersistentLevel.ThirdPersonExampleMap' with GeneratedClass '/Game/ThirdPersonBP/Maps/ThirdPersonExampleMap.ThirdPersonExampleMap_C' with ClassGeneratedBy '/Game/ThirdPersonBP/Maps/ThirdPersonExampleMap.ThirdPersonExampleMap:PersistentLevel.ThirdPersonExampleMap'
[2017.03.28-22.47.54:180][385]LogBlueprintUserMessages: Early EndPlayMap Detection: Level '/Game/ThirdPersonBP/Maps/ThirdPersonExampleMap.ThirdPersonExampleMap:PersistentLevel' has LevelScriptBlueprint '/Game/ThirdPersonBP/Maps/ThirdPersonExampleMap.ThirdPersonExampleMap:PersistentLevel.ThirdPersonExampleMap' with GeneratedClass '/Game/ThirdPersonBP/Maps/ThirdPersonExampleMap.ThirdPersonExampleMap_C' with ClassGeneratedBy '/Game/ThirdPersonBP/Maps/ThirdPersonExampleMap.ThirdPersonExampleMap:PersistentLevel.ThirdPersonExampleMap'
[2017.03.28-22.47.54:217][385]LogBlueprintUserMessages: Late EndPlayMap Detection: Level '/Game/ThirdPersonBP/Maps/ThirdPersonExampleMap.ThirdPersonExampleMap:PersistentLevel' has LevelScriptBlueprint '/Game/ThirdPersonBP/Maps/ThirdPersonExampleMap.ThirdPersonExampleMap:PersistentLevel.ThirdPersonExampleMap' with GeneratedClass '/Game/ThirdPersonBP/Maps/ThirdPersonExampleMap.ThirdPersonExampleMap_C' with ClassGeneratedBy '/Game/ThirdPersonBP/Maps/ThirdPersonExampleMap.ThirdPersonExampleMap:PersistentLevel.ThirdPersonExampleMap'
[2017.03.28-22.48.05:626][253]LogAIModule: Creating AISystem for world TestLevel
[2017.03.28-22.48.05:699][253]Cmd: MAP LOAD FILE="C:/Users/Derek/Documents/Unreal Projects/Soul-Striker-Main/Soul Striker/Content/Maps/TestLevel.umap" TEMPLATE=0 SHOWPROGRESS=1 FEATURELEVEL=3
[2017.03.28-22.48.05:699][253]LightingResults: New page: Lighting Build
[2017.03.28-22.48.05:700][253]LoadErrors: New page: Loading map: TestLevel.umap
[2017.03.28-22.48.05:703][253]MapCheck: New page: Map Check
[2017.03.28-22.48.05:703][253]LightingResults: New page: Lighting Build
[2017.03.28-22.48.05:825][253]LogEditorServer: Finished looking for orphan Actors (0.000 secs)
[2017.03.28-22.48.05:863][253]Cmd: MAP CHECKDEP NOCLEARLOG
[2017.03.28-22.48.05:915][253]MapCheck: Info Map check complete: 0 Error(s), 0 Warning(s), took 51.513ms to complete.
[2017.03.28-22.48.05:916][253]LogFileHelpers: Loading map 'TestLevel' took 0.218
[2017.03.28-22.48.09:105][592]LogBlueprintUserMessages: Early PlayInEditor Detection: Level '/Game/Maps/TestLevel.TestLevel:PersistentLevel' has LevelScriptBlueprint '/Game/Maps/TestLevel.TestLevel:PersistentLevel.TestLevel' with GeneratedClass '/Game/Maps/TestLevel.TestLevel_C' with ClassGeneratedBy '/Game/Maps/TestLevel.TestLevel:PersistentLevel.TestLevel'
[2017.03.28-22.48.09:105][592]LogPlayLevel: PlayLevel: No blueprints needed recompiling
[2017.03.28-22.48.09:105][592]PIE: New page: PIE session: TestLevel (Mar 28, 2017, 1:48:09 PM)
[2017.03.28-22.48.09:105][592]LogPlayLevel: Creating play world package: /Game/Maps/UEDPIE_0_TestLevel
[2017.03.28-22.48.09:117][592]LogPlayLevel: PIE: StaticDuplicateObject took: (0.011358s)
[2017.03.28-22.48.09:117][592]LogAIModule: Creating AISystem for world TestLevel
[2017.03.28-22.48.09:117][592]LogPlayLevel: PIE: World Init took: (0.000544s)
[2017.03.28-22.48.09:117][592]LogPlayLevel: PIE: Created PIE world by copying editor world from /Game/Maps/TestLevel.TestLevel to /Game/Maps/UEDPIE_0_TestLevel.TestLevel (0.012117s)
[2017.03.28-22.48.09:161][592]LogInit: XAudio2 using 'Speakers (Turtle Beach PX21 Headset)' : 2 channels at 48 kHz using 16 bits per sample (channel mask 0x3)
[2017.03.28-22.48.09:169][592]LogInit: FAudioDevice initialized.
[2017.03.28-22.48.09:221][592]LogWorld: Game class is 'SoulStrikerCampaign_C'
[2017.03.28-22.48.09:231][592]LogWorld: Bringing World /Game/Maps/UEDPIE_0_TestLevel.TestLevel up for play (max tick rate 0) at 2017.03.28-18.48.09
[2017.03.28-22.48.09:233][592]LogWorld: Bringing up level for play took: 0.012177
[2017.03.28-22.48.09:237][592]PIE: Info Play in editor start time for /Game/Maps/UEDPIE_0_TestLevel 0.066
[2017.03.28-22.48.09:237][592]LogBlueprintUserMessages: Late PlayInEditor Detection: Level '/Game/Maps/TestLevel.TestLevel:PersistentLevel' has LevelScriptBlueprint '/Game/Maps/TestLevel.TestLevel:PersistentLevel.TestLevel' with GeneratedClass '/Game/Maps/TestLevel.TestLevel_C' with ClassGeneratedBy '/Game/Maps/TestLevel.TestLevel:PersistentLevel.TestLevel'
[2017.03.28-22.48.10:388][721]LogBlueprintUserMessages: [spiritOrbOG_C_0] 0.0
[2017.03.28-22.48.10:388][721]LogBlueprintUserMessages: [spiritOrbOG_C_0] 0.0
[2017.03.28-22.48.10:388][721]LogBlueprintUserMessages: [spiritOrbOG_C_0] 9.0
[2017.03.28-22.48.10:388][721]LogBlueprintUserMessages: [spiritOrbOG_C_0] 0.0
[2017.03.28-22.48.10:388][721]LogBlueprintUserMessages: [spiritOrbOG_C_0] Hello
[2017.03.28-22.48.10:388][721]LogScriptCore:Warning: Attempted to get an item from array CallFunc_GetOverlappingActors_OverlappingActors out of bounds [0/0]!

[2017.03.28-22.48.10:388][721]LogBlueprintUserMessages: [spiritOrbOG_C_0] Hello
[2017.03.28-22.48.11:523][849]LogBlueprintUserMessages: [KnightOfLight_C_0] warping Animation!
[2017.03.28-22.48.12:596][972]LogBlueprintUserMessages: [spiritOrbOG_C_1] 0.0
[2017.03.28-22.48.12:596][972]LogBlueprintUserMessages: [spiritOrbOG_C_1] 0.0
[2017.03.28-22.48.12:596][972]LogBlueprintUserMessages: [spiritOrbOG_C_1] 9.0
[2017.03.28-22.48.12:596][972]LogBlueprintUserMessages: [spiritOrbOG_C_1] 0.0
[2017.03.28-22.48.12:596][972]LogBlueprintUserMessages: [spiritOrbOG_C_1] Hello
[2017.03.28-22.48.12:596][972]LogScriptCore:Warning: Attempted to get an item from array CallFunc_GetOverlappingActors_OverlappingActors out of bounds [0/0]!

[2017.03.28-22.48.12:615][972]LogBlueprintUserMessages: [spiritOrbOG_C_1] Hello
[2017.03.28-22.48.12:660][977]LogBlueprintUserMessages: [spiritOrbOG_C_1] Hello
[2017.03.28-22.48.13:251][ 42]LogBlueprintUserMessages: [spiritOrbOG_C_1] Hello
[2017.03.28-22.48.13:715][ 94]LogBlueprintUserMessages: [spiritOrbOG_C_2] 0.0
[2017.03.28-22.48.13:715][ 94]LogBlueprintUserMessages: [spiritOrbOG_C_2] 0.0
[2017.03.28-22.48.13:715][ 94]LogBlueprintUserMessages: [spiritOrbOG_C_2] 9.0
[2017.03.28-22.48.13:715][ 94]LogBlueprintUserMessages: [spiritOrbOG_C_2] 0.0
[2017.03.28-22.48.13:715][ 94]LogBlueprintUserMessages: [spiritOrbOG_C_2] Hello
[2017.03.28-22.48.13:715][ 94]LogScriptCore:Warning: Attempted to get an item from array CallFunc_GetOverlappingActors_OverlappingActors out of bounds [0/0]!

[2017.03.28-22.48.13:716][ 94]LogBlueprintUserMessages: [spiritOrbOG_C_2] Hello
[2017.03.28-22.48.14:258][155]LogBlueprintUserMessages: [spiritOrbOG_C_2] Hello
[2017.03.28-22.48.15:478][289]LogBlueprintUserMessages: [spiritOrbOG_C_3] 0.0
[2017.03.28-22.48.15:478][289]LogBlueprintUserMessages: [spiritOrbOG_C_3] 0.0
[2017.03.28-22.48.15:478][289]LogBlueprintUserMessages: [spiritOrbOG_C_3] 9.0
[2017.03.28-22.48.15:478][289]LogBlueprintUserMessages: [spiritOrbOG_C_3] 0.0
[2017.03.28-22.48.15:478][289]LogBlueprintUserMessages: [spiritOrbOG_C_3] Hello
[2017.03.28-22.48.15:478][289]LogScriptCore:Warning: Attempted to get an item from array CallFunc_GetOverlappingActors_OverlappingActors out of bounds [0/0]!

[2017.03.28-22.48.15:479][289]LogBlueprintUserMessages: [spiritOrbOG_C_3] Hello
[2017.03.28-22.48.16:019][349]LogBlueprintUserMessages: [spiritOrbOG_C_3] Hello
[2017.03.28-22.48.18:062][576]LogBlueprintUserMessages: [spiritOrbOG_C_4] 0.0
[2017.03.28-22.48.18:062][576]LogBlueprintUserMessages: [spiritOrbOG_C_4] 0.0
[2017.03.28-22.48.18:062][576]LogBlueprintUserMessages: [spiritOrbOG_C_4] 9.0
[2017.03.28-22.48.18:062][576]LogBlueprintUserMessages: [spiritOrbOG_C_4] 0.0
[2017.03.28-22.48.18:062][576]LogBlueprintUserMessages: [spiritOrbOG_C_4] Hello
[2017.03.28-22.48.18:062][576]LogScriptCore:Warning: Attempted to get an item from array CallFunc_GetOverlappingActors_OverlappingActors out of bounds [0/0]!

[2017.03.28-22.48.18:063][576]LogBlueprintUserMessages: [spiritOrbOG_C_4] Hello
[2017.03.28-22.48.18:251][597]LogBlueprintUserMessages: [spiritOrbOG_C_4] -1581.455811
[2017.03.28-22.48.18:912][672]LogBlueprintUserMessages: [KnightOfLight_C_0] warping Animation!
[2017.03.28-22.48.19:278][712]LogBlueprintUserMessages: [spiritOrbOG_C_4] Hello
[2017.03.28-22.48.19:707][760]LogScript:Warning: Attempted to access spiritOrbOG_C_4 via property CallFunc_Array_Get_Item2, but spiritOrbOG_C_4 is pending kill
	KnightOfLight_C /Game/Maps/UEDPIE_0_TestLevel.TestLevel:PersistentLevel.KnightOfLight_C_0
	Function /Game/ThirdPersonBP/Blueprints/KnightOfLight.KnightOfLight_C:ExecuteUbergraph_KnightOfLight:06BA
[2017.03.28-22.48.19:708][760]PIE:Error: Error Blueprint Runtime Error: Attempted to access spiritOrbOG_C_4 via property CallFunc_Array_Get_Item2, but spiritOrbOG_C_4 is pending kill from function: 'ExecuteUbergraph_KnightOfLight' from node: DestroyActor in graph: EventGraph in object: KnightOfLight with description: Attempted to access spiritOrbOG_C_4 via property CallFunc_Array_Get_Item2, but spiritOrbOG_C_4 is pending kill
[2017.03.28-22.48.20:562][859]LogBlueprintUserMessages: Early EndPlayMap Detection: Level '/Game/Maps/TestLevel.TestLevel:PersistentLevel' has LevelScriptBlueprint '/Game/Maps/TestLevel.TestLevel:PersistentLevel.TestLevel' with GeneratedClass '/Game/Maps/TestLevel.TestLevel_C' with ClassGeneratedBy '/Game/Maps/TestLevel.TestLevel:PersistentLevel.TestLevel'
[2017.03.28-22.48.20:599][859]LogBlueprintUserMessages: Late EndPlayMap Detection: Level '/Game/Maps/TestLevel.TestLevel:PersistentLevel' has LevelScriptBlueprint '/Game/Maps/TestLevel.TestLevel:PersistentLevel.TestLevel' with GeneratedClass '/Game/Maps/TestLevel.TestLevel_C' with ClassGeneratedBy '/Game/Maps/TestLevel.TestLevel:PersistentLevel.TestLevel'
[2017.03.28-22.48.21:865][979]LogBlueprintUserMessages: Early PlayInEditor Detection: Level '/Game/Maps/TestLevel.TestLevel:PersistentLevel' has LevelScriptBlueprint '/Game/Maps/TestLevel.TestLevel:PersistentLevel.TestLevel' with GeneratedClass '/Game/Maps/TestLevel.TestLevel_C' with ClassGeneratedBy '/Game/Maps/TestLevel.TestLevel:PersistentLevel.TestLevel'
[2017.03.28-22.48.21:865][979]LogPlayLevel: PlayLevel: No blueprints needed recompiling
[2017.03.28-22.48.21:865][979]PIE: New page: PIE session: TestLevel (Mar 28, 2017, 1:48:21 PM)
[2017.03.28-22.48.21:865][979]LogPlayLevel: Creating play world package: /Game/Maps/UEDPIE_0_TestLevel
[2017.03.28-22.48.21:881][979]LogPlayLevel: PIE: StaticDuplicateObject took: (0.015849s)
[2017.03.28-22.48.21:881][979]LogAIModule: Creating AISystem for world TestLevel
[2017.03.28-22.48.21:881][979]LogPlayLevel: PIE: World Init took: (0.000482s)
[2017.03.28-22.48.21:882][979]LogPlayLevel: PIE: Created PIE world by copying editor world from /Game/Maps/TestLevel.TestLevel to /Game/Maps/UEDPIE_0_TestLevel.TestLevel (0.016574s)
[2017.03.28-22.48.21:913][979]LogInit: XAudio2 using 'Speakers (Turtle Beach PX21 Headset)' : 2 channels at 48 kHz using 16 bits per sample (channel mask 0x3)
[2017.03.28-22.48.21:921][979]LogInit: FAudioDevice initialized.
[2017.03.28-22.48.21:972][979]LogWorld: Game class is 'SoulStrikerCampaign_C'
[2017.03.28-22.48.21:982][979]LogWorld: Bringing World /Game/Maps/UEDPIE_0_TestLevel.TestLevel up for play (max tick rate 0) at 2017.03.28-18.48.21
[2017.03.28-22.48.21:984][979]LogWorld: Bringing up level for play took: 0.011551
[2017.03.28-22.48.21:988][979]PIE: Info Play in editor start time for /Game/Maps/UEDPIE_0_TestLevel 0.817
[2017.03.28-22.48.21:988][979]LogBlueprintUserMessages: Late PlayInEditor Detection: Level '/Game/Maps/TestLevel.TestLevel:PersistentLevel' has LevelScriptBlueprint '/Game/Maps/TestLevel.TestLevel:PersistentLevel.TestLevel' with GeneratedClass '/Game/Maps/TestLevel.TestLevel_C' with ClassGeneratedBy '/Game/Maps/TestLevel.TestLevel:PersistentLevel.TestLevel'
[2017.03.28-22.48.26:947][523]LogBlueprintUserMessages: [spiritOrbOG_C_0] 0.0
[2017.03.28-22.48.26:947][523]LogBlueprintUserMessages: [spiritOrbOG_C_0] 0.0
[2017.03.28-22.48.26:947][523]LogBlueprintUserMessages: [spiritOrbOG_C_0] 9.0
[2017.03.28-22.48.26:947][523]LogBlueprintUserMessages: [spiritOrbOG_C_0] 0.0
[2017.03.28-22.48.26:947][523]LogBlueprintUserMessages: [spiritOrbOG_C_0] Hello
[2017.03.28-22.48.26:947][523]LogScriptCore:Warning: Attempted to get an item from array CallFunc_GetOverlappingActors_OverlappingActors out of bounds [0/0]!

[2017.03.28-22.48.26:948][523]LogBlueprintUserMessages: [spiritOrbOG_C_0] Hello
[2017.03.28-22.48.27:512][586]LogBlueprintUserMessages: [spiritOrbOG_C_0] Hello
[2017.03.28-22.48.29:168][768]LogBlueprintUserMessages: [spiritOrbOG_C_1] 0.0
[2017.03.28-22.48.29:168][768]LogBlueprintUserMessages: [spiritOrbOG_C_1] 0.0
[2017.03.28-22.48.29:168][768]LogBlueprintUserMessages: [spiritOrbOG_C_1] 9.0
[2017.03.28-22.48.29:168][768]LogBlueprintUserMessages: [spiritOrbOG_C_1] 0.0
[2017.03.28-22.48.29:168][768]LogBlueprintUserMessages: [spiritOrbOG_C_1] Hello
[2017.03.28-22.48.29:168][768]LogScriptCore:Warning: Attempted to get an item from array CallFunc_GetOverlappingActors_OverlappingActors out of bounds [0/0]!

[2017.03.28-22.48.29:169][768]LogBlueprintUserMessages: [spiritOrbOG_C_1] Hello
[2017.03.28-22.48.29:369][790]LogBlueprintUserMessages: [spiritOrbOG_C_1] -1612.721924
[2017.03.28-22.48.29:582][812]LogBlueprintUserMessages: [spiritOrbOG_C_1] Hello
[2017.03.28-22.48.29:838][840]LogBlueprintUserMessages: [spiritOrbOG_C_1] 716.853149
[2017.03.28-22.48.30:000][858]LogBlueprintUserMessages: [spiritOrbOG_C_1] Hello
[2017.03.28-22.48.31:967][ 75]LogBlueprintUserMessages: [spiritOrbOG_C_2] 0.0
[2017.03.28-22.48.31:967][ 75]LogBlueprintUserMessages: [spiritOrbOG_C_2] 0.0
[2017.03.28-22.48.31:967][ 75]LogBlueprintUserMessages: [spiritOrbOG_C_2] 9.0
[2017.03.28-22.48.31:967][ 75]LogBlueprintUserMessages: [spiritOrbOG_C_2] 0.0
[2017.03.28-22.48.31:967][ 75]LogBlueprintUserMessages: [spiritOrbOG_C_2] Hello
[2017.03.28-22.48.31:967][ 75]LogScriptCore:Warning: Attempted to get an item from array CallFunc_GetOverlappingActors_OverlappingActors out of bounds [0/0]!

[2017.03.28-22.48.31:968][ 75]LogBlueprintUserMessages: [spiritOrbOG_C_2] Hello
[2017.03.28-22.48.32:217][103]LogBlueprintUserMessages: [spiritOrbOG_C_2] 1136.785889
[2017.03.28-22.48.32:289][111]LogBlueprintUserMessages: [spiritOrbOG_C_2] 994.702026
[2017.03.28-22.48.32:819][170]LogBlueprintUserMessages: [spiritOrbOG_C_2] Hello
[2017.03.28-22.48.33:854][283]LogBlueprintUserMessages: [spiritOrbOG_C_3] 0.0
[2017.03.28-22.48.33:854][283]LogBlueprintUserMessages: [spiritOrbOG_C_3] 0.0
[2017.03.28-22.48.33:854][283]LogBlueprintUserMessages: [spiritOrbOG_C_3] 9.0
[2017.03.28-22.48.33:854][283]LogBlueprintUserMessages: [spiritOrbOG_C_3] 0.0
[2017.03.28-22.48.33:854][283]LogBlueprintUserMessages: [spiritOrbOG_C_3] Hello
[2017.03.28-22.48.33:854][283]LogScriptCore:Warning: Attempted to get an item from array CallFunc_GetOverlappingActors_OverlappingActors out of bounds [0/0]!

[2017.03.28-22.48.33:855][283]LogBlueprintUserMessages: [spiritOrbOG_C_3] Hello
[2017.03.28-22.48.34:234][325]LogBlueprintUserMessages: [spiritOrbOG_C_3] 1230.047485
[2017.03.28-22.48.34:364][340]LogBlueprintUserMessages: [spiritOrbOG_C_3] -1054.355713
[2017.03.28-22.48.34:492][354]LogBlueprintUserMessages: [spiritOrbOG_C_3] -878.663879
[2017.03.28-22.48.34:500][355]LogBlueprintUserMessages: [spiritOrbOG_C_3] -878.664001
[2017.03.28-22.48.36:488][573]LogBlueprintUserMessages: [KnightOfLight_C_0] warping Animation!
[2017.03.28-22.48.37:930][731]LogBlueprintUserMessages: [spiritOrbOG_C_4] 0.0
[2017.03.28-22.48.37:930][731]LogBlueprintUserMessages: [spiritOrbOG_C_4] 0.0
[2017.03.28-22.48.37:930][731]LogBlueprintUserMessages: [spiritOrbOG_C_4] 9.0
[2017.03.28-22.48.37:930][731]LogBlueprintUserMessages: [spiritOrbOG_C_4] 0.0
[2017.03.28-22.48.37:930][731]LogBlueprintUserMessages: [spiritOrbOG_C_4] Hello
[2017.03.28-22.48.37:930][731]LogScriptCore:Warning: Attempted to get an item from array CallFunc_GetOverlappingActors_OverlappingActors out of bounds [0/0]!

[2017.03.28-22.48.37:931][731]LogBlueprintUserMessages: [spiritOrbOG_C_4] Hello
[2017.03.28-22.48.38:396][784]LogBlueprintUserMessages: [spiritOrbOG_C_4] Hello
[2017.03.28-22.48.39:575][914]LogBlueprintUserMessages: [spiritOrbOG_C_5] 0.0
[2017.03.28-22.48.39:575][914]LogBlueprintUserMessages: [spiritOrbOG_C_5] 0.0
[2017.03.28-22.48.39:575][914]LogBlueprintUserMessages: [spiritOrbOG_C_5] 9.0
[2017.03.28-22.48.39:575][914]LogBlueprintUserMessages: [spiritOrbOG_C_5] 0.0
[2017.03.28-22.48.39:575][914]LogBlueprintUserMessages: [spiritOrbOG_C_5] Hello
[2017.03.28-22.48.39:575][914]LogScriptCore:Warning: Attempted to get an item from array CallFunc_GetOverlappingActors_OverlappingActors out of bounds [0/0]!

[2017.03.28-22.48.39:576][914]LogBlueprintUserMessages: [spiritOrbOG_C_5] Hello
[2017.03.28-22.48.40:087][970]LogBlueprintUserMessages: [spiritOrbOG_C_5] Hello
[2017.03.28-22.48.43:379][331]LogBlueprintUserMessages: [AI_TurretBullet_C_2] 9.0
[2017.03.28-22.48.44:333][436]LogBlueprintUserMessages: [spiritOrbOG_C_6] 0.0
[2017.03.28-22.48.44:333][436]LogBlueprintUserMessages: [spiritOrbOG_C_6] 0.0
[2017.03.28-22.48.44:333][436]LogBlueprintUserMessages: [spiritOrbOG_C_6] 9.0
[2017.03.28-22.48.44:333][436]LogBlueprintUserMessages: [spiritOrbOG_C_6] 0.0
[2017.03.28-22.48.44:333][436]LogBlueprintUserMessages: [spiritOrbOG_C_6] Hello
[2017.03.28-22.48.44:333][436]LogScriptCore:Warning: Attempted to get an item from array CallFunc_GetOverlappingActors_OverlappingActors out of bounds [0/0]!

[2017.03.28-22.48.44:334][436]LogBlueprintUserMessages: [spiritOrbOG_C_6] Hello
[2017.03.28-22.48.44:552][459]LogBlueprintUserMessages: [spiritOrbOG_C_6] -1440.190552
[2017.03.28-22.48.45:802][592]LogBlueprintUserMessages: [KnightOfLight_C_0] warping Animation!
[2017.03.28-22.48.47:497][772]LogBlueprintUserMessages: [spiritOrbOG_C_7] 0.0
[2017.03.28-22.48.47:497][772]LogBlueprintUserMessages: [spiritOrbOG_C_7] 0.0
[2017.03.28-22.48.47:497][772]LogBlueprintUserMessages: [spiritOrbOG_C_7] 9.0
[2017.03.28-22.48.47:497][772]LogBlueprintUserMessages: [spiritOrbOG_C_7] 0.0
[2017.03.28-22.48.47:497][772]LogBlueprintUserMessages: [spiritOrbOG_C_7] Hello
[2017.03.28-22.48.47:497][772]LogScriptCore:Warning: Attempted to get an item from array CallFunc_GetOverlappingActors_OverlappingActors out of bounds [0/0]!

[2017.03.28-22.48.47:498][772]LogBlueprintUserMessages: [spiritOrbOG_C_7] Hello
[2017.03.28-22.48.47:978][825]LogBlueprintUserMessages: [spiritOrbOG_C_7] -1080.189453
[2017.03.28-22.48.51:126][157]LogBlueprintUserMessages: [KnightOfLight_C_0] warping Animation!
[2017.03.28-22.48.51:813][230]LogBlueprintUserMessages: [KnightOfLight_C_0] warping Animation!
[2017.03.28-22.48.52:159][267]LogBlueprintUserMessages: [AI_TurretBullet_C_9] 8.0
[2017.03.28-22.48.52:329][286]LogBlueprintUserMessages: [AI_TurretBullet_C_10] 7.0
[2017.03.28-22.48.52:942][350]LogBlueprintUserMessages: [spiritOrbOG_C_8] 0.0
[2017.03.28-22.48.52:942][350]LogBlueprintUserMessages: [spiritOrbOG_C_8] 0.0
[2017.03.28-22.48.52:942][350]LogBlueprintUserMessages: [spiritOrbOG_C_8] 9.0
[2017.03.28-22.48.52:942][350]LogBlueprintUserMessages: [spiritOrbOG_C_8] 0.0
[2017.03.28-22.48.52:942][350]LogBlueprintUserMessages: [spiritOrbOG_C_8] Hello
[2017.03.28-22.48.52:942][350]LogScriptCore:Warning: Attempted to get an item from array CallFunc_GetOverlappingActors_OverlappingActors out of bounds [0/0]!

[2017.03.28-22.48.52:944][350]LogBlueprintUserMessages: [spiritOrbOG_C_8] Hello
[2017.03.28-22.48.53:985][462]LogBlueprintUserMessages: [KnightOfLight_C_0] warping Animation!
[2017.03.28-22.48.54:372][506]LogBlueprintUserMessages: [KnightOfLight_C_0] warping Animation!
[2017.03.28-22.48.54:488][518]LogBlueprintUserMessages: [AI_TurretBullet_C_11] 6.0
[2017.03.28-22.48.54:603][530]LogBlueprintUserMessages: [AI_TurretBullet_C_12] 5.0
[2017.03.28-22.48.54:647][534]LogBlueprintUserMessages: [KnightOfLight_C_0] warping Animation!
[2017.03.28-22.48.55:093][579]LogBlueprintUserMessages: [spiritOrbOG_C_9] 0.0
[2017.03.28-22.48.55:093][579]LogBlueprintUserMessages: [spiritOrbOG_C_9] 0.0
[2017.03.28-22.48.55:093][579]LogBlueprintUserMessages: [spiritOrbOG_C_9] 9.0
[2017.03.28-22.48.55:093][579]LogBlueprintUserMessages: [spiritOrbOG_C_9] 0.0
[2017.03.28-22.48.55:093][579]LogBlueprintUserMessages: [spiritOrbOG_C_9] Hello
[2017.03.28-22.48.55:093][579]LogScriptCore:Warning: Attempted to get an item from array CallFunc_GetOverlappingActors_OverlappingActors out of bounds [0/0]!

[2017.03.28-22.48.55:095][579]LogBlueprintUserMessages: [spiritOrbOG_C_9] Hello
[2017.03.28-22.48.55:559][631]LogBlueprintUserMessages: [spiritOrbOG_C_9] -1076.295166
[2017.03.28-22.48.55:617][637]LogBlueprintUserMessages: [spiritOrbOG_C_9] -1076.295166
[2017.03.28-22.48.56:130][695]LogBlueprintUserMessages: [KnightOfLight_C_0] warping Animation!
[2017.03.28-22.48.56:450][730]LogBlueprintUserMessages: [KnightOfLight_C_0] warping Animation!
[2017.03.28-22.48.56:835][767]LogBlueprintUserMessages: [AI_TurretBullet_C_13] 4.0
[2017.03.28-22.48.56:867][770]LogBlueprintUserMessages: [KnightOfLight_C_0] warping Animation!
[2017.03.28-22.48.58:384][934]LogBlueprintUserMessages: [spiritOrbOG_C_10] 0.0
[2017.03.28-22.48.58:384][934]LogBlueprintUserMessages: [spiritOrbOG_C_10] 0.0
[2017.03.28-22.48.58:384][934]LogBlueprintUserMessages: [spiritOrbOG_C_10] 9.0
[2017.03.28-22.48.58:384][934]LogBlueprintUserMessages: [spiritOrbOG_C_10] 0.0
[2017.03.28-22.48.58:384][934]LogBlueprintUserMessages: [spiritOrbOG_C_10] Hello
[2017.03.28-22.48.58:384][934]LogScriptCore:Warning: Attempted to get an item from array CallFunc_GetOverlappingActors_OverlappingActors out of bounds [0/0]!

[2017.03.28-22.48.58:385][934]LogBlueprintUserMessages: [spiritOrbOG_C_10] Hello
[2017.03.28-22.48.58:544][952]LogBlueprintUserMessages: [spiritOrbOG_C_10] -1611.336304
[2017.03.28-22.48.58:700][968]LogBlueprintUserMessages: [spiritOrbOG_C_10] Hello
[2017.03.28-22.48.58:844][984]LogBlueprintUserMessages: [spiritOrbOG_C_10] Hello
[2017.03.28-22.49.00:151][128]LogBlueprintUserMessages: [spiritOrbOG_C_11] 0.0
[2017.03.28-22.49.00:151][128]LogBlueprintUserMessages: [spiritOrbOG_C_11] 0.0
[2017.03.28-22.49.00:151][128]LogBlueprintUserMessages: [spiritOrbOG_C_11] 9.0
[2017.03.28-22.49.00:151][128]LogBlueprintUserMessages: [spiritOrbOG_C_11] 0.0
[2017.03.28-22.49.00:151][128]LogBlueprintUserMessages: [spiritOrbOG_C_11] Hello
[2017.03.28-22.49.00:151][128]LogScriptCore:Warning: Attempted to get an item from array CallFunc_GetOverlappingActors_OverlappingActors out of bounds [0/0]!

[2017.03.28-22.49.00:152][128]LogBlueprintUserMessages: [spiritOrbOG_C_11] Hello
[2017.03.28-22.49.00:375][153]LogBlueprintUserMessages: [spiritOrbOG_C_11] -1789.357178
[2017.03.28-22.49.00:399][156]LogScriptCore:Warning: Attempted to get an item from array CallFunc_GetOverlappingActors_OverlappingActors out of bounds [0/0]!

[2017.03.28-22.49.00:399][156]LogScriptCore:Warning: Attempted to get an item from array CallFunc_GetOverlappingActors_OverlappingActors2 out of bounds [0/0]!

[2017.03.28-22.49.00:632][181]LogBlueprintUserMessages: [spiritOrbOG_C_11] Hello
[2017.03.28-22.49.00:632][181]LogScriptCore:Warning: Attempted to get an item from array CallFunc_GetOverlappingActors_OverlappingActors out of bounds [0/0]!

[2017.03.28-22.49.00:820][201]LogScriptCore:Warning: Attempted to get an item from array CallFunc_GetOverlappingActors_OverlappingActors out of bounds [0/0]!

[2017.03.28-22.49.00:820][201]LogScriptCore:Warning: Attempted to get an item from array CallFunc_GetOverlappingActors_OverlappingActors2 out of bounds [0/0]!

[2017.03.28-22.49.00:912][211]LogBlueprintUserMessages: [spiritOrbOG_C_11] -1252.47583
[2017.03.28-22.49.01:070][228]LogBlueprintUserMessages: [spiritOrbOG_C_11] Hello
[2017.03.28-22.49.01:070][228]LogScriptCore:Warning: Attempted to get an item from array CallFunc_GetOverlappingActors_OverlappingActors out of bounds [0/0]!

[2017.03.28-22.49.01:296][253]LogBlueprintUserMessages: [spiritOrbOG_C_11] -1412.020386
[2017.03.28-22.49.01:304][254]LogScriptCore:Warning: Attempted to get an item from array CallFunc_GetOverlappingActors_OverlappingActors out of bounds [0/0]!

[2017.03.28-22.49.01:304][254]LogScriptCore:Warning: Attempted to get an item from array CallFunc_GetOverlappingActors_OverlappingActors2 out of bounds [0/0]!

[2017.03.28-22.49.01:616][288]LogBlueprintUserMessages: [AI_TurretBullet_C_15] 3.0
[2017.03.28-22.49.01:760][303]LogBlueprintUserMessages: [spiritOrbOG_C_11] Hello
[2017.03.28-22.49.01:760][303]LogScriptCore:Warning: Attempted to get an item from array CallFunc_GetOverlappingActors_OverlappingActors out of bounds [0/0]!

[2017.03.28-22.49.02:009][330]LogScriptCore:Warning: Attempted to get an item from array CallFunc_GetOverlappingActors_OverlappingActors out of bounds [0/0]!

[2017.03.28-22.49.02:010][330]LogScriptCore:Warning: Attempted to get an item from array CallFunc_GetOverlappingActors_OverlappingActors2 out of bounds [0/0]!

[2017.03.28-22.49.02:172][347]LogBlueprintUserMessages: [spiritOrbOG_C_11] -1213.557007
[2017.03.28-22.49.02:313][362]LogBlueprintUserMessages: [spiritOrbOG_C_11] 1040.19165
[2017.03.28-22.49.02:494][381]LogBlueprintUserMessages: [spiritOrbOG_C_11] -693.46106
[2017.03.28-22.49.03:690][511]LogBlueprintUserMessages: [KnightOfLight_C_0] warping Animation!
[2017.03.28-22.49.04:109][557]LogBlueprintUserMessages: [KnightOfLight_C_0] warping Animation!
[2017.03.28-22.49.04:743][626]LogBlueprintUserMessages: [spiritOrbOG_C_12] 0.0
[2017.03.28-22.49.04:743][626]LogBlueprintUserMessages: [spiritOrbOG_C_12] 0.0
[2017.03.28-22.49.04:743][626]LogBlueprintUserMessages: [spiritOrbOG_C_12] 9.0
[2017.03.28-22.49.04:743][626]LogBlueprintUserMessages: [spiritOrbOG_C_12] 0.0
[2017.03.28-22.49.04:743][626]LogBlueprintUserMessages: [spiritOrbOG_C_12] Hello
[2017.03.28-22.49.04:743][626]LogScriptCore:Warning: Attempted to get an item from array CallFunc_GetOverlappingActors_OverlappingActors out of bounds [0/0]!

[2017.03.28-22.49.04:745][626]LogBlueprintUserMessages: [spiritOrbOG_C_12] Hello
[2017.03.28-22.49.05:378][694]LogBlueprintUserMessages: [spiritOrbOG_C_12] -731.902405
[2017.03.28-22.49.07:891][962]LogBlueprintUserMessages: [KnightOfLight_C_0] warping Animation!
[2017.03.28-22.49.08:665][ 47]LogBlueprintUserMessages: [KnightOfLight_C_0] warping Animation!
[2017.03.28-22.49.11:729][385]LogBlueprintUserMessages: [spiritOrbOG_C_13] 0.0
[2017.03.28-22.49.11:729][385]LogBlueprintUserMessages: [spiritOrbOG_C_13] 0.0
[2017.03.28-22.49.11:729][385]LogBlueprintUserMessages: [spiritOrbOG_C_13] 9.0
[2017.03.28-22.49.11:729][385]LogBlueprintUserMessages: [spiritOrbOG_C_13] 0.0
[2017.03.28-22.49.11:729][385]LogBlueprintUserMessages: [spiritOrbOG_C_13] Hello
[2017.03.28-22.49.11:729][385]LogScriptCore:Warning: Attempted to get an item from array CallFunc_GetOverlappingActors_OverlappingActors out of bounds [0/0]!

[2017.03.28-22.49.11:730][385]LogBlueprintUserMessages: [spiritOrbOG_C_13] Hello
[2017.03.28-22.49.12:371][455]LogBlueprintUserMessages: [spiritOrbOG_C_13] -715.001343
[2017.03.28-22.49.13:173][540]LogBlueprintUserMessages: [spiritOrbOG_C_13] Hello
[2017.03.28-22.49.14:935][728]LogBlueprintUserMessages: [BTT_Attack_C_0] Hello
[2017.03.28-22.49.14:935][728]LogBlueprintUserMessages: [BTT_Attack_C_0] Hello
[2017.03.28-22.49.14:935][728]LogBlueprintUserMessages: [BTT_Attack_C_0] 0
[2017.03.28-22.49.14:935][728]LogBlueprintUserMessages: [BTT_Attack_C_0] Hello
[2017.03.28-22.49.14:935][728]LogBlueprintUserMessages: [BTT_Attack_C_0] Hello
[2017.03.28-22.49.14:935][728]LogBlueprintUserMessages: [BTT_Attack_C_0] 0
[2017.03.28-22.49.17:629][ 10]LogScript:Warning: Accessed None trying to read property CallFunc_GetBlackboardValueAsActor_ReturnValue
	BTT_DestroyMemory_C /Game/Maps/UEDPIE_0_TestLevel.TestLevel:PersistentLevel.AI_Controller_C_0.BTComponent.BTT_DestroyMemory_C_0
	Function /Game/bluePrints/AI_Blueprints/BTT_DestroyMemory.BTT_DestroyMemory_C:ExecuteUbergraph_BTT_DestroyMemory:0049
[2017.03.28-22.49.17:630][ 10]PIE:Error: Error Blueprint Runtime Error: Accessed None trying to read property CallFunc_GetBlackboardValueAsActor_ReturnValue from function: 'ExecuteUbergraph_BTT_DestroyMemory' from node: DestroyActor in graph: EventGraph in object: BTT_DestroyMemory with description: Accessed None trying to read property CallFunc_GetBlackboardValueAsActor_ReturnValue
[2017.03.28-22.49.24:493][753]LogBlueprintUserMessages: [BTT_Attack_C_0] Hello
[2017.03.28-22.49.24:493][753]LogBlueprintUserMessages: [BTT_Attack_C_0] Hello
[2017.03.28-22.49.24:493][753]LogBlueprintUserMessages: [BTT_Attack_C_0] 0
[2017.03.28-22.49.24:560][760]LogBlueprintUserMessages: [BTT_Attack_C_0] Hello
[2017.03.28-22.49.24:560][760]LogBlueprintUserMessages: [BTT_Attack_C_0] Hello
[2017.03.28-22.49.24:560][760]LogBlueprintUserMessages: [BTT_Attack_C_0] 1
[2017.03.28-22.49.24:689][773]LogBlueprintUserMessages: [BTT_Attack_C_0] Hello
[2017.03.28-22.49.24:689][773]LogBlueprintUserMessages: [BTT_Attack_C_0] Hello
[2017.03.28-22.49.24:689][773]LogBlueprintUserMessages: [BTT_Attack_C_0] 0
[2017.03.28-22.49.24:697][774]LogBlueprintUserMessages: [BTT_Attack_C_0] Hello
[2017.03.28-22.49.24:697][774]LogBlueprintUserMessages: [BTT_Attack_C_0] Hello
[2017.03.28-22.49.24:697][774]LogBlueprintUserMessages: [BTT_Attack_C_0] 0
[2017.03.28-22.49.24:959][803]LogBlueprintUserMessages: [BTT_Attack_C_0] Hello
[2017.03.28-22.49.24:959][803]LogBlueprintUserMessages: [BTT_Attack_C_0] Hello
[2017.03.28-22.49.24:959][803]LogBlueprintUserMessages: [BTT_Attack_C_0] 0
[2017.03.28-22.49.25:287][838]LogScript:Warning: Accessed None trying to read property CallFunc_GetBlackboardValueAsActor_ReturnValue
	BTT_DestroyMemory_C /Game/Maps/UEDPIE_0_TestLevel.TestLevel:PersistentLevel.AI_Controller_C_0.BTComponent.BTT_DestroyMemory_C_0
	Function /Game/bluePrints/AI_Blueprints/BTT_DestroyMemory.BTT_DestroyMemory_C:ExecuteUbergraph_BTT_DestroyMemory:0049
[2017.03.28-22.49.25:287][838]PIE:Error: Error Blueprint Runtime Error: Accessed None trying to read property CallFunc_GetBlackboardValueAsActor_ReturnValue from function: 'ExecuteUbergraph_BTT_DestroyMemory' from node: DestroyActor in graph: EventGraph in object: BTT_DestroyMemory with description: Accessed None trying to read property CallFunc_GetBlackboardValueAsActor_ReturnValue
[2017.03.28-22.49.25:735][886]LogBlueprintUserMessages: [BTT_Attack_C_0] Hello
[2017.03.28-22.49.25:735][886]LogBlueprintUserMessages: [BTT_Attack_C_0] Hello
[2017.03.28-22.49.25:735][886]LogBlueprintUserMessages: [BTT_Attack_C_0] 0
[2017.03.28-22.49.25:744][887]LogBlueprintUserMessages: [BTT_Attack_C_0] Hello
[2017.03.28-22.49.25:744][887]LogBlueprintUserMessages: [BTT_Attack_C_0] Hello
[2017.03.28-22.49.25:744][887]LogBlueprintUserMessages: [BTT_Attack_C_0] 1
[2017.03.28-22.49.25:851][898]LogBlueprintUserMessages: [BTT_Attack_C_0] Hello
[2017.03.28-22.49.25:851][898]LogBlueprintUserMessages: [BTT_Attack_C_0] Hello
[2017.03.28-22.49.25:851][898]LogBlueprintUserMessages: [BTT_Attack_C_0] 0
[2017.03.28-22.49.25:913][905]LogBlueprintUserMessages: [BTT_Attack_C_0] Hello
[2017.03.28-22.49.25:913][905]LogBlueprintUserMessages: [BTT_Attack_C_0] Hello
[2017.03.28-22.49.25:913][905]LogBlueprintUserMessages: [BTT_Attack_C_0] 0
[2017.03.28-22.49.26:026][917]LogBlueprintUserMessages: [BTT_Attack_C_0] Hello
[2017.03.28-22.49.26:026][917]LogBlueprintUserMessages: [BTT_Attack_C_0] Hello
[2017.03.28-22.49.26:026][917]LogBlueprintUserMessages: [BTT_Attack_C_0] 0
[2017.03.28-22.49.26:099][925]LogBlueprintUserMessages: [BTT_Attack_C_0] Hello
[2017.03.28-22.49.26:099][925]LogBlueprintUserMessages: [BTT_Attack_C_0] Hello
[2017.03.28-22.49.26:099][925]LogBlueprintUserMessages: [BTT_Attack_C_0] 0
[2017.03.28-22.49.26:161][932]LogScriptCore:Warning: Attempted to get an item from array CallFunc_GetOverlappingActors_OverlappingActors2 out of bounds [0/0]!

[2017.03.28-22.49.26:162][932]LogBlueprintUserMessages: [BTT_Attack_C_0] Hello
[2017.03.28-22.49.26:162][932]LogBlueprintUserMessages: [BTT_Attack_C_0] Hello
[2017.03.28-22.49.26:162][932]LogBlueprintUserMessages: [BTT_Attack_C_0] 0
[2017.03.28-22.49.26:479][967]LogScriptCore:Warning: Attempted to get an item from array CallFunc_GetOverlappingActors_OverlappingActors2 out of bounds [0/0]!

[2017.03.28-22.49.26:695][987]LogBlueprintUserMessages: [BTT_Attack_C_0] Hello
[2017.03.28-22.49.26:695][987]LogBlueprintUserMessages: [BTT_Attack_C_0] Hello
[2017.03.28-22.49.26:695][987]LogBlueprintUserMessages: [BTT_Attack_C_0] 0
[2017.03.28-22.49.26:739][992]LogScriptCore:Warning: Attempted to get an item from array CallFunc_GetOverlappingActors_OverlappingActors2 out of bounds [0/0]!

[2017.03.28-22.49.26:953][ 15]LogScriptCore:Warning: Attempted to get an item from array CallFunc_GetOverlappingActors_OverlappingActors2 out of bounds [0/0]!

[2017.03.28-22.49.27:159][ 37]LogScriptCore:Warning: Attempted to get an item from array CallFunc_GetOverlappingActors_OverlappingActors2 out of bounds [0/0]!

[2017.03.28-22.49.27:395][ 59]LogScriptCore:Warning: Attempted to get an item from array CallFunc_GetOverlappingActors_OverlappingActors out of bounds [0/0]!

[2017.03.28-22.49.27:395][ 59]LogScriptCore:Warning: Attempted to get an item from array CallFunc_GetOverlappingActors_OverlappingActors2 out of bounds [0/0]!

[2017.03.28-22.49.28:057][134]LogBlueprintUserMessages: [BTT_Attack_C_0] Hello
[2017.03.28-22.49.28:057][134]LogBlueprintUserMessages: [BTT_Attack_C_0] Hello
[2017.03.28-22.49.28:057][134]LogBlueprintUserMessages: [BTT_Attack_C_0] 0
[2017.03.28-22.49.29:178][255]LogScriptCore:Warning: Attempted to get an item from array CallFunc_GetOverlappingActors_OverlappingActors out of bounds [0/0]!

[2017.03.28-22.49.29:178][255]LogScriptCore:Warning: Attempted to get an item from array CallFunc_GetOverlappingActors_OverlappingActors2 out of bounds [0/0]!

[2017.03.28-22.49.29:427][282]LogScriptCore:Warning: Attempted to get an item from array CallFunc_GetOverlappingActors_OverlappingActors out of bounds [0/0]!

[2017.03.28-22.49.29:427][282]LogScriptCore:Warning: Attempted to get an item from array CallFunc_GetOverlappingActors_OverlappingActors2 out of bounds [0/0]!

[2017.03.28-22.49.29:636][305]LogScriptCore:Warning: Attempted to get an item from array CallFunc_GetOverlappingActors_OverlappingActors out of bounds [0/0]!

[2017.03.28-22.49.29:637][305]LogScriptCore:Warning: Attempted to get an item from array CallFunc_GetOverlappingActors_OverlappingActors2 out of bounds [0/0]!

[2017.03.28-22.49.29:936][335]LogScriptCore:Warning: Attempted to get an item from array CallFunc_GetOverlappingActors_OverlappingActors out of bounds [0/0]!

[2017.03.28-22.49.29:936][335]LogScriptCore:Warning: Attempted to get an item from array CallFunc_GetOverlappingActors_OverlappingActors2 out of bounds [0/0]!

[2017.03.28-22.49.33:738][751]LogBlueprintUserMessages: [BTT_Attack_C_0] Hello
[2017.03.28-22.49.33:738][751]LogBlueprintUserMessages: [BTT_Attack_C_0] Hello
[2017.03.28-22.49.33:738][751]LogBlueprintUserMessages: [BTT_Attack_C_0] 1
[2017.03.28-22.49.34:106][790]LogBlueprintUserMessages: [spiritOrbOG_C_14] 0.0
[2017.03.28-22.49.34:106][790]LogBlueprintUserMessages: [spiritOrbOG_C_14] 0.0
[2017.03.28-22.49.34:106][790]LogBlueprintUserMessages: [spiritOrbOG_C_14] 9.0
[2017.03.28-22.49.34:106][790]LogBlueprintUserMessages: [spiritOrbOG_C_14] 0.0
[2017.03.28-22.49.34:106][790]LogBlueprintUserMessages: [spiritOrbOG_C_14] Hello
[2017.03.28-22.49.34:107][790]LogScriptCore:Warning: Attempted to get an item from array CallFunc_GetOverlappingActors_OverlappingActors out of bounds [0/0]!

[2017.03.28-22.49.34:107][790]LogBlueprintUserMessages: [spiritOrbOG_C_14] Hello
[2017.03.28-22.49.34:353][817]LogBlueprintUserMessages: [spiritOrbOG_C_14] 0.000515
[2017.03.28-22.49.34:637][847]LogBlueprintUserMessages: [spiritOrbOG_C_14] Hello
[2017.03.28-22.49.35:815][974]LogBlueprintUserMessages: [spiritOrbOG_C_14] Hello
[2017.03.28-22.49.38:462][259]LogBlueprintUserMessages: [KnightOfLight_C_0] warping Animation!
[2017.03.28-22.49.41:339][580]LogBlueprintUserMessages: [spiritOrbOG_C_15] 0.0
[2017.03.28-22.49.41:339][580]LogBlueprintUserMessages: [spiritOrbOG_C_15] 0.0
[2017.03.28-22.49.41:339][580]LogBlueprintUserMessages: [spiritOrbOG_C_15] 9.0
[2017.03.28-22.49.41:339][580]LogBlueprintUserMessages: [spiritOrbOG_C_15] 0.0
[2017.03.28-22.49.41:339][580]LogBlueprintUserMessages: [spiritOrbOG_C_15] Hello
[2017.03.28-22.49.41:339][580]LogScriptCore:Warning: Attempted to get an item from array CallFunc_GetOverlappingActors_OverlappingActors out of bounds [0/0]!

[2017.03.28-22.49.41:340][580]LogBlueprintUserMessages: [spiritOrbOG_C_15] Hello
[2017.03.28-22.49.41:735][623]LogBlueprintUserMessages: [spiritOrbOG_C_15] -1218.644409
[2017.03.28-22.49.43:633][833]LogBlueprintUserMessages: Early EndPlayMap Detection: Level '/Game/Maps/TestLevel.TestLevel:PersistentLevel' has LevelScriptBlueprint '/Game/Maps/TestLevel.TestLevel:PersistentLevel.TestLevel' with GeneratedClass '/Game/Maps/TestLevel.TestLevel_C' with ClassGeneratedBy '/Game/Maps/TestLevel.TestLevel:PersistentLevel.TestLevel'
[2017.03.28-22.49.43:672][833]LogBlueprintUserMessages: Late EndPlayMap Detection: Level '/Game/Maps/TestLevel.TestLevel:PersistentLevel' has LevelScriptBlueprint '/Game/Maps/TestLevel.TestLevel:PersistentLevel.TestLevel' with GeneratedClass '/Game/Maps/TestLevel.TestLevel_C' with ClassGeneratedBy '/Game/Maps/TestLevel.TestLevel:PersistentLevel.TestLevel'
[2017.03.28-22.49.45:310][984]LogWindowsTextInputMethodSystem:Display: IME system now deactivated.
[2017.03.28-22.49.45:511][985]Cmd: QUIT_EDITOR
[2017.03.28-22.49.45:882][985]LogExit: Preparing to exit.
[2017.03.28-22.49.46:869][985]LogExit: Editor shut down
[2017.03.28-22.49.46:870][985]LogExit: Transaction tracking system shut down
[2017.03.28-22.49.47:118][985]LogObj: Freed 0b from 0 cluster array pools.
[2017.03.28-22.49.47:119][985]LogExit: Object subsystem successfully closed.
[2017.03.28-22.49.47:153][985]LogD3D11RHI: Shutdown
[2017.03.28-22.49.47:153][985]LogD3D11RHI: CleanupD3DDevice
[2017.03.28-22.49.47:303][985]LogD3D11RHI: ~FD3D11DynamicRHI
[2017.03.28-22.49.47:310][985]LogModuleManager: Shutting down and abandoning module MovieSceneCapture (216)
[2017.03.28-22.49.47:310][985]LogModuleManager: Shutting down and abandoning module HierarchicalLODOutliner (215)
[2017.03.28-22.49.47:310][985]LogModuleManager: Shutting down and abandoning module CrashTracker (214)
[2017.03.28-22.49.47:310][985]LogModuleManager: Shutting down and abandoning module SceneOutliner (213)
[2017.03.28-22.49.47:310][985]LogModuleManager: Shutting down and abandoning module WidgetCarousel (212)
[2017.03.28-22.49.47:310][985]LogModuleManager: Shutting down and abandoning module AddContentDialog (211)
[2017.03.28-22.49.47:311][985]LogModuleManager: Shutting down and abandoning module GameplayTags (210)
[2017.03.28-22.49.47:311][985]LogModuleManager: Shutting down and abandoning module EditorWidgets (209)
[2017.03.28-22.49.47:311][985]LogModuleManager: Shutting down and abandoning module CollectionManager (208)
[2017.03.28-22.49.47:311][985]LogModuleManager: Shutting down and abandoning module StatsViewer (207)
[2017.03.28-22.49.47:311][985]LogModuleManager: Shutting down and abandoning module FoliageEdit (206)
[2017.03.28-22.49.47:312][985]LogModuleManager: Shutting down and abandoning module LandscapeEditor (205)
[2017.03.28-22.49.47:312][985]LogModuleManager: Shutting down and abandoning module SceneDepthPickerMode (204)
[2017.03.28-22.49.47:312][985]LogModuleManager: Shutting down and abandoning module ActorPickerMode (203)
[2017.03.28-22.49.47:312][985]LogModuleManager: Shutting down and abandoning module GeometryMode (202)
[2017.03.28-22.49.47:312][985]LogModuleManager: Shutting down and abandoning module TextureAlignMode (201)
[2017.03.28-22.49.47:312][985]LogModuleManager: Shutting down and abandoning module BspMode (200)
[2017.03.28-22.49.47:312][985]LogModuleManager: Shutting down and abandoning module HardwareSurvey (199)
[2017.03.28-22.49.47:312][985]LogModuleManager: Shutting down and abandoning module SequenceRecorderSections (198)
[2017.03.28-22.49.47:312][985]LogModuleManager: Shutting down and abandoning module SequenceRecorder (197)
[2017.03.28-22.49.47:312][985]LogModuleManager: Shutting down and abandoning module AutomationWorker (196)
[2017.03.28-22.49.47:312][985]LogModuleManager: Shutting down and abandoning module MatineeToLevelSequence (195)
[2017.03.28-22.49.47:312][985]LogModuleManager: Shutting down and abandoning module PlacementMode (194)
[2017.03.28-22.49.47:312][985]LogModuleManager: Shutting down and abandoning module LevelSequenceEditor (193)
[2017.03.28-22.49.47:312][985]LogModuleManager: Shutting down and abandoning module CharacterAI (192)
[2017.03.28-22.49.47:312][985]LogModuleManager: Shutting down and abandoning module SmartSnapping (191)
[2017.03.28-22.49.47:312][985]LogModuleManager: Shutting down and abandoning module SessionServices (190)
[2017.03.28-22.49.47:312][985]LogModuleManager: Shutting down and abandoning module ViewportSnapping (189)
[2017.03.28-22.49.47:312][985]LogModuleManager: Shutting down and abandoning module LogVisualizer (188)
[2017.03.28-22.49.47:312][985]LogModuleManager: Shutting down and abandoning module GameProjectGeneration (187)
[2017.03.28-22.49.47:312][985]LogModuleManager: Shutting down and abandoning module IntroTutorials (186)
[2017.03.28-22.49.47:312][985]LogModuleManager: Shutting down and abandoning module EditorLiveStreaming (185)
[2017.03.28-22.49.47:312][985]LogModuleManager: Shutting down and abandoning module IOSPlatformEditor (184)
[2017.03.28-22.49.47:312][985]LogModuleManager: Shutting down and abandoning module HTML5PlatformEditor (183)
[2017.03.28-22.49.47:312][985]LogModuleManager: Shutting down and abandoning module AndroidDeviceDetection (182)
[2017.03.28-22.49.47:896][985]LogModuleManager: Shutting down and abandoning module AndroidPlatformEditor (181)
[2017.03.28-22.49.47:910][985]LogModuleManager: Shutting down and abandoning module IOSRuntimeSettings (180)
[2017.03.28-22.49.47:910][985]LogModuleManager: Shutting down and abandoning module AndroidRuntimeSettings (179)
[2017.03.28-22.49.47:910][985]LogModuleManager: Shutting down and abandoning module MergeActors (178)
[2017.03.28-22.49.47:910][985]LogModuleManager: Shutting down and abandoning module SizeMap (177)
[2017.03.28-22.49.47:910][985]LogModuleManager: Shutting down and abandoning module TreeMap (176)
[2017.03.28-22.49.47:910][985]LogModuleManager: Shutting down and abandoning module ReferenceViewer (175)
[2017.03.28-22.49.47:910][985]LogModuleManager: Shutting down and abandoning module LocalizationService (174)
[2017.03.28-22.49.47:910][985]LogModuleManager: Shutting down and abandoning module LocalizationDashboard (173)
[2017.03.28-22.49.47:910][985]LogModuleManager: Shutting down and abandoning module HardwareTargeting (172)
[2017.03.28-22.49.47:910][985]LogModuleManager: Shutting down and abandoning module DeviceProfileEditor (171)
[2017.03.28-22.49.47:910][985]LogModuleManager: Shutting down and abandoning module UndoHistory (170)
[2017.03.28-22.49.47:910][985]LogModuleManager: Shutting down and abandoning module UserFeedback (169)
[2017.03.28-22.49.47:910][985]LogModuleManager: Shutting down and abandoning module XmlParser (168)
[2017.03.28-22.49.47:910][985]LogModuleManager: Shutting down and abandoning module Blutility (167)
[2017.03.28-22.49.47:910][985]LogModuleManager: Shutting down and abandoning module ProjectTargetPlatformEditor (166)
[2017.03.28-22.49.47:910][985]LogModuleManager: Shutting down and abandoning module ProjectSettingsViewer (165)
[2017.03.28-22.49.47:910][985]LogModuleManager: Shutting down and abandoning module InputBindingEditor (164)
[2017.03.28-22.49.47:910][985]LogModuleManager: Shutting down and abandoning module EditorSettingsViewer (163)
[2017.03.28-22.49.47:910][985]LogModuleManager: Shutting down and abandoning module SettingsEditor (162)
[2017.03.28-22.49.47:910][985]LogModuleManager: Shutting down and abandoning module ProjectLauncher (161)
[2017.03.28-22.49.47:910][985]LogModuleManager: Shutting down and abandoning module SessionFrontend (160)
[2017.03.28-22.49.47:910][985]LogModuleManager: Shutting down and abandoning module ProfilerClient (159)
[2017.03.28-22.49.47:910][985]LogModuleManager: Shutting down and abandoning module TargetDeviceServices (158)
[2017.03.28-22.49.47:910][985]LogModuleManager: Shutting down and abandoning module DeviceManager (157)
[2017.03.28-22.49.47:964][985]LogModuleManager: Shutting down and abandoning module AutomationController (156)
[2017.03.28-22.49.47:964][985]LogModuleManager: Shutting down and abandoning module AutomationWindow (155)
[2017.03.28-22.49.47:964][985]LogModuleManager: Shutting down and abandoning module Layers (154)
[2017.03.28-22.49.47:964][985]LogModuleManager: Shutting down and abandoning module ComponentVisualizers (153)
[2017.03.28-22.49.47:964][985]LogModuleManager: Shutting down and abandoning module DetailCustomizations (152)
[2017.03.28-22.49.47:964][985]LogModuleManager: Shutting down and abandoning module PackagesDialog (151)
[2017.03.28-22.49.47:964][985]LogModuleManager: Shutting down and abandoning module Persona (150)
[2017.03.28-22.49.47:964][985]LogModuleManager: Shutting down and abandoning module Kismet (149)
[2017.03.28-22.49.47:964][985]LogModuleManager: Shutting down and abandoning module GraphEditor (148)
[2017.03.28-22.49.47:964][985]LogModuleManager: Shutting down and abandoning module ClassViewer (147)
[2017.03.28-22.49.47:964][985]LogModuleManager: Shutting down and abandoning module Toolbox (146)
[2017.03.28-22.49.47:964][985]LogModuleManager: Shutting down and abandoning module ModuleUI (145)
[2017.03.28-22.49.47:964][985]LogModuleManager: Shutting down and abandoning module MovieSceneTools (144)
[2017.03.28-22.49.47:964][985]LogModuleManager: Shutting down and abandoning module OutputLog (143)
[2017.03.28-22.49.47:964][985]LogModuleManager: Shutting down and abandoning module GammaUI (142)
[2017.03.28-22.49.47:964][985]LogModuleManager: Shutting down and abandoning module Documentation (141)
[2017.03.28-22.49.47:964][985]LogModuleManager: Shutting down and abandoning module StreamingPauseRendering (140)
[2017.03.28-22.49.47:964][985]LogModuleManager: Shutting down and abandoning module AnalyticsET (139)
[2017.03.28-22.49.47:964][985]LogModuleManager: Shutting down and abandoning module Analytics (138)
[2017.03.28-22.49.47:964][985]LogModuleManager: Shutting down and abandoning module PortalServices (137)
[2017.03.28-22.49.47:964][985]LogModuleManager: Shutting down and abandoning module PortalRpc (136)
[2017.03.28-22.49.47:964][985]LogModuleManager: Shutting down and abandoning module MessagingRpc (135)
[2017.03.28-22.49.47:964][985]LogModuleManager: Shutting down and abandoning module GameplayDebugger (134)
[2017.03.28-22.49.47:964][985]LogModuleManager: Shutting down and abandoning module AITestSuite (133)
[2017.03.28-22.49.47:964][985]LogModuleManager: Shutting down and abandoning module AIModule (132)
[2017.03.28-22.49.47:964][985]LogModuleManager: Shutting down and abandoning module ProfilerService (131)
[2017.03.28-22.49.48:112][985]LogModuleManager: Shutting down and abandoning module TaskGraph (130)
[2017.03.28-22.49.48:112][985]LogModuleManager: Shutting down and abandoning module SubstanceEditor (129)
[2017.03.28-22.49.48:112][985]LogModuleManager: Shutting down and abandoning module SlateRemote (128)
[2017.03.28-22.49.48:112][985]LogModuleManager: Shutting down and abandoning module SteamVRController (127)
[2017.03.28-22.49.48:112][985]LogModuleManager: Shutting down and abandoning module SteamVR (126)
[2017.03.28-22.49.48:112][985]LogModuleManager: Shutting down and abandoning module ProceduralMeshComponent (125)
[2017.03.28-22.49.48:112][985]LogModuleManager: Shutting down and abandoning module OculusLibrary (124)
[2017.03.28-22.49.48:112][985]LogModuleManager: Shutting down and abandoning module OculusInput (123)
[2017.03.28-22.49.48:112][985]LogModuleManager: Shutting down and abandoning module CustomMeshComponent (122)
[2017.03.28-22.49.48:112][985]LogModuleManager: Shutting down and abandoning module CableComponent (121)
[2017.03.28-22.49.48:112][985]LogModuleManager: Shutting down and abandoning module ArchVisCharacter (120)
[2017.03.28-22.49.48:112][985]LogModuleManager: Shutting down and abandoning module MediaPlayerEditor (119)
[2017.03.28-22.49.48:112][985]LogModuleManager: Shutting down and abandoning module HTML5Networking (118)
[2017.03.28-22.49.48:112][985]LogModuleManager: Shutting down and abandoning module SuperSearch (117)
[2017.03.28-22.49.48:112][985]LogModuleManager: Shutting down and abandoning module SuperSearchEditor (116)
[2017.03.28-22.49.48:112][985]LogModuleManager: Shutting down and abandoning module SpeedTreeImporter (115)
[2017.03.28-22.49.48:112][985]LogModuleManager: Shutting down and abandoning module PluginBrowser (114)
[2017.03.28-22.49.48:112][985]LogModuleManager: Shutting down and abandoning module EpicSurvey (113)
[2017.03.28-22.49.48:112][985]LogModuleManager: Shutting down and abandoning module DesktopPlatform (112)
[2017.03.28-22.49.48:112][985]LogModuleManager: Shutting down and abandoning module VisualStudioSourceCodeAccess (111)
[2017.03.28-22.49.48:112][985]LogModuleManager: Shutting down and abandoning module UObjectPlugin (110)
[2017.03.28-22.49.48:112][985]LogModuleManager: Shutting down and abandoning module SubversionSourceControl (109)
[2017.03.28-22.49.48:112][985]LogModuleManager: Shutting down and abandoning module PerforceSourceControl (108)
[2017.03.28-22.49.48:112][985]LogModuleManager: Shutting down and abandoning module SourceControl (107)
[2017.03.28-22.49.48:112][985]LogModuleManager: Shutting down and abandoning module GitSourceControl (106)
[2017.03.28-22.49.48:112][985]LogModuleManager: Shutting down and abandoning module LightPropagationVolumeEditor (105)
[2017.03.28-22.49.48:112][985]LogModuleManager: Shutting down and abandoning module PaperTiledImporter (104)
[2017.03.28-22.49.48:112][985]LogModuleManager: Shutting down and abandoning module PaperSpriteSheetImporter (103)
[2017.03.28-22.49.48:112][985]LogModuleManager: Shutting down and abandoning module MeshPaint (102)
[2017.03.28-22.49.48:112][985]LogModuleManager: Shutting down and abandoning module PixelInspectorModule (101)
[2017.03.28-22.49.48:112][985]LogModuleManager: Shutting down and abandoning module HotReload (100)
[2017.03.28-22.49.48:113][985]LogModuleManager: Shutting down and abandoning module MainFrame (99)
[2017.03.28-22.49.48:113][985]LogModuleManager: Shutting down and abandoning module LevelEditor (98)
[2017.03.28-22.49.48:114][985]LogModuleManager: Shutting down and abandoning module ContentBrowser (97)
[2017.03.28-22.49.48:115][985]LogModuleManager: Shutting down and abandoning module Paper2DEditor (96)
[2017.03.28-22.49.48:115][985]LogModuleManager: Shutting down and abandoning module UdpMessaging (95)
[2017.03.28-22.49.48:215][985]LogModuleManager: Shutting down and abandoning module SubstanceCore (94)
[2017.03.28-22.49.48:215][985]LogModuleManager: Shutting down and abandoning module LightPropagationVolumeRuntime (93)
[2017.03.28-22.49.48:215][985]LogModuleManager: Shutting down and abandoning module Paper2D (92)
[2017.03.28-22.49.48:215][985]LogModuleManager: Shutting down and abandoning module WindowsMoviePlayer (91)
[2017.03.28-22.49.48:215][985]LogModuleManager: Shutting down and abandoning module Media (90)
[2017.03.28-22.49.48:215][985]LogModuleManager: Shutting down and abandoning module WmfMedia (89)
[2017.03.28-22.49.48:216][985]LogModuleManager: Shutting down and abandoning module MediaAssets (88)
[2017.03.28-22.49.48:216][985]LogModuleManager: Shutting down and abandoning module GameLiveStreaming (87)
[2017.03.28-22.49.48:216][985]LogModuleManager: Shutting down and abandoning module GameplayTagsEditor (86)
[2017.03.28-22.49.48:216][985]LogModuleManager: Shutting down and abandoning module OnlineBlueprintSupport (85)
[2017.03.28-22.49.48:216][985]LogModuleManager: Shutting down and abandoning module VREditor (84)
[2017.03.28-22.49.48:216][985]LogModuleManager: Shutting down and abandoning module GameplayTasksEditor (83)
[2017.03.28-22.49.48:216][985]LogModuleManager: Shutting down and abandoning module PropertyEditor (82)
[2017.03.28-22.49.48:216][985]LogModuleManager: Shutting down and abandoning module BehaviorTreeEditor (81)
[2017.03.28-22.49.48:216][985]LogModuleManager: Shutting down and abandoning module FunctionalTesting (80)
[2017.03.28-22.49.48:216][985]LogModuleManager: Shutting down and abandoning module CollisionAnalyzer (79)
[2017.03.28-22.49.48:216][985]LogModuleManager: Shutting down and abandoning module Sequencer (78)
[2017.03.28-22.49.48:216][985]LogModuleManager: Shutting down and abandoning module WorkspaceMenuStructure (77)
[2017.03.28-22.49.48:216][985]LogModuleManager: Shutting down and abandoning module MessageLog (76)
[2017.03.28-22.49.48:216][985]LogModuleManager: Shutting down and abandoning module AssetTools (75)
[2017.03.28-22.49.48:216][985]LogModuleManager: Shutting down and abandoning module UMGEditor (74)
[2017.03.28-22.49.48:216][985]LogModuleManager: Shutting down and abandoning module UMG (73)
[2017.03.28-22.49.48:216][985]LogModuleManager: Shutting down and abandoning module SlateReflector (72)
[2017.03.28-22.49.48:216][985]LogModuleManager: Shutting down and abandoning module Slate (71)
[2017.03.28-22.49.48:216][985]LogModuleManager: Shutting down and abandoning module EditorStyle (70)
[2017.03.28-22.49.48:218][985]LogModuleManager: Shutting down and abandoning module SourceCodeAccess (69)
[2017.03.28-22.49.48:218][985]LogModuleManager: Shutting down and abandoning module HeadMountedDisplay (68)
[2017.03.28-22.49.48:218][985]LogModuleManager: Shutting down and abandoning module XAudio2 (67)
[2017.03.28-22.49.48:218][985]LogModuleManager: Shutting down and abandoning module Networking (65)
[2017.03.28-22.49.48:218][985]LogModuleManager: Shutting down and abandoning module Core (64)
[2017.03.28-22.49.48:218][985]LogModuleManager: Shutting down and abandoning module DirectoryWatcher (63)
[2017.03.28-22.49.48:219][985]LogModuleManager: Shutting down and abandoning module AssetRegistry (62)
[2017.03.28-22.49.48:371][985]LogModuleManager: Shutting down and abandoning module KismetCompiler (61)
[2017.03.28-22.49.48:371][985]LogModuleManager: Shutting down and abandoning module PhysXFormats (60)
[2017.03.28-22.49.48:371][985]LogModuleManager: Shutting down and abandoning module MeshUtilities (59)
[2017.03.28-22.49.48:371][985]LogModuleManager: Shutting down and abandoning module DerivedDataCache (58)
[2017.03.28-22.49.48:433][985]LogDerivedDataCache: Shutdown
[2017.03.28-22.49.48:433][985]LogModuleManager: Shutting down and abandoning module VulkanShaderFormat (57)
[2017.03.28-22.49.48:433][985]LogModuleManager: Shutting down and abandoning module ShaderFormatOpenGL (56)
[2017.03.28-22.49.48:433][985]LogModuleManager: Shutting down and abandoning module ShaderFormatD3D (55)
[2017.03.28-22.49.48:433][985]LogModuleManager: Shutting down and abandoning module MetalShaderFormat (54)
[2017.03.28-22.49.48:433][985]LogModuleManager: Shutting down and abandoning module TextureFormatUncompressed (53)
[2017.03.28-22.49.48:433][985]LogModuleManager: Shutting down and abandoning module TextureFormatPVR (52)
[2017.03.28-22.49.48:433][985]LogModuleManager: Shutting down and abandoning module TextureFormatIntelISPCTexComp (51)
[2017.03.28-22.49.48:433][985]LogModuleManager: Shutting down and abandoning module TextureFormatDXT (50)
[2017.03.28-22.49.48:433][985]LogModuleManager: Shutting down and abandoning module ImageWrapper (49)
[2017.03.28-22.49.48:433][985]LogModuleManager: Shutting down and abandoning module TextureFormatASTC (48)
[2017.03.28-22.49.48:433][985]LogModuleManager: Shutting down and abandoning module TextureFormatAndroid (47)
[2017.03.28-22.49.48:433][985]LogModuleManager: Shutting down and abandoning module AudioFormatOpus (46)
[2017.03.28-22.49.48:433][985]LogModuleManager: Shutting down and abandoning module AudioFormatOgg (45)
[2017.03.28-22.49.48:433][985]LogModuleManager: Shutting down and abandoning module AudioFormatADPCM (44)
[2017.03.28-22.49.48:433][985]LogModuleManager: Shutting down and abandoning module LinuxTargetPlatform (43)
[2017.03.28-22.49.48:433][985]LogModuleManager: Shutting down and abandoning module LinuxServerTargetPlatform (42)
[2017.03.28-22.49.48:433][985]LogModuleManager: Shutting down and abandoning module LinuxNoEditorTargetPlatform (41)
[2017.03.28-22.49.48:433][985]LogModuleManager: Shutting down and abandoning module TVOSTargetPlatform (40)
[2017.03.28-22.49.48:434][985]LogModuleManager: Shutting down and abandoning module Messaging (39)
[2017.03.28-22.49.48:434][985]LogModuleManager: Shutting down and abandoning module IOSTargetPlatform (38)
[2017.03.28-22.49.48:434][985]LogModuleManager: Shutting down and abandoning module HTML5TargetPlatform (37)
[2017.03.28-22.49.48:434][985]LogModuleManager: Shutting down and abandoning module Android_PVRTCTargetPlatform (36)
[2017.03.28-22.49.48:434][985]LogModuleManager: Shutting down and abandoning module Android_MultiTargetPlatform (35)
[2017.03.28-22.49.48:434][985]LogModuleManager: Shutting down and abandoning module Android_ETC2TargetPlatform (34)
[2017.03.28-22.49.48:434][985]LogModuleManager: Shutting down and abandoning module Android_ETC1TargetPlatform (33)
[2017.03.28-22.49.48:434][985]LogModuleManager: Shutting down and abandoning module Android_DXTTargetPlatform (32)
[2017.03.28-22.49.48:434][985]LogModuleManager: Shutting down and abandoning module Android_ATCTargetPlatform (31)
[2017.03.28-22.49.48:434][985]LogModuleManager: Shutting down and abandoning module Android_ASTCTargetPlatform (30)
[2017.03.28-22.49.48:434][985]LogModuleManager: Shutting down and abandoning module AndroidTargetPlatform (29)
[2017.03.28-22.49.48:434][985]LogModuleManager: Shutting down and abandoning module WindowsTargetPlatform (28)
[2017.03.28-22.49.48:434][985]LogModuleManager: Shutting down and abandoning module WindowsServerTargetPlatform (27)
[2017.03.28-22.49.48:434][985]LogModuleManager: Shutting down and abandoning module WindowsNoEditorTargetPlatform (26)
[2017.03.28-22.49.48:434][985]LogModuleManager: Shutting down and abandoning module WindowsClientTargetPlatform (25)
[2017.03.28-22.49.48:434][985]LogModuleManager: Shutting down and abandoning module AllDesktopTargetPlatform (24)
[2017.03.28-22.49.48:434][985]LogModuleManager: Shutting down and abandoning module TargetPlatform (23)
[2017.03.28-22.49.48:434][985]LogModuleManager: Shutting down and abandoning module InputCore (22)
[2017.03.28-22.49.48:434][985]LogModuleManager: Shutting down and abandoning module Settings (21)
[2017.03.28-22.49.48:434][985]LogModuleManager: Shutting down and abandoning module OnlineSubsystem (19)
[2017.03.28-22.49.48:434][985]LogModuleManager: Shutting down and abandoning module HTTP (18)
[2017.03.28-22.49.49:936][985]LogModuleManager: Shutting down and abandoning module XMPP (17)
[2017.03.28-22.49.49:936][985]LogModuleManager: Shutting down and abandoning module OculusRift (16)
[2017.03.28-22.49.49:936][985]LogModuleManager: Shutting down and abandoning module ExampleDeviceProfileSelector (15)
[2017.03.28-22.49.49:936][985]LogModuleManager: Shutting down and abandoning module TextureCompressor (14)
[2017.03.28-22.49.49:937][985]LogModuleManager: Shutting down and abandoning module ShaderCore (13)
[2017.03.28-22.49.49:937][985]LogModuleManager: Shutting down and abandoning module Landscape (12)
[2017.03.28-22.49.49:937][985]LogModuleManager: Shutting down and abandoning module SlateRHIRenderer (11)
[2017.03.28-22.49.49:937][985]LogModuleManager: Shutting down and abandoning module OpenGLDrv (10)
[2017.03.28-22.49.49:937][985]LogModuleManager: Shutting down and abandoning module D3D11RHI (9)
[2017.03.28-22.49.49:937][985]LogModuleManager: Shutting down and abandoning module AnimGraphRuntime (8)
[2017.03.28-22.49.49:937][985]LogModuleManager: Shutting down and abandoning module Renderer (7)
[2017.03.28-22.49.49:937][985]LogModuleManager: Shutting down and abandoning module Engine (6)
[2017.03.28-22.49.49:937][985]LogModuleManager: Shutting down and abandoning module CoreUObject (5)
[2017.03.28-22.49.49:937][985]LogModuleManager: Shutting down and abandoning module NetworkFile (4)
[2017.03.28-22.49.49:937][985]LogModuleManager: Shutting down and abandoning module StreamingFile (3)
[2017.03.28-22.49.49:937][985]LogModuleManager: Shutting down and abandoning module SandboxFile (2)
[2017.03.28-22.49.49:937][985]LogModuleManager: Shutting down and abandoning module PakFile (1)
[2017.03.28-22.49.49:939][985]LogExit: Exiting.
[2017.03.28-22.49.49:941][985]Log file closed, 03/28/17 18:49:49
