Log file open, 04/13/17 06:16:43
LogInit:Display: Running engine for game: SoulStriker
LogPlatformFile: Not using cached read wrapper
LogInit:Display: RandInit(-591319015) SRandInit(-591319014).
LogTaskGraph: Started task graph with 4 named threads and 7 total threads with 1 sets of task threads.
LogStats: Stats thread started at 0.068989
LogInit: Version: 4.12.5-3039270+++UE4+Release-4.12
LogInit: API Version: 2992821
LogInit: Net Version: 3039270
LogDevObjectVersion: Number of dev versions registered: 13
LogDevObjectVersion:   Dev-Blueprints (B0D832E4-1F89-4F0D-ACCF-7EB736FD4AA2): 3
LogDevObjectVersion:   Dev-Build (E1C64328-A22C-4D53-A36C-8E866417BD8C): 0
LogDevObjectVersion:   Dev-Core (375EC13C-06E4-48FB-B500-84F0262A717E): 1
LogDevObjectVersion:   Dev-Editor (E4B068ED-F494-42E9-A231-DA0B2E46BB41): 2
LogDevObjectVersion:   Dev-Framework (CFFC743F-43B0-4480-9391-14DF171D2073): 6
LogDevObjectVersion:   Dev-Mobile (B02B49B5-BB20-44E9-A304-32B752E40360): 0
LogDevObjectVersion:   Dev-Networking (A4E4105C-59A1-49B5-A7C5-40C4547EDFEE): 0
LogDevObjectVersion:   Dev-Online (39C831C9-5AE6-47DC-9A44-9C173E1C8E7C): 0
LogDevObjectVersion:   Dev-Physics (78F01B33-EBEA-4F98-B9B4-84EACCB95AA2): 0
LogDevObjectVersion:   Dev-Platform (6631380F-2D4D-43E0-8009-CF276956A95A): 0
LogDevObjectVersion:   Dev-Rendering (12F88B9F-8875-4AFC-A67C-D90C383ABD29): 2
LogDevObjectVersion:   Dev-Sequencer (7B5AE74C-D270-4C10-A958-57980B212A5A): 0
LogDevObjectVersion:   Dev-VR (D7296918-1DD6-4BDD-9DE2-64A83CC13884): 0
LogInit: Compiled (64-bit): Jul  6 2016 09:09:46
LogInit: Compiled with Visual C++: 19.00.23026.00
LogInit: Build Configuration: Development
LogInit: Branch Name: ++UE4+Release-4.12
LogInit: Command line:  
LogInit: Base directory: C:/Program Files (x86)/Epic Games/4.12/Engine/Binaries/Win64/
LogInit: Installed Engine Build: 1
LogInit: Using libcurl 7.41.0
LogInit:  - built for x86_64-pc-win32
LogInit:  - supports SSL with WinSSL
LogInit:  - other features:
LogInit:      CURL_VERSION_SSL
LogInit:      CURL_VERSION_IPV6
LogInit:      CURL_VERSION_ASYNCHDNS
LogInit:      CURL_VERSION_LARGEFILE
LogInit:      CURL_VERSION_IDN
LogInit:  CurlRequestOptions (configurable via config and command line):
LogInit:  - bVerifyPeer = true  - Libcurl will verify peer certificate
LogInit:  - bUseHttpProxy = false  - Libcurl will NOT use HTTP proxy
LogInit:  - bDontReuseConnections = false  - Libcurl will reuse connections
LogInit:  - CertBundlePath = nullptr  - Libcurl will use whatever was configured at build time.
LogInit: Presizing for max 8388607 objects, including 0 objects not considered by GC, pre-allocating 0 bytes for permanent pool.
LogInit: Object subsystem initialized
[2017.04.13-10.16.43:095][  0]LogInit: Selected Device Profile: [Windows]
[2017.04.13-10.16.43:096][  0]LogInit: Applying CVar settings loaded from the selected device profile: [Windows]
[2017.04.13-10.16.43:107][  0]LogInit: Computer: BMO
[2017.04.13-10.16.43:107][  0]LogInit: User: Steve
[2017.04.13-10.16.43:107][  0]LogInit: CPU Page size=65536, Cores=4
[2017.04.13-10.16.43:107][  0]LogInit: High frequency timer resolution =3.410070 MHz
[2017.04.13-10.16.43:107][  0]LogMemory: Memory total: Physical=8.0GB (8GB approx)
[2017.04.13-10.16.43:107][  0]LogMemory: Platform Memory Stats for Windows
[2017.04.13-10.16.43:107][  0]LogMemory: Process Physical Memory: 192.28 MB used, 192.28 MB peak
[2017.04.13-10.16.43:107][  0]LogMemory: Process Virtual Memory: 195.31 MB used, 195.31 MB peak
[2017.04.13-10.16.43:107][  0]LogMemory: Physical Memory: 3260.96 MB used, 8145.96 MB total
[2017.04.13-10.16.43:107][  0]LogMemory: Virtual Memory: 553.79 MB used, 134217728.00 MB total
[2017.04.13-10.16.43:136][  0]LogTextLocalizationManager: No specific translations for ('en-US') exist, so ('en') translations will be used.
[2017.04.13-10.16.43:522][  0]LogD3D11RHI: D3D11 adapters:
[2017.04.13-10.16.44:031][  0]LogD3D11RHI:    0. 'NVIDIA GeForce GTX 660' (Feature Level 11_0)
[2017.04.13-10.16.44:031][  0]LogD3D11RHI:       2016/0/4072 MB DedicatedVideo/DedicatedSystem/SharedSystem, Outputs:2, VendorId:0x10de
[2017.04.13-10.16.44:032][  0]LogD3D11RHI:    1. 'Microsoft Basic Render Driver' (Feature Level 11_0)
[2017.04.13-10.16.44:032][  0]LogD3D11RHI:       0/0/4072 MB DedicatedVideo/DedicatedSystem/SharedSystem, Outputs:0, VendorId:0x1414
[2017.04.13-10.16.44:032][  0]LogD3D11RHI: Chosen D3D11 Adapter: 0
[2017.04.13-10.16.44:042][  0]LogD3D11RHI: Creating new Direct3DDevice
[2017.04.13-10.16.44:042][  0]LogD3D11RHI:     GPU DeviceId: 0x11c0 (for the marketing name, search the web for "GPU Device Id")
[2017.04.13-10.16.44:042][  0]LogWindows: EnumDisplayDevices:
[2017.04.13-10.16.44:042][  0]LogWindows:    0. 'NVIDIA GeForce GTX 660' (P:1 D:1)
[2017.04.13-10.16.44:042][  0]LogWindows:    1. 'NVIDIA GeForce GTX 660' (P:0 D:1)
[2017.04.13-10.16.44:042][  0]LogWindows:    2. 'NVIDIA GeForce GTX 660' (P:0 D:0)
[2017.04.13-10.16.44:042][  0]LogWindows:    3. 'NVIDIA GeForce GTX 660' (P:0 D:0)
[2017.04.13-10.16.44:042][  0]LogWindows: DebugString: FoundDriverCount:4 
[2017.04.13-10.16.44:042][  0]LogD3D11RHI:     Adapter Name: NVIDIA GeForce GTX 660
[2017.04.13-10.16.44:042][  0]LogD3D11RHI:   Driver Version: 378.92 (internal:21.21.13.7892, unified:378.92)
[2017.04.13-10.16.44:042][  0]LogD3D11RHI:      Driver Date: 3-16-2017
[2017.04.13-10.16.44:042][  0]LogRHI: Texture pool is 1361 MB (70% of 1945 MB)
[2017.04.13-10.16.44:510][  0]LogD3D11RHI: Async texture creation enabled
[2017.04.13-10.16.44:606][  0]LogD3D11RHI: GPU Timing Frequency: 1000.000000 (Debug: 2 1)
[2017.04.13-10.16.44:607][  0]LogShaderCompilers: Guid format shader working directory is -38 characters bigger than the processId version (../../../../../../Users/Steve/Documents/SSRepository/Soul-Striker-Main/Soul Striker/Intermediate/Shaders/WorkingDirectory/49968/).
[2017.04.13-10.16.44:607][  0]LogShaderCompilers: Cleaned the shader compiler working directory 'C:/Users/Steve/AppData/Local/Temp/UnrealShaderWorkingDir/BE70ED334C7205AC6587978DAE6EC3B7/'.
[2017.04.13-10.16.44:607][  0]LogShaderCompilers:Display: Using Local Shader Compiler.
[2017.04.13-10.16.45:434][  0]LogTemp:Display: Loaded TP AllDesktopTargetPlatform
[2017.04.13-10.16.45:442][  0]LogTemp:Display: Loaded TP WindowsClientTargetPlatform
[2017.04.13-10.16.45:451][  0]LogTemp:Display: Loaded TP WindowsNoEditorTargetPlatform
[2017.04.13-10.16.45:459][  0]LogTemp:Display: Loaded TP WindowsServerTargetPlatform
[2017.04.13-10.16.45:467][  0]LogTemp:Display: Loaded TP WindowsTargetPlatform
[2017.04.13-10.16.45:476][  0]LogTemp:Display: Loaded TP AndroidTargetPlatform
[2017.04.13-10.16.45:483][  0]LogTemp:Display: Loaded TP Android_ASTCTargetPlatform
[2017.04.13-10.16.45:489][  0]LogTemp:Display: Loaded TP Android_ATCTargetPlatform
[2017.04.13-10.16.45:495][  0]LogTemp:Display: Loaded TP Android_DXTTargetPlatform
[2017.04.13-10.16.45:502][  0]LogTemp:Display: Loaded TP Android_ETC1TargetPlatform
[2017.04.13-10.16.45:509][  0]LogTemp:Display: Loaded TP Android_ETC2TargetPlatform
[2017.04.13-10.16.45:524][  0]LogTemp:Display: Loaded TP Android_MultiTargetPlatform
[2017.04.13-10.16.45:524][  0]LogTemp:Display: Loaded TP Android_PVRTCTargetPlatform
[2017.04.13-10.16.45:525][  0]LogTemp:Display: Loaded TP HTML5TargetPlatform
[2017.04.13-10.16.45:545][  0]LogTemp:Display: Loaded TP IOSTargetPlatform
[2017.04.13-10.16.45:552][  0]LogTemp:Display: Loaded TP TVOSTargetPlatform
[2017.04.13-10.16.45:559][  0]LogTemp:Display: Loaded TP LinuxNoEditorTargetPlatform
[2017.04.13-10.16.45:565][  0]LogTemp:Display: Loaded TP LinuxServerTargetPlatform
[2017.04.13-10.16.45:591][  0]LogTemp:Display: Loaded TP LinuxTargetPlatform
[2017.04.13-10.16.45:591][  0]LogTargetPlatformManager:Display: Building Assets For Windows
[2017.04.13-10.16.45:654][  0]LogDerivedDataCache:Display: Max Cache Size: 512 MB
[2017.04.13-10.16.45:700][  0]LogDerivedDataCache: Loaded boot cache 0.05s 48MB C:/Users/Steve/AppData/Local/UnrealEngine/4.12/DerivedDataCache/Boot.ddc.
[2017.04.13-10.16.45:700][  0]LogDerivedDataCache:Display: Loaded Boot cache: C:/Users/Steve/AppData/Local/UnrealEngine/4.12/DerivedDataCache/Boot.ddc
[2017.04.13-10.16.45:700][  0]LogDerivedDataCache: FDerivedDataBackendGraph:  Pak pak cache file ../../../../../../Users/Steve/Documents/SSRepository/Soul-Striker-Main/Soul Striker/DerivedDataCache/DDC.ddp not found, will not use a pak cache.
[2017.04.13-10.16.45:700][  0]LogDerivedDataCache: Unable to find inner node Pak for hierarchical cache Hierarchy.
[2017.04.13-10.16.45:700][  0]LogDerivedDataCache: FDerivedDataBackendGraph:  CompressedPak pak cache file ../../../../../../Users/Steve/Documents/SSRepository/Soul-Striker-Main/Soul Striker/DerivedDataCache/Compressed.ddp not found, will not use a pak cache.
[2017.04.13-10.16.45:700][  0]LogDerivedDataCache: Unable to find inner node CompressedPak for hierarchical cache Hierarchy.
[2017.04.13-10.16.45:715][  0]LogDerivedDataCache:Display: Pak cache opened for reading ../../../Engine/DerivedDataCache/Compressed.ddp.
[2017.04.13-10.16.45:726][  0]LogDerivedDataCache: Using Local data cache path C:/Users/Steve/AppData/Local/UnrealEngine/Common/DerivedDataCache: Writable
[2017.04.13-10.16.45:873][  0]LogInit: Selected Device Profile: [Windows]
[2017.04.13-10.16.45:874][  0]LogContentStreaming: Texture pool size is 0.00 MB
[2017.04.13-10.16.46:004][  0]LogMeshUtilities: No automatic mesh reduction module available
[2017.04.13-10.16.46:004][  0]LogMeshUtilities: No automatic mesh merging module available
[2017.04.13-10.16.46:004][  0]LogMeshUtilities: No distributed automatic mesh merging module available
[2017.04.13-10.16.46:224][  0]LogAssetRegistry: FAssetRegistry took 0.0212 seconds to start up
[2017.04.13-10.16.46:259][  0]LogPackageLocalizationCache: Processed 3 localized package path(s) for 2 prioritized culture(s) in 0.032088 seconds
[2017.04.13-10.16.46:263][  0]LogUObjectArray: 28739 objects as part of root set at end of initial load.
[2017.04.13-10.16.46:263][  0]LogUObjectAllocator: 5855632 out of 0 bytes used by permanent object pool.
[2017.04.13-10.16.46:263][  0]LogUObjectArray: CloseDisregardForGC: 0/0 objects in disregard for GC pool
[2017.04.13-10.16.46:269][  0]LogInit: WinSock: version 1.1 (2.2), MaxSocks=32767, MaxUdp=65467
[2017.04.13-10.16.46:777][  0]LogSlate: SlateFontCache - WITH_FREETYPE: 1, WITH_HARFBUZZ: 1
[2017.04.13-10.16.46:777][  0]LogSlate: SlateFontCache - WITH_FREETYPE: 1, WITH_HARFBUZZ: 1
[2017.04.13-10.17.07:717][  0]LogSubstanceCoreModule: Substance CPU Engine Loaded, Max Texture Size 2048
[2017.04.13-10.17.07:725][  0]LogUdpMessaging: Initializing bridge on interface 0.0.0.0:0 to multicast group 230.0.0.1:6666.
[2017.04.13-10.17.08:342][  0]SourceControl: Info Source control is disabled
[2017.04.13-10.17.08:343][  0]SourceControl: Info Source control is disabled
[2017.04.13-10.17.08:350][  0]SourceControl: Info Source control is disabled
[2017.04.13-10.17.08:357][  0]SourceControl: Info Source control is disabled
[2017.04.13-10.17.08:686][  0]LogEngine: Initializing Engine...
[2017.04.13-10.17.08:687][  0]LogHMD: SteamVR failed to initialize.  Err: 110
[2017.04.13-10.17.08:687][  0]LogHMD: SteamVR failed to initialize.  Err: 110
[2017.04.13-10.17.08:800][  0]LogAIModule: Creating AISystem for world NewWorld
[2017.04.13-10.17.08:809][  0]LogInit: XAudio2 using 'Speakers (Realtek High Definition Audio)' : 2 channels at 48 kHz using 32 bits per sample (channel mask 0x3)
[2017.04.13-10.17.08:820][  0]LogInit: FAudioDevice initialized.
[2017.04.13-10.17.08:845][  0]LogDerivedDataCache: Saved boot cache 0.02s 48MB C:/Users/Steve/AppData/Local/UnrealEngine/4.12/DerivedDataCache/Boot.ddc.
[2017.04.13-10.17.08:853][  0]LogInit: Texture streaming: Enabled
[2017.04.13-10.17.08:876][  0]LogInit: Transaction tracking system initialized
[2017.04.13-10.17.08:894][  0]BlueprintLog: New page: Editor Load
[2017.04.13-10.17.08:981][  0]LocalizationService: Info Localization service is disabled
[2017.04.13-10.17.09:160][  0]LogConsoleResponse:Display: 
[2017.04.13-10.17.09:533][  0]LogCook:Display: Max memory allowance for cook 8192mb
[2017.04.13-10.17.09:533][  0]LogCook:Display: Mobile HDR setting 1
[2017.04.13-10.17.09:842][  0]LogFileCache: Scanning file cache for directory 'C:/Users/Steve/Documents/SSRepository/Soul-Striker-Main/Soul Striker/Content/' took 0.04s
[2017.04.13-10.17.09:864][  0]SourceControl: Info Source control is disabled
[2017.04.13-10.17.09:865][  0]Cmd: MAP LOAD FILE="../../../../../../Users/Steve/Documents/SSRepository/Soul-Striker-Main/Soul Striker/Content/ThirdPersonBP/Maps/ThirdPersonExampleMap.umap" TEMPLATE=0 SHOWPROGRESS=1 FEATURELEVEL=3
[2017.04.13-10.17.09:865][  0]LightingResults: New page: Lighting Build
[2017.04.13-10.17.09:868][  0]MapCheck: New page: Map Check
[2017.04.13-10.17.09:868][  0]LightingResults: New page: Lighting Build
[2017.04.13-10.17.10:974][  0]LogBlueprint:Warning: Compiler Warning Node  Unknown  is not referencing a valid level actor
[2017.04.13-10.17.10:974][  0]LogBlueprint:Warning: Compiler Warning [0028.63] Compile of PersistentLevel.ThirdPersonExampleMap successful, but with 1 Warning(s) [in 1 ms] (/Game/ThirdPersonBP/Maps/ThirdPersonExampleMap.ThirdPersonExampleMap:PersistentLevel.ThirdPersonExampleMap)
[2017.04.13-10.17.10:974][  0]LogBlueprint:Warning: Compiler Warning [0028.63] Compile of PersistentLevel.ThirdPersonExampleMap successful, but with 2 Warning(s) [in 0 ms] (/Game/ThirdPersonBP/Maps/ThirdPersonExampleMap.ThirdPersonExampleMap:PersistentLevel.ThirdPersonExampleMap)
[2017.04.13-10.17.10:974][  0]LogBlueprint:Warning: Compiler Warning [0028.63] Compile of PersistentLevel.ThirdPersonExampleMap successful, but with 3 Warning(s) [in 0 ms] (/Game/ThirdPersonBP/Maps/ThirdPersonExampleMap.ThirdPersonExampleMap:PersistentLevel.ThirdPersonExampleMap)
[2017.04.13-10.17.10:976][  0]LogBlueprint:Warning: Compiler Warning Node  Unknown  is not referencing a valid level actor
[2017.04.13-10.17.10:977][  0]LogBlueprint:Warning: Compiler Warning [0028.63] Compile of PersistentLevel.ThirdPersonExampleMap successful, but with 1 Warning(s) [in 1 ms] (/Game/ThirdPersonBP/Maps/ThirdPersonExampleMap.ThirdPersonExampleMap:PersistentLevel.ThirdPersonExampleMap)
[2017.04.13-10.17.10:977][  0]LogBlueprint:Warning: Compiler Warning [0028.63] Compile of PersistentLevel.ThirdPersonExampleMap successful, but with 2 Warning(s) [in 0 ms] (/Game/ThirdPersonBP/Maps/ThirdPersonExampleMap.ThirdPersonExampleMap:PersistentLevel.ThirdPersonExampleMap)
[2017.04.13-10.17.10:977][  0]LogBlueprint:Warning: Compiler Warning [0028.63] Compile of PersistentLevel.ThirdPersonExampleMap successful, but with 3 Warning(s) [in 0 ms] (/Game/ThirdPersonBP/Maps/ThirdPersonExampleMap.ThirdPersonExampleMap:PersistentLevel.ThirdPersonExampleMap)
[2017.04.13-10.17.12:135][  0]LogAIModule: Creating AISystem for world ThirdPersonExampleMap
[2017.04.13-10.17.12:377][  0]LogEditorServer: Finished looking for orphan Actors (0.000 secs)
[2017.04.13-10.17.12:378][  0]Cmd: MAP CHECKDEP NOCLEARLOG
[2017.04.13-10.17.12:428][  0]MapCheck: Info Map check complete: 0 Error(s), 0 Warning(s), took 49.555ms to complete.
[2017.04.13-10.17.12:428][  0]LogFileHelpers: Loading map 'ThirdPersonExampleMap' took 2.563
[2017.04.13-10.17.12:889][  0]LogCollectionManager: Loaded 0 collections in 0.001437 seconds
[2017.04.13-10.17.12:945][  0]LogFileCache: Scanning file cache for directory 'C:/Users/Steve/Documents/SSRepository/Soul-Striker-Main/Soul Striker/Saved/Collections/' took 0.01s
[2017.04.13-10.17.12:945][  0]LogFileCache: Scanning file cache for directory 'C:/Users/Steve/Documents/SSRepository/Soul-Striker-Main/Soul Striker/Content/Developers/Steve/Collections/' took 0.01s
[2017.04.13-10.17.12:945][  0]LogFileCache: Scanning file cache for directory 'C:/Users/Steve/Documents/SSRepository/Soul-Striker-Main/Soul Striker/Content/Collections/' took 0.01s
[2017.04.13-10.17.12:945][  0]LogCollectionManager: Rebuilt the GUID cache for 0 collections in 0.000012 seconds
[2017.04.13-10.17.12:952][  0]LogContentBrowser: Native class hierarchy populated in 0.0067 seconds. Added 2062 classes and 375 folders.
[2017.04.13-10.17.12:955][  0]LogStats: UGameplayTagsManager::ConstructGameplayTagTree: Construct from data asset -  0.000 s
[2017.04.13-10.17.12:955][  0]LogStats: UGameplayTagsManager::ConstructGameplayTagTree: GameplayTagTreeChangedEvent.Broadcast -  0.000 s
[2017.04.13-10.17.12:956][  0]LogContentBrowser: Native class hierarchy updated for 'GameplayTags' in 0.0003 seconds. Added 12 classes and 0 folders.
[2017.04.13-10.17.12:959][  0]LogContentBrowser: Native class hierarchy updated for 'WidgetCarousel' in 0.0002 seconds. Added 0 classes and 0 folders.
[2017.04.13-10.17.14:108][  0]LogContentBrowser: Native class hierarchy updated for 'AddContentDialog' in 0.0016 seconds. Added 0 classes and 0 folders.
[2017.04.13-10.17.14:121][  0]LogContentBrowser: Native class hierarchy updated for 'SceneOutliner' in 0.0013 seconds. Added 1 classes and 2 folders.
[2017.04.13-10.17.14:153][  0]LogCrashTracker: Crashtracker disabled due to settings.
[2017.04.13-10.17.14:160][  0]LogUObjectGlobals:Warning: Failed to find object 'Class None.'
[2017.04.13-10.17.14:187][  0]LogContentBrowser: Native class hierarchy updated for 'HierarchicalLODOutliner' in 0.0006 seconds. Added 1 classes and 2 folders.
[2017.04.13-10.17.14:188][  0]LogLoad: Full Startup: 31.84 seconds (BP compile: 0.44 seconds)
[2017.04.13-10.17.14:188][  0]LogExternalProfiler: Found external profiler: VSPerf
[2017.04.13-10.17.14:188][  0]LogExternalProfiler: Using external profiler: VSPerf
[2017.04.13-10.17.14:197][  0]LogWindowsTextInputMethodSystem:Display: IME system now deactivated.
[2017.04.13-10.17.14:197][  0]LogOcInput: OculusInput pre-init called
[2017.04.13-10.17.14:231][  0]LogContentStreaming: Texture pool size now 1000 MB
[2017.04.13-10.17.14:624][  0]LogRenderer: Reallocating scene render targets to support 1272x604 (Frame:2).
[2017.04.13-10.17.14:679][  1]LogFileCache: Retrieving MD5 hashes for directory 'C:/Users/Steve/Documents/SSRepository/Soul-Striker-Main/Soul Striker/Content/' took 0.47s
[2017.04.13-10.17.14:696][  1]LogAssetRegistry: Asset discovery search completed in 28.4928 seconds
[2017.04.13-10.17.14:696][  1]LogCollectionManager: Rebuilt the object cache for 0 collections in 0.000000 seconds (found 0 objects)
[2017.04.13-10.17.14:696][  1]LogCollectionManager: Fixed up redirectors for 0 collections in 0.000018 seconds (updated 0 objects)
[2017.04.13-10.17.18:514][421]Cmd: MAP LOAD FILE="../../../../../../Users/Steve/Documents/SSRepository/Soul-Striker-Main/Soul Striker/Content/Maps/Level_1.umap" TEMPLATE=0 SHOWPROGRESS=1 FEATURELEVEL=3
[2017.04.13-10.17.18:544][421]LightingResults: New page: Lighting Build
[2017.04.13-10.17.18:545][421]LoadErrors: New page: Loading map: Level_1.umap
[2017.04.13-10.17.18:784][421]MapCheck: New page: Map Check
[2017.04.13-10.17.18:784][421]LightingResults: New page: Lighting Build
[2017.04.13-10.17.19:035][421]LogAIModule: Creating AISystem for world Level_1
[2017.04.13-10.17.19:105][421]LogEditorServer: Finished looking for orphan Actors (0.000 secs)
[2017.04.13-10.17.19:173][421]Cmd: MAP CHECKDEP NOCLEARLOG
[2017.04.13-10.17.19:231][421]MapCheck: Info Map check complete: 0 Error(s), 0 Warning(s), took 57.486ms to complete.
[2017.04.13-10.17.19:231][421]LogFileHelpers: Loading map 'Level_1' took 0.717
[2017.04.13-10.17.24:807][766]LogSavePackage: Save=1044.53ms
[2017.04.13-10.17.24:807][766]LogSavePackage: Moving '../../../../../../Users/Steve/Documents/SSRepository/Soul-Striker-Main/Soul Striker/Saved/UEDPCLevel_19757473749C13CA30FE732AC33FEF153.tmp' to '../../../../../../Users/Steve/Documents/SSRepository/Soul-Striker-Main/Soul Striker/Saved/Autosaves/Game/Maps/UEDPCLevel_1.umap'
[2017.04.13-10.17.24:810][766]LogSavePackage:Display: Finished SavePackage ../../../../../../Users/Steve/Documents/SSRepository/Soul-Striker-Main/Soul Striker/Saved/Autosaves/Game/Maps/UEDPCLevel_1.umap
[2017.04.13-10.17.24:814][766]LogEditorTransaction: Undo Spawn Play From Here Start
[2017.04.13-10.18.28:714][215]LogSavePackage: Save=826.40ms
[2017.04.13-10.18.28:714][215]LogSavePackage: Moving '../../../../../../Users/Steve/Documents/SSRepository/Soul-Striker-Main/Soul Striker/Saved/UEDPCLevel_178FF9B2149141B0532EBCAA9182A14B6.tmp' to '../../../../../../Users/Steve/Documents/SSRepository/Soul-Striker-Main/Soul Striker/Saved/Autosaves/Game/Maps/UEDPCLevel_1.umap'
[2017.04.13-10.18.28:717][215]LogSavePackage:Display: Finished SavePackage ../../../../../../Users/Steve/Documents/SSRepository/Soul-Striker-Main/Soul Striker/Saved/Autosaves/Game/Maps/UEDPCLevel_1.umap
[2017.04.13-10.18.28:724][215]LogEditorTransaction: Undo Spawn Play From Here Start
[2017.04.13-10.19.20:676][627]LogContentBrowser: Native class hierarchy updated for 'BlueprintGraph' in 0.0007 seconds. Added 111 classes and 0 folders.
[2017.04.13-10.19.36:560][796]BlueprintLog: New page: Compile KnightOfLight
[2017.04.13-10.19.37:063][796]BlueprintEditorCompileResults: Info [0174.72] Compile of KnightOfLight successful! [in 503 ms] (/Game/ThirdPersonBP/Blueprints/KnightOfLight.KnightOfLight)
[2017.04.13-10.19.37:792][828]LogSavePackage: Save=229.51ms
[2017.04.13-10.19.37:792][828]LogSavePackage: Moving '../../../../../../Users/Steve/Documents/SSRepository/Soul-Striker-Main/Soul Striker/Saved/KnightOfLightE4DA1EFD4DEC94C375BFCA9FB9348988.tmp' to '../../../../../../Users/Steve/Documents/SSRepository/Soul-Striker-Main/Soul Striker/Content/ThirdPersonBP/Blueprints/KnightOfLight.uasset'
[2017.04.13-10.19.37:796][828]LogSavePackage:Display: Finished SavePackage ../../../../../../Users/Steve/Documents/SSRepository/Soul-Striker-Main/Soul Striker/Content/ThirdPersonBP/Blueprints/KnightOfLight.uasset
[2017.04.13-10.19.40:052][955]LogSavePackage: Save=821.78ms
[2017.04.13-10.19.40:052][955]LogSavePackage: Moving '../../../../../../Users/Steve/Documents/SSRepository/Soul-Striker-Main/Soul Striker/Saved/Level_175EB430E4AEA1992E9AAD99C7E1A8E3A.tmp' to '../../../../../../Users/Steve/Documents/SSRepository/Soul-Striker-Main/Soul Striker/Content/Maps/Level_1.umap'
[2017.04.13-10.19.40:055][955]LogSavePackage:Display: Finished SavePackage ../../../../../../Users/Steve/Documents/SSRepository/Soul-Striker-Main/Soul Striker/Content/Maps/Level_1.umap
[2017.04.13-10.19.41:607][ 16]LogSavePackage: Save=809.44ms
[2017.04.13-10.19.41:607][ 16]LogSavePackage: Moving '../../../../../../Users/Steve/Documents/SSRepository/Soul-Striker-Main/Soul Striker/Saved/UEDPCLevel_115D5C3284D9E4E892970909E1FD339FA.tmp' to '../../../../../../Users/Steve/Documents/SSRepository/Soul-Striker-Main/Soul Striker/Saved/Autosaves/Game/Maps/UEDPCLevel_1.umap'
[2017.04.13-10.19.41:610][ 16]LogSavePackage:Display: Finished SavePackage ../../../../../../Users/Steve/Documents/SSRepository/Soul-Striker-Main/Soul Striker/Saved/Autosaves/Game/Maps/UEDPCLevel_1.umap
[2017.04.13-10.19.41:616][ 16]LogEditorTransaction: Undo Spawn Play From Here Start
[2017.04.13-10.20.45:312][165]BlueprintLog: New page: Compile KnightOfLight
[2017.04.13-10.20.45:763][165]BlueprintEditorCompileResults: Info [0243.42] Compile of KnightOfLight successful! [in 451 ms] (/Game/ThirdPersonBP/Blueprints/KnightOfLight.KnightOfLight)
[2017.04.13-10.20.46:424][192]LogSavePackage: Save=231.37ms
[2017.04.13-10.20.46:424][192]LogSavePackage: Moving '../../../../../../Users/Steve/Documents/SSRepository/Soul-Striker-Main/Soul Striker/Saved/KnightOfLightEFF182D34A3194412F2541840814C0BE.tmp' to '../../../../../../Users/Steve/Documents/SSRepository/Soul-Striker-Main/Soul Striker/Content/ThirdPersonBP/Blueprints/KnightOfLight.uasset'
[2017.04.13-10.20.46:428][192]LogSavePackage:Display: Finished SavePackage ../../../../../../Users/Steve/Documents/SSRepository/Soul-Striker-Main/Soul Striker/Content/ThirdPersonBP/Blueprints/KnightOfLight.uasset
[2017.04.13-10.20.51:473][472]LogSavePackage: Save=955.61ms
[2017.04.13-10.20.51:473][472]LogSavePackage: Moving '../../../../../../Users/Steve/Documents/SSRepository/Soul-Striker-Main/Soul Striker/Saved/UEDPCLevel_1F4EE920A4F08FD28E13589B6DDB55252.tmp' to '../../../../../../Users/Steve/Documents/SSRepository/Soul-Striker-Main/Soul Striker/Saved/Autosaves/Game/Maps/UEDPCLevel_1.umap'
[2017.04.13-10.20.51:477][472]LogSavePackage:Display: Finished SavePackage ../../../../../../Users/Steve/Documents/SSRepository/Soul-Striker-Main/Soul Striker/Saved/Autosaves/Game/Maps/UEDPCLevel_1.umap
[2017.04.13-10.20.51:480][472]LogEditorTransaction: Undo Spawn Play From Here Start
[2017.04.13-10.23.45:975][202]Cmd: QUIT_EDITOR
[2017.04.13-10.23.46:002][202]LogWindowsTextInputMethodSystem:Display: IME system now deactivated.
[2017.04.13-10.23.46:024][202]LogExit: Preparing to exit.
[2017.04.13-10.23.47:051][202]LogExit: Editor shut down
[2017.04.13-10.23.47:051][202]LogExit: Transaction tracking system shut down
[2017.04.13-10.23.47:211][202]LogObj: Freed 0b from 0 cluster array pools.
[2017.04.13-10.23.47:211][202]LogExit: Object subsystem successfully closed.
[2017.04.13-10.23.47:227][202]LogD3D11RHI: Shutdown
[2017.04.13-10.23.47:227][202]LogD3D11RHI: CleanupD3DDevice
[2017.04.13-10.23.47:322][202]LogD3D11RHI: ~FD3D11DynamicRHI
[2017.04.13-10.23.47:333][202]LogModuleManager: Shutting down and abandoning module BlueprintGraph (216)
[2017.04.13-10.23.47:333][202]LogModuleManager: Shutting down and abandoning module HierarchicalLODOutliner (215)
[2017.04.13-10.23.47:333][202]LogModuleManager: Shutting down and abandoning module CrashTracker (214)
[2017.04.13-10.23.47:333][202]LogModuleManager: Shutting down and abandoning module SceneOutliner (213)
[2017.04.13-10.23.47:333][202]LogModuleManager: Shutting down and abandoning module WidgetCarousel (212)
[2017.04.13-10.23.47:333][202]LogModuleManager: Shutting down and abandoning module AddContentDialog (211)
[2017.04.13-10.23.47:334][202]LogModuleManager: Shutting down and abandoning module GameplayTags (210)
[2017.04.13-10.23.47:334][202]LogModuleManager: Shutting down and abandoning module EditorWidgets (209)
[2017.04.13-10.23.47:334][202]LogModuleManager: Shutting down and abandoning module CollectionManager (208)
[2017.04.13-10.23.47:334][202]LogModuleManager: Shutting down and abandoning module StatsViewer (207)
[2017.04.13-10.23.47:334][202]LogModuleManager: Shutting down and abandoning module FoliageEdit (206)
[2017.04.13-10.23.47:334][202]LogModuleManager: Shutting down and abandoning module LandscapeEditor (205)
[2017.04.13-10.23.47:334][202]LogModuleManager: Shutting down and abandoning module SceneDepthPickerMode (204)
[2017.04.13-10.23.47:334][202]LogModuleManager: Shutting down and abandoning module ActorPickerMode (203)
[2017.04.13-10.23.47:334][202]LogModuleManager: Shutting down and abandoning module GeometryMode (202)
[2017.04.13-10.23.47:334][202]LogModuleManager: Shutting down and abandoning module TextureAlignMode (201)
[2017.04.13-10.23.47:334][202]LogModuleManager: Shutting down and abandoning module BspMode (200)
[2017.04.13-10.23.47:334][202]LogModuleManager: Shutting down and abandoning module HardwareSurvey (199)
[2017.04.13-10.23.47:334][202]LogModuleManager: Shutting down and abandoning module SequenceRecorderSections (198)
[2017.04.13-10.23.47:334][202]LogModuleManager: Shutting down and abandoning module SequenceRecorder (197)
[2017.04.13-10.23.47:334][202]LogModuleManager: Shutting down and abandoning module AutomationWorker (196)
[2017.04.13-10.23.47:334][202]LogModuleManager: Shutting down and abandoning module MatineeToLevelSequence (195)
[2017.04.13-10.23.47:334][202]LogModuleManager: Shutting down and abandoning module PlacementMode (194)
[2017.04.13-10.23.47:334][202]LogModuleManager: Shutting down and abandoning module LevelSequenceEditor (193)
[2017.04.13-10.23.47:335][202]LogModuleManager: Shutting down and abandoning module CharacterAI (192)
[2017.04.13-10.23.47:335][202]LogModuleManager: Shutting down and abandoning module SmartSnapping (191)
[2017.04.13-10.23.47:335][202]LogModuleManager: Shutting down and abandoning module SessionServices (190)
[2017.04.13-10.23.47:335][202]LogModuleManager: Shutting down and abandoning module ViewportSnapping (189)
[2017.04.13-10.23.47:335][202]LogModuleManager: Shutting down and abandoning module LogVisualizer (188)
[2017.04.13-10.23.47:335][202]LogModuleManager: Shutting down and abandoning module GameProjectGeneration (187)
[2017.04.13-10.23.47:335][202]LogModuleManager: Shutting down and abandoning module IntroTutorials (186)
[2017.04.13-10.23.47:335][202]LogModuleManager: Shutting down and abandoning module EditorLiveStreaming (185)
[2017.04.13-10.23.47:335][202]LogModuleManager: Shutting down and abandoning module IOSPlatformEditor (184)
[2017.04.13-10.23.47:335][202]LogModuleManager: Shutting down and abandoning module HTML5PlatformEditor (183)
[2017.04.13-10.23.47:335][202]LogModuleManager: Shutting down and abandoning module AndroidDeviceDetection (182)
[2017.04.13-10.23.48:177][202]LogModuleManager: Shutting down and abandoning module AndroidPlatformEditor (181)
[2017.04.13-10.23.48:177][202]LogModuleManager: Shutting down and abandoning module IOSRuntimeSettings (180)
[2017.04.13-10.23.48:177][202]LogModuleManager: Shutting down and abandoning module AndroidRuntimeSettings (179)
[2017.04.13-10.23.48:177][202]LogModuleManager: Shutting down and abandoning module MergeActors (178)
[2017.04.13-10.23.48:177][202]LogModuleManager: Shutting down and abandoning module SizeMap (177)
[2017.04.13-10.23.48:177][202]LogModuleManager: Shutting down and abandoning module TreeMap (176)
[2017.04.13-10.23.48:177][202]LogModuleManager: Shutting down and abandoning module ReferenceViewer (175)
[2017.04.13-10.23.48:177][202]LogModuleManager: Shutting down and abandoning module LocalizationService (174)
[2017.04.13-10.23.48:177][202]LogModuleManager: Shutting down and abandoning module LocalizationDashboard (173)
[2017.04.13-10.23.48:177][202]LogModuleManager: Shutting down and abandoning module HardwareTargeting (172)
[2017.04.13-10.23.48:177][202]LogModuleManager: Shutting down and abandoning module DeviceProfileEditor (171)
[2017.04.13-10.23.48:177][202]LogModuleManager: Shutting down and abandoning module UndoHistory (170)
[2017.04.13-10.23.48:177][202]LogModuleManager: Shutting down and abandoning module UserFeedback (169)
[2017.04.13-10.23.48:177][202]LogModuleManager: Shutting down and abandoning module XmlParser (168)
[2017.04.13-10.23.48:177][202]LogModuleManager: Shutting down and abandoning module Blutility (167)
[2017.04.13-10.23.48:177][202]LogModuleManager: Shutting down and abandoning module ProjectTargetPlatformEditor (166)
[2017.04.13-10.23.48:177][202]LogModuleManager: Shutting down and abandoning module ProjectSettingsViewer (165)
[2017.04.13-10.23.48:177][202]LogModuleManager: Shutting down and abandoning module InputBindingEditor (164)
[2017.04.13-10.23.48:177][202]LogModuleManager: Shutting down and abandoning module EditorSettingsViewer (163)
[2017.04.13-10.23.48:178][202]LogModuleManager: Shutting down and abandoning module SettingsEditor (162)
[2017.04.13-10.23.48:178][202]LogModuleManager: Shutting down and abandoning module ProjectLauncher (161)
[2017.04.13-10.23.48:178][202]LogModuleManager: Shutting down and abandoning module SessionFrontend (160)
[2017.04.13-10.23.48:178][202]LogModuleManager: Shutting down and abandoning module ProfilerClient (159)
[2017.04.13-10.23.48:178][202]LogModuleManager: Shutting down and abandoning module TargetDeviceServices (158)
[2017.04.13-10.23.48:178][202]LogModuleManager: Shutting down and abandoning module DeviceManager (157)
[2017.04.13-10.23.48:231][202]LogModuleManager: Shutting down and abandoning module AutomationController (156)
[2017.04.13-10.23.48:231][202]LogModuleManager: Shutting down and abandoning module AutomationWindow (155)
[2017.04.13-10.23.48:231][202]LogModuleManager: Shutting down and abandoning module Layers (154)
[2017.04.13-10.23.48:231][202]LogModuleManager: Shutting down and abandoning module ComponentVisualizers (153)
[2017.04.13-10.23.48:231][202]LogModuleManager: Shutting down and abandoning module DetailCustomizations (152)
[2017.04.13-10.23.48:231][202]LogModuleManager: Shutting down and abandoning module PackagesDialog (151)
[2017.04.13-10.23.48:232][202]LogModuleManager: Shutting down and abandoning module Persona (150)
[2017.04.13-10.23.48:232][202]LogModuleManager: Shutting down and abandoning module Kismet (149)
[2017.04.13-10.23.48:232][202]LogModuleManager: Shutting down and abandoning module GraphEditor (148)
[2017.04.13-10.23.48:232][202]LogModuleManager: Shutting down and abandoning module ClassViewer (147)
[2017.04.13-10.23.48:232][202]LogModuleManager: Shutting down and abandoning module Toolbox (146)
[2017.04.13-10.23.48:232][202]LogModuleManager: Shutting down and abandoning module ModuleUI (145)
[2017.04.13-10.23.48:232][202]LogModuleManager: Shutting down and abandoning module MovieSceneTools (144)
[2017.04.13-10.23.48:232][202]LogModuleManager: Shutting down and abandoning module OutputLog (143)
[2017.04.13-10.23.48:232][202]LogModuleManager: Shutting down and abandoning module GammaUI (142)
[2017.04.13-10.23.48:232][202]LogModuleManager: Shutting down and abandoning module Documentation (141)
[2017.04.13-10.23.48:233][202]LogModuleManager: Shutting down and abandoning module StreamingPauseRendering (140)
[2017.04.13-10.23.48:233][202]LogModuleManager: Shutting down and abandoning module AnalyticsET (139)
[2017.04.13-10.23.48:233][202]LogModuleManager: Shutting down and abandoning module Analytics (138)
[2017.04.13-10.23.48:233][202]LogModuleManager: Shutting down and abandoning module PortalServices (137)
[2017.04.13-10.23.48:233][202]LogModuleManager: Shutting down and abandoning module PortalRpc (136)
[2017.04.13-10.23.48:233][202]LogModuleManager: Shutting down and abandoning module MessagingRpc (135)
[2017.04.13-10.23.48:233][202]LogModuleManager: Shutting down and abandoning module GameplayDebugger (134)
[2017.04.13-10.23.48:233][202]LogModuleManager: Shutting down and abandoning module AITestSuite (133)
[2017.04.13-10.23.48:233][202]LogModuleManager: Shutting down and abandoning module AIModule (132)
[2017.04.13-10.23.48:233][202]LogModuleManager: Shutting down and abandoning module ProfilerService (131)
[2017.04.13-10.23.48:439][202]LogModuleManager: Shutting down and abandoning module TaskGraph (130)
[2017.04.13-10.23.48:439][202]LogModuleManager: Shutting down and abandoning module SubstanceEditor (129)
[2017.04.13-10.23.48:439][202]LogModuleManager: Shutting down and abandoning module SlateRemote (128)
[2017.04.13-10.23.48:439][202]LogModuleManager: Shutting down and abandoning module SteamVRController (127)
[2017.04.13-10.23.48:439][202]LogModuleManager: Shutting down and abandoning module SteamVR (126)
[2017.04.13-10.23.48:439][202]LogModuleManager: Shutting down and abandoning module ProceduralMeshComponent (125)
[2017.04.13-10.23.48:439][202]LogModuleManager: Shutting down and abandoning module OculusLibrary (124)
[2017.04.13-10.23.48:440][202]LogModuleManager: Shutting down and abandoning module OculusInput (123)
[2017.04.13-10.23.48:440][202]LogModuleManager: Shutting down and abandoning module CustomMeshComponent (122)
[2017.04.13-10.23.48:440][202]LogModuleManager: Shutting down and abandoning module CableComponent (121)
[2017.04.13-10.23.48:440][202]LogModuleManager: Shutting down and abandoning module ArchVisCharacter (120)
[2017.04.13-10.23.48:440][202]LogModuleManager: Shutting down and abandoning module MediaPlayerEditor (119)
[2017.04.13-10.23.48:440][202]LogModuleManager: Shutting down and abandoning module HTML5Networking (118)
[2017.04.13-10.23.48:440][202]LogModuleManager: Shutting down and abandoning module SuperSearch (117)
[2017.04.13-10.23.48:440][202]LogModuleManager: Shutting down and abandoning module SuperSearchEditor (116)
[2017.04.13-10.23.48:440][202]LogModuleManager: Shutting down and abandoning module SpeedTreeImporter (115)
[2017.04.13-10.23.48:440][202]LogModuleManager: Shutting down and abandoning module PluginBrowser (114)
[2017.04.13-10.23.48:440][202]LogModuleManager: Shutting down and abandoning module EpicSurvey (113)
[2017.04.13-10.23.48:440][202]LogModuleManager: Shutting down and abandoning module DesktopPlatform (112)
[2017.04.13-10.23.48:440][202]LogModuleManager: Shutting down and abandoning module VisualStudioSourceCodeAccess (111)
[2017.04.13-10.23.48:440][202]LogModuleManager: Shutting down and abandoning module UObjectPlugin (110)
[2017.04.13-10.23.48:440][202]LogModuleManager: Shutting down and abandoning module SubversionSourceControl (109)
[2017.04.13-10.23.48:440][202]LogModuleManager: Shutting down and abandoning module PerforceSourceControl (108)
[2017.04.13-10.23.48:440][202]LogModuleManager: Shutting down and abandoning module SourceControl (107)
[2017.04.13-10.23.48:440][202]LogModuleManager: Shutting down and abandoning module GitSourceControl (106)
[2017.04.13-10.23.48:440][202]LogModuleManager: Shutting down and abandoning module LightPropagationVolumeEditor (105)
[2017.04.13-10.23.48:440][202]LogModuleManager: Shutting down and abandoning module PaperTiledImporter (104)
[2017.04.13-10.23.48:440][202]LogModuleManager: Shutting down and abandoning module PaperSpriteSheetImporter (103)
[2017.04.13-10.23.48:440][202]LogModuleManager: Shutting down and abandoning module MeshPaint (102)
[2017.04.13-10.23.48:440][202]LogModuleManager: Shutting down and abandoning module PixelInspectorModule (101)
[2017.04.13-10.23.48:440][202]LogModuleManager: Shutting down and abandoning module HotReload (100)
[2017.04.13-10.23.48:441][202]LogModuleManager: Shutting down and abandoning module MainFrame (99)
[2017.04.13-10.23.48:441][202]LogModuleManager: Shutting down and abandoning module LevelEditor (98)
[2017.04.13-10.23.48:442][202]LogModuleManager: Shutting down and abandoning module ContentBrowser (97)
[2017.04.13-10.23.48:444][202]LogModuleManager: Shutting down and abandoning module Paper2DEditor (96)
[2017.04.13-10.23.48:444][202]LogModuleManager: Shutting down and abandoning module UdpMessaging (95)
[2017.04.13-10.23.48:545][202]LogModuleManager: Shutting down and abandoning module SubstanceCore (94)
[2017.04.13-10.23.48:545][202]LogModuleManager: Shutting down and abandoning module LightPropagationVolumeRuntime (93)
[2017.04.13-10.23.48:545][202]LogModuleManager: Shutting down and abandoning module Paper2D (92)
[2017.04.13-10.23.48:545][202]LogModuleManager: Shutting down and abandoning module WindowsMoviePlayer (91)
[2017.04.13-10.23.48:545][202]LogModuleManager: Shutting down and abandoning module Media (90)
[2017.04.13-10.23.48:545][202]LogModuleManager: Shutting down and abandoning module WmfMedia (89)
[2017.04.13-10.23.48:545][202]LogModuleManager: Shutting down and abandoning module MediaAssets (88)
[2017.04.13-10.23.48:545][202]LogModuleManager: Shutting down and abandoning module GameLiveStreaming (87)
[2017.04.13-10.23.48:545][202]LogModuleManager: Shutting down and abandoning module GameplayTagsEditor (86)
[2017.04.13-10.23.48:545][202]LogModuleManager: Shutting down and abandoning module OnlineBlueprintSupport (85)
[2017.04.13-10.23.48:545][202]LogModuleManager: Shutting down and abandoning module VREditor (84)
[2017.04.13-10.23.48:545][202]LogModuleManager: Shutting down and abandoning module GameplayTasksEditor (83)
[2017.04.13-10.23.48:545][202]LogModuleManager: Shutting down and abandoning module PropertyEditor (82)
[2017.04.13-10.23.48:545][202]LogModuleManager: Shutting down and abandoning module BehaviorTreeEditor (81)
[2017.04.13-10.23.48:545][202]LogModuleManager: Shutting down and abandoning module FunctionalTesting (80)
[2017.04.13-10.23.48:546][202]LogModuleManager: Shutting down and abandoning module CollisionAnalyzer (79)
[2017.04.13-10.23.48:546][202]LogModuleManager: Shutting down and abandoning module Sequencer (78)
[2017.04.13-10.23.48:546][202]LogModuleManager: Shutting down and abandoning module WorkspaceMenuStructure (77)
[2017.04.13-10.23.48:546][202]LogModuleManager: Shutting down and abandoning module MessageLog (76)
[2017.04.13-10.23.48:546][202]LogModuleManager: Shutting down and abandoning module AssetTools (75)
[2017.04.13-10.23.48:546][202]LogModuleManager: Shutting down and abandoning module UMGEditor (74)
[2017.04.13-10.23.48:546][202]LogModuleManager: Shutting down and abandoning module UMG (73)
[2017.04.13-10.23.48:546][202]LogModuleManager: Shutting down and abandoning module SlateReflector (72)
[2017.04.13-10.23.48:546][202]LogModuleManager: Shutting down and abandoning module Slate (71)
[2017.04.13-10.23.48:546][202]LogModuleManager: Shutting down and abandoning module EditorStyle (70)
[2017.04.13-10.23.48:551][202]LogModuleManager: Shutting down and abandoning module SourceCodeAccess (69)
[2017.04.13-10.23.48:551][202]LogModuleManager: Shutting down and abandoning module HeadMountedDisplay (68)
[2017.04.13-10.23.48:551][202]LogModuleManager: Shutting down and abandoning module XAudio2 (67)
[2017.04.13-10.23.48:551][202]LogModuleManager: Shutting down and abandoning module Networking (65)
[2017.04.13-10.23.48:551][202]LogModuleManager: Shutting down and abandoning module Core (64)
[2017.04.13-10.23.48:551][202]LogModuleManager: Shutting down and abandoning module DirectoryWatcher (63)
[2017.04.13-10.23.48:552][202]LogModuleManager: Shutting down and abandoning module AssetRegistry (62)
[2017.04.13-10.23.48:797][202]LogModuleManager: Shutting down and abandoning module KismetCompiler (61)
[2017.04.13-10.23.48:797][202]LogModuleManager: Shutting down and abandoning module PhysXFormats (60)
[2017.04.13-10.23.48:797][202]LogModuleManager: Shutting down and abandoning module MeshUtilities (59)
[2017.04.13-10.23.48:797][202]LogModuleManager: Shutting down and abandoning module DerivedDataCache (58)
[2017.04.13-10.23.48:837][202]LogDerivedDataCache: Shutdown
[2017.04.13-10.23.48:837][202]LogModuleManager: Shutting down and abandoning module VulkanShaderFormat (57)
[2017.04.13-10.23.48:837][202]LogModuleManager: Shutting down and abandoning module ShaderFormatOpenGL (56)
[2017.04.13-10.23.48:837][202]LogModuleManager: Shutting down and abandoning module ShaderFormatD3D (55)
[2017.04.13-10.23.48:837][202]LogModuleManager: Shutting down and abandoning module MetalShaderFormat (54)
[2017.04.13-10.23.48:837][202]LogModuleManager: Shutting down and abandoning module TextureFormatUncompressed (53)
[2017.04.13-10.23.48:837][202]LogModuleManager: Shutting down and abandoning module TextureFormatPVR (52)
[2017.04.13-10.23.48:837][202]LogModuleManager: Shutting down and abandoning module TextureFormatIntelISPCTexComp (51)
[2017.04.13-10.23.48:837][202]LogModuleManager: Shutting down and abandoning module TextureFormatDXT (50)
[2017.04.13-10.23.48:837][202]LogModuleManager: Shutting down and abandoning module ImageWrapper (49)
[2017.04.13-10.23.48:837][202]LogModuleManager: Shutting down and abandoning module TextureFormatASTC (48)
[2017.04.13-10.23.48:837][202]LogModuleManager: Shutting down and abandoning module TextureFormatAndroid (47)
[2017.04.13-10.23.48:837][202]LogModuleManager: Shutting down and abandoning module AudioFormatOpus (46)
[2017.04.13-10.23.48:837][202]LogModuleManager: Shutting down and abandoning module AudioFormatOgg (45)
[2017.04.13-10.23.48:837][202]LogModuleManager: Shutting down and abandoning module AudioFormatADPCM (44)
[2017.04.13-10.23.48:837][202]LogModuleManager: Shutting down and abandoning module LinuxTargetPlatform (43)
[2017.04.13-10.23.48:837][202]LogModuleManager: Shutting down and abandoning module LinuxServerTargetPlatform (42)
[2017.04.13-10.23.48:837][202]LogModuleManager: Shutting down and abandoning module LinuxNoEditorTargetPlatform (41)
[2017.04.13-10.23.48:837][202]LogModuleManager: Shutting down and abandoning module TVOSTargetPlatform (40)
[2017.04.13-10.23.48:837][202]LogModuleManager: Shutting down and abandoning module Messaging (39)
[2017.04.13-10.23.48:837][202]LogModuleManager: Shutting down and abandoning module IOSTargetPlatform (38)
[2017.04.13-10.23.48:837][202]LogModuleManager: Shutting down and abandoning module HTML5TargetPlatform (37)
[2017.04.13-10.23.48:837][202]LogModuleManager: Shutting down and abandoning module Android_PVRTCTargetPlatform (36)
[2017.04.13-10.23.48:837][202]LogModuleManager: Shutting down and abandoning module Android_MultiTargetPlatform (35)
[2017.04.13-10.23.48:837][202]LogModuleManager: Shutting down and abandoning module Android_ETC2TargetPlatform (34)
[2017.04.13-10.23.48:837][202]LogModuleManager: Shutting down and abandoning module Android_ETC1TargetPlatform (33)
[2017.04.13-10.23.48:837][202]LogModuleManager: Shutting down and abandoning module Android_DXTTargetPlatform (32)
[2017.04.13-10.23.48:837][202]LogModuleManager: Shutting down and abandoning module Android_ATCTargetPlatform (31)
[2017.04.13-10.23.48:837][202]LogModuleManager: Shutting down and abandoning module Android_ASTCTargetPlatform (30)
[2017.04.13-10.23.48:837][202]LogModuleManager: Shutting down and abandoning module AndroidTargetPlatform (29)
[2017.04.13-10.23.48:837][202]LogModuleManager: Shutting down and abandoning module WindowsTargetPlatform (28)
[2017.04.13-10.23.48:837][202]LogModuleManager: Shutting down and abandoning module WindowsServerTargetPlatform (27)
[2017.04.13-10.23.48:837][202]LogModuleManager: Shutting down and abandoning module WindowsNoEditorTargetPlatform (26)
[2017.04.13-10.23.48:837][202]LogModuleManager: Shutting down and abandoning module WindowsClientTargetPlatform (25)
[2017.04.13-10.23.48:837][202]LogModuleManager: Shutting down and abandoning module AllDesktopTargetPlatform (24)
[2017.04.13-10.23.48:837][202]LogModuleManager: Shutting down and abandoning module TargetPlatform (23)
[2017.04.13-10.23.48:838][202]LogModuleManager: Shutting down and abandoning module InputCore (22)
[2017.04.13-10.23.48:838][202]LogModuleManager: Shutting down and abandoning module Settings (21)
[2017.04.13-10.23.48:838][202]LogModuleManager: Shutting down and abandoning module OnlineSubsystem (19)
[2017.04.13-10.23.48:838][202]LogModuleManager: Shutting down and abandoning module HTTP (18)
[2017.04.13-10.23.50:339][202]LogModuleManager: Shutting down and abandoning module XMPP (17)
[2017.04.13-10.23.50:339][202]LogModuleManager: Shutting down and abandoning module OculusRift (16)
[2017.04.13-10.23.50:339][202]LogModuleManager: Shutting down and abandoning module ExampleDeviceProfileSelector (15)
[2017.04.13-10.23.50:339][202]LogModuleManager: Shutting down and abandoning module TextureCompressor (14)
[2017.04.13-10.23.50:339][202]LogModuleManager: Shutting down and abandoning module ShaderCore (13)
[2017.04.13-10.23.50:339][202]LogModuleManager: Shutting down and abandoning module Landscape (12)
[2017.04.13-10.23.50:339][202]LogModuleManager: Shutting down and abandoning module SlateRHIRenderer (11)
[2017.04.13-10.23.50:340][202]LogModuleManager: Shutting down and abandoning module OpenGLDrv (10)
[2017.04.13-10.23.50:340][202]LogModuleManager: Shutting down and abandoning module D3D11RHI (9)
[2017.04.13-10.23.50:340][202]LogModuleManager: Shutting down and abandoning module AnimGraphRuntime (8)
[2017.04.13-10.23.50:340][202]LogModuleManager: Shutting down and abandoning module Renderer (7)
[2017.04.13-10.23.50:340][202]LogModuleManager: Shutting down and abandoning module Engine (6)
[2017.04.13-10.23.50:340][202]LogModuleManager: Shutting down and abandoning module CoreUObject (5)
[2017.04.13-10.23.50:340][202]LogModuleManager: Shutting down and abandoning module NetworkFile (4)
[2017.04.13-10.23.50:340][202]LogModuleManager: Shutting down and abandoning module StreamingFile (3)
[2017.04.13-10.23.50:340][202]LogModuleManager: Shutting down and abandoning module SandboxFile (2)
[2017.04.13-10.23.50:340][202]LogModuleManager: Shutting down and abandoning module PakFile (1)
[2017.04.13-10.23.50:342][202]LogExit: Exiting.
[2017.04.13-10.23.50:343][202]Log file closed, 04/13/17 06:23:50
