Log file open, 03/30/17 09:47:11
LogInit:Display: Running engine for game: SoulStriker
LogPlatformFile: Not using cached read wrapper
LogInit:Display: RandInit(-866236420) SRandInit(-866236419).
LogTaskGraph: Started task graph with 4 named threads and 7 total threads with 1 sets of task threads.
LogStats: Stats thread started at 0.081692
LogInit: Version: 4.12.5-3039270+++UE4+Release-4.12
LogInit: API Version: 2992821
LogInit: Net Version: 3039270
LogDevObjectVersion: Number of dev versions registered: 13
LogDevObjectVersion:   Dev-Blueprints (B0D832E4-1F89-4F0D-ACCF-7EB736FD4AA2): 3
LogDevObjectVersion:   Dev-Build (E1C64328-A22C-4D53-A36C-8E866417BD8C): 0
LogDevObjectVersion:   Dev-Core (375EC13C-06E4-48FB-B500-84F0262A717E): 1
LogDevObjectVersion:   Dev-Editor (E4B068ED-F494-42E9-A231-DA0B2E46BB41): 2
LogDevObjectVersion:   Dev-Framework (CFFC743F-43B0-4480-9391-14DF171D2073): 6
LogDevObjectVersion:   Dev-Mobile (B02B49B5-BB20-44E9-A304-32B752E40360): 0
LogDevObjectVersion:   Dev-Networking (A4E4105C-59A1-49B5-A7C5-40C4547EDFEE): 0
LogDevObjectVersion:   Dev-Online (39C831C9-5AE6-47DC-9A44-9C173E1C8E7C): 0
LogDevObjectVersion:   Dev-Physics (78F01B33-EBEA-4F98-B9B4-84EACCB95AA2): 0
LogDevObjectVersion:   Dev-Platform (6631380F-2D4D-43E0-8009-CF276956A95A): 0
LogDevObjectVersion:   Dev-Rendering (12F88B9F-8875-4AFC-A67C-D90C383ABD29): 2
LogDevObjectVersion:   Dev-Sequencer (7B5AE74C-D270-4C10-A958-57980B212A5A): 0
LogDevObjectVersion:   Dev-VR (D7296918-1DD6-4BDD-9DE2-64A83CC13884): 0
LogInit: Compiled (64-bit): Jul  6 2016 09:09:46
LogInit: Compiled with Visual C++: 19.00.23026.00
LogInit: Build Configuration: Development
LogInit: Branch Name: ++UE4+Release-4.12
LogInit: Command line: -EpicPortal 
LogInit: Base directory: C:/Program Files (x86)/Epic Games/4.12/Engine/Binaries/Win64/
LogInit: Installed Engine Build: 1
LogInit: Using libcurl 7.41.0
LogInit:  - built for x86_64-pc-win32
LogInit:  - supports SSL with WinSSL
LogInit:  - other features:
LogInit:      CURL_VERSION_SSL
LogInit:      CURL_VERSION_IPV6
LogInit:      CURL_VERSION_ASYNCHDNS
LogInit:      CURL_VERSION_LARGEFILE
LogInit:      CURL_VERSION_IDN
LogInit:  CurlRequestOptions (configurable via config and command line):
LogInit:  - bVerifyPeer = true  - Libcurl will verify peer certificate
LogInit:  - bUseHttpProxy = false  - Libcurl will NOT use HTTP proxy
LogInit:  - bDontReuseConnections = false  - Libcurl will reuse connections
LogInit:  - CertBundlePath = nullptr  - Libcurl will use whatever was configured at build time.
LogInit: Presizing for max 8388607 objects, including 0 objects not considered by GC, pre-allocating 0 bytes for permanent pool.
LogInit: Object subsystem initialized
[2017.03.30-13.47.11:352][  0]LogInit: Selected Device Profile: [Windows]
[2017.03.30-13.47.11:352][  0]LogInit: Applying CVar settings loaded from the selected device profile: [Windows]
[2017.03.30-13.47.11:362][  0]LogInit: Computer: MSI
[2017.03.30-13.47.11:362][  0]LogInit: User: armorias
[2017.03.30-13.47.11:362][  0]LogInit: CPU Page size=65536, Cores=4
[2017.03.30-13.47.11:362][  0]LogInit: High frequency timer resolution =2.531247 MHz
[2017.03.30-13.47.11:362][  0]LogMemory: Memory total: Physical=11.9GB (12GB approx)
[2017.03.30-13.47.11:362][  0]LogMemory: Platform Memory Stats for Windows
[2017.03.30-13.47.11:362][  0]LogMemory: Process Physical Memory: 192.04 MB used, 192.04 MB peak
[2017.03.30-13.47.11:362][  0]LogMemory: Process Virtual Memory: 195.38 MB used, 195.38 MB peak
[2017.03.30-13.47.11:362][  0]LogMemory: Physical Memory: 6075.87 MB used, 12166.60 MB total
[2017.03.30-13.47.11:362][  0]LogMemory: Virtual Memory: 553.81 MB used, 134217728.00 MB total
[2017.03.30-13.47.11:392][  0]LogTextLocalizationManager: No specific translations for ('en-US') exist, so ('en') translations will be used.
[2017.03.30-13.47.11:751][  0]LogD3D11RHI: D3D11 adapters:
[2017.03.30-13.47.12:324][  0]LogD3D11RHI:    0. 'NVIDIA GeForce GTX 960M' (Feature Level 11_0)
[2017.03.30-13.47.12:324][  0]LogD3D11RHI:       2018/0/6083 MB DedicatedVideo/DedicatedSystem/SharedSystem, Outputs:1, VendorId:0x10de
[2017.03.30-13.47.12:331][  0]LogD3D11RHI:    1. 'Intel(R) HD Graphics 530' (Feature Level 11_0)
[2017.03.30-13.47.12:331][  0]LogD3D11RHI:       128/0/6083 MB DedicatedVideo/DedicatedSystem/SharedSystem, Outputs:0, VendorId:0x8086
[2017.03.30-13.47.12:332][  0]LogD3D11RHI:    2. 'Microsoft Basic Render Driver' (Feature Level 11_0)
[2017.03.30-13.47.12:332][  0]LogD3D11RHI:       0/0/6083 MB DedicatedVideo/DedicatedSystem/SharedSystem, Outputs:0, VendorId:0x1414
[2017.03.30-13.47.12:332][  0]LogD3D11RHI: Chosen D3D11 Adapter: 0
[2017.03.30-13.47.12:338][  0]LogD3D11RHI: Creating new Direct3DDevice
[2017.03.30-13.47.12:338][  0]LogD3D11RHI:     GPU DeviceId: 0x139b (for the marketing name, search the web for "GPU Device Id")
[2017.03.30-13.47.12:338][  0]LogWindows: EnumDisplayDevices:
[2017.03.30-13.47.12:338][  0]LogWindows:    0. 'Intel(R) HD Graphics 530' (P:1 D:1)
[2017.03.30-13.47.12:338][  0]LogWindows:    1. 'Intel(R) HD Graphics 530' (P:0 D:0)
[2017.03.30-13.47.12:338][  0]LogWindows:    2. 'Intel(R) HD Graphics 530' (P:0 D:0)
[2017.03.30-13.47.12:338][  0]LogWindows: DebugString: PrimaryIsNotTheChoosenAdapter PrimaryIsNotTheChoosenAdapter PrimaryIsNotTheChoosenAdapter FoundDriverCount:0 
[2017.03.30-13.47.12:338][  0]LogD3D11RHI:     Adapter Name: NVIDIA GeForce GTX 960M
[2017.03.30-13.47.12:338][  0]LogD3D11RHI:   Driver Version: Unknown (internal:Unknown, unified:Unknown)
[2017.03.30-13.47.12:338][  0]LogD3D11RHI:      Driver Date: Unknown
[2017.03.30-13.47.12:338][  0]LogRHI: Texture pool is 1361 MB (70% of 1945 MB)
[2017.03.30-13.47.12:876][  0]LogD3D11RHI: Async texture creation enabled
[2017.03.30-13.47.12:911][  0]LogD3D11RHI: GPU Timing Frequency: 1000.000000 (Debug: 2 1)
[2017.03.30-13.47.12:911][  0]LogShaderCompilers: Guid format shader working directory is -8 characters bigger than the processId version (D:/SoulStriker_MainFolder/Soul-Striker-Main/Soul Striker/Intermediate/Shaders/WorkingDirectory/18296/).
[2017.03.30-13.47.12:912][  0]LogShaderCompilers: Cleaned the shader compiler working directory 'C:/Users/armorias/AppData/Local/Temp/UnrealShaderWorkingDir/7330F9E6417E0458E61A2B8B1CD70587/'.
[2017.03.30-13.47.12:912][  0]LogShaderCompilers:Display: Using Local Shader Compiler.
[2017.03.30-13.47.13:787][  0]LogTemp:Display: Loaded TP AllDesktopTargetPlatform
[2017.03.30-13.47.13:797][  0]LogTemp:Display: Loaded TP WindowsClientTargetPlatform
[2017.03.30-13.47.13:807][  0]LogTemp:Display: Loaded TP WindowsNoEditorTargetPlatform
[2017.03.30-13.47.13:817][  0]LogTemp:Display: Loaded TP WindowsServerTargetPlatform
[2017.03.30-13.47.13:825][  0]LogTemp:Display: Loaded TP WindowsTargetPlatform
[2017.03.30-13.47.13:832][  0]LogTemp:Display: Loaded TP AndroidTargetPlatform
[2017.03.30-13.47.13:840][  0]LogTemp:Display: Loaded TP Android_ASTCTargetPlatform
[2017.03.30-13.47.13:848][  0]LogTemp:Display: Loaded TP Android_ATCTargetPlatform
[2017.03.30-13.47.13:855][  0]LogTemp:Display: Loaded TP Android_DXTTargetPlatform
[2017.03.30-13.47.13:862][  0]LogTemp:Display: Loaded TP Android_ETC1TargetPlatform
[2017.03.30-13.47.13:870][  0]LogTemp:Display: Loaded TP Android_ETC2TargetPlatform
[2017.03.30-13.47.13:885][  0]LogTemp:Display: Loaded TP Android_MultiTargetPlatform
[2017.03.30-13.47.13:885][  0]LogTemp:Display: Loaded TP Android_PVRTCTargetPlatform
[2017.03.30-13.47.13:886][  0]LogTemp:Display: Loaded TP HTML5TargetPlatform
[2017.03.30-13.47.13:906][  0]LogTemp:Display: Loaded TP IOSTargetPlatform
[2017.03.30-13.47.13:914][  0]LogTemp:Display: Loaded TP TVOSTargetPlatform
[2017.03.30-13.47.13:924][  0]LogTemp:Display: Loaded TP LinuxNoEditorTargetPlatform
[2017.03.30-13.47.13:942][  0]LogTemp:Display: Loaded TP LinuxServerTargetPlatform
[2017.03.30-13.47.13:960][  0]LogTemp:Display: Loaded TP LinuxTargetPlatform
[2017.03.30-13.47.13:960][  0]LogTargetPlatformManager:Display: Building Assets For Windows
[2017.03.30-13.47.14:044][  0]LogDerivedDataCache:Display: Max Cache Size: 512 MB
[2017.03.30-13.47.14:092][  0]LogDerivedDataCache: Loaded boot cache 0.05s 48MB C:/Users/armorias/AppData/Local/UnrealEngine/4.12/DerivedDataCache/Boot.ddc.
[2017.03.30-13.47.14:092][  0]LogDerivedDataCache:Display: Loaded Boot cache: C:/Users/armorias/AppData/Local/UnrealEngine/4.12/DerivedDataCache/Boot.ddc
[2017.03.30-13.47.14:093][  0]LogDerivedDataCache: FDerivedDataBackendGraph:  Pak pak cache file D:/SoulStriker_MainFolder/Soul-Striker-Main/Soul Striker/DerivedDataCache/DDC.ddp not found, will not use a pak cache.
[2017.03.30-13.47.14:093][  0]LogDerivedDataCache: Unable to find inner node Pak for hierarchical cache Hierarchy.
[2017.03.30-13.47.14:093][  0]LogDerivedDataCache: FDerivedDataBackendGraph:  CompressedPak pak cache file D:/SoulStriker_MainFolder/Soul-Striker-Main/Soul Striker/DerivedDataCache/Compressed.ddp not found, will not use a pak cache.
[2017.03.30-13.47.14:093][  0]LogDerivedDataCache: Unable to find inner node CompressedPak for hierarchical cache Hierarchy.
[2017.03.30-13.47.14:109][  0]LogDerivedDataCache:Display: Pak cache opened for reading ../../../Engine/DerivedDataCache/Compressed.ddp.
[2017.03.30-13.47.14:121][  0]LogDerivedDataCache: Using Local data cache path C:/Users/armorias/AppData/Local/UnrealEngine/Common/DerivedDataCache: Writable
[2017.03.30-13.47.14:308][  0]LogInit: Selected Device Profile: [Windows]
[2017.03.30-13.47.14:309][  0]LogContentStreaming: Texture pool size is 0.00 MB
[2017.03.30-13.47.14:525][  0]LogMeshUtilities: No automatic mesh reduction module available
[2017.03.30-13.47.14:525][  0]LogMeshUtilities: No automatic mesh merging module available
[2017.03.30-13.47.14:525][  0]LogMeshUtilities: No distributed automatic mesh merging module available
[2017.03.30-13.47.14:780][  0]LogAssetRegistry: FAssetRegistry took 0.0221 seconds to start up
[2017.03.30-13.47.14:805][  0]LogPackageLocalizationCache: Processed 3 localized package path(s) for 2 prioritized culture(s) in 0.022695 seconds
[2017.03.30-13.47.14:810][  0]LogUObjectArray: 28739 objects as part of root set at end of initial load.
[2017.03.30-13.47.14:810][  0]LogUObjectAllocator: 5855624 out of 0 bytes used by permanent object pool.
[2017.03.30-13.47.14:810][  0]LogUObjectArray: CloseDisregardForGC: 0/0 objects in disregard for GC pool
[2017.03.30-13.47.14:820][  0]LogInit: WinSock: version 1.1 (2.2), MaxSocks=32767, MaxUdp=65467
[2017.03.30-13.47.14:975][  0]LogSlate: SlateFontCache - WITH_FREETYPE: 1, WITH_HARFBUZZ: 1
[2017.03.30-13.47.14:975][  0]LogSlate: SlateFontCache - WITH_FREETYPE: 1, WITH_HARFBUZZ: 1
[2017.03.30-13.47.15:616][  0]LogSubstanceCoreModule: Substance CPU Engine Loaded, Max Texture Size 2048
[2017.03.30-13.47.15:633][  0]LogUdpMessaging: Initializing bridge on interface 0.0.0.0:0 to multicast group 230.0.0.1:6666.
[2017.03.30-13.47.15:833][  0]SourceControl: Info Source control is disabled
[2017.03.30-13.47.15:834][  0]SourceControl: Info Source control is disabled
[2017.03.30-13.47.15:842][  0]SourceControl: Info Source control is disabled
[2017.03.30-13.47.15:849][  0]SourceControl: Info Source control is disabled
[2017.03.30-13.47.16:104][  0]LogEngine: Initializing Engine...
[2017.03.30-13.47.16:107][  0]LogHMD: SteamVR failed to initialize.  Err: 110
[2017.03.30-13.47.16:108][  0]LogHMD: SteamVR failed to initialize.  Err: 110
[2017.03.30-13.47.16:270][  0]LogAIModule: Creating AISystem for world NewWorld
[2017.03.30-13.47.16:275][  0]LogInit: XAudio2 using 'Speakers (Realtek High Definition Audio)' : 2 channels at 48 kHz using 32 bits per sample (channel mask 0x3)
[2017.03.30-13.47.16:346][  0]LogInit: FAudioDevice initialized.
[2017.03.30-13.47.16:375][  0]LogDerivedDataCache: Saved boot cache 0.03s 48MB C:/Users/armorias/AppData/Local/UnrealEngine/4.12/DerivedDataCache/Boot.ddc.
[2017.03.30-13.47.16:383][  0]LogInit: Texture streaming: Enabled
[2017.03.30-13.47.16:415][  0]LogInit: Transaction tracking system initialized
[2017.03.30-13.47.16:438][  0]BlueprintLog: New page: Editor Load
[2017.03.30-13.47.16:519][  0]LocalizationService: Info Localization service is disabled
[2017.03.30-13.47.16:582][  0]LogConsoleResponse:Display: 
[2017.03.30-13.47.16:684][  0]LogCook:Display: Max memory allowance for cook 8192mb
[2017.03.30-13.47.16:684][  0]LogCook:Display: Mobile HDR setting 1
[2017.03.30-13.47.16:786][  0]LogFileCache: Scanning file cache for directory 'D:/SoulStriker_MainFolder/Soul-Striker-Main/Soul Striker/Content/' took 0.01s
[2017.03.30-13.47.16:786][  0]SourceControl: Info Source control is disabled
[2017.03.30-13.47.16:786][  0]Cmd: MAP LOAD FILE="D:/SoulStriker_MainFolder/Soul-Striker-Main/Soul Striker/Content/ThirdPersonBP/Maps/ThirdPersonExampleMap.umap" TEMPLATE=0 SHOWPROGRESS=1 FEATURELEVEL=3
[2017.03.30-13.47.16:786][  0]LightingResults: New page: Lighting Build
[2017.03.30-13.47.16:789][  0]MapCheck: New page: Map Check
[2017.03.30-13.47.16:789][  0]LightingResults: New page: Lighting Build
[2017.03.30-13.47.17:987][  0]LogBlueprint:Warning: Compiler Warning Node  Unknown  is not referencing a valid level actor
[2017.03.30-13.47.17:988][  0]LogBlueprint:Warning: Compiler Warning [0007.68] Compile of PersistentLevel.ThirdPersonExampleMap successful, but with 1 Warning(s) [in 1 ms] (/Game/ThirdPersonBP/Maps/ThirdPersonExampleMap.ThirdPersonExampleMap:PersistentLevel.ThirdPersonExampleMap)
[2017.03.30-13.47.17:988][  0]LogBlueprint:Warning: Compiler Warning [0007.68] Compile of PersistentLevel.ThirdPersonExampleMap successful, but with 2 Warning(s) [in 0 ms] (/Game/ThirdPersonBP/Maps/ThirdPersonExampleMap.ThirdPersonExampleMap:PersistentLevel.ThirdPersonExampleMap)
[2017.03.30-13.47.17:988][  0]LogBlueprint:Warning: Compiler Warning [0007.68] Compile of PersistentLevel.ThirdPersonExampleMap successful, but with 3 Warning(s) [in 0 ms] (/Game/ThirdPersonBP/Maps/ThirdPersonExampleMap.ThirdPersonExampleMap:PersistentLevel.ThirdPersonExampleMap)
[2017.03.30-13.47.17:990][  0]LogBlueprint:Warning: Compiler Warning Node  Unknown  is not referencing a valid level actor
[2017.03.30-13.47.17:990][  0]LogBlueprint:Warning: Compiler Warning [0007.68] Compile of PersistentLevel.ThirdPersonExampleMap successful, but with 1 Warning(s) [in 1 ms] (/Game/ThirdPersonBP/Maps/ThirdPersonExampleMap.ThirdPersonExampleMap:PersistentLevel.ThirdPersonExampleMap)
[2017.03.30-13.47.17:990][  0]LogBlueprint:Warning: Compiler Warning [0007.68] Compile of PersistentLevel.ThirdPersonExampleMap successful, but with 2 Warning(s) [in 0 ms] (/Game/ThirdPersonBP/Maps/ThirdPersonExampleMap.ThirdPersonExampleMap:PersistentLevel.ThirdPersonExampleMap)
[2017.03.30-13.47.17:990][  0]LogBlueprint:Warning: Compiler Warning [0007.68] Compile of PersistentLevel.ThirdPersonExampleMap successful, but with 3 Warning(s) [in 0 ms] (/Game/ThirdPersonBP/Maps/ThirdPersonExampleMap.ThirdPersonExampleMap:PersistentLevel.ThirdPersonExampleMap)
[2017.03.30-13.47.18:538][  0]LogAIModule: Creating AISystem for world ThirdPersonExampleMap
[2017.03.30-13.47.18:629][  0]LogEditorServer: Finished looking for orphan Actors (0.000 secs)
[2017.03.30-13.47.18:631][  0]Cmd: MAP CHECKDEP NOCLEARLOG
[2017.03.30-13.47.18:679][  0]MapCheck: Info Map check complete: 0 Error(s), 0 Warning(s), took 48.293ms to complete.
[2017.03.30-13.47.18:679][  0]LogFileHelpers: Loading map 'ThirdPersonExampleMap' took 1.893
[2017.03.30-13.47.18:913][  0]LogCollectionManager: Loaded 0 collections in 0.002155 seconds
[2017.03.30-13.47.18:952][  0]LogFileCache: Scanning file cache for directory 'D:/SoulStriker_MainFolder/Soul-Striker-Main/Soul Striker/Saved/Collections/' took 0.01s
[2017.03.30-13.47.18:952][  0]LogFileCache: Scanning file cache for directory 'D:/SoulStriker_MainFolder/Soul-Striker-Main/Soul Striker/Content/Developers/armorias/Collections/' took 0.01s
[2017.03.30-13.47.18:952][  0]LogFileCache: Scanning file cache for directory 'D:/SoulStriker_MainFolder/Soul-Striker-Main/Soul Striker/Content/Collections/' took 0.01s
[2017.03.30-13.47.18:952][  0]LogCollectionManager: Rebuilt the GUID cache for 0 collections in 0.000003 seconds
[2017.03.30-13.47.18:967][  0]LogContentBrowser: Native class hierarchy populated in 0.0143 seconds. Added 2062 classes and 375 folders.
[2017.03.30-13.47.18:979][  0]LogStats: UGameplayTagsManager::ConstructGameplayTagTree: Construct from data asset -  0.000 s
[2017.03.30-13.47.18:979][  0]LogStats: UGameplayTagsManager::ConstructGameplayTagTree: GameplayTagTreeChangedEvent.Broadcast -  0.000 s
[2017.03.30-13.47.18:981][  0]LogContentBrowser: Native class hierarchy updated for 'GameplayTags' in 0.0015 seconds. Added 12 classes and 0 folders.
[2017.03.30-13.47.18:994][  0]LogContentBrowser: Native class hierarchy updated for 'WidgetCarousel' in 0.0006 seconds. Added 0 classes and 0 folders.
[2017.03.30-13.47.19:047][  0]LogContentBrowser: Native class hierarchy updated for 'AddContentDialog' in 0.0003 seconds. Added 0 classes and 0 folders.
[2017.03.30-13.47.19:050][  0]LogContentBrowser: Native class hierarchy updated for 'SceneOutliner' in 0.0003 seconds. Added 1 classes and 2 folders.
[2017.03.30-13.47.19:112][  0]LogCrashTracker: Crashtracker disabled due to settings.
[2017.03.30-13.47.19:120][  0]LogUObjectGlobals:Warning: Failed to find object 'Class None.'
[2017.03.30-13.47.19:146][  0]LogContentBrowser: Native class hierarchy updated for 'HierarchicalLODOutliner' in 0.0004 seconds. Added 1 classes and 2 folders.
[2017.03.30-13.47.19:146][  0]LogLoad: Full Startup: 8.84 seconds (BP compile: 0.52 seconds)
[2017.03.30-13.47.19:146][  0]LogExternalProfiler: Found external profiler: VSPerf
[2017.03.30-13.47.19:146][  0]LogExternalProfiler: Using external profiler: VSPerf
[2017.03.30-13.47.19:951][  0]LogOcInput: OculusInput pre-init called
[2017.03.30-13.47.19:987][  0]LogContentStreaming: Texture pool size now 700 MB
[2017.03.30-13.47.20:206][  0]LogRenderer: Reallocating scene render targets to support 892x436 (Frame:2).
[2017.03.30-13.47.20:299][  1]LogFileCache: Retrieving MD5 hashes for directory 'D:/SoulStriker_MainFolder/Soul-Striker-Main/Soul Striker/Content/' took 0.34s
[2017.03.30-13.47.20:319][  1]LogAssetRegistry: Asset discovery search completed in 5.5618 seconds
[2017.03.30-13.47.20:319][  1]LogCollectionManager: Rebuilt the object cache for 0 collections in 0.000001 seconds (found 0 objects)
[2017.03.30-13.47.20:320][  1]LogCollectionManager: Fixed up redirectors for 0 collections in 0.000049 seconds (updated 0 objects)
[2017.03.30-13.53.51:397][639]LogAIModule: Creating AISystem for world Level_1
[2017.03.30-13.53.51:499][639]Cmd: MAP LOAD FILE="D:/SoulStriker_MainFolder/Soul-Striker-Main/Soul Striker/Content/Maps/Level_1.umap" TEMPLATE=0 SHOWPROGRESS=1 FEATURELEVEL=3
[2017.03.30-13.53.51:499][639]LightingResults: New page: Lighting Build
[2017.03.30-13.53.51:499][639]LoadErrors: New page: Loading map: Level_1.umap
[2017.03.30-13.53.51:502][639]MapCheck: New page: Map Check
[2017.03.30-13.53.51:502][639]LightingResults: New page: Lighting Build
[2017.03.30-13.53.51:598][639]LogEditorServer: Finished looking for orphan Actors (0.000 secs)
[2017.03.30-13.53.51:650][639]Cmd: MAP CHECKDEP NOCLEARLOG
[2017.03.30-13.53.51:705][639]MapCheck: Info Map check complete: 0 Error(s), 0 Warning(s), took 54.658ms to complete.
[2017.03.30-13.53.51:705][639]LogFileHelpers: Loading map 'Level_1' took 0.207
[2017.03.30-13.53.58:176][ 20]LogEditorViewport: Clicking on Actor (LMB): TriggerBox (TriggerBox)
[2017.03.30-13.54.10:291][608]Cmd: OBJ SAVEPACKAGE PACKAGE="/Game/Maps/Level_1" FILE="D:/SoulStriker_MainFolder/Soul-Striker-Main/Soul Striker/Content/Maps/Level_1.umap" SILENT=true AUTOSAVING=false KEEPDIRTY=false
[2017.03.30-13.54.11:176][608]LogSavePackage: Save=861.85ms
[2017.03.30-13.54.11:176][608]LogSavePackage: Moving 'D:/SoulStriker_MainFolder/Soul-Striker-Main/Soul Striker/Saved/Level_17215D16149757F2A91B39BA351BB899B.tmp' to 'D:/SoulStriker_MainFolder/Soul-Striker-Main/Soul Striker/Content/Maps/Level_1.umap'
[2017.03.30-13.54.11:180][608]LogSavePackage:Display: Finished SavePackage D:/SoulStriker_MainFolder/Soul-Striker-Main/Soul Striker/Content/Maps/Level_1.umap
[2017.03.30-13.55.44:372][104]LogFactory: FactoryCreateFile: StaticMesh with FbxFactory (0 0 D:/table.fbx)
[2017.03.30-13.55.44:390][104]LogFbx: ItemName: GlobalSettings, ItemCount : 1
[2017.03.30-13.55.44:390][104]LogFbx: ItemName: AnimationStack, ItemCount : 1
[2017.03.30-13.55.44:390][104]LogFbx: ItemName: AnimationLayer, ItemCount : 1
[2017.03.30-13.55.44:390][104]LogFbx: ItemName: Model, ItemCount : 1
[2017.03.30-13.55.44:390][104]LogFbx: ItemName: Geometry, ItemCount : 1
[2017.03.30-13.55.44:390][104]LogFbx: ItemName: Material, ItemCount : 1
[2017.03.30-13.55.44:396][104]LogFbx: Loading FBX Scene from D:/table.fbx
[2017.03.30-13.55.44:402][104]LogFbx: FBX Scene Loaded Succesfully
[2017.03.30-13.56.39:189][104]LogFbx: Loading FBX Scene from D:/table.fbx
[2017.03.30-13.56.39:196][104]LogFbx: FBX Scene Loaded Succesfully
[2017.03.30-13.56.39:200][104]LogStaticMesh: Building static mesh table...
[2017.03.30-13.56.39:206][104]LogStaticMesh: Built static mesh [0.01s] /Game/Geometry/Meshes/table.table
[2017.03.30-13.56.39:213][104]FBXImport:Warning: Warning Warning: No smoothing group information was found in this FBX scene.  Please make sure to enable the 'Export Smoothing Groups' option in the FBX Exporter plug-in before exporting the file.  Even for tools that don't support smoothing groups, the FBX Exporter will generate appropriate smoothing data at export-time so that correct vertex normals can be inferred while importing. 
[2017.03.30-13.56.43:075][223]LogActorFactory: Actor Factory created table
[2017.03.30-13.56.44:102][284]LogActorFactory: Actor Factory created table
[2017.03.30-13.56.59:605][210]LogPhysics:Warning: Scale 'X=0.000 Y=1.000 Z=1.000' is not valid on object '/Game/Maps/Level_1.Level_1:PersistentLevel.table_2.StaticMeshComponent0 table'.
[2017.03.30-13.56.59:606][210]LogPhysics:Warning: Scale 'X=0.000 Y=1.000 Z=1.000' is not valid on object '/Game/Maps/Level_1.Level_1:PersistentLevel.table_2.StaticMeshComponent0 table'.
[2017.03.30-13.57.20:218][443]LogEditorViewport: Clicking Background
[2017.03.30-13.57.23:303][628]LogEditorViewport: Clicking on Actor (LMB): StaticMeshActor (table)
[2017.03.30-13.57.27:308][866]LogEditorViewport: Clicking Background
[2017.03.30-13.57.31:344][ 90]Cmd: OBJ SAVEPACKAGE PACKAGE="/Game/Maps/Level_1" FILE="D:/SoulStriker_MainFolder/Soul-Striker-Main/Soul Striker/Content/Maps/Level_1.umap" SILENT=true AUTOSAVING=false KEEPDIRTY=false
[2017.03.30-13.57.31:989][ 90]LogSavePackage: Save=625.96ms
[2017.03.30-13.57.31:989][ 90]LogSavePackage: Moving 'D:/SoulStriker_MainFolder/Soul-Striker-Main/Soul Striker/Saved/Level_1978C5D274D8FD69AB451DA8457FF3C30.tmp' to 'D:/SoulStriker_MainFolder/Soul-Striker-Main/Soul Striker/Content/Maps/Level_1.umap'
[2017.03.30-13.57.31:991][ 90]LogSavePackage:Display: Finished SavePackage D:/SoulStriker_MainFolder/Soul-Striker-Main/Soul Striker/Content/Maps/Level_1.umap
[2017.03.30-13.57.35:594][196]Cmd: OBJ SAVEPACKAGE PACKAGE="/Game/Geometry/Meshes/table" FILE="D:/SoulStriker_MainFolder/Soul-Striker-Main/Soul Striker/Content/Geometry/Meshes/table.uasset" SILENT=true
[2017.03.30-13.57.35:609][196]LogSavePackage: Save=13.16ms
[2017.03.30-13.57.35:609][196]LogSavePackage: Moving 'D:/SoulStriker_MainFolder/Soul-Striker-Main/Soul Striker/Saved/table7A9E3B0642D00ECA9B030784094B6DB3.tmp' to 'D:/SoulStriker_MainFolder/Soul-Striker-Main/Soul Striker/Content/Geometry/Meshes/table.uasset'
[2017.03.30-13.57.35:610][196]LogSavePackage:Display: Finished SavePackage D:/SoulStriker_MainFolder/Soul-Striker-Main/Soul Striker/Content/Geometry/Meshes/table.uasset
[2017.03.30-13.57.44:274][631]LogActorFactory: Actor Factory created shield_1_0
[2017.03.30-13.57.45:806][723]LogActorFactory: Actor Factory created shield_1_0
[2017.03.30-13.57.54:865][121]LogEditorViewport: Clicking Background
[2017.03.30-13.57.57:746][281]LogBlueprintUserMessages: Early PlayInEditor Detection: Level '/Game/Maps/Level_1.Level_1:PersistentLevel' has LevelScriptBlueprint '/Game/Maps/Level_1.Level_1:PersistentLevel.Level_1' with GeneratedClass '/Game/Maps/Level_1.Level_1_C' with ClassGeneratedBy '/Game/Maps/Level_1.Level_1:PersistentLevel.Level_1'
[2017.03.30-13.57.57:746][281]LogPlayLevel: PlayLevel: No blueprints needed recompiling
[2017.03.30-13.57.57:746][281]PIE: New page: PIE session: Level_1 (Mar 30, 2017, 4:57:57 AM)
[2017.03.30-13.57.57:747][281]LogPlayLevel: Creating play world package: /Game/Maps/UEDPIE_0_Level_1
[2017.03.30-13.57.57:761][281]LogPlayLevel: PIE: StaticDuplicateObject took: (0.014583s)
[2017.03.30-13.57.57:762][281]LogAIModule: Creating AISystem for world Level_1
[2017.03.30-13.57.57:762][281]LogPlayLevel: PIE: World Init took: (0.000761s)
[2017.03.30-13.57.57:762][281]LogPlayLevel: PIE: Created PIE world by copying editor world from /Game/Maps/Level_1.Level_1 to /Game/Maps/UEDPIE_0_Level_1.Level_1 (0.015701s)
[2017.03.30-13.57.57:783][281]LogInit: XAudio2 using 'Speakers (Realtek High Definition Audio)' : 8 channels at 48 kHz using 32 bits per sample (channel mask 0x63f)
[2017.03.30-13.57.57:823][281]LogInit: FAudioDevice initialized.
[2017.03.30-13.57.57:899][281]LogWorld: Game class is 'SoulStrikerCampaign_C'
[2017.03.30-13.57.57:928][281]LogWorld: Bringing World /Game/Maps/UEDPIE_0_Level_1.Level_1 up for play (max tick rate 60) at 2017.03.30-09.57.57
[2017.03.30-13.57.57:931][281]LogWorld: Bringing up level for play took: 0.029485
[2017.03.30-13.57.57:935][281]LogContentBrowser: Native class hierarchy updated for 'MovieSceneCapture' in 0.0005 seconds. Added 11 classes and 0 folders.
[2017.03.30-13.57.57:939][281]PIE: Info Play in editor start time for /Game/Maps/UEDPIE_0_Level_1 -0.183
[2017.03.30-13.57.57:939][281]LogBlueprintUserMessages: Late PlayInEditor Detection: Level '/Game/Maps/Level_1.Level_1:PersistentLevel' has LevelScriptBlueprint '/Game/Maps/Level_1.Level_1:PersistentLevel.Level_1' with GeneratedClass '/Game/Maps/Level_1.Level_1_C' with ClassGeneratedBy '/Game/Maps/Level_1.Level_1:PersistentLevel.Level_1'
[2017.03.30-13.58.01:581][498]Set new viewmode: Wireframe
[2017.03.30-13.58.02:713][566]Set new viewmode: Unlit
[2017.03.30-13.58.03:396][607]Set new viewmode: Lit
[2017.03.30-13.58.04:013][644]Error: view mode not recognized: detaillighting
[2017.03.30-13.58.04:613][680]Set new viewmode: Lit
[2017.03.30-13.58.04:930][699]Set new viewmode: Unlit
[2017.03.30-13.58.08:996][943]Error: view mode not recognized: detaillighting
[2017.03.30-13.58.09:246][958]Set new viewmode: Lit
[2017.03.30-13.58.10:697][ 45]LogBlueprintUserMessages: Early EndPlayMap Detection: Level '/Game/Maps/Level_1.Level_1:PersistentLevel' has LevelScriptBlueprint '/Game/Maps/Level_1.Level_1:PersistentLevel.Level_1' with GeneratedClass '/Game/Maps/Level_1.Level_1_C' with ClassGeneratedBy '/Game/Maps/Level_1.Level_1:PersistentLevel.Level_1'
[2017.03.30-13.58.10:737][ 45]LogBlueprintUserMessages: Late EndPlayMap Detection: Level '/Game/Maps/Level_1.Level_1:PersistentLevel' has LevelScriptBlueprint '/Game/Maps/Level_1.Level_1:PersistentLevel.Level_1' with GeneratedClass '/Game/Maps/Level_1.Level_1_C' with ClassGeneratedBy '/Game/Maps/Level_1.Level_1:PersistentLevel.Level_1'
[2017.03.30-13.58.11:485][ 89]LogEditorViewport: Clicking on Actor (LMB): StaticMeshActor (shield_1_0)
[2017.03.30-13.58.15:187][293]Cmd: OBJ SAVEPACKAGE PACKAGE="/Game/Maps/Level_1" FILE="D:/SoulStriker_MainFolder/Soul-Striker-Main/Soul Striker/Content/Maps/Level_1.umap" SILENT=true AUTOSAVING=false KEEPDIRTY=false
[2017.03.30-13.58.15:825][293]LogSavePackage: Save=624.30ms
[2017.03.30-13.58.15:825][293]LogSavePackage: Moving 'D:/SoulStriker_MainFolder/Soul-Striker-Main/Soul Striker/Saved/Level_16147752D4A27481A27D4129FA9B2AE24.tmp' to 'D:/SoulStriker_MainFolder/Soul-Striker-Main/Soul Striker/Content/Maps/Level_1.umap'
[2017.03.30-13.58.15:827][293]LogSavePackage:Display: Finished SavePackage D:/SoulStriker_MainFolder/Soul-Striker-Main/Soul Striker/Content/Maps/Level_1.umap
[2017.03.30-13.59.26:577][478]Cmd: OBJ SAVEPACKAGE PACKAGE="/Game/Maps/Level_1" FILE="D:/SoulStriker_MainFolder/Soul-Striker-Main/Soul Striker/Content/Maps/Level_1.umap" SILENT=true AUTOSAVING=false KEEPDIRTY=false
[2017.03.30-13.59.27:229][478]LogSavePackage: Save=629.33ms
[2017.03.30-13.59.27:229][478]LogSavePackage: Moving 'D:/SoulStriker_MainFolder/Soul-Striker-Main/Soul Striker/Saved/Level_122269BC047EA6463E3A253B7C92F1D06.tmp' to 'D:/SoulStriker_MainFolder/Soul-Striker-Main/Soul Striker/Content/Maps/Level_1.umap'
[2017.03.30-13.59.27:231][478]LogSavePackage:Display: Finished SavePackage D:/SoulStriker_MainFolder/Soul-Striker-Main/Soul Striker/Content/Maps/Level_1.umap
[2017.03.30-13.59.28:580][543]LogBlueprintUserMessages: Early PlayInEditor Detection: Level '/Game/Maps/Level_1.Level_1:PersistentLevel' has LevelScriptBlueprint '/Game/Maps/Level_1.Level_1:PersistentLevel.Level_1' with GeneratedClass '/Game/Maps/Level_1.Level_1_C' with ClassGeneratedBy '/Game/Maps/Level_1.Level_1:PersistentLevel.Level_1'
[2017.03.30-13.59.28:581][543]LogPlayLevel: PlayLevel: No blueprints needed recompiling
[2017.03.30-13.59.28:581][543]PIE: New page: PIE session: Level_1 (Mar 30, 2017, 4:59:28 AM)
[2017.03.30-13.59.28:581][543]LogPlayLevel: Creating play world package: /Game/Maps/UEDPIE_0_Level_1
[2017.03.30-13.59.28:595][543]LogPlayLevel: PIE: StaticDuplicateObject took: (0.013882s)
[2017.03.30-13.59.28:596][543]LogAIModule: Creating AISystem for world Level_1
[2017.03.30-13.59.28:596][543]LogPlayLevel: PIE: World Init took: (0.001091s)
[2017.03.30-13.59.28:596][543]LogPlayLevel: PIE: Created PIE world by copying editor world from /Game/Maps/Level_1.Level_1 to /Game/Maps/UEDPIE_0_Level_1.Level_1 (0.015340s)
[2017.03.30-13.59.28:618][543]LogInit: XAudio2 using 'Speakers (Realtek High Definition Audio)' : 8 channels at 48 kHz using 32 bits per sample (channel mask 0x63f)
[2017.03.30-13.59.28:658][543]LogInit: FAudioDevice initialized.
[2017.03.30-13.59.28:708][543]LogWorld: Game class is 'SoulStrikerCampaign_C'
[2017.03.30-13.59.28:719][543]LogWorld: Bringing World /Game/Maps/UEDPIE_0_Level_1.Level_1 up for play (max tick rate 60) at 2017.03.30-09.59.28
[2017.03.30-13.59.28:722][543]LogWorld: Bringing up level for play took: 0.012540
[2017.03.30-13.59.28:726][543]PIE: Info Play in editor start time for /Game/Maps/UEDPIE_0_Level_1 0.604
[2017.03.30-13.59.28:727][543]LogBlueprintUserMessages: Late PlayInEditor Detection: Level '/Game/Maps/Level_1.Level_1:PersistentLevel' has LevelScriptBlueprint '/Game/Maps/Level_1.Level_1:PersistentLevel.Level_1' with GeneratedClass '/Game/Maps/Level_1.Level_1_C' with ClassGeneratedBy '/Game/Maps/Level_1.Level_1:PersistentLevel.Level_1'
[2017.03.30-13.59.32:659][779]LogBlueprintUserMessages: Early EndPlayMap Detection: Level '/Game/Maps/Level_1.Level_1:PersistentLevel' has LevelScriptBlueprint '/Game/Maps/Level_1.Level_1:PersistentLevel.Level_1' with GeneratedClass '/Game/Maps/Level_1.Level_1_C' with ClassGeneratedBy '/Game/Maps/Level_1.Level_1:PersistentLevel.Level_1'
[2017.03.30-13.59.32:729][779]LogBlueprintUserMessages: Late EndPlayMap Detection: Level '/Game/Maps/Level_1.Level_1:PersistentLevel' has LevelScriptBlueprint '/Game/Maps/Level_1.Level_1:PersistentLevel.Level_1' with GeneratedClass '/Game/Maps/Level_1.Level_1_C' with ClassGeneratedBy '/Game/Maps/Level_1.Level_1:PersistentLevel.Level_1'
[2017.03.30-13.59.39:681][171]Cmd: OBJ SAVEPACKAGE PACKAGE="/Game/Maps/Level_1" FILE="D:/SoulStriker_MainFolder/Soul-Striker-Main/Soul Striker/Content/Maps/Level_1.umap" SILENT=true AUTOSAVING=false KEEPDIRTY=false
[2017.03.30-13.59.40:320][171]LogSavePackage: Save=626.00ms
[2017.03.30-13.59.40:320][171]LogSavePackage: Moving 'D:/SoulStriker_MainFolder/Soul-Striker-Main/Soul Striker/Saved/Level_1F24430A64E0C1F48C94333A56CD2E1A0.tmp' to 'D:/SoulStriker_MainFolder/Soul-Striker-Main/Soul Striker/Content/Maps/Level_1.umap'
[2017.03.30-13.59.40:323][171]LogSavePackage:Display: Finished SavePackage D:/SoulStriker_MainFolder/Soul-Striker-Main/Soul Striker/Content/Maps/Level_1.umap
[2017.03.30-14.01.17:842][ 14]LogEditorViewport: Clicking on Actor (LMB): StaticMeshActor (table)
[2017.03.30-14.01.31:695][483]Cmd: OBJ SAVEPACKAGE PACKAGE="/Game/Maps/Level_1" FILE="D:/SoulStriker_MainFolder/Soul-Striker-Main/Soul Striker/Content/Maps/Level_1.umap" SILENT=true AUTOSAVING=false KEEPDIRTY=false
[2017.03.30-14.01.32:341][483]LogSavePackage: Save=631.12ms
[2017.03.30-14.01.32:341][483]LogSavePackage: Moving 'D:/SoulStriker_MainFolder/Soul-Striker-Main/Soul Striker/Saved/Level_106648A5041F704506BC53F90171ABB5E.tmp' to 'D:/SoulStriker_MainFolder/Soul-Striker-Main/Soul Striker/Content/Maps/Level_1.umap'
[2017.03.30-14.01.32:344][483]LogSavePackage:Display: Finished SavePackage D:/SoulStriker_MainFolder/Soul-Striker-Main/Soul Striker/Content/Maps/Level_1.umap
[2017.03.30-14.01.33:410][528]LogBlueprintUserMessages: Early PlayInEditor Detection: Level '/Game/Maps/Level_1.Level_1:PersistentLevel' has LevelScriptBlueprint '/Game/Maps/Level_1.Level_1:PersistentLevel.Level_1' with GeneratedClass '/Game/Maps/Level_1.Level_1_C' with ClassGeneratedBy '/Game/Maps/Level_1.Level_1:PersistentLevel.Level_1'
[2017.03.30-14.01.33:410][528]LogPlayLevel: PlayLevel: No blueprints needed recompiling
[2017.03.30-14.01.33:410][528]PIE: New page: PIE session: Level_1 (Mar 30, 2017, 5:01:33 AM)
[2017.03.30-14.01.33:410][528]LogPlayLevel: Creating play world package: /Game/Maps/UEDPIE_0_Level_1
[2017.03.30-14.01.33:424][528]LogPlayLevel: PIE: StaticDuplicateObject took: (0.013200s)
[2017.03.30-14.01.33:425][528]LogAIModule: Creating AISystem for world Level_1
[2017.03.30-14.01.33:425][528]LogPlayLevel: PIE: World Init took: (0.001011s)
[2017.03.30-14.01.33:425][528]LogPlayLevel: PIE: Created PIE world by copying editor world from /Game/Maps/Level_1.Level_1 to /Game/Maps/UEDPIE_0_Level_1.Level_1 (0.014836s)
[2017.03.30-14.01.33:448][528]LogInit: XAudio2 using 'Speakers (Realtek High Definition Audio)' : 8 channels at 48 kHz using 32 bits per sample (channel mask 0x63f)
[2017.03.30-14.01.33:489][528]LogInit: FAudioDevice initialized.
[2017.03.30-14.01.33:539][528]LogWorld: Game class is 'SoulStrikerCampaign_C'
[2017.03.30-14.01.33:551][528]LogWorld: Bringing World /Game/Maps/UEDPIE_0_Level_1.Level_1 up for play (max tick rate 60) at 2017.03.30-10.01.33
[2017.03.30-14.01.33:553][528]LogWorld: Bringing up level for play took: 0.012583
[2017.03.30-14.01.33:560][528]PIE: Info Play in editor start time for /Game/Maps/UEDPIE_0_Level_1 -0.562
[2017.03.30-14.01.33:560][528]LogBlueprintUserMessages: Late PlayInEditor Detection: Level '/Game/Maps/Level_1.Level_1:PersistentLevel' has LevelScriptBlueprint '/Game/Maps/Level_1.Level_1:PersistentLevel.Level_1' with GeneratedClass '/Game/Maps/Level_1.Level_1_C' with ClassGeneratedBy '/Game/Maps/Level_1.Level_1:PersistentLevel.Level_1'
[2017.03.30-14.01.38:280][811]LogBlueprintUserMessages: Early EndPlayMap Detection: Level '/Game/Maps/Level_1.Level_1:PersistentLevel' has LevelScriptBlueprint '/Game/Maps/Level_1.Level_1:PersistentLevel.Level_1' with GeneratedClass '/Game/Maps/Level_1.Level_1_C' with ClassGeneratedBy '/Game/Maps/Level_1.Level_1:PersistentLevel.Level_1'
[2017.03.30-14.01.38:332][811]LogBlueprintUserMessages: Late EndPlayMap Detection: Level '/Game/Maps/Level_1.Level_1:PersistentLevel' has LevelScriptBlueprint '/Game/Maps/Level_1.Level_1:PersistentLevel.Level_1' with GeneratedClass '/Game/Maps/Level_1.Level_1_C' with ClassGeneratedBy '/Game/Maps/Level_1.Level_1:PersistentLevel.Level_1'
[2017.03.30-14.01.40:152][919]LogEditorViewport: Clicking on Actor (LMB): StaticMeshActor (table)
[2017.03.30-14.01.45:794][257]LogEditorViewport: Clicking on Actor (LMB): StaticMeshActor (shield_1_0)
[2017.03.30-14.01.55:438][820]Cmd: OBJ SAVEPACKAGE PACKAGE="/Game/Maps/Level_1" FILE="D:/SoulStriker_MainFolder/Soul-Striker-Main/Soul Striker/Content/Maps/Level_1.umap" SILENT=true AUTOSAVING=false KEEPDIRTY=false
[2017.03.30-14.01.56:108][820]LogSavePackage: Save=657.56ms
[2017.03.30-14.01.56:108][820]LogSavePackage: Moving 'D:/SoulStriker_MainFolder/Soul-Striker-Main/Soul Striker/Saved/Level_146CF03AF42F0F08576D056A48AF2A3AE.tmp' to 'D:/SoulStriker_MainFolder/Soul-Striker-Main/Soul Striker/Content/Maps/Level_1.umap'
[2017.03.30-14.01.56:111][820]LogSavePackage:Display: Finished SavePackage D:/SoulStriker_MainFolder/Soul-Striker-Main/Soul Striker/Content/Maps/Level_1.umap
[2017.03.30-14.01.56:670][835]LogBlueprintUserMessages: Early PlayInEditor Detection: Level '/Game/Maps/Level_1.Level_1:PersistentLevel' has LevelScriptBlueprint '/Game/Maps/Level_1.Level_1:PersistentLevel.Level_1' with GeneratedClass '/Game/Maps/Level_1.Level_1_C' with ClassGeneratedBy '/Game/Maps/Level_1.Level_1:PersistentLevel.Level_1'
[2017.03.30-14.01.56:670][835]LogPlayLevel: PlayLevel: No blueprints needed recompiling
[2017.03.30-14.01.56:670][835]PIE: New page: PIE session: Level_1 (Mar 30, 2017, 5:01:56 AM)
[2017.03.30-14.01.56:671][835]LogPlayLevel: Creating play world package: /Game/Maps/UEDPIE_0_Level_1
[2017.03.30-14.01.56:684][835]LogPlayLevel: PIE: StaticDuplicateObject took: (0.013757s)
[2017.03.30-14.01.56:685][835]LogAIModule: Creating AISystem for world Level_1
[2017.03.30-14.01.56:685][835]LogPlayLevel: PIE: World Init took: (0.000747s)
[2017.03.30-14.01.56:685][835]LogPlayLevel: PIE: Created PIE world by copying editor world from /Game/Maps/Level_1.Level_1 to /Game/Maps/UEDPIE_0_Level_1.Level_1 (0.014867s)
[2017.03.30-14.01.56:708][835]LogInit: XAudio2 using 'Speakers (Realtek High Definition Audio)' : 8 channels at 48 kHz using 32 bits per sample (channel mask 0x63f)
[2017.03.30-14.01.56:748][835]LogInit: FAudioDevice initialized.
[2017.03.30-14.01.56:796][835]LogWorld: Game class is 'SoulStrikerCampaign_C'
[2017.03.30-14.01.56:808][835]LogWorld: Bringing World /Game/Maps/UEDPIE_0_Level_1.Level_1 up for play (max tick rate 60) at 2017.03.30-10.01.56
[2017.03.30-14.01.56:811][835]LogWorld: Bringing up level for play took: 0.013020
[2017.03.30-14.01.56:815][835]PIE: Info Play in editor start time for /Game/Maps/UEDPIE_0_Level_1 0.693
[2017.03.30-14.01.56:815][835]LogBlueprintUserMessages: Late PlayInEditor Detection: Level '/Game/Maps/Level_1.Level_1:PersistentLevel' has LevelScriptBlueprint '/Game/Maps/Level_1.Level_1:PersistentLevel.Level_1' with GeneratedClass '/Game/Maps/Level_1.Level_1_C' with ClassGeneratedBy '/Game/Maps/Level_1.Level_1:PersistentLevel.Level_1'
[2017.03.30-14.02.02:982][205]LogBlueprintUserMessages: Early EndPlayMap Detection: Level '/Game/Maps/Level_1.Level_1:PersistentLevel' has LevelScriptBlueprint '/Game/Maps/Level_1.Level_1:PersistentLevel.Level_1' with GeneratedClass '/Game/Maps/Level_1.Level_1_C' with ClassGeneratedBy '/Game/Maps/Level_1.Level_1:PersistentLevel.Level_1'
[2017.03.30-14.02.03:035][205]LogBlueprintUserMessages: Late EndPlayMap Detection: Level '/Game/Maps/Level_1.Level_1:PersistentLevel' has LevelScriptBlueprint '/Game/Maps/Level_1.Level_1:PersistentLevel.Level_1' with GeneratedClass '/Game/Maps/Level_1.Level_1_C' with ClassGeneratedBy '/Game/Maps/Level_1.Level_1:PersistentLevel.Level_1'
[2017.03.30-14.02.07:943][489]LogEditorViewport: Clicking on Actor (LMB): TriggerBox (TriggerBox)
[2017.03.30-14.02.16:683][910]Cmd: OBJ SAVEPACKAGE PACKAGE="/Game/Maps/Level_1" FILE="D:/SoulStriker_MainFolder/Soul-Striker-Main/Soul Striker/Content/Maps/Level_1.umap" SILENT=true AUTOSAVING=false KEEPDIRTY=false
[2017.03.30-14.02.17:328][910]LogSavePackage: Save=631.88ms
[2017.03.30-14.02.17:328][910]LogSavePackage: Moving 'D:/SoulStriker_MainFolder/Soul-Striker-Main/Soul Striker/Saved/Level_1790087A14599D7A27EB63A89F238D946.tmp' to 'D:/SoulStriker_MainFolder/Soul-Striker-Main/Soul Striker/Content/Maps/Level_1.umap'
[2017.03.30-14.02.17:329][910]LogSavePackage:Display: Finished SavePackage D:/SoulStriker_MainFolder/Soul-Striker-Main/Soul Striker/Content/Maps/Level_1.umap
[2017.03.30-14.02.38:686][422]LogContentBrowser: Native class hierarchy updated for 'BlueprintGraph' in 0.0007 seconds. Added 111 classes and 0 folders.
[2017.03.30-14.02.39:388][422]LogRenderer: Reallocating scene render targets to support 912x540 (Frame:31146).
[2017.03.30-14.02.39:477][424]LogScriptCore:Warning: Attempted to get an item from array CallFunc_GetAllActorsOfClass_OutActors out of bounds [0/0]!

[2017.03.30-14.02.39:477][424]LogScript:Warning: Accessed None trying to read property CallFunc_Array_Get_Item
	spiritOrbOG_C /Engine/Transien