Log file open, 04/07/17 23:09:31
LogInit:Display: Running engine for game: SoulStriker
LogPlatformFile: Not using cached read wrapper
LogInit:Display: RandInit(-581806943) SRandInit(-581806942).
LogTaskGraph: Started task graph with 4 named threads and 7 total threads with 1 sets of task threads.
LogStats: Stats thread started at 0.092211
LogInit: Version: 4.12.5-3039270+++UE4+Release-4.12
LogInit: API Version: 2992821
LogInit: Net Version: 3039270
LogDevObjectVersion: Number of dev versions registered: 13
LogDevObjectVersion:   Dev-Blueprints (B0D832E4-1F89-4F0D-ACCF-7EB736FD4AA2): 3
LogDevObjectVersion:   Dev-Build (E1C64328-A22C-4D53-A36C-8E866417BD8C): 0
LogDevObjectVersion:   Dev-Core (375EC13C-06E4-48FB-B500-84F0262A717E): 1
LogDevObjectVersion:   Dev-Editor (E4B068ED-F494-42E9-A231-DA0B2E46BB41): 2
LogDevObjectVersion:   Dev-Framework (CFFC743F-43B0-4480-9391-14DF171D2073): 6
LogDevObjectVersion:   Dev-Mobile (B02B49B5-BB20-44E9-A304-32B752E40360): 0
LogDevObjectVersion:   Dev-Networking (A4E4105C-59A1-49B5-A7C5-40C4547EDFEE): 0
LogDevObjectVersion:   Dev-Online (39C831C9-5AE6-47DC-9A44-9C173E1C8E7C): 0
LogDevObjectVersion:   Dev-Physics (78F01B33-EBEA-4F98-B9B4-84EACCB95AA2): 0
LogDevObjectVersion:   Dev-Platform (6631380F-2D4D-43E0-8009-CF276956A95A): 0
LogDevObjectVersion:   Dev-Rendering (12F88B9F-8875-4AFC-A67C-D90C383ABD29): 2
LogDevObjectVersion:   Dev-Sequencer (7B5AE74C-D270-4C10-A958-57980B212A5A): 0
LogDevObjectVersion:   Dev-VR (D7296918-1DD6-4BDD-9DE2-64A83CC13884): 0
LogInit: Compiled (64-bit): Jul  6 2016 09:09:46
LogInit: Compiled with Visual C++: 19.00.23026.00
LogInit: Build Configuration: Development
LogInit: Branch Name: ++UE4+Release-4.12
LogInit: Command line:  
LogInit: Base directory: C:/Program Files (x86)/Epic Games/4.12/Engine/Binaries/Win64/
LogInit: Installed Engine Build: 1
LogInit: Using libcurl 7.41.0
LogInit:  - built for x86_64-pc-win32
LogInit:  - supports SSL with WinSSL
LogInit:  - other features:
LogInit:      CURL_VERSION_SSL
LogInit:      CURL_VERSION_IPV6
LogInit:      CURL_VERSION_ASYNCHDNS
LogInit:      CURL_VERSION_LARGEFILE
LogInit:      CURL_VERSION_IDN
LogInit:  CurlRequestOptions (configurable via config and command line):
LogInit:  - bVerifyPeer = true  - Libcurl will verify peer certificate
LogInit:  - bUseHttpProxy = false  - Libcurl will NOT use HTTP proxy
LogInit:  - bDontReuseConnections = false  - Libcurl will reuse connections
LogInit:  - CertBundlePath = nullptr  - Libcurl will use whatever was configured at build time.
LogInit: Presizing for max 8388607 objects, including 0 objects not considered by GC, pre-allocating 0 bytes for permanent pool.
LogInit: Object subsystem initialized
[2017.04.08-03.09.31:184][  0]LogInit: Selected Device Profile: [Windows]
[2017.04.08-03.09.31:184][  0]LogInit: Applying CVar settings loaded from the selected device profile: [Windows]
[2017.04.08-03.09.31:208][  0]LogInit: Computer: BMO
[2017.04.08-03.09.31:208][  0]LogInit: User: Steve
[2017.04.08-03.09.31:208][  0]LogInit: CPU Page size=65536, Cores=4
[2017.04.08-03.09.31:208][  0]LogInit: High frequency timer resolution =3.410071 MHz
[2017.04.08-03.09.31:208][  0]LogMemory: Memory total: Physical=8.0GB (8GB approx)
[2017.04.08-03.09.31:208][  0]LogMemory: Platform Memory Stats for Windows
[2017.04.08-03.09.31:208][  0]LogMemory: Process Physical Memory: 192.16 MB used, 192.16 MB peak
[2017.04.08-03.09.31:208][  0]LogMemory: Process Virtual Memory: 195.28 MB used, 195.28 MB peak
[2017.04.08-03.09.31:208][  0]LogMemory: Physical Memory: 5267.54 MB used, 8145.96 MB total
[2017.04.08-03.09.31:208][  0]LogMemory: Virtual Memory: 553.80 MB used, 134217728.00 MB total
[2017.04.08-03.09.31:235][  0]LogTextLocalizationManager: No specific translations for ('en-US') exist, so ('en') translations will be used.
[2017.04.08-03.09.31:573][  0]LogD3D11RHI: D3D11 adapters:
[2017.04.08-03.09.32:058][  0]LogD3D11RHI:    0. 'NVIDIA GeForce GTX 660' (Feature Level 11_0)
[2017.04.08-03.09.32:058][  0]LogD3D11RHI:       2016/0/4072 MB DedicatedVideo/DedicatedSystem/SharedSystem, Outputs:1, VendorId:0x10de
[2017.04.08-03.09.32:059][  0]LogD3D11RHI:    1. 'Microsoft Basic Render Driver' (Feature Level 11_0)
[2017.04.08-03.09.32:059][  0]LogD3D11RHI:       0/0/4072 MB DedicatedVideo/DedicatedSystem/SharedSystem, Outputs:0, VendorId:0x1414
[2017.04.08-03.09.32:059][  0]LogD3D11RHI: Chosen D3D11 Adapter: 0
[2017.04.08-03.09.32:095][  0]LogD3D11RHI: Creating new Direct3DDevice
[2017.04.08-03.09.32:095][  0]LogD3D11RHI:     GPU DeviceId: 0x11c0 (for the marketing name, search the web for "GPU Device Id")
[2017.04.08-03.09.32:095][  0]LogWindows: EnumDisplayDevices:
[2017.04.08-03.09.32:095][  0]LogWindows:    0. 'NVIDIA GeForce GTX 660' (P:1 D:1)
[2017.04.08-03.09.32:095][  0]LogWindows:    1. 'NVIDIA GeForce GTX 660' (P:0 D:0)
[2017.04.08-03.09.32:095][  0]LogWindows:    2. 'NVIDIA GeForce GTX 660' (P:0 D:0)
[2017.04.08-03.09.32:095][  0]LogWindows:    3. 'NVIDIA GeForce GTX 660' (P:0 D:0)
[2017.04.08-03.09.32:096][  0]LogWindows: DebugString: FoundDriverCount:4 
[2017.04.08-03.09.32:096][  0]LogD3D11RHI:     Adapter Name: NVIDIA GeForce GTX 660
[2017.04.08-03.09.32:096][  0]LogD3D11RHI:   Driver Version: 378.92 (internal:21.21.13.7892, unified:378.92)
[2017.04.08-03.09.32:096][  0]LogD3D11RHI:      Driver Date: 3-16-2017
[2017.04.08-03.09.32:096][  0]LogRHI: Texture pool is 1361 MB (70% of 1945 MB)
[2017.04.08-03.09.32:543][  0]LogD3D11RHI: Async texture creation enabled
[2017.04.08-03.09.32:717][  0]LogD3D11RHI: GPU Timing Frequency: 1000.000000 (Debug: 2 2)
[2017.04.08-03.09.32:717][  0]LogShaderCompilers: Guid format shader working directory is -38 characters bigger than the processId version (../../../../../../Users/Steve/Documents/SSRepository/Soul-Striker-Main/Soul Striker/Intermediate/Shaders/WorkingDirectory/34488/).
[2017.04.08-03.09.32:717][  0]LogShaderCompilers: Cleaned the shader compiler working directory 'C:/Users/Steve/AppData/Local/Temp/UnrealShaderWorkingDir/7024A4E944BB6AFD546358B110994BC9/'.
[2017.04.08-03.09.32:717][  0]LogShaderCompilers:Display: Using Local Shader Compiler.
[2017.04.08-03.09.33:590][  0]LogTemp:Display: Loaded TP AllDesktopTargetPlatform
[2017.04.08-03.09.33:598][  0]LogTemp:Display: Loaded TP WindowsClientTargetPlatform
[2017.04.08-03.09.33:606][  0]LogTemp:Display: Loaded TP WindowsNoEditorTargetPlatform
[2017.04.08-03.09.33:613][  0]LogTemp:Display: Loaded TP WindowsServerTargetPlatform
[2017.04.08-03.09.33:622][  0]LogTemp:Display: Loaded TP WindowsTargetPlatform
[2017.04.08-03.09.33:631][  0]LogTemp:Display: Loaded TP AndroidTargetPlatform
[2017.04.08-03.09.33:637][  0]LogTemp:Display: Loaded TP Android_ASTCTargetPlatform
[2017.04.08-03.09.33:643][  0]LogTemp:Display: Loaded TP Android_ATCTargetPlatform
[2017.04.08-03.09.33:649][  0]LogTemp:Display: Loaded TP Android_DXTTargetPlatform
[2017.04.08-03.09.33:655][  0]LogTemp:Display: Loaded TP Android_ETC1TargetPlatform
[2017.04.08-03.09.33:663][  0]LogTemp:Display: Loaded TP Android_ETC2TargetPlatform
[2017.04.08-03.09.33:675][  0]LogTemp:Display: Loaded TP Android_MultiTargetPlatform
[2017.04.08-03.09.33:675][  0]LogTemp:Display: Loaded TP Android_PVRTCTargetPlatform
[2017.04.08-03.09.33:676][  0]LogTemp:Display: Loaded TP HTML5TargetPlatform
[2017.04.08-03.09.33:695][  0]LogTemp:Display: Loaded TP IOSTargetPlatform
[2017.04.08-03.09.33:701][  0]LogTemp:Display: Loaded TP TVOSTargetPlatform
[2017.04.08-03.09.33:708][  0]LogTemp:Display: Loaded TP LinuxNoEditorTargetPlatform
[2017.04.08-03.09.33:714][  0]LogTemp:Display: Loaded TP LinuxServerTargetPlatform
[2017.04.08-03.09.33:737][  0]LogTemp:Display: Loaded TP LinuxTargetPlatform
[2017.04.08-03.09.33:737][  0]LogTargetPlatformManager:Display: Building Assets For Windows
[2017.04.08-03.09.33:801][  0]LogDerivedDataCache:Display: Max Cache Size: 512 MB
[2017.04.08-03.09.33:845][  0]LogDerivedDataCache: Loaded boot cache 0.04s 48MB C:/Users/Steve/AppData/Local/UnrealEngine/4.12/DerivedDataCache/Boot.ddc.
[2017.04.08-03.09.33:845][  0]LogDerivedDataCache:Display: Loaded Boot cache: C:/Users/Steve/AppData/Local/UnrealEngine/4.12/DerivedDataCache/Boot.ddc
[2017.04.08-03.09.33:845][  0]LogDerivedDataCache: FDerivedDataBackendGraph:  Pak pak cache file ../../../../../../Users/Steve/Documents/SSRepository/Soul-Striker-Main/Soul Striker/DerivedDataCache/DDC.ddp not found, will not use a pak cache.
[2017.04.08-03.09.33:845][  0]LogDerivedDataCache: Unable to find inner node Pak for hierarchical cache Hierarchy.
[2017.04.08-03.09.33:845][  0]LogDerivedDataCache: FDerivedDataBackendGraph:  CompressedPak pak cache file ../../../../../../Users/Steve/Documents/SSRepository/Soul-Striker-Main/Soul Striker/DerivedDataCache/Compressed.ddp not found, will not use a pak cache.
[2017.04.08-03.09.33:845][  0]LogDerivedDataCache: Unable to find inner node CompressedPak for hierarchical cache Hierarchy.
[2017.04.08-03.09.33:862][  0]LogDerivedDataCache:Display: Pak cache opened for reading ../../../Engine/DerivedDataCache/Compressed.ddp.
[2017.04.08-03.09.33:877][  0]LogDerivedDataCache: Using Local data cache path C:/Users/Steve/AppData/Local/UnrealEngine/Common/DerivedDataCache: Writable
[2017.04.08-03.09.34:019][  0]LogInit: Selected Device Profile: [Windows]
[2017.04.08-03.09.34:019][  0]LogContentStreaming: Texture pool size is 0.00 MB
[2017.04.08-03.09.34:149][  0]LogMeshUtilities: No automatic mesh reduction module available
[2017.04.08-03.09.34:149][  0]LogMeshUtilities: No automatic mesh merging module available
[2017.04.08-03.09.34:149][  0]LogMeshUtilities: No distributed automatic mesh merging module available
[2017.04.08-03.09.34:344][  0]LogAssetRegistry: FAssetRegistry took 0.0220 seconds to start up
[2017.04.08-03.09.34:373][  0]LogPackageLocalizationCache: Processed 3 localized package path(s) for 2 prioritized culture(s) in 0.026478 seconds
[2017.04.08-03.09.34:377][  0]LogUObjectArray: 28739 objects as part of root set at end of initial load.
[2017.04.08-03.09.34:377][  0]LogUObjectAllocator: 5855632 out of 0 bytes used by permanent object pool.
[2017.04.08-03.09.34:377][  0]LogUObjectArray: CloseDisregardForGC: 0/0 objects in disregard for GC pool
[2017.04.08-03.09.34:382][  0]LogInit: WinSock: version 1.1 (2.2), MaxSocks=32767, MaxUdp=65467
[2017.04.08-03.09.34:648][  0]LogSlate: SlateFontCache - WITH_FREETYPE: 1, WITH_HARFBUZZ: 1
[2017.04.08-03.09.34:648][  0]LogSlate: SlateFontCache - WITH_FREETYPE: 1, WITH_HARFBUZZ: 1
[2017.04.08-03.09.35:359][  0]LogSubstanceCoreModule: Substance CPU Engine Loaded, Max Texture Size 2048
[2017.04.08-03.09.35:371][  0]LogUdpMessaging: Initializing bridge on interface 0.0.0.0:0 to multicast group 230.0.0.1:6666.
[2017.04.08-03.09.35:604][  0]SourceControl: Info Source control is disabled
[2017.04.08-03.09.35:604][  0]SourceControl: Info Source control is disabled
[2017.04.08-03.09.35:616][  0]SourceControl: Info Source control is disabled
[2017.04.08-03.09.35:626][  0]SourceControl: Info Source control is disabled
[2017.04.08-03.09.35:820][  0]LogEngine: Initializing Engine...
[2017.04.08-03.09.35:820][  0]LogHMD: SteamVR failed to initialize.  Err: 110
[2017.04.08-03.09.35:821][  0]LogHMD: SteamVR failed to initialize.  Err: 110
[2017.04.08-03.09.35:936][  0]LogAIModule: Creating AISystem for world NewWorld
[2017.04.08-03.09.35:949][  0]LogInit: XAudio2 using 'Acer H236HL-4 (NVIDIA High Definition Audio)' : 2 channels at 48 kHz using 16 bits per sample (channel mask 0x3)
[2017.04.08-03.09.35:970][  0]LogInit: FAudioDevice initialized.
[2017.04.08-03.09.35:996][  0]LogDerivedDataCache: Saved boot cache 0.03s 48MB C:/Users/Steve/AppData/Local/UnrealEngine/4.12/DerivedDataCache/Boot.ddc.
[2017.04.08-03.09.36:003][  0]LogInit: Texture streaming: Enabled
[2017.04.08-03.09.36:085][  0]LogWindowsTextInputMethodSystem:Display: IME system now deactivated.
[2017.04.08-03.09.36:111][  0]LogInit: Transaction tracking system initialized
[2017.04.08-03.09.36:128][  0]BlueprintLog: New page: Editor Load
[2017.04.08-03.09.36:195][  0]LocalizationService: Info Localization service is disabled
[2017.04.08-03.09.36:368][  0]LogConsoleResponse:Display: 
[2017.04.08-03.09.36:819][  0]LogCook:Display: Max memory allowance for cook 8192mb
[2017.04.08-03.09.36:819][  0]LogCook:Display: Mobile HDR setting 1
[2017.04.08-03.09.37:200][  0]LogFileCache: Scanning file cache for directory 'C:/Users/Steve/Documents/SSRepository/Soul-Striker-Main/Soul Striker/Content/' took 0.03s
[2017.04.08-03.09.37:231][  0]SourceControl: Info Source control is disabled
[2017.04.08-03.09.37:231][  0]Cmd: MAP LOAD FILE="../../../../../../Users/Steve/Documents/SSRepository/Soul-Striker-Main/Soul Striker/Content/ThirdPersonBP/Maps/ThirdPersonExampleMap.umap" TEMPLATE=0 SHOWPROGRESS=1 FEATURELEVEL=3
[2017.04.08-03.09.37:231][  0]LightingResults: New page: Lighting Build
[2017.04.08-03.09.37:234][  0]MapCheck: New page: Map Check
[2017.04.08-03.09.37:234][  0]LightingResults: New page: Lighting Build
[2017.04.08-03.09.38:425][  0]LogBlueprint:Warning: Compiler Warning Node  Unknown  is not referencing a valid level actor
[2017.04.08-03.09.38:426][  0]LogBlueprint:Warning: Compiler Warning [0008.08] Compile of PersistentLevel.ThirdPersonExampleMap successful, but with 1 Warning(s) [in 2 ms] (/Game/ThirdPersonBP/Maps/ThirdPersonExampleMap.ThirdPersonExampleMap:PersistentLevel.ThirdPersonExampleMap)
[2017.04.08-03.09.38:426][  0]LogBlueprint:Warning: Compiler Warning [0008.08] Compile of PersistentLevel.ThirdPersonExampleMap successful, but with 2 Warning(s) [in 0 ms] (/Game/ThirdPersonBP/Maps/ThirdPersonExampleMap.ThirdPersonExampleMap:PersistentLevel.ThirdPersonExampleMap)
[2017.04.08-03.09.38:426][  0]LogBlueprint:Warning: Compiler Warning [0008.08] Compile of PersistentLevel.ThirdPersonExampleMap successful, but with 3 Warning(s) [in 0 ms] (/Game/ThirdPersonBP/Maps/ThirdPersonExampleMap.ThirdPersonExampleMap:PersistentLevel.ThirdPersonExampleMap)
[2017.04.08-03.09.38:429][  0]LogBlueprint:Warning: Compiler Warning Node  Unknown  is not referencing a valid level actor
[2017.04.08-03.09.38:429][  0]LogBlueprint:Warning: Compiler Warning [0008.09] Compile of PersistentLevel.ThirdPersonExampleMap successful, but with 1 Warning(s) [in 2 ms] (/Game/ThirdPersonBP/Maps/ThirdPersonExampleMap.ThirdPersonExampleMap:PersistentLevel.ThirdPersonExampleMap)
[2017.04.08-03.09.38:430][  0]LogBlueprint:Warning: Compiler Warning [0008.09] Compile of PersistentLevel.ThirdPersonExampleMap successful, but with 2 Warning(s) [in 0 ms] (/Game/ThirdPersonBP/Maps/ThirdPersonExampleMap.ThirdPersonExampleMap:PersistentLevel.ThirdPersonExampleMap)
[2017.04.08-03.09.38:430][  0]LogBlueprint:Warning: Compiler Warning [0008.09] Compile of PersistentLevel.ThirdPersonExampleMap successful, but with 3 Warning(s) [in 0 ms] (/Game/ThirdPersonBP/Maps/ThirdPersonExampleMap.ThirdPersonExampleMap:PersistentLevel.ThirdPersonExampleMap)
[2017.04.08-03.09.40:584][  0]LogAIModule: Creating AISystem for world ThirdPersonExampleMap
[2017.04.08-03.09.40:871][  0]LogEditorServer: Finished looking for orphan Actors (0.000 secs)
[2017.04.08-03.09.40:872][  0]Cmd: MAP CHECKDEP NOCLEARLOG
[2017.04.08-03.09.40:922][  0]MapCheck: Info Map check complete: 0 Error(s), 0 Warning(s), took 49.844ms to complete.
[2017.04.08-03.09.40:922][  0]LogFileHelpers: Loading map 'ThirdPersonExampleMap' took 3.691
[2017.04.08-03.09.41:210][  0]LogCollectionManager: Loaded 0 collections in 0.001729 seconds
[2017.04.08-03.09.41:247][  0]LogFileCache: Scanning file cache for directory 'C:/Users/Steve/Documents/SSRepository/Soul-Striker-Main/Soul Striker/Saved/Collections/' took 0.01s
[2017.04.08-03.09.41:247][  0]LogFileCache: Scanning file cache for directory 'C:/Users/Steve/Documents/SSRepository/Soul-Striker-Main/Soul Striker/Content/Developers/Steve/Collections/' took 0.01s
[2017.04.08-03.09.41:247][  0]LogFileCache: Scanning file cache for directory 'C:/Users/Steve/Documents/SSRepository/Soul-Striker-Main/Soul Striker/Content/Collections/' took 0.01s
[2017.04.08-03.09.41:247][  0]LogCollectionManager: Rebuilt the GUID cache for 0 collections in 0.000002 seconds
[2017.04.08-03.09.41:254][  0]LogContentBrowser: Native class hierarchy populated in 0.0068 seconds. Added 2062 classes and 375 folders.
[2017.04.08-03.09.41:258][  0]LogStats: UGameplayTagsManager::ConstructGameplayTagTree: Construct from data asset -  0.000 s
[2017.04.08-03.09.41:258][  0]LogStats: UGameplayTagsManager::ConstructGameplayTagTree: GameplayTagTreeChangedEvent.Broadcast -  0.000 s
[2017.04.08-03.09.41:258][  0]LogContentBrowser: Native class hierarchy updated for 'GameplayTags' in 0.0004 seconds. Added 12 classes and 0 folders.
[2017.04.08-03.09.41:269][  0]LogContentBrowser: Native class hierarchy updated for 'WidgetCarousel' in 0.0010 seconds. Added 0 classes and 0 folders.
[2017.04.08-03.09.42:325][  0]LogContentBrowser: Native class hierarchy updated for 'AddContentDialog' in 0.0015 seconds. Added 0 classes and 0 folders.
[2017.04.08-03.09.42:338][  0]LogContentBrowser: Native class hierarchy updated for 'SceneOutliner' in 0.0013 seconds. Added 1 classes and 2 folders.
[2017.04.08-03.09.42:377][  0]LogCrashTracker: Crashtracker disabled due to settings.
[2017.04.08-03.09.42:384][  0]LogUObjectGlobals:Warning: Failed to find object 'Class None.'
[2017.04.08-03.09.42:412][  0]LogContentBrowser: Native class hierarchy updated for 'HierarchicalLODOutliner' in 0.0006 seconds. Added 1 classes and 2 folders.
[2017.04.08-03.09.42:412][  0]LogLoad: Full Startup: 12.07 seconds (BP compile: 0.49 seconds)
[2017.04.08-03.09.42:412][  0]LogExternalProfiler: Found external profiler: VSPerf
[2017.04.08-03.09.42:412][  0]LogExternalProfiler: Using external profiler: VSPerf
[2017.04.08-03.09.42:422][  0]LogOcInput: OculusInput pre-init called
[2017.04.08-03.09.42:487][  0]LogContentStreaming: Texture pool size now 1000 MB
[2017.04.08-03.09.42:963][  0]LogRenderer: Reallocating scene render targets to support 1272x604 (Frame:2).
[2017.04.08-03.09.43:034][  1]LogFileCache: Retrieving MD5 hashes for directory 'C:/Users/Steve/Documents/SSRepository/Soul-Striker-Main/Soul Striker/Content/' took 0.60s
[2017.04.08-03.09.43:054][  1]LogAssetRegistry: Asset discovery search completed in 8.7319 seconds
[2017.04.08-03.09.43:054][  1]LogCollectionManager: Rebuilt the object cache for 0 collections in 0.000001 seconds (found 0 objects)
[2017.04.08-03.09.43:054][  1]LogCollectionManager: Fixed up redirectors for 0 collections in 0.000039 seconds (updated 0 objects)
[2017.04.08-03.09.55:558][431]LogBlueprintUserMessages: Early PlayInEditor Detection: Level '/Game/ThirdPersonBP/Maps/ThirdPersonExampleMap.ThirdPersonExampleMap:PersistentLevel' has LevelScriptBlueprint '/Game/ThirdPersonBP/Maps/ThirdPersonExampleMap.ThirdPersonExampleMap:PersistentLevel.ThirdPersonExampleMap' with GeneratedClass '/Game/ThirdPersonBP/Maps/ThirdPersonExampleMap.ThirdPersonExampleMap_C' with ClassGeneratedBy '/Game/ThirdPersonBP/Maps/ThirdPersonExampleMap.ThirdPersonExampleMap:PersistentLevel.ThirdPersonExampleMap'
[2017.04.08-03.09.55:558][431]LogPlayLevel: PlayLevel: No blueprints needed recompiling
[2017.04.08-03.09.55:583][431]PIE: New page: PIE session: ThirdPersonExampleMap (Apr 7, 2017, 6:09:55 PM)
[2017.04.08-03.09.55:583][431]LogPlayLevel: Creating play world package: /Game/ThirdPersonBP/Maps/UEDPIE_0_ThirdPersonExampleMap
[2017.04.08-03.09.55:628][431]LogPlayLevel: PIE: StaticDuplicateObject took: (0.044275s)
[2017.04.08-03.09.55:629][431]LogAIModule: Creating AISystem for world ThirdPersonExampleMap
[2017.04.08-03.09.55:629][431]LogPlayLevel: PIE: World Init took: (0.001123s)
[2017.04.08-03.09.55:629][431]LogPlayLevel: PIE: Created PIE world by copying editor world from /Game/ThirdPersonBP/Maps/ThirdPersonExampleMap.ThirdPersonExampleMap to /Game/ThirdPersonBP/Maps/UEDPIE_0_ThirdPersonExampleMap.ThirdPersonExampleMap (0.045876s)
[2017.04.08-03.09.55:698][431]LogInit: XAudio2 using 'Acer H236HL-4 (NVIDIA High Definition Audio)' : 2 channels at 48 kHz using 16 bits per sample (channel mask 0x3)
[2017.04.08-03.09.55:704][431]LogInit: FAudioDevice initialized.
[2017.04.08-03.09.55:765][431]LogWorld: Game class is 'SoulStrikerCampaign_C'
[2017.04.08-03.09.55:820][431]LogWorld: Bringing World /Game/ThirdPersonBP/Maps/UEDPIE_0_ThirdPersonExampleMap.ThirdPersonExampleMap up for play (max tick rate 0) at 2017.04.07-23.09.55
[2017.04.08-03.09.55:830][431]LogWorld: Bringing up level for play took: 0.063703
[2017.04.08-03.09.55:840][431]LogContentBrowser: Native class hierarchy updated for 'MovieSceneCapture' in 0.0011 seconds. Added 11 classes and 0 folders.
[2017.04.08-03.09.55:872][431]LogScript:Warning: Accessed None trying to read property None_ExecuteUbergraph_ThirdPersonExampleMap_RefProperty
	ThirdPersonExampleMap_C /Game/ThirdPersonBP/Maps/UEDPIE_0_ThirdPersonExampleMap.ThirdPersonExampleMap:PersistentLevel.ThirdPersonExampleMap_C_0
	Function /Game/ThirdPersonBP/Maps/ThirdPersonExampleMap.ThirdPersonExampleMap_C:ExecuteUbergraph_ThirdPersonExampleMap:0045
[2017.04.08-03.09.55:873][431]PIE:Error: Error Blueprint Runtime Error: Accessed None trying to read property None_ExecuteUbergraph_ThirdPersonExampleMap_RefProperty from function: 'ExecuteUbergraph_ThirdPersonExampleMap' from node: AttachToActor in graph: EventGraph in object: ThirdPersonExampleMap with description: Accessed None trying to read property None_ExecuteUbergraph_ThirdPersonExampleMap_RefProperty
[2017.04.08-03.09.55:873][431]PIE: Info Play in editor start time for /Game/ThirdPersonBP/Maps/UEDPIE_0_ThirdPersonExampleMap -0.523
[2017.04.08-03.09.55:873][431]LogBlueprintUserMessages: Late PlayInEditor Detection: Level '/Game/ThirdPersonBP/Maps/ThirdPersonExampleMap.ThirdPersonExampleMap:PersistentLevel' has LevelScriptBlueprint '/Game/ThirdPersonBP/Maps/ThirdPersonExampleMap.ThirdPersonExampleMap:PersistentLevel.ThirdPersonExampleMap' with GeneratedClass '/Game/ThirdPersonBP/Maps/ThirdPersonExampleMap.ThirdPersonExampleMap_C' with ClassGeneratedBy '/Game/ThirdPersonBP/Maps/ThirdPersonExampleMap.ThirdPersonExampleMap:PersistentLevel.ThirdPersonExampleMap'
[2017.04.08-03.09.59:387][830]LogBlueprintUserMessages: [KnightOfLight_167] started blocking
[2017.04.08-03.10.00:582][973]LogBlueprintUserMessages: [KnightOfLight_167] finished blocking
[2017.04.08-03.10.01:148][ 41]LogBlueprintUserMessages: [KnightOfLight_167] started blocking
[2017.04.08-03.10.03:001][263]LogBlueprintUserMessages: [KnightOfLight_167] finished blocking
[2017.04.08-03.10.04:094][394]LogBlueprintUserMessages: Early EndPlayMap Detection: Level '/Game/ThirdPersonBP/Maps/ThirdPersonExampleMap.ThirdPersonExampleMap:PersistentLevel' has LevelScriptBlueprint '/Game/ThirdPersonBP/Maps/ThirdPersonExampleMap.ThirdPersonExampleMap:PersistentLevel.ThirdPersonExampleMap' with GeneratedClass '/Game/ThirdPersonBP/Maps/ThirdPersonExampleMap.ThirdPersonExampleMap_C' with ClassGeneratedBy '/Game/ThirdPersonBP/Maps/ThirdPersonExampleMap.ThirdPersonExampleMap:PersistentLevel.ThirdPersonExampleMap'
[2017.04.08-03.10.04:127][394]LogBlueprintUserMessages: Late EndPlayMap Detection: Level '/Game/ThirdPersonBP/Maps/ThirdPersonExampleMap.ThirdPersonExampleMap:PersistentLevel' has LevelScriptBlueprint '/Game/ThirdPersonBP/Maps/ThirdPersonExampleMap.ThirdPersonExampleMap:PersistentLevel.ThirdPersonExampleMap' with GeneratedClass '/Game/ThirdPersonBP/Maps/ThirdPersonExampleMap.ThirdPersonExampleMap_C' with ClassGeneratedBy '/Game/ThirdPersonBP/Maps/ThirdPersonExampleMap.ThirdPersonExampleMap:PersistentLevel.ThirdPersonExampleMap'
[2017.04.08-03.10.09:032][823]LogAIModule: Creating AISystem for world Level_1
[2017.04.08-03.10.09:111][823]Cmd: MAP LOAD FILE="../../../../../../Users/Steve/Documents/SSRepository/Soul-Striker-Main/Soul Striker/Content/Maps/Level_1.umap" TEMPLATE=0 SHOWPROGRESS=1 FEATURELEVEL=3
[2017.04.08-03.10.09:111][823]LightingResults: New page: Lighting Build
[2017.04.08-03.10.09:112][823]LoadErrors: New page: Loading map: Level_1.umap
[2017.04.08-03.10.09:115][823]MapCheck: New page: Map Check
[2017.04.08-03.10.09:115][823]LightingResults: New page: Lighting Build
[2017.04.08-03.10.09:164][823]LogEditorServer: Finished looking for orphan Actors (0.000 secs)
[2017.04.08-03.10.09:242][823]Cmd: MAP CHECKDEP NOCLEARLOG
[2017.04.08-03.10.09:296][823]MapCheck: Info Map check complete: 0 Error(s), 0 Warning(s), took 54.291ms to complete.
[2017.04.08-03.10.09:297][823]LogFileHelpers: Loading map 'Level_1' took 0.186
[2017.04.08-03.10.10:666][960]LogBlueprintUserMessages: Early PlayInEditor Detection: Level '/Game/Maps/Level_1.Level_1:PersistentLevel' has LevelScriptBlueprint '/Game/Maps/Level_1.Level_1:PersistentLevel.Level_1' with GeneratedClass '/Game/Maps/Level_1.Level_1_C' with ClassGeneratedBy '/Game/Maps/Level_1.Level_1:PersistentLevel.Level_1'
[2017.04.08-03.10.10:666][960]LogPlayLevel: PlayLevel: No blueprints needed recompiling
[2017.04.08-03.10.10:667][960]PIE: New page: PIE session: Level_1 (Apr 7, 2017, 6:10:10 PM)
[2017.04.08-03.10.10:667][960]LogPlayLevel: Creating play world package: /Game/Maps/UEDPIE_0_Level_1
[2017.04.08-03.10.10:685][960]LogPlayLevel: PIE: StaticDuplicateObject took: (0.018530s)
[2017.04.08-03.10.10:686][960]LogAIModule: Creating AISystem for world Level_1
[2017.04.08-03.10.10:686][960]LogPlayLevel: PIE: World Init took: (0.000541s)
[2017.04.08-03.10.10:686][960]LogPlayLevel: PIE: Created PIE world by copying editor world from /Game/Maps/Level_1.Level_1 to /Game/Maps/UEDPIE_0_Level_1.Level_1 (0.019286s)
[2017.04.08-03.10.10:706][960]LogInit: XAudio2 using 'Acer H236HL-4 (NVIDIA High Definition Audio)' : 2 channels at 48 kHz using 16 bits per sample (channel mask 0x3)
[2017.04.08-03.10.10:712][960]LogInit: FAudioDevice initialized.
[2017.04.08-03.10.10:756][960]LogWorld: Game class is 'SoulStrikerCampaign_C'
[2017.04.08-03.10.10:774][960]LogWorld: Bringing World /Game/Maps/UEDPIE_0_Level_1.Level_1 up for play (max tick rate 0) at 2017.04.07-23.10.10
[2017.04.08-03.10.10:777][960]LogWorld: Bringing up level for play took: 0.019217
[2017.04.08-03.10.10:781][960]PIE: Info Play in editor start time for /Game/Maps/UEDPIE_0_Level_1 0.385
[2017.04.08-03.10.10:781][960]LogBlueprintUserMessages: Late PlayInEditor Detection: Level '/Game/Maps/Level_1.Level_1:PersistentLevel' has LevelScriptBlueprint '/Game/Maps/Level_1.Level_1:PersistentLevel.Level_1' with GeneratedClass '/Game/Maps/Level_1.Level_1_C' with ClassGeneratedBy '/Game/Maps/Level_1.Level_1:PersistentLevel.Level_1'
[2017.04.08-03.10.12:245][135]LogBlueprintUserMessages: [KnightOfLight_C_0] started blocking
[2017.04.08-03.10.12:705][190]LogBlueprintUserMessages: [KnightOfLight_C_0] finished blocking
[2017.04.08-03.10.16:017][587]LogBlueprintUserMessages: [KnightOfLight_C_0] started blocking
[2017.04.08-03.10.16:184][607]LogBlueprintUserMessages: [KnightOfLight_C_0] AI_TurretBullet
[2017.04.08-03.10.17:186][727]LogBlueprintUserMessages: [KnightOfLight_C_0] AI_TurretBullet1
[2017.04.08-03.10.18:188][847]LogBlueprintUserMessages: [KnightOfLight_C_0] AI_TurretBullet2
[2017.04.08-03.10.19:571][ 13]LogBlueprintUserMessages: [KnightOfLight_C_0] AI_TurretBullet3
[2017.04.08-03.10.20:064][ 72]LogBlueprintUserMessages: [KnightOfLight_C_0] finished blocking
[2017.04.08-03.10.20:833][164]LogCharacterMovement: KnightOfLight_C_0 is stuck and failed to move! Velocity: X=103.484 Y=0.022 Z=0.000 Location: X=3397.797 Y=-1637.875 Z=118.150 Normal: X=0.000 Y=-1.000 Z=0.000 PenetrationDepth:0.000 Actor:superWallTop6 Component:StaticMeshComponent0 BoneName:None
[2017.04.08-03.10.20:841][165]LogCharacterMovement: KnightOfLight_C_0 is stuck and failed to move! Velocity: X=72.619 Y=0.015 Z=0.000 Location: X=3397.797 Y=-1637.875 Z=118.150 Normal: X=0.000 Y=-1.000 Z=0.000 PenetrationDepth:0.000 Actor:superWallTop6 Component:StaticMeshComponent0 BoneName:None
[2017.04.08-03.10.20:850][166]LogCharacterMovement: KnightOfLight_C_0 is stuck and failed to move! Velocity: X=45.869 Y=0.010 Z=0.000 Location: X=3397.797 Y=-1637.875 Z=118.150 Normal: X=0.000 Y=-1.000 Z=0.000 PenetrationDepth:0.000 Actor:superWallTop6 Component:StaticMeshComponent0 BoneName:None
[2017.04.08-03.10.20:858][167]LogCharacterMovement: KnightOfLight_C_0 is stuck and failed to move! Velocity: X=22.686 Y=0.005 Z=0.000 Location: X=3397.797 Y=-1637.875 Z=118.150 Normal: X=0.000 Y=-1.000 Z=0.000 PenetrationDepth:0.000 Actor:superWallTop6 Component:StaticMeshComponent0 BoneName:None
[2017.04.08-03.10.21:727][271]LogBlueprintUserMessages: [AI_TurretBullet_C_5] 9.0
[2017.04.08-03.10.21:885][290]LogBlueprintUserMessages: Early EndPlayMap Detection: Level '/Game/Maps/Level_1.Level_1:PersistentLevel' has LevelScriptBlueprint '/Game/Maps/Level_1.Level_1:PersistentLevel.Level_1' with GeneratedClass '/Game/Maps/Level_1.Level_1_C' with ClassGeneratedBy '/Game/Maps/Level_1.Level_1:PersistentLevel.Level_1'
[2017.04.08-03.10.21:920][290]LogBlueprintUserMessages: Late EndPlayMap Detection: Level '/Game/Maps/Level_1.Level_1:PersistentLevel' has LevelScriptBlueprint '/Game/Maps/Level_1.Level_1:PersistentLevel.Level_1' with GeneratedClass '/Game/Maps/Level_1.Level_1_C' with ClassGeneratedBy '/Game/Maps/Level_1.Level_1:PersistentLevel.Level_1'
[2017.04.08-03.11.59:735][  9]LogBlueprintUserMessages: Early PlayInEditor Detection: Level '/Game/Maps/Level_1.Level_1:PersistentLevel' has LevelScriptBlueprint '/Game/Maps/Level_1.Level_1:PersistentLevel.Level_1' with GeneratedClass '/Game/Maps/Level_1.Level_1_C' with ClassGeneratedBy '/Game/Maps/Level_1.Level_1:PersistentLevel.Level_1'
[2017.04.08-03.11.59:735][  9]LogPlayLevel: PlayLevel: No blueprints needed recompiling
[2017.04.08-03.11.59:735][  9]PIE: New page: PIE session: Level_1 (Apr 7, 2017, 6:11:59 PM)
[2017.04.08-03.11.59:735][  9]LogPlayLevel: Creating play world package: /Game/Maps/UEDPIE_0_Level_1
[2017.04.08-03.11.59:750][  9]LogPlayLevel: PIE: StaticDuplicateObject took: (0.015009s)
[2017.04.08-03.11.59:751][  9]LogAIModule: Creating AISystem for world Level_1
[2017.04.08-03.11.59:751][  9]LogPlayLevel: PIE: World Init took: (0.000738s)
[2017.04.08-03.11.59:751][  9]LogPlayLevel: PIE: Created PIE world by copying editor world from /Game/Maps/Level_1.Level_1 to /Game/Maps/UEDPIE_0_Level_1.Level_1 (0.016032s)
[2017.04.08-03.11.59:769][  9]LogInit: XAudio2 using 'Acer H236HL-4 (NVIDIA High Definition Audio)' : 2 channels at 48 kHz using 16 bits per sample (channel mask 0x3)
[2017.04.08-03.11.59:775][  9]LogInit: FAudioDevice initialized.
[2017.04.08-03.11.59:821][  9]LogWorld: Game class is 'SoulStrikerCampaign_C'
[2017.04.08-03.11.59:836][  9]LogWorld: Bringing World /Game/Maps/UEDPIE_0_Level_1.Level_1 up for play (max tick rate 0) at 2017.04.07-23.11.59
[2017.04.08-03.11.59:839][  9]LogWorld: Bringing up level for play took: 0.016781
[2017.04.08-03.11.59:843][  9]PIE: Info Play in editor start time for /Game/Maps/UEDPIE_0_Level_1 -0.553
[2017.04.08-03.11.59:843][  9]LogBlueprintUserMessages: Late PlayInEditor Detection: Level '/Game/Maps/Level_1.Level_1:PersistentLevel' has LevelScriptBlueprint '/Game/Maps/Level_1.Level_1:PersistentLevel.Level_1' with GeneratedClass '/Game/Maps/Level_1.Level_1_C' with ClassGeneratedBy '/Game/Maps/Level_1.Level_1:PersistentLevel.Level_1'
[2017.04.08-03.12.05:181][648]LogBlueprintUserMessages: [KnightOfLight_C_0] started blocking
[2017.04.08-03.12.07:935][978]LogBlueprintUserMessages: [KnightOfLight_C_0] finished blocking
[2017.04.08-03.12.12:417][515]LogBlueprintUserMessages: [KnightOfLight_C_0] started blocking
[2017.04.08-03.12.13:696][668]LogBlueprintUserMessages: [KnightOfLight_C_0] finished blocking
[2017.04.08-03.12.13:905][693]LogBlueprintUserMessages: [skeletonOLD_365] DASH!@
[2017.04.08-03.12.14:656][783]LogBlueprintUserMessages: [KnightOfLight_C_0] started blocking
[2017.04.08-03.12.14:907][813]LogBlueprintUserMessages: [skeletonOLD_365] DASH!@
[2017.04.08-03.12.15:239][853]LogBlueprintUserMessages: [KnightOfLight_C_0] finished blocking
[2017.04.08-03.12.15:566][892]LogBlueprintUserMessages: [KnightOfLight_C_0] started blocking
[2017.04.08-03.12.16:367][988]LogBlueprintUserMessages: [KnightOfLight_C_0] finished blocking
[2017.04.08-03.12.16:617][ 18]LogBlueprintUserMessages: [KnightOfLight_C_0] started blocking
[2017.04.08-03.12.16:910][ 53]LogBlueprintUserMessages: [skeletonOLD_365] DASH!@
[2017.04.08-03.12.17:194][ 87]LogBlueprintUserMessages: [KnightOfLight_C_0] finished blocking
[2017.04.08-03.12.17:194][ 87]LogScriptCore:Warning: Attempted to get an item from array CallFunc_GetOverlappingActors_OverlappingActors out of bounds [0/0]!

[2017.04.08-03.12.17:194][ 87]LogScriptCore:Warning: Attempted to get an item from array CallFunc_GetOverlappingActors_OverlappingActors2 out of bounds [0/0]!

[2017.04.08-03.12.17:427][115]LogScriptCore:Warning: Attempted to get an item from array CallFunc_GetOverlappingActors_OverlappingActors out of bounds [0/0]!

[2017.04.08-03.12.17:427][115]LogScriptCore:Warning: Attempted to get an item from array CallFunc_GetOverlappingActors_OverlappingActors2 out of bounds [0/0]!

[2017.04.08-03.12.17:627][139]LogScriptCore:Warning: Attempted to get an item from array CallFunc_GetOverlappingActors_OverlappingActors out of bounds [0/0]!

[2017.04.08-03.12.17:627][139]LogScriptCore:Warning: Attempted to get an item from array CallFunc_GetOverlappingActors_OverlappingActors2 out of bounds [0/0]!

[2017.04.08-03.12.17:819][162]LogScriptCore:Warning: Attempted to get an item from array CallFunc_GetOverlappingActors_OverlappingActors out of bounds [0/0]!

[2017.04.08-03.12.17:819][162]LogScriptCore:Warning: Attempted to get an item from array CallFunc_GetOverlappingActors_OverlappingActors2 out of bounds [0/0]!

[2017.04.08-03.12.18:019][186]LogScriptCore:Warning: Attempted to get an item from array CallFunc_GetOverlappingActors_OverlappingActors out of bounds [0/0]!

[2017.04.08-03.12.18:019][186]LogScriptCore:Warning: Attempted to get an item from array CallFunc_GetOverlappingActors_OverlappingActors2 out of bounds [0/0]!

[2017.04.08-03.12.18:227][211]LogScriptCore:Warning: Attempted to get an item from array CallFunc_GetOverlappingActors_OverlappingActors out of bounds [0/0]!

[2017.04.08-03.12.18:227][211]LogScriptCore:Warning: Attempted to get an item from array CallFunc_GetOverlappingActors_OverlappingActors2 out of bounds [0/0]!

[2017.04.08-03.12.18:438][236]LogScriptCore:Warning: Attempted to get an item from array CallFunc_GetOverlappingActors_OverlappingActors out of bounds [0/0]!

[2017.04.08-03.12.18:438][236]LogScriptCore:Warning: Attempted to get an item from array CallFunc_GetOverlappingActors_OverlappingActors2 out of bounds [0/0]!

[2017.04.08-03.12.18:654][262]LogScriptCore:Warning: Attempted to get an item from array CallFunc_GetOverlappingActors_OverlappingActors out of bounds [0/0]!

[2017.04.08-03.12.18:654][262]LogScriptCore:Warning: Attempted to get an item from array CallFunc_GetOverlappingActors_OverlappingActors2 out of bounds [0/0]!

[2017.04.08-03.12.18:854][286]LogScriptCore:Warning: Attempted to get an item from array CallFunc_GetOverlappingActors_OverlappingActors out of bounds [0/0]!

[2017.04.08-03.12.18:854][286]LogScriptCore:Warning: Attempted to get an item from array CallFunc_GetOverlappingActors_OverlappingActors2 out of bounds [0/0]!

[2017.04.08-03.12.18:905][292]LogBlueprintUserMessages: [skeletonOLD_365] DASH!@
[2017.04.08-03.12.19:057][310]LogScriptCore:Warning: Attempted to get an item from array CallFunc_GetOverlappingActors_OverlappingActors out of bounds [0/0]!

[2017.04.08-03.12.19:057][310]LogScriptCore:Warning: Attempted to get an item from array CallFunc_GetOverlappingActors_OverlappingActors2 out of bounds [0/0]!

[2017.04.08-03.12.19:249][333]LogScriptCore:Warning: Attempted to get an item from array CallFunc_GetOverlappingActors_OverlappingActors out of bounds [0/0]!

[2017.04.08-03.12.19:249][333]LogScriptCore:Warning: Attempted to get an item from array CallFunc_GetOverlappingActors_OverlappingActors2 out of bounds [0/0]!

[2017.04.08-03.12.19:440][356]LogScriptCore:Warning: Attempted to get an item from array CallFunc_GetOverlappingActors_OverlappingActors out of bounds [0/0]!

[2017.04.08-03.12.19:440][356]LogScriptCore:Warning: Attempted to get an item from array CallFunc_GetOverlappingActors_OverlappingActors2 out of bounds [0/0]!

[2017.04.08-03.12.19:649][381]LogScriptCore:Warning: Attempted to get an item from array CallFunc_GetOverlappingActors_OverlappingActors out of bounds [0/0]!

[2017.04.08-03.12.19:649][381]LogScriptCore:Warning: Attempted to get an item from array CallFunc_GetOverlappingActors_OverlappingActors2 out of bounds [0/0]!

[2017.04.08-03.12.19:866][407]LogScriptCore:Warning: Attempted to get an item from array CallFunc_GetOverlappingActors_OverlappingActors out of bounds [0/0]!

[2017.04.08-03.12.19:866][407]LogScriptCore:Warning: Attempted to get an item from array CallFunc_GetOverlappingActors_OverlappingActors2 out of bounds [0/0]!

[2017.04.08-03.12.19:908][412]LogBlueprintUserMessages: [skeletonOLD_365] DASH!@
[2017.04.08-03.12.20:066][431]LogScriptCore:Warning: Attempted to get an item from array CallFunc_GetOverlappingActors_OverlappingActors out of bounds [0/0]!

[2017.04.08-03.12.20:066][431]LogScriptCore:Warning: Attempted to get an item from array CallFunc_GetOverlappingActors_OverlappingActors2 out of bounds [0/0]!

[2017.04.08-03.12.20:266][455]LogScriptCore:Warning: Attempted to get an item from array CallFunc_GetOverlappingActors_OverlappingActors out of bounds [0/0]!

[2017.04.08-03.12.20:266][455]LogScriptCore:Warning: Attempted to get an item from array CallFunc_GetOverlappingActors_OverlappingActors2 out of bounds [0/0]!

[2017.04.08-03.12.20:491][482]LogScriptCore:Warning: Attempted to get an item from array CallFunc_GetOverlappingActors_OverlappingActors out of bounds [0/0]!

[2017.04.08-03.12.20:491][482]LogScriptCore:Warning: Attempted to get an item from array CallFunc_GetOverlappingActors_OverlappingActors2 out of bounds [0/0]!

[2017.04.08-03.12.20:710][508]LogScriptCore:Warning: Attempted to get an item from array CallFunc_GetOverlappingActors_OverlappingActors out of bounds [0/0]!

[2017.04.08-03.12.20:710][508]LogScriptCore:Warning: Attempted to get an item from array CallFunc_GetOverlappingActors_OverlappingActors2 out of bounds [0/0]!

[2017.04.08-03.12.20:909][532]LogBlueprintUserMessages: [skeletonOLD_365] DASH!@
[2017.04.08-03.12.22:905][769]LogBlueprintUserMessages: [skeletonOLD_365] DASH!@
[2017.04.08-03.12.23:907][889]LogBlueprintUserMessages: [skeletonOLD_365] DASH!@
[2017.04.08-03.12.24:907][  9]LogBlueprintUserMessages: [skeletonOLD_365] DASH!@
[2017.04.08-03.12.25:908][129]LogBlueprintUserMessages: [skeletonOLD_365] DASH!@
[2017.04.08-03.12.26:906][246]LogBlueprintUserMessages: [skeletonOLD_365] DASH!@
[2017.04.08-03.12.27:909][366]LogBlueprintUserMessages: [skeletonOLD_365] DASH!@
[2017.04.08-03.12.28:909][486]LogBlueprintUserMessages: [skeletonOLD_365] DASH!@
[2017.04.08-03.12.29:911][606]LogBlueprintUserMessages: [skeletonOLD_365] DASH!@
[2017.04.08-03.12.30:904][725]LogBlueprintUserMessages: [skeletonOLD_365] DASH!@
[2017.04.08-03.12.31:904][845]LogBlueprintUserMessages: [skeletonOLD_365] DASH!@
[2017.04.08-03.12.32:512][918]LogBlueprintUserMessages: Early EndPlayMap Detection: Level '/Game/Maps/Level_1.Level_1:PersistentLevel' has LevelScriptBlueprint '/Game/Maps/Level_1.Level_1:PersistentLevel.Level_1' with GeneratedClass '/Game/Maps/Level_1.Level_1_C' with ClassGeneratedBy '/Game/Maps/Level_1.Level_1:PersistentLevel.Level_1'
[2017.04.08-03.12.32:542][918]LogBlueprintUserMessages: Late EndPlayMap Detection: Level '/Game/Maps/Level_1.Level_1:PersistentLevel' has LevelScriptBlueprint '/Game/Maps/Level_1.Level_1:PersistentLevel.Level_1' with GeneratedClass '/Game/Maps/Level_1.Level_1_C' with ClassGeneratedBy '/Game/Maps/Level_1.Level_1:PersistentLevel.Level_1'
[2017.04.08-03.12.36:648][334]LogContentBrowser: Native class hierarchy updated for 'BlueprintGraph' in 0.0007 seconds. Added 111 classes and 0 folders.
[2017.04.08-03.13.03:726][284]LogBlueprintUserMessages: Early PlayInEditor Detection: Level '/Game/Maps/Level_1.Level_1:PersistentLevel' has LevelScriptBlueprint '/Game/Maps/Level_1.Level_1:PersistentLevel.Level_1' with GeneratedClass '/Game/Maps/Level_1.Level_1_C' with ClassGeneratedBy '/Game/Maps/Level_1.Level_1:PersistentLevel.Level_1'
[2017.04.08-03.13.03:726][284]LogPlayLevel: PlayLevel: No blueprints needed recompiling
[2017.04.08-03.13.03:726][284]PIE: New page: PIE session: Level_1 (Apr 7, 2017, 6:13:03 PM)
[2017.04.08-03.13.03:726][284]LogPlayLevel: Creating play world package: /Game/Maps/UEDPIE_0_Level_1
[2017.04.08-03.13.03:767][284]LogPlayLevel: PIE: StaticDuplicateObject took: (0.041396s)
[2017.04.08-03.13.03:768][284]LogAIModule: Creating AISystem for world Level_1
[2017.04.08-03.13.03:768][284]LogPlayLevel: PIE: World Init took: (0.000918s)
[2017.04.08-03.13.03:769][284]LogPlayLevel: PIE: Created PIE world by copying editor world from /Game/Maps/Level_1.Level_1 to /Game/Maps/UEDPIE_0_Level_1.Level_1 (0.042910s)
[2017.04.08-03.13.03:933][284]LogInit: XAudio2 using 'Acer H236HL-4 (NVIDIA High Definition Audio)' : 2 channels at 48 kHz using 16 bits per sample (channel mask 0x3)
[2017.04.08-03.13.03:940][284]LogInit: FAudioDevice initialized.
[2017.04.08-03.13.03:989][284]LogWorld: Game class is 'SoulStrikerCampaign_C'
[2017.04.08-03.13.04:005][284]LogWorld: Bringing World /Game/Maps/UEDPIE_0_Level_1.Level_1 up for play (max tick rate 0) at 2017.04.07-23.13.04
[2017.04.08-03.13.04:008][284]LogWorld: Bringing up level for play took: 0.017090
[2017.04.08-03.13.04:012][284]PIE: Info Play in editor start time for /Game/Maps/UEDPIE_0_Level_1 -0.385
[2017.04.08-03.13.04:012][284]LogBlueprintUserMessages: Late PlayInEditor Detection: Level '/Game/Maps/Level_1.Level_1:PersistentLevel' has LevelScriptBlueprint '/Game/Maps/Level_1.Level_1:PersistentLevel.Level_1' with GeneratedClass '/Game/Maps/Level_1.Level_1_C' with ClassGeneratedBy '/Game/Maps/Level_1.Level_1:PersistentLevel.Level_1'
[2017.04.08-03.13.05:362][423]LogBlueprintUserMessages: Early EndPlayMap Detection: Level '/Game/Maps/Level_1.Level_1:PersistentLevel' has LevelScriptBlueprint '/Game/Maps/Level_1.Level_1:PersistentLevel.Level_1' with GeneratedClass '/Game/Maps/Level_1.Level_1_C' with ClassGeneratedBy '/Game/Maps/Level_1.Level_1:PersistentLevel.Level_1'
[2017.04.08-03.13.05:424][423]LogBlueprintUserMessages: Late EndPlayMap Detection: Level '/Game/Maps/Level_1.Level_1:PersistentLevel' has LevelScriptBlueprint '/Game/Maps/Level_1.Level_1:PersistentLevel.Level_1' with GeneratedClass '/Game/Maps/Level_1.Level_1_C' with ClassGeneratedBy '/Game/Maps/Level_1.Level_1:PersistentLevel.Level_1'
[2017.04.08-03.13.11:579][770]LogWindowsTextInputMethodSystem:Display: IME system now deactivated.
[2017.04.08-03.13.11:749][771]Cmd: QUIT_EDITOR
[2017.04.08-03.13.12:331][771]LogExit: Preparing to exit.
[2017.04.08-03.13.13:581][771]LogExit: Editor shut down
[2017.04.08-03.13.13:581][771]LogExit: Transaction tracking system shut down
[2017.04.08-03.13.13:733][771]LogObj: Freed 0b from 0 cluster array pools.
[2017.04.08-03.13.13:733][771]LogExit: Object subsystem successfully closed.
[2017.04.08-03.13.13:751][771]LogD3D11RHI: Shutdown
[2017.04.08-03.13.13:751][771]LogD3D11RHI: CleanupD3DDevice
[2017.04.08-03.13.13:834][771]LogD3D11RHI: ~FD3D11DynamicRHI
[2017.04.08-03.13.13:845][771]LogModuleManager: Shutting down and abandoning module BlueprintGraph (217)
[2017.04.08-03.13.13:845][771]LogModuleManager: Shutting down and abandoning module MovieSceneCapture (216)
[2017.04.08-03.13.13:845][771]LogModuleManager: Shutting down and abandoning module HierarchicalLODOutliner (215)
[2017.04.08-03.13.13:845][771]LogModuleManager: Shutting down and abandoning module CrashTracker (214)
[2017.04.08-03.13.13:845][771]LogModuleManager: Shutting down and abandoning module SceneOutliner (213)
[2017.04.08-03.13.13:845][771]LogModuleManager: Shutting down and abandoning module WidgetCarousel (212)
[2017.04.08-03.13.13:845][771]LogModuleManager: Shutting down and abandoning module AddContentDialog (211)
[2017.04.08-03.13.13:846][771]LogModuleManager: Shutting down and abandoning module GameplayTags (210)
[2017.04.08-03.13.13:846][771]LogModuleManager: Shutting down and abandoning module EditorWidgets (209)
[2017.04.08-03.13.13:846][771]LogModuleManager: Shutting down and abandoning module CollectionManager (208)
[2017.04.08-03.13.13:846][771]LogModuleManager: Shutting down and abandoning module StatsViewer (207)
[2017.04.08-03.13.13:846][771]LogModuleManager: Shutting down and abandoning module FoliageEdit (206)
[2017.04.08-03.13.13:846][771]LogModuleManager: Shutting down and abandoning module LandscapeEditor (205)
[2017.04.08-03.13.13:846][771]LogModuleManager: Shutting down and abandoning module SceneDepthPickerMode (204)
[2017.04.08-03.13.13:846][771]LogModuleManager: Shutting down and abandoning module ActorPickerMode (203)
[2017.04.08-03.13.13:846][771]LogModuleManager: Shutting down and abandoning module GeometryMode (202)
[2017.04.08-03.13.13:846][771]LogModuleManager: Shutting down and abandoning module TextureAlignMode (201)
[2017.04.08-03.13.13:846][771]LogModuleManager: Shutting down and abandoning module BspMode (200)
[2017.04.08-03.13.13:846][771]LogModuleManager: Shutting down and abandoning module HardwareSurvey (199)
[2017.04.08-03.13.13:846][771]LogModuleManager: Shutting down and abandoning module SequenceRecorderSections (198)
[2017.04.08-03.13.13:846][771]LogModuleManager: Shutting down and abandoning module SequenceRecorder (197)
[2017.04.08-03.13.13:846][771]LogModuleManager: Shutting down and abandoning module AutomationWorker (196)
[2017.04.08-03.13.13:846][771]LogModuleManager: Shutting down and abandoning module MatineeToLevelSequence (195)
[2017.04.08-03.13.13:846][771]LogModuleManager: Shutting down and abandoning module PlacementMode (194)
[2017.04.08-03.13.13:847][771]LogModuleManager: Shutting down and abandoning module LevelSequenceEditor (193)
[2017.04.08-03.13.13:847][771]LogModuleManager: Shutting down and abandoning module CharacterAI (192)
[2017.04.08-03.13.13:847][771]LogModuleManager: Shutting down and abandoning module SmartSnapping (191)
[2017.04.08-03.13.13:847][771]LogModuleManager: Shutting down and abandoning module SessionServices (190)
[2017.04.08-03.13.13:847][771]LogModuleManager: Shutting down and abandoning module ViewportSnapping (189)
[2017.04.08-03.13.13:847][771]LogModuleManager: Shutting down and abandoning module LogVisualizer (188)
[2017.04.08-03.13.13:847][771]LogModuleManager: Shutting down and abandoning module GameProjectGeneration (187)
[2017.04.08-03.13.13:847][771]LogModuleManager: Shutting down and abandoning module IntroTutorials (186)
[2017.04.08-03.13.13:847][771]LogModuleManager: Shutting down and abandoning module EditorLiveStreaming (185)
[2017.04.08-03.13.13:847][771]LogModuleManager: Shutting down and abandoning module IOSPlatformEditor (184)
[2017.04.08-03.13.13:847][771]LogModuleManager: Shutting down and abandoning module HTML5PlatformEditor (183)
[2017.04.08-03.13.13:847][771]LogModuleManager: Shutting down and abandoning module AndroidDeviceDetection (182)
[2017.04.08-03.13.14:314][771]LogModuleManager: Shutting down and abandoning module AndroidPlatformEditor (181)
[2017.04.08-03.13.14:315][771]LogModuleManager: Shutting down and abandoning module IOSRuntimeSettings (180)
[2017.04.08-03.13.14:315][771]LogModuleManager: Shutting down and abandoning module AndroidRuntimeSettings (179)
[2017.04.08-03.13.14:315][771]LogModuleManager: Shutting down and abandoning module MergeActors (178)
[2017.04.08-03.13.14:315][771]LogModuleManager: Shutting down and abandoning module SizeMap (177)
[2017.04.08-03.13.14:315][771]LogModuleManager: Shutting down and abandoning module TreeMap (176)
[2017.04.08-03.13.14:315][771]LogModuleManager: Shutting down and abandoning module ReferenceViewer (175)
[2017.04.08-03.13.14:315][771]LogModuleManager: Shutting down and abandoning module LocalizationService (174)
[2017.04.08-03.13.14:315][771]LogModuleManager: Shutting down and abandoning module LocalizationDashboard (173)
[2017.04.08-03.13.14:315][771]LogModuleManager: Shutting down and abandoning module HardwareTargeting (172)
[2017.04.08-03.13.14:315][771]LogModuleManager: Shutting down and abandoning module DeviceProfileEditor (171)
[2017.04.08-03.13.14:315][771]LogModuleManager: Shutting down and abandoning module UndoHistory (170)
[2017.04.08-03.13.14:315][771]LogModuleManager: Shutting down and abandoning module UserFeedback (169)
[2017.04.08-03.13.14:315][771]LogModuleManager: Shutting down and abandoning module XmlParser (168)
[2017.04.08-03.13.14:315][771]LogModuleManager: Shutting down and abandoning module Blutility (167)
[2017.04.08-03.13.14:315][771]LogModuleManager: Shutting down and abandoning module ProjectTargetPlatformEditor (166)
[2017.04.08-03.13.14:315][771]LogModuleManager: Shutting down and abandoning module ProjectSettingsViewer (165)
[2017.04.08-03.13.14:315][771]LogModuleManager: Shutting down and abandoning module InputBindingEditor (164)
[2017.04.08-03.13.14:315][771]LogModuleManager: Shutting down and abandoning module EditorSettingsViewer (163)
[2017.04.08-03.13.14:315][771]LogModuleManager: Shutting down and abandoning module SettingsEditor (162)
[2017.04.08-03.13.14:315][771]LogModuleManager: Shutting down and abandoning module ProjectLauncher (161)
[2017.04.08-03.13.14:315][771]LogModuleManager: Shutting down and abandoning module SessionFrontend (160)
[2017.04.08-03.13.14:315][771]LogModuleManager: Shutting down and abandoning module ProfilerClient (159)
[2017.04.08-03.13.14:315][771]LogModuleManager: Shutting down and abandoning module TargetDeviceServices (158)
[2017.04.08-03.13.14:315][771]LogModuleManager: Shutting down and abandoning module DeviceManager (157)
[2017.04.08-03.13.14:368][771]LogModuleManager: Shutting down and abandoning module AutomationController (156)
[2017.04.08-03.13.14:368][771]LogModuleManager: Shutting down and abandoning module AutomationWindow (155)
[2017.04.08-03.13.14:368][771]LogModuleManager: Shutting down and abandoning module Layers (154)
[2017.04.08-03.13.14:368][771]LogModuleManager: Shutting down and abandoning module ComponentVisualizers (153)
[2017.04.08-03.13.14:368][771]LogModuleManager: Shutting down and abandoning module DetailCustomizations (152)
[2017.04.08-03.13.14:368][771]LogModuleManager: Shutting down and abandoning module PackagesDialog (151)
[2017.04.08-03.13.14:368][771]LogModuleManager: Shutting down and abandoning module Persona (150)
[2017.04.08-03.13.14:368][771]LogModuleManager: Shutting down and abandoning module Kismet (149)
[2017.04.08-03.13.14:368][771]LogModuleManager: Shutting down and abandoning module GraphEditor (148)
[2017.04.08-03.13.14:368][771]LogModuleManager: Shutting down and abandoning module ClassViewer (147)
[2017.04.08-03.13.14:368][771]LogModuleManager: Shutting down and abandoning module Toolbox (146)
[2017.04.08-03.13.14:368][771]LogModuleManager: Shutting down and abandoning module ModuleUI (145)
[2017.04.08-03.13.14:368][771]LogModuleManager: Shutting down and abandoning module MovieSceneTools (144)
[2017.04.08-03.13.14:368][771]LogModuleManager: Shutting down and abandoning module OutputLog (143)
[2017.04.08-03.13.14:368][771]LogModuleManager: Shutting down and abandoning module GammaUI (142)
[2017.04.08-03.13.14:368][771]LogModuleManager: Shutting down and abandoning module Documentation (141)
[2017.04.08-03.13.14:368][771]LogModuleManager: Shutting down and abandoning module StreamingPauseRendering (140)
[2017.04.08-03.13.14:368][771]LogModuleManager: Shutting down and abandoning module AnalyticsET (139)
[2017.04.08-03.13.14:368][771]LogModuleManager: Shutting down and abandoning module Analytics (138)
[2017.04.08-03.13.14:368][771]LogModuleManager: Shutting down and abandoning module PortalServices (137)
[2017.04.08-03.13.14:368][771]LogModuleManager: Shutting down and abandoning module PortalRpc (136)
[2017.04.08-03.13.14:368][771]LogModuleManager: Shutting down and abandoning module MessagingRpc (135)
[2017.04.08-03.13.14:368][771]LogModuleManager: Shutting down and abandoning module GameplayDebugger (134)
[2017.04.08-03.13.14:368][771]LogModuleManager: Shutting down and abandoning module AITestSuite (133)
[2017.04.08-03.13.14:368][771]LogModuleManager: Shutting down and abandoning module AIModule (132)
[2017.04.08-03.13.14:368][771]LogModuleManager: Shutting down and abandoning module ProfilerService (131)
[2017.04.08-03.13.14:509][771]LogModuleManager: Shutting down and abandoning module TaskGraph (130)
[2017.04.08-03.13.14:510][771]LogModuleManager: Shutting down and abandoning module SubstanceEditor (129)
[2017.04.08-03.13.14:510][771]LogModuleManager: Shutting down and abandoning module SlateRemote (128)
[2017.04.08-03.13.14:510][771]LogModuleManager: Shutting down and abandoning module SteamVRController (127)
[2017.04.08-03.13.14:510][771]LogModuleManager: Shutting down and abandoning module SteamVR (126)
[2017.04.08-03.13.14:510][771]LogModuleManager: Shutting down and abandoning module ProceduralMeshComponent (125)
[2017.04.08-03.13.14:510][771]LogModuleManager: Shutting down and abandoning module OculusLibrary (124)
[2017.04.08-03.13.14:510][771]LogModuleManager: Shutting down and abandoning module OculusInput (123)
[2017.04.08-03.13.14:510][771]LogModuleManager: Shutting down and abandoning module CustomMeshComponent (122)
[2017.04.08-03.13.14:510][771]LogModuleManager: Shutting down and abandoning module CableComponent (121)
[2017.04.08-03.13.14:510][771]LogModuleManager: Shutting down and abandoning module ArchVisCharacter (120)
[2017.04.08-03.13.14:510][771]LogModuleManager: Shutting down and abandoning module MediaPlayerEditor (119)
[2017.04.08-03.13.14:510][771]LogModuleManager: Shutting down and abandoning module HTML5Networking (118)
[2017.04.08-03.13.14:510][771]LogModuleManager: Shutting down and abandoning module SuperSearch (117)
[2017.04.08-03.13.14:510][771]LogModuleManager: Shutting down and abandoning module SuperSearchEditor (116)
[2017.04.08-03.13.14:510][771]LogModuleManager: Shutting down and abandoning module SpeedTreeImporter (115)
[2017.04.08-03.13.14:510][771]LogModuleManager: Shutting down and abandoning module PluginBrowser (114)
[2017.04.08-03.13.14:510][771]LogModuleManager: Shutting down and abandoning module EpicSurvey (113)
[2017.04.08-03.13.14:510][771]LogModuleManager: Shutting down and abandoning module DesktopPlatform (112)
[2017.04.08-03.13.14:510][771]LogModuleManager: Shutting down and abandoning module VisualStudioSourceCodeAccess (111)
[2017.04.08-03.13.14:510][771]LogModuleManager: Shutting down and abandoning module UObjectPlugin (110)
[2017.04.08-03.13.14:510][771]LogModuleManager: Shutting down and abandoning module SubversionSourceControl (109)
[2017.04.08-03.13.14:510][771]LogModuleManager: Shutting down and abandoning module PerforceSourceControl (108)
[2017.04.08-03.13.14:510][771]LogModuleManager: Shutting down and abandoning module SourceControl (107)
[2017.04.08-03.13.14:510][771]LogModuleManager: Shutting down and abandoning module GitSourceControl (106)
[2017.04.08-03.13.14:510][771]LogModuleManager: Shutting down and abandoning module LightPropagationVolumeEditor (105)
[2017.04.08-03.13.14:510][771]LogModuleManager: Shutting down and abandoning module PaperTiledImporter (104)
[2017.04.08-03.13.14:510][771]LogModuleManager: Shutting down and abandoning module PaperSpriteSheetImporter (103)
[2017.04.08-03.13.14:510][771]LogModuleManager: Shutting down and abandoning module MeshPaint (102)
[2017.04.08-03.13.14:510][771]LogModuleManager: Shutting down and abandoning module PixelInspectorModule (101)
[2017.04.08-03.13.14:510][771]LogModuleManager: Shutting down and abandoning module HotReload (100)
[2017.04.08-03.13.14:510][771]LogModuleManager: Shutting down and abandoning module MainFrame (99)
[2017.04.08-03.13.14:510][771]LogModuleManager: Shutting down and abandoning module LevelEditor (98)
[2017.04.08-03.13.14:511][771]LogModuleManager: Shutting down and abandoning module ContentBrowser (97)
[2017.04.08-03.13.14:512][771]LogModuleManager: Shutting down and abandoning module Paper2DEditor (96)
[2017.04.08-03.13.14:512][771]LogModuleManager: Shutting down and abandoning module UdpMessaging (95)
[2017.04.08-03.13.14:613][771]LogModuleManager: Shutting down and abandoning module SubstanceCore (94)
[2017.04.08-03.13.14:613][771]LogModuleManager: Shutting down and abandoning module LightPropagationVolumeRuntime (93)
[2017.04.08-03.13.14:613][771]LogModuleManager: Shutting down and abandoning module Paper2D (92)
[2017.04.08-03.13.14:613][771]LogModuleManager: Shutting down and abandoning module WindowsMoviePlayer (91)
[2017.04.08-03.13.14:613][771]LogModuleManager: Shutting down and abandoning module Media (90)
[2017.04.08-03.13.14:613][771]LogModuleManager: Shutting down and abandoning module WmfMedia (89)
[2017.04.08-03.13.14:613][771]LogModuleManager: Shutting down and abandoning module MediaAssets (88)
[2017.04.08-03.13.14:613][771]LogModuleManager: Shutting down and abandoning module GameLiveStreaming (87)
[2017.04.08-03.13.14:613][771]LogModuleManager: Shutting down and abandoning module GameplayTagsEditor (86)
[2017.04.08-03.13.14:613][771]LogModuleManager: Shutting down and abandoning module OnlineBlueprintSupport (85)
[2017.04.08-03.13.14:613][771]LogModuleManager: Shutting down and abandoning module VREditor (84)
[2017.04.08-03.13.14:613][771]LogModuleManager: Shutting down and abandoning module GameplayTasksEditor (83)
[2017.04.08-03.13.14:613][771]LogModuleManager: Shutting down and abandoning module PropertyEditor (82)
[2017.04.08-03.13.14:613][771]LogModuleManager: Shutting down and abandoning module BehaviorTreeEditor (81)
[2017.04.08-03.13.14:613][771]LogModuleManager: Shutting down and abandoning module FunctionalTesting (80)
[2017.04.08-03.13.14:613][771]LogModuleManager: Shutting down and abandoning module CollisionAnalyzer (79)
[2017.04.08-03.13.14:613][771]LogModuleManager: Shutting down and abandoning module Sequencer (78)
[2017.04.08-03.13.14:613][771]LogModuleManager: Shutting down and abandoning module WorkspaceMenuStructure (77)
[2017.04.08-03.13.14:614][771]LogModuleManager: Shutting down and abandoning module MessageLog (76)
[2017.04.08-03.13.14:614][771]LogModuleManager: Shutting down and abandoning module AssetTools (75)
[2017.04.08-03.13.14:614][771]LogModuleManager: Shutting down and abandoning module UMGEditor (74)
[2017.04.08-03.13.14:614][771]LogModuleManager: Shutting down and abandoning module UMG (73)
[2017.04.08-03.13.14:614][771]LogModuleManager: Shutting down and abandoning module SlateReflector (72)
[2017.04.08-03.13.14:614][771]LogModuleManager: Shutting down and abandoning module Slate (71)
[2017.04.08-03.13.14:614][771]LogModuleManager: Shutting down and abandoning module EditorStyle (70)
[2017.04.08-03.13.14:618][771]LogModuleManager: Shutting down and abandoning module SourceCodeAccess (69)
[2017.04.08-03.13.14:618][771]LogModuleManager: Shutting down and abandoning module HeadMountedDisplay (68)
[2017.04.08-03.13.14:618][771]LogModuleManager: Shutting down and abandoning module XAudio2 (67)
[2017.04.08-03.13.14:618][771]LogModuleManager: Shutting down and abandoning module Networking (65)
[2017.04.08-03.13.14:618][771]LogModuleManager: Shutting down and abandoning module Core (64)
[2017.04.08-03.13.14:618][771]LogModuleManager: Shutting down and abandoning module DirectoryWatcher (63)
[2017.04.08-03.13.14:619][771]LogModuleManager: Shutting down and abandoning module AssetRegistry (62)
[2017.04.08-03.13.14:782][771]LogModuleManager: Shutting down and abandoning module KismetCompiler (61)
[2017.04.08-03.13.14:782][771]LogModuleManager: Shutting down and abandoning module PhysXFormats (60)
[2017.04.08-03.13.14:782][771]LogModuleManager: Shutting down and abandoning module MeshUtilities (59)
[2017.04.08-03.13.14:782][771]LogModuleManager: Shutting down and abandoning module DerivedDataCache (58)
[2017.04.08-03.13.14:785][771]LogDerivedDataCache: Shutdown
[2017.04.08-03.13.14:785][771]LogModuleManager: Shutting down and abandoning module VulkanShaderFormat (57)
[2017.04.08-03.13.14:785][771]LogModuleManager: Shutting down and abandoning module ShaderFormatOpenGL (56)
[2017.04.08-03.13.14:785][771]LogModuleManager: Shutting down and abandoning module ShaderFormatD3D (55)
[2017.04.08-03.13.14:785][771]LogModuleManager: Shutting down and abandoning module MetalShaderFormat (54)
[2017.04.08-03.13.14:785][771]LogModuleManager: Shutting down and abandoning module TextureFormatUncompressed (53)
[2017.04.08-03.13.14:785][771]LogModuleManager: Shutting down and abandoning module TextureFormatPVR (52)
[2017.04.08-03.13.14:785][771]LogModuleManager: Shutting down and abandoning module TextureFormatIntelISPCTexComp (51)
[2017.04.08-03.13.14:785][771]LogModuleManager: Shutting down and abandoning module TextureFormatDXT (50)
[2017.04.08-03.13.14:785][771]LogModuleManager: Shutting down and abandoning module ImageWrapper (49)
[2017.04.08-03.13.14:785][771]LogModuleManager: Shutting down and abandoning module TextureFormatASTC (48)
[2017.04.08-03.13.14:785][771]LogModuleManager: Shutting down and abandoning module TextureFormatAndroid (47)
[2017.04.08-03.13.14:785][771]LogModuleManager: Shutting down and abandoning module AudioFormatOpus (46)
[2017.04.08-03.13.14:785][771]LogModuleManager: Shutting down and abandoning module AudioFormatOgg (45)
[2017.04.08-03.13.14:785][771]LogModuleManager: Shutting down and abandoning module AudioFormatADPCM (44)
[2017.04.08-03.13.14:785][771]LogModuleManager: Shutting down and abandoning module LinuxTargetPlatform (43)
[2017.04.08-03.13.14:785][771]LogModuleManager: Shutting down and abandoning module LinuxServerTargetPlatform (42)
[2017.04.08-03.13.14:785][771]LogModuleManager: Shutting down and abandoning module LinuxNoEditorTargetPlatform (41)
[2017.04.08-03.13.14:785][771]LogModuleManager: Shutting down and abandoning module TVOSTargetPlatform (40)
[2017.04.08-03.13.14:785][771]LogModuleManager: Shutting down and abandoning module Messaging (39)
[2017.04.08-03.13.14:785][771]LogModuleManager: Shutting down and abandoning module IOSTargetPlatform (38)
[2017.04.08-03.13.14:785][771]LogModuleManager: Shutting down and abandoning module HTML5TargetPlatform (37)
[2017.04.08-03.13.14:785][771]LogModuleManager: Shutting down and abandoning module Android_PVRTCTargetPlatform (36)
[2017.04.08-03.13.14:785][771]LogModuleManager: Shutting down and abandoning module Android_MultiTargetPlatform (35)
[2017.04.08-03.13.14:785][771]LogModuleManager: Shutting down and abandoning module Android_ETC2TargetPlatform (34)
[2017.04.08-03.13.14:785][771]LogModuleManager: Shutting down and abandoning module Android_ETC1TargetPlatform (33)
[2017.04.08-03.13.14:785][771]LogModuleManager: Shutting down and abandoning module Android_DXTTargetPlatform (32)
[2017.04.08-03.13.14:785][771]LogModuleManager: Shutting down and abandoning module Android_ATCTargetPlatform (31)
[2017.04.08-03.13.14:785][771]LogModuleManager: Shutting down and abandoning module Android_ASTCTargetPlatform (30)
[2017.04.08-03.13.14:785][771]LogModuleManager: Shutting down and abandoning module AndroidTargetPlatform (29)
[2017.04.08-03.13.14:785][771]LogModuleManager: Shutting down and abandoning module WindowsTargetPlatform (28)
[2017.04.08-03.13.14:785][771]LogModuleManager: Shutting down and abandoning module WindowsServerTargetPlatform (27)
[2017.04.08-03.13.14:785][771]LogModuleManager: Shutting down and abandoning module WindowsNoEditorTargetPlatform (26)
[2017.04.08-03.13.14:785][771]LogModuleManager: Shutting down and abandoning module WindowsClientTargetPlatform (25)
[2017.04.08-03.13.14:785][771]LogModuleManager: Shutting down and abandoning module AllDesktopTargetPlatform (24)
[2017.04.08-03.13.14:785][771]LogModuleManager: Shutting down and abandoning module TargetPlatform (23)
[2017.04.08-03.13.14:785][771]LogModuleManager: Shutting down and abandoning module InputCore (22)
[2017.04.08-03.13.14:785][771]LogModuleManager: Shutting down and abandoning module Settings (21)
[2017.04.08-03.13.14:785][771]LogModuleManager: Shutting down and abandoning module OnlineSubsystem (19)
[2017.04.08-03.13.14:785][771]LogModuleManager: Shutting down and abandoning module HTTP (18)
[2017.04.08-03.13.16:288][771]LogModuleManager: Shutting down and abandoning module XMPP (17)
[2017.04.08-03.13.16:288][771]LogModuleManager: Shutting down and abandoning module OculusRift (16)
[2017.04.08-03.13.16:288][771]LogModuleManager: Shutting down and abandoning module ExampleDeviceProfileSelector (15)
[2017.04.08-03.13.16:288][771]LogModuleManager: Shutting down and abandoning module TextureCompressor (14)
[2017.04.08-03.13.16:288][771]LogModuleManager: Shutting down and abandoning module ShaderCore (13)
[2017.04.08-03.13.16:288][771]LogModuleManager: Shutting down and abandoning module Landscape (12)
[2017.04.08-03.13.16:288][771]LogModuleManager: Shutting down and abandoning module SlateRHIRenderer (11)
[2017.04.08-03.13.16:289][771]LogModuleManager: Shutting down and abandoning module OpenGLDrv (10)
[2017.04.08-03.13.16:289][771]LogModuleManager: Shutting down and abandoning module D3D11RHI (9)
[2017.04.08-03.13.16:289][771]LogModuleManager: Shutting down and abandoning module AnimGraphRuntime (8)
[2017.04.08-03.13.16:289][771]LogModuleManager: Shutting down and abandoning module Renderer (7)
[2017.04.08-03.13.16:289][771]LogModuleManager: Shutting down and abandoning module Engine (6)
[2017.04.08-03.13.16:289][771]LogModuleManager: Shutting down and abandoning module CoreUObject (5)
[2017.04.08-03.13.16:289][771]LogModuleManager: Shutting down and abandoning module NetworkFile (4)
[2017.04.08-03.13.16:289][771]LogModuleManager: Shutting down and abandoning module StreamingFile (3)
[2017.04.08-03.13.16:289][771]LogModuleManager: Shutting down and abandoning module SandboxFile (2)
[2017.04.08-03.13.16:289][771]LogModuleManager: Shutting down and abandoning module PakFile (1)
[2017.04.08-03.13.16:291][771]LogExit: Exiting.
[2017.04.08-03.13.16:292][771]Log file closed, 04/07/17 23:13:16
