Log file open, 03/28/17 18:40:16
LogInit:Display: Running engine for game: SoulStriker
LogPlatformFile: Not using cached read wrapper
LogInit:Display: RandInit(1195366390) SRandInit(1195366392).
LogTaskGraph: Started task graph with 4 named threads and 7 total threads with 1 sets of task threads.
LogStats: Stats thread started at 0.111487
LogInit: Version: 4.12.5-3039270+++UE4+Release-4.12
LogInit: API Version: 2992821
LogInit: Net Version: 3039270
LogDevObjectVersion: Number of dev versions registered: 13
LogDevObjectVersion:   Dev-Blueprints (B0D832E4-1F89-4F0D-ACCF-7EB736FD4AA2): 3
LogDevObjectVersion:   Dev-Build (E1C64328-A22C-4D53-A36C-8E866417BD8C): 0
LogDevObjectVersion:   Dev-Core (375EC13C-06E4-48FB-B500-84F0262A717E): 1
LogDevObjectVersion:   Dev-Editor (E4B068ED-F494-42E9-A231-DA0B2E46BB41): 2
LogDevObjectVersion:   Dev-Framework (CFFC743F-43B0-4480-9391-14DF171D2073): 6
LogDevObjectVersion:   Dev-Mobile (B02B49B5-BB20-44E9-A304-32B752E40360): 0
LogDevObjectVersion:   Dev-Networking (A4E4105C-59A1-49B5-A7C5-40C4547EDFEE): 0
LogDevObjectVersion:   Dev-Online (39C831C9-5AE6-47DC-9A44-9C173E1C8E7C): 0
LogDevObjectVersion:   Dev-Physics (78F01B33-EBEA-4F98-B9B4-84EACCB95AA2): 0
LogDevObjectVersion:   Dev-Platform (6631380F-2D4D-43E0-8009-CF276956A95A): 0
LogDevObjectVersion:   Dev-Rendering (12F88B9F-8875-4AFC-A67C-D90C383ABD29): 2
LogDevObjectVersion:   Dev-Sequencer (7B5AE74C-D270-4C10-A958-57980B212A5A): 0
LogDevObjectVersion:   Dev-VR (D7296918-1DD6-4BDD-9DE2-64A83CC13884): 0
LogInit: Compiled (64-bit): Jul  6 2016 09:09:46
LogInit: Compiled with Visual C++: 19.00.23026.00
LogInit: Build Configuration: Development
LogInit: Branch Name: ++UE4+Release-4.12
LogInit: Command line:  
LogInit: Base directory: G:/Program Files (x86)/Epic Games/4.12/Engine/Binaries/Win64/
LogInit: Installed Engine Build: 1
LogInit: Using libcurl 7.41.0
LogInit:  - built for x86_64-pc-win32
LogInit:  - supports SSL with WinSSL
LogInit:  - other features:
LogInit:      CURL_VERSION_SSL
LogInit:      CURL_VERSION_IPV6
LogInit:      CURL_VERSION_ASYNCHDNS
LogInit:      CURL_VERSION_LARGEFILE
LogInit:      CURL_VERSION_IDN
LogInit:  CurlRequestOptions (configurable via config and command line):
LogInit:  - bVerifyPeer = true  - Libcurl will verify peer certificate
LogInit:  - bUseHttpProxy = false  - Libcurl will NOT use HTTP proxy
LogInit:  - bDontReuseConnections = false  - Libcurl will reuse connections
LogInit:  - CertBundlePath = nullptr  - Libcurl will use whatever was configured at build time.
LogInit: Presizing for max 8388607 objects, including 0 objects not considered by GC, pre-allocating 0 bytes for permanent pool.
LogInit: Object subsystem initialized
[2017.03.28-22.40.17:216][  0]LogInit: Selected Device Profile: [Windows]
[2017.03.28-22.40.17:216][  0]LogInit: Applying CVar settings loaded from the selected device profile: [Windows]
[2017.03.28-22.40.17:264][  0]LogInit: Computer: DEREK-DESKTOP
[2017.03.28-22.40.17:264][  0]LogInit: User: Derek
[2017.03.28-22.40.17:264][  0]LogInit: CPU Page size=65536, Cores=4
[2017.03.28-22.40.17:264][  0]LogInit: High frequency timer resolution =3.415992 MHz
[2017.03.28-22.40.17:274][  0]LogMemory: Memory total: Physical=15.9GB (16GB approx)
[2017.03.28-22.40.17:279][  0]LogMemory: Platform Memory Stats for Windows
[2017.03.28-22.40.17:279][  0]LogMemory: Process Physical Memory: 193.13 MB used, 193.13 MB peak
[2017.03.28-22.40.17:279][  0]LogMemory: Process Virtual Memory: 195.00 MB used, 195.00 MB peak
[2017.03.28-22.40.17:279][  0]LogMemory: Physical Memory: 7610.41 MB used, 16321.41 MB total
[2017.03.28-22.40.17:279][  0]LogMemory: Virtual Memory: 552.91 MB used, 134217728.00 MB total
[2017.03.28-22.40.17:639][  0]LogTextLocalizationManager: No specific translations for ('en-US') exist, so ('en') translations will be used.
[2017.03.28-22.40.18:621][  0]LogD3D11RHI: D3D11 adapters:
[2017.03.28-22.40.18:652][  0]LogD3D11RHI:    0. 'NVIDIA GeForce GTX 750 Ti' (Feature Level 11_0)
[2017.03.28-22.40.18:652][  0]LogD3D11RHI:       2016/0/8160 MB DedicatedVideo/DedicatedSystem/SharedSystem, Outputs:3, VendorId:0x10de
[2017.03.28-22.40.18:654][  0]LogD3D11RHI:    1. 'Microsoft Basic Render Driver' (Feature Level 11_0)
[2017.03.28-22.40.18:654][  0]LogD3D11RHI:       0/0/8160 MB DedicatedVideo/DedicatedSystem/SharedSystem, Outputs:0, VendorId:0x1414
[2017.03.28-22.40.18:654][  0]LogD3D11RHI: Chosen D3D11 Adapter: 0
[2017.03.28-22.40.18:670][  0]LogD3D11RHI: Creating new Direct3DDevice
[2017.03.28-22.40.18:670][  0]LogD3D11RHI:     GPU DeviceId: 0x1380 (for the marketing name, search the web for "GPU Device Id")
[2017.03.28-22.40.18:670][  0]LogWindows: EnumDisplayDevices:
[2017.03.28-22.40.18:670][  0]LogWindows:    0. 'NVIDIA GeForce GTX 750 Ti' (P:1 D:1)
[2017.03.28-22.40.18:671][  0]LogWindows:    1. 'NVIDIA GeForce GTX 750 Ti' (P:0 D:1)
[2017.03.28-22.40.18:671][  0]LogWindows:    2. 'NVIDIA GeForce GTX 750 Ti' (P:0 D:1)
[2017.03.28-22.40.18:671][  0]LogWindows:    3. 'Radmin Mirror Driver V3' (P:0 D:0)
[2017.03.28-22.40.18:671][  0]LogWindows: DebugString: GetVideoDriverDetailsInvalid PrimaryIsNotTheChoosenAdapter FoundDriverCount:3 
[2017.03.28-22.40.18:671][  0]LogD3D11RHI:     Adapter Name: NVIDIA GeForce GTX 750 Ti
[2017.03.28-22.40.18:672][  0]LogD3D11RHI:   Driver Version: 376.53 (internal:21.21.13.7653, unified:376.53)
[2017.03.28-22.40.18:672][  0]LogD3D11RHI:      Driver Date: 12-29-2016
[2017.03.28-22.40.18:672][  0]LogRHI: Texture pool is 1361 MB (70% of 1945 MB)
[2017.03.28-22.40.18:686][  0]LogD3D11RHI: Async texture creation enabled
[2017.03.28-22.40.19:152][  0]LogD3D11RHI: GPU Timing Frequency: 1000.000000 (Debug: 2 1)
[2017.03.28-22.40.19:228][  0]LogShaderCompilers: Guid format shader working directory is -26 characters bigger than the processId version (C:/Users/Derek/Documents/Unreal Projects/Soul-Striker-Main/Soul Striker/Intermediate/Shaders/WorkingDirectory/76524/).
[2017.03.28-22.40.19:228][  0]LogShaderCompilers: Cleaned the shader compiler working directory 'C:/Users/Derek/AppData/Local/Temp/UnrealShaderWorkingDir/C6525C774C64C5E40AC9728D43926CE0/'.
[2017.03.28-22.40.19:228][  0]LogShaderCompilers:Display: Using Local Shader Compiler.
[2017.03.28-22.40.23:618][  0]LogTemp:Display: Loaded TP AllDesktopTargetPlatform
[2017.03.28-22.40.23:628][  0]LogTemp:Display: Loaded TP WindowsClientTargetPlatform
[2017.03.28-22.40.23:652][  0]LogTemp:Display: Loaded TP WindowsNoEditorTargetPlatform
[2017.03.28-22.40.23:662][  0]LogTemp:Display: Loaded TP WindowsServerTargetPlatform
[2017.03.28-22.40.23:672][  0]LogTemp:Display: Loaded TP WindowsTargetPlatform
[2017.03.28-22.40.23:681][  0]LogTemp:Display: Loaded TP AndroidTargetPlatform
[2017.03.28-22.40.23:690][  0]LogTemp:Display: Loaded TP Android_ASTCTargetPlatform
[2017.03.28-22.40.23:698][  0]LogTemp:Display: Loaded TP Android_ATCTargetPlatform
[2017.03.28-22.40.23:707][  0]LogTemp:Display: Loaded TP Android_DXTTargetPlatform
[2017.03.28-22.40.23:716][  0]LogTemp:Display: Loaded TP Android_ETC1TargetPlatform
[2017.03.28-22.40.23:725][  0]LogTemp:Display: Loaded TP Android_ETC2TargetPlatform
[2017.03.28-22.40.23:741][  0]LogTemp:Display: Loaded TP Android_MultiTargetPlatform
[2017.03.28-22.40.23:741][  0]LogTemp:Display: Loaded TP Android_PVRTCTargetPlatform
[2017.03.28-22.40.23:744][  0]LogTemp:Display: Loaded TP HTML5TargetPlatform
[2017.03.28-22.40.23:803][  0]LogTemp:Display: Loaded TP IOSTargetPlatform
[2017.03.28-22.40.23:810][  0]LogTemp:Display: Loaded TP TVOSTargetPlatform
[2017.03.28-22.40.23:818][  0]LogTemp:Display: Loaded TP LinuxNoEditorTargetPlatform
[2017.03.28-22.40.23:826][  0]LogTemp:Display: Loaded TP LinuxServerTargetPlatform
[2017.03.28-22.40.23:851][  0]LogTemp:Display: Loaded TP LinuxTargetPlatform
[2017.03.28-22.40.23:851][  0]LogTargetPlatformManager:Display: Building Assets For Windows
[2017.03.28-22.40.24:359][  0]LogDerivedDataCache:Display: Max Cache Size: 512 MB
[2017.03.28-22.40.24:600][  0]LogDerivedDataCache: Loaded boot cache 0.24s 48MB C:/Users/Derek/AppData/Local/UnrealEngine/4.12/DerivedDataCache/Boot.ddc.
[2017.03.28-22.40.24:600][  0]LogDerivedDataCache:Display: Loaded Boot cache: C:/Users/Derek/AppData/Local/UnrealEngine/4.12/DerivedDataCache/Boot.ddc
[2017.03.28-22.40.24:600][  0]LogDerivedDataCache: FDerivedDataBackendGraph:  Pak pak cache file C:/Users/Derek/Documents/Unreal Projects/Soul-Striker-Main/Soul Striker/DerivedDataCache/DDC.ddp not found, will not use a pak cache.
[2017.03.28-22.40.24:600][  0]LogDerivedDataCache: Unable to find inner node Pak for hierarchical cache Hierarchy.
[2017.03.28-22.40.24:601][  0]LogDerivedDataCache: FDerivedDataBackendGraph:  CompressedPak pak cache file C:/Users/Derek/Documents/Unreal Projects/Soul-Striker-Main/Soul Striker/DerivedDataCache/Compressed.ddp not found, will not use a pak cache.
[2017.03.28-22.40.24:601][  0]LogDerivedDataCache: Unable to find inner node CompressedPak for hierarchical cache Hierarchy.
[2017.03.28-22.40.24:663][  0]LogDerivedDataCache:Display: Pak cache opened for reading ../../../Engine/DerivedDataCache/Compressed.ddp.
[2017.03.28-22.40.24:675][  0]LogDerivedDataCache: Using Local data cache path C:/Users/Derek/AppData/Local/UnrealEngine/Common/DerivedDataCache: Writable
[2017.03.28-22.40.31:017][  0]LogInit: Selected Device Profile: [Windows]
[2017.03.28-22.40.31:080][  0]LogContentStreaming: Texture pool size is 0.00 MB
[2017.03.28-22.40.33:509][  0]LogMeshUtilities: No automatic mesh reduction module available
[2017.03.28-22.40.33:509][  0]LogMeshUtilities: No automatic mesh merging module available
[2017.03.28-22.40.33:509][  0]LogMeshUtilities: No distributed automatic mesh merging module available
[2017.03.28-22.40.36:436][  0]LogAssetRegistry: FAssetRegistry took 0.0233 seconds to start up
[2017.03.28-22.40.36:627][  0]LogPackageLocalizationCache: Processed 3 localized package path(s) for 2 prioritized culture(s) in 0.034865 seconds
[2017.03.28-22.40.36:673][  0]LogUObjectArray: 28739 objects as part of root set at end of initial load.
[2017.03.28-22.40.36:673][  0]LogUObjectAllocator: 5855632 out of 0 bytes used by permanent object pool.
[2017.03.28-22.40.36:673][  0]LogUObjectArray: CloseDisregardForGC: 0/0 objects in disregard for GC pool
[2017.03.28-22.40.36:806][  0]LogInit: WinSock: version 1.1 (2.2), MaxSocks=32767, MaxUdp=65467
[2017.03.28-22.40.54:622][  0]LogSlate: SlateFontCache - WITH_FREETYPE: 1, WITH_HARFBUZZ: 1
[2017.03.28-22.40.54:640][  0]LogSlate: SlateFontCache - WITH_FREETYPE: 1, WITH_HARFBUZZ: 1
[2017.03.28-22.41.23:948][  0]LogSubstanceCoreModule: Substance CPU Engine Loaded, Max Texture Size 2048
[2017.03.28-22.41.23:988][  0]LogUdpMessaging: Initializing bridge on interface 0.0.0.0:0 to multicast group 230.0.0.1:6666.
[2017.03.28-22.41.25:522][  0]SourceControl: Info Source control is disabled
[2017.03.28-22.41.25:523][  0]SourceControl: Info Source control is disabled
[2017.03.28-22.41.25:570][  0]SourceControl: Info Source control is disabled
[2017.03.28-22.41.25:624][  0]SourceControl: Info Source control is disabled
[2017.03.28-22.41.27:266][  0]LogEngine: Initializing Engine...
[2017.03.28-22.41.27:420][  0]LogHMD: SteamVR failed to initialize.  Err: 108
[2017.03.28-22.41.27:450][  0]LogHMD: SteamVR failed to initialize.  Err: 108
[2017.03.28-22.41.28:381][  0]LogAIModule: Creating AISystem for world NewWorld
[2017.03.28-22.41.28:677][  0]LogInit: XAudio2 using 'Speakers (Turtle Beach PX21 Headset)' : 2 channels at 48 kHz using 16 bits per sample (channel mask 0x3)
[2017.03.28-22.41.28:717][  0]LogInit: FAudioDevice initialized.
[2017.03.28-22.41.28:750][  0]LogDerivedDataCache: Saved boot cache 0.03s 48MB C:/Users/Derek/AppData/Local/UnrealEngine/4.12/DerivedDataCache/Boot.ddc.
[2017.03.28-22.41.28:756][  0]LogInit: Texture streaming: Enabled
[2017.03.28-22.41.31:362][  0]LogInit: Transaction tracking system initialized
[2017.03.28-22.41.31:757][  0]BlueprintLog: New page: Editor Load
[2017.03.28-22.41.33:797][  0]LocalizationService: Info Localization service is disabled
[2017.03.28-22.41.34:733][  0]LogConsoleResponse:Display: 
[2017.03.28-22.41.41:575][  0]LogFileCache: Scanning file cache for directory 'C:/Users/Derek/Documents/Unreal Projects/Soul-Striker-Main/Soul Striker/Content/' took 0.04s
[2017.03.28-22.41.41:575][  0]LogCook:Display: Max memory allowance for cook 8192mb
[2017.03.28-22.41.41:628][  0]LogCook:Display: Mobile HDR setting 1
[2017.03.28-22.41.47:457][  0]SourceControl: Info Source control is disabled
[2017.03.28-22.41.47:819][  0]Cmd: MAP LOAD FILE="C:/Users/Derek/Documents/Unreal Projects/Soul-Striker-Main/Soul Striker/Content/ThirdPersonBP/Maps/ThirdPersonExampleMap.umap" TEMPLATE=0 SHOWPROGRESS=1 FEATURELEVEL=3
[2017.03.28-22.41.47:989][  0]LightingResults: New page: Lighting Build
[2017.03.28-22.41.48:562][  0]MapCheck: New page: Map Check
[2017.03.28-22.41.48:562][  0]LightingResults: New page: Lighting Build
[2017.03.28-22.41.53:263][  0]LogBlueprint:Warning: Compiler Warning Node  Unknown  is not referencing a valid level actor
[2017.03.28-22.41.53:264][  0]LogBlueprint:Warning: Compiler Warning [0097.38] Compile of PersistentLevel.ThirdPersonExampleMap successful, but with 1 Warning(s) [in 2 ms] (/Game/ThirdPersonBP/Maps/ThirdPersonExampleMap.ThirdPersonExampleMap:PersistentLevel.ThirdPersonExampleMap)
[2017.03.28-22.41.53:266][  0]LogBlueprint:Warning: Compiler Warning [0097.38] Compile of PersistentLevel.ThirdPersonExampleMap successful, but with 2 Warning(s) [in 0 ms] (/Game/ThirdPersonBP/Maps/ThirdPersonExampleMap.ThirdPersonExampleMap:PersistentLevel.ThirdPersonExampleMap)
[2017.03.28-22.41.53:266][  0]LogBlueprint:Warning: Compiler Warning [0097.38] Compile of PersistentLevel.ThirdPersonExampleMap successful, but with 3 Warning(s) [in 0 ms] (/Game/ThirdPersonBP/Maps/ThirdPersonExampleMap.ThirdPersonExampleMap:PersistentLevel.ThirdPersonExampleMap)
[2017.03.28-22.41.53:268][  0]LogBlueprint:Warning: Compiler Warning Node  Unknown  is not referencing a valid level actor
[2017.03.28-22.41.53:269][  0]LogBlueprint:Warning: Compiler Warning [0097.38] Compile of PersistentLevel.ThirdPersonExampleMap successful, but with 1 Warning(s) [in 1 ms] (/Game/ThirdPersonBP/Maps/ThirdPersonExampleMap.ThirdPersonExampleMap:PersistentLevel.ThirdPersonExampleMap)
[2017.03.28-22.41.53:269][  0]LogBlueprint:Warning: Compiler Warning [0097.38] Compile of PersistentLevel.ThirdPersonExampleMap successful, but with 2 Warning(s) [in 0 ms] (/Game/ThirdPersonBP/Maps/ThirdPersonExampleMap.ThirdPersonExampleMap:PersistentLevel.ThirdPersonExampleMap)
[2017.03.28-22.41.53:269][  0]LogBlueprint:Warning: Compiler Warning [0097.38] Compile of PersistentLevel.ThirdPersonExampleMap successful, but with 3 Warning(s) [in 0 ms] (/Game/ThirdPersonBP/Maps/ThirdPersonExampleMap.ThirdPersonExampleMap:PersistentLevel.ThirdPersonExampleMap)
[2017.03.28-22.41.54:619][  0]LogAIModule: Creating AISystem for world ThirdPersonExampleMap
[2017.03.28-22.41.55:450][  0]LogEditorServer: Finished looking for orphan Actors (0.010 secs)
[2017.03.28-22.41.55:533][  0]Cmd: MAP CHECKDEP NOCLEARLOG
[2017.03.28-22.41.55:601][  0]MapCheck: Info Map check complete: 0 Error(s), 0 Warning(s), took 68.367ms to complete.
[2017.03.28-22.41.55:601][  0]LogFileHelpers: Loading map 'ThirdPersonExampleMap' took 7.937
[2017.03.28-22.41.59:312][  0]LogCollectionManager: Loaded 0 collections in 0.001494 seconds
[2017.03.28-22.41.59:582][  0]LogFileCache: Scanning file cache for directory 'C:/Users/Derek/Documents/Unreal Projects/Soul-Striker-Main/Soul Striker/Saved/Collections/' took 0.01s
[2017.03.28-22.41.59:582][  0]LogFileCache: Scanning file cache for directory 'C:/Users/Derek/Documents/Unreal Projects/Soul-Striker-Main/Soul Striker/Content/Developers/Derek/Collections/' took 0.01s
[2017.03.28-22.41.59:582][  0]LogFileCache: Scanning file cache for directory 'C:/Users/Derek/Documents/Unreal Projects/Soul-Striker-Main/Soul Striker/Content/Collections/' took 0.01s
[2017.03.28-22.41.59:582][  0]LogCollectionManager: Rebuilt the GUID cache for 0 collections in 0.000003 seconds
[2017.03.28-22.41.59:607][  0]LogContentBrowser: Native class hierarchy populated in 0.0224 seconds. Added 2062 classes and 375 folders.
[2017.03.28-22.41.59:735][  0]LogStats: UGameplayTagsManager::ConstructGameplayTagTree: Construct from data asset -  0.000 s
[2017.03.28-22.41.59:735][  0]LogStats: UGameplayTagsManager::ConstructGameplayTagTree: GameplayTagTreeChangedEvent.Broadcast -  0.000 s
[2017.03.28-22.41.59:736][  0]LogContentBrowser: Native class hierarchy updated for 'GameplayTags' in 0.0004 seconds. Added 12 classes and 0 folders.
[2017.03.28-22.41.59:917][  0]LogContentBrowser: Native class hierarchy updated for 'WidgetCarousel' in 0.0003 seconds. Added 0 classes and 0 folders.
[2017.03.28-22.42.00:978][  0]LogContentBrowser: Native class hierarchy updated for 'AddContentDialog' in 0.0005 seconds. Added 0 classes and 0 folders.
[2017.03.28-22.42.01:137][  0]LogContentBrowser: Native class hierarchy updated for 'SceneOutliner' in 0.0004 seconds. Added 1 classes and 2 folders.
[2017.03.28-22.42.03:633][  0]LogCrashTracker: Crashtracker disabled due to settings.
[2017.03.28-22.42.04:791][  0]LogUObjectGlobals:Warning: Failed to find object 'Class None.'
[2017.03.28-22.42.05:046][  0]LogContentBrowser: Native class hierarchy updated for 'HierarchicalLODOutliner' in 0.0004 seconds. Added 1 classes and 2 folders.
[2017.03.28-22.42.05:046][  0]LogLoad: Full Startup: 109.16 seconds (BP compile: 1.65 seconds)
[2017.03.28-22.42.05:046][  0]LogExternalProfiler: No external profilers were discovered.  External profiling features will not be available.
[2017.03.28-22.42.05:541][  0]LogOcInput: OculusInput pre-init called
[2017.03.28-22.42.08:247][  0]LogContentStreaming: Texture pool size now 1000 MB
[2017.03.28-22.42.18:301][  0]LogRenderer: Reallocating scene render targets to support 1220x608 (Frame:2).
[2017.03.28-22.42.18:884][  1]LogFileCache: Retrieving MD5 hashes for directory 'C:/Users/Derek/Documents/Unreal Projects/Soul-Striker-Main/Soul Striker/Content/' took 12.36s
[2017.03.28-22.42.22:421][  2]LogEditorViewport: Clicking on Actor (context menu): StaticMeshActor (Floor2)
[2017.03.28-22.42.27:375][  2]LogEditorViewport: Clicking on Actor (LMB): LightmassImportanceVolume (LightmassImportanceVolume)
[2017.03.28-22.42.29:039][  5]LogScriptCore:Warning: Attempted to get an item from array CallFunc_GetAllActorsOfClass_OutActors out of bounds [0/0]!

[2017.03.28-22.42.29:071][  5]LogScript:Warning: Accessed None trying to read property CallFunc_Array_Get_Item
	spiritOrbOG_C /Engine/Transient.World_1:PersistentLevel.spiritOrbOG_C_0
	Function /Game/bluePrints/spiritOrbOG.spiritOrbOG_C:ExecuteUbergraph_spiritOrbOG:00F0
[2017.03.28-22.42.29:071][  5]LogScript:Warning: Attempted to assign to None
	spiritOrbOG_C /Engine/Transient.World_1:PersistentLevel.spiritOrbOG_C_0
	Function /Game/bluePrints/spiritOrbOG.spiritOrbOG_C:ExecuteUbergraph_spiritOrbOG:0105
[2017.03.28-22.42.29:133][  6]LogAssetRegistry: Asset discovery search completed in 112.7183 seconds
[2017.03.28-22.42.29:168][  6]LogCollectionManager: Rebuilt the object cache for 0 collections in 0.000001 seconds (found 0 objects)
[2017.03.28-22.42.29:191][  6]LogCollectionManager: Fixed up redirectors for 0 collections in 0.058142 seconds (updated 0 objects)
[2017.03.28-22.42.30:242][ 47]LogScriptCore:Warning: Attempted to get an item from array CallFunc_GetAllActorsOfClass_OutActors out of bounds [0/0]!

[2017.03.28-22.42.30:242][ 47]LogScript:Warning: Accessed None trying to read property CallFunc_Array_Get_Item
	spiritOrbOG_C /Engine/Transient.World_1:PersistentLevel.spiritOrbOG_C_1
	Function /Game/bluePrints/spiritOrbOG.spiritOrbOG_C:ExecuteUbergraph_spiritOrbOG:00F0
[2017.03.28-22.42.30:242][ 47]LogScript:Warning: Attempted to assign to None
	spiritOrbOG_C /Engine/Transient.World_1:PersistentLevel.spiritOrbOG_C_1
	Function /Game/bluePrints/spiritOrbOG.spiritOrbOG_C:ExecuteUbergraph_spiritOrbOG:0105
[2017.03.28-22.42.30:314][ 49]LogScriptCore:Warning: Attempted to get an item from array CallFunc_GetAllActorsOfClass_OutActors out of bounds [0/0]!

[2017.03.28-22.42.30:314][ 49]LogScript:Warning: Accessed None trying to read property CallFunc_Array_Get_Item
	spiritOrbOG_C /Engine/Transient.World_1:PersistentLevel.spiritOrbOG_C_2
	Function /Game/bluePrints/spiritOrbOG.spiritOrbOG_C:ExecuteUbergraph_spiritOrbOG:00F0
[2017.03.28-22.42.30:314][ 49]LogScript:Warning: Attempted to assign to None
	spiritOrbOG_C /Engine/Transient.World_1:PersistentLevel.spiritOrbOG_C_2
	Function /Game/bluePrints/spiritOrbOG.spiritOrbOG_C:ExecuteUbergraph_spiritOrbOG:0105
[2017.03.28-22.42.40:534][919]LogScriptCore:Warning: Attempted to get an item from array CallFunc_GetAllActorsOfClass_OutActors out of bounds [0/0]!

[2017.03.28-22.42.40:534][919]LogScript:Warning: Accessed None trying to read property CallFunc_Array_Get_Item
	spiritOrbOG_C /Engine/Transient.World_1:PersistentLevel.spiritOrbOG_C_3
	Function /Game/bluePrints/spiritOrbOG.spiritOrbOG_C:ExecuteUbergraph_spiritOrbOG:00F0
[2017.03.28-22.42.40:534][919]LogScript:Warning: Attempted to assign to None
	spiritOrbOG_C /Engine/Transient.World_1:PersistentLevel.spiritOrbOG_C_3
	Function /Game/bluePrints/spiritOrbOG.spiritOrbOG_C:ExecuteUbergraph_spiritOrbOG:0105
[2017.03.28-22.42.40:581][921]LogScriptCore:Warning: Attempted to get an item from array CallFunc_GetAllActorsOfClass_OutActors out of bounds [0/0]!

[2017.03.28-22.42.40:581][921]LogScript:Warning: Accessed None trying to read property CallFunc_Array_Get_Item
	spiritOrbOG_C /Engine/Transient.World_1:PersistentLevel.spiritOrbOG_C_4
	Function /Game/bluePrints/spiritOrbOG.spiritOrbOG_C:ExecuteUbergraph_spiritOrbOG:00F0
[2017.03.28-22.42.40:581][921]LogScript:Warning: Attempted to assign to None
	spiritOrbOG_C /Engine/Transient.World_1:PersistentLevel.spiritOrbOG_C_4
	Function /Game/bluePrints/spiritOrbOG.spiritOrbOG_C:ExecuteUbergraph_spiritOrbOG:0105
[2017.03.28-22.42.40:626][923]LogScriptCore:Warning: Attempted to get an item from array CallFunc_GetAllActorsOfClass_OutActors out of bounds [0/0]!

[2017.03.28-22.42.40:626][923]LogScript:Warning: Accessed None trying to read property CallFunc_Array_Get_Item
	spiritOrbOG_C /Engine/Transient.World_1:PersistentLevel.spiritOrbOG_C_5
	Function /Game/bluePrints/spiritOrbOG.spiritOrbOG_C:ExecuteUbergraph_spiritOrbOG:00F0
[2017.03.28-22.42.40:626][923]LogScript:Warning: Attempted to assign to None
	spiritOrbOG_C /Engine/Transient.World_1:PersistentLevel.spiritOrbOG_C_5
	Function /Game/bluePrints/spiritOrbOG.spiritOrbOG_C:ExecuteUbergraph_spiritOrbOG:0105
[2017.03.28-22.42.40:652][925]LogScriptCore:Warning: Attempted to get an item from array CallFunc_GetAllActorsOfClass_OutActors out of bounds [0/0]!

[2017.03.28-22.42.40:652][925]LogScript:Warning: Accessed None trying to read property CallFunc_Array_Get_Item
	spiritOrbOG_C /Engine/Transient.World_1:PersistentLevel.spiritOrbOG_C_6
	Function /Game/bluePrints/spiritOrbOG.spiritOrbOG_C:ExecuteUbergraph_spiritOrbOG:00F0
[2017.03.28-22.42.40:652][925]LogScript:Warning: Attempted to assign to None
	spiritOrbOG_C /Engine/Transient.World_1:PersistentLevel.spiritOrbOG_C_6
	Function /Game/bluePrints/spiritOrbOG.spiritOrbOG_C:ExecuteUbergraph_spiritOrbOG:0105
[2017.03.28-22.42.40:672][927]LogScriptCore:Warning: Attempted to get an item from array CallFunc_GetAllActorsOfClass_OutActors out of bounds [0/0]!

[2017.03.28-22.42.40:672][927]LogScript:Warning: Accessed None trying to read property CallFunc_Array_Get_Item
	spiritOrbOG_C /Engine/Transient.World_1:PersistentLevel.spiritOrbOG_C_7
	Function /Game/bluePrints/spiritOrbOG.spiritOrbOG_C:ExecuteUbergraph_spiritOrbOG:00F0
[2017.03.28-22.42.40:672][927]LogScript:Warning: Attempted to assign to None
	spiritOrbOG_C /Engine/Transient.World_1:PersistentLevel.spiritOrbOG_C_7
	Function /Game/bluePrints/spiritOrbOG.spiritOrbOG_C:ExecuteUbergraph_spiritOrbOG:0105
[2017.03.28-22.42.40:706][929]LogScriptCore:Warning: Attempted to get an item from array CallFunc_GetAllActorsOfClass_OutActors out of bounds [0/0]!

[2017.03.28-22.42.40:706][929]LogScript:Warning: Accessed None trying to read property CallFunc_Array_Get_Item
	spiritOrbOG_C /Engine/Transient.World_1:PersistentLevel.spiritOrbOG_C_8
	Function /Game/bluePrints/spiritOrbOG.spiritOrbOG_C:ExecuteUbergraph_spiritOrbOG:00F0
[2017.03.28-22.42.40:706][929]LogScript:Warning: Attempted to assign to None
	spiritOrbOG_C /Engine/Transient.World_1:PersistentLevel.spiritOrbOG_C_8
	Function /Game/bluePrints/spiritOrbOG.spiritOrbOG_C:ExecuteUbergraph_spiritOrbOG:0105
[2017.03.28-22.42.40:740][931]LogScriptCore:Warning: Attempted to get an item from array CallFunc_GetAllActorsOfClass_OutActors out of bounds [0/0]!

[2017.03.28-22.42.40:740][931]LogScript:Warning: Accessed None trying to read property CallFunc_Array_Get_Item
	spiritOrbOG_C /Engine/Transient.World_1:PersistentLevel.spiritOrbOG_C_9
	Function /Game/bluePrints/spiritOrbOG.spiritOrbOG_C:ExecuteUbergraph_spiritOrbOG:00F0
[2017.03.28-22.42.40:740][931]LogScript:Warning: Attempted to assign to None
	spiritOrbOG_C /Engine/Transient.World_1:PersistentLevel.spiritOrbOG_C_9
	Function /Game/bluePrints/spiritOrbOG.spiritOrbOG_C:ExecuteUbergraph_spiritOrbOG:0105
[2017.03.28-22.42.40:774][933]LogScriptCore:Warning: Attempted to get an item from array CallFunc_GetAllActorsOfClass_OutActors out of bounds [0/0]!

[2017.03.28-22.42.40:774][933]LogScript:Warning: Accessed None trying to read property CallFunc_Array_Get_Item
	spiritOrbOG_C /Engine/Transient.World_1:PersistentLevel.spiritOrbOG_C_10
	Function /Game/bluePrints/spiritOrbOG.spiritOrbOG_C:ExecuteUbergraph_spiritOrbOG:00F0
[2017.03.28-22.42.40:774][933]LogScript:Warning: Attempted to assign to None
	spiritOrbOG_C /Engine/Transient.World_1:PersistentLevel.spiritOrbOG_C_10
	Function /Game/bluePrints/spiritOrbOG.spiritOrbOG_C:ExecuteUbergraph_spiritOrbOG:0105
[2017.03.28-22.42.40:804][935]LogScriptCore:Warning: Attempted to get an item from array CallFunc_GetAllActorsOfClass_OutActors out of bounds [0/0]!

[2017.03.28-22.42.40:804][935]LogScript:Warning: Accessed None trying to read property CallFunc_Array_Get_Item
	spiritOrbOG_C /Engine/Transient.World_1:PersistentLevel.spiritOrbOG_C_11
	Function /Game/bluePrints/spiritOrbOG.spiritOrbOG_C:ExecuteUbergraph_spiritOrbOG:00F0
[2017.03.28-22.42.40:804][935]LogScript:Warning: Attempted to assign to None
	spiritOrbOG_C /Engine/Transient.World_1:PersistentLevel.spiritOrbOG_C_11
	Function /Game/bluePrints/spiritOrbOG.spiritOrbOG_C:ExecuteUbergraph_spiritOrbOG:0105
[2017.03.28-22.42.40:854][938]LogScriptCore:Warning: Attempted to get an item from array CallFunc_GetAllActorsOfClass_OutActors out of bounds [0/0]!

[2017.03.28-22.42.40:854][938]LogScript:Warning: Accessed None trying to read property CallFunc_Array_Get_Item
	spiritOrbOG_C /Engine/Transient.World_1:PersistentLevel.spiritOrbOG_C_12
	Function /Game/bluePrints/spiritOrbOG.spiritOrbOG_C:ExecuteUbergraph_spiritOrbOG:00F0
[2017.03.28-22.42.40:854][938]LogScript:Warning: Attempted to assign to None
	spiritOrbOG_C /Engine/Transient.World_1:PersistentLevel.spiritOrbOG_C_12
	Function /Game/bluePrints/spiritOrbOG.spiritOrbOG_C:ExecuteUbergraph_spiritOrbOG:0105
[2017.03.28-22.42.40:883][940]LogScriptCore:Warning: Attempted to get an item from array CallFunc_GetAllActorsOfClass_OutActors out of bounds [0/0]!

[2017.03.28-22.42.40:883][940]LogScript:Warning: Accessed None trying to read property CallFunc_Array_Get_Item
	spiritOrbOG_C /Engine/Transient.World_1:PersistentLevel.spiritOrbOG_C_13
	Function /Game/bluePrints/spiritOrbOG.spiritOrbOG_C:ExecuteUbergraph_spiritOrbOG:00F0
[2017.03.28-22.42.40:883][940]LogScript:Warning: Attempted to assign to None
	spiritOrbOG_C /Engine/Transient.World_1:PersistentLevel.spiritOrbOG_C_13
	Function /Game/bluePrints/spiritOrbOG.spiritOrbOG_C:ExecuteUbergraph_spiritOrbOG:0105
[2017.03.28-22.42.40:917][942]LogScriptCore:Warning: Attempted to get an item from array CallFunc_GetAllActorsOfClass_OutActors out of bounds [0/0]!

[2017.03.28-22.42.40:918][942]LogScript:Warning: Accessed None trying to read property CallFunc_Array_Get_Item
	spiritOrbOG_C /Engine/Transient.World_1:PersistentLevel.spiritOrbOG_C_14
	Function /Game/bluePrints/spiritOrbOG.spiritOrbOG_C:ExecuteUbergraph_spiritOrbOG:00F0
[2017.03.28-22.42.40:918][942]LogScript:Warning: Attempted to assign to None
	spiritOrbOG_C /Engine/Transient.World_1:PersistentLevel.spiritOrbOG_C_14
	Function /Game/bluePrints/spiritOrbOG.spiritOrbOG_C:ExecuteUbergraph_spiritOrbOG:0105
[2017.03.28-22.42.40:951][944]LogScriptCore:Warning: Attempted to get an item from array CallFunc_GetAllActorsOfClass_OutActors out of bounds [0/0]!

[2017.03.28-22.42.40:951][944]LogScript:Warning: Accessed None trying to read property CallFunc_Array_Get_Item
	spiritOrbOG_C /Engine/Transient.World_1:PersistentLevel.spiritOrbOG_C_15
	Function /Game/bluePrints/spiritOrbOG.spiritOrbOG_C:ExecuteUbergraph_spiritOrbOG:00F0
[2017.03.28-22.42.40:951][944]LogScript:Warning: Attempted to assign to None
	spiritOrbOG_C /Engine/Transient.World_1:PersistentLevel.spiritOrbOG_C_15
	Function /Game/bluePrints/spiritOrbOG.spiritOrbOG_C:ExecuteUbergraph_spiritOrbOG:0105
[2017.03.28-22.42.40:983][946]LogScriptCore:Warning: Attempted to get an item from array CallFunc_GetAllActorsOfClass_OutActors out of bounds [0/0]!

[2017.03.28-22.42.40:983][946]LogScript:Warning: Accessed None trying to read property CallFunc_Array_Get_Item
	spiritOrbOG_C /Engine/Transient.World_1:PersistentLevel.spiritOrbOG_C_16
	Function /Game/bluePrints/spiritOrbOG.spiritOrbOG_C:ExecuteUbergraph_spiritOrbOG:00F0
[2017.03.28-22.42.40:983][946]LogScript:Warning: Attempted to assign to None
	spiritOrbOG_C /Engine/Transient.World_1:PersistentLevel.spiritOrbOG_C_16
	Function /Game/bluePrints/spiritOrbOG.spiritOrbOG_C:ExecuteUbergraph_spiritOrbOG:0105
[2017.03.28-22.42.41:017][948]LogScriptCore:Warning: Attempted to get an item from array CallFunc_GetAllActorsOfClass_OutActors out of bounds [0/0]!

[2017.03.28-22.42.41:017][948]LogScript:Warning: Accessed None trying to read property CallFunc_Array_Get_Item
	spiritOrbOG_C /Engine/Transient.World_1:PersistentLevel.spiritOrbOG_C_17
	Function /Game/bluePrints/spiritOrbOG.spiritOrbOG_C:ExecuteUbergraph_spiritOrbOG:00F0
[2017.03.28-22.42.41:017][948]LogScript:Warning: Attempted to assign to None
	spiritOrbOG_C /Engine/Transient.World_1:PersistentLevel.spiritOrbOG_C_17
	Function /Game/bluePrints/spiritOrbOG.spiritOrbOG_C:ExecuteUbergraph_spiritOrbOG:0105
[2017.03.28-22.42.41:045][950]LogScriptCore:Warning: Attempted to get an item from array CallFunc_GetAllActorsOfClass_OutActors out of bounds [0/0]!

[2017.03.28-22.42.41:045][950]LogScript:Warning: Accessed None trying to read property CallFunc_Array_Get_Item
	spiritOrbOG_C /Engine/Transient.World_1:PersistentLevel.spiritOrbOG_C_18
	Function /Game/bluePrints/spiritOrbOG.spiritOrbOG_C:ExecuteUbergraph_spiritOrbOG:00F0
[2017.03.28-22.42.41:045][950]LogScript:Warning: Attempted to assign to None
	spiritOrbOG_C /Engine/Transient.World_1:PersistentLevel.spiritOrbOG_C_18
	Function /Game/bluePrints/spiritOrbOG.spiritOrbOG_C:ExecuteUbergraph_spiritOrbOG:0105
[2017.03.28-22.42.41:081][952]LogScriptCore:Warning: Attempted to get an item from array CallFunc_GetAllActorsOfClass_OutActors out of bounds [0/0]!

[2017.03.28-22.42.41:081][952]LogScript:Warning: Accessed None trying to read property CallFunc_Array_Get_Item
	spiritOrbOG_C /Engine/Transient.World_1:PersistentLevel.spiritOrbOG_C_19
	Function /Game/bluePrints/spiritOrbOG.spiritOrbOG_C:ExecuteUbergraph_spiritOrbOG:00F0
[2017.03.28-22.42.41:081][952]LogScript:Warning: Attempted to assign to None
	spiritOrbOG_C /Engine/Transient.World_1:PersistentLevel.spiritOrbOG_C_19
	Function /Game/bluePrints/spiritOrbOG.spiritOrbOG_C:ExecuteUbergraph_spiritOrbOG:0105
[2017.03.28-22.42.41:113][954]LogScriptCore:Warning: Attempted to get an item from array CallFunc_GetAllActorsOfClass_OutActors out of bounds [0/0]!

[2017.03.28-22.42.41:113][954]LogScript:Warning: Accessed None trying to read property CallFunc_Array_Get_Item
	spiritOrbOG_C /Engine/Transient.World_1:PersistentLevel.spiritOrbOG_C_20
	Function /Game/bluePrints/spiritOrbOG.spiritOrbOG_C:ExecuteUbergraph_spiritOrbOG:00F0
[2017.03.28-22.42.41:113][954]LogScript:Warning: Attempted to assign to None
	spiritOrbOG_C /Engine/Transient.World_1:PersistentLevel.spiritOrbOG_C_20
	Function /Game/bluePrints/spiritOrbOG.spiritOrbOG_C:ExecuteUbergraph_spiritOrbOG:0105
[2017.03.28-22.42.41:147][956]LogScriptCore:Warning: Attempted to get an item from array CallFunc_GetAllActorsOfClass_OutActors out of bounds [0/0]!

[2017.03.28-22.42.41:147][956]LogScript:Warning: Accessed None trying to read property CallFunc_Array_Get_Item
	spiritOrbOG_C /Engine/Transient.World_1:PersistentLevel.spiritOrbOG_C_21
	Function /Game/bluePrints/spiritOrbOG.spiritOrbOG_C:ExecuteUbergraph_spiritOrbOG:00F0
[2017.03.28-22.42.41:147][956]LogScript:Warning: Attempted to assign to None
	spiritOrbOG_C /Engine/Transient.World_1:PersistentLevel.spiritOrbOG_C_21
	Function /Game/bluePrints/spiritOrbOG.spiritOrbOG_C:ExecuteUbergraph_spiritOrbOG:0105
[2017.03.28-22.42.41:180][958]LogScriptCore:Warning: Attempted to get an item from array CallFunc_GetAllActorsOfClass_OutActors out of bounds [0/0]!

[2017.03.28-22.42.41:180][958]LogScript:Warning: Accessed None trying to read property CallFunc_Array_Get_Item
	spiritOrbOG_C /Engine/Transient.World_1:PersistentLevel.spiritOrbOG_C_22
	Function /Game/bluePrints/spiritOrbOG.spiritOrbOG_C:ExecuteUbergraph_spiritOrbOG:00F0
[2017.03.28-22.42.41:180][958]LogScript:Warning: Attempted to assign to None
	spiritOrbOG_C /Engine/Transient.World_1:PersistentLevel.spiritOrbOG_C_22
	Function /Game/bluePrints/spiritOrbOG.spiritOrbOG_C:ExecuteUbergraph_spiritOrbOG:0105
[2017.03.28-22.42.41:213][960]LogScriptCore:Warning: Attempted to get an item from array CallFunc_GetAllActorsOfClass_OutActors out of bounds [0/0]!

[2017.03.28-22.42.41:213][960]LogScript:Warning: Accessed None trying to read property CallFunc_Array_Get_Item
	spiritOrbOG_C /Engine/Transient.World_1:PersistentLevel.spiritOrbOG_C_23
	Function /Game/bluePrints/spiritOrbOG.spiritOrbOG_C:ExecuteUbergraph_spiritOrbOG:00F0
[2017.03.28-22.42.41:213][960]LogScript:Warning: Attempted to assign to None
	spiritOrbOG_C /Engine/Transient.World_1:PersistentLevel.spiritOrbOG_C_23
	Function /Game/bluePrints/spiritOrbOG.spiritOrbOG_C:ExecuteUbergraph_spiritOrbOG:0105
[2017.03.28-22.42.41:248][962]LogScriptCore:Warning: Attempted to get an item from array CallFunc_GetAllActorsOfClass_OutActors out of bounds [0/0]!

[2017.03.28-22.42.41:248][962]LogScript:Warning: Accessed None trying to read property CallFunc_Array_Get_Item
	spiritOrbOG_C /Engine/Transient.World_1:PersistentLevel.spiritOrbOG_C_24
	Function /Game/bluePrints/spiritOrbOG.spiritOrbOG_C:ExecuteUbergraph_spiritOrbOG:00F0
[2017.03.28-22.42.41:248][962]LogScript:Warning: Attempted to assign to None
	spiritOrbOG_C /Engine/Transient.World_1:PersistentLevel.spiritOrbOG_C_24
	Function /Game/bluePrints/spiritOrbOG.spiritOrbOG_C:ExecuteUbergraph_spiritOrbOG:0105
[2017.03.28-22.42.41:280][964]LogScriptCore:Warning: Attempted to get an item from array CallFunc_GetAllActorsOfClass_OutActors out of bounds [0/0]!

[2017.03.28-22.42.41:281][964]LogScript:Warning: Accessed None trying to read property CallFunc_Array_Get_Item
	spiritOrbOG_C /Engine/Transient.World_1:PersistentLevel.spiritOrbOG_C_25
	Function /Game/bluePrints/spiritOrbOG.spiritOrbOG_C:ExecuteUbergraph_spiritOrbOG:00F0
[2017.03.28-22.42.41:281][964]LogScript:Warning: Attempted to assign to None
	spiritOrbOG_C /Engine/Transient.World_1:PersistentLevel.spiritOrbOG_C_25
	Function /Game/bluePrints/spiritOrbOG.spiritOrbOG_C:ExecuteUbergraph_spiritOrbOG:0105
[2017.03.28-22.42.41:312][966]LogScriptCore:Warning: Attempted to get an item from array CallFunc_GetAllActorsOfClass_OutActors out of bounds [0/0]!

[2017.03.28-22.42.41:312][966]LogScript:Warning: Accessed None trying to read property CallFunc_Array_Get_Item
	spiritOrbOG_C /Engine/Transient.World_1:PersistentLevel.spiritOrbOG_C_26
	Function /Game/bluePrints/spiritOrbOG.spiritOrbOG_C:ExecuteUbergraph_spiritOrbOG:00F0
[2017.03.28-22.42.41:312][966]LogScript:Warning: Attempted to assign to None
	spiritOrbOG_C /Engine/Transient.World_1:PersistentLevel.spiritOrbOG_C_26
	Function /Game/bluePrints/spiritOrbOG.spiritOrbOG_C:ExecuteUbergraph_spiritOrbOG:0105
[2017.03.28-22.42.41:346][968]LogScriptCore:Warning: Attempted to get an item from array CallFunc_GetAllActorsOfClass_OutActors out of bounds [0/0]!

[2017.03.28-22.42.41:346][968]LogScript:Warning: Accessed None trying to read property CallFunc_Array_Get_Item
	spiritOrbOG_C /Engine/Transient.World_1:PersistentLevel.spiritOrbOG_C_27
	Function /Game/bluePrints/spiritOrbOG.spiritOrbOG_C:ExecuteUbergraph_spiritOrbOG:00F0
[2017.03.28-22.42.41:347][968]LogScript:Warning: Attempted to assign to None
	spiritOrbOG_C /Engine/Transient.World_1:PersistentLevel.spiritOrbOG_C_27
	Function /Game/bluePrints/spiritOrbOG.spiritOrbOG_C:ExecuteUbergraph_spiritOrbOG:0105
[2017.03.28-22.42.41:379][970]LogScriptCore:Warning: Attempted to get an item from array CallFunc_GetAllActorsOfClass_OutActors out of bounds [0/0]!

[2017.03.28-22.42.41:380][970]LogScript:Warning: Accessed None trying to read property CallFunc_Array_Get_Item
	spiritOrbOG_C /Engine/Transient.World_1:PersistentLevel.spiritOrbOG_C_28
	Function /Game/bluePrints/spiritOrbOG.spiritOrbOG_C:ExecuteUbergraph_spiritOrbOG:00F0
[2017.03.28-22.42.41:380][970]LogScript:Warning: Attempted to assign to None
	spiritOrbOG_C /Engine/Transient.World_1:PersistentLevel.spiritOrbOG_C_28
	Function /Game/bluePrints/spiritOrbOG.spiritOrbOG_C:ExecuteUbergraph_spiritOrbOG:0105
[2017.03.28-22.42.41:416][972]LogScriptCore:Warning: Attempted to get an item from array CallFunc_GetAllActorsOfClass_OutActors out of bounds [0/0]!

[2017.03.28-22.42.41:416][972]LogScript:Warning: Accessed None trying to read property CallFunc_Array_Get_Item
	spiritOrbOG_C /Engine/Transient.World_1:PersistentLevel.spiritOrbOG_C_29
	Function /Game/bluePrints/spiritOrbOG.spiritOrbOG_C:ExecuteUbergraph_spiritOrbOG:00F0
[2017.03.28-22.42.41:416][972]LogScript:Warning: Attempted to assign to None
	spiritOrbOG_C /Engine/Transient.World_1:PersistentLevel.spiritOrbOG_C_29
	Function /Game/bluePrints/spiritOrbOG.spiritOrbOG_C:ExecuteUbergraph_spiritOrbOG:0105
[2017.03.28-22.42.41:448][974]LogScriptCore:Warning: Attempted to get an item from array CallFunc_GetAllActorsOfClass_OutActors out of bounds [0/0]!

[2017.03.28-22.42.41:448][974]LogScript:Warning: Accessed None trying to read property CallFunc_Array_Get_Item
	spiritOrbOG_C /Engine/Transient.World_1:PersistentLevel.spiritOrbOG_C_30
	Function /Game/bluePrints/spiritOrbOG.spiritOrbOG_C:ExecuteUbergraph_spiritOrbOG:00F0
[2017.03.28-22.42.41:448][974]LogScript:Warning: Attempted to assign to None
	spiritOrbOG_C /Engine/Transient.World_1:PersistentLevel.spiritOrbOG_C_30
	Function /Game/bluePrints/spiritOrbOG.spiritOrbOG_C:ExecuteUbergraph_spiritOrbOG:0105
[2017.03.28-22.42.41:480][976]LogScriptCore:Warning: Attempted to get an item from array CallFunc_GetAllActorsOfClass_OutActors out of bounds [0/0]!

[2017.03.28-22.42.41:480][976]LogScript:Warning: Accessed None trying to read property CallFunc_Array_Get_Item
	spiritOrbOG_C /Engine/Transient.World_1:PersistentLevel.spiritOrbOG_C_31
	Function /Game/bluePrints/spiritOrbOG.spiritOrbOG_C:ExecuteUbergraph_spiritOrbOG:00F0
[2017.03.28-22.42.41:480][976]LogScript:Warning: Attempted to assign to None
	spiritOrbOG_C /Engine/Transient.World_1:PersistentLevel.spiritOrbOG_C_31
	Function /Game/bluePrints/spiritOrbOG.spiritOrbOG_C:ExecuteUbergraph_spiritOrbOG:0105
[2017.03.28-22.42.41:513][978]LogScriptCore:Warning: Attempted to get an item from array CallFunc_GetAllActorsOfClass_OutActors out of bounds [0/0]!

[2017.03.28-22.42.41:513][978]LogScript:Warning: Accessed None trying to read property CallFunc_Array_Get_Item
	spiritOrbOG_C /Engine/Transient.World_1:PersistentLevel.spiritOrbOG_C_32
	Function /Game/bluePrints/spiritOrbOG.spiritOrbOG_C:ExecuteUbergraph_spiritOrbOG:00F0
[2017.03.28-22.42.41:514][978]LogScript:Warning: Attempted to assign to None
	spiritOrbOG_C /Engine/Transient.World_1:PersistentLevel.spiritOrbOG_C_32
	Function /Game/bluePrints/spiritOrbOG.spiritOrbOG_C:ExecuteUbergraph_spiritOrbOG:0105
[2017.03.28-22.42.41:544][980]LogScriptCore:Warning: Attempted to get an item from array CallFunc_GetAllActorsOfClass_OutActors out of bounds [0/0]!

[2017.03.28-22.42.41:544][980]LogScript:Warning: Accessed None trying to read property CallFunc_Array_Get_Item
	spiritOrbOG_C /Engine/Transient.World_1:PersistentLevel.spiritOrbOG_C_33
	Function /Game/bluePrints/spiritOrbOG.spiritOrbOG_C:ExecuteUbergraph_spiritOrbOG:00F0
[2017.03.28-22.42.41:545][980]LogScript:Warning: Attempted to assign to None
	spiritOrbOG_C /Engine/Transient.World_1:PersistentLevel.spiritOrbOG_C_33
	Function /Game/bluePrints/spiritOrbOG.spiritOrbOG_C:ExecuteUbergraph_spiritOrbOG:0105
[2017.03.28-22.42.41:577][982]LogScriptCore:Warning: Attempted to get an item from array CallFunc_GetAllActorsOfClass_OutActors out of bounds [0/0]!

[2017.03.28-22.42.41:577][982]LogScript:Warning: Accessed None trying to read property CallFunc_Array_Get_Item
	spiritOrbOG_C /Engine/Transient.World_1:PersistentLevel.spiritOrbOG_C_34
	Function /Game/bluePrints/spiritOrbOG.spiritOrbOG_C:ExecuteUbergraph_spiritOrbOG:00F0
[2017.03.28-22.42.41:577][982]LogScript:Warning: Attempted to assign to None
	spiritOrbOG_C /Engine/Transient.World_1:PersistentLevel.spiritOrbOG_C_34
	Function /Game/bluePrints/spiritOrbOG.spiritOrbOG_C:ExecuteUbergraph_spiritOrbOG:0105
[2017.03.28-22.42.41:612][984]LogScriptCore:Warning: Attempted to get an item from array CallFunc_GetAllActorsOfClass_OutActors out of bounds [0/0]!

[2017.03.28-22.42.41:612][984]LogScript:Warning: Accessed None trying to read property CallFunc_Array_Get_Item
	spiritOrbOG_C /Engine/Transient.World_1:PersistentLevel.spiritOrbOG_C_35
	Function /Game/bluePrints/spiritOrbOG.spiritOrbOG_C:ExecuteUbergraph_spiritOrbOG:00F0
[2017.03.28-22.42.41:612][984]LogScript:Warning: Attempted to assign to None
	spiritOrbOG_C /Engine/Transient.World_1:PersistentLevel.spiritOrbOG_C_35
	Function /Game/bluePrints/spiritOrbOG.spiritOrbOG_C:ExecuteUbergraph_spiritOrbOG:0105
[2017.03.28-22.42.41:642][986]LogScriptCore:Warning: Attempted to get an item from array CallFunc_GetAllActorsOfClass_OutActors out of bounds [0/0]!

[2017.03.28-22.42.41:642][986]LogScript:Warning: Accessed None trying to read property CallFunc_Array_Get_Item
	spiritOrbOG_C /Engine/Transient.World_1:PersistentLevel.spiritOrbOG_C_36
	Function /Game/bluePrints/spiritOrbOG.spiritOrbOG_C:ExecuteUbergraph_spiritOrbOG:00F0
[2017.03.28-22.42.41:642][986]LogScript:Warning: Attempted to assign to None
	spiritOrbOG_C /Engine/Transient.World_1:PersistentLevel.spiritOrbOG_C_36
	Function /Game/bluePrints/spiritOrbOG.spiritOrbOG_C:ExecuteUbergraph_spiritOrbOG:0105
[2017.03.28-22.42.41:673][988]LogScriptCore:Warning: Attempted to get an item from array CallFunc_GetAllActorsOfClass_OutActors out of bounds [0/0]!

[2017.03.28-22.42.41:673][988]LogScript:Warning: Accessed None trying to read property CallFunc_Array_Get_Item
	spiritOrbOG_C /Engine/Transient.World_1:PersistentLevel.spiritOrbOG_C_37
	Function /Game/bluePrints/spiritOrbOG.spiritOrbOG_C:ExecuteUbergraph_spiritOrbOG:00F0
[2017.03.28-22.42.41:673][988]LogScript:Warning: Attempted to assign to None
	spiritOrbOG_C /Engine/Transient.World_1:PersistentLevel.spiritOrbOG_C_37
	Function /Game/bluePrints/spiritOrbOG.spiritOrbOG_C:ExecuteUbergraph_spiritOrbOG:0105
[2017.03.28-22.42.41:704][990]LogScriptCore:Warning: Attempted to get an item from array CallFunc_GetAllActorsOfClass_OutActors out of bounds [0/0]!

[2017.03.28-22.42.41:704][990]LogScript:Warning: Accessed None trying to read property CallFunc_Array_Get_Item
	spiritOrbOG_C /Engine/Transient.World_1:PersistentLevel.spiritOrbOG_C_38
	Function /Game/bluePrints/spiritOrbOG.spiritOrbOG_C:ExecuteUbergraph_spiritOrbOG:00F0
[2017.03.28-22.42.41:704][990]LogScript:Warning: Attempted to assign to None
	spiritOrbOG_C /Engine/Transient.World_1:PersistentLevel.spiritOrbOG_C_38
	Function /Game/bluePrints/spiritOrbOG.spiritOrbOG_C:ExecuteUbergraph_spiritOrbOG:0105
[2017.03.28-22.42.41:738][992]LogScriptCore:Warning: Attempted to get an item from array CallFunc_GetAllActorsOfClass_OutActors out of bounds [0/0]!

[2017.03.28-22.42.41:738][992]LogScript:Warning: Accessed None trying to read property CallFunc_Array_Get_Item
	spiritOrbOG_C /Engine/Transient.World_1:PersistentLevel.spiritOrbOG_C_39
	Function /Game/bluePrints/spiritOrbOG.spiritOrbOG_C:ExecuteUbergraph_spiritOrbOG:00F0
[2017.03.28-22.42.41:738][992]LogScript:Warning: Attempted to assign to None
	spiritOrbOG_C /Engine/Transient.World_1:PersistentLevel.spiritOrbOG_C_39
	Function /Game/bluePrints/spiritOrbOG.spiritOrbOG_C:ExecuteUbergraph_spiritOrbOG:0105
[2017.03.28-22.42.41:773][994]LogScriptCore:Warning: Attempted to get an item from array CallFunc_GetAllActorsOfClass_OutActors out of bounds [0/0]!

[2017.03.28-22.42.41:773][994]LogScript:Warning: Accessed None trying to read property CallFunc_Array_Get_Item
	spiritOrbOG_C /Engine/Transient.World_1:PersistentLevel.spiritOrbOG_C_40
	Function /Game/bluePrints/spiritOrbOG.spiritOrbOG_C:ExecuteUbergraph_spiritOrbOG:00F0
[2017.03.28-22.42.41:773][994]LogScript:Warning: Attempted to assign to None
	spiritOrbOG_C /Engine/Transient.World_1:PersistentLevel.spiritOrbOG_C_40
	Function /Game/bluePrints/spiritOrbOG.spiritOrbOG_C:ExecuteUbergraph_spiritOrbOG:0105
[2017.03.28-22.42.41:806][996]LogScriptCore:Warning: Attempted to get an item from array CallFunc_GetAllActorsOfClass_OutActors out of bounds [0/0]!

[2017.03.28-22.42.41:806][996]LogScript:Warning: Accessed None trying to read property CallFunc_Array_Get_Item
	spiritOrbOG_C /Engine/Transient.World_1:PersistentLevel.spiritOrbOG_C_41
	Function /Game/bluePrints/spiritOrbOG.spiritOrbOG_C:ExecuteUbergraph_spiritOrbOG:00F0
[2017.03.28-22.42.41:806][996]LogScript:Warning: Attempted to assign to None
	spiritOrbOG_C /Engine/Transient.World_1:PersistentLevel.spiritOrbOG_C_41
	Function /Game/bluePrints/spiritOrbOG.spiritOrbOG_C:ExecuteUbergraph_spiritOrbOG:0105
[2017.03.28-22.42.41:842][998]LogScriptCore:Warning: Attempted to get an item from array CallFunc_GetAllActorsOfClass_OutActors out of bounds [0/0]!

[2017.03.28-22.42.41:842][998]LogScript:Warning: Accessed None trying to read property CallFunc_Array_Get_Item
	spiritOrbOG_C /Engine/Transient.World_1:PersistentLevel.spiritOrbOG_C_42
	Function /Game/bluePrints/spiritOrbOG.spiritOrbOG_C:ExecuteUbergraph_spiritOrbOG:00F0
[2017.03.28-22.42.41:842][998]LogScript:Warning: Attempted to assign to None
	spiritOrbOG_C /Engine/Transient.World_1:PersistentLevel.spiritOrbOG_C_42
	Function /Game/bluePrints/spiritOrbOG.spiritOrbOG_C:ExecuteUbergraph_spiritOrbOG:0105
[2017.03.28-22.42.41:874][  0]LogScriptCore:Warning: Attempted to get an item from array CallFunc_GetAllActorsOfClass_OutActors out of bounds [0/0]!

[2017.03.28-22.42.41:874][  0]LogScript:Warning: Accessed None trying to read property CallFunc_Array_Get_Item
	spiritOrbOG_C /Engine/Transient.World_1:PersistentLevel.spiritOrbOG_C_43
	Function /Game/bluePrints/spiritOrbOG.spiritOrbOG_C:ExecuteUbergraph_spiritOrbOG:00F0
[2017.03.28-22.42.41:874][  0]LogScript:Warning: Attempted to assign to None
	spiritOrbOG_C /Engine/Transient.World_1:PersistentLevel.spiritOrbOG_C_43
	Function /Game/bluePrints/spiritOrbOG.spiritOrbOG_C:ExecuteUbergraph_spiritOrbOG:0105
[2017.03.28-22.42.41:907][  2]LogScriptCore:Warning: Attempted to get an item from array CallFunc_GetAllActorsOfClass_OutActors out of bounds [0/0]!

[2017.03.28-22.42.41:907][  2]LogScript:Warning: Accessed None trying to read property CallFunc_Array_Get_Item
	spiritOrbOG_C /Engine/Transient.World_1:PersistentLevel.spiritOrbOG_C_44
	Function /Game/bluePrints/spiritOrbOG.spiritOrbOG_C:ExecuteUbergraph_spiritOrbOG:00F0
[2017.03.28-22.42.41:907][  2]LogScript:Warning: Attempted to assign to None
	spiritOrbOG_C /Engine/Transient.World_1:PersistentLevel.spiritOrbOG_C_44
	Function /Game/bluePrints/spiritOrbOG.spiritOrbOG_C:ExecuteUbergraph_spiritOrbOG:0105
[2017.03.28-22.42.41:940][  4]LogScriptCore:Warning: Attempted to get an item from array CallFunc_GetAllActorsOfClass_OutActors out of bounds [0/0]!

[2017.03.28-22.42.41:940][  4]LogScript:Warning: Accessed None trying to read property CallFunc_Array_Get_Item
	spiritOrbOG_C /Engine/Transient.World_1:PersistentLevel.spiritOrbOG_C_45
	Function /Game/bluePrints/spiritOrbOG.spiritOrbOG_C:ExecuteUbergraph_spiritOrbOG:00F0
[2017.03.28-22.42.41:940][  4]LogScript:Warning: Attempted to assign to None
	spiritOrbOG_C /Engine/Transient.World_1:PersistentLevel.spiritOrbOG_C_45
	Function /Game/bluePrints/spiritOrbOG.spiritOrbOG_C:ExecuteUbergraph_spiritOrbOG:0105
[2017.03.28-22.42.41:973][  6]LogScriptCore:Warning: Attempted to get an item from array CallFunc_GetAllActorsOfClass_OutActors out of bounds [0/0]!

[2017.03.28-22.42.41:973][  6]LogScript:Warning: Accessed None trying to read property CallFunc_Array_Get_Item
	spiritOrbOG_C /Engine/Transient.World_1:PersistentLevel.spiritOrbOG_C_46
	Function /Game/bluePrints/spiritOrbOG.spiritOrbOG_C:ExecuteUbergraph_spiritOrbOG:00F0
[2017.03.28-22.42.41:973][  6]LogScript:Warning: Attempted to assign to None
	spiritOrbOG_C /Engine/Transient.World_1:PersistentLevel.spiritOrbOG_C_46
	Function /Game/bluePrints/spiritOrbOG.spiritOrbOG_C:ExecuteUbergraph_spiritOrbOG:0105
[2017.03.28-22.42.43:347][ 77]LogTexture:Display: Building textures: T_Frame_M (DXT1)
[2017.03.28-22.42.44:097][ 77]LogTexture:Display: Building textures: T_Frame_N (BC5)
[2017.03.28-22.42.44:750][ 77]LogTexture:Display: Building textures: T_Tech_Hex_Tile_N (BC5)
[2017.03.28-22.42.44:891][ 77]LogTexture:Display: Building textures: T_Tech_Hex_Tile_M (AutoDXT)
[2017.03.28-22.42.45:368][ 77]LogAIModule: Creating AISystem for world TestLevel
[2017.03.28-22.42.45:860][ 77]Cmd: MAP LOAD FILE="C:/Users/Derek/Documents/Unreal Projects/Soul-Striker-Main/Soul Striker/Content/Maps/TestLevel.umap" TEMPLATE=0 SHOWPROGRESS=1 FEATURELEVEL=3
[2017.03.28-22.42.45:861][ 77]LightingResults: New page: Lighting Build
[2017.03.28-22.42.45:861][ 77]LoadErrors: New page: Loading map: TestLevel.umap
[2017.03.28-22.42.45:986][ 77]MapCheck: New page: Map Check
[2017.03.28-22.42.45:986][ 77]LightingResults: New page: Lighting Build
[2017.03.28-22.42.46:313][ 77]LogEditorServer: Finished looking for orphan Actors (0.000 secs)
[2017.03.28-22.42.46:360][ 77]Cmd: MAP CHECKDEP NOCLEARLOG
[2017.03.28-22.42.46:410][ 77]MapCheck: Info Map check complete: 0 Error(s), 0 Warning(s), took 49.513ms to complete.
[2017.03.28-22.42.46:410][ 77]LogFileHelpers: Loading map 'TestLevel' took 0.594
[2017.03.28-22.42.52:577][694]LogBlueprintUserMessages: Early PlayInEditor Detection: Level '/Game/Maps/TestLevel.TestLevel:PersistentLevel' has LevelScriptBlueprint '/Game/Maps/TestLevel.TestLevel:PersistentLevel.TestLevel' with GeneratedClass '/Game/Maps/TestLevel.TestLevel_C' with ClassGeneratedBy '/Game/Maps/TestLevel.TestLevel:PersistentLevel.TestLevel'
[2017.03.28-22.42.52:592][694]LogPlayLevel: PlayLevel: No blueprints needed recompiling
[2017.03.28-22.42.52:638][694]PIE: New page: PIE session: TestLevel (Mar 28, 2017, 1:42:52 PM)
[2017.03.28-22.42.52:638][694]LogPlayLevel: Creating play world package: /Game/Maps/UEDPIE_0_TestLevel
[2017.03.28-22.42.52:724][694]LogPlayLevel: PIE: StaticDuplicateObject took: (0.085995s)
[2017.03.28-22.42.52:724][694]LogAIModule: Creating AISystem for world TestLevel
[2017.03.28-22.42.52:725][694]LogPlayLevel: PIE: World Init took: (0.000462s)
[2017.03.28-22.42.52:734][694]LogPlayLevel: PIE: Created PIE world by copying editor world from /Game/Maps/TestLevel.TestLevel to /Game/Maps/UEDPIE_0_TestLevel.TestLevel (0.095879s)
[2017.03.28-22.42.52:796][694]LogInit: XAudio2 using 'Speakers (Turtle Beach PX21 Headset)' : 2 channels at 48 kHz using 16 bits per sample (channel mask 0x3)
[2017.03.28-22.42.52:804][694]LogInit: FAudioDevice initialized.
[2017.03.28-22.42.52:966][694]LogWorld: Game class is 'SoulStrikerCampaign_C'
[2017.03.28-22.42.53:070][694]LogWorld: Bringing World /Game/Maps/UEDPIE_0_TestLevel.TestLevel up for play (max tick rate 0) at 2017.03.28-18.42.53
[2017.03.28-22.42.53:183][694]LogWorld: Bringing up level for play took: 0.132573
[2017.03.28-22.42.53:355][694]LogContentBrowser: Native class hierarchy updated for 'MovieSceneCapture' in 0.0005 seconds. Added 11 classes and 0 folders.
[2017.03.28-22.42.53:586][694]PIE: Info Play in editor start time for /Game/Maps/UEDPIE_0_TestLevel 0.415
[2017.03.28-22.42.53:586][694]LogBlueprintUserMessages: Late PlayInEditor Detection: Level '/Game/Maps/TestLevel.TestLevel:PersistentLevel' has LevelScriptBlueprint '/Game/Maps/TestLevel.TestLevel:PersistentLevel.TestLevel' with GeneratedClass '/Game/Maps/TestLevel.TestLevel_C' with ClassGeneratedBy '/Game/Maps/TestLevel.TestLevel:PersistentLevel.TestLevel'
[2017.03.28-22.42.53:742][694]LogRenderer: Reallocating scene render targets to support 1932x1116 (Frame:1830).
[2017.03.28-22.42.56:105][827]LogScriptCore:Warning: Attempted to get an item from array CallFunc_GetOverlappingActors_OverlappingActors out of bounds [0/0]!

[2017.03.28-22.42.56:105][827]LogScriptCore:Warning: Attempted to get an item from array CallFunc_GetOverlappingActors_OverlappingActors2 out of bounds [0/0]!

[2017.03.28-22.42.59:526][ 22]LogScriptCore:Warning: Attempted to get an item from array CallFunc_GetOverlappingActors_OverlappingActors out of bounds [0/0]!

[2017.03.28-22.43.01:229][123]LogScriptCore:Warning: Attempted to get an item from array CallFunc_GetOverlappingActors_OverlappingActors out of bounds [0/0]!

[2017.03.28-22.43.01:497][138]LogBlueprintUserMessages: [spiritOrbOG_C_1] 1281.074707
[2017.03.28-22.43.02:806][216]LogBlueprintUserMessages: [KnightOfLight_C_0] warping Animation!
[2017.03.28-22.43.03:481][256]LogBlueprintUserMessages: [KnightOfLight_C_0] warping Animation!
[2017.03.28-22.43.04:321][306]LogScriptCore:Warning: Attempted to get an item from array CallFunc_GetOverlappingActors_OverlappingActors out of bounds [0/0]!

[2017.03.28-22.43.04:540][319]LogBlueprintUserMessages: [spiritOrbOG_C_2] -1574.613159
[2017.03.28-22.43.04:676][327]LogBlueprintUserMessages: [spiritOrbOG_C_2] -1399.671631
[2017.03.28-22.43.04:966][344]LogBlueprintUserMessages: [spiritOrbOG_C_2] 874.847046
[2017.03.28-22.43.05:330][364]LogBlueprintUserMessages: [AI_TurretBullet_C_0] 9.0
[2017.03.28-22.43.07:300][477]LogBlueprintUserMessages: Early EndPlayMap Detection: Level '/Game/Maps/TestLevel.TestLevel:PersistentLevel' has LevelScriptBlueprint '/Game/Maps/TestLevel.TestLevel:PersistentLevel.TestLevel' with GeneratedClass '/Game/Maps/TestLevel.TestLevel_C' with ClassGeneratedBy '/Game/Maps/TestLevel.TestLevel:PersistentLevel.TestLevel'
[2017.03.28-22.43.07:425][477]LogBlueprintUserMessages: Late EndPlayMap Detection: Level '/Game/Maps/TestLevel.TestLevel:PersistentLevel' has LevelScriptBlueprint '/Game/Maps/TestLevel.TestLevel:PersistentLevel.TestLevel' with GeneratedClass '/Game/Maps/TestLevel.TestLevel_C' with ClassGeneratedBy '/Game/Maps/TestLevel.TestLevel:PersistentLevel.TestLevel'
[2017.03.28-22.43.09:741][721]LogBlueprintUserMessages: Early PlayInEditor Detection: Level '/Game/Maps/TestLevel.TestLevel:PersistentLevel' has LevelScriptBlueprint '/Game/Maps/TestLevel.TestLevel:PersistentLevel.TestLevel' with GeneratedClass '/Game/Maps/TestLevel.TestLevel_C' with ClassGeneratedBy '/Game/Maps/TestLevel.TestLevel:PersistentLevel.TestLevel'
[2017.03.28-22.43.09:742][721]LogPlayLevel: PlayLevel: No blueprints needed recompiling
[2017.03.28-22.43.09:742][721]PIE: New page: PIE session: TestLevel (Mar 28, 2017, 1:43:09 PM)
[2017.03.28-22.43.09:742][721]LogPlayLevel: Creating play world package: /Game/Maps/UEDPIE_0_TestLevel
[2017.03.28-22.43.09:752][721]LogPlayLevel: PIE: StaticDuplicateObject took: (0.010211s)
[2017.03.28-22.43.09:752][721]LogAIModule: Creating AISystem for world TestLevel
[2017.03.28-22.43.09:752][721]LogPlayLevel: PIE: World Init took: (0.000504s)
[2017.03.28-22.43.09:753][721]LogPlayLevel: PIE: Created PIE world by copying editor world from /Game/Maps/TestLevel.TestLevel to /Game/Maps/UEDPIE_0_TestLevel.TestLevel (0.010914s)
[2017.03.28-22.43.09:784][721]LogInit: XAudio2 using 'Speakers (Turtle Beach PX21 Headset)' : 2 channels at 48 kHz using 16 bits per sample (channel mask 0x3)
[2017.03.28-22.43.09:798][721]LogInit: FAudioDevice initialized.
[2017.03.28-22.43.09:936][721]LogWorld: Game class is 'SoulStrikerCampaign_C'
[2017.03.28-22.43.09:946][721]LogWorld: Bringing World /Game/Maps/UEDPIE_0_TestLevel.TestLevel up for play (max tick rate 0) at 2017.03.28-18.43.09
[2017.03.28-22.43.09:948][721]LogWorld: Bringing up level for play took: 0.012050
[2017.03.28-22.43.09:952][721]PIE: Info Play in editor start time for /Game/Maps/UEDPIE_0_TestLevel 0.782
[2017.03.28-22.43.09:952][721]LogBlueprintUserMessages: Late PlayInEditor Detection: Level '/Game/Maps/TestLevel.TestLevel:PersistentLevel' has LevelScriptBlueprint '/Game/Maps/TestLevel.TestLevel:PersistentLevel.TestLevel' with GeneratedClass '/Game/Maps/TestLevel.TestLevel_C' with ClassGeneratedBy '/Game/Maps/TestLevel.TestLevel:PersistentLevel.TestLevel'
[2017.03.28-22.43.15:808][330]LogBlueprintUserMessages: Early EndPlayMap Detection: Level '/Game/Maps/TestLevel.TestLevel:PersistentLevel' has LevelScriptBlueprint '/Game/Maps/TestLevel.TestLevel:PersistentLevel.TestLevel' with GeneratedClass '/Game/Maps/TestLevel.TestLevel_C' with ClassGeneratedBy '/Game/Maps/TestLevel.TestLevel:PersistentLevel.TestLevel'
[2017.03.28-22.43.15:885][330]LogBlueprintUserMessages: Late EndPlayMap Detection: Level '/Game/Maps/TestLevel.TestLevel:PersistentLevel' has LevelScriptBlueprint '/Game/Maps/TestLevel.TestLevel:PersistentLevel.TestLevel' with GeneratedClass '/Game/Maps/TestLevel.TestLevel_C' with ClassGeneratedBy '/Game/Maps/TestLevel.TestLevel:PersistentLevel.TestLevel'
[2017.03.28-22.43.33:656][622]LogScriptCore:Warning: Attempted to get an item from array CallFunc_GetAllActorsOfClass_OutActors out of bounds [0/0]!

[2017.03.28-22.43.33:656][622]LogScript:Warning: Accessed None trying to read property CallFunc_Array_Get_Item
	spiritOrbOG_C /Engine/Transient.World_1:PersistentLevel.spiritOrbOG_C_47
	Function /Game/bluePrints/spiritOrbOG.spiritOrbOG_C:ExecuteUbergraph_spiritOrbOG:00F0
[2017.03.28-22.43.33:656][622]LogScript:Warning: Attempted to assign to None
	spiritOrbOG_C /Engine/Transient.World_1:PersistentLevel.spiritOrbOG_C_47
	Function /Game/bluePrints/spiritOrbOG.spiritOrbOG_C:ExecuteUbergraph_spiritOrbOG:0105
[2017.03.28-22.43.33:676][623]LogScriptCore:Warning: Attempted to get an item from array CallFunc_GetAllActorsOfClass_OutActors out of bounds [0/0]!

[2017.03.28-22.43.33:676][623]LogScript:Warning: Accessed None trying to read property CallFunc_Array_Get_Item
	spiritOrbOG_C /Engine/Transient.World_1:PersistentLevel.spiritOrbOG_C_48
	Function /Game/bluePrints/spiritOrbOG.spiritOrbOG_C:ExecuteUbergraph_spiritOrbOG:00F0
[2017.03.28-22.43.33:676][623]LogScript:Warning: Attempted to assign to None
	spiritOrbOG_C /Engine/Transient.World_1:PersistentLevel.spiritOrbOG_C_48
	Function /Game/bluePrints/spiritOrbOG.spiritOrbOG_C:ExecuteUbergraph_spiritOrbOG:0105
[2017.03.28-22.43.33:729][626]LogScriptCore:Warning: Attempted to get an item from array CallFunc_GetAllActorsOfClass_OutActors out of bounds [0/0]!

[2017.03.28-22.43.33:729][626]LogScript:Warning: Accessed None trying to read property CallFunc_Array_Get_Item
	spiritOrbOG_C /Engine/Transient.World_1:PersistentLevel.spiritOrbOG_C_49
	Function /Game/bluePrints/spiritOrbOG.spiritOrbOG_C:ExecuteUbergraph_spiritOrbOG:00F0
[2017.03.28-22.43.33:729][626]LogScript:Warning: Attempted to assign to None
	spiritOrbOG_C /Engine/Transient.World_1:PersistentLevel.spiritOrbOG_C_49
	Function /Game/bluePrints/spiritOrbOG.spiritOrbOG_C:ExecuteUbergraph_spiritOrbOG:0105
[2017.03.28-22.43.33:797][629]LogScriptCore:Warning: Attempted to get an item from array CallFunc_GetAllActorsOfClass_OutActors out of bounds [0/0]!

[2017.03.28-22.43.33:797][629]LogScript:Warning: Accessed None trying to read property CallFunc_Array_Get_Item
	spiritOrbOG_C /Engine/Transient.World_1:PersistentLevel.spiritOrbOG_C_50
	Function /Game/bluePrints/spiritOrbOG.spiritOrbOG_C:ExecuteUbergraph_spiritOrbOG:00F0
[2017.03.28-22.43.33:797][629]LogScript:Warning: Attempted to assign to None
	spiritOrbOG_C /Engine/Transient.World_1:PersistentLevel.spiritOrbOG_C_50
	Function /Game/bluePrints/spiritOrbOG.spiritOrbOG_C:ExecuteUbergraph_spiritOrbOG:0105
[2017.03.28-22.43.33:868][632]LogScriptCore:Warning: Attempted to get an item from array CallFunc_GetAllActorsOfClass_OutActors out of bounds [0/0]!

[2017.03.28-22.43.33:868][632]LogScript:Warning: Accessed None trying to read property CallFunc_Array_Get_Item
	spiritOrbOG_C /Engine/Transient.World_1:PersistentLevel.spiritOrbOG_C_51
	Function /Game/bluePrints/spiritOrbOG.spiritOrbOG_C:ExecuteUbergraph_spiritOrbOG:00F0
[2017.03.28-22.43.33:868][632]LogScript:Warning: Attempted to assign to None
	spiritOrbOG_C /Engine/Transient.World_1:PersistentLevel.spiritOrbOG_C_51
	Function /Game/bluePrints/spiritOrbOG.spiritOrbOG_C:ExecuteUbergraph_spiritOrbOG:0105
[2017.03.28-22.43.33:929][635]LogScriptCore:Warning: Attempted to get an item from array CallFunc_GetAllActorsOfClass_OutActors out of bounds [0/0]!

[2017.03.28-22.43.33:929][635]LogScript:Warning: Accessed None trying to read property CallFunc_Array_Get_Item
	spiritOrbOG_C /Engine/Transient.World_1:PersistentLevel.spiritOrbOG_C_52
	Function /Game/bluePrints/spiritOrbOG.spiritOrbOG_C:ExecuteUbergraph_spiritOrbOG:00F0
[2017.03.28-22.43.33:929][635]LogScript:Warning: Attempted to assign to None
	spiritOrbOG_C /Engine/Transient.World_1:PersistentLevel.spiritOrbOG_C_52
	Function /Game/bluePrints/spiritOrbOG.spiritOrbOG_C:ExecuteUbergraph_spiritOrbOG:0105
[2017.03.28-22.43.33:988][638]LogScriptCore:Warning: Attempted to get an item from array CallFunc_GetAllActorsOfClass_OutActors out of bounds [0/0]!

[2017.03.28-22.43.33:988][638]LogScript:Warning: Accessed None trying to read property CallFunc_Array_Get_Item
	spiritOrbOG_C /Engine/Transient.World_1:PersistentLevel.spiritOrbOG_C_53
	Function /Game/bluePrints/spiritOrbOG.spiritOrbOG_C:ExecuteUbergraph_spiritOrbOG:00F0
[2017.03.28-22.43.33:988][638]LogScript:Warning: Attempted to assign to None
	spiritOrbOG_C /Engine/Transient.World_1:PersistentLevel.spiritOrbOG_C_53
	Function /Game/bluePrints/spiritOrbOG.spiritOrbOG_C:ExecuteUbergraph_spiritOrbOG:0105
[2017.03.28-22.43.34:045][641]LogScriptCore:Warning: Attempted to get an item from array CallFunc_GetAllActorsOfClass_OutActors out of bounds [0/0]!

[2017.03.28-22.43.34:045][641]LogScript:Warning: Accessed None trying to read property CallFunc_Array_Get_Item
	spiritOrbOG_C /Engine/Transient.World_1:PersistentLevel.spiritOrbOG_C_54
	Function /Game/bluePrints/spiritOrbOG.spiritOrbOG_C:ExecuteUbergraph_spiritOrbOG:00F0
[2017.03.28-22.43.34:045][641]LogScript:Warning: Attempted to assign to None
	spiritOrbOG_C /Engine/Transient.World_1:PersistentLevel.spiritOrbOG_C_54
	Function /Game/bluePrints/spiritOrbOG.spiritOrbOG_C:ExecuteUbergraph_spiritOrbOG:0105
[2017.03.28-22.43.34:105][644]LogScriptCore:Warning: Attempted to get an item from array CallFunc_GetAllActorsOfClass_OutActors out of bounds [0/0]!

[2017.03.28-22.43.34:105][644]LogScript:Warning: Accessed None trying to read property CallFunc_Array_Get_Item
	spiritOrbOG_C /Engine/Transient.World_1:PersistentLevel.spiritOrbOG_C_55
	Function /Game/bluePrints/spiritOrbOG.spiritOrbOG_C:ExecuteUbergraph_spiritOrbOG:00F0
[2017.03.28-22.43.34:105][644]LogScript:Warning: Attempted to assign to None
	spiritOrbOG_C /Engine/Transient.World_1:PersistentLevel.spiritOrbOG_C_55
	Function /Game/bluePrints/spiritOrbOG.spiritOrbOG_C:ExecuteUbergraph_spiritOrbOG:0105
[2017.03.28-22.43.34:159][647]LogScriptCore:Warning: Attempted to get an item from array CallFunc_GetAllActorsOfClass_OutActors out of bounds [0/0]!

[2017.03.28-22.43.34:159][647]LogScript:Warning: Accessed None trying to read property CallFunc_Array_Get_Item
	spiritOrbOG_C /Engine/Transient.World_1:PersistentLevel.spiritOrbOG_C_56
	Function /Game/bluePrints/spiritOrbOG.spiritOrbOG_C:ExecuteUbergraph_spiritOrbOG:00F0
[2017.03.28-22.43.34:159][647]LogScript:Warning: Attempted to assign to None
	spiritOrbOG_C /Engine/Transient.World_1:PersistentLevel.spiritOrbOG_C_56
	Function /Game/bluePrints/spiritOrbOG.spiritOrbOG_C:ExecuteUbergraph_spiritOrbOG:0105
[2017.03.28-22.43.34:213][650]LogScriptCore:Warning: Attempted to get an item from array CallFunc_GetAllActorsOfClass_OutActors out of bounds [0/0]!

[2017.03.28-22.43.34:213][650]LogScript:Warning: Accessed None trying to read property CallFunc_Array_Get_Item
	spiritOrbOG_C /Engine/Transient.World_1:PersistentLevel.spiritOrbOG_C_57
	Function /Game/bluePrints/spiritOrbOG.spiritOrbOG_C:ExecuteUbergraph_spiritOrbOG:00F0
[2017.03.28-22.43.34:213][650]LogScript:Warning: Attempted to assign to None
	spiritOrbOG_C /Engine/Transient.World_1:PersistentLevel.spiritOrbOG_C_57
	Function /Game/bluePrints/spiritOrbOG.spiritOrbOG_C:ExecuteUbergraph_spiritOrbOG:0105
[2017.03.28-22.43.34:268][653]LogScriptCore:Warning: Attempted to get an item from array CallFunc_GetAllActorsOfClass_OutActors out of bounds [0/0]!

[2017.03.28-22.43.34:268][653]LogScript:Warning: Accessed None trying to read property CallFunc_Array_Get_Item
	spiritOrbOG_C /Engine/Transient.World_1:PersistentLevel.spiritOrbOG_C_58
	Function /Game/bluePrints/spiritOrbOG.spiritOrbOG_C:ExecuteUbergraph_spiritOrbOG:00F0
[2017.03.28-22.43.34:268][653]LogScript:Warning: Attempted to assign to None
	spiritOrbOG_C /Engine/Transient.World_1:PersistentLevel.spiritOrbOG_C_58
	Function /Game/bluePrints/spiritOrbOG.spiritOrbOG_C:ExecuteUbergraph_spiritOrbOG:0105
[2017.03.28-22.43.34:322][656]LogScriptCore:Warning: Attempted to get an item from array CallFunc_GetAllActorsOfClass_OutActors out of bounds [0/0]!

[2017.03.28-22.43.34:322][656]LogScript:Warning: Accessed None trying to read property CallFunc_Array_Get_Item
	spiritOrbOG_C /Engine/Transient.World_1:PersistentLevel.spiritOrbOG_C_59
	Function /Game/bluePrints/spiritOrbOG.spiritOrbOG_C:ExecuteUbergraph_spiritOrbOG:00F0
[2017.03.28-22.43.34:322][656]LogScript:Warning: Attempted to assign to None
	spiritOrbOG_C /Engine/Transient.World_1:PersistentLevel.spiritOrbOG_C_59
	Function /Game/bluePrints/spiritOrbOG.spiritOrbOG_C:ExecuteUbergraph_spiritOrbOG:0105
[2017.03.28-22.43.34:383][659]LogScriptCore:Warning: Attempted to get an item from array CallFunc_GetAllActorsOfClass_OutActors out of bounds [0/0]!

[2017.03.28-22.43.34:383][659]LogScript:Warning: Accessed None trying to read property CallFunc_Array_Get_Item
	spiritOrbOG_C /Engine/Transient.World_1:PersistentLevel.spiritOrbOG_C_60
	Function /Game/bluePrints/spiritOrbOG.spiritOrbOG_C:ExecuteUbergraph_spiritOrbOG:00F0
[2017.03.28-22.43.34:383][659]LogScript:Warning: Attempted to assign to None
	spiritOrbOG_C /Engine/Transient.World_1:PersistentLevel.spiritOrbOG_C_60
	Function /Game/bluePrints/spiritOrbOG.spiritOrbOG_C:ExecuteUbergraph_spiritOrbOG:0105
[2017.03.28-22.43.43:995][980]LogScriptCore:Warning: Attempted to get an item from array CallFunc_GetAllActorsOfClass_OutActors out of bounds [0/0]!

[2017.03.28-22.43.43:995][980]LogScript:Warning: Accessed None trying to read property CallFunc_Array_Get_Item
	spiritOrbOG_C /Engine/Transient.World_1:PersistentLevel.spiritOrbOG_C_61
	Function /Game/bluePrints/spiritOrbOG.spiritOrbOG_C:ExecuteUbergraph_spiritOrbOG:00F0
[2017.03.28-22.43.43:995][980]LogScript:Warning: Attempted to assign to None
	spiritOrbOG_C /Engine/Transient.World_1:PersistentLevel.spiritOrbOG_C_61
	Function /Game/bluePrints/spiritOrbOG.spiritOrbOG_C:ExecuteUbergraph_spiritOrbOG:0105
[2017.03.28-22.43.46:021][984]LogAssetTools:Warning: Failed to import 'C:\Users\Derek\Documents\Unreal Projects\Soul-Striker\Soul Striker\Content\bluePrints\AI_Slime/AI_SimpleCharacter.uasset'. Unknown extension 'uasset'.
[2017.03.28-22.43.46:055][984]LogAssetTools:Warning: Failed to import 'C:\Users\Derek\Documents\Unreal Projects\Soul-Striker\Soul Striker\Content\bluePrints\AI_Slime/AI_Slime.uasset'. Unknown extension 'uasset'.
[2017.03.28-22.43.46:097][984]LogAssetTools:Warning: Failed to import 'C:\Users\Derek\Documents\Unreal Projects\Soul-Striker\Soul Striker\Content\bluePrints\AI_Blueprints/AI_Controllers.uasset'. Unknown extension 'uasset'.
[2017.03.28-22.43.46:133][984]LogAssetTools:Warning: Failed to import 'C:\Users\Derek\Documents\Unreal Projects\Soul-Striker\Soul Striker\Content\bluePrints\AI_Blueprints/BTService_BlueprintBase_New.uasset'. Unknown extension 'uasset'.
[2017.03.28-22.43.46:568][986]LogScriptCore:Warning: Attempted to get an item from array CallFunc_GetAllActorsOfClass_OutActors out of bounds [0/0]!

[2017.03.28-22.43.46:568][986]LogScript:Warning: Accessed None trying to read property CallFunc_Array_Get_Item
	spiritOrbOG_C /Engine/Transient.World_1:PersistentLevel.spiritOrbOG_C_62
	Function /Game/bluePrints/spiritOrbOG.spiritOrbOG_C:ExecuteUbergraph_spiritOrbOG:00F0
[2017.03.28-22.43.46:568][986]LogScript:Warning: Attempted to assign to None
	spiritOrbOG_C /Engine/Transient.World_1:PersistentLevel.spiritOrbOG_C_62
	Function /Game/bluePrints/spiritOrbOG.spiritOrbOG_C:ExecuteUbergraph_spiritOrbOG:0105
[2017.03.28-22.43.49:875][996]LogScriptCore:Warning: Attempted to get an item from array CallFunc_GetAllActorsOfClass_OutActors out of bounds [0/0]!

[2017.03.28-22.43.49:875][996]LogScript:Warning: Accessed None trying to read property CallFunc_Array_Get_Item
	spiritOrbOG_C /Engine/Transient.World_1:PersistentLevel.spiritOrbOG_C_63
	Function /Game/bluePrints/spiritOrbOG.spiritOrbOG_C:ExecuteUbergraph_spiritOrbOG:00F0
[2017.03.28-22.43.49:875][996]LogScript:Warning: Attempted to assign to None
	spiritOrbOG_C /Engine/Transient.World_1:PersistentLevel.spiritOrbOG_C_63
	Function /Game/bluePrints/spiritOrbOG.spiritOrbOG_C:ExecuteUbergraph_spiritOrbOG:0105
[2017.03.28-22.43.51:870][  2]LogScriptCore:Warning: Attempted to get an item from array CallFunc_GetAllActorsOfClass_OutActors out of bounds [0/0]!

[2017.03.28-22.43.51:870][  2]LogScript:Warning: Accessed None trying to read property CallFunc_Array_Get_Item
	spiritOrbOG_C /Engine/Transient.World_1:PersistentLevel.spiritOrbOG_C_64
	Function /Game/bluePrints/spiritOrbOG.spiritOrbOG_C:ExecuteUbergraph_spiritOrbOG:00F0
[2017.03.28-22.43.51:870][  2]LogScript:Warning: Attempted to assign to None
	spiritOrbOG_C /Engine/Transient.World_1:PersistentLevel.spiritOrbOG_C_64
	Function /Game/bluePrints/spiritOrbOG.spiritOrbOG_C:ExecuteUbergraph_spiritOrbOG:0105
[2017.03.28-22.44.20:420][ 93]LogWindowsTextInputMethodSystem:Display: IME system now deactivated.
[2017.03.28-22.44.21:032][ 94]Cmd: QUIT_EDITOR
[2017.03.28-22.44.22:277][ 94]LogExit: Preparing to exit.
[2017.03.28-22.44.23:522][ 94]LogExit: Editor shut down
[2017.03.28-22.44.23:522][ 94]LogExit: Transaction tracking system shut down
[2017.03.28-22.44.25:431][ 94]LogObj: Freed 0b from 0 cluster array pools.
[2017.03.28-22.44.25:431][ 94]LogExit: Object subsystem successfully closed.
[2017.03.28-22.44.25:649][ 94]LogD3D11RHI: Shutdown
[2017.03.28-22.44.25:657][ 94]LogD3D11RHI: CleanupD3DDevice
[2017.03.28-22.44.26:225][ 94]LogD3D11RHI: ~FD3D11DynamicRHI
[2017.03.28-22.44.27:037][ 94]LogModuleManager: Shutting down and abandoning module MovieSceneCapture (216)
[2017.03.28-22.44.27:037][ 94]LogModuleManager: Shutting down and abandoning module HierarchicalLODOutliner (215)
[2017.03.28-22.44.27:041][ 94]LogModuleManager: Shutting down and abandoning module CrashTracker (214)
[2017.03.28-22.44.27:041][ 94]LogModuleManager: Shutting down and abandoning module SceneOutliner (213)
[2017.03.28-22.44.27:041][ 94]LogModuleManager: Shutting down and abandoning module WidgetCarousel (212)
[2017.03.28-22.44.27:047][ 94]LogModuleManager: Shutting down and abandoning module AddContentDialog (211)
[2017.03.28-22.44.27:096][ 94]LogModuleManager: Shutting down and abandoning module GameplayTags (210)
[2017.03.28-22.44.27:096][ 94]LogModuleManager: Shutting down and abandoning module EditorWidgets (209)
[2017.03.28-22.44.27:096][ 94]LogModuleManager: Shutting down and abandoning module CollectionManager (208)
[2017.03.28-22.44.27:108][ 94]LogModuleManager: Shutting down and abandoning module StatsViewer (207)
[2017.03.28-22.44.27:118][ 94]LogModuleManager: Shutting down and abandoning module FoliageEdit (206)
[2017.03.28-22.44.27:118][ 94]LogModuleManager: Shutting down and abandoning module LandscapeEditor (205)
[2017.03.28-22.44.27:161][ 94]LogModuleManager: Shutting down and abandoning module SceneDepthPickerMode (204)
[2017.03.28-22.44.27:161][ 94]LogModuleManager: Shutting down and abandoning module ActorPickerMode (203)
[2017.03.28-22.44.27:161][ 94]LogModuleManager: Shutting down and abandoning module GeometryMode (202)
[2017.03.28-22.44.27:161][ 94]LogModuleManager: Shutting down and abandoning module TextureAlignMode (201)
[2017.03.28-22.44.27:161][ 94]LogModuleManager: Shutting down and abandoning module BspMode (200)
[2017.03.28-22.44.27:184][ 94]LogModuleManager: Shutting down and abandoning module HardwareSurvey (199)
[2017.03.28-22.44.27:200][ 94]LogModuleManager: Shutting down and abandoning module SequenceRecorderSections (198)
[2017.03.28-22.44.27:200][ 94]LogModuleManager: Shutting down and abandoning module SequenceRecorder (197)
[2017.03.28-22.44.27:208][ 94]LogModuleManager: Shutting down and abandoning module AutomationWorker (196)
[2017.03.28-22.44.27:208][ 94]LogModuleManager: Shutting down and abandoning module MatineeToLevelSequence (195)
[2017.03.28-22.44.27:208][ 94]LogModuleManager: Shutting down and abandoning module PlacementMode (194)
[2017.03.28-22.44.27:228][ 94]LogModuleManager: Shutting down and abandoning module LevelSequenceEditor (193)
[2017.03.28-22.44.27:274][ 94]LogModuleManager: Shutting down and abandoning module CharacterAI (192)
[2017.03.28-22.44.27:274][ 94]LogModuleManager: Shutting down and abandoning module SmartSnapping (191)
[2017.03.28-22.44.27:274][ 94]LogModuleManager: Shutting down and abandoning module SessionServices (190)
[2017.03.28-22.44.27:274][ 94]LogModuleManager: Shutting down and abandoning module ViewportSnapping (189)
[2017.03.28-22.44.27:274][ 94]LogModuleManager: Shutting down and abandoning module LogVisualizer (188)
[2017.03.28-22.44.27:296][ 94]LogModuleManager: Shutting down and abandoning module GameProjectGeneration (187)
[2017.03.28-22.44.27:320][ 94]LogModuleManager: Shutting down and abandoning module IntroTutorials (186)
[2017.03.28-22.44.27:335][ 94]LogModuleManager: Shutting down and abandoning module EditorLiveStreaming (185)
[2017.03.28-22.44.27:335][ 94]LogModuleManager: Shutting down and abandoning module IOSPlatformEditor (184)
[2017.03.28-22.44.27:348][ 94]LogModuleManager: Shutting down and abandoning module HTML5PlatformEditor (183)
[2017.03.28-22.44.27:348][ 94]LogModuleManager: Shutting down and abandoning module AndroidDeviceDetection (182)
[2017.03.28-22.44.28:210][ 94]LogModuleManager: Shutting down and abandoning module AndroidPlatformEditor (181)
[2017.03.28-22.44.28:223][ 94]LogModuleManager: Shutting down and abandoning module IOSRuntimeSettings (180)
[2017.03.28-22.44.28:223][ 94]LogModuleManager: Shutting down and abandoning module AndroidRuntimeSettings (179)
[2017.03.28-22.44.28:223][ 94]LogModuleManager: Shutting down and abandoning module MergeActors (178)
[2017.03.28-22.44.28:231][ 94]LogModuleManager: Shutting down and abandoning module SizeMap (177)
[2017.03.28-22.44.28:231][ 94]LogModuleManager: Shutting down and abandoning module TreeMap (176)
[2017.03.28-22.44.28:249][ 94]LogModuleManager: Shutting down and abandoning module ReferenceViewer (175)
[2017.03.28-22.44.28:254][ 94]LogModuleManager: Shutting down and abandoning module LocalizationService (174)
[2017.03.28-22.44.28:264][ 94]LogModuleManager: Shutting down and abandoning module LocalizationDashboard (173)
[2017.03.28-22.44.28:294][ 94]LogModuleManager: Shutting down and abandoning module HardwareTargeting (172)
[2017.03.28-22.44.28:304][ 94]LogModuleManager: Shutting down and abandoning module DeviceProfileEditor (171)
[2017.03.28-22.44.28:314][ 94]LogModuleManager: Shutting down and abandoning module UndoHistory (170)
[2017.03.28-22.44.28:323][ 94]LogModuleManager: Shutting down and abandoning module UserFeedback (169)
[2017.03.28-22.44.28:323][ 94]LogModuleManager: Shutting down and abandoning module XmlParser (168)
[2017.03.28-22.44.28:333][ 94]LogModuleManager: Shutting down and abandoning module Blutility (167)
[2017.03.28-22.44.28:344][ 94]LogModuleManager: Shutting down and abandoning module ProjectTargetPlatformEditor (166)
[2017.03.28-22.44.28:351][ 94]LogModuleManager: Shutting down and abandoning module ProjectSettingsViewer (165)
[2017.03.28-22.44.28:351][ 94]LogModuleManager: Shutting down and abandoning module InputBindingEditor (164)
[2017.03.28-22.44.28:384][ 94]LogModuleManager: Shutting down and abandoning module EditorSettingsViewer (163)
[2017.03.28-22.44.28:384][ 94]LogModuleManager: Shutting down and abandoning module SettingsEditor (162)
[2017.03.28-22.44.28:403][ 94]LogModuleManager: Shutting down and abandoning module ProjectLauncher (161)
[2017.03.28-22.44.28:433][ 94]LogModuleManager: Shutting down and abandoning module SessionFrontend (160)
[2017.03.28-22.44.28:454][ 94]LogModuleManager: Shutting down and abandoning module ProfilerClient (159)
[2017.03.28-22.44.28:481][ 94]LogModuleManager: Shutting down and abandoning module TargetDeviceServices (158)
[2017.03.28-22.44.28:483][ 94]LogModuleManager: Shutting down and abandoning module DeviceManager (157)
[2017.03.28-22.44.28:562][ 94]LogModuleManager: Shutting down and abandoning module AutomationController (156)
[2017.03.28-22.44.28:568][ 94]LogModuleManager: Shutting down and abandoning module AutomationWindow (155)
[2017.03.28-22.44.28:596][ 94]LogModuleManager: Shutting down and abandoning module Layers (154)
[2017.03.28-22.44.28:630][ 94]LogModuleManager: Shutting down and abandoning module ComponentVisualizers (153)
[2017.03.28-22.44.28:630][ 94]LogModuleManager: Shutting down and abandoning module DetailCustomizations (152)
[2017.03.28-22.44.28:654][ 94]LogModuleManager: Shutting down and abandoning module PackagesDialog (151)
[2017.03.28-22.44.28:655][ 94]LogModuleManager: Shutting down and abandoning module Persona (150)
[2017.03.28-22.44.28:692][ 94]LogModuleManager: Shutting down and abandoning module Kismet (149)
[2017.03.28-22.44.28:692][ 94]LogModuleManager: Shutting down and abandoning module GraphEditor (148)
[2017.03.28-22.44.28:742][ 94]LogModuleManager: Shutting down and abandoning module ClassViewer (147)
[2017.03.28-22.44.28:762][ 94]LogModuleManager: Shutting down and abandoning module Toolbox (146)
[2017.03.28-22.44.28:770][ 94]LogModuleManager: Shutting down and abandoning module ModuleUI (145)
[2017.03.28-22.44.28:776][ 94]LogModuleManager: Shutting down and abandoning module MovieSceneTools (144)
[2017.03.28-22.44.28:815][ 94]LogModuleManager: Shutting down and abandoning module OutputLog (143)
[2017.03.28-22.44.28:833][ 94]LogModuleManager: Shutting down and abandoning module GammaUI (142)
[2017.03.28-22.44.28:861][ 94]LogModuleManager: Shutting down and abandoning module Documentation (141)
[2017.03.28-22.44.28:861][ 94]LogModuleManager: Shutting down and abandoning module StreamingPauseRendering (140)
[2017.03.28-22.44.28:861][ 94]LogModuleManager: Shutting down and abandoning module AnalyticsET (139)
[2017.03.28-22.44.28:861][ 94]LogModuleManager: Shutting down and abandoning module Analytics (138)
[2017.03.28-22.44.28:861][ 94]LogModuleManager: Shutting down and abandoning module PortalServices (137)
[2017.03.28-22.44.28:861][ 94]LogModuleManager: Shutting down and abandoning module PortalRpc (136)
[2017.03.28-22.44.28:861][ 94]LogModuleManager: Shutting down and abandoning module MessagingRpc (135)
[2017.03.28-22.44.28:861][ 94]LogModuleManager: Shutting down and abandoning module GameplayDebugger (134)
[2017.03.28-22.44.28:861][ 94]LogModuleManager: Shutting down and abandoning module AITestSuite (133)
[2017.03.28-22.44.28:865][ 94]LogModuleManager: Shutting down and abandoning module AIModule (132)
[2017.03.28-22.44.28:865][ 94]LogModuleManager: Shutting down and abandoning module ProfilerService (131)
[2017.03.28-22.44.28:929][ 94]LogModuleManager: Shutting down and abandoning module TaskGraph (130)
[2017.03.28-22.44.28:949][ 94]LogModuleManager: Shutting down and abandoning module SubstanceEditor (129)
[2017.03.28-22.44.28:961][ 94]LogModuleManager: Shutting down and abandoning module SlateRemote (128)
[2017.03.28-22.44.28:961][ 94]LogModuleManager: Shutting down and abandoning module SteamVRController (127)
[2017.03.28-22.44.28:961][ 94]LogModuleManager: Shutting down and abandoning module SteamVR (126)
[2017.03.28-22.44.28:961][ 94]LogModuleManager: Shutting down and abandoning module ProceduralMeshComponent (125)
[2017.03.28-22.44.28:961][ 94]LogModuleManager: Shutting down and abandoning module OculusLibrary (124)
[2017.03.28-22.44.28:961][ 94]LogModuleManager: Shutting down and abandoning module OculusInput (123)
[2017.03.28-22.44.28:961][ 94]LogModuleManager: Shutting down and abandoning module CustomMeshComponent (122)
[2017.03.28-22.44.28:961][ 94]LogModuleManager: Shutting down and abandoning module CableComponent (121)
[2017.03.28-22.44.28:961][ 94]LogModuleManager: Shutting down and abandoning module ArchVisCharacter (120)
[2017.03.28-22.44.28:961][ 94]LogModuleManager: Shutting down and abandoning module MediaPlayerEditor (119)
[2017.03.28-22.44.28:984][ 94]LogModuleManager: Shutting down and abandoning module HTML5Networking (118)
[2017.03.28-22.44.28:984][ 94]LogModuleManager: Shutting down and abandoning module SuperSearch (117)
[2017.03.28-22.44.28:984][ 94]LogModuleManager: Shutting down and abandoning module SuperSearchEditor (116)
[2017.03.28-22.44.28:984][ 94]LogModuleManager: Shutting down and abandoning module SpeedTreeImporter (115)
[2017.03.28-22.44.28:984][ 94]LogModuleManager: Shutting down and abandoning module PluginBrowser (114)
[2017.03.28-22.44.29:017][ 94]LogModuleManager: Shutting down and abandoning module EpicSurvey (113)
[2017.03.28-22.44.29:017][ 94]LogModuleManager: Shutting down and abandoning module DesktopPlatform (112)
[2017.03.28-22.44.29:044][ 94]LogModuleManager: Shutting down and abandoning module VisualStudioSourceCodeAccess (111)
[2017.03.28-22.44.29:048][ 94]LogModuleManager: Shutting down and abandoning module UObjectPlugin (110)
[2017.03.28-22.44.29:048][ 94]LogModuleManager: Shutting down and abandoning module SubversionSourceControl (109)
[2017.03.28-22.44.29:087][ 94]LogModuleManager: Shutting down and abandoning module PerforceSourceControl (108)
[2017.03.28-22.44.29:130][ 94]LogModuleManager: Shutting down and abandoning module SourceControl (107)
[2017.03.28-22.44.29:152][ 94]LogModuleManager: Shutting down and abandoning module GitSourceControl (106)
[2017.03.28-22.44.29:184][ 94]LogModuleManager: Shutting down and abandoning module LightPropagationVolumeEditor (105)
[2017.03.28-22.44.29:184][ 94]LogModuleManager: Shutting down and abandoning module PaperTiledImporter (104)
[2017.03.28-22.44.29:188][ 94]LogModuleManager: Shutting down and abandoning module PaperSpriteSheetImporter (103)
[2017.03.28-22.44.29:188][ 94]LogModuleManager: Shutting down and abandoning module MeshPaint (102)
[2017.03.28-22.44.29:197][ 94]LogModuleManager: Shutting down and abandoning module PixelInspectorModule (101)
[2017.03.28-22.44.29:230][ 94]LogModuleManager: Shutting down and abandoning module HotReload (100)
[2017.03.28-22.44.29:238][ 94]LogModuleManager: Shutting down and abandoning module MainFrame (99)
[2017.03.28-22.44.29:243][ 94]LogModuleManager: Shutting down and abandoning module LevelEditor (98)
[2017.03.28-22.44.29:244][ 94]LogModuleManager: Shutting down and abandoning module ContentBrowser (97)
[2017.03.28-22.44.29:244][ 94]LogModuleManager: Shutting down and abandoning module Paper2DEditor (96)
[2017.03.28-22.44.29:269][ 94]LogModuleManager: Shutting down and abandoning module UdpMessaging (95)
[2017.03.28-22.44.29:370][ 94]LogModuleManager: Shutting down and abandoning module SubstanceCore (94)
[2017.03.28-22.44.29:394][ 94]LogModuleManager: Shutting down and abandoning module LightPropagationVolumeRuntime (93)
[2017.03.28-22.44.29:394][ 94]LogModuleManager: Shutting down and abandoning module Paper2D (92)
[2017.03.28-22.44.29:416][ 94]LogModuleManager: Shutting down and abandoning module WindowsMoviePlayer (91)
[2017.03.28-22.44.29:416][ 94]LogModuleManager: Shutting down and abandoning module Media (90)
[2017.03.28-22.44.29:416][ 94]LogModuleManager: Shutting down and abandoning module WmfMedia (89)
[2017.03.28-22.44.29:424][ 94]LogModuleManager: Shutting down and abandoning module MediaAssets (88)
[2017.03.28-22.44.29:424][ 94]LogModuleManager: Shutting down and abandoning module GameLiveStreaming (87)
[2017.03.28-22.44.29:428][ 94]LogModuleManager: Shutting down and abandoning module GameplayTagsEditor (86)
[2017.03.28-22.44.29:428][ 94]LogModuleManager: Shutting down and abandoning module OnlineBlueprintSupport (85)
[2017.03.28-22.44.29:428][ 94]LogModuleManager: Shutting down and abandoning module VREditor (84)
[2017.03.28-22.44.29:435][ 94]LogModuleManager: Shutting down and abandoning module GameplayTasksEditor (83)
[2017.03.28-22.44.29:435][ 94]LogModuleManager: Shutting down and abandoning module PropertyEditor (82)
[2017.03.28-22.44.29:435][ 94]LogModuleManager: Shutting down and abandoning module BehaviorTreeEditor (81)
[2017.03.28-22.44.29:459][ 94]LogModuleManager: Shutting down and abandoning module FunctionalTesting (80)
[2017.03.28-22.44.29:459][ 94]LogModuleManager: Shutting down and abandoning module CollisionAnalyzer (79)
[2017.03.28-22.44.29:478][ 94]LogModuleManager: Shutting down and abandoning module Sequencer (78)
[2017.03.28-22.44.29:509][ 94]LogModuleManager: Shutting down and abandoning module WorkspaceMenuStructure (77)
[2017.03.28-22.44.29:509][ 94]LogModuleManager: Shutting down and abandoning module MessageLog (76)
[2017.03.28-22.44.29:509][ 94]LogModuleManager: Shutting down and abandoning module AssetTools (75)
[2017.03.28-22.44.29:529][ 94]LogModuleManager: Shutting down and abandoning module UMGEditor (74)
[2017.03.28-22.44.29:556][ 94]LogModuleManager: Shutting down and abandoning module UMG (73)
[2017.03.28-22.44.29:556][ 94]LogModuleManager: Shutting down and abandoning module SlateReflector (72)
[2017.03.28-22.44.29:598][ 94]LogModuleManager: Shutting down and abandoning module Slate (71)
[2017.03.28-22.44.29:598][ 94]LogModuleManager: Shutting down and abandoning module EditorStyle (70)
[2017.03.28-22.44.29:600][ 94]LogModuleManager: Shutting down and abandoning module SourceCodeAccess (69)
[2017.03.28-22.44.29:600][ 94]LogModuleManager: Shutting down and abandoning module HeadMountedDisplay (68)
[2017.03.28-22.44.29:600][ 94]LogModuleManager: Shutting down and abandoning module XAudio2 (67)
[2017.03.28-22.44.29:600][ 94]LogModuleManager: Shutting down and abandoning module Networking (65)
[2017.03.28-22.44.29:600][ 94]LogModuleManager: Shutting down and abandoning module Core (64)
[2017.03.28-22.44.29:600][ 94]LogModuleManager: Shutting down and abandoning module DirectoryWatcher (63)
[2017.03.28-22.44.29:601][ 94]LogModuleManager: Shutting down and abandoning module AssetRegistry (62)
[2017.03.28-22.44.29:841][ 94]LogModuleManager: Shutting down and abandoning module KismetCompiler (61)
[2017.03.28-22.44.29:841][ 94]LogModuleManager: Shutting down and abandoning module PhysXFormats (60)
[2017.03.28-22.44.29:841][ 94]LogModuleManager: Shutting down and abandoning module MeshUtilities (59)
[2017.03.28-22.44.29:875][ 94]LogModuleManager: Shutting down and abandoning module DerivedDataCache (58)
[2017.03.28-22.44.29:972][ 94]LogDerivedDataCache: Shutdown
[2017.03.28-22.44.29:972][ 94]LogModuleManager: Shutting down and abandoning module VulkanShaderFormat (57)
[2017.03.28-22.44.29:988][ 94]LogModuleManager: Shutting down and abandoning module ShaderFormatOpenGL (56)
[2017.03.28-22.44.30:023][ 94]LogModuleManager: Shutting down and abandoning module ShaderFormatD3D (55)
[2017.03.28-22.44.30:023][ 94]LogModuleManager: Shutting down and abandoning module MetalShaderFormat (54)
[2017.03.28-22.44.30:057][ 94]LogModuleManager: Shutting down and abandoning module TextureFormatUncompressed (53)
[2017.03.28-22.44.30:057][ 94]LogModuleManager: Shutting down and abandoning module TextureFormatPVR (52)
[2017.03.28-22.44.30:057][ 94]LogModuleManager: Shutting down and abandoning module TextureFormatIntelISPCTexComp (51)
[2017.03.28-22.44.30:058][ 94]LogModuleManager: Shutting down and abandoning module TextureFormatDXT (50)
[2017.03.28-22.44.30:058][ 94]LogModuleManager: Shutting down and abandoning module ImageWrapper (49)
[2017.03.28-22.44.30:058][ 94]LogModuleManager: Shutting down and abandoning module TextureFormatASTC (48)
[2017.03.28-22.44.30:058][ 94]LogModuleManager: Shutting down and abandoning module TextureFormatAndroid (47)
[2017.03.28-22.44.30:058][ 94]LogModuleManager: Shutting down and abandoning module AudioFormatOpus (46)
[2017.03.28-22.44.30:062][ 94]LogModuleManager: Shutting down and abandoning module AudioFormatOgg (45)
[2017.03.28-22.44.30:062][ 94]LogModuleManager: Shutting down and abandoning module AudioFormatADPCM (44)
[2017.03.28-22.44.30:062][ 94]LogModuleManager: Shutting down and abandoning module LinuxTargetPlatform (43)
[2017.03.28-22.44.30:062][ 94]LogModuleManager: Shutting down and abandoning module LinuxServerTargetPlatform (42)
[2017.03.28-22.44.30:062][ 94]LogModuleManager: Shutting down and abandoning module LinuxNoEditorTargetPlatform (41)
[2017.03.28-22.44.30:062][ 94]LogModuleManager: Shutting down and abandoning module TVOSTargetPlatform (40)
[2017.03.28-22.44.30:062][ 94]LogModuleManager: Shutting down and abandoning module Messaging (39)
[2017.03.28-22.44.30:062][ 94]LogModuleManager: Shutting down and abandoning module IOSTargetPlatform (38)
[2017.03.28-22.44.30:062][ 94]LogModuleManager: Shutting down and abandoning module HTML5TargetPlatform (37)
[2017.03.28-22.44.30:062][ 94]LogModuleManager: Shutting down and abandoning module Android_PVRTCTargetPlatform (36)
[2017.03.28-22.44.30:062][ 94]LogModuleManager: Shutting down and abandoning module Android_MultiTargetPlatform (35)
[2017.03.28-22.44.30:071][ 94]LogModuleManager: Shutting down and abandoning module Android_ETC2TargetPlatform (34)
[2017.03.28-22.44.30:071][ 94]LogModuleManager: Shutting down and abandoning module Android_ETC1TargetPlatform (33)
[2017.03.28-22.44.30:072][ 94]LogModuleManager: Shutting down and abandoning module Android_DXTTargetPlatform (32)
[2017.03.28-22.44.30:074][ 94]LogModuleManager: Shutting down and abandoning module Android_ATCTargetPlatform (31)
[2017.03.28-22.44.30:074][ 94]LogModuleManager: Shutting down and abandoning module Android_ASTCTargetPlatform (30)
[2017.03.28-22.44.30:074][ 94]LogModuleManager: Shutting down and abandoning module AndroidTargetPlatform (29)
[2017.03.28-22.44.30:074][ 94]LogModuleManager: Shutting down and abandoning module WindowsTargetPlatform (28)
[2017.03.28-22.44.30:074][ 94]LogModuleManager: Shutting down and abandoning module WindowsServerTargetPlatform (27)
[2017.03.28-22.44.30:074][ 94]LogModuleManager: Shutting down and abandoning module WindowsNoEditorTargetPlatform (26)
[2017.03.28-22.44.30:074][ 94]LogModuleManager: Shutting down and abandoning module WindowsClientTargetPlatform (25)
[2017.03.28-22.44.30:074][ 94]LogModuleManager: Shutting down and abandoning module AllDesktopTargetPlatform (24)
[2017.03.28-22.44.30:074][ 94]LogModuleManager: Shutting down and abandoning module TargetPlatform (23)
[2017.03.28-22.44.30:091][ 94]LogModuleManager: Shutting down and abandoning module InputCore (22)
[2017.03.28-22.44.30:091][ 94]LogModuleManager: Shutting down and abandoning module Settings (21)
[2017.03.28-22.44.30:091][ 94]LogModuleManager: Shutting down and abandoning module OnlineSubsystem (19)
[2017.03.28-22.44.30:091][ 94]LogModuleManager: Shutting down and abandoning module HTTP (18)
[2017.03.28-22.44.31:593][ 94]LogModuleManager: Shutting down and abandoning module XMPP (17)
[2017.03.28-22.44.31:603][ 94]LogModuleManager: Shutting down and abandoning module OculusRift (16)
[2017.03.28-22.44.31:618][ 94]LogModuleManager: Shutting down and abandoning module ExampleDeviceProfileSelector (15)
[2017.03.28-22.44.31:618][ 94]LogModuleManager: Shutting down and abandoning module TextureCompressor (14)
[2017.03.28-22.44.31:618][ 94]LogModuleManager: Shutting down and abandoning module ShaderCore (13)
[2017.03.28-22.44.31:618][ 94]LogModuleManager: Shutting down and abandoning module Landscape (12)
[2017.03.28-22.44.31:618][ 94]LogModuleManager: Shutting down and abandoning module SlateRHIRenderer (11)
[2017.03.28-22.44.31:670][ 94]LogModuleManager: Shutting down and abandoning module OpenGLDrv (10)
[2017.03.28-22.44.31:679][ 94]LogModuleManager: Shutting down and abandoning module D3D11RHI (9)
[2017.03.28-22.44.31:679][ 94]LogModuleManager: Shutting down and abandoning module AnimGraphRuntime (8)
[2017.03.28-22.44.31:679][ 94]LogModuleManager: Shutting down and abandoning module Renderer (7)
[2017.03.28-22.44.31:679][ 94]LogModuleManager: Shutting down and abandoning module Engine (6)
[2017.03.28-22.44.31:679][ 94]LogModuleManager: Shutting down and abandoning module CoreUObject (5)
[2017.03.28-22.44.31:679][ 94]LogModuleManager: Shutting down and abandoning module NetworkFile (4)
[2017.03.28-22.44.31:713][ 94]LogModuleManager: Shutting down and abandoning module StreamingFile (3)
[2017.03.28-22.44.31:713][ 94]LogModuleManager: Shutting down and abandoning module SandboxFile (2)
[2017.03.28-22.44.31:720][ 94]LogModuleManager: Shutting down and abandoning module PakFile (1)
[2017.03.28-22.44.31:813][ 94]LogExit: Exiting.
[2017.03.28-22.44.31:858][ 94]Log file closed, 03/28/17 18:44:31
