Log file open, 04/27/17 04:44:38
LogInit:Display: Running engine for game: SoulStriker
LogPlatformFile: Not using cached read wrapper
LogInit:Display: RandInit(-1443030662) SRandInit(-1443030660).
LogTaskGraph: Started task graph with 4 named threads and 7 total threads with 1 sets of task threads.
LogStats: Stats thread started at 0.074123
LogInit: Version: 4.12.5-3039270+++UE4+Release-4.12
LogInit: API Version: 2992821
LogInit: Net Version: 3039270
LogDevObjectVersion: Number of dev versions registered: 13
LogDevObjectVersion:   Dev-Blueprints (B0D832E4-1F89-4F0D-ACCF-7EB736FD4AA2): 3
LogDevObjectVersion:   Dev-Build (E1C64328-A22C-4D53-A36C-8E866417BD8C): 0
LogDevObjectVersion:   Dev-Core (375EC13C-06E4-48FB-B500-84F0262A717E): 1
LogDevObjectVersion:   Dev-Editor (E4B068ED-F494-42E9-A231-DA0B2E46BB41): 2
LogDevObjectVersion:   Dev-Framework (CFFC743F-43B0-4480-9391-14DF171D2073): 6
LogDevObjectVersion:   Dev-Mobile (B02B49B5-BB20-44E9-A304-32B752E40360): 0
LogDevObjectVersion:   Dev-Networking (A4E4105C-59A1-49B5-A7C5-40C4547EDFEE): 0
LogDevObjectVersion:   Dev-Online (39C831C9-5AE6-47DC-9A44-9C173E1C8E7C): 0
LogDevObjectVersion:   Dev-Physics (78F01B33-EBEA-4F98-B9B4-84EACCB95AA2): 0
LogDevObjectVersion:   Dev-Platform (6631380F-2D4D-43E0-8009-CF276956A95A): 0
LogDevObjectVersion:   Dev-Rendering (12F88B9F-8875-4AFC-A67C-D90C383ABD29): 2
LogDevObjectVersion:   Dev-Sequencer (7B5AE74C-D270-4C10-A958-57980B212A5A): 0
LogDevObjectVersion:   Dev-VR (D7296918-1DD6-4BDD-9DE2-64A83CC13884): 0
LogInit: Compiled (64-bit): Jul  6 2016 09:09:46
LogInit: Compiled with Visual C++: 19.00.23026.00
LogInit: Build Configuration: Development
LogInit: Branch Name: ++UE4+Release-4.12
LogInit: Command line:  /Temp/Autosaves/Game/Maps/UEDPCLevel_1 -game -PIEVIACONSOLE -ResX=1920 -ResY=1080  -Multiprocess -windowed -messaging -SessionName="Play in Standalone Game" 
LogInit: Base directory: C:/Program Files (x86)/Epic Games/4.12/Engine/Binaries/Win64/
LogInit: Installed Engine Build: 1
LogInit: Using libcurl 7.41.0
LogInit:  - built for x86_64-pc-win32
LogInit:  - supports SSL with WinSSL
LogInit:  - other features:
LogInit:      CURL_VERSION_SSL
LogInit:      CURL_VERSION_IPV6
LogInit:      CURL_VERSION_ASYNCHDNS
LogInit:      CURL_VERSION_LARGEFILE
LogInit:      CURL_VERSION_IDN
LogInit:  CurlRequestOptions (configurable via config and command line):
LogInit:  - bVerifyPeer = true  - Libcurl will verify peer certificate
LogInit:  - bUseHttpProxy = false  - Libcurl will NOT use HTTP proxy
LogInit:  - bDontReuseConnections = false  - Libcurl will reuse connections
LogInit:  - CertBundlePath = nullptr  - Libcurl will use whatever was configured at build time.
LogInit: Presizing for max 8388607 objects, including 0 objects not considered by GC, pre-allocating 0 bytes for permanent pool.
LogInit: Object subsystem initialized
[2017.04.27-08.44.38:114][  0]LogInit: Selected Device Profile: [Windows]
[2017.04.27-08.44.38:114][  0]LogInit: Applying CVar settings loaded from the selected device profile: [Windows]
[2017.04.27-08.44.38:117][  0]LogInit: Computer: BMO
[2017.04.27-08.44.38:117][  0]LogInit: User: Steve
[2017.04.27-08.44.38:117][  0]LogInit: CPU Page size=65536, Cores=4
[2017.04.27-08.44.38:117][  0]LogInit: High frequency timer resolution =3.410077 MHz
[2017.04.27-08.44.38:118][  0]LogMemory: Memory total: Physical=8.0GB (8GB approx)
[2017.04.27-08.44.38:118][  0]LogMemory: Platform Memory Stats for Windows
[2017.04.27-08.44.38:118][  0]LogMemory: Process Physical Memory: 192.42 MB used, 192.42 MB peak
[2017.04.27-08.44.38:118][  0]LogMemory: Process Virtual Memory: 195.45 MB used, 195.45 MB peak
[2017.04.27-08.44.38:118][  0]LogMemory: Physical Memory: 4618.09 MB used, 8145.96 MB total
[2017.04.27-08.44.38:118][  0]LogMemory: Virtual Memory: 553.80 MB used, 134217728.00 MB total
[2017.04.27-08.44.38:145][  0]LogTextLocalizationManager: No specific translations for ('en-US') exist, so ('en') translations will be used.
[2017.04.27-08.44.38:527][  0]LogD3D11RHI: D3D11 adapters:
[2017.04.27-08.44.39:034][  0]LogD3D11RHI:    0. 'NVIDIA GeForce GTX 660' (Feature Level 11_0)
[2017.04.27-08.44.39:034][  0]LogD3D11RHI:       2016/0/4072 MB DedicatedVideo/DedicatedSystem/SharedSystem, Outputs:2, VendorId:0x10de
[2017.04.27-08.44.39:035][  0]LogD3D11RHI:    1. 'Microsoft Basic Render Driver' (Feature Level 11_0)
[2017.04.27-08.44.39:035][  0]LogD3D11RHI:       0/0/4072 MB DedicatedVideo/DedicatedSystem/SharedSystem, Outputs:0, VendorId:0x1414
[2017.04.27-08.44.39:035][  0]LogD3D11RHI: Chosen D3D11 Adapter: 0
[2017.04.27-08.44.39:051][  0]LogD3D11RHI: Creating new Direct3DDevice
[2017.04.27-08.44.39:051][  0]LogD3D11RHI:     GPU DeviceId: 0x11c0 (for the marketing name, search the web for "GPU Device Id")
[2017.04.27-08.44.39:051][  0]LogWindows: EnumDisplayDevices:
[2017.04.27-08.44.39:051][  0]LogWindows:    0. 'NVIDIA GeForce GTX 660' (P:1 D:1)
[2017.04.27-08.44.39:051][  0]LogWindows:    1. 'NVIDIA GeForce GTX 660' (P:0 D:1)
[2017.04.27-08.44.39:051][  0]LogWindows:    2. 'NVIDIA GeForce GTX 660' (P:0 D:0)
[2017.04.27-08.44.39:051][  0]LogWindows:    3. 'NVIDIA GeForce GTX 660' (P:0 D:0)
[2017.04.27-08.44.39:051][  0]LogWindows: DebugString: FoundDriverCount:4 
[2017.04.27-08.44.39:051][  0]LogD3D11RHI:     Adapter Name: NVIDIA GeForce GTX 660
[2017.04.27-08.44.39:051][  0]LogD3D11RHI:   Driver Version: 378.92 (internal:21.21.13.7892, unified:378.92)
[2017.04.27-08.44.39:051][  0]LogD3D11RHI:      Driver Date: 3-16-2017
[2017.04.27-08.44.39:051][  0]LogRHI: Texture pool is 1361 MB (70% of 1945 MB)
[2017.04.27-08.44.39:524][  0]LogD3D11RHI: Async texture creation enabled
[2017.04.27-08.44.39:627][  0]LogD3D11RHI: GPU Timing Frequency: 1000.000000 (Debug: 2 2)
[2017.04.27-08.44.39:628][  0]LogShaderCompilers: Guid format shader working directory is -39 characters bigger than the processId version (../../../../../../Users/Steve/Documents/SSRepository/Soul-Striker-Main/Soul Striker/Intermediate/Shaders/WorkingDirectory/105324/).
[2017.04.27-08.44.39:628][  0]LogShaderCompilers: Cleaned the shader compiler working directory 'C:/Users/Steve/AppData/Local/Temp/UnrealShaderWorkingDir/4FC44859463F1DFE846A8BBEA632C577/'.
[2017.04.27-08.44.39:628][  0]LogShaderCompilers:Display: Using Local Shader Compiler.
[2017.04.27-08.44.40:445][  0]LogTemp:Display: Loaded TP WindowsClientTargetPlatform
[2017.04.27-08.44.40:453][  0]LogTemp:Display: Loaded TP WindowsNoEditorTargetPlatform
[2017.04.27-08.44.40:462][  0]LogTemp:Display: Loaded TP WindowsServerTargetPlatform
[2017.04.27-08.44.40:470][  0]LogTemp:Display: Loaded TP WindowsTargetPlatform
[2017.04.27-08.44.40:470][  0]LogTargetPlatformManager:Display: Building Assets For Windows
[2017.04.27-08.44.40:541][  0]LogDerivedDataCache:Display: Max Cache Size: 512 MB
[2017.04.27-08.44.40:588][  0]LogDerivedDataCache: Loaded boot cache 0.05s 48MB C:/Users/Steve/AppData/Local/UnrealEngine/4.12/DerivedDataCache/Boot.ddc.
[2017.04.27-08.44.40:589][  0]LogDerivedDataCache:Display: Loaded Boot cache: C:/Users/Steve/AppData/Local/UnrealEngine/4.12/DerivedDataCache/Boot.ddc
[2017.04.27-08.44.40:589][  0]LogDerivedDataCache: FDerivedDataBackendGraph:  Pak pak cache file ../../../../../../Users/Steve/Documents/SSRepository/Soul-Striker-Main/Soul Striker/DerivedDataCache/DDC.ddp not found, will not use a pak cache.
[2017.04.27-08.44.40:589][  0]LogDerivedDataCache: Unable to find inner node Pak for hierarchical cache Hierarchy.
[2017.04.27-08.44.40:589][  0]LogDerivedDataCache: FDerivedDataBackendGraph:  CompressedPak pak cache file ../../../../../../Users/Steve/Documents/SSRepository/Soul-Striker-Main/Soul Striker/DerivedDataCache/Compressed.ddp not found, will not use a pak cache.
[2017.04.27-08.44.40:589][  0]LogDerivedDataCache: Unable to find inner node CompressedPak for hierarchical cache Hierarchy.
[2017.04.27-08.44.40:604][  0]LogDerivedDataCache:Display: Pak cache opened for reading ../../../Engine/DerivedDataCache/Compressed.ddp.
[2017.04.27-08.44.40:616][  0]LogDerivedDataCache: Using Local data cache path C:/Users/Steve/AppData/Local/UnrealEngine/Common/DerivedDataCache: Writable
[2017.04.27-08.44.40:769][  0]LogAssetRegistry: FAssetRegistry took 0.0001 seconds to start up
[2017.04.27-08.44.40:773][  0]LogPackageLocalizationCache: Processed 3 localized package path(s) for 2 prioritized culture(s) in 0.003491 seconds
[2017.04.27-08.44.40:776][  0]LogInit: Selected Device Profile: [Windows]
[2017.04.27-08.44.40:776][  0]LogContentStreaming: Texture pool size is 1000.00 MB
[2017.04.27-08.44.40:898][  0]LogMeshUtilities: No automatic mesh reduction module available
[2017.04.27-08.44.40:898][  0]LogMeshUtilities: No automatic mesh merging module available
[2017.04.27-08.44.40:898][  0]LogMeshUtilities: No distributed automatic mesh merging module available
[2017.04.27-08.44.41:086][  0]LogInit: WinSock: version 1.1 (2.2), MaxSocks=32767, MaxUdp=65467
[2017.04.27-08.44.41:209][  0]LogSlate: SlateFontCache - WITH_FREETYPE: 1, WITH_HARFBUZZ: 1
[2017.04.27-08.44.41:209][  0]LogSlate: SlateFontCache - WITH_FREETYPE: 1, WITH_HARFBUZZ: 1
[2017.04.27-08.44.41:264][  0]LogMoviePlayer: Initializing movie player
[2017.04.27-08.44.41:358][  0]LogWindowsMoviePlayer: Unable to load movie: ../../../../../../Users/Steve/Documents/SSRepository/Soul-Striker-Main/Soul Striker/Content/Movies/Default_Startup.mp4
[2017.04.27-08.44.41:426][  0]LogSubstanceCoreModule: Substance CPU Engine Loaded, Max Texture Size 2048
[2017.04.27-08.44.41:434][  0]LogUdpMessaging: Initializing bridge on interface 0.0.0.0:0 to multicast group 230.0.0.1:6666.
[2017.04.27-08.44.41:498][  0]SourceControl: Info Source control is disabled
[2017.04.27-08.44.41:498][  0]SourceControl: Info Source control is disabled
[2017.04.27-08.44.41:506][  0]SourceControl: Info Source control is disabled
[2017.04.27-08.44.41:635][  0]LogUObjectArray: 31128 objects as part of root set at end of initial load.
[2017.04.27-08.44.41:635][  0]LogUObjectAllocator: 6742592 out of 0 bytes used by permanent object pool.
[2017.04.27-08.44.41:635][  0]LogUObjectArray: CloseDisregardForGC: 0/0 objects in disregard for GC pool
[2017.04.27-08.44.41:682][  0]LogEngine: Initializing Engine...
[2017.04.27-08.44.41:683][  0]LogHMD: SteamVR failed to initialize.  Err: 110
[2017.04.27-08.44.41:683][  0]LogHMD: SteamVR failed to initialize.  Err: 110
[2017.04.27-08.44.41:827][  0]LogInit: XAudio2 using 'Speakers (Realtek High Definition Audio)' : 2 channels at 48 kHz using 32 bits per sample (channel mask 0x3)
[2017.04.27-08.44.41:837][  0]LogInit: FAudioDevice initialized.
[2017.04.27-08.44.41:843][  0]LogInit: Texture streaming: Enabled
[2017.04.27-08.44.41:905][  0]LogNet: Browse: /Temp/Autosaves/Game/Maps/UEDPCLevel_1?Name=Player
[2017.04.27-08.44.41:906][  0]LogLoad: LoadMap: /Temp/Autosaves/Game/Maps/UEDPCLevel_1?Name=Player
[2017.04.27-08.44.41:920][  0]LogMemory: Platform Memory Stats for Windows
[2017.04.27-08.44.41:921][  0]LogMemory: Process Physical Memory: 560.00 MB used, 588.49 MB peak
[2017.04.27-08.44.41:921][  0]LogMemory: Process Virtual Memory: 609.23 MB used, 617.04 MB peak
[2017.04.27-08.44.41:921][  0]LogMemory: Physical Memory: 5075.18 MB used, 8145.96 MB total
[2017.04.27-08.44.41:921][  0]LogMemory: Virtual Memory: 1218.29 MB used, 134217728.00 MB total
[2017.04.27-08.44.41:921][  0]LogMemory: 
[2017.04.27-08.44.41:921][  0]Allocator Stats for TBB: (not implemented)
[2017.04.27-08.44.42:689][  0]LogLinker:Warning: CreateImport: Failed to load Outer for resource 'ArrowComponent0': tutorialOrbEnabler_C /Game/bluePrints/tutorialOrbEnabler.Default__tutorialOrbEnabler_C
[2017.04.27-08.44.43:225][  0]LogMaterial: Missing cached shader map for material brick_texture_1_diffuse_Mat, compiling. 
[2017.04.27-08.44.43:225][  0]LogMaterial:Warning: Failed to compile Material /Game/customMaterials/brick_texture_1_diffuse_Mat.brick_texture_1_diffuse_Mat for platform PCD3D_SM5, Default Material will be used in game.
[2017.04.27-08.44.43:225][  0]LogMaterial:Warning: 	(Node TextureSample) TextureSample> Missing input texture
[2017.04.27-08.44.43:308][  0]LogAIModule: Creating AISystem for world Level_1
[2017.04.27-08.44.43:308][  0]LogWorld: Game class is 'SoulStrikerCampaign_C'
[2017.04.27-08.44.43:339][  0]LogWorld: Bringing World /Temp/Autosaves/Game/Maps/UEDPCLevel_1.Level_1 up for play (max tick rate 0) at 2017.04.27-04.44.43
[2017.04.27-08.44.43:341][  0]LogWorld: Bringing up level for play took: 0.032439
[2017.04.27-08.44.43:346][  0]LogLoad: Took 1.439859 seconds to LoadMap(/Temp/Autosaves/Game/Maps/UEDPCLevel_1)
[2017.04.27-08.44.43:346][  0]LogInit:Display: Game Engine Initialized.
[2017.04.27-08.44.43:580][  0]LogLoad: Full Startup: 6.15 seconds (BP compile: 0.41 seconds)
[2017.04.27-08.44.43:580][  0]LogExternalProfiler: Found external profiler: VSPerf
[2017.04.27-08.44.43:580][  0]LogExternalProfiler: Using external profiler: VSPerf
[2017.04.27-08.44.43:597][  0]LogOcInput: OculusInput pre-init called
[2017.04.27-08.44.43:737][  2]LogRenderer: Reallocating scene render targets to support 1600x900 (Frame:2).
[2017.04.27-08.44.56:318][780]LogScriptCore:Warning: Attempted to get an item from array CallFunc_GetOverlappingActors_OverlappingActors out of bounds [0/0]!

[2017.04.27-08.44.56:318][780]LogScriptCore:Warning: Attempted to get an item from array CallFunc_GetOverlappingActors_OverlappingActors2 out of bounds [0/0]!

[2017.04.27-08.44.57:220][836]LogScriptCore:Warning: Attempted to get an item from array CallFunc_GetOverlappingActors_OverlappingActors out of bounds [0/0]!

[2017.04.27-08.44.57:220][836]LogScriptCore:Warning: Attempted to get an item from array CallFunc_GetOverlappingActors_OverlappingActors2 out of bounds [0/0]!

[2017.04.27-08.44.58:091][890]LogScriptCore:Warning: Attempted to get an item from array CallFunc_GetOverlappingActors_OverlappingActors out of bounds [0/0]!

[2017.04.27-08.44.58:091][890]LogScriptCore:Warning: Attempted to get an item from array CallFunc_GetOverlappingActors_OverlappingActors2 out of bounds [0/0]!

[2017.04.27-08.44.58:817][935]LogScriptCore:Warning: Attempted to get an item from array CallFunc_GetOverlappingActors_OverlappingActors out of bounds [0/0]!

[2017.04.27-08.44.58:817][935]LogScriptCore:Warning: Attempted to get an item from array CallFunc_GetOverlappingActors_OverlappingActors2 out of bounds [0/0]!

[2017.04.27-08.44.59:382][970]LogScriptCore:Warning: Attempted to get an item from array CallFunc_GetOverlappingActors_OverlappingActors out of bounds [0/0]!

[2017.04.27-08.44.59:382][970]LogScriptCore:Warning: Attempted to get an item from array CallFunc_GetOverlappingActors_OverlappingActors2 out of bounds [0/0]!

[2017.04.27-08.44.59:963][  6]LogScriptCore:Warning: Attempted to get an item from array CallFunc_GetOverlappingActors_OverlappingActors out of bounds [0/0]!

[2017.04.27-08.44.59:963][  6]LogScriptCore:Warning: Attempted to get an item from array CallFunc_GetOverlappingActors_OverlappingActors2 out of bounds [0/0]!

[2017.04.27-08.45.00:592][ 45]LogScriptCore:Warning: Attempted to get an item from array CallFunc_GetOverlappingActors_OverlappingActors out of bounds [0/0]!

[2017.04.27-08.45.00:592][ 45]LogScriptCore:Warning: Attempted to get an item from array CallFunc_GetOverlappingActors_OverlappingActors2 out of bounds [0/0]!

[2017.04.27-08.45.01:302][ 89]LogScriptCore:Warning: Attempted to get an item from array CallFunc_GetOverlappingActors_OverlappingActors out of bounds [0/0]!

[2017.04.27-08.45.01:302][ 89]LogScriptCore:Warning: Attempted to get an item from array CallFunc_GetOverlappingActors_OverlappingActors2 out of bounds [0/0]!

[2017.04.27-08.45.05:788][367]LogBlueprintUserMessages: [skeletonOLD_365] DASH!@
[2017.04.27-08.45.07:093][448]LogBlueprintUserMessages: [skeletonOLD_365] blocked!
[2017.04.27-08.45.07:352][464]LogBlueprintUserMessages: [skeletonOLD_365] blocked!
[2017.04.27-08.45.07:788][491]LogBlueprintUserMessages: [skeletonOLD_365] SLASH! Slash! Slash!
[2017.04.27-08.45.09:642][606]LogBlueprintUserMessages: [skeletonOLD_365] blocked!
[2017.04.27-08.45.09:788][615]LogBlueprintUserMessages: [skeletonOLD_365] Slice!
[2017.04.27-08.45.10:239][643]LogBlueprintUserMessage