Log file open, 03/28/17 19:30:41
LogInit:Display: Running engine for game: SoulStriker
LogPlatformFile: Not using cached read wrapper
LogInit:Display: RandInit(-1354768582) SRandInit(-1354768580).
LogTaskGraph: Started task graph with 4 named threads and 7 total threads with 1 sets of task threads.
LogStats: Stats thread started at 0.081916
LogInit: Version: 4.12.5-3039270+++UE4+Release-4.12
LogInit: API Version: 2992821
LogInit: Net Version: 3039270
LogDevObjectVersion: Number of dev versions registered: 13
LogDevObjectVersion:   Dev-Blueprints (B0D832E4-1F89-4F0D-ACCF-7EB736FD4AA2): 3
LogDevObjectVersion:   Dev-Build (E1C64328-A22C-4D53-A36C-8E866417BD8C): 0
LogDevObjectVersion:   Dev-Core (375EC13C-06E4-48FB-B500-84F0262A717E): 1
LogDevObjectVersion:   Dev-Editor (E4B068ED-F494-42E9-A231-DA0B2E46BB41): 2
LogDevObjectVersion:   Dev-Framework (CFFC743F-43B0-4480-9391-14DF171D2073): 6
LogDevObjectVersion:   Dev-Mobile (B02B49B5-BB20-44E9-A304-32B752E40360): 0
LogDevObjectVersion:   Dev-Networking (A4E4105C-59A1-49B5-A7C5-40C4547EDFEE): 0
LogDevObjectVersion:   Dev-Online (39C831C9-5AE6-47DC-9A44-9C173E1C8E7C): 0
LogDevObjectVersion:   Dev-Physics (78F01B33-EBEA-4F98-B9B4-84EACCB95AA2): 0
LogDevObjectVersion:   Dev-Platform (6631380F-2D4D-43E0-8009-CF276956A95A): 0
LogDevObjectVersion:   Dev-Rendering (12F88B9F-8875-4AFC-A67C-D90C383ABD29): 2
LogDevObjectVersion:   Dev-Sequencer (7B5AE74C-D270-4C10-A958-57980B212A5A): 0
LogDevObjectVersion:   Dev-VR (D7296918-1DD6-4BDD-9DE2-64A83CC13884): 0
LogInit: Compiled (64-bit): Jul  6 2016 09:09:46
LogInit: Compiled with Visual C++: 19.00.23026.00
LogInit: Build Configuration: Development
LogInit: Branch Name: ++UE4+Release-4.12
LogInit: Command line:  
LogInit: Base directory: G:/Program Files (x86)/Epic Games/4.12/Engine/Binaries/Win64/
LogInit: Installed Engine Build: 1
LogInit: Using libcurl 7.41.0
LogInit:  - built for x86_64-pc-win32
LogInit:  - supports SSL with WinSSL
LogInit:  - other features:
LogInit:      CURL_VERSION_SSL
LogInit:      CURL_VERSION_IPV6
LogInit:      CURL_VERSION_ASYNCHDNS
LogInit:      CURL_VERSION_LARGEFILE
LogInit:      CURL_VERSION_IDN
LogInit:  CurlRequestOptions (configurable via config and command line):
LogInit:  - bVerifyPeer = true  - Libcurl will verify peer certificate
LogInit:  - bUseHttpProxy = false  - Libcurl will NOT use HTTP proxy
LogInit:  - bDontReuseConnections = false  - Libcurl will reuse connections
LogInit:  - CertBundlePath = nullptr  - Libcurl will use whatever was configured at build time.
LogInit: Presizing for max 8388607 objects, including 0 objects not considered by GC, pre-allocating 0 bytes for permanent pool.
LogInit: Object subsystem initialized
[2017.03.28-23.30.42:043][  0]LogInit: Selected Device Profile: [Windows]
[2017.03.28-23.30.42:043][  0]LogInit: Applying CVar settings loaded from the selected device profile: [Windows]
[2017.03.28-23.30.42:050][  0]LogInit: Computer: DEREK-DESKTOP
[2017.03.28-23.30.42:050][  0]LogInit: User: Derek
[2017.03.28-23.30.42:050][  0]LogInit: CPU Page size=65536, Cores=4
[2017.03.28-23.30.42:050][  0]LogInit: High frequency timer resolution =3.415992 MHz
[2017.03.28-23.30.42:050][  0]LogMemory: Memory total: Physical=15.9GB (16GB approx)
[2017.03.28-23.30.42:050][  0]LogMemory: Platform Memory Stats for Windows
[2017.03.28-23.30.42:050][  0]LogMemory: Process Physical Memory: 192.41 MB used, 192.41 MB peak
[2017.03.28-23.30.42:050][  0]LogMemory: Process Virtual Memory: 195.07 MB used, 195.07 MB peak
[2017.03.28-23.30.42:050][  0]LogMemory: Physical Memory: 7305.75 MB used, 16321.41 MB total
[2017.03.28-23.30.42:050][  0]LogMemory: Virtual Memory: 552.91 MB used, 134217728.00 MB total
[2017.03.28-23.30.42:089][  0]LogTextLocalizationManager: No specific translations for ('en-US') exist, so ('en') translations will be used.
[2017.03.28-23.30.42:480][  0]LogD3D11RHI: D3D11 adapters:
[2017.03.28-23.30.42:507][  0]LogD3D11RHI:    0. 'NVIDIA GeForce GTX 750 Ti' (Feature Level 11_0)
[2017.03.28-23.30.42:507][  0]LogD3D11RHI:       2016/0/8160 MB DedicatedVideo/DedicatedSystem/SharedSystem, Outputs:3, VendorId:0x10de
[2017.03.28-23.30.42:509][  0]LogD3D11RHI:    1. 'Microsoft Basic Render Driver' (Feature Level 11_0)
[2017.03.28-23.30.42:509][  0]LogD3D11RHI:       0/0/8160 MB DedicatedVideo/DedicatedSystem/SharedSystem, Outputs:0, VendorId:0x1414
[2017.03.28-23.30.42:509][  0]LogD3D11RHI: Chosen D3D11 Adapter: 0
[2017.03.28-23.30.42:523][  0]LogD3D11RHI: Creating new Direct3DDevice
[2017.03.28-23.30.42:523][  0]LogD3D11RHI:     GPU DeviceId: 0x1380 (for the marketing name, search the web for "GPU Device Id")
[2017.03.28-23.30.42:523][  0]LogWindows: EnumDisplayDevices:
[2017.03.28-23.30.42:523][  0]LogWindows:    0. 'NVIDIA GeForce GTX 750 Ti' (P:1 D:1)
[2017.03.28-23.30.42:523][  0]LogWindows:    1. 'NVIDIA GeForce GTX 750 Ti' (P:0 D:1)
[2017.03.28-23.30.42:524][  0]LogWindows:    2. 'NVIDIA GeForce GTX 750 Ti' (P:0 D:1)
[2017.03.28-23.30.42:524][  0]LogWindows:    3. 'Radmin Mirror Driver V3' (P:0 D:0)
[2017.03.28-23.30.42:524][  0]LogWindows: DebugString: GetVideoDriverDetailsInvalid PrimaryIsNotTheChoosenAdapter FoundDriverCount:3 
[2017.03.28-23.30.42:524][  0]LogD3D11RHI:     Adapter Name: NVIDIA GeForce GTX 750 Ti
[2017.03.28-23.30.42:524][  0]LogD3D11RHI:   Driver Version: 376.53 (internal:21.21.13.7653, unified:376.53)
[2017.03.28-23.30.42:524][  0]LogD3D11RHI:      Driver Date: 12-29-2016
[2017.03.28-23.30.42:524][  0]LogRHI: Texture pool is 1361 MB (70% of 1945 MB)
[2017.03.28-23.30.42:538][  0]LogD3D11RHI: Async texture creation enabled
[2017.03.28-23.30.42:547][  0]LogD3D11RHI: GPU Timing Frequency: 1000.000000 (Debug: 2 1)
[2017.03.28-23.30.42:548][  0]LogShaderCompilers: Guid format shader working directory is -26 characters bigger than the processId version (C:/Users/Derek/Documents/Unreal Projects/Soul-Striker-Main/Soul Striker/Intermediate/Shaders/WorkingDirectory/71852/).
[2017.03.28-23.30.42:548][  0]LogShaderCompilers: Cleaned the shader compiler working directory 'C:/Users/Derek/AppData/Local/Temp/UnrealShaderWorkingDir/12968F1A42C9A1BFD7DF178A80EE331E/'.
[2017.03.28-23.30.42:548][  0]LogShaderCompilers:Display: Using Local Shader Compiler.
[2017.03.28-23.30.43:614][  0]LogTemp:Display: Loaded TP AllDesktopTargetPlatform
[2017.03.28-23.30.43:622][  0]LogTemp:Display: Loaded TP WindowsClientTargetPlatform
[2017.03.28-23.30.43:630][  0]LogTemp:Display: Loaded TP WindowsNoEditorTargetPlatform
[2017.03.28-23.30.43:639][  0]LogTemp:Display: Loaded TP WindowsServerTargetPlatform
[2017.03.28-23.30.43:651][  0]LogTemp:Display: Loaded TP WindowsTargetPlatform
[2017.03.28-23.30.43:659][  0]LogTemp:Display: Loaded TP AndroidTargetPlatform
[2017.03.28-23.30.43:666][  0]LogTemp:Display: Loaded TP Android_ASTCTargetPlatform
[2017.03.28-23.30.43:673][  0]LogTemp:Display: Loaded TP Android_ATCTargetPlatform
[2017.03.28-23.30.43:680][  0]LogTemp:Display: Loaded TP Android_DXTTargetPlatform
[2017.03.28-23.30.43:688][  0]LogTemp:Display: Loaded TP Android_ETC1TargetPlatform
[2017.03.28-23.30.43:695][  0]LogTemp:Display: Loaded TP Android_ETC2TargetPlatform
[2017.03.28-23.30.43:710][  0]LogTemp:Display: Loaded TP Android_MultiTargetPlatform
[2017.03.28-23.30.43:710][  0]LogTemp:Display: Loaded TP Android_PVRTCTargetPlatform
[2017.03.28-23.30.43:711][  0]LogTemp:Display: Loaded TP HTML5TargetPlatform
[2017.03.28-23.30.43:732][  0]LogTemp:Display: Loaded TP IOSTargetPlatform
[2017.03.28-23.30.43:738][  0]LogTemp:Display: Loaded TP TVOSTargetPlatform
[2017.03.28-23.30.43:746][  0]LogTemp:Display: Loaded TP LinuxNoEditorTargetPlatform
[2017.03.28-23.30.43:753][  0]LogTemp:Display: Loaded TP LinuxServerTargetPlatform
[2017.03.28-23.30.43:760][  0]LogTemp:Display: Loaded TP LinuxTargetPlatform
[2017.03.28-23.30.43:760][  0]LogTargetPlatformManager:Display: Building Assets For Windows
[2017.03.28-23.30.43:834][  0]LogDerivedDataCache:Display: Max Cache Size: 512 MB
[2017.03.28-23.30.43:880][  0]LogDerivedDataCache: Loaded boot cache 0.05s 48MB C:/Users/Derek/AppData/Local/UnrealEngine/4.12/DerivedDataCache/Boot.ddc.
[2017.03.28-23.30.43:881][  0]LogDerivedDataCache:Display: Loaded Boot cache: C:/Users/Derek/AppData/Local/UnrealEngine/4.12/DerivedDataCache/Boot.ddc
[2017.03.28-23.30.43:881][  0]LogDerivedDataCache: FDerivedDataBackendGraph:  Pak pak cache file C:/Users/Derek/Documents/Unreal Projects/Soul-Striker-Main/Soul Striker/DerivedDataCache/DDC.ddp not found, will not use a pak cache.
[2017.03.28-23.30.43:881][  0]LogDerivedDataCache: Unable to find inner node Pak for hierarchical cache Hierarchy.
[2017.03.28-23.30.43:881][  0]LogDerivedDataCache: FDerivedDataBackendGraph:  CompressedPak pak cache file C:/Users/Derek/Documents/Unreal Projects/Soul-Striker-Main/Soul Striker/DerivedDataCache/Compressed.ddp not found, will not use a pak cache.
[2017.03.28-23.30.43:881][  0]LogDerivedDataCache: Unable to find inner node CompressedPak for hierarchical cache Hierarchy.
[2017.03.28-23.30.43:896][  0]LogDerivedDataCache:Display: Pak cache opened for reading ../../../Engine/DerivedDataCache/Compressed.ddp.
[2017.03.28-23.30.43:907][  0]LogDerivedDataCache: Using Local data cache path C:/Users/Derek/AppData/Local/UnrealEngine/Common/DerivedDataCache: Writable
[2017.03.28-23.30.44:097][  0]LogInit: Selected Device Profile: [Windows]
[2017.03.28-23.30.44:098][  0]LogContentStreaming: Texture pool size is 0.00 MB
[2017.03.28-23.30.44:231][  0]LogMeshUtilities: No automatic mesh reduction module available
[2017.03.28-23.30.44:231][  0]LogMeshUtilities: No automatic mesh merging module available
[2017.03.28-23.30.44:231][  0]LogMeshUtilities: No distributed automatic mesh merging module available
[2017.03.28-23.30.44:453][  0]LogAssetRegistry: FAssetRegistry took 0.0210 seconds to start up
[2017.03.28-23.30.44:472][  0]LogPackageLocalizationCache: Processed 3 localized package path(s) for 2 prioritized culture(s) in 0.017608 seconds
[2017.03.28-23.30.44:477][  0]LogUObjectArray: 28739 objects as part of root set at end of initial load.
[2017.03.28-23.30.44:477][  0]LogUObjectAllocator: 5855632 out of 0 bytes used by permanent object pool.
[2017.03.28-23.30.44:477][  0]LogUObjectArray: CloseDisregardForGC: 0/0 objects in disregard for GC pool
[2017.03.28-23.30.44:484][  0]LogInit: WinSock: version 1.1 (2.2), MaxSocks=32767, MaxUdp=65467
[2017.03.28-23.30.44:666][  0]LogSlate: SlateFontCache - WITH_FREETYPE: 1, WITH_HARFBUZZ: 1
[2017.03.28-23.30.44:666][  0]LogSlate: SlateFontCache - WITH_FREETYPE: 1, WITH_HARFBUZZ: 1
[2017.03.28-23.30.45:207][  0]LogSubstanceCoreModule: Substance CPU Engine Loaded, Max Texture Size 2048
[2017.03.28-23.30.45:213][  0]LogUdpMessaging: Initializing bridge on interface 0.0.0.0:0 to multicast group 230.0.0.1:6666.
[2017.03.28-23.30.45:406][  0]SourceControl: Info Source control is disabled
[2017.03.28-23.30.45:407][  0]SourceControl: Info Source control is disabled
[2017.03.28-23.30.45:413][  0]SourceControl: Info Source control is disabled
[2017.03.28-23.30.45:420][  0]SourceControl: Info Source control is disabled
[2017.03.28-23.30.45:599][  0]LogEngine: Initializing Engine...
[2017.03.28-23.30.45:607][  0]LogHMD: SteamVR failed to initialize.  Err: 108
[2017.03.28-23.30.45:614][  0]LogHMD: SteamVR failed to initialize.  Err: 108
[2017.03.28-23.30.45:736][  0]LogAIModule: Creating AISystem for world NewWorld
[2017.03.28-23.30.45:762][  0]LogInit: XAudio2 using 'Speakers (Turtle Beach PX21 Headset)' : 2 channels at 48 kHz using 16 bits per sample (channel mask 0x3)
[2017.03.28-23.30.45:776][  0]LogInit: FAudioDevice initialized.
[2017.03.28-23.30.45:799][  0]LogDerivedDataCache: Saved boot cache 0.02s 48MB C:/Users/Derek/AppData/Local/UnrealEngine/4.12/DerivedDataCache/Boot.ddc.
[2017.03.28-23.30.45:804][  0]LogInit: Texture streaming: Enabled
[2017.03.28-23.30.45:848][  0]LogWindowsTextInputMethodSystem:Display: IME system now deactivated.
[2017.03.28-23.30.45:891][  0]LogInit: Transaction tracking system initialized
[2017.03.28-23.30.45:920][  0]BlueprintLog: New page: Editor Load
[2017.03.28-23.30.46:022][  0]LocalizationService: Info Localization service is disabled
[2017.03.28-23.30.46:094][  0]LogConsoleResponse:Display: 
[2017.03.28-23.30.46:176][  0]LogCook:Display: Max memory allowance for cook 8192mb
[2017.03.28-23.30.46:176][  0]LogCook:Display: Mobile HDR setting 1
[2017.03.28-23.30.46:296][  0]LogFileCache: Scanning file cache for directory 'C:/Users/Derek/Documents/Unreal Projects/Soul-Striker-Main/Soul Striker/Content/' took 0.01s
[2017.03.28-23.30.46:296][  0]SourceControl: Info Source control is disabled
[2017.03.28-23.30.46:296][  0]Cmd: MAP LOAD FILE="C:/Users/Derek/Documents/Unreal Projects/Soul-Striker-Main/Soul Striker/Content/ThirdPersonBP/Maps/ThirdPersonExampleMap.umap" TEMPLATE=0 SHOWPROGRESS=1 FEATURELEVEL=3
[2017.03.28-23.30.46:297][  0]LightingResults: New page: Lighting Build
[2017.03.28-23.30.46:299][  0]MapCheck: New page: Map Check
[2017.03.28-23.30.46:299][  0]LightingResults: New page: Lighting Build
[2017.03.28-23.30.46:792][  0]LogBlueprint:Warning: [spiritOrbOG] CreatePinForVariable: 'marked' variable not found. Base class was probably changed.
[2017.03.28-23.30.46:792][  0]LogBlueprint:Warning: [spiritOrbOG] CreatePinForVariable: 'marked' variable not found. Base class was probably changed.
[2017.03.28-23.30.46:818][  0]LogBlueprint:Warning: Compiler Warning Could not find a variable named "marked" in 'AI_SimpleCharacter_C'.
Make sure 'AI_SimpleCharacter_C' has been compiled for  Set marked 
[2017.03.28-23.30.46:846][  0]LogBlueprint:Error: Compiler Error The property associated with  Marked  could not be found
[2017.03.28-23.30.46:884][  0]LogBlueprint:Warning: Compiler Warning [0005.56] Compile of spiritOrbOG failed. 1 Fatal Issue(s) 1 Warning(s) [in 68 ms] (/Game/bluePrints/spiritOrbOG.spiritOrbOG)
[2017.03.28-23.30.46:884][  0]LogBlueprint:Warning: Compiler Warning [0005.56] Compile of spiritOrbOG failed. 1 Fatal Issue(s) 2 Warning(s) [in 0 ms] (/Game/bluePrints/spiritOrbOG.spiritOrbOG)
[2017.03.28-23.30.46:884][  0]LogBlueprint:Warning: Compiler Warning [0005.56] Compile of spiritOrbOG failed. 1 Fatal Issue(s) 3 Warning(s) [in 0 ms] (/Game/bluePrints/spiritOrbOG.spiritOrbOG)
[2017.03.28-23.30.47:083][  0]LogBlueprint:Warning: [spiritOrbOG] CreatePinForVariable: 'marked' variable not found. Base class was probably changed.
[2017.03.28-23.30.47:083][  0]LogBlueprint:Warning: [spiritOrbOG] CreatePinForVariable: 'marked' variable not found. Base class was probably changed.
[2017.03.28-23.30.47:089][  0]LogBlueprint:Warning: Compiler Warning Could not find a variable named "marked" in 'AI_SimpleCharacter_C'.
Make sure 'AI_SimpleCharacter_C' has been compiled for  Set marked 
[2017.03.28-23.30.47:115][  0]LogBlueprint:Error: Compiler Error The property associated with  Marked  could not be found
[2017.03.28-23.30.47:156][  0]LogBlueprint:Warning: Compiler Warning [0005.83] Compile of spiritOrbOG failed. 1 Fatal Issue(s) 1 Warning(s) [in 71 ms] (/Game/bluePrints/spiritOrbOG.spiritOrbOG)
[2017.03.28-23.30.47:156][  0]LogBlueprint:Warning: Compiler Warning [0005.83] Compile of spiritOrbOG failed. 1 Fatal Issue(s) 2 Warning(s) [in 0 ms] (/Game/bluePrints/spiritOrbOG.spiritOrbOG)
[2017.03.28-23.30.47:157][  0]LogBlueprint:Warning: Compiler Warning [0005.83] Compile of spiritOrbOG failed. 1 Fatal Issue(s) 3 Warning(s) [in 1 ms] (/Game/bluePrints/spiritOrbOG.spiritOrbOG)
[2017.03.28-23.30.47:429][  0]LogBlueprint:Warning: Compiler Warning Node  Unknown  is not referencing a valid level actor
[2017.03.28-23.30.47:429][  0]LogBlueprint:Warning: Compiler Warning [0006.11] Compile of PersistentLevel.ThirdPersonExampleMap successful, but with 1 Warning(s) [in 1 ms] (/Game/ThirdPersonBP/Maps/ThirdPersonExampleMap.ThirdPersonExampleMap:PersistentLevel.ThirdPersonExampleMap)
[2017.03.28-23.30.47:429][  0]LogBlueprint:Warning: Compiler Warning [0006.11] Compile of PersistentLevel.ThirdPersonExampleMap successful, but with 2 Warning(s) [in 0 ms] (/Game/ThirdPersonBP/Maps/ThirdPersonExampleMap.ThirdPersonExampleMap:PersistentLevel.ThirdPersonExampleMap)
[2017.03.28-23.30.47:429][  0]LogBlueprint:Warning: Compiler Warning [0006.11] Compile of PersistentLevel.ThirdPersonExampleMap successful, but with 3 Warning(s) [in 0 ms] (/Game/ThirdPersonBP/Maps/ThirdPersonExampleMap.ThirdPersonExampleMap:PersistentLevel.ThirdPersonExampleMap)
[2017.03.28-23.30.47:432][  0]LogBlueprint:Warning: Compiler Warning Node  Unknown  is not referencing a valid level actor
[2017.03.28-23.30.47:432][  0]LogBlueprint:Warning: Compiler Warning [0006.11] Compile of PersistentLevel.ThirdPersonExampleMap successful, but with 1 Warning(s) [in 1 ms] (/Game/ThirdPersonBP/Maps/ThirdPersonExampleMap.ThirdPersonExampleMap:PersistentLevel.ThirdPersonExampleMap)
[2017.03.28-23.30.47:432][  0]LogBlueprint:Warning: Compiler Warning [0006.11] Compile of PersistentLevel.ThirdPersonExampleMap successful, but with 2 Warning(s) [in 0 ms] (/Game/ThirdPersonBP/Maps/ThirdPersonExampleMap.ThirdPersonExampleMap:PersistentLevel.ThirdPersonExampleMap)
[2017.03.28-23.30.47:432][  0]LogBlueprint:Warning: Compiler Warning [0006.11] Compile of PersistentLevel.ThirdPersonExampleMap successful, but with 3 Warning(s) [in 0 ms] (/Game/ThirdPersonBP/Maps/ThirdPersonExampleMap.ThirdPersonExampleMap:PersistentLevel.ThirdPersonExampleMap)
[2017.03.28-23.30.48:081][  0]LogAIModule: Creating AISystem for world ThirdPersonExampleMap
[2017.03.28-23.30.48:194][  0]LogEditorServer: Finished looking for orphan Actors (0.000 secs)
[2017.03.28-23.30.48:196][  0]Cmd: MAP CHECKDEP NOCLEARLOG
[2017.03.28-23.30.48:245][  0]MapCheck: Info Map check complete: 0 Error(s), 0 Warning(s), took 48.765ms to complete.
[2017.03.28-23.30.48:245][  0]LogFileHelpers: Loading map 'ThirdPersonExampleMap' took 1.948
[2017.03.28-23.30.48:472][  0]LogCollectionManager: Loaded 0 collections in 0.001372 seconds
[2017.03.28-23.30.48:516][  0]LogFileCache: Scanning file cache for directory 'C:/Users/Derek/Documents/Unreal Projects/Soul-Striker-Main/Soul Striker/Saved/Collections/' took 0.01s
[2017.03.28-23.30.48:516][  0]LogFileCache: Scanning file cache for directory 'C:/Users/Derek/Documents/Unreal Projects/Soul-Striker-Main/Soul Striker/Content/Developers/Derek/Collections/' took 0.01s
[2017.03.28-23.30.48:516][  0]LogFileCache: Scanning file cache for directory 'C:/Users/Derek/Documents/Unreal Projects/Soul-Striker-Main/Soul Striker/Content/Collections/' took 0.01s
[2017.03.28-23.30.48:516][  0]LogCollectionManager: Rebuilt the GUID cache for 0 collections in 0.000002 seconds
[2017.03.28-23.30.48:529][  0]LogContentBrowser: Native class hierarchy populated in 0.0130 seconds. Added 2062 classes and 375 folders.
[2017.03.28-23.30.48:533][  0]LogStats: UGameplayTagsManager::ConstructGameplayTagTree: Construct from data asset -  0.000 s
[2017.03.28-23.30.48:533][  0]LogStats: UGameplayTagsManager::ConstructGameplayTagTree: GameplayTagTreeChangedEvent.Broadcast -  0.000 s
[2017.03.28-23.30.48:534][  0]LogContentBrowser: Native class hierarchy updated for 'GameplayTags' in 0.0005 seconds. Added 12 classes and 0 folders.
[2017.03.28-23.30.48:538][  0]LogContentBrowser: Native class hierarchy updated for 'WidgetCarousel' in 0.0003 seconds. Added 0 classes and 0 folders.
[2017.03.28-23.30.48:570][  0]LogContentBrowser: Native class hierarchy updated for 'AddContentDialog' in 0.0003 seconds. Added 0 classes and 0 folders.
[2017.03.28-23.30.48:576][  0]LogContentBrowser: Native class hierarchy updated for 'SceneOutliner' in 0.0004 seconds. Added 1 classes and 2 folders.
[2017.03.28-23.30.48:641][  0]LogCrashTracker: Crashtracker disabled due to settings.
[2017.03.28-23.30.48:646][  0]LogUObjectGlobals:Warning: Failed to find object 'Class None.'
[2017.03.28-23.30.48:673][  0]LogContentBrowser: Native class hierarchy updated for 'HierarchicalLODOutliner' in 0.0004 seconds. Added 1 classes and 2 folders.
[2017.03.28-23.30.48:673][  0]LogLoad: Full Startup: 7.35 seconds (BP compile: 0.48 seconds)
[2017.03.28-23.30.48:673][  0]LogExternalProfiler: No external profilers were discovered.  External profiling features will not be available.
[2017.03.28-23.30.48:682][  0]LogOcInput: OculusInput pre-init called
[2017.03.28-23.30.48:715][  0]LogContentStreaming: Texture pool size now 1000 MB
[2017.03.28-23.30.48:875][  0]LogRenderer: Reallocating scene render targets to support 1220x608 (Frame:2).
[2017.03.28-23.30.48:923][  1]LogFileCache: Retrieving MD5 hashes for directory 'C:/Users/Derek/Documents/Unreal Projects/Soul-Striker-Main/Soul Striker/Content/' took 0.23s
[2017.03.28-23.30.48:941][  1]LogAssetRegistry: Asset discovery search completed in 4.5091 seconds
[2017.03.28-23.30.48:941][  1]LogCollectionManager: Rebuilt the object cache for 0 collections in 0.000001 seconds (found 0 objects)
[2017.03.28-23.30.48:941][  1]LogCollectionManager: Fixed up redirectors for 0 collections in 0.000029 seconds (updated 0 objects)
[2017.03.28-23.30.52:815][279]LogAIModule: Creating AISystem for world TestLevel
[2017.03.28-23.30.52:943][279]Cmd: MAP LOAD FILE="C:/Users/Derek/Documents/Unreal Projects/Soul-Striker-Main/Soul Striker/Content/Maps/TestLevel.umap" TEMPLATE=0 SHOWPROGRESS=1 FEATURELEVEL=3
[2017.03.28-23.30.52:944][279]LightingResults: New page: Lighting Build
[2017.03.28-23.30.52:944][279]LoadErrors: New page: Loading map: TestLevel.umap
[2017.03.28-23.30.52:957][279]MapCheck: New page: Map Check
[2017.03.28-23.30.52:957][279]LightingResults: New page: Lighting Build
[2017.03.28-23.30.53:063][279]LogEditorServer: Finished looking for orphan Actors (0.000 secs)
[2017.03.28-23.30.53:099][279]Cmd: MAP CHECKDEP NOCLEARLOG
[2017.03.28-23.30.53:143][279]MapCheck: Info Map check complete: 0 Error(s), 0 Warning(s), took 43.803ms to complete.
[2017.03.28-23.30.53:143][279]LogFileHelpers: Loading map 'TestLevel' took 0.200
[2017.03.28-23.30.58:737][804]LogBlueprintUserMessages: Early PlayInEditor Detection: Level '/Game/Maps/TestLevel.TestLevel:PersistentLevel' has LevelScriptBlueprint '/Game/Maps/TestLevel.TestLevel:PersistentLevel.TestLevel' with GeneratedClass '/Game/Maps/TestLevel.TestLevel_C' with ClassGeneratedBy '/Game/Maps/TestLevel.TestLevel:PersistentLevel.TestLevel'
[2017.03.28-23.30.58:737][804]LogPlayLevel: PlayLevel: No blueprints needed recompiling
[2017.03.28-23.31.09:880][517]AssetReimport: New page: Outstanding source content changes 2:31:09 PM
[2017.03.28-23.31.09:904][518]LogEditorFactories: Performing atomic reimport of [C:/Users/Derek/Documents/Unreal Projects/Soul-Striker-Main/Soul Striker/Content/bluePrints/halfheart.png]
[2017.03.28-23.31.09:905][518]LogFactory: FactoryCreateFile: Texture2D with ReimportTextureFactory (0 0 C:/Users/Derek/Documents/Unreal Projects/Soul-Striker-Main/Soul Striker/Content/bluePrints/halfheart.png)
[2017.03.28-23.31.10:095][518]LogEditorFactories: -- imported successfully
[2017.03.28-23.31.10:193][519]Cmd: OBJ SAVEPACKAGE PACKAGE="/Game/bluePrints/halfheart" FILE="C:/Users/Derek/Documents/Unreal Projects/Soul-Striker-Main/Soul Striker/Content/bluePrints/halfheart.uasset" SILENT=true
[2017.03.28-23.31.10:250][519]LogSavePackage: Save=48.59ms
[2017.03.28-23.31.10:250][519]LogSavePackage: Moving 'C:/Users/Derek/Documents/Unreal Projects/Soul-Striker-Main/Soul Striker/Saved/halfheartD9D5237F4C74DFAD1E625B9065893720.tmp' to 'C:/Users/Derek/Documents/Unreal Projects/Soul-Striker-Main/Soul Striker/Content/bluePrints/halfheart.uasset'
[2017.03.28-23.31.10:253][519]LogSavePackage:Display: Finished SavePackage C:/Users/Derek/Documents/Unreal Projects/Soul-Striker-Main/Soul Striker/Content/bluePrints/halfheart.uasset
[2017.03.28-23.31.13:274][678]AssetReimport: Info Reimported asset halfheart from C:/Users/Derek/Documents/Unreal Projects/Soul-Striker-Main/Soul Striker/Content/bluePrints/halfheart.png.
[2017.03.28-23.31.18:023][955]LogContentBrowser: Native class hierarchy updated for 'BlueprintGraph' in 0.0011 seconds. Added 111 classes and 0 folders.
[2017.03.28-23.31.45:413][118]BlueprintLog: New page: Compile healthOverlay
[2017.03.28-23.31.45:573][118]BlueprintEditorCompileResults: Info [0064.25] Compile of healthOverlay successful! [in 159 ms] (/Game/bluePrints/healthOverlay.healthOverlay)
[2017.03.28-23.31.46:210][152]Cmd: OBJ SAVEPACKAGE PACKAGE="/Game/bluePrints/healthOverlay" FILE="C:/Users/Derek/Documents/Unreal Projects/Soul-Striker-Main/Soul Striker/Content/bluePrints/healthOverlay.uasset" SILENT=true
[2017.03.28-23.31.46:267][152]LogSavePackage: Save=48.10ms
[2017.03.28-23.31.46:267][152]LogSavePackage: Moving 'C:/Users/Derek/Documents/Unreal Projects/Soul-Striker-Main/Soul Striker/Saved/healthOverlay08F9CB1640828DDB3DE010BE15DBDD76.tmp' to 'C:/Users/Derek/Documents/Unreal Projects/Soul-Striker-Main/Soul Striker/Content/bluePrints/healthOverlay.uasset'
[2017.03.28-23.31.46:269][152]LogSavePackage:Display: Finished SavePackage C:/Users/Derek/Documents/Unreal Projects/Soul-Striker-Main/Soul Striker/Content/bluePrints/healthOverlay.uasset
[2017.03.28-23.31.51:950][588]LogWindowsTextInputMethodSystem:Display: IME system now deactivated.
[2017.03.28-23.31.52:142][589]Cmd: QUIT_EDITOR
[2017.03.28-23.31.52:201][589]LogExit: Preparing to exit.
[2017.03.28-23.31.53:397][589]LogExit: Editor shut down
[2017.03.28-23.31.53:397][589]LogExit: Transaction tracking system shut down
[2017.03.28-23.31.53:598][589]LogObj: Freed 0b from 0 cluster array pools.
[2017.03.28-23.31.53:598][589]LogExit: Object subsystem successfully closed.
[2017.03.28-23.31.53:618][589]LogD3D11RHI: Shutdown
[2017.03.28-23.31.53:618][589]LogD3D11RHI: CleanupD3DDevice
[2017.03.28-23.31.53:742][589]LogD3D11RHI: ~FD3D11DynamicRHI
[2017.03.28-23.31.53:752][589]LogModuleManager: Shutting down and abandoning module SequencerWidgets (217)
[2017.03.28-23.31.53:752][589]LogModuleManager: Shutting down and abandoning module BlueprintGraph (216)
[2017.03.28-23.31.53:753][589]LogModuleManager: Shutting down and abandoning module HierarchicalLODOutliner (215)
[2017.03.28-23.31.53:753][589]LogModuleManager: Shutting down and abandoning module CrashTracker (214)
[2017.03.28-23.31.53:753][589]LogModuleManager: Shutting down and abandoning module SceneOutliner (213)
[2017.03.28-23.31.53:753][589]LogModuleManager: Shutting down and abandoning module WidgetCarousel (212)
[2017.03.28-23.31.53:753][589]LogModuleManager: Shutting down and abandoning module AddContentDialog (211)
[2017.03.28-23.31.53:762][589]LogModuleManager: Shutting down and abandoning module GameplayTags (210)
[2017.03.28-23.31.53:762][589]LogModuleManager: Shutting down and abandoning module EditorWidgets (209)
[2017.03.28-23.31.53:762][589]LogModuleManager: Shutting down and abandoning module CollectionManager (208)
[2017.03.28-23.31.53:763][589]LogModuleManager: Shutting down and abandoning module StatsViewer (207)
[2017.03.28-23.31.53:763][589]LogModuleManager: Shutting down and abandoning module FoliageEdit (206)
[2017.03.28-23.31.53:763][589]LogModuleManager: Shutting down and abandoning module LandscapeEditor (205)
[2017.03.28-23.31.53:763][589]LogModuleManager: Shutting down and abandoning module SceneDepthPickerMode (204)
[2017.03.28-23.31.53:763][589]LogModuleManager: Shutting down and abandoning module ActorPickerMode (203)
[2017.03.28-23.31.53:763][589]LogModuleManager: Shutting down and abandoning module GeometryMode (202)
[2017.03.28-23.31.53:763][589]LogModuleManager: Shutting down and abandoning module TextureAlignMode (201)
[2017.03.28-23.31.53:763][589]LogModuleManager: Shutting down and abandoning module BspMode (200)
[2017.03.28-23.31.53:763][589]LogModuleManager: Shutting down and abandoning module HardwareSurvey (199)
[2017.03.28-23.31.53:763][589]LogModuleManager: Shutting down and abandoning module SequenceRecorderSections (198)
[2017.03.28-23.31.53:763][589]LogModuleManager: Shutting down and abandoning module SequenceRecorder (197)
[2017.03.28-23.31.53:763][589]LogModuleManager: Shutting down and abandoning module AutomationWorker (196)
[2017.03.28-23.31.53:763][589]LogModuleManager: Shutting down and abandoning module MatineeToLevelSequence (195)
[2017.03.28-23.31.53:763][589]LogModuleManager: Shutting down and abandoning module PlacementMode (194)
[2017.03.28-23.31.53:763][589]LogModuleManager: Shutting down and abandoning module LevelSequenceEditor (193)
[2017.03.28-23.31.53:763][589]LogModuleManager: Shutting down and abandoning module CharacterAI (192)
[2017.03.28-23.31.53:763][589]LogModuleManager: Shutting down and abandoning module SmartSnapping (191)
[2017.03.28-23.31.53:763][589]LogModuleManager: Shutting down and abandoning module SessionServices (190)
[2017.03.28-23.31.53:763][589]LogModuleManager: Shutting down and abandoning module ViewportSnapping (189)
[2017.03.28-23.31.53:763][589]LogModuleManager: Shutting down and abandoning module LogVisualizer (188)
[2017.03.28-23.31.53:763][589]LogModuleManager: Shutting down and abandoning module GameProjectGeneration (187)
[2017.03.28-23.31.53:763][589]LogModuleManager: Shutting down and abandoning module IntroTutorials (186)
[2017.03.28-23.31.53:764][589]LogModuleManager: Shutting down and abandoning module EditorLiveStreaming (185)
[2017.03.28-23.31.53:764][589]LogModuleManager: Shutting down and abandoning module IOSPlatformEditor (184)
[2017.03.28-23.31.53:764][589]LogModuleManager: Shutting down and abandoning module HTML5PlatformEditor (183)
[2017.03.28-23.31.53:764][589]LogModuleManager: Shutting down and abandoning module AndroidDeviceDetection (182)
[2017.03.28-23.31.54:080][589]LogModuleManager: Shutting down and abandoning module AndroidPlatformEditor (181)
[2017.03.28-23.31.54:081][589]LogModuleManager: Shutting down and abandoning module IOSRuntimeSettings (180)
[2017.03.28-23.31.54:081][589]LogModuleManager: Shutting down and abandoning module AndroidRuntimeSettings (179)
[2017.03.28-23.31.54:081][589]LogModuleManager: Shutting down and abandoning module MergeActors (178)
[2017.03.28-23.31.54:081][589]LogModuleManager: Shutting down and abandoning module SizeMap (177)
[2017.03.28-23.31.54:081][589]LogModuleManager: Shutting down and abandoning module TreeMap (176)
[2017.03.28-23.31.54:081][589]LogModuleManager: Shutting down and abandoning module ReferenceViewer (175)
[2017.03.28-23.31.54:081][589]LogModuleManager: Shutting down and abandoning module LocalizationService (174)
[2017.03.28-23.31.54:081][589]LogModuleManager: Shutting down and abandoning module LocalizationDashboard (173)
[2017.03.28-23.31.54:081][589]LogModuleManager: Shutting down and abandoning module HardwareTargeting (172)
[2017.03.28-23.31.54:081][589]LogModuleManager: Shutting down and abandoning module DeviceProfileEditor (171)
[2017.03.28-23.31.54:081][589]LogModuleManager: Shutting down and abandoning module UndoHistory (170)
[2017.03.28-23.31.54:081][589]LogModuleManager: Shutting down and abandoning module UserFeedback (169)
[2017.03.28-23.31.54:081][589]LogModuleManager: Shutting down and abandoning module XmlParser (168)
[2017.03.28-23.31.54:081][589]LogModuleManager: Shutting down and abandoning module Blutility (167)
[2017.03.28-23.31.54:081][589]LogModuleManager: Shutting down and abandoning module ProjectTargetPlatformEditor (166)
[2017.03.28-23.31.54:081][589]LogModuleManager: Shutting down and abandoning module ProjectSettingsViewer (165)
[2017.03.28-23.31.54:081][589]LogModuleManager: Shutting down and abandoning module InputBindingEditor (164)
[2017.03.28-23.31.54:081][589]LogModuleManager: Shutting down and abandoning module EditorSettingsViewer (163)
[2017.03.28-23.31.54:081][589]LogModuleManager: Shutting down and abandoning module SettingsEditor (162)
[2017.03.28-23.31.54:081][589]LogModuleManager: Shutting down and abandoning module ProjectLauncher (161)
[2017.03.28-23.31.54:081][589]LogModuleManager: Shutting down and abandoning module SessionFrontend (160)
[2017.03.28-23.31.54:081][589]LogModuleManager: Shutting down and abandoning module ProfilerClient (159)
[2017.03.28-23.31.54:081][589]LogModuleManager: Shutting down and abandoning module TargetDeviceServices (158)
[2017.03.28-23.31.54:081][589]LogModuleManager: Shutting down and abandoning module DeviceManager (157)
[2017.03.28-23.31.54:135][589]LogModuleManager: Shutting down and abandoning module AutomationController (156)
[2017.03.28-23.31.54:135][589]LogModuleManager: Shutting down and abandoning module AutomationWindow (155)
[2017.03.28-23.31.54:135][589]LogModuleManager: Shutting down and abandoning module Layers (154)
[2017.03.28-23.31.54:135][589]LogModuleManager: Shutting down and abandoning module ComponentVisualizers (153)
[2017.03.28-23.31.54:135][589]LogModuleManager: Shutting down and abandoning module DetailCustomizations (152)
[2017.03.28-23.31.54:135][589]LogModuleManager: Shutting down and abandoning module PackagesDialog (151)
[2017.03.28-23.31.54:151][589]LogModuleManager: Shutting down and abandoning module Persona (150)
[2017.03.28-23.31.54:151][589]LogModuleManager: Shutting down and abandoning module Kismet (149)
[2017.03.28-23.31.54:151][589]LogModuleManager: Shutting down and abandoning module GraphEditor (148)
[2017.03.28-23.31.54:151][589]LogModuleManager: Shutting down and abandoning module ClassViewer (147)
[2017.03.28-23.31.54:151][589]LogModuleManager: Shutting down and abandoning module Toolbox (146)
[2017.03.28-23.31.54:151][589]LogModuleManager: Shutting down and abandoning module ModuleUI (145)
[2017.03.28-23.31.54:151][589]LogModuleManager: Shutting down and abandoning module MovieSceneTools (144)
[2017.03.28-23.31.54:151][589]LogModuleManager: Shutting down and abandoning module OutputLog (143)
[2017.03.28-23.31.54:151][589]LogModuleManager: Shutting down and abandoning module GammaUI (142)
[2017.03.28-23.31.54:151][589]LogModuleManager: Shutting down and abandoning module Documentation (141)
[2017.03.28-23.31.54:151][589]LogModuleManager: Shutting down and abandoning module StreamingPauseRendering (140)
[2017.03.28-23.31.54:151][589]LogModuleManager: Shutting down and abandoning module AnalyticsET (139)
[2017.03.28-23.31.54:151][589]LogModuleManager: Shutting down and abandoning module Analytics (138)
[2017.03.28-23.31.54:151][589]LogModuleManager: Shutting down and abandoning module PortalServices (137)
[2017.03.28-23.31.54:151][589]LogModuleManager: Shutting down and abandoning module PortalRpc (136)
[2017.03.28-23.31.54:151][589]LogModuleManager: Shutting down and abandoning module MessagingRpc (135)
[2017.03.28-23.31.54:151][589]LogModuleManager: Shutting down and abandoning module GameplayDebugger (134)
[2017.03.28-23.31.54:151][589]LogModuleManager: Shutting down and abandoning module AITestSuite (133)
[2017.03.28-23.31.54:151][589]LogModuleManager: Shutting down and abandoning module AIModule (132)
[2017.03.28-23.31.54:151][589]LogModuleManager: Shutting down and abandoning module ProfilerService (131)
[2017.03.28-23.31.54:241][589]LogModuleManager: Shutting down and abandoning module TaskGraph (130)
[2017.03.28-23.31.54:242][589]LogModuleManager: Shutting down and abandoning module SubstanceEditor (129)
[2017.03.28-23.31.54:242][589]LogModuleManager: Shutting down and abandoning module SlateRemote (128)
[2017.03.28-23.31.54:242][589]LogModuleManager: Shutting down and abandoning module SteamVRController (127)
[2017.03.28-23.31.54:242][589]LogModuleManager: Shutting down and abandoning module SteamVR (126)
[2017.03.28-23.31.54:242][589]LogModuleManager: Shutting down and abandoning module ProceduralMeshComponent (125)
[2017.03.28-23.31.54:242][589]LogModuleManager: Shutting down and abandoning module OculusLibrary (124)
[2017.03.28-23.31.54:242][589]LogModuleManager: Shutting down and abandoning module OculusInput (123)
[2017.03.28-23.31.54:242][589]LogModuleManager: Shutting down and abandoning module CustomMeshComponent (122)
[2017.03.28-23.31.54:242][589]LogModuleManager: Shutting down and abandoning module CableComponent (121)
[2017.03.28-23.31.54:242][589]LogModuleManager: Shutting down and abandoning module ArchVisCharacter (120)
[2017.03.28-23.31.54:242][589]LogModuleManager: Shutting down and abandoning module MediaPlayerEditor (119)
[2017.03.28-23.31.54:242][589]LogModuleManager: Shutting down and abandoning module HTML5Networking (118)
[2017.03.28-23.31.54:242][589]LogModuleManager: Shutting down and abandoning module SuperSearch (117)
[2017.03.28-23.31.54:242][589]LogModuleManager: Shutting down and abandoning module SuperSearchEditor (116)
[2017.03.28-23.31.54:242][589]LogModuleManager: Shutting down and abandoning module SpeedTreeImporter (115)
[2017.03.28-23.31.54:242][589]LogModuleManager: Shutting down and abandoning module PluginBrowser (114)
[2017.03.28-23.31.54:242][589]LogModuleManager: Shutting down and abandoning module EpicSurvey (113)
[2017.03.28-23.31.54:242][589]LogModuleManager: Shutting down and abandoning module DesktopPlatform (112)
[2017.03.28-23.31.54:242][589]LogModuleManager: Shutting down and abandoning module VisualStudioSourceCodeAccess (111)
[2017.03.28-23.31.54:242][589]LogModuleManager: Shutting down and abandoning module UObjectPlugin (110)
[2017.03.28-23.31.54:242][589]LogModuleManager: Shutting down and abandoning module SubversionSourceControl (109)
[2017.03.28-23.31.54:242][589]LogModuleManager: Shutting down and abandoning module PerforceSourceControl (108)
[2017.03.28-23.31.54:242][589]LogModuleManager: Shutting down and abandoning module SourceControl (107)
[2017.03.28-23.31.54:242][589]LogModuleManager: Shutting down and abandoning module GitSourceControl (106)
[2017.03.28-23.31.54:242][589]LogModuleManager: Shutting down and abandoning module LightPropagationVolumeEditor (105)
[2017.03.28-23.31.54:242][589]LogModuleManager: Shutting down and abandoning module PaperTiledImporter (104)
[2017.03.28-23.31.54:242][589]LogModuleManager: Shutting down and abandoning module PaperSpriteSheetImporter (103)
[2017.03.28-23.31.54:242][589]LogModuleManager: Shutting down and abandoning module MeshPaint (102)
[2017.03.28-23.31.54:242][589]LogModuleManager: Shutting down and abandoning module PixelInspectorModule (101)
[2017.03.28-23.31.54:242][589]LogModuleManager: Shutting down and abandoning module HotReload (100)
[2017.03.28-23.31.54:242][589]LogModuleManager: Shutting down and abandoning module MainFrame (99)
[2017.03.28-23.31.54:242][589]LogModuleManager: Shutting down and abandoning module LevelEditor (98)
[2017.03.28-23.31.54:243][589]LogModuleManager: Shutting down and abandoning module ContentBrowser (97)
[2017.03.28-23.31.54:244][589]LogModuleManager: Shutting down and abandoning module Paper2DEditor (96)
[2017.03.28-23.31.54:244][589]LogModuleManager: Shutting down and abandoning module UdpMessaging (95)
[2017.03.28-23.31.54:344][589]LogModuleManager: Shutting down and abandoning module SubstanceCore (94)
[2017.03.28-23.31.54:344][589]LogModuleManager: Shutting down and abandoning module LightPropagationVolumeRuntime (93)
[2017.03.28-23.31.54:344][589]LogModuleManager: Shutting down and abandoning module Paper2D (92)
[2017.03.28-23.31.54:344][589]LogModuleManager: Shutting down and abandoning module WindowsMoviePlayer (91)
[2017.03.28-23.31.54:344][589]LogModuleManager: Shutting down and abandoning module Media (90)
[2017.03.28-23.31.54:344][589]LogModuleManager: Shutting down and abandoning module WmfMedia (89)
[2017.03.28-23.31.54:345][589]LogModuleManager: Shutting down and abandoning module MediaAssets (88)
[2017.03.28-23.31.54:345][589]LogModuleManager: Shutting down and abandoning module GameLiveStreaming (87)
[2017.03.28-23.31.54:345][589]LogModuleManager: Shutting down and abandoning module GameplayTagsEditor (86)
[2017.03.28-23.31.54:345][589]LogModuleManager: Shutting down and abandoning module OnlineBlueprintSupport (85)
[2017.03.28-23.31.54:345][589]LogModuleManager: Shutting down and abandoning module VREditor (84)
[2017.03.28-23.31.54:345][589]LogModuleManager: Shutting down and abandoning module GameplayTasksEditor (83)
[2017.03.28-23.31.54:345][589]LogModuleManager: Shutting down and abandoning module PropertyEditor (82)
[2017.03.28-23.31.54:345][589]LogModuleManager: Shutting down and abandoning module BehaviorTreeEditor (81)
[2017.03.28-23.31.54:345][589]LogModuleManager: Shutting down and abandoning module FunctionalTesting (80)
[2017.03.28-23.31.54:345][589]LogModuleManager: Shutting down and abandoning module CollisionAnalyzer (79)
[2017.03.28-23.31.54:345][589]LogModuleManager: Shutting down and abandoning module Sequencer (78)
[2017.03.28-23.31.54:345][589]LogModuleManager: Shutting down and abandoning module WorkspaceMenuStructure (77)
[2017.03.28-23.31.54:345][589]LogModuleManager: Shutting down and abandoning module MessageLog (76)
[2017.03.28-23.31.54:345][589]LogModuleManager: Shutting down and abandoning module AssetTools (75)
[2017.03.28-23.31.54:345][589]LogModuleManager: Shutting down and abandoning module UMGEditor (74)
[2017.03.28-23.31.54:345][589]LogModuleManager: Shutting down and abandoning module UMG (73)
[2017.03.28-23.31.54:345][589]LogModuleManager: Shutting down and abandoning module SlateReflector (72)
[2017.03.28-23.31.54:345][589]LogModuleManager: Shutting down and abandoning module Slate (71)
[2017.03.28-23.31.54:345][589]LogModuleManager: Shutting down and abandoning module EditorStyle (70)
[2017.03.28-23.31.54:348][589]LogModuleManager: Shutting down and abandoning module SourceCodeAccess (69)
[2017.03.28-23.31.54:348][589]LogModuleManager: Shutting down and abandoning module HeadMountedDisplay (68)
[2017.03.28-23.31.54:348][589]LogModuleManager: Shutting down and abandoning module XAudio2 (67)
[2017.03.28-23.31.54:348][589]LogModuleManager: Shutting down and abandoning module Networking (65)
[2017.03.28-23.31.54:348][589]LogModuleManager: Shutting down and abandoning module Core (64)
[2017.03.28-23.31.54:348][589]LogModuleManager: Shutting down and abandoning module DirectoryWatcher (63)
[2017.03.28-23.31.54:348][589]LogModuleManager: Shutting down and abandoning module AssetRegistry (62)
[2017.03.28-23.31.54:569][589]LogModuleManager: Shutting down and abandoning module KismetCompiler (61)
[2017.03.28-23.31.54:569][589]LogModuleManager: Shutting down and abandoning module PhysXFormats (60)
[2017.03.28-23.31.54:569][589]LogModuleManager: Shutting down and abandoning module MeshUtilities (59)
[2017.03.28-23.31.54:569][589]LogModuleManager: Shutting down and abandoning module DerivedDataCache (58)
[2017.03.28-23.31.54:949][589]LogDerivedDataCache: Shutdown
[2017.03.28-23.31.54:949][589]LogModuleManager: Shutting down and abandoning module VulkanShaderFormat (57)
[2017.03.28-23.31.54:949][589]LogModuleManager: Shutting down and abandoning module ShaderFormatOpenGL (56)
[2017.03.28-23.31.54:949][589]LogModuleManager: Shutting down and abandoning module ShaderFormatD3D (55)
[2017.03.28-23.31.54:949][589]LogModuleManager: Shutting down and abandoning module MetalShaderFormat (54)
[2017.03.28-23.31.54:949][589]LogModuleManager: Shutting down and abandoning module TextureFormatUncompressed (53)
[2017.03.28-23.31.54:949][589]LogModuleManager: Shutting down and abandoning module TextureFormatPVR (52)
[2017.03.28-23.31.54:949][589]LogModuleManager: Shutting down and abandoning module TextureFormatIntelISPCTexComp (51)
[2017.03.28-23.31.54:949][589]LogModuleManager: Shutting down and abandoning module TextureFormatDXT (50)
[2017.03.28-23.31.54:949][589]LogModuleManager: Shutting down and abandoning module ImageWrapper (49)
[2017.03.28-23.31.54:949][589]LogModuleManager: Shutting down and abandoning module TextureFormatASTC (48)
[2017.03.28-23.31.54:949][589]LogModuleManager: Shutting down and abandoning module TextureFormatAndroid (47)
[2017.03.28-23.31.54:949][589]LogModuleManager: Shutting down and abandoning module AudioFormatOpus (46)
[2017.03.28-23.31.54:949][589]LogModuleManager: Shutting down and abandoning module AudioFormatOgg (45)
[2017.03.28-23.31.54:949][589]LogModuleManager: Shutting down and abandoning module AudioFormatADPCM (44)
[2017.03.28-23.31.54:949][589]LogModuleManager: Shutting down and abandoning module LinuxTargetPlatform (43)
[2017.03.28-23.31.54:949][589]LogModuleManager: Shutting down and abandoning module LinuxServerTargetPlatform (42)
[2017.03.28-23.31.54:949][589]LogModuleManager: Shutting down and abandoning module LinuxNoEditorTargetPlatform (41)
[2017.03.28-23.31.54:949][589]LogModuleManager: Shutting down and abandoning module TVOSTargetPlatform (40)
[2017.03.28-23.31.54:949][589]LogModuleManager: Shutting down and abandoning module Messaging (39)
[2017.03.28-23.31.54:949][589]LogModuleManager: Shutting down and abandoning module IOSTargetPlatform (38)
[2017.03.28-23.31.54:949][589]LogModuleManager: Shutting down and abandoning module HTML5TargetPlatform (37)
[2017.03.28-23.31.54:949][589]LogModuleManager: Shutting down and abandoning module Android_PVRTCTargetPlatform (36)
[2017.03.28-23.31.54:949][589]LogModuleManager: Shutting down and abandoning module Android_MultiTargetPlatform (35)
[2017.03.28-23.31.54:949][589]LogModuleManager: Shutting down and abandoning module Android_ETC2TargetPlatform (34)
[2017.03.28-23.31.54:949][589]LogModuleManager: Shutting down and abandoning module Android_ETC1TargetPlatform (33)
[2017.03.28-23.31.54:949][589]LogModuleManager: Shutting down and abandoning module Android_DXTTargetPlatform (32)
[2017.03.28-23.31.54:949][589]LogModuleManager: Shutting down and abandoning module Android_ATCTargetPlatform (31)
[2017.03.28-23.31.54:949][589]LogModuleManager: Shutting down and abandoning module Android_ASTCTargetPlatform (30)
[2017.03.28-23.31.54:949][589]LogModuleManager: Shutting down and abandoning module AndroidTargetPlatform (29)
[2017.03.28-23.31.54:949][589]LogModuleManager: Shutting down and abandoning module WindowsTargetPlatform (28)
[2017.03.28-23.31.54:949][589]LogModuleManager: Shutting down and abandoning module WindowsServerTargetPlatform (27)
[2017.03.28-23.31.54:949][589]LogModuleManager: Shutting down and abandoning module WindowsNoEditorTargetPlatform (26)
[2017.03.28-23.31.54:949][589]LogModuleManager: Shutting down and abandoning module WindowsClientTargetPlatform (25)
[2017.03.28-23.31.54:949][589]LogModuleManager: Shutting down and abandoning module AllDesktopTargetPlatform (24)
[2017.03.28-23.31.54:949][589]LogModuleManager: Shutting down and abandoning module TargetPlatform (23)
[2017.03.28-23.31.54:949][589]LogModuleManager: Shutting down and abandoning module InputCore (22)
[2017.03.28-23.31.54:949][589]LogModuleManager: Shutting down and abandoning module Settings (21)
[2017.03.28-23.31.54:949][589]LogModuleManager: Shutting down and abandoning module OnlineSubsystem (19)
[2017.03.28-23.31.54:949][589]LogModuleManager: Shutting down and abandoning module HTTP (18)
[2017.03.28-23.31.56:452][589]LogModuleManager: Shutting down and abandoning module XMPP (17)
[2017.03.28-23.31.56:452][589]LogModuleManager: Shutting down and abandoning module OculusRift (16)
[2017.03.28-23.31.56:452][589]LogModuleManager: Shutting down and abandoning module ExampleDeviceProfileSelector (15)
[2017.03.28-23.31.56:452][589]LogModuleManager: Shutting down and abandoning module TextureCompressor (14)
[2017.03.28-23.31.56:452][589]LogModuleManager: Shutting down and abandoning module ShaderCore (13)
[2017.03.28-23.31.56:452][589]LogModuleManager: Shutting down and abandoning module Landscape (12)
[2017.03.28-23.31.56:452][589]LogModuleManager: Shutting down and abandoning module SlateRHIRenderer (11)
[2017.03.28-23.31.56:454][589]LogModuleManager: Shutting down and abandoning module OpenGLDrv (10)
[2017.03.28-23.31.56:454][589]LogModuleManager: Shutting down and abandoning module D3D11RHI (9)
[2017.03.28-23.31.56:454][589]LogModuleManager: Shutting down and abandoning module AnimGraphRuntime (8)
[2017.03.28-23.31.56:454][589]LogModuleManager: Shutting down and abandoning module Renderer (7)
[2017.03.28-23.31.56:454][589]LogModuleManager: Shutting down and abandoning module Engine (6)
[2017.03.28-23.31.56:454][589]LogModuleManager: Shutting down and abandoning module CoreUObject (5)
[2017.03.28-23.31.56:454][589]LogModuleManager: Shutting down and abandoning module NetworkFile (4)
[2017.03.28-23.31.56:454][589]LogModuleManager: Shutting down and abandoning module StreamingFile (3)
[2017.03.28-23.31.56:454][589]LogModuleManager: Shutting down and abandoning module SandboxFile (2)
[2017.03.28-23.31.56:454][589]LogModuleManager: Shutting down and abandoning module PakFile (1)
[2017.03.28-23.31.56:455][589]LogExit: Exiting.
[2017.03.28-23.31.56:474][589]Log file closed, 03/28/17 19:31:56
