Log file open, 04/30/17 21:53:29
LogInit:Display: Running engine for game: SoulStriker
LogPlatformFile: Not using cached read wrapper
LogInit:Display: RandInit(-781098079) SRandInit(-781098078).
LogTaskGraph: Started task graph with 4 named threads and 7 total threads with 1 sets of task threads.
LogStats: Stats thread started at 0.070695
LogInit: Version: 4.12.5-3039270+++UE4+Release-4.12
LogInit: API Version: 2992821
LogInit: Net Version: 3039270
LogDevObjectVersion: Number of dev versions registered: 13
LogDevObjectVersion:   Dev-Blueprints (B0D832E4-1F89-4F0D-ACCF-7EB736FD4AA2): 3
LogDevObjectVersion:   Dev-Build (E1C64328-A22C-4D53-A36C-8E866417BD8C): 0
LogDevObjectVersion:   Dev-Core (375EC13C-06E4-48FB-B500-84F0262A717E): 1
LogDevObjectVersion:   Dev-Editor (E4B068ED-F494-42E9-A231-DA0B2E46BB41): 2
LogDevObjectVersion:   Dev-Framework (CFFC743F-43B0-4480-9391-14DF171D2073): 6
LogDevObjectVersion:   Dev-Mobile (B02B49B5-BB20-44E9-A304-32B752E40360): 0
LogDevObjectVersion:   Dev-Networking (A4E4105C-59A1-49B5-A7C5-40C4547EDFEE): 0
LogDevObjectVersion:   Dev-Online (39C831C9-5AE6-47DC-9A44-9C173E1C8E7C): 0
LogDevObjectVersion:   Dev-Physics (78F01B33-EBEA-4F98-B9B4-84EACCB95AA2): 0
LogDevObjectVersion:   Dev-Platform (6631380F-2D4D-43E0-8009-CF276956A95A): 0
LogDevObjectVersion:   Dev-Rendering (12F88B9F-8875-4AFC-A67C-D90C383ABD29): 2
LogDevObjectVersion:   Dev-Sequencer (7B5AE74C-D270-4C10-A958-57980B212A5A): 0
LogDevObjectVersion:   Dev-VR (D7296918-1DD6-4BDD-9DE2-64A83CC13884): 0
LogInit: Compiled (64-bit): Jul  6 2016 09:09:46
LogInit: Compiled with Visual C++: 19.00.23026.00
LogInit: Build Configuration: Development
LogInit: Branch Name: ++UE4+Release-4.12
LogInit: Command line:  /Temp/Autosaves/Game/Maps/UEDPCMainMenu -game -PIEVIACONSOLE -ResX=1920 -ResY=1080  -Multiprocess -windowed -messaging -SessionName="Play in Standalone Game" 
LogInit: Base directory: G:/Program Files (x86)/Epic Games/4.12/Engine/Binaries/Win64/
LogInit: Installed Engine Build: 1
LogFileManager:Warning: Error deleting file: C:/Users/Derek/Documents/Unreal Projects/Soul-Striker-Main/Soul Striker/Saved/Logs/SoulStriker.log (Error Code 32)
LogInit: Using libcurl 7.41.0
LogInit:  - built for x86_64-pc-win32
LogInit:  - supports SSL with WinSSL
LogInit:  - other features:
LogInit:      CURL_VERSION_SSL
LogInit:      CURL_VERSION_IPV6
LogInit:      CURL_VERSION_ASYNCHDNS
LogInit:      CURL_VERSION_LARGEFILE
LogInit:      CURL_VERSION_IDN
LogInit:  CurlRequestOptions (configurable via config and command line):
LogInit:  - bVerifyPeer = true  - Libcurl will verify peer certificate
LogInit:  - bUseHttpProxy = false  - Libcurl will NOT use HTTP proxy
LogInit:  - bDontReuseConnections = false  - Libcurl will reuse connections
LogInit:  - CertBundlePath = nullptr  - Libcurl will use whatever was configured at build time.
LogInit: Presizing for max 8388607 objects, including 0 objects not considered by GC, pre-allocating 0 bytes for permanent pool.
LogInit: Object subsystem initialized
[2017.05.01-01.53.29:557][  0]LogInit: Selected Device Profile: [Windows]
[2017.05.01-01.53.29:557][  0]LogInit: Applying CVar settings loaded from the selected device profile: [Windows]
[2017.05.01-01.53.29:560][  0]LogInit: Computer: DEREK-DESKTOP
[2017.05.01-01.53.29:560][  0]LogInit: User: Derek
[2017.05.01-01.53.29:560][  0]LogInit: CPU Page size=65536, Cores=4
[2017.05.01-01.53.29:560][  0]LogInit: High frequency timer resolution =3.415987 MHz
[2017.05.01-01.53.29:560][  0]LogMemory: Memory total: Physical=15.9GB (16GB approx)
[2017.05.01-01.53.29:560][  0]LogMemory: Platform Memory Stats for Windows
[2017.05.01-01.53.29:560][  0]LogMemory: Process Physical Memory: 191.53 MB used, 191.53 MB peak
[2017.05.01-01.53.29:560][  0]LogMemory: Process Virtual Memory: 194.98 MB used, 194.98 MB peak
[2017.05.01-01.53.29:560][  0]LogMemory: Physical Memory: 6633.20 MB used, 16321.41 MB total
[2017.05.01-01.53.29:560][  0]LogMemory: Virtual Memory: 552.91 MB used, 134217728.00 MB total
[2017.05.01-01.53.29:599][  0]LogTextLocalizationManager: No specific translations for ('en-US') exist, so ('en') translations will be used.
[2017.05.01-01.53.29:928][  0]LogD3D11RHI: D3D11 adapters:
[2017.05.01-01.53.29:953][  0]LogD3D11RHI:    0. 'NVIDIA GeForce GTX 750 Ti' (Feature Level 11_0)
[2017.05.01-01.53.29:953][  0]LogD3D11RHI:       2016/0/8160 MB DedicatedVideo/DedicatedSystem/SharedSystem, Outputs:1, VendorId:0x10de
[2017.05.01-01.53.29:955][  0]LogD3D11RHI:    1. 'Microsoft Basic Render Driver' (Feature Level 11_0)
[2017.05.01-01.53.29:955][  0]LogD3D11RHI:       0/0/8160 MB DedicatedVideo/DedicatedSystem/SharedSystem, Outputs:0, VendorId:0x1414
[2017.05.01-01.53.29:955][  0]LogD3D11RHI: Chosen D3D11 Adapter: 0
[2017.05.01-01.53.29:959][  0]LogD3D11RHI: Creating new Direct3DDevice
[2017.05.01-01.53.29:959][  0]LogD3D11RHI:     GPU DeviceId: 0x1380 (for the marketing name, search the web for "GPU Device Id")
[2017.05.01-01.53.29:959][  0]LogWindows: EnumDisplayDevices:
[2017.05.01-01.53.29:959][  0]LogWindows:    0. 'NVIDIA GeForce GTX 750 Ti' (P:1 D:1)
[2017.05.01-01.53.29:960][  0]LogWindows:    1. 'NVIDIA GeForce GTX 750 Ti' (P:0 D:0)
[2017.05.01-01.53.29:960][  0]LogWindows:    2. 'NVIDIA GeForce GTX 750 Ti' (P:0 D:0)
[2017.05.01-01.53.29:960][  0]LogWindows:    3. 'Radmin Mirror Driver V3' (P:0 D:0)
[2017.05.01-01.53.29:960][  0]LogWindows: DebugString: GetVideoDriverDetailsInvalid PrimaryIsNotTheChoosenAdapter FoundDriverCount:3 
[2017.05.01-01.53.29:960][  0]LogD3D11RHI:     Adapter Name: NVIDIA GeForce GTX 750 Ti
[2017.05.01-01.53.29:960][  0]LogD3D11RHI:   Driver Version: 376.53 (internal:21.21.13.7653, unified:376.53)
[2017.05.01-01.53.29:960][  0]LogD3D11RHI:      Driver Date: 12-29-2016
[2017.05.01-01.53.29:960][  0]LogRHI: Texture pool is 1361 MB (70% of 1945 MB)
[2017.05.01-01.53.29:974][  0]LogD3D11RHI: Async texture creation enabled
[2017.05.01-01.53.29:983][  0]LogD3D11RHI: GPU Timing Frequency: 1000.000000 (Debug: 2 1)
[2017.05.01-01.53.29:984][  0]LogShaderCompilers: Guid format shader working directory is -25 characters bigger than the processId version (C:/Users/Derek/Documents/Unreal Projects/Soul-Striker-Main/Soul Striker/Intermediate/Shaders/WorkingDirectory/1080/).
[2017.05.01-01.53.29:984][  0]LogShaderCompilers: Cleaned the shader compiler working directory 'C:/Users/Derek/AppData/Local/Temp/UnrealShaderWorkingDir/B9DC67C94D7E34E9DDF94DA12DB7D814/'.
[2017.05.01-01.53.29:984][  0]LogShaderCompilers:Display: Using Local Shader Compiler.
[2017.05.01-01.53.30:978][  0]LogTemp:Display: Loaded TP WindowsClientTargetPlatform
[2017.05.01-01.53.30:987][  0]LogTemp:Display: Loaded TP WindowsNoEditorTargetPlatform
[2017.05.01-01.53.30:995][  0]LogTemp:Display: Loaded TP WindowsServerTargetPlatform
[2017.05.01-01.53.31:003][  0]LogTemp:Display: Loaded TP WindowsTargetPlatform
[2017.05.01-01.53.31:003][  0]LogTargetPlatformManager:Display: Building Assets For Windows
[2017.05.01-01.53.31:074][  0]LogDerivedDataCache:Display: Max Cache Size: 512 MB
[2017.05.01-01.53.31:119][  0]LogDerivedDataCache: Loaded boot cache 0.04s 48MB C:/Users/Derek/AppData/Local/UnrealEngine/4.12/DerivedDataCache/Boot.ddc.
[2017.05.01-01.53.31:119][  0]LogDerivedDataCache:Display: Loaded Boot cache: C:/Users/Derek/AppData/Local/UnrealEngine/4.12/DerivedDataCache/Boot.ddc
[2017.05.01-01.53.31:119][  0]LogDerivedDataCache: FDerivedDataBackendGraph:  Pak pak cache file C:/Users/Derek/Documents/Unreal Projects/Soul-Striker-Main/Soul Striker/DerivedDataCache/DDC.ddp not found, will not use a pak cache.
[2017.05.01-01.53.31:119][  0]LogDerivedDataCache: Unable to find inner node Pak for hierarchical cache Hierarchy.
[2017.05.01-01.53.31:119][  0]LogDerivedDataCache: FDerivedDataBackendGraph:  CompressedPak pak cache file C:/Users/Derek/Documents/Unreal Projects/Soul-Striker-Main/Soul Striker/DerivedDataCache/Compressed.ddp not found, will not use a pak cache.
[2017.05.01-01.53.31:119][  0]LogDerivedDataCache: Unable to find inner node CompressedPak for hierarchical cache Hierarchy.
[2017.05.01-01.53.31:134][  0]LogDerivedDataCache:Display: Pak cache opened for reading ../../../Engine/DerivedDataCache/Compressed.ddp.
[2017.05.01-01.53.31:145][  0]LogDerivedDataCache: Using Local data cache path C:/Users/Derek/AppData/Local/UnrealEngine/Common/DerivedDataCache: Writable
[2017.05.01-01.53.31:293][  0]LogAssetRegistry: FAssetRegistry took 0.0001 seconds to start up
[2017.05.01-01.53.31:298][  0]LogPackageLocalizationCache: Processed 3 localized package path(s) for 2 prioritized culture(s) in 0.004519 seconds
[2017.05.01-01.53.31:301][  0]LogInit: Selected Device Profile: [Windows]
[2017.05.01-01.53.31:301][  0]LogContentStreaming: Texture pool size is 1000.00 MB
[2017.05.01-01.53.31:419][  0]LogMeshUtilities: No automatic mesh reduction module available
[2017.05.01-01.53.31:419][  0]LogMeshUtilities: No automatic mesh merging module available
[2017.05.01-01.53.31:419][  0]LogMeshUtilities: No distributed automatic mesh merging module available
[2017.05.01-01.53.31:589][  0]LogInit: WinSock: version 1.1 (2.2), MaxSocks=32767, MaxUdp=65467
[2017.05.01-01.53.31:724][  0]LogSlate: SlateFontCache - WITH_FREETYPE: 1, WITH_HARFBUZZ: 1
[2017.05.01-01.53.31:724][  0]LogSlate: SlateFontCache - WITH_FREETYPE: 1, WITH_HARFBUZZ: 1
[2017.05.01-01.53.31:776][  0]LogMoviePlayer: Initializing movie player
[2017.05.01-01.53.31:853][  0]LogWindowsMoviePlayer: Unable to load movie: C:/Users/Derek/Documents/Unreal Projects/Soul-Striker-Main/Soul Striker/Content/Movies/Default_Startup.mp4
[2017.05.01-01.53.31:916][  0]LogSubstanceCoreModule: Substance CPU Engine Loaded, Max Texture Size 2048
[2017.05.01-01.53.31:923][  0]LogUdpMessaging: Initializing bridge on interface 0.0.0.0:0 to multicast group 230.0.0.1:6666.
[2017.05.01-01.53.31:989][  0]SourceControl: Info Source control is disabled
[2017.05.01-01.53.31:989][  0]SourceControl: Info Source control is disabled
[2017.05.01-01.53.31:995][  0]SourceControl: Info Source control is disabled
[2017.05.01-01.53.32:080][  0]LogUObjectArray: 31128 objects as part of root set at end of initial load.
[2017.05.01-01.53.32:080][  0]LogUObjectAllocator: 6742592 out of 0 bytes used by permanent object pool.
[2017.05.01-01.53.32:080][  0]LogUObjectArray: CloseDisregardForGC: 0/0 objects in disregard for GC pool
[2017.05.01-01.53.32:127][  0]LogEngine: Initializing Engine...
[2017.05.01-01.53.32:135][  0]LogHMD: SteamVR failed to initialize.  Err: 108
[2017.05.01-01.53.32:141][  0]LogHMD: SteamVR failed to initialize.  Err: 108
[2017.05.01-01.53.32:257][  0]LogInit: XAudio2 using 'SCEI MONITOR-0 (NVIDIA High Definition Audio)' : 2 channels at 48 kHz using 16 bits per sample (channel mask 0x3)
[2017.05.01-01.53.32:266][  0]LogInit: FAudioDevice initialized.
[2017.05.01-01.53.32:271][  0]LogInit: Texture streaming: Enabled
[2017.05.01-01.53.32:336][  0]LogNet: Browse: /Temp/Autosaves/Game/Maps/UEDPCMainMenu?Name=Player
[2017.05.01-01.53.32:336][  0]LogLoad: LoadMap: /Temp/Autosaves/Game/Maps/UEDPCMainMenu?Name=Player
[2017.05.01-01.53.32:348][  0]LogMemory: Platform Memory Stats for Windows
[2017.05.01-01.53.32:348][  0]LogMemory: Process Physical Memory: 556.78 MB used, 574.17 MB peak
[2017.05.01-01.53.32:348][  0]LogMemory: Process Virtual Memory: 604.23 MB used, 604.24 MB peak
[2017.05.01-01.53.32:348][  0]LogMemory: Physical Memory: 6912.19 MB used, 16321.41 MB total
[2017.05.01-01.53.32:348][  0]LogMemory: Virtual Memory: 1233.26 MB used, 134217728.00 MB total
[2017.05.01-01.53.32:348][  0]LogMemory: 
[2017.05.01-01.53.32:349][  0]Allocator Stats for TBB: (not implemented)
[2017.05.01-01.53.32:385][  0]LogAIModule: Creating AISystem for world MainMenu
[2017.05.01-01.53.33:357][  0]LogWorld: Game class is 'SoulStrikerCampaign_C'
[2017.05.01-01.53.33:358][  0]LogWorld: Bringing World /Temp/Autosaves/Game/Maps/UEDPCMainMenu.MainMenu up for play (max tick rate 0) at 2017.04.30-21.53.33
[2017.05.01-01.53.33:358][  0]LogWorld: Bringing up level for play took: 0.000820
[2017.05.01-01.53.33:366][  0]LogLoad: Took 1.030211 seconds to LoadMap(/Temp/Autosaves/Game/Maps/UEDPCMainMenu)
[2017.05.01-01.53.33:366][  0]LogInit:Display: Game Engine Initialized.
[2017.05.01-01.53.33:589][  0]LogLoad: Full Startup: 4.53 seconds (BP compile: 0.34 seconds)
[2017.05.01-01.53.33:589][  0]LogExternalProfiler: No external profilers were discovered.  External profiling features will not be available.
[2017.05.01-01.53.33:606][  0]LogWindowsTextInputMethodSystem:Display: IME system now deactivated.
[2017.05.01-01.53.33:606][  0]LogOcInput: OculusInput pre-init called
[2017.05.01-01.53.33:697][  2]LogRenderer: Reallocating scene render targets to support 1600x900 (Frame:2).
[2017.05.01-01.53.35:303][ 80]LogPackageName: SearchForPackageOnDisk took   0.056s to resolve Level_1.umap.
[2017.05.01-01.53.35:357][ 80]LogPackageName: SearchForPackageOnDisk took   0.054s to resolve Level_1.umap.
[2017.05.01-01.53.35:358][ 80]LogNet: Browse: /Game/Maps/Level_1
[2017.05.01-01.53.35:358][ 80]LogLoad: LoadMap: /Game/Maps/Level_1
[2017.05.01-01.53.35:431][ 80]LogMemory: Platform Memory Stats for Windows
[2017.05.01-01.53.35:431][ 80]LogMemory: Process Physical Memory: 683.95 MB used, 706.55 MB peak
[2017.05.01-01.53.35:431][ 80]LogMemory: Process Virtual Memory: 955.70 MB used, 981.04 MB peak
[2017.05.01-01.53.35:431][ 80]LogMemory: Physical Memory: 7016.29 MB used, 16321.41 MB total
[2017.05.01-01.53.35:431][ 80]LogMemory: Virtual Memory: 1623.08 MB used, 134217728.00 MB total
[2017.05.01-01.53.35:431][ 80]LogMemory: 
[2017.05.01-01.53.35:431][ 80]Allocator Stats for TBB: (not implemented)
[2017.05.01-01.53.36:045][ 80]LogLinker:Warning: CreateImport: Failed to load Outer for resource 'ArrowComponent0': tutorialOrbEnabler_C /Game/bluePrints/tutorialOrbEnabler.Default__tutorialOrbEnabler_C
[2017.05.01-01.53.36:588][ 80]LogMaterial: Missing cached shader map for material brick_texture_1_diffuse_Mat, compiling. 
[2017.05.01-01.53.36:589][ 80]LogMaterial:Warning: Failed to compile Material /Game/customMaterials/brick_texture_1_diffuse_Mat.brick_texture_1_diffuse_Mat for platform PCD3D_SM5, Default Material will be used in game.
[2017.05.01-01.53.36:589][ 80]LogMaterial:Warning: 	(Node TextureSample) TextureSample> Missing input texture
[2017.05.01-01.53.36:656][ 80]LogAIModule: Creating AISystem for world Level_1
[2017.05.01-01.53.36:656][ 80]LogWorld: Game class is 'SoulStrikerCampaign_C'
[2017.05.01-01.53.36:687][ 80]LogWorld: Bringing World /Game/Maps/Level_1.Level_1 up for play (max tick rate 0) at 2017.04.30-21.53.36
[2017.05.01-01.53.36:690][ 80]LogWorld: Bringing up level for play took: 0.033040
[2017.05.01-01.53.36:694][ 80]LogLoad: Took 1.336699 seconds to LoadMap(/Game/Maps/Level_1)
[2017.05.01-01.53.45:845][647]LogBlueprintUserMessages: [AI_TurretBullet_C_0] 9.0
[2017.05.01-01.53.46:813][707]LogBlueprintUserMessages: [AI_TurretBullet_C_1] 8.0
[2017.05.01-01.53.47:764][766]LogBlueprintUserMessages: [AI_TurretBullet_C_2] 7.0
[2017.05.01-01.53.48:748][827]LogBlueprintUserMessages: [AI_TurretBullet_C_3] 6.0
[2017.05.01-01.53.49:216][856]LogScriptCore:Warning: Attempted to get an item from array CallFunc_GetOverlappingActors_OverlappingActors out of bounds [0/0]!

[2017.05.01-01.53.49:216][856]LogScriptCore:Warning: Attempted to get an item from array CallFunc_GetOverlappingActors_OverlappingActors2 out of bounds [0/0]!

[2017.05.01-01.53.49:748][889]LogBlueprintUserMessages: [AI_TurretBullet_C_4] 5.0
[2017.05.01-01.53.49:893][898]LogScriptCore:Warning: Attempted to get an item from array CallFunc_GetOverlappingActors_OverlappingActors out of bounds [0/0]!

[2017.05.01-01.53.49:893][898]LogScriptCore:Warning: Attempted to get an item from array CallFunc_GetOverlappingActors_OverlappingActors2 out of bounds [0/0]!

[2017.05.01-01.53.50:426][931]LogScriptCore:Warning: Attempted to get an item from array CallFunc_GetOverlappingActors_OverlappingActors out of bounds [0/0]!

[2017.05.01-01.53.50:426][931]LogScriptCore:Warning: Attempted to get an item from array CallFunc_GetOverlappingActors_OverlappingActors2 out of bounds [0/0]!

[2017.05.01-01.53.50:751][951]LogBlueprintUserMessages: [AI_TurretBullet_C_5] 4.0
[2017.05.01-01.53.50:960][964]LogScriptCore:Warning: Attempted to get an item from array CallFunc_GetOverlappingActors_OverlappingActors out of bounds [0/0]!

[2017.05.01-01.53.50:960][964]LogScriptCore:Warning: Attempted to get an item from array CallFunc_GetOverlappingActors_OverlappingActors2 out of bounds [0/0]!

[2017.05.01-01.53.51:686][  9]LogScriptCore:Warning: Attempted to get an item from array CallFunc_GetOverlappingActors_OverlappingActors out of bounds [0/0]!

[2017.05.01-01.53.51:686][  9]LogScriptCore:Warning: Attempted to get an item from array CallFunc_GetOverlappingActors_OverlappingActors2 out of bounds [0/0]!

[2017.05.01-01.53.51:751][ 13]LogBlueprintUserMessages: [AI_TurretBullet_C_6] 3.0
[2017.05.01-01.53.52:364][ 51]LogScriptCore:Warning: Attempted to get an item from array CallFunc_GetOverlappingActors_OverlappingActors out of bounds [0/0]!

[2017.05.01-01.53.52:364][ 51]LogScriptCore:Warning: Attempted to get an item from array CallFunc_GetOverlappingActors_OverlappingActors2 out of bounds [0/0]!

[2017.05.01-01.53.52:751][ 75]LogBlueprintUserMessages: [AI_TurretBullet_C_7] 2.0
[2017.05.01-01.53.53:025][ 92]LogScriptCore:Warning: Attempted to get an item from array CallFunc_GetOverlappingActors_OverlappingActors out of bounds [0/0]!

[2017.05.01-01.53.53:025][ 92]LogScriptCore:Warning: Attempted to get an item from array CallFunc_GetOverlappingActors_OverlappingActors2 out of bounds [0/0]!

[2017.05.01-01.53.54:864][206]LogBlueprintUserMessages: [AI_TurretBullet_C_8] 1.0
[2017.05.01-01.53.56:107][283]LogBlueprintUserMessages: [AI_TurretBullet_C_10] 0.0
[2017.05.01-01.53.56:164][283]LogPackageName: SearchForPackageOnDisk took   0.056s to resolve DeathLevel.umap.
[2017.05.01-01.53.56:222][284]LogPackageName: SearchForPackageOnDisk took   0.056s to resolve DeathLevel.umap.
[2017.05.01-01.53.56:222][284]LogNet: Browse: /Game/Maps/DeathLevel
[2017.05.01-01.53.56:222][284]LogLoad: LoadMap: /Game/Maps/DeathLevel
[2017.05.01-01.53.56:317][284]LogMemory: Platform Memory Stats for Windows
[2017.05.01-01.53.56:317][284]LogMemory: Process Physical Memory: 725.28 MB used, 800.57 MB peak
[2017.05.01-01.53.56:317][284]LogMemory: Process Virtual Memory: 1060.83 MB used, 1146.04 MB peak
[2017.05.01-01.53.56:317][284]LogMemory: Physical Memory: 7059.59 MB used, 16321.41 MB total
[2017.05.01-01.53.56:317][284]LogMemory: Virtual Memory: 1732.38 MB used, 134217728.00 MB total
[2017.05.01-01.53.56:317][284]LogMemory: 
[2017.05.01-01.53.56:317][284]Allocator Stats for TBB: (not implemented)
[2017.05.01-01.53.56:333][284]LogAIModule: Creating AISystem for world DeathLevel
[2017.05.01-01.53.57:281][284]LogWorld: Game class is 'SoulStrikerCampaign_C'
[2017.05.01-01.53.57:282][284]LogWorld: Bringing World /Game/Maps/DeathLevel.DeathLevel up for play (max tick rate 0) at 2017.04.30-21.53.57
[2017.05.01-01.53.57:283][284]LogWorld: Bringing up level for play took: 0.000523
[2017.05.01-01.53.57:283][284]LogGameMode: Warning - PATHS NOT DEFINED or NO PLAYERSTART with positive rating
[2017.05.01-01.53.57:286][284]LogLoad: Took 1.064217 seconds to LoadMap(/Game/Maps/DeathLevel)
[2017.05.01-01.54.06:284][839]LogPackageName: SearchForPackageOnDisk took   0.057s to resolve Level_1.umap.
[2017.05.01-01.54.06:339][839]LogPackageName: SearchForPackageOnDisk took   0.055s to resolve Level_1.umap.
[2017.05.01-01.54.06:339][839]LogNet: Browse: /Game/Maps/Level_1
[2017.05.01-01.54.06:340][839]LogLoad: LoadMap: /Game/Maps/Level_1
[2017.05.01-01.54.06:407][839]LogMemory: Platform Memory Stats for Windows
[2017.05.01-01.54.06:407][839]LogMemory: Process Physical Memory: 705.00 MB used, 800.57 MB peak
[2017.05.01-01.54.06:407][839]LogMemory: Process Virtual Memory: 1003.98 MB used, 1146.04 MB peak
[2017.05.01-01.54.06:407][839]LogMemory: Physical Memory: 7034.99 MB used, 16321.41 MB total
[2017.05.01-01.54.06:407][839]LogMemory: Virtual Memory: 1748.37 MB used, 134217728.00 MB total
[2017.05.01-01.54.06:407][839]LogMemory: 
[2017.05.01-01.54.06:407][839]Allocator Stats for TBB: (not implemented)
[2017.05.01-01.54.07:014][839]LogLinker:Warning: CreateImport: Failed to load Outer for resource 'ArrowComponent0': tutorialOrbEnabler_C /Game/bluePrints/tutorialOrbEnabler.Default__tutorialOrbEnabler_C
[2017.05.01-01.54.07:525][839]LogMaterial: Missing cached shader map for material brick_texture_1_diffuse_Mat, compiling. 
[2017.05.01-01.54.07:525][839]LogMaterial:Warning: Failed to compile Material /Game/customMaterials/brick_texture_1_diffuse_Mat.brick_texture_1_diffuse_Mat for platform PCD3D_SM5, Default Material will be used in game.
[2017.05.01-01.54.07:525][839]LogMaterial:Warning: 	(Node TextureSample) TextureSample> Missing input texture
[2017.05.01-01.54.07:620][839]LogAIModule: Creating AISystem for world Level_1
[2017.05.01-01.54.07:620][839]LogWorld: Game class is 'SoulStrikerCampaign_C'
[2017.05.01-01.54.07:651][839]LogWorld: Bringing World /Game/Maps/Level_1.Level_1 up for play (max tick rate 0) at 2017.04.30-21.54.07
[2017.05.01-01.54.07:653][839]LogWorld: Bringing up level for play took: 0.032386
[2017.05.01-01.54.07:657][839]LogLoad: Took 1.317083 seconds to LoadMap(/Game/Maps/Level_1)
[2017.05.01-01.54.13:842][219]LogPackageName: SearchForPackageOnDisk took   0.055s to resolve MainMenu.umap.
[2017.05.01-01.54.13:898][219]LogPackageName: SearchForPackageOnDisk took   0.056s to resolve MainMenu.umap.
[2017.05.01-01.54.13:898][219]LogNet: Browse: /Game/Maps/MainMenu
[2017.05.01-01.54.13:899][219]LogLoad: LoadMap: /Game/Maps/MainMenu
[2017.05.01-01.54.13:986][219]LogMemory: Platform Memory Stats for Windows
[2017.05.01-01.54.13:986][219]LogMemory: Process Physical Memory: 747.00 MB used, 800.57 MB peak
[2017.05.01-01.54.13:986][219]LogMemory: Process Virtual Memory: 1086.06 MB used, 1146.04 MB peak
[2017.05.01-01.54.13:986][219]LogMemory: Physical Memory: 7084.39 MB used, 16321.41 MB total
[2017.05.01-01.54.13:986][219]LogMemory: Virtual Memory: 1752.30 MB used, 134217728.00 MB total
[2017.05.01-01.54.13:986][219]LogMemory: 
[2017.05.01-01.54.13:986][219]Allocator Stats for TBB: (not implemented)
[2017.05.01-01.54.14:011][219]LogAIModule: Creating AISystem for world MainMenu
[2017.05.01-01.54.14:964][219]LogWorld: Game class is 'SoulStrikerCampaign_C'
[2017.05.01-01.54.14:966][219]LogWorld: Bringing World /Game/Maps/MainMenu.MainMenu up for play (max tick rate 0) at 2017.04.30-21.54.14
[2017.05.01-01.54.14:966][219]LogWorld: Bringing up level for play took: 0.000647
[2017.05.01-01.54.14:966][219]LogGameMode: Warning - PATHS NOT DEFINED or NO PLAYERSTART with positive rating
[2017.05.01-01.54.14:970][219]LogLoad: Took 1.071638 seconds to LoadMap(/Game/Maps/MainMenu)
[2017.05.01-01.54.16:602][321]Closing by request
[2017.05.01-01.54.16:602][321]LogWindows: FPlatformMisc::RequestExit(0)
[2017.05.01-01.54.16:603][322]LogMoviePlayer: Shutting down movie player
[2017.05.01-01.54.17:183][322]LogWindowsTextInputMethodSystem:Display: IME system now deactivated.
[2017.05.01-01.54.17:186][322]LogExit: Preparing to exit.
[2017.05.01-01.54.18:101][322]LogExit: Game engine shut down
[2017.05.01-01.54.18:213][322]LogObj: Freed 0b from 0 cluster array pools.
[2017.05.01-01.54.18:213][322]LogExit: Object subsystem successfully closed.
[2017.05.01-01.54.18:232][322]LogD3D11RHI: Shutdown
[2017.05.01-01.54.18:232][322]LogD3D11RHI: CleanupD3DDevice
[2017.05.01-01.54.18:270][322]LogD3D11RHI: ~FD3D11DynamicRHI
[2017.05.01-01.54.18:275][322]LogModuleManager: Shutting down and abandoning module SequenceRecorderSections (113)
[2017.05.01-01.54.18:275][322]LogModuleManager: Shutting down and abandoning module SequenceRecorder (112)
[2017.05.01-01.54.18:275][322]LogModuleManager: Shutting down and abandoning module AutomationController (111)
[2017.05.01-01.54.18:275][322]LogModuleManager: Shutting down and abandoning module AutomationWorker (110)
[2017.05.01-01.54.18:275][322]LogModuleManager: Shutting down and abandoning module CharacterAI (109)
[2017.05.01-01.54.18:275][322]LogModuleManager: Shutting down and abandoning module SessionServices (108)
[2017.05.01-01.54.18:275][322]LogModuleManager: Shutting down and abandoning module GameplayDebugger (107)
[2017.05.01-01.54.18:275][322]LogModuleManager: Shutting down and abandoning module AITestSuite (106)
[2017.05.01-01.54.18:275][322]LogModuleManager: Shutting down and abandoning module AIModule (105)
[2017.05.01-01.54.18:275][322]LogModuleManager: Shutting down and abandoning module MovieSceneCapture (104)
[2017.05.01-01.54.18:275][322]LogModuleManager: Shutting down and abandoning module StreamingPauseRendering (103)
[2017.05.01-01.54.18:275][322]LogModuleManager: Shutting down and abandoning module PortalServices (102)
[2017.05.01-01.54.18:275][322]LogModuleManager: Shutting down and abandoning module PortalRpc (101)
[2017.05.01-01.54.18:275][322]LogModuleManager: Shutting down and abandoning module MessagingRpc (100)
[2017.05.01-01.54.18:275][322]LogModuleManager: Shutting down and abandoning module ProfilerService (99)
[2017.05.01-01.54.18:401][322]LogModuleManager: Shutting down and abandoning module TaskGraph (98)
[2017.05.01-01.54.18:401][322]LogModuleManager: Shutting down and abandoning module SlateRemote (97)
[2017.05.01-01.54.18:401][322]LogModuleManager: Shutting down and abandoning module SteamVRController (96)
[2017.05.01-01.54.18:401][322]LogModuleManager: Shutting down and abandoning module SteamVR (95)
[2017.05.01-01.54.18:401][322]LogModuleManager: Shutting down and abandoning module ProceduralMeshComponent (94)
[2017.05.01-01.54.18:401][322]LogModuleManager: Shutting down and abandoning module OculusLibrary (93)
[2017.05.01-01.54.18:401][322]LogModuleManager: Shutting down and abandoning module OculusInput (92)
[2017.05.01-01.54.18:401][322]LogModuleManager: Shutting down and abandoning module CustomMeshComponent (91)
[2017.05.01-01.54.18:401][322]LogModuleManager: Shutting down and abandoning module CableComponent (90)
[2017.05.01-01.54.18:401][322]LogModuleManager: Shutting down and abandoning module ArchVisCharacter (89)
[2017.05.01-01.54.18:401][322]LogModuleManager: Shutting down and abandoning module HTML5Networking (88)
[2017.05.01-01.54.18:401][322]LogModuleManager: Shutting down and abandoning module DesktopPlatform (87)
[2017.05.01-01.54.18:401][322]LogModuleManager: Shutting down and abandoning module DirectoryWatcher (86)
[2017.05.01-01.54.18:401][322]LogModuleManager: Shutting down and abandoning module HotReload (85)
[2017.05.01-01.54.18:401][322]LogModuleManager: Shutting down and abandoning module VisualStudioSourceCodeAccess (84)
[2017.05.01-01.54.18:401][322]LogModuleManager: Shutting down and abandoning module UObjectPlugin (83)
[2017.05.01-01.54.18:401][322]LogModuleManager: Shutting down and abandoning module SubversionSourceControl (82)
[2017.05.01-01.54.18:401][322]LogModuleManager: Shutting down and abandoning module SourceControl (81)
[2017.05.01-01.54.18:401][322]LogModuleManager: Shutting down and abandoning module PerforceSourceControl (80)
[2017.05.01-01.54.18:401][322]LogModuleManager: Shutting down and abandoning module UdpMessaging (79)
[2017.05.01-01.54.18:502][322]LogModuleManager: Shutting down and abandoning module SubstanceCore (78)
[2017.05.01-01.54.18:502][322]LogModuleManager: Shutting down and abandoning module LightPropagationVolumeRuntime (77)
[2017.05.01-01.54.18:502][322]LogModuleManager: Shutting down and abandoning module Paper2D (76)
[2017.05.01-01.54.18:502][322]LogModuleManager: Shutting down and abandoning module WindowsMoviePlayer (75)
[2017.05.01-01.54.18:502][322]LogModuleManager: Shutting down and abandoning module Media (74)
[2017.05.01-01.54.18:502][322]LogModuleManager: Shutting down and abandoning module WmfMedia (73)
[2017.05.01-01.54.18:502][322]LogModuleManager: Shutting down and abandoning module MediaAssets (72)
[2017.05.01-01.54.18:502][322]LogModuleManager: Shutting down and abandoning module GameLiveStreaming (71)
[2017.05.01-01.54.18:502][322]LogModuleManager: Shutting down and abandoning module GameplayTagsEditor (70)
[2017.05.01-01.54.18:502][322]LogModuleManager: Shutting down and abandoning module OnlineBlueprintSupport (69)
[2017.05.01-01.54.18:502][322]LogModuleManager: Shutting down and abandoning module VREditor (68)
[2017.05.01-01.54.18:502][322]LogModuleManager: Shutting down and abandoning module GameplayTasksEditor (67)
[2017.05.01-01.54.18:502][322]LogModuleManager: Shutting down and abandoning module PropertyEditor (66)
[2017.05.01-01.54.18:502][322]LogModuleManager: Shutting down and abandoning module BehaviorTreeEditor (65)
[2017.05.01-01.54.18:502][322]LogModuleManager: Shutting down and abandoning module FunctionalTesting (64)
[2017.05.01-01.54.18:502][322]LogModuleManager: Shutting down and abandoning module CollisionAnalyzer (63)
[2017.05.01-01.54.18:502][322]LogModuleManager: Shutting down and abandoning module Sequencer (62)
[2017.05.01-01.54.18:502][322]LogModuleManager: Shutting down and abandoning module WorkspaceMenuStructure (61)
[2017.05.01-01.54.18:502][322]LogModuleManager: Shutting down and abandoning module MessageLog (60)
[2017.05.01-01.54.18:502][322]LogModuleManager: Shutting down and abandoning module AssetTools (59)
[2017.05.01-01.54.18:502][322]LogModuleManager: Shutting down and abandoning module UMGEditor (58)
[2017.05.01-01.54.18:502][322]LogModuleManager: Shutting down and abandoning module UMG (57)
[2017.05.01-01.54.18:502][322]LogModuleManager: Shutting down and abandoning module SlateReflector (56)
[2017.05.01-01.54.18:502][322]LogModuleManager: Shutting down and abandoning module Slate (55)
[2017.05.01-01.54.18:502][322]LogModuleManager: Shutting down and abandoning module EditorStyle (54)
[2017.05.01-01.54.18:503][322]LogModuleManager: Shutting down and abandoning module Messaging (53)
[2017.05.01-01.54.18:503][322]LogModuleManager: Shutting down and abandoning module SourceCodeAccess (52)
[2017.05.01-01.54.18:503][322]LogModuleManager: Shutting down and abandoning module HeadMountedDisplay (51)
[2017.05.01-01.54.18:503][322]LogModuleManager: Shutting down and abandoning module XAudio2 (50)
[2017.05.01-01.54.18:503][322]LogModuleManager: Shutting down and abandoning module Networking (48)
[2017.05.01-01.54.18:503][322]LogModuleManager: Shutting down and abandoning module Core (47)
[2017.05.01-01.54.18:503][322]LogModuleManager: Shutting down and abandoning module KismetCompiler (46)
[2017.05.01-01.54.18:503][322]LogModuleManager: Shutting down and abandoning module PhysXFormats (45)
[2017.05.01-01.54.18:503][322]LogModuleManager: Shutting down and abandoning module MeshUtilities (44)
[2017.05.01-01.54.18:503][322]LogModuleManager: Shutting down and abandoning module AssetRegistry (43)
[2017.05.01-01.54.18:503][322]LogModuleManager: Shutting down and abandoning module DerivedDataCache (42)
[2017.05.01-01.54.18:666][322]LogDerivedDataCache: Shutdown
[2017.05.01-01.54.18:666][322]LogModuleManager: Shutting down and abandoning module VulkanShaderFormat (41)
[2017.05.01-01.54.18:666][322]LogModuleManager: Shutting down and abandoning module ShaderFormatOpenGL (40)
[2017.05.01-01.54.18:666][322]LogModuleManager: Shutting down and abandoning module ShaderFormatD3D (39)
[2017.05.01-01.54.18:666][322]LogModuleManager: Shutting down and abandoning module MetalShaderFormat (38)
[2017.05.01-01.54.18:666][322]LogModuleManager: Shutting down and abandoning module TextureFormatUncompressed (37)
[2017.05.01-01.54.18:666][322]LogModuleManager: Shutting down and abandoning module TextureFormatPVR (36)
[2017.05.01-01.54.18:666][322]LogModuleManager: Shutting down and abandoning module TextureFormatIntelISPCTexComp (35)
[2017.05.01-01.54.18:667][322]LogModuleManager: Shutting down and abandoning module TextureFormatDXT (34)
[2017.05.01-01.54.18:667][322]LogModuleManager: Shutting down and abandoning module ImageWrapper (33)
[2017.05.01-01.54.18:667][322]LogModuleManager: Shutting down and abandoning module TextureFormatASTC (32)
[2017.05.01-01.54.18:667][322]LogModuleManager: Shutting down and abandoning module TextureFormatAndroid (31)
[2017.05.01-01.54.18:667][322]LogModuleManager: Shutting down and abandoning module AudioFormatOpus (30)
[2017.05.01-01.54.18:667][322]LogModuleManager: Shutting down and abandoning module AudioFormatOgg (29)
[2017.05.01-01.54.18:667][322]LogModuleManager: Shutting down and abandoning module AudioFormatADPCM (28)
[2017.05.01-01.54.18:667][322]LogModuleManager: Shutting down and abandoning module WindowsTargetPlatform (27)
[2017.05.01-01.54.18:667][322]LogModuleManager: Shutting down and abandoning module WindowsServerTargetPlatform (26)
[2017.05.01-01.54.18:667][322]LogModuleManager: Shutting down and abandoning module WindowsNoEditorTargetPlatform (25)
[2017.05.01-01.54.18:667][322]LogModuleManager: Shutting down and abandoning module WindowsClientTargetPlatform (24)
[2017.05.01-01.54.18:667][322]LogModuleManager: Shutting down and abandoning module TargetPlatform (23)
[2017.05.01-01.54.18:667][322]LogModuleManager: Shutting down and abandoning module InputCore (22)
[2017.05.01-01.54.18:667][322]LogModuleManager: Shutting down and abandoning module Settings (21)
[2017.05.01-01.54.18:667][322]LogModuleManager: Shutting down and abandoning module OnlineSubsystem (19)
[2017.05.01-01.54.18:667][322]LogModuleManager: Shutting down and abandoning module HTTP (18)
[2017.05.01-01.54.18:667][322]LogModuleManager: Shutting down and abandoning module XMPP (17)
[2017.05.01-01.54.18:667][322]LogModuleManager: Shutting down and abandoning module OculusRift (16)
[2017.05.01-01.54.18:667][322]LogModuleManager: Shutting down and abandoning module ExampleDeviceProfileSelector (15)
[2017.05.01-01.54.18:667][322]LogModuleManager: Shutting down and abandoning module TextureCompressor (14)
[2017.05.01-01.54.18:668][322]LogModuleManager: Shutting down and abandoning module ShaderCore (13)
[2017.05.01-01.54.18:668][322]LogModuleManager: Shutting down and abandoning module Landscape (12)
[2017.05.01-01.54.18:668][322]LogModuleManager: Shutting down and abandoning module SlateRHIRenderer (11)
[2017.05.01-01.54.18:668][322]LogModuleManager: Shutting down and abandoning module OpenGLDrv (10)
[2017.05.01-01.54.18:668][322]LogModuleManager: Shutting down and abandoning module D3D11RHI (9)
[2017.05.01-01.54.18:668][322]LogModuleManager: Shutting down and abandoning module AnimGraphRuntime (8)
[2017.05.01-01.54.18:668][322]LogModuleManager: Shutting down and abandoning module Renderer (7)
[2017.05.01-01.54.18:668][322]LogModuleManager: Shutting down and abandoning module Engine (6)
[2017.05.01-01.54.18:668][322]LogModuleManager: Shutting down and abandoning module CoreUObject (5)
[2017.05.01-01.54.18:668][322]LogModuleManager: Shutting down and abandoning module NetworkFile (4)
[2017.05.01-01.54.18:668][322]LogModuleManager: Shutting down and abandoning module StreamingFile (3)
[2017.05.01-01.54.18:668][322]LogModuleManager: Shutting down and abandoning module SandboxFile (2)
[2017.05.01-01.54.18:668][322]LogModuleManager: Shutting down and abandoning module PakFile (1)
[2017.05.01-01.54.18:669][322]LogExit: Exiting.
[2017.05.01-01.54.18:671][322]Log file closed, 04/30/17 21:54:18
