Log file open, 03/29/17 23:38:15
LogInit:Display: Running engine for game: SoulStriker
LogPlatformFile: Not using cached read wrapper
LogInit:Display: RandInit(1123389825) SRandInit(1123389827).
LogTaskGraph: Started task graph with 4 named threads and 7 total threads with 1 sets of task threads.
LogStats: Stats thread started at 0.082334
LogInit: Version: 4.12.5-3039270+++UE4+Release-4.12
LogInit: API Version: 2992821
LogInit: Net Version: 3039270
LogDevObjectVersion: Number of dev versions registered: 13
LogDevObjectVersion:   Dev-Blueprints (B0D832E4-1F89-4F0D-ACCF-7EB736FD4AA2): 3
LogDevObjectVersion:   Dev-Build (E1C64328-A22C-4D53-A36C-8E866417BD8C): 0
LogDevObjectVersion:   Dev-Core (375EC13C-06E4-48FB-B500-84F0262A717E): 1
LogDevObjectVersion:   Dev-Editor (E4B068ED-F494-42E9-A231-DA0B2E46BB41): 2
LogDevObjectVersion:   Dev-Framework (CFFC743F-43B0-4480-9391-14DF171D2073): 6
LogDevObjectVersion:   Dev-Mobile (B02B49B5-BB20-44E9-A304-32B752E40360): 0
LogDevObjectVersion:   Dev-Networking (A4E4105C-59A1-49B5-A7C5-40C4547EDFEE): 0
LogDevObjectVersion:   Dev-Online (39C831C9-5AE6-47DC-9A44-9C173E1C8E7C): 0
LogDevObjectVersion:   Dev-Physics (78F01B33-EBEA-4F98-B9B4-84EACCB95AA2): 0
LogDevObjectVersion:   Dev-Platform (6631380F-2D4D-43E0-8009-CF276956A95A): 0
LogDevObjectVersion:   Dev-Rendering (12F88B9F-8875-4AFC-A67C-D90C383ABD29): 2
LogDevObjectVersion:   Dev-Sequencer (7B5AE74C-D270-4C10-A958-57980B212A5A): 0
LogDevObjectVersion:   Dev-VR (D7296918-1DD6-4BDD-9DE2-64A83CC13884): 0
LogInit: Compiled (64-bit): Jul  6 2016 09:09:46
LogInit: Compiled with Visual C++: 19.00.23026.00
LogInit: Build Configuration: Development
LogInit: Branch Name: ++UE4+Release-4.12
LogInit: Command line: -EpicPortal 
LogInit: Base directory: C:/Program Files (x86)/Epic Games/4.12/Engine/Binaries/Win64/
LogInit: Installed Engine Build: 1
LogInit: Using libcurl 7.41.0
LogInit:  - built for x86_64-pc-win32
LogInit:  - supports SSL with WinSSL
LogInit:  - other features:
LogInit:      CURL_VERSION_SSL
LogInit:      CURL_VERSION_IPV6
LogInit:      CURL_VERSION_ASYNCHDNS
LogInit:      CURL_VERSION_LARGEFILE
LogInit:      CURL_VERSION_IDN
LogInit:  CurlRequestOptions (configurable via config and command line):
LogInit:  - bVerifyPeer = true  - Libcurl will verify peer certificate
LogInit:  - bUseHttpProxy = false  - Libcurl will NOT use HTTP proxy
LogInit:  - bDontReuseConnections = false  - Libcurl will reuse connections
LogInit:  - CertBundlePath = nullptr  - Libcurl will use whatever was configured at build time.
LogInit: Presizing for max 8388607 objects, including 0 objects not considered by GC, pre-allocating 0 bytes for permanent pool.
LogInit: Object subsystem initialized
[2017.03.30-03.38.15:405][  0]LogInit: Selected Device Profile: [Windows]
[2017.03.30-03.38.15:405][  0]LogInit: Applying CVar settings loaded from the selected device profile: [Windows]
[2017.03.30-03.38.15:418][  0]LogInit: Computer: MSI
[2017.03.30-03.38.15:418][  0]LogInit: User: armorias
[2017.03.30-03.38.15:418][  0]LogInit: CPU Page size=65536, Cores=4
[2017.03.30-03.38.15:418][  0]LogInit: High frequency timer resolution =2.531247 MHz
[2017.03.30-03.38.15:418][  0]LogMemory: Memory total: Physical=11.9GB (12GB approx)
[2017.03.30-03.38.15:418][  0]LogMemory: Platform Memory Stats for Windows
[2017.03.30-03.38.15:418][  0]LogMemory: Process Physical Memory: 191.67 MB used, 191.67 MB peak
[2017.03.30-03.38.15:418][  0]LogMemory: Process Virtual Memory: 195.33 MB used, 195.33 MB peak
[2017.03.30-03.38.15:418][  0]LogMemory: Physical Memory: 7302.44 MB used, 12166.60 MB total
[2017.03.30-03.38.15:418][  0]LogMemory: Virtual Memory: 553.81 MB used, 134217728.00 MB total
[2017.03.30-03.38.15:451][  0]LogTextLocalizationManager: No specific translations for ('en-US') exist, so ('en') translations will be used.
[2017.03.30-03.38.15:912][  0]LogD3D11RHI: D3D11 adapters:
[2017.03.30-03.38.16:523][  0]LogD3D11RHI:    0. 'NVIDIA GeForce GTX 960M' (Feature Level 11_0)
[2017.03.30-03.38.16:523][  0]LogD3D11RHI:       2018/0/6083 MB DedicatedVideo/DedicatedSystem/SharedSystem, Outputs:2, VendorId:0x10de
[2017.03.30-03.38.16:529][  0]LogD3D11RHI:    1. 'Intel(R) HD Graphics 530' (Feature Level 11_0)
[2017.03.30-03.38.16:529][  0]LogD3D11RHI:       128/0/6083 MB DedicatedVideo/DedicatedSystem/SharedSystem, Outputs:0, VendorId:0x8086
[2017.03.30-03.38.16:531][  0]LogD3D11RHI:    2. 'Microsoft Basic Render Driver' (Feature Level 11_0)
[2017.03.30-03.38.16:531][  0]LogD3D11RHI:       0/0/6083 MB DedicatedVideo/DedicatedSystem/SharedSystem, Outputs:0, VendorId:0x1414
[2017.03.30-03.38.16:531][  0]LogD3D11RHI: Chosen D3D11 Adapter: 0
[2017.03.30-03.38.16:537][  0]LogD3D11RHI: Creating new Direct3DDevice
[2017.03.30-03.38.16:537][  0]LogD3D11RHI:     GPU DeviceId: 0x139b (for the marketing name, search the web for "GPU Device Id")
[2017.03.30-03.38.16:537][  0]LogWindows: EnumDisplayDevices:
[2017.03.30-03.38.16:537][  0]LogWindows:    0. 'Intel(R) HD Graphics 530' (P:0 D:1)
[2017.03.30-03.38.16:537][  0]LogWindows:    1. 'Intel(R) HD Graphics 530' (P:1 D:1)
[2017.03.30-03.38.16:537][  0]LogWindows:    2. 'Intel(R) HD Graphics 530' (P:0 D:0)
[2017.03.30-03.38.16:537][  0]LogWindows: DebugString: PrimaryIsNotTheChoosenAdapter PrimaryIsNotTheChoosenAdapter PrimaryIsNotTheChoosenAdapter FoundDriverCount:0 
[2017.03.30-03.38.16:537][  0]LogD3D11RHI:     Adapter Name: NVIDIA GeForce GTX 960M
[2017.03.30-03.38.16:537][  0]LogD3D11RHI:   Driver Version: Unknown (internal:Unknown, unified:Unknown)
[2017.03.30-03.38.16:537][  0]LogD3D11RHI:      Driver Date: Unknown
[2017.03.30-03.38.16:537][  0]LogRHI: Texture pool is 1361 MB (70% of 1945 MB)
[2017.03.30-03.38.17:086][  0]LogD3D11RHI: Async texture creation enabled
[2017.03.30-03.38.17:121][  0]LogD3D11RHI: GPU Timing Frequency: 1000.000000 (Debug: 2 1)
[2017.03.30-03.38.17:122][  0]LogShaderCompilers: Guid format shader working directory is -8 characters bigger than the processId version (D:/SoulStriker_MainFolder/Soul-Striker-Main/Soul Striker/Intermediate/Shaders/WorkingDirectory/17388/).
[2017.03.30-03.38.17:122][  0]LogShaderCompilers: Cleaned the shader compiler working directory 'C:/Users/armorias/AppData/Local/Temp/UnrealShaderWorkingDir/353A2B6649A97D0F5EAED7BA6AAB0348/'.
[2017.03.30-03.38.17:122][  0]LogShaderCompilers:Display: Using Local Shader Compiler.
[2017.03.30-03.38.18:052][  0]LogTemp:Display: Loaded TP AllDesktopTargetPlatform
[2017.03.30-03.38.18:065][  0]LogTemp:Display: Loaded TP WindowsClientTargetPlatform
[2017.03.30-03.38.18:076][  0]LogTemp:Display: Loaded TP WindowsNoEditorTargetPlatform
[2017.03.30-03.38.18:087][  0]LogTemp:Display: Loaded TP WindowsServerTargetPlatform
[2017.03.30-03.38.18:095][  0]LogTemp:Display: Loaded TP WindowsTargetPlatform
[2017.03.30-03.38.18:103][  0]LogTemp:Display: Loaded TP AndroidTargetPlatform
[2017.03.30-03.38.18:111][  0]LogTemp:Display: Loaded TP Android_ASTCTargetPlatform
[2017.03.30-03.38.18:118][  0]LogTemp:Display: Loaded TP Android_ATCTargetPlatform
[2017.03.30-03.38.18:125][  0]LogTemp:Display: Loaded TP Android_DXTTargetPlatform
[2017.03.30-03.38.18:132][  0]LogTemp:Display: Loaded TP Android_ETC1TargetPlatform
[2017.03.30-03.38.18:140][  0]LogTemp:Display: Loaded TP Android_ETC2TargetPlatform
[2017.03.30-03.38.18:155][  0]LogTemp:Display: Loaded TP Android_MultiTargetPlatform
[2017.03.30-03.38.18:155][  0]LogTemp:Display: Loaded TP Android_PVRTCTargetPlatform
[2017.03.30-03.38.18:156][  0]LogTemp:Display: Loaded TP HTML5TargetPlatform
[2017.03.30-03.38.18:177][  0]LogTemp:Display: Loaded TP IOSTargetPlatform
[2017.03.30-03.38.18:185][  0]LogTemp:Display: Loaded TP TVOSTargetPlatform
[2017.03.30-03.38.18:195][  0]LogTemp:Display: Loaded TP LinuxNoEditorTargetPlatform
[2017.03.30-03.38.18:209][  0]LogTemp:Display: Loaded TP LinuxServerTargetPlatform
[2017.03.30-03.38.18:222][  0]LogTemp:Display: Loaded TP LinuxTargetPlatform
[2017.03.30-03.38.18:222][  0]LogTargetPlatformManager:Display: Building Assets For Windows
[2017.03.30-03.38.18:297][  0]LogDerivedDataCache:Display: Max Cache Size: 512 MB
[2017.03.30-03.38.18:351][  0]LogDerivedDataCache: Loaded boot cache 0.05s 48MB C:/Users/armorias/AppData/Local/UnrealEngine/4.12/DerivedDataCache/Boot.ddc.
[2017.03.30-03.38.18:352][  0]LogDerivedDataCache:Display: Loaded Boot cache: C:/Users/armorias/AppData/Local/UnrealEngine/4.12/DerivedDataCache/Boot.ddc
[2017.03.30-03.38.18:352][  0]LogDerivedDataCache: FDerivedDataBackendGraph:  Pak pak cache file D:/SoulStriker_MainFolder/Soul-Striker-Main/Soul Striker/DerivedDataCache/DDC.ddp not found, will not use a pak cache.
[2017.03.30-03.38.18:352][  0]LogDerivedDataCache: Unable to find inner node Pak for hierarchical cache Hierarchy.
[2017.03.30-03.38.18:352][  0]LogDerivedDataCache: FDerivedDataBackendGraph:  CompressedPak pak cache file D:/SoulStriker_MainFolder/Soul-Striker-Main/Soul Striker/DerivedDataCache/Compressed.ddp not found, will not use a pak cache.
[2017.03.30-03.38.18:352][  0]LogDerivedDataCache: Unable to find inner node CompressedPak for hierarchical cache Hierarchy.
[2017.03.30-03.38.18:369][  0]LogDerivedDataCache:Display: Pak cache opened for reading ../../../Engine/DerivedDataCache/Compressed.ddp.
[2017.03.30-03.38.18:381][  0]LogDerivedDataCache: Using Local data cache path C:/Users/armorias/AppData/Local/UnrealEngine/Common/DerivedDataCache: Writable
[2017.03.30-03.38.18:559][  0]LogInit: Selected Device Profile: [Windows]
[2017.03.30-03.38.18:560][  0]LogContentStreaming: Texture pool size is 0.00 MB
[2017.03.30-03.38.18:712][  0]LogMeshUtilities: No automatic mesh reduction module available
[2017.03.30-03.38.18:712][  0]LogMeshUtilities: No automatic mesh merging module available
[2017.03.30-03.38.18:712][  0]LogMeshUtilities: No distributed automatic mesh merging module available
[2017.03.30-03.38.18:971][  0]LogAssetRegistry: FAssetRegistry took 0.0214 seconds to start up
[2017.03.30-03.38.18:997][  0]LogPackageLocalizationCache: Processed 3 localized package path(s) for 2 prioritized culture(s) in 0.022140 seconds
[2017.03.30-03.38.19:002][  0]LogUObjectArray: 28739 objects as part of root set at end of initial load.
[2017.03.30-03.38.19:002][  0]LogUObjectAllocator: 5855624 out of 0 bytes used by permanent object pool.
[2017.03.30-03.38.19:002][  0]LogUObjectArray: CloseDisregardForGC: 0/0 objects in disregard for GC pool
[2017.03.30-03.38.19:010][  0]LogInit: WinSock: version 1.1 (2.2), MaxSocks=32767, MaxUdp=65467
[2017.03.30-03.38.19:185][  0]LogSlate: SlateFontCache - WITH_FREETYPE: 1, WITH_HARFBUZZ: 1
[2017.03.30-03.38.19:185][  0]LogSlate: SlateFontCache - WITH_FREETYPE: 1, WITH_HARFBUZZ: 1
[2017.03.30-03.38.19:832][  0]LogSubstanceCoreModule: Substance CPU Engine Loaded, Max Texture Size 2048
[2017.03.30-03.38.19:843][  0]LogUdpMessaging: Initializing bridge on interface 0.0.0.0:0 to multicast group 230.0.0.1:6666.
[2017.03.30-03.38.20:103][  0]SourceControl: Info Source control is disabled
[2017.03.30-03.38.20:104][  0]SourceControl: Info Source control is disabled
[2017.03.30-03.38.20:112][  0]SourceControl: Info Source control is disabled
[2017.03.30-03.38.20:120][  0]SourceControl: Info Source control is disabled
[2017.03.30-03.38.20:452][  0]LogEngine: Initializing Engine...
[2017.03.30-03.38.20:452][  0]LogHMD: SteamVR failed to initialize.  Err: 110
[2017.03.30-03.38.20:453][  0]LogHMD: SteamVR failed to initialize.  Err: 110
[2017.03.30-03.38.20:595][  0]LogAIModule: Creating AISystem for world NewWorld
[2017.03.30-03.38.20:600][  0]LogInit: XAudio2 using 'Speakers (Realtek High Definition Audio)' : 2 channels at 48 kHz using 32 bits per sample (channel mask 0x3)
[2017.03.30-03.38.20:631][  0]LogInit: FAudioDevice initialized.
[2017.03.30-03.38.20:656][  0]LogDerivedDataCache: Saved boot cache 0.02s 48MB C:/Users/armorias/AppData/Local/UnrealEngine/4.12/DerivedDataCache/Boot.ddc.
[2017.03.30-03.38.20:665][  0]LogInit: Texture streaming: Enabled
[2017.03.30-03.38.20:690][  0]LogInit: Transaction tracking system initialized
[2017.03.30-03.38.20:715][  0]BlueprintLog: New page: Editor Load
[2017.03.30-03.38.20:799][  0]LocalizationService: Info Localization service is disabled
[2017.03.30-03.38.20:861][  0]LogConsoleResponse:Display: 
[2017.03.30-03.38.20:978][  0]LogCook:Display: Max memory allowance for cook 8192mb
[2017.03.30-03.38.20:978][  0]LogCook:Display: Mobile HDR setting 1
[2017.03.30-03.38.21:085][  0]LogFileCache: Scanning file cache for directory 'D:/SoulStriker_MainFolder/Soul-Striker-Main/Soul Striker/Content/' took 0.02s
[2017.03.30-03.38.21:085][  0]SourceControl: Info Source control is disabled
[2017.03.30-03.38.21:086][  0]Cmd: MAP LOAD FILE="D:/SoulStriker_MainFolder/Soul-Striker-Main/Soul Striker/Content/ThirdPersonBP/Maps/ThirdPersonExampleMap.umap" TEMPLATE=0 SHOWPROGRESS=1 FEATURELEVEL=3
[2017.03.30-03.38.21:089][  0]LightingResults: New page: Lighting Build
[2017.03.30-03.38.21:092][  0]MapCheck: New page: Map Check
[2017.03.30-03.38.21:092][  0]LightingResults: New page: Lighting Build
[2017.03.30-03.38.22:826][  0]LogBlueprint:Warning: Compiler Warning Node  Unknown  is not referencing a valid level actor
[2017.03.30-03.38.22:827][  0]LogBlueprint:Warning: Compiler Warning [0008.33] Compile of PersistentLevel.ThirdPersonExampleMap successful, but with 1 Warning(s) [in 2 ms] (/Game/ThirdPersonBP/Maps/ThirdPersonExampleMap.ThirdPersonExampleMap:PersistentLevel.ThirdPersonExampleMap)
[2017.03.30-03.38.22:827][  0]LogBlueprint:Warning: Compiler Warning [0008.34] Compile of PersistentLevel.ThirdPersonExampleMap successful, but with 2 Warning(s) [in 0 ms] (/Game/ThirdPersonBP/Maps/ThirdPersonExampleMap.ThirdPersonExampleMap:PersistentLevel.ThirdPersonExampleMap)
[2017.03.30-03.38.22:827][  0]LogBlueprint:Warning: Compiler Warning [0008.34] Compile of PersistentLevel.ThirdPersonExampleMap successful, but with 3 Warning(s) [in 0 ms] (/Game/ThirdPersonBP/Maps/ThirdPersonExampleMap.ThirdPersonExampleMap:PersistentLevel.ThirdPersonExampleMap)
[2017.03.30-03.38.22:829][  0]LogBlueprint:Warning: Compiler Warning Node  Unknown  is not referencing a valid level actor
[2017.03.30-03.38.22:830][  0]LogBlueprint:Warning: Compiler Warning [0008.34] Compile of PersistentLevel.ThirdPersonExampleMap successful, but with 1 Warning(s) [in 1 ms] (/Game/ThirdPersonBP/Maps/ThirdPersonExampleMap.ThirdPersonExampleMap:PersistentLevel.ThirdPersonExampleMap)
[2017.03.30-03.38.22:830][  0]LogBlueprint:Warning: Compiler Warning [0008.34] Compile of PersistentLevel.ThirdPersonExampleMap successful, but with 2 Warning(s) [in 0 ms] (/Game/ThirdPersonBP/Maps/ThirdPersonExampleMap.ThirdPersonExampleMap:PersistentLevel.ThirdPersonExampleMap)
[2017.03.30-03.38.22:830][  0]LogBlueprint:Warning: Compiler Warning [0008.34] Compile of PersistentLevel.ThirdPersonExampleMap successful, but with 3 Warning(s) [in 0 ms] (/Game/ThirdPersonBP/Maps/ThirdPersonExampleMap.ThirdPersonExampleMap:PersistentLevel.ThirdPersonExampleMap)
[2017.03.30-03.38.23:571][  0]LogAIModule: Creating AISystem for world ThirdPersonExampleMap
[2017.03.30-03.38.23:665][  0]LogEditorServer: Finished looking for orphan Actors (0.000 secs)
[2017.03.30-03.38.23:666][  0]Cmd: MAP CHECKDEP NOCLEARLOG
[2017.03.30-03.38.23:718][  0]MapCheck: Info Map check complete: 0 Error(s), 0 Warning(s), took 51.386ms to complete.
[2017.03.30-03.38.23:718][  0]LogFileHelpers: Loading map 'ThirdPersonExampleMap' took 2.632
[2017.03.30-03.38.23:987][  0]LogCollectionManager: Loaded 0 collections in 0.001617 seconds
[2017.03.30-03.38.24:041][  0]LogFileCache: Scanning file cache for directory 'D:/SoulStriker_MainFolder/Soul-Striker-Main/Soul Striker/Saved/Collections/' took 0.01s
[2017.03.30-03.38.24:041][  0]LogFileCache: Scanning file cache for directory 'D:/SoulStriker_MainFolder/Soul-Striker-Main/Soul Striker/Content/Developers/armorias/Collections/' took 0.01s
[2017.03.30-03.38.24:041][  0]LogFileCache: Scanning file cache for directory 'D:/SoulStriker_MainFolder/Soul-Striker-Main/Soul Striker/Content/Collections/' took 0.01s
[2017.03.30-03.38.24:041][  0]LogCollectionManager: Rebuilt the GUID cache for 0 collections in 0.000003 seconds
[2017.03.30-03.38.24:051][  0]LogContentBrowser: Native class hierarchy populated in 0.0098 seconds. Added 2062 classes and 375 folders.
[2017.03.30-03.38.24:055][  0]LogStats: UGameplayTagsManager::ConstructGameplayTagTree: Construct from data asset -  0.000 s
[2017.03.30-03.38.24:055][  0]LogStats: UGameplayTagsManager::ConstructGameplayTagTree: GameplayTagTreeChangedEvent.Broadcast -  0.000 s
[2017.03.30-03.38.24:056][  0]LogContentBrowser: Native class hierarchy updated for 'GameplayTags' in 0.0009 seconds. Added 12 classes and 0 folders.
[2017.03.30-03.38.24:064][  0]LogContentBrowser: Native class hierarchy updated for 'WidgetCarousel' in 0.0005 seconds. Added 0 classes and 0 folders.
[2017.03.30-03.38.24:315][  0]LogContentBrowser: Native class hierarchy updated for 'AddContentDialog' in 0.0004 seconds. Added 0 classes and 0 folders.
[2017.03.30-03.38.24:318][  0]LogContentBrowser: Native class hierarchy updated for 'SceneOutliner' in 0.0003 seconds. Added 1 classes and 2 folders.
[2017.03.30-03.38.24:390][  0]LogCrashTracker: Crashtracker disabled due to settings.
[2017.03.30-03.38.24:400][  0]LogUObjectGlobals:Warning: Failed to find object 'Class None.'
[2017.03.30-03.38.24:427][  0]LogContentBrowser: Native class hierarchy updated for 'HierarchicalLODOutliner' in 0.0004 seconds. Added 1 classes and 2 folders.
[2017.03.30-03.38.24:427][  0]LogLoad: Full Startup: 9.94 seconds (BP compile: 0.47 seconds)
[2017.03.30-03.38.24:428][  0]LogExternalProfiler: Found external profiler: VSPerf
[2017.03.30-03.38.24:428][  0]LogExternalProfiler: Using external profiler: VSPerf
[2017.03.30-03.38.24:961][  0]LogWindowsTextInputMethodSystem:Display: IME system now deactivated.
[2017.03.30-03.38.24:961][  0]LogWindowsTextInputMethodSystem:Display: IME system now deactivated.
[2017.03.30-03.38.24:962][  0]LogOcInput: OculusInput pre-init called
[2017.03.30-03.38.25:001][  0]LogContentStreaming: Texture pool size now 700 MB
[2017.03.30-03.38.25:255][  0]LogRenderer: Reallocating scene render targets to support 1116x576 (Frame:2).
[2017.03.30-03.38.25:323][  1]LogFileCache: Retrieving MD5 hashes for directory 'D:/SoulStriker_MainFolder/Soul-Striker-Main/Soul Striker/Content/' took 0.35s
[2017.03.30-03.38.25:325][  1]LogScriptCore:Warning: Attempted to get an item from array CallFunc_GetAllActorsOfClass_OutActors out of bounds [0/0]!

[2017.03.30-03.38.25:325][  1]LogScript:Warning: Accessed None trying to read property CallFunc_Array_Get_Item
	spiritOrbOG_C /Engine/Transient.World_1:PersistentLevel.spiritOrbOG_C_0
	Function /Game/bluePrints/spiritOrbOG.spiritOrbOG_C:ExecuteUbergraph_spiritOrbOG:011E
[2017.03.30-03.38.25:325][  1]LogScript:Warning: Attempted to assign to None
	spiritOrbOG_C /Engine/Transient.World_1:PersistentLevel.spiritOrbOG_C_0
	Function /Game/bluePrints/spiritOrbOG.spiritOrbOG_C:ExecuteUbergraph_spiritOrbOG:0133
[2017.03.30-03.38.25:441][  2]LogAssetRegistry: Asset discovery search completed in 6.4923 seconds
[2017.03.30-03.38.25:441][  2]LogCollectionManager: Rebuilt the object cache for 0 collections in 0.000002 seconds (found 0 objects)
[2017.03.30-03.38.25:441][  2]LogCollectionManager: Fixed up redirectors for 0 collections in 0.000025 seconds (updated 0 objects)
[2017.03.30-03.38.32:104][ 62]LogScriptCore:Warning: Attempted to get an item from array CallFunc_GetAllActorsOfClass_OutActors out of bounds [0/0]!

[2017.03.30-03.38.32:104][ 62]LogScript:Warning: Accessed None trying to read property CallFunc_Array_Get_Item
	spiritOrbOG_C /Engine/Transient.World_1:PersistentLevel.spiritOrbOG_C_1
	Function /Game/bluePrints/spiritOrbOG.spiritOrbOG_C:ExecuteUbergraph_spiritOrbOG:011E
[2017.03.30-03.38.32:104][ 62]LogScript:Warning: Attempted to assign to None
	spiritOrbOG_C /Engine/Transient.World_1:PersistentLevel.spiritOrbOG_C_1
	Function /Game/bluePrints/spiritOrbOG.spiritOrbOG_C:ExecuteUbergraph_spiritOrbOG:0133
[2017.03.30-03.38.32:376][ 64]LogScriptCore:Warning: Attempted to get an item from array CallFunc_GetAllActorsOfClass_OutActors out of bounds [0/0]!

[2017.03.30-03.38.32:376][ 64]LogScript:Warning: Accessed None trying to read property CallFunc_Array_Get_Item
	spiritOrbOG_C /Engine/Transient.World_1:PersistentLevel.spiritOrbOG_C_2
	Function /Game/bluePrints/spiritOrbOG.spiritOrbOG_C:ExecuteUbergraph_spiritOrbOG:011E
[2017.03.30-03.38.32:376][ 64]LogScript:Warning: Attempted to assign to None
	spiritOrbOG_C /Engine/Transient.World_1:PersistentLevel.spiritOrbOG_C_2
	Function /Game/bluePrints/spiritOrbOG.spiritOrbOG_C:ExecuteUbergraph_spiritOrbOG:0133
[2017.03.30-03.38.33:745][ 67]LogSkeletalMesh: InitArticulated: Bodies already created (/Engine/Transient.DebugSkelMeshComponent_0) - call TermArticulated first.
[2017.03.30-03.38.34:298][ 67]LogContentBrowser: Native class hierarchy updated for 'BlueprintGraph' in 0.0007 seconds. Added 111 classes and 0 folders.
[2017.03.30-03.38.35:041][ 67]LogActorComponent: RegisterComponentWithWorld: (/Engine/Transient.DebugSkelMeshComponent_0) Already registered. Aborting.
[2017.03.30-03.38.35:142][ 67]LogRenderer: Reallocating scene render targets to support 1116x880 (Frame:59).
[2017.03.30-03.38.52:026][230]LogScriptCore:Warning: Attempted to get an item from array CallFunc_GetAllActorsOfClass_OutActors out of bounds [0/0]!

[2017.03.30-03.38.52:026][230]LogScript:Warning: Accessed None trying to read property CallFunc_Array_Get_Item
	spiritOrbOG_C /Engine/Transient.World_1:PersistentLevel.spiritOrbOG_C_3
	Function /Game/bluePrints/spiritOrbOG.spiritOrbOG_C:ExecuteUbergraph_spiritOrbOG:011E
[2017.03.30-03.38.52:026][230]LogScript:Warning: Attempted to assign to None
	spiritOrbOG_C /Engine/Transient.World_1:PersistentLevel.spiritOrbOG_C_3
	Function /Game/bluePrints/spiritOrbOG.spiritOrbOG_C:ExecuteUbergraph_spiritOrbOG:0133
[2017.03.30-03.38.52:059][232]LogScriptCore:Warning: Attempted to get an item from array CallFunc_GetAllActorsOfClass_OutActors out of bounds [0/0]!

[2017.03.30-03.38.52:059][232]LogScript:Warning: Accessed None trying to read property CallFunc_Array_Get_Item
	spiritOrbOG_C /Engine/Transient.World_1:PersistentLevel.spiritOrbOG_C_4
	Function /Game/bluePrints/spiritOrbOG.spiritOrbOG_C:ExecuteUbergraph_spiritOrbOG:011E
[2017.03.30-03.38.52:059][232]LogScript:Warning: Attempted to assign to None
	spiritOrbOG_C /Engine/Transient.World_1:PersistentLevel.spiritOrbOG_C_4
	Function /Game/bluePrints/spiritOrbOG.spiritOrbOG_C:ExecuteUbergraph_spiritOrbOG:0133
[2017.03.30-03.38.52:092][234]LogScriptCore:Warning: Attempted to get an item from array CallFunc_GetAllActorsOfClass_OutActors out of bounds [0/0]!

[2017.03.30-03.38.52:092][234]LogScript:Warning: Accessed None trying to read property CallFunc_Array_Get_Item
	spiritOrbOG_C /Engine/Transient.World_1:PersistentLevel.spiritOrbOG_C_5
	Function /Game/bluePrints/spiritOrbOG.spiritOrbOG_C:ExecuteUbergraph_spiritOrbOG:011E
[2017.03.30-03.38.52:092][234]LogScript:Warning: Attempted to assign to None
	spiritOrbOG_C /Engine/Transient.World_1:PersistentLevel.spiritOrbOG_C_5
	Function /Game/bluePrints/spiritOrbOG.spiritOrbOG_C:ExecuteUbergraph_spiritOrbOG:0133
[2017.03.30-03.38.52:125][236]LogScriptCore:Warning: Attempted to get an item from array CallFunc_GetAllActorsOfClass_OutActors out of bounds [0/0]!

[2017.03.30-03.38.52:125][236]LogScript:Warning: Accessed None trying to read property CallFunc_Array_Get_Item
	spiritOrbOG_C /Engine/Transient.World_1:PersistentLevel.spiritOrbOG_C_6
	Function /Game/bluePrints/spiritOrbOG.spiritOrbOG_C:ExecuteUbergraph_spiritOrbOG:011E
[2017.03.30-03.38.52:125][236]LogScript:Warning: Attempted to assign to None
	spiritOrbOG_C /Engine/Transient.World_1:PersistentLevel.spiritOrbOG_C_6
	Function /Game/bluePrints/spiritOrbOG.spiritOrbOG_C:ExecuteUbergraph_spiritOrbOG:0133
[2017.03.30-03.38.52:159][238]LogScriptCore:Warning: Attempted to get an item from array CallFunc_GetAllActorsOfClass_OutActors out of bounds [0/0]!

[2017.03.30-03.38.52:159][238]LogScript:Warning: Accessed None trying to read property CallFunc_Array_Get_Item
	spiritOrbOG_C /Engine/Transient.World_1:PersistentLevel.spiritOrbOG_C_7
	Function /Game/bluePrints/spiritOrbOG.spiritOrbOG_C:ExecuteUbergraph_spiritOrbOG:011E
[2017.03.30-03.38.52:159][238]LogScript:Warning: Attempted to assign to None
	spiritOrbOG_C /Engine/Transient.World_1:PersistentLevel.spiritOrbOG_C_7
	Function /Game/bluePrints/spiritOrbOG.spiritOrbOG_C:ExecuteUbergraph_spiritOrbOG:0133
[2017.03.30-03.38.52:192][240]LogScriptCore:Warning: Attempted to get an item from array CallFunc_GetAllActorsOfClass_OutActors out of bounds [0/0]!

[2017.03.30-03.38.52:192][240]LogScript:Warning: Accessed None trying to read property CallFunc_Array_Get_Item
	spiritOrbOG_C /Engine/Transient.World_1:PersistentLevel.spiritOrbOG_C_8
	Function /Game/bluePrints/spiritOrbOG.spiritOrbOG_C:ExecuteUbergraph_spiritOrbOG:011E
[2017.03.30-03.38.52:192][240]LogScript:Warning: Attempted to assign to None
	spiritOrbOG_C /Engine/Transient.World_1:PersistentLevel.spiritOrbOG_C_8
	Function /Game/bluePrints/spiritOrbOG.spiritOrbOG_C:ExecuteUbergraph_spiritOrbOG:0133
[2017.03.30-03.38.52:226][242]LogScriptCore:Warning: Attempted to get an item from array CallFunc_GetAllActorsOfClass_OutActors out of bounds [0/0]!

[2017.03.30-03.38.52:226][242]LogScript:Warning: Accessed None trying to read property CallFunc_Array_Get_Item
	spiritOrbOG_C /Engine/Transient.World_1:PersistentLevel.spiritOrbOG_C_9
	Function /Game/bluePrints/spiritOrbOG.spiritOrbOG_C:ExecuteUbergraph_spiritOrbOG:011E
[2017.03.30-03.38.52:226][242]LogScript:Warning: Attempted to assign to None
	spiritOrbOG_C /Engine/Transient.World_1:PersistentLevel.spiritOrbOG_C_9
	Function /Game/bluePrints/spiritOrbOG.spiritOrbOG_C:ExecuteUbergraph_spiritOrbOG:0133
[2017.03.30-03.38.52:259][244]LogScriptCore:Warning: Attempted to get an item from array CallFunc_GetAllActorsOfClass_OutActors out of bounds [0/0]!

[2017.03.30-03.38.52:259][244]LogScript:Warning: Accessed None trying to read property CallFunc_Array_Get_Item
	spiritOrbOG_C /Engine/Transient.World_1:PersistentLevel.spiritOrbOG_C_10
	Function /Game/bluePrints/spiritOrbOG.spiritOrbOG_C:ExecuteUbergraph_spiritOrbOG:011E
[2017.03.30-03.38.52:259][244]LogScript:Warning: Attempted to assign to None
	spiritOrbOG_C /Engine/Transient.World_1:PersistentLevel.spiritOrbOG_C_10
	Function /Game/bluePrints/spiritOrbOG.spiritOrbOG_C:ExecuteUbergraph_spiritOrbOG:0133
[2017.03.30-03.38.52:292][246]LogScriptCore:Warning: Attempted to get an item from array CallFunc_GetAllActorsOfClass_OutActors out of bounds [0/0]!

[2017.03.30-03.38.52:292][246]LogScript:Warning: Accessed None trying to read property CallFunc_Array_Get_Item
	spiritOrbOG_C /Engine/Transient.World_1:PersistentLevel.spiritOrbOG_C_11
	Function /Game/bluePrints/spiritOrbOG.spiritOrbOG_C:ExecuteUbergraph_spiritOrbOG:011E
[2017.03.30-03.38.52:292][246]LogScript:Warning: Attempted to assign to None
	spiritOrbOG_C /Engine/Transient.World_1:PersistentLevel.spiritOrbOG_C_11
	Function /Game/bluePrints/spiritOrbOG.spiritOrbOG_C:ExecuteUbergraph_spiritOrbOG:0133
[2017.03.30-03.38.52:325][248]LogScriptCore:Warning: Attempted to get an item from array CallFunc_GetAllActorsOfClass_OutActors out of bounds [0/0]!

[2017.03.30-03.38.52:325][248]LogScript:Warning: Accessed None trying to read property CallFunc_Array_Get_Item
	spiritOrbOG_C /Engine/Transient.World_1:PersistentLevel.spiritOrbOG_C_12
	Function /Game/bluePrints/spiritOrbOG.spiritOrbOG_C:ExecuteUbergraph_spiritOrbOG:011E
[2017.03.30-03.38.52:325][248]LogScript:Warning: Attempted to assign to None
	spiritOrbOG_C /Engine/Transient.World_1:PersistentLevel.spiritOrbOG_C_12
	Function /Game/bluePrints/spiritOrbOG.spiritOrbOG_C:ExecuteUbergraph_spiritOrbOG:0133
[2017.03.30-03.38.52:360][250]LogScriptCore:Warning: Attempted to get an item from array CallFunc_GetAllActorsOfClass_OutActors out of bounds [0/0]!

[2017.03.30-03.38.52:360][250]LogScript:Warning: Accessed None trying to read property CallFunc_Array_Get_Item
	spiritOrbOG_C /Engine/Transient.World_1:PersistentLevel.spiritOrbOG_C_13
	Function /Game/bluePrints/spiritOrbOG.spiritOrbOG_C:ExecuteUbergraph_spiritOrbOG:011E
[2017.03.30-03.38.52:360][250]LogScript:Warning: Attempted to assign to None
	spiritOrbOG_C /Engine/Transient.World_1:PersistentLevel.spiritOrbOG_C_13
	Function /Game/bluePrints/spiritOrbOG.spiritOrbOG_C:ExecuteUbergraph_spiritOrbOG:0133
[2017.03.30-03.38.52:392][252]LogScriptCore:Warning: Attempted to get an item from array CallFunc_GetAllActorsOfClass_OutActors out of bounds [0/0]!

[2017.03.30-03.38.52:392][252]LogScript:Warning: Accessed None trying to read property CallFunc_Array_Get_Item
	spiritOrbOG_C /Engine/Transient.World_1:PersistentLevel.spiritOrbOG_C_14
	Function /Game/bluePrints/spiritOrbOG.spiritOrbOG_C:ExecuteUbergraph_spiritOrbOG:011E
[2017.03.30-03.38.52:392][252]LogScript:Warning: Attempted to assign to None
	spiritOrbOG_C /Engine/Transient.World_1:PersistentLevel.spiritOrbOG_C_14
	Function /Game/bluePrints/spiritOrbOG.spiritOrbOG_C:ExecuteUbergraph_spiritOrbOG:0133
[2017.03.30-03.38.52:426][254]LogScriptCore:Warning: Attempted to get an item from array CallFunc_GetAllActorsOfClass_OutActors out of bounds [0/0]!

[2017.03.30-03.38.52:426][254]LogScript:Warning: Accessed None trying to read property CallFunc_Array_Get_Item
	spiritOrbOG_C /Engine/Transient.World_1:PersistentLevel.spiritOrbOG_C_15
	Function /Game/bluePrints/spiritOrbOG.spiritOrbOG_C:ExecuteUbergraph_spiritOrbOG:011E
[2017.03.30-03.38.52:426][254]LogScript:Warning: Attempted to assign to None
	spiritOrbOG_C /Engine/Transient.World_1:PersistentLevel.spiritOrbOG_C_15
	Function /Game/bluePrints/spiritOrbOG.spiritOrbOG_C:ExecuteUbergraph_spiritOrbOG:0133
[2017.03.30-03.38.52:459][256]LogScriptCore:Warning: Attempted to get an item from array CallFunc_GetAllActorsOfClass_OutActors out of bounds [0/0]!

[2017.03.30-03.38.52:459][256]LogScript:Warning: Accessed None trying to read property CallFunc_Array_Get_Item
	spiritOrbOG_C /Engine/Transient.World_1:PersistentLevel.spiritOrbOG_C_16
	Function /Game/bluePrints/spiritOrbOG.spiritOrbOG_C:ExecuteUbergraph_spiritOrbOG:011E
[2017.03.30-03.38.52:459][256]LogScript:Warning: Attempted to assign to None
	spiritOrbOG_C /Engine/Transient.World_1:PersistentLevel.spiritOrbOG_C_16
	Function /Game/bluePrints/spiritOrbOG.spiritOrbOG_C:ExecuteUbergraph_spiritOrbOG:0133
[2017.03.30-03.38.52:492][258]LogScriptCore:Warning: Attempted to get an item from array CallFunc_GetAllActorsOfClass_OutActors out of bounds [0/0]!

[2017.03.30-03.38.52:492][258]LogScript:Warning: Accessed None trying to read property CallFunc_Array_Get_Item
	spiritOrbOG_C /Engine/Transient.World_1:PersistentLevel.spiritOrbOG_C_17
	Function /Game/bluePrints/spiritOrbOG.spiritOrbOG_C:ExecuteUbergraph_spiritOrbOG:011E
[2017.03.30-03.38.52:492][258]LogScript:Warning: Attempted to assign to None
	spiritOrbOG_C /Engine/Transient.World_1:PersistentLevel.spiritOrbOG_C_17
	Function /Game/bluePrints/spiritOrbOG.spiritOrbOG_C:ExecuteUbergraph_spiritOrbOG:0133
[2017.03.30-03.38.52:525][260]LogScriptCore:Warning: Attempted to get an item from array CallFunc_GetAllActorsOfClass_OutActors out of bounds [0/0]!

[2017.03.30-03.38.52:525][260]LogScript:Warning: Accessed None trying to read property CallFunc_Array_Get_Item
	spiritOrbOG_C /Engine/Transient.World_1:PersistentLevel.spiritOrbOG_C_18
	Function /Game/bluePrints/spiritOrbOG.spiritOrbOG_C:ExecuteUbergraph_spiritOrbOG:011E
[2017.03.30-03.38.52:525][260]LogScript:Warning: Attempted to assign to None
	spiritOrbOG_C /Engine/Transient.World_1:PersistentLevel.spiritOrbOG_C_18
	Function /Game/bluePrints/spiritOrbOG.spiritOrbOG_C:ExecuteUbergraph_spiritOrbOG:0133
[2017.03.30-03.38.52:559][262]LogScriptCore:Warning: Attempted to get an item from array CallFunc_GetAllActorsOfClass_OutActors out of bounds [0/0]!

[2017.03.30-03.38.52:559][262]LogScript:Warning: Accessed None trying to read property CallFunc_Array_Get_Item
	spiritOrbOG_C /Engine/Transient.World_1:PersistentLevel.spiritOrbOG_C_19
	Function /Game/bluePrints/spiritOrbOG.spiritOrbOG_C:ExecuteUbergraph_spiritOrbOG:011E
[2017.03.30-03.38.52:559][262]LogScript:Warning: Attempted to assign to None
	spiritOrbOG_C /Engine/Transient.World_1:PersistentLevel.spiritOrbOG_C_19
	Function /Game/bluePrints/spiritOrbOG.spiritOrbOG_C:ExecuteUbergraph_spiritOrbOG:0133
[2017.03.30-03.38.52:592][264]LogScriptCore:Warning: Attempted to get an item from array CallFunc_GetAllActorsOfClass_OutActors out of bounds [0/0]!

[2017.03.30-03.38.52:592][264]LogScript:Warning: Accessed None trying to read property CallFunc_Array_Get_Item
	spiritOrbOG_C /Engine/Transient.World_1:PersistentLevel.spiritOrbOG_C_20
	Function /Game/bluePrints/spiritOrbOG.spiritOrbOG_C:ExecuteUbergraph_spiritOrbOG:011E
[2017.03.30-03.38.52:592][264]LogScript:Warning: Attempted to assign to None
	spiritOrbOG_C /Engine/Transient.World_1:PersistentLevel.spiritOrbOG_C_20
	Function /Game/bluePrints/spiritOrbOG.spiritOrbOG_C:ExecuteUbergraph_spiritOrbOG:0133
[2017.03.30-03.38.52:625][266]LogScriptCore:Warning: Attempted to get an item from array CallFunc_GetAllActorsOfClass_OutActors out of bounds [0/0]!

[2017.03.30-03.38.52:625][266]LogScript:Warning: Accessed None trying to read property CallFunc_Array_Get_Item
	spiritOrbOG_C /Engine/Transient.World_1:PersistentLevel.spiritOrbOG_C_21
	Function /Game/bluePrints/spiritOrbOG.spiritOrbOG_C:ExecuteUbergraph_spiritOrbOG:011E
[2017.03.30-03.38.52:625][266]LogScript:Warning: Attempted to assign to None
	spiritOrbOG_C /Engine/Transient.World_1:PersistentLevel.spiritOrbOG_C_21
	Function /Game/bluePrints/spiritOrbOG.spiritOrbOG_C:ExecuteUbergraph_spiritOrbOG:0133
[2017.03.30-03.38.52:659][268]LogScriptCore:Warning: Attempted to get an item from array CallFunc_GetAllActorsOfClass_OutActors out of bounds [0/0]!

[2017.03.30-03.38.52:659][268]LogScript:Warning: Accessed None trying to read property CallFunc_Array_Get_Item
	spiritOrbOG_C /Engine/Transient.World_1:PersistentLevel.spiritOrbOG_C_22
	Function /Game/bluePrints/spiritOrbOG.spiritOrbOG_C:ExecuteUbergraph_spiritOrbOG:011E
[2017.03.30-03.38.52:659][268]LogScript:Warning: Attempted to assign to None
	spiritOrbOG_C /Engine/Transient.World_1:PersistentLevel.spiritOrbOG_C_22
	Function /Game/bluePrints/spiritOrbOG.spiritOrbOG_C:ExecuteUbergraph_spiritOrbOG:0133
[2017.03.30-03.38.52:727][270]LogScriptCore:Warning: Attempted to get an item from array CallFunc_GetAllActorsOfClass_OutActors out of bounds [0/0]!

[2017.03.30-03.38.52:727][270]LogScript:Warning: Accessed None trying to read property CallFunc_Array_Get_Item
	spiritOrbOG_C /Engine/Transient.World_1:PersistentLevel.spiritOrbOG_C_23
	Function /Game/bluePrints/spiritOrbOG.spiritOrbOG_C:ExecuteUbergraph_spiritOrbOG:011E
[2017.03.30-03.38.52:727][270]LogScript:Warning: Attempted to assign to None
	spiritOrbOG_C /Engine/Transient.World_1:PersistentLevel.spiritOrbOG_C_23
	Function /Game/bluePrints/spiritOrbOG.spiritOrbOG_C:ExecuteUbergraph_spiritOrbOG:0133
[2017.03.30-03.38.52:771][272]LogScriptCore:Warning: Attempted to get an item from array CallFunc_GetAllActorsOfClass_OutActors out of bounds [0/0]!

[2017.03.30-03.38.52:771][272]LogScript:Warning: Accessed None trying to read property CallFunc_Array_Get_Item
	spiritOrbOG_C /Engine/Transient.World_1:PersistentLevel.spiritOrbOG_C_24
	Function /Game/bluePrints/spiritOrbOG.spiritOrbOG_C:ExecuteUbergraph_spiritOrbOG:011E
[2017.03.30-03.38.52:771][272]LogScript:Warning: Attempted to assign to None
	spiritOrbOG_C /Engine/Transient.World_1:PersistentLevel.spiritOrbOG_C_24
	Function /Game/bluePrints/spiritOrbOG.spiritOrbOG_C:ExecuteUbergraph_spiritOrbOG:0133
[2017.03.30-03.38.52:803][274]LogScriptCore:Warning: Attempted to get an item from array CallFunc_GetAllActorsOfClass_OutActors out of bounds [0/0]!

[2017.03.30-03.38.52:803][274]LogScript:Warning: Accessed None trying to read property CallFunc_Array_Get_Item
	spiritOrbOG_C /Engine/Transient.World_1:PersistentLevel.spiritOrbOG_C_25
	Function /Game/bluePrints/spiritOrbOG.spiritOrbOG_C:ExecuteUbergraph_spiritOrbOG:011E
[2017.03.30-03.38.52:803][274]LogScript:Warning: Attempted to assign to None
	spiritOrbOG_C /Engine/Transient.World_1:PersistentLevel.spiritOrbOG_C_25
	Function /Game/bluePrints/spiritOrbOG.spiritOrbOG_C:ExecuteUbergraph_spiritOrbOG:0133
[2017.03.30-03.38.52:837][276]LogScriptCore:Warning: Attempted to get an item from array CallFunc_GetAllActorsOfClass_OutActors out of bounds [0/0]!

[2017.03.30-03.38.52:837][276]LogScript:Warning: Accessed None trying to read property CallFunc_Array_Get_Item
	spiritOrbOG_C /Engine/Transient.World_1:PersistentLevel.spiritOrbOG_C_26
	Function /Game/bluePrints/spiritOrbOG.spiritOrbOG_C:ExecuteUbergraph_spiritOrbOG:011E
[2017.03.30-03.38.52:837][276]LogScript:Warning: Attempted to assign to None
	spiritOrbOG_C /Engine/Transient.World_1:PersistentLevel.spiritOrbOG_C_26
	Function /Game/bluePrints/spiritOrbOG.spiritOrbOG_C:ExecuteUbergraph_spiritOrbOG:0133
[2017.03.30-03.38.52:872][278]LogScriptCore:Warning: Attempted to get an item from array CallFunc_GetAllActorsOfClass_OutActors out of bounds [0/0]!

[2017.03.30-03.38.52:872][278]LogScript:Warning: Accessed None trying to read property CallFunc_Array_Get_Item
	spiritOrbOG_C /Engine/Transient.World_1:PersistentLevel.spiritOrbOG_C_27
	Function /Game/bluePrints/spiritOrbOG.spiritOrbOG_C:ExecuteUbergraph_spiritOrbOG:011E
[2017.03.30-03.38.52:872][278]LogScript:Warning: Attempted to assign to None
	spiritOrbOG_C /Engine/Transient.World_1:PersistentLevel.spiritOrbOG_C_27
	Function /Game/bluePrints/spiritOrbOG.spiritOrbOG_C:ExecuteUbergraph_spiritOrbOG:0133
[2017.03.30-03.38.52:906][280]LogScriptCore:Warning: Attempted to get an item from array CallFunc_GetAllActorsOfClass_OutActors out of bounds [0/0]!

[2017.03.30-03.38.52:906][280]LogScript:Warning: Accessed None trying to read property CallFunc_Array_Get_Item
	spiritOrbOG_C /Engine/Transient.World_1:PersistentLevel.spiritOrbOG_C_28
	Function /Game/bluePrints/spiritOrbOG.spiritOrbOG_C:ExecuteUbergraph_spiritOrbOG:011E
[2017.03.30-03.38.52:906][280]LogScript:Warning: Attempted to assign to None
	spiritOrbOG_C /Engine/Transient.World_1:PersistentLevel.spiritOrbOG_C_28
	Function /Game/bluePrints/spiritOrbOG.spiritOrbOG_C:ExecuteUbergraph_spiritOrbOG:0133
[2017.03.30-03.38.52:940][282]LogScriptCore:Warning: Attempted to get an item from array CallFunc_GetAllActorsOfClass_OutActors out of bounds [0/0]!

[2017.03.30-03.38.52:940][282]LogScript:Warning: Accessed None trying to read property CallFunc_Array_Get_Item
	spiritOrbOG_C /Engine/Transient.World_1:PersistentLevel.spiritOrbOG_C_29
	Function /Game/bluePrints/spiritOrbOG.spiritOrbOG_C:ExecuteUbergraph_spiritOrbOG:011E
[2017.03.30-03.38.52:940][282]LogScript:Warning: Attempted to assign to None
	spiritOrbOG_C /Engine/Transient.World_1:PersistentLevel.spiritOrbOG_C_29
	Function /Game/bluePrints/spiritOrbOG.spiritOrbOG_C:ExecuteUbergraph_spiritOrbOG:0133
[2017.03.30-03.38.53:044][284]LogScriptCore:Warning: Attempted to get an item from array CallFunc_GetAllActorsOfClass_OutActors out of bounds [0/0]!

[2017.03.30-03.38.53:044][284]LogScript:Warning: Accessed None trying to read property CallFunc_Array_Get_Item
	spiritOrbOG_C /Engine/Transient.World_1:PersistentLevel.spiritOrbOG_C_30
	Function /Game/bluePrints/spiritOrbOG.spiritOrbOG_C:ExecuteUbergraph_spiritOrbOG:011E
[2017.03.30-03.38.53:044][284]LogScript:Warning: Attempted to assign to None
	spiritOrbOG_C /Engine/Transient.World_1:PersistentLevel.spiritOrbOG_C_30
	Function /Game/bluePrints/spiritOrbOG.spiritOrbOG_C:ExecuteUbergraph_spiritOrbOG:0133
[2017.03.30-03.38.53:132][286]LogScriptCore:Warning: Attempted to get an item from array CallFunc_GetAllActorsOfClass_OutActors out of bounds [0/0]!

[2017.03.30-03.38.53:132][286]LogScript:Warning: Accessed None trying to read property CallFunc_Array_Get_Item
	spiritOrbOG_C /Engine/Transient.World_1:PersistentLevel.spiritOrbOG_C_31
	Function /Game/bluePrints/spiritOrbOG.spiritOrbOG_C:ExecuteUbergraph_spiritOrbOG:011E
[2017.03.30-03.38.53:132][286]LogScript:Warning: Attempted to assign to None
	spiritOrbOG_C /Engine/Transient.World_1:PersistentLevel.spiritOrbOG_C_31
	Function /Game/bluePrints/spiritOrbOG.spiritOrbOG_C:ExecuteUbergraph_spiritOrbOG:0133
[2017.03.30-03.38.53:165][288]LogScriptCore:Warning: Attempted to get an item from array CallFunc_GetAllActorsOfClass_OutActors out of bounds [0/0]!

[2017.03.30-03.38.53:165][288]LogScript:Warning: Accessed None trying to read property CallFunc_Array_Get_Item
	spiritOrbOG_C /Engine/Transient.World_1:PersistentLevel.spiritOrbOG_C_32
	Function /Game/bluePrints/spiritOrbOG.spiritOrbOG_C:ExecuteUbergraph_spiritOrbOG:011E
[2017.03.30-03.38.53:165][288]LogScript:Warning: Attempted to assign to None
	spiritOrbOG_C /Engine/Transient.World_1:PersistentLevel.spiritOrbOG_C_32
	Function /Game/bluePrints/spiritOrbOG.spiritOrbOG_C:ExecuteUbergraph_spiritOrbOG:0133
[2017.03.30-03.38.53:199][290]LogScriptCore:Warning: Attempted to get an item from array CallFunc_GetAllActorsOfClass_OutActors out of bounds [0/0]!

[2017.03.30-03.38.53:199][290]LogScript:Warning: Accessed None trying to read property CallFunc_Array_Get_Item
	spiritOrbOG_C /Engine/Transient.World_1:PersistentLevel.spiritOrbOG_C_33
	Function /Game/bluePrints/spiritOrbOG.spiritOrbOG_C:ExecuteUbergraph_spiritOrbOG:011E
[2017.03.30-03.38.53:199][290]LogScript:Warning: Attempted to assign to None
	spiritOrbOG_C /Engine/Transient.World_1:PersistentLevel.spiritOrbOG_C_33
	Function /Game/bluePrints/spiritOrbOG.spiritOrbOG_C:ExecuteUbergraph_spiritOrbOG:0133
[2017.03.30-03.38.53:232][292]LogScriptCore:Warning: Attempted to get an item from array CallFunc_GetAllActorsOfClass_OutActors out of bounds [0/0]!

[2017.03.30-03.38.53:233][292]LogScript:Warning: Accessed None trying to read property CallFunc_Array_Get_Item
	spiritOrbOG_C /Engine/Transient.World_1:PersistentLevel.spiritOrbOG_C_34
	Function /Game/bluePrints/spiritOrbOG.spiritOrbOG_C:ExecuteUbergraph_spiritOrbOG:011E
[2017.03.30-03.38.53:233][292]LogScript:Warning: Attempted to assign to None
	spiritOrbOG_C /Engine/Transient.World_1:PersistentLevel.spiritOrbOG_C_34
	Function /Game/bluePrints/spiritOrbOG.spiritOrbOG_C:ExecuteUbergraph_spiritOrbOG:0133
[2017.03.30-03.38.53:266][294]LogScriptCore:Warning: Attempted to get an item from array CallFunc_GetAllActorsOfClass_OutActors out of bounds [0/0]!

[2017.03.30-03.38.53:266][294]LogScript:Warning: Accessed None trying to read property CallFunc_Array_Get_Item
	spiritOrbOG_C /Engine/Transient.World_1:PersistentLevel.spiritOrbOG_C_35
	Function /Game/bluePrints/spiritOrbOG.spiritOrbOG_C:ExecuteUbergraph_spiritOrbOG:011E
[2017.03.30-03.38.53:266][294]LogScript:Warning: Attempted to assign to None
	spiritOrbOG_C /Engine/Transient.World_1:PersistentLevel.spiritOrbOG_C_35
	Function /Game/bluePrints/spiritOrbOG.spiritOrbOG_C:ExecuteUbergraph_spiritOrbOG:0133
[2017.03.30-03.38.53:299][296]LogScriptCore:Warning: Attempted to get an item from array CallFunc_GetAllActorsOfClass_OutActors out of bounds [0/0]!

[2017.03.30-03.38.53:299][296]LogScript:Warning: Accessed None trying to read property CallFunc_Array_Get_Item
	spiritOrbOG_C /Engine/Transient.World_1:PersistentLevel.spiritOrbOG_C_36
	Function /Game/bluePrints/spiritOrbOG.spiritOrbOG_C:ExecuteUbergraph_spiritOrbOG:011E
[2017.03.30-03.38.53:299][296]LogScript:Warning: Attempted to assign to None
	spiritOrbOG_C /Engine/Transient.World_1:PersistentLevel.spiritOrbOG_C_36
	Function /Game/bluePrints/spiritOrbOG.spiritOrbOG_C:ExecuteUbergraph_spiritOrbOG:0133
[2017.03.30-03.38.53:332][298]LogScriptCore:Warning: Attempted to get an item from array CallFunc_GetAllActorsOfClass_OutActors out of bounds [0/0]!

[2017.03.30-03.38.53:332][298]LogScript:Warning: Accessed None trying to read property CallFunc_Array_Get_Item
	spiritOrbOG_C /Engine/Transient.World_1:PersistentLevel.spiritOrbOG_C_37
	Function /Game/bluePrints/spiritOrbOG.spiritOrbOG_C:ExecuteUbergraph_spiritOrbOG:011E
[2017.03.30-03.38.53:332][298]LogScript:Warning: Attempted to assign to None
	spiritOrbOG_C /Engine/Transient.World_1:PersistentLevel.spiritOrbOG_C_37
	Function /Game/bluePrints/spiritOrbOG.spiritOrbOG_C:ExecuteUbergraph_spiritOrbOG:0133
[2017.03.30-03.38.53:366][300]LogScriptCore:Warning: Attempted to get an item from array CallFunc_GetAllActorsOfClass_OutActors out of bounds [0/0]!

[2017.03.30-03.38.53:366][300]LogScript:Warning: Accessed None trying to read property CallFunc_Array_Get_Item
	spiritOrbOG_C /Engine/Transient.World_1:PersistentLevel.spiritOrbOG_C_38
	Function /Game/bluePrints/spiritOrbOG.spiritOrbOG_C:ExecuteUbergraph_spiritOrbOG:011E
[2017.03.30-03.38.53:366][300]LogScript:Warning: Attempted to assign to None
	spiritOrbOG_C /Engine/Transient.World_1:PersistentLevel.spiritOrbOG_C_38
	Function /Game/bluePrints/spiritOrbOG.spiritOrbOG_C:ExecuteUbergraph_spiritOrbOG:0133
[2017.03.30-03.38.53:399][302]LogScriptCore:Warning: Attempted to get an item from array CallFunc_GetAllActorsOfClass_OutActors out of bounds [0/0]!

[2017.03.30-03.38.53:399][302]LogScript:Warning: Accessed None trying to read property CallFunc_Array_Get_Item
	spiritOrbOG_C /Engine/Transient.World_1:PersistentLevel.spiritOrbOG_C_39
	Function /Game/bluePrints/spiritOrbOG.spiritOrbOG_C:ExecuteUbergraph_spiritOrbOG:011E
[2017.03.30-03.38.53:399][302]LogScript:Warning: Attempted to assign to None
	spiritOrbOG_C /Engine/Transient.World_1:PersistentLevel.spiritOrbOG_C_39
	Function /Game/bluePrints/spiritOrbOG.spiritOrbOG_C:ExecuteUbergraph_spiritOrbOG:0133
[2017.03.30-03.38.53:483][307]LogScriptCore:Warning: Attempted to get an item from array CallFunc_GetAllActorsOfClass_OutActors out of bounds [0/0]!

[2017.03.30-03.38.53:483][307]LogScript:Warning: Accessed None trying to read property CallFunc_Array_Get_Item
	spiritOrbOG_C /Engine/Transient.World_1:PersistentLevel.spiritOrbOG_C_40
	Function /Game/bluePrints/spiritOrbOG.spiritOrbOG_C:ExecuteUbergraph_spiritOrbOG:011E
[2017.03.30-03.38.53:483][307]LogScript:Warning: Attempted to assign to None
	spiritOrbOG_C /Engine/Transient.World_1:PersistentLevel.spiritOrbOG_C_40
	Function /Game/bluePrints/spiritOrbOG.spiritOrbOG_C:ExecuteUbergraph_spiritOrbOG:0133
[2017.03.30-03.39.02:220][573]LogRenderer: Reallocating scene render targets to support 1144x880 (Frame:881).
[2017.03.30-03.39.51:100][ 57]LogAIModule: Creating AISystem for world Level_1
[2017.03.30-03.39.51:230][ 57]Cmd: MAP LOAD FILE="D:/SoulStriker_MainFolder/Soul-Striker-Main/Soul Striker/Content/Maps/Level_1.umap" TEMPLATE=0 SHOWPROGRESS=1 FEATURELEVEL=3
[2017.03.30-03.39.51:231][ 57]LightingResults: New page: Lighting Build
[2017.03.30-03.39.51:231][ 57]LoadErrors: New page: Loading map: Level_1.umap
[2017.03.30-03.39.51:235][ 57]MapCheck: New page: Map Check
[2017.03.30-03.39.51:235][ 57]LightingResults: New page: Lighting Build
[2017.03.30-03.39.51:362][ 57]LogEditorServer: Finished looking for orphan Actors (0.000 secs)
[2017.03.30-03.39.51:427][ 57]Cmd: MAP CHECKDEP NOCLEARLOG
[2017.03.30-03.39.51:503][ 57]MapCheck: Info Map check complete: 0 Error(s), 0 Warning(s), took 76.399ms to complete.
[2017.03.30-03.39.51:503][ 57]LogFileHelpers: Loading map 'Level_1' took 0.274
[2017.03.30-03.39.54:676][187]Cmd: OBJ SAVEPACKAGE PACKAGE="/Game/Maps/Level_1" FILE="D:/SoulStriker_MainFolder/Soul-Striker-Main/Soul Striker/Content/Maps/Level_1.umap" SILENT=true AUTOSAVING=false KEEPDIRTY=false
[2017.03.30-03.39.55:609][187]LogSavePackage: Save=896.03ms
[2017.03.30-03.39.55:609][187]LogSavePackage: Moving 'D:/SoulStriker_MainFolder/Soul-Striker-Main/Soul Striker/Saved/Level_1A9DE68B34C8DC6EA9D08A28F72D9F370.tmp' to 'D:/SoulStriker_MainFolder/Soul-Striker-Main/Soul Striker/Content/Maps/Level_1.umap'
[2017.03.30-03.39.55:611][187]LogSavePackage:Display: Finished SavePackage D:/SoulStriker_MainFolder/Soul-Striker-Main/Soul Striker/Content/Maps/Level_1.umap
[2017.03.30-03.42.44:674][497]LogSkeletalMesh: InitArticulated: Bodies already created (/Engine/Transient.DebugSkelMeshComponent_1) - call TermArticulated first.
[2017.03.30-03.44.00:519][987]LogSavePackage: Save=7.31ms
[2017.03.30-03.44.00:519][987]LogSavePackage: Moving 'D:/SoulStriker_MainFolder/Soul-Striker-Main/Soul Striker/Saved/paladin_idle_SkeletonC9671A9C4C7B53F6DE078F9CFF21E05A.tmp' to 'D:/SoulStriker_MainFolder/Soul-Striker-Main/Soul Striker/Content/bluePrints/Animations/paladin_idle_Skeleton.uasset'
[2017.03.30-03.44.00:520][987]LogSavePackage:Display: Finished SavePackage D:/SoulStriker_MainFolder/Soul-Striker-Main/Soul Striker/Content/bluePrints/Animations/paladin_idle_Skeleton.uasset
[2017.03.30-03.44.50:876][313]LogSavePackage: Save=5.40ms
[2017.03.30-03.44.50:876][313]LogSavePackage: Moving 'D:/SoulStriker_MainFolder/Soul-Striker-Main/Soul Striker/Saved/paladin_idle_Skeleton34164A554798E739F8C33BAB0ADBF4D4.tmp' to 'D:/SoulStriker_MainFolder/Soul-Striker-Main/Soul Striker/Content/bluePrints/Animations/paladin_idle_Skeleton.uasset'
[2017.03.30-03.44.50:877][313]LogSavePackage:Display: Finished SavePackage D:/SoulStriker_MainFolder/Soul-Striker-Main/Soul Striker/Content/bluePrints/Animations/paladin_idle_Skeleton.uasset
[2017.03.30-03.44.52:391][321]LogSavePackage: Save=6.15ms
[2017.03.30-03.44.52:391][321]LogSavePackage: Moving 'D:/SoulStriker_MainFolder/Soul-Striker-Main/Soul Striker/Saved/paladin_idle_Skeleton273215C14FA7F4A6813A5D925BEF40FA.tmp' to 'D:/SoulStriker_MainFolder/Soul-Striker-Main/Soul Striker/Content/bluePrints/Animations/paladin_idle_Skeleton.uasset'
[2017.03.30-03.44.52:391][321]LogSavePackage:Display: Finished SavePackage D:/SoulStriker_MainFolder/Soul-Striker-Main/Soul Striker/Content/bluePrints/Animations/paladin_idle_Skeleton.uasset
[2017.03.30-03.45.24:331][714]LogWindows:Warning: CreateProc failed (2) ..\..\..\Engine\Binaries/Win64/CrashReportClient.exe  -AppName=UE4-SoulStriker -CrashGUID=UE4CC-Windows-73CA244C4A67A0C41C85AFB56F181693_0000 -DebugSymbols=..\..\..\Engine\Intermediate\Symbols
[2017.03.30-03.45.24:331][714]LogWindows: Could not start CrashReportClient.exe
[2017.03.30-03.45.24:331][714]LogMemory: Platform Memory Stats for Windows
[2017.03.30-03.45.24:331][714]LogMemory: Process Physical Memory: 1490.91 MB used, 1492.87 MB peak
[2017.03.30-03.45.24:331][714]LogMemory: Process Virtual Memory: 2041.36 MB used, 2091.12 MB peak
[2017.03.30-03.45.24:331][714]LogMemory: Physical Memory: 7092.12 MB used, 12166.60 MB total
[2017.03.30-03.45.24:331][714]LogMemory: Virtual Memory: 3062.42 MB used, 134217728.00 MB total
[2017.03.30-03.45.24:332][714]LogCrashTracker: 


[2017.03.30-03.45.24:332][714]LogCrashTracker: 


[2017.03.30-03.45.24:332][714]LogWindows:Error: === Critical error: ===
Fatal error!



[2017.03.30-03.45.24:357][714]LogExit: Executing StaticShutdownAfterError
[2017.03.30-03.45.24:362][714]LogWindows: FPlatformMisc::RequestExit(1)
[2017.03.30-03.45.24:362][714]Log file closed, 03/29/17 23:45:24
