Log file open, 05/02/17 19:30:49
LogInit:Display: Running engine for game: SoulStriker
LogPlatformFile: Not using cached read wrapper
LogInit:Display: RandInit(1812351371) SRandInit(1812351372).
LogTaskGraph: Started task graph with 4 named threads and 7 total threads with 1 sets of task threads.
LogStats: Stats thread started at 0.072108
LogInit: Version: 4.12.5-3039270+++UE4+Release-4.12
LogInit: API Version: 2992821
LogInit: Net Version: 3039270
LogDevObjectVersion: Number of dev versions registered: 13
LogDevObjectVersion:   Dev-Blueprints (B0D832E4-1F89-4F0D-ACCF-7EB736FD4AA2): 3
LogDevObjectVersion:   Dev-Build (E1C64328-A22C-4D53-A36C-8E866417BD8C): 0
LogDevObjectVersion:   Dev-Core (375EC13C-06E4-48FB-B500-84F0262A717E): 1
LogDevObjectVersion:   Dev-Editor (E4B068ED-F494-42E9-A231-DA0B2E46BB41): 2
LogDevObjectVersion:   Dev-Framework (CFFC743F-43B0-4480-9391-14DF171D2073): 6
LogDevObjectVersion:   Dev-Mobile (B02B49B5-BB20-44E9-A304-32B752E40360): 0
LogDevObjectVersion:   Dev-Networking (A4E4105C-59A1-49B5-A7C5-40C4547EDFEE): 0
LogDevObjectVersion:   Dev-Online (39C831C9-5AE6-47DC-9A44-9C173E1C8E7C): 0
LogDevObjectVersion:   Dev-Physics (78F01B33-EBEA-4F98-B9B4-84EACCB95AA2): 0
LogDevObjectVersion:   Dev-Platform (6631380F-2D4D-43E0-8009-CF276956A95A): 0
LogDevObjectVersion:   Dev-Rendering (12F88B9F-8875-4AFC-A67C-D90C383ABD29): 2
LogDevObjectVersion:   Dev-Sequencer (7B5AE74C-D270-4C10-A958-57980B212A5A): 0
LogDevObjectVersion:   Dev-VR (D7296918-1DD6-4BDD-9DE2-64A83CC13884): 0
LogInit: Compiled (64-bit): Jul  6 2016 09:09:46
LogInit: Compiled with Visual C++: 19.00.23026.00
LogInit: Build Configuration: Development
LogInit: Branch Name: ++UE4+Release-4.12
LogInit: Command line:  
LogInit: Base directory: C:/Program Files (x86)/Epic Games/4.12/Engine/Binaries/Win64/
LogInit: Installed Engine Build: 1
LogInit: Using libcurl 7.41.0
LogInit:  - built for x86_64-pc-win32
LogInit:  - supports SSL with WinSSL
LogInit:  - other features:
LogInit:      CURL_VERSION_SSL
LogInit:      CURL_VERSION_IPV6
LogInit:      CURL_VERSION_ASYNCHDNS
LogInit:      CURL_VERSION_LARGEFILE
LogInit:      CURL_VERSION_IDN
LogInit:  CurlRequestOptions (configurable via config and command line):
LogInit:  - bVerifyPeer = true  - Libcurl will verify peer certificate
LogInit:  - bUseHttpProxy = false  - Libcurl will NOT use HTTP proxy
LogInit:  - bDontReuseConnections = false  - Libcurl will reuse connections
LogInit:  - CertBundlePath = nullptr  - Libcurl will use whatever was configured at build time.
LogInit: Presizing for max 8388607 objects, including 0 objects not considered by GC, pre-allocating 0 bytes for permanent pool.
LogInit: Object subsystem initialized
[2017.05.02-23.30.49:277][  0]LogInit: Selected Device Profile: [Windows]
[2017.05.02-23.30.49:277][  0]LogInit: Applying CVar settings loaded from the selected device profile: [Windows]
[2017.05.02-23.30.49:298][  0]LogInit: Computer: BMO
[2017.05.02-23.30.49:298][  0]LogInit: User: Steve
[2017.05.02-23.30.49:298][  0]LogInit: CPU Page size=65536, Cores=4
[2017.05.02-23.30.49:298][  0]LogInit: High frequency timer resolution =3.410071 MHz
[2017.05.02-23.30.49:298][  0]LogMemory: Memory total: Physical=8.0GB (8GB approx)
[2017.05.02-23.30.49:298][  0]LogMemory: Platform Memory Stats for Windows
[2017.05.02-23.30.49:298][  0]LogMemory: Process Physical Memory: 193.56 MB used, 193.56 MB peak
[2017.05.02-23.30.49:298][  0]LogMemory: Process Virtual Memory: 195.27 MB used, 195.27 MB peak
[2017.05.02-23.30.49:298][  0]LogMemory: Physical Memory: 3742.01 MB used, 8145.96 MB total
[2017.05.02-23.30.49:298][  0]LogMemory: Virtual Memory: 553.80 MB used, 134217728.00 MB total
[2017.05.02-23.30.49:359][  0]LogTextLocalizationManager: No specific translations for ('en-US') exist, so ('en') translations will be used.
[2017.05.02-23.30.50:496][  0]LogD3D11RHI: D3D11 adapters:
[2017.05.02-23.30.51:017][  0]LogD3D11RHI:    0. 'NVIDIA GeForce GTX 660' (Feature Level 11_0)
[2017.05.02-23.30.51:017][  0]LogD3D11RHI:       2016/0/4072 MB DedicatedVideo/DedicatedSystem/SharedSystem, Outputs:2, VendorId:0x10de
[2017.05.02-23.30.51:018][  0]LogD3D11RHI:    1. 'Microsoft Basic Render Driver' (Feature Level 11_0)
[2017.05.02-23.30.51:018][  0]LogD3D11RHI:       0/0/4072 MB DedicatedVideo/DedicatedSystem/SharedSystem, Outputs:0, VendorId:0x1414
[2017.05.02-23.30.51:018][  0]LogD3D11RHI: Chosen D3D11 Adapter: 0
[2017.05.02-23.30.51:028][  0]LogD3D11RHI: Creating new Direct3DDevice
[2017.05.02-23.30.51:028][  0]LogD3D11RHI:     GPU DeviceId: 0x11c0 (for the marketing name, search the web for "GPU Device Id")
[2017.05.02-23.30.51:028][  0]LogWindows: EnumDisplayDevices:
[2017.05.02-23.30.51:028][  0]LogWindows:    0. 'NVIDIA GeForce GTX 660' (P:0 D:1)
[2017.05.02-23.30.51:028][  0]LogWindows:    1. 'NVIDIA GeForce GTX 660' (P:1 D:1)
[2017.05.02-23.30.51:028][  0]LogWindows:    2. 'NVIDIA GeForce GTX 660' (P:0 D:0)
[2017.05.02-23.30.51:028][  0]LogWindows:    3. 'NVIDIA GeForce GTX 660' (P:0 D:0)
[2017.05.02-23.30.51:028][  0]LogWindows: DebugString: FoundDriverCount:4 
[2017.05.02-23.30.51:028][  0]LogD3D11RHI:     Adapter Name: NVIDIA GeForce GTX 660
[2017.05.02-23.30.51:028][  0]LogD3D11RHI:   Driver Version: 378.92 (internal:21.21.13.7892, unified:378.92)
[2017.05.02-23.30.51:028][  0]LogD3D11RHI:      Driver Date: 3-16-2017
[2017.05.02-23.30.51:028][  0]LogRHI: Texture pool is 1361 MB (70% of 1945 MB)
[2017.05.02-23.30.51:504][  0]LogD3D11RHI: Async texture creation enabled
[2017.05.02-23.30.51:644][  0]LogD3D11RHI: GPU Timing Frequency: 1000.000000 (Debug: 2 2)
[2017.05.02-23.30.51:644][  0]LogShaderCompilers: Guid format shader working directory is -38 characters bigger than the processId version (../../../../../../Users/Steve/Documents/SSRepository/Soul-Striker-Main/Soul Striker/Intermediate/Shaders/WorkingDirectory/57956/).
[2017.05.02-23.30.51:644][  0]LogShaderCompilers: Cleaned the shader compiler working directory 'C:/Users/Steve/AppData/Local/Temp/UnrealShaderWorkingDir/1E9F931C4720EB28CA03A692BDF4AE14/'.
[2017.05.02-23.30.51:644][  0]LogShaderCompilers:Display: Using Local Shader Compiler.
[2017.05.02-23.30.56:917][  0]LogTemp:Display: Loaded TP AllDesktopTargetPlatform
[2017.05.02-23.30.56:926][  0]LogTemp:Display: Loaded TP WindowsClientTargetPlatform
[2017.05.02-23.30.56:934][  0]LogTemp:Display: Loaded TP WindowsNoEditorTargetPlatform
[2017.05.02-23.30.56:942][  0]LogTemp:Display: Loaded TP WindowsServerTargetPlatform
[2017.05.02-23.30.56:950][  0]LogTemp:Display: Loaded TP WindowsTargetPlatform
[2017.05.02-23.30.56:959][  0]LogTemp:Display: Loaded TP AndroidTargetPlatform
[2017.05.02-23.30.56:966][  0]LogTemp:Display: Loaded TP Android_ASTCTargetPlatform
[2017.05.02-23.30.56:973][  0]LogTemp:Display: Loaded TP Android_ATCTargetPlatform
[2017.05.02-23.30.56:979][  0]LogTemp:Display: Loaded TP Android_DXTTargetPlatform
[2017.05.02-23.30.56:985][  0]LogTemp:Display: Loaded TP Android_ETC1TargetPlatform
[2017.05.02-23.30.56:992][  0]LogTemp:Display: Loaded TP Android_ETC2TargetPlatform
[2017.05.02-23.30.57:005][  0]LogTemp:Display: Loaded TP Android_MultiTargetPlatform
[2017.05.02-23.30.57:005][  0]LogTemp:Display: Loaded TP Android_PVRTCTargetPlatform
[2017.05.02-23.30.57:006][  0]LogTemp:Display: Loaded TP HTML5TargetPlatform
[2017.05.02-23.30.57:064][  0]LogTemp:Display: Loaded TP IOSTargetPlatform
[2017.05.02-23.30.57:080][  0]LogTemp:Display: Loaded TP TVOSTargetPlatform
[2017.05.02-23.30.57:094][  0]LogTemp:Display: Loaded TP LinuxNoEditorTargetPlatform
[2017.05.02-23.30.57:101][  0]LogTemp:Display: Loaded TP LinuxServerTargetPlatform
[2017.05.02-23.30.57:146][  0]LogTemp:Display: Loaded TP LinuxTargetPlatform
[2017.05.02-23.30.57:146][  0]LogTargetPlatformManager:Display: Building Assets For Windows
[2017.05.02-23.30.57:433][  0]LogDerivedDataCache:Display: Max Cache Size: 512 MB
[2017.05.02-23.30.57:969][  0]LogDerivedDataCache: Loaded boot cache 0.54s 48MB C:/Users/Steve/AppData/Local/UnrealEngine/4.12/DerivedDataCache/Boot.ddc.
[2017.05.02-23.30.57:970][  0]LogDerivedDataCache:Display: Loaded Boot cache: C:/Users/Steve/AppData/Local/UnrealEngine/4.12/DerivedDataCache/Boot.ddc
[2017.05.02-23.30.57:970][  0]LogDerivedDataCache: FDerivedDataBackendGraph:  Pak pak cache file ../../../../../../Users/Steve/Documents/SSRepository/Soul-Striker-Main/Soul Striker/DerivedDataCache/DDC.ddp not found, will not use a pak cache.
[2017.05.02-23.30.57:970][  0]LogDerivedDataCache: Unable to find inner node Pak for hierarchical cache Hierarchy.
[2017.05.02-23.30.57:970][  0]LogDerivedDataCache: FDerivedDataBackendGraph:  CompressedPak pak cache file ../../../../../../Users/Steve/Documents/SSRepository/Soul-Striker-Main/Soul Striker/DerivedDataCache/Compressed.ddp not found, will not use a pak cache.
[2017.05.02-23.30.57:970][  0]LogDerivedDataCache: Unable to find inner node CompressedPak for hierarchical cache Hierarchy.
[2017.05.02-23.30.58:020][  0]LogDerivedDataCache:Display: Pak cache opened for reading ../../../Engine/DerivedDataCache/Compressed.ddp.
[2017.05.02-23.30.58:061][  0]LogDerivedDataCache: Using Local data cache path C:/Users/Steve/AppData/Local/UnrealEngine/Common/DerivedDataCache: Writable
[2017.05.02-23.31.04:138][  0]LogInit: Selected Device Profile: [Windows]
[2017.05.02-23.31.04:139][  0]LogContentStreaming: Texture pool size is 0.00 MB
[2017.05.02-23.31.04:298][  0]LogMeshUtilities: No automatic mesh reduction module available
[2017.05.02-23.31.04:298][  0]LogMeshUtilities: No automatic mesh merging module available
[2017.05.02-23.31.04:298][  0]LogMeshUtilities: No distributed automatic mesh merging module available
[2017.05.02-23.31.04:768][  0]LogAssetRegistry: FAssetRegistry took 0.0213 seconds to start up
[2017.05.02-23.31.04:791][  0]LogPackageLocalizationCache: Processed 3 localized package path(s) for 2 prioritized culture(s) in 0.021285 seconds
[2017.05.02-23.31.04:796][  0]LogUObjectArray: 28739 objects as part of root set at end of initial load.
[2017.05.02-23.31.04:796][  0]LogUObjectAllocator: 5855632 out of 0 bytes used by permanent object pool.
[2017.05.02-23.31.04:796][  0]LogUObjectArray: CloseDisregardForGC: 0/0 objects in disregard for GC pool
[2017.05.02-23.31.04:801][  0]LogInit: WinSock: version 1.1 (2.2), MaxSocks=32767, MaxUdp=65467
[2017.05.02-23.31.05:401][  0]LogSlate: SlateFontCache - WITH_FREETYPE: 1, WITH_HARFBUZZ: 1
[2017.05.02-23.31.05:401][  0]LogSlate: SlateFontCache - WITH_FREETYPE: 1, WITH_HARFBUZZ: 1
[2017.05.02-23.31.32:110][  0]LogSubstanceCoreModule: Substance CPU Engine Loaded, Max Texture Size 2048
[2017.05.02-23.31.32:156][  0]LogUdpMessaging: Initializing bridge on interface 0.0.0.0:0 to multicast group 230.0.0.1:6666.
[2017.05.02-23.31.33:073][  0]SourceControl: Info Source control is disabled
[2017.05.02-23.31.33:074][  0]SourceControl: Info Source control is disabled
[2017.05.02-23.31.33:081][  0]SourceControl: Info Source control is disabled
[2017.05.02-23.31.33:088][  0]SourceControl: Info Source control is disabled
[2017.05.02-23.31.33:590][  0]LogEngine: Initializing Engine...
[2017.05.02-23.31.33:679][  0]LogHMD: SteamVR failed to initialize.  Err: 110
[2017.05.02-23.31.33:679][  0]LogHMD: SteamVR failed to initialize.  Err: 110
[2017.05.02-23.31.33:790][  0]LogAIModule: Creating AISystem for world NewWorld
[2017.05.02-23.31.33:799][  0]LogInit: XAudio2 using 'Speakers (Realtek High Definition Audio)' : 2 channels at 48 kHz using 32 bits per sample (channel mask 0x3)
[2017.05.02-23.31.33:822][  0]LogInit: FAudioDevice initialized.
[2017.05.02-23.31.33:873][  0]LogDerivedDataCache: Saved boot cache 0.05s 48MB C:/Users/Steve/AppData/Local/UnrealEngine/4.12/DerivedDataCache/Boot.ddc.
[2017.05.02-23.31.33:881][  0]LogInit: Texture streaming: Enabled
[2017.05.02-23.31.33:905][  0]LogInit: Transaction tracking system initialized
[2017.05.02-23.31.33:922][  0]BlueprintLog: New page: Editor Load
[2017.05.02-23.31.34:001][  0]LocalizationService: Info Localization service is disabled
[2017.05.02-23.31.34:179][  0]LogConsoleResponse:Display: 
[2017.05.02-23.31.37:405][  0]LogCook:Display: Max memory allowance for cook 8192mb
[2017.05.02-23.31.37:405][  0]LogCook:Display: Mobile HDR setting 1
[2017.05.02-23.31.37:674][  0]LogFileCache: Scanning file cache for directory 'C:/Users/Steve/Documents/SSRepository/Soul-Striker-Main/Soul Striker/Content/' took 0.02s
[2017.05.02-23.31.38:697][  0]SourceControl: Info Source control is disabled
[2017.05.02-23.31.38:698][  0]Cmd: MAP LOAD FILE="../../../../../../Users/Steve/Documents/SSRepository/Soul-Striker-Main/Soul Striker/Content/ThirdPersonBP/Maps/ThirdPersonExampleMap.umap" TEMPLATE=0 SHOWPROGRESS=1 FEATURELEVEL=3
[2017.05.02-23.31.38:725][  0]LightingResults: New page: Lighting Build
[2017.05.02-23.31.38:727][  0]MapCheck: New page: Map Check
[2017.05.02-23.31.38:727][  0]LightingResults: New page: Lighting Build
[2017.05.02-23.31.41:036][  0]LogBlueprint:Warning: Compiler Warning Node  Unknown  is not referencing a valid level actor
[2017.05.02-23.31.41:037][  0]LogBlueprint:Warning: Compiler Warning [0052.89] Compile of PersistentLevel.ThirdPersonExampleMap successful, but with 1 Warning(s) [in 1 ms] (/Game/ThirdPersonBP/Maps/ThirdPersonExampleMap.ThirdPersonExampleMap:PersistentLevel.ThirdPersonExampleMap)
[2017.05.02-23.31.41:037][  0]LogBlueprint:Warning: Compiler Warning [0052.89] Compile of PersistentLevel.ThirdPersonExampleMap successful, but with 2 Warning(s) [in 0 ms] (/Game/ThirdPersonBP/Maps/ThirdPersonExampleMap.ThirdPersonExampleMap:PersistentLevel.ThirdPersonExampleMap)
[2017.05.02-23.31.41:037][  0]LogBlueprint:Warning: Compiler Warning [0052.89] Compile of PersistentLevel.ThirdPersonExampleMap successful, but with 3 Warning(s) [in 0 ms] (/Game/ThirdPersonBP/Maps/ThirdPersonExampleMap.ThirdPersonExampleMap:PersistentLevel.ThirdPersonExampleMap)
[2017.05.02-23.31.41:039][  0]LogBlueprint:Warning: Compiler Warning Node  Unknown  is not referencing a valid level actor
[2017.05.02-23.31.41:039][  0]LogBlueprint:Warning: Compiler Warning [0052.89] Compile of PersistentLevel.ThirdPersonExampleMap successful, but with 1 Warning(s) [in 1 ms] (/Game/ThirdPersonBP/Maps/ThirdPersonExampleMap.ThirdPersonExampleMap:PersistentLevel.ThirdPersonExampleMap)
[2017.05.02-23.31.41:039][  0]LogBlueprint:Warning: Compiler Warning [0052.89] Compile of PersistentLevel.ThirdPersonExampleMap successful, but with 2 Warning(s) [in 0 ms] (/Game/ThirdPersonBP/Maps/ThirdPersonExampleMap.ThirdPersonExampleMap:PersistentLevel.ThirdPersonExampleMap)
[2017.05.02-23.31.41:039][  0]LogBlueprint:Warning: Compiler Warning [0052.89] Compile of PersistentLevel.ThirdPersonExampleMap successful, but with 3 Warning(s) [in 0 ms] (/Game/ThirdPersonBP/Maps/ThirdPersonExampleMap.ThirdPersonExampleMap:PersistentLevel.ThirdPersonExampleMap)
[2017.05.02-23.31.45:020][  0]LogAIModule: Creating AISystem for world ThirdPersonExampleMap
[2017.05.02-23.31.45:299][  0]LogEditorServer: Finished looking for orphan Actors (0.000 secs)
[2017.05.02-23.31.45:300][  0]Cmd: MAP CHECKDEP NOCLEARLOG
[2017.05.02-23.31.45:359][  0]MapCheck: Info Map check complete: 0 Error(s), 0 Warning(s), took 58.486ms to complete.
[2017.05.02-23.31.45:359][  0]LogFileHelpers: Loading map 'ThirdPersonExampleMap' took 6.661
[2017.05.02-23.31.45:889][  0]LogCollectionManager: Loaded 0 collections in 0.001658 seconds
[2017.05.02-23.31.45:978][  0]LogFileCache: Scanning file cache for directory 'C:/Users/Steve/Documents/SSRepository/Soul-Striker-Main/Soul Striker/Saved/Collections/' took 0.01s
[2017.05.02-23.31.45:978][  0]LogFileCache: Scanning file cache for directory 'C:/Users/Steve/Documents/SSRepository/Soul-Striker-Main/Soul Striker/Content/Developers/Steve/Collections/' took 0.01s
[2017.05.02-23.31.45:978][  0]LogFileCache: Scanning file cache for directory 'C:/Users/Steve/Documents/SSRepository/Soul-Striker-Main/Soul Striker/Content/Collections/' took 0.01s
[2017.05.02-23.31.45:978][  0]LogCollectionManager: Rebuilt the GUID cache for 0 collections in 0.000004 seconds
[2017.05.02-23.31.45:991][  0]LogContentBrowser: Native class hierarchy populated in 0.0124 seconds. Added 2062 classes and 375 folders.
[2017.05.02-23.31.45:995][  0]LogStats: UGameplayTagsManager::ConstructGameplayTagTree: Construct from data asset -  0.000 s
[2017.05.02-23.31.45:995][  0]LogStats: UGameplayTagsManager::ConstructGameplayTagTree: GameplayTagTreeChangedEvent.Broadcast -  0.000 s
[2017.05.02-23.31.45:995][  0]LogContentBrowser: Native class hierarchy updated for 'GameplayTags' in 0.0003 seconds. Added 12 classes and 0 folders.
[2017.05.02-23.31.45:999][  0]LogContentBrowser: Native class hierarchy updated for 'WidgetCarousel' in 0.0003 seconds. Added 0 classes and 0 folders.
[2017.05.02-23.31.47:629][  0]LogContentBrowser: Native class hierarchy updated for 'AddContentDialog' in 0.0004 seconds. Added 0 classes and 0 folders.
[2017.05.02-23.31.47:632][  0]LogContentBrowser: Native class hierarchy updated for 'SceneOutliner' in 0.0003 seconds. Added 1 classes and 2 folders.
[2017.05.02-23.31.47:646][  0]LogCrashTracker: Crashtracker disabled due to settings.
[2017.05.02-23.31.47:652][  0]LogUObjectGlobals:Warning: Failed to find object 'Class None.'
[2017.05.02-23.31.47:677][  0]LogContentBrowser: Native class hierarchy updated for 'HierarchicalLODOutliner' in 0.0004 seconds. Added 1 classes and 2 folders.
[2017.05.02-23.31.47:677][  0]LogLoad: Full Startup: 59.53 seconds (BP compile: 0.79 seconds)
[2017.05.02-23.31.47:677][  0]LogExternalProfiler: Found external profiler: VSPerf
[2017.05.02-23.31.47:677][  0]LogExternalProfiler: Using external profiler: VSPerf
[2017.05.02-23.31.47:687][  0]LogWindowsTextInputMethodSystem:Display: IME system now deactivated.
[2017.05.02-23.31.47:688][  0]LogOcInput: OculusInput pre-init called
[2017.05.02-23.31.47:720][  0]LogContentStreaming: Texture pool size now 1000 MB
[2017.05.02-23.31.48:271][  0]LogRenderer: Reallocating scene render targets to support 1272x584 (Frame:2).
[2017.05.02-23.31.48:330][  1]LogFileCache: Retrieving MD5 hashes for directory 'C:/Users/Steve/Documents/SSRepository/Soul-Striker-Main/Soul Striker/Content/' took 0.63s
[2017.05.02-23.31.48:346][  1]LogAssetRegistry: Asset discovery search completed in 43.5994 seconds
[2017.05.02-23.31.48:346][  1]LogCollectionManager: Rebuilt the object cache for 0 collections in 0.000001 seconds (found 0 objects)
[2017.05.02-23.31.48:346][  1]LogCollectionManager: Fixed up redirectors for 0 collections in 0.000040 seconds (updated 0 objects)
[2017.05.02-23.31.53:104][411]Cmd: MAP LOAD FILE="../../../../../../Users/Steve/Documents/SSRepository/Soul-Striker-Main/Soul Striker/Content/Maps/Level_2.umap" TEMPLATE=0 SHOWPROGRESS=1 FEATURELEVEL=3
[2017.05.02-23.31.53:134][411]LightingResults: New page: Lighting Build
[2017.05.02-23.31.53:135][411]LoadErrors: New page: Loading map: Level_2.umap
[2017.05.02-23.31.53:138][411]MapCheck: New page: Map Check
[2017.05.02-23.31.53:138][411]LightingResults: New page: Lighting Build
[2017.05.02-23.31.54:246][411]LogAIModule: Creating AISystem for world Level_2
[2017.05.02-23.31.54:322][411]LogEditorServer: Finished looking for orphan Actors (0.000 secs)
[2017.05.02-23.31.54:415][411]Cmd: MAP CHECKDEP NOCLEARLOG
[2017.05.02-23.31.54:475][411]MapCheck: Info Map check complete: 0 Error(s), 0 Warning(s), took 59.849ms to complete.
[2017.05.02-23.31.54:475][411]LogFileHelpers: Loading map 'Level_2' took 1.372
[2017.05.02-23.32.00:235][ 69]LogBlueprintUserMessages: Early PlayInEditor Detection: Level '/Game/Maps/Level_2.Level_2:PersistentLevel' has LevelScriptBlueprint '/Game/Maps/Level_2.Level_2:PersistentLevel.Level_2' with GeneratedClass '/Game/Maps/Level_2.Level_C' with ClassGeneratedBy '/Game/Maps/Level_2.Level_2:PersistentLevel.Level_2'
[2017.05.02-23.32.00:235][ 69]LogPlayLevel: PlayLevel: No blueprints needed recompiling
[2017.05.02-23.32.00:235][ 69]PIE: New page: PIE session: Level_2 (May 2, 2017, 2:32:00 PM)
[2017.05.02-23.32.00:235][ 69]LogPlayLevel: Creating play world package: /Game/Maps/UEDPIE_0_Level_2
[2017.05.02-23.32.00:256][ 69]LogPlayLevel: PIE: StaticDuplicateObject took: (0.021001s)
[2017.05.02-23.32.00:257][ 69]LogAIModule: Creating AISystem for world Level_2
[2017.05.02-23.32.00:257][ 69]LogPlayLevel: PIE: World Init took: (0.000479s)
[2017.05.02-23.32.00:257][ 69]LogPlayLevel: PIE: Created PIE world by copying editor world from /Game/Maps/Level_2.Level_2 to /Game/Maps/UEDPIE_0_Level_2.Level_2 (0.021775s)
[2017.05.02-23.32.00:285][ 69]LogInit: XAudio2 using 'Speakers (Realtek High Definition Audio)' : 2 channels at 48 kHz using 32 bits per sample (channel mask 0x3)
[2017.05.02-23.32.00:295][ 69]LogInit: FAudioDevice initialized.
[2017.05.02-23.32.00:360][ 69]LogWorld: Game class is 'SoulStrikerCampaign_C'
[2017.05.02-23.32.00:383][ 69]LogWorld: Bringing World /Game/Maps/UEDPIE_0_Level_2.Level_2 up for play (max tick rate 0) at 2017.05.02-19.32.00
[2017.05.02-23.32.00:386][ 69]LogWorld: Bringing up level for play took: 0.024833
[2017.05.02-23.32.00:390][ 69]LogContentBrowser: Native class hierarchy updated for 'MovieSceneCapture' in 0.0004 seconds. Added 11 classes and 0 folders.
[2017.05.02-23.32.00:394][ 69]PIE: Info Play in editor start time for /Game/Maps/UEDPIE_0_Level_2 0.053
[2017.05.02-23.32.00:394][ 69]LogBlueprintUserMessages: Late PlayInEditor Detection: Level '/Game/Maps/Level_2.Level_2:PersistentLevel' has LevelScriptBlueprint '/Game/Maps/Level_2.Level_2:PersistentLevel.Level_2' with GeneratedClass '/Game/Maps/Level_2.Level_C' with ClassGeneratedBy '/Game/Maps/Level_2.Level_2:PersistentLevel.Level_2'
[2017.05.02-23.32.01:516][194]LogBlueprintUserMessages: [KnightOfLight_C_0] warping Animation!
[2017.05.02-23.32.10:434][264]LogBlueprintUserMessages: [skeletonOLD2] SLASH! Slash! Slash!
[2017.05.02-23.32.12:293][487]LogBlueprintUserMessages: [spiritOrbOG_C_2] -990.480103
[2017.05.02-23.32.12:435][504]LogBlueprintUserMessages: [skeletonOLD_618] SLASH! Slash! Slash!
[2017.05.02-23.32.13:167][592]LogScriptCore:Warning: Attempted to get an item from array CallFunc_GetOverlappingActors_OverlappingActors2 out of bounds [0/0]!

[2017.05.02-23.32.14:468][748]LogBlueprintUserMessages: [spiritOrbOG_C_3] -900.702271
[2017.05.02-23.32.14:468][748]LogBlueprintUserMessages: [doorSwtich_518] aaaaaaaaaaaaaaaaaaaaaaaaaaaaaaaaand OPEN!
[2017.05.02-23.32.16:435][984]LogBlueprintUserMessages: [skeletonOLD_618] SLASH! Slash! Slash!
[2017.05.02-23.32.16:435][984]LogBlueprintUserMessages: [skeletonOLD2] Slice!
[2017.05.02-23.32.17:435][104]LogBlueprintUserMessages: [skeletonOLD2] Slice!
[2017.05.02-23.32.17:760][143]LogBlueprintUserMessages: [doorSwtich_518] aaaaaaaaaaaaaaaaaaaaaaaaaaaaaaaaand OPEN!
[2017.05.02-23.32.18:435][224]LogBlueprintUserMessages: [skeletonOLD2] SLASH! Slash! Slash!
[2017.05.02-23.32.19:435][344]LogBlueprintUserMessages: [skeletonOLD2] SLASH! Slash! Slash!
[2017.05.02-23.32.19:451][346]LogBlueprintUserMessages: [doorSwtich_518] aaaaaaaaaaaaaaaaaaaaaaaaaaaaaaaaand OPEN!
[2017.05.02-23.32.19:451][346]LogScriptCore:Warning: Attempted to get an item from array CallFunc_GetOverlappingActors_OverlappingActors2 out of bounds [0/0]!

[2017.05.02-23.32.19:960][407]LogBlueprintUserMessages: [doorSwtich_518] aaaaaaaaaaaaaaaaaaaaaaaaaaaaaaaaand OPEN!
[2017.05.02-23.32.19:960][407]LogScriptCore:Warning: Attempted to get an item from array CallFunc_GetOverlappingActors_OverlappingActors2 out of bounds [0/0]!

[2017.05.02-23.32.20:444][465]LogBlueprintUserMessages: [skeletonOLD_618] blocked!
[2017.05.02-23.32.20:444][465]LogBlueprintUserMessages: [skeletonOLD_618] Perfect! The enemy is stunned!
[2017.05.02-23.32.20:485][470]LogBlueprintUserMessages: [doorSwtich_518] What the FUCK?
[2017.05.02-23.32.20:510][473]LogBlueprintUserMessages: [skeletonOLD2] Hit!
[2017.05.02-23.32.20:518][474]LogBlueprintUserMessages: [doorSwtich_518] aaaaaaaaaaaaaaaaaaaaaaaaaaaaaaaaand OPEN!
[2017.05.02-23.32.20:518][474]LogScriptCore:Warning: Attempted to get an item from array CallFunc_GetOverlappingActors_OverlappingActors2 out of bounds [0/0]!

[2017.05.02-23.32.21:035][536]LogScript:Warning: Attempted to access skeletonOLD2 via property K2Node_DynamicCast_AsSkeleton_OLD, but skeletonOLD2 is pending kill
	KnightOfLight_C /Game/Maps/UEDPIE_0_Level_2.Level_2:PersistentLevel.KnightOfLight_C_0
	Function /Game/ThirdPersonBP/Blueprints/KnightOfLight.KnightOfLight_C:check for Attack Hits:081E
[2017.05.02-23.32.21:035][536]PIE:Error: Error Blueprint Runtime Error: Attempted to access skeletonOLD2 via property K2Node_DynamicCast_AsSkeleton_OLD, but skeletonOLD2 is pending kill from function: 'check for Attack Hits' from node: Knock Back in graph: check for Attack Hits in object: KnightOfLight with description: Attempted to access skeletonOLD2 via property K2Node_DynamicCast_AsSkeleton_OLD, but skeletonOLD2 is pending kill
[2017.05.02-23.32.21:035][536]LogScript:Warning: Attempted to access skeletonOLD_618 via property K2Node_DynamicCast_AsSkeleton_OLD, but skeletonOLD_618 is pending kill
	KnightOfLight_C /Game/Maps/UEDPIE_0_Level_2.Level_2:PersistentLevel.KnightOfLight_C_0
	Function /Game/ThirdPersonBP/Blueprints/KnightOfLight.KnightOfLight_C:check for Attack Hits:081E
[2017.05.02-23.32.21:036][536]PIE:Error: Error Blueprint Runtime Error: Attempted to access skeletonOLD_618 via property K2Node_DynamicCast_AsSkeleton_OLD, but skeletonOLD_618 is pending kill from function: 'check for Attack Hits' from node: Knock Back in graph: check for Attack Hits in object: KnightOfLight with description: Attempted to access skeletonOLD_618 via property K2Node_DynamicCast_AsSkeleton_OLD, but skeletonOLD_618 is pending kill
[2017.05.02-23.32.21:036][536]LogScriptCore:Warning: Attempted to get an item from array CallFunc_GetOverlappingActors_OverlappingActors2 out of bounds [0/0]!

[2017.05.02-23.32.21:210][557]LogBlueprintUserMessages: [doorSwtich_518] What the FUCK?
[2017.05.02-23.32.30:103][624]LogBlueprintUserMessages: [spiritOrbOG_C_5] 792.829041
[2017.05.02-23.32.30:644][689]LogBlueprintUserMessages: [spiritOrbOG_C_5] -484.702515
[2017.05.02-23.32.38:302][608]LogBlueprintUserMessages: Early EndPlayMap Detection: Level '/Game/Maps/Level_2.Level_2:PersistentLevel' has LevelScriptBlueprint '/Game/Maps/Level_2.Level_2:PersistentLevel.Level_2' with GeneratedClass '/Game/Maps/Level_2.Level_C' with ClassGeneratedBy '/Game/Maps/Level_2.Level_2:PersistentLevel.Level_2'
[2017.05.02-23.32.38:336][608]LogBlueprintUserMessages: Late EndPlayMap Detection: Level '/Game/Maps/Level_2.Level_2:PersistentLevel' has LevelScriptBlueprint '/Game/Maps/Level_2.Level_2:PersistentLevel.Level_2' with GeneratedClass '/Game/Maps/Level_2.Level_C' with ClassGeneratedBy '/Game/Maps/Level_2.Level_2:PersistentLevel.Level_2'
[2017.05.02-23.32.41:850][983]LogEditorViewport: Clicking on Actor (LMB): PlayerStart (Player Start)
[2017.05.02-23.32.44:969][308]LogNavigationPoint: PostEditMove Clear paths rebuilt
[2017.05.02-23.32.46:222][456]LogNavigationPoint: PostEditMove Clear paths rebuilt
[2017.05.02-23.32.47:351][539]LogNavigationPoint: PostEditMove Clear paths rebuilt
[2017.05.02-23.32.48:104][623]LogNavigationPoint: PostEditMove Clear paths rebuilt
[2017.05.02-23.32.48:796][704]LogNavigationPoint: PostEditMove Clear paths rebuilt
[2017.05.02-23.32.49:712][780]LogSavePackage: Save=203.30ms
[2017.05.02-23.32.49:712][780]LogSavePackage: Moving '../../../../../../Users/Steve/Documents/SSRepository/Soul-Striker-Main/Soul Striker/Saved/Level_2ABED61424965B2541EA4CF8B3627ED1D.tmp' to '../../../../../../Users/Steve/Documents/SSRepository/Soul-Striker-Main/Soul Striker/Content/Maps/Level_2.umap'
[2017.05.02-23.32.49:715][780]LogSavePackage:Display: Finished SavePackage ../../../../../../Users/Steve/Documents/SSRepository/Soul-Striker-Main/Soul Striker/Content/Maps/Level_2.umap
[2017.05.02-23.32.50:737][882]LogBlueprintUserMessages: Early PlayInEditor Detection: Level '/Game/Maps/Level_2.Level_2:PersistentLevel' has LevelScriptBlueprint '/Game/Maps/Level_2.Level_2:PersistentLevel.Level_2' with GeneratedClass '/Game/Maps/Level_2.Level_C' with ClassGeneratedBy '/Game/Maps/Level_2.Level_2:PersistentLevel.Level_2'
[2017.05.02-23.32.50:737][882]LogPlayLevel: PlayLevel: No blueprints needed recompiling
[2017.05.02-23.32.50:737][882]PIE: New page: PIE session: Level_2 (May 2, 2017, 2:32:50 PM)
[2017.05.02-23.32.50:737][882]LogPlayLevel: Creating play world package: /Game/Maps/UEDPIE_0_Level_2
[2017.05.02-23.32.50:758][882]LogPlayLevel: PIE: StaticDuplicateObject took: (0.020515s)
[2017.05.02-23.32.50:758][882]LogAIModule: Creating AISystem for world Level_2
[2017.05.02-23.32.50:758][882]LogPlayLevel: PIE: World Init took: (0.000518s)
[2017.05.02-23.32.50:758][882]LogPlayLevel: PIE: Created PIE world by copying editor world from /Game/Maps/Level_2.Level_2 to /Game/Maps/UEDPIE_0_Level_2.Level_2 (0.021274s)
[2017.05.02-23.32.50:779][882]LogInit: XAudio2 using 'Speakers (Realtek High Definition Audio)' : 2 channels at 48 kHz using 32 bits per sample (channel mask 0x3)
[2017.05.02-23.32.50:788][882]LogInit: FAudioDevice initialized.
[2017.05.02-23.32.50:834][882]LogWorld: Game class is 'SoulStrikerCampaign_C'
[2017.05.02-23.32.50:856][882]LogWorld: Bringing World /Game/Maps/UEDPIE_0_Level_2.Level_2 up for play (max tick rate 0) at 2017.05.02-19.32.50
[2017.05.02-23.32.50:860][882]LogWorld: Bringing up level for play took: 0.024832
[2017.05.02-23.32.50:864][882]PIE: Info Play in editor start time for /Game/Maps/UEDPIE_0_Level_2 0.523
[2017.05.02-23.32.50:864][882]LogBlueprintUserMessages: Late PlayInEditor Detection: Level '/Game/Maps/Level_2.Level_2:PersistentLevel' has LevelScriptBlueprint '/Game/Maps/Level_2.Level_2:PersistentLevel.Level_2' with GeneratedClass '/Game/Maps/Level_2.Level_C' with ClassGeneratedBy '/Game/Maps/Level_2.Level_2:PersistentLevel.Level_2'
[2017.05.02-23.32.55:350][420]LogBlueprintUserMessages: Early EndPlayMap Detection: Level '/Game/Maps/Level_2.Level_2:PersistentLevel' has LevelScriptBlueprint '/Game/Maps/Level_2.Level_2:PersistentLevel.Level_2' with GeneratedClass '/Game/Maps/Level_2.Level_C' with ClassGeneratedBy '/Game/Maps/Level_2.Level_2:PersistentLevel.Level_2'
[2017.05.02-23.32.55:387][420]LogBlueprintUserMessages: Late EndPlayMap Detection: Level '/Game/Maps/Level_2.Level_2:PersistentLevel' has LevelScriptBlueprint '/Game/Maps/Level_2.Level_2:PersistentLevel.Level_2' with GeneratedClass '/Game/Maps/Level_2.Level_C' with ClassGeneratedBy '/Game/Maps/Level_2.Level_2:PersistentLevel.Level_2'
[2017.05.02-23.32.56:695][541]LogSavePackage: Save=204.35ms
[2017.05.02-23.32.56:695][541]LogSavePackage: Moving '../../../../../../Users/Steve/Documents/SSRepository/Soul-Striker-Main/Soul Striker/Saved/Level_25C1E8CFC43CBA31DC62A14BB74375D98.tmp' to '../../../../../../Users/Steve/Documents/SSRepository/Soul-Striker-Main/Soul Striker/Content/Maps/Level_2.umap'
[2017.05.02-23.32.56:697][541]LogSavePackage:Display: Finished SavePackage ../../../../../../Users/Steve/Documents/SSRepository/Soul-Striker-Main/Soul Striker/Content/Maps/Level_2.umap
[2017.05.02-23.32.58:539][658]LogContentBrowser: Native class hierarchy updated for 'BlueprintGraph' in 0.0008 seconds. Added 111 classes and 0 folders.
[2017.05.02-23.33.14:050][643]LogSavePackage: Save=162.38ms
[2017.05.02-23.33.14:050][643]LogSavePackage: Moving '../../../../../../Users/Steve/Documents/SSRepository/Soul-Striker-Main/Soul Striker/Saved/slimeCA89401B4211C291D91C75B5A97AF430.tmp' to '../../../../../../Users/Steve/Documents/SSRepository/Soul-Striker-Main/Soul Striker/Content/ThirdPersonBP/Blueprints/slime.uasset'
[2017.05.02-23.33.14:052][643]LogSavePackage:Display: Finished SavePackage ../../../../../../Users/Steve/Documents/SSRepository/Soul-Striker-Main/Soul Striker/Content/ThirdPersonBP/Blueprints/slime.uasset
[2017.05.02-23.33.15:397][721]LogSavePackage: Save=227.14ms
[2017.05.02-23.33.15:397][721]LogSavePackage: Moving '../../../../../../Users/Steve/Documents/SSRepository/Soul-Striker-Main/Soul Striker/Saved/Level_20A9857894D4250603CDDDE8DF5B46B59.tmp' to '../../../../../../Users/Steve/Documents/SSRepository/Soul-Striker-Main/Soul Striker/Content/Maps/Level_2.umap'
[2017.05.02-23.33.15:399][721]LogSavePackage:Display: Finished SavePackage ../../../../../../Users/Steve/Documents/SSRepository/Soul-Striker-Main/Soul Striker/Content/Maps/Level_2.umap
[2017.05.02-23.33.15:915][766]LogBlueprintUserMessages: Early PlayInEditor Detection: Level '/Game/Maps/Level_2.Level_2:PersistentLevel' has LevelScriptBlueprint '/Game/Maps/Level_2.Level_2:PersistentLevel.Level_2' with GeneratedClass '/Game/Maps/Level_2.Level_C' with ClassGeneratedBy '/Game/Maps/Level_2.Level_2:PersistentLevel.Level_2'
[2017.05.02-23.33.15:915][766]LogPlayLevel: PlayLevel: No blueprints needed recompiling
[2017.05.02-23.33.15:915][766]PIE: New page: PIE session: Level_2 (May 2, 2017, 2:33:15 PM)
[2017.05.02-23.33.15:915][766]LogPlayLevel: Creating play world package: /Game/Maps/UEDPIE_0_Level_2
[2017.05.02-23.33.15:935][766]LogPlayLevel: PIE: StaticDuplicateObject took: (0.019485s)
[2017.05.02-23.33.15:936][766]LogAIModule: Creating AISystem for world Level_2
[2017.05.02-23.33.15:936][766]LogPlayLevel: PIE: World Init took: (0.001024s)
[2017.05.02-23.33.15:936][766]LogPlayLevel: PIE: Created PIE world by copying editor world from /Game/Maps/Level_2.Level_2 to /Game/Maps/UEDPIE_0_Level_2.Level_2 (0.020886s)
[2017.05.02-23.33.15:966][766]LogInit: XAudio2 using 'Speakers (Realtek High Definition Audio)' : 2 channels at 48 kHz using 32 bits per sample (channel mask 0x3)
[2017.05.02-23.33.15:974][766]LogInit: FAudioDevice initialized.
[2017.05.02-23.33.16:018][766]LogWorld: Game class is 'SoulStrikerCampaign_C'
[2017.05.02-23.33.16:040][766]LogWorld: Bringing World /Game/Maps/UEDPIE_0_Level_2.Level_2 up for play (max tick rate 0) at 2017.05.02-19.33.16
[2017.05.02-23.33.16:043][766]LogWorld: Bringing up level for play took: 0.024126
[2017.05.02-23.33.16:047][766]PIE: Info Play in editor start time for /Game/Maps/UEDPIE_0_Level_2 -0.293
[2017.05.02-23.33.16:048][766]LogBlueprintUserMessages: Late PlayInEditor Detection: Level '/Game/Maps/Level_2.Level_2:PersistentLevel' has LevelScriptBlueprint '/Game/Maps/Level_2.Level_2:PersistentLevel.Level_2' with GeneratedClass '/Game/Maps/Level_2.Level_C' with ClassGeneratedBy '/Game/Maps/Level_2.Level_2:PersistentLevel.Level_2'
[2017.05.02-23.33.23:868][704]LogScriptCore:Warning: Attempted to get an item from array CallFunc_GetOverlappingActors_OverlappingActors2 out of bounds [0/0]!

[2017.05.02-23.33.24:785][814]LogScriptCore:Warning: Attempted to get an item from array CallFunc_GetOverlappingActors_OverlappingActors2 out of bounds [0/0]!

[2017.05.02-23.33.25:336][880]LogScriptCore:Warning: Attempted to get an item from array CallFunc_GetOverlappingActors_OverlappingActors2 out of bounds [0/0]!

[2017.05.02-23.33.26:927][ 71]LogBlueprintUserMessages: Early EndPlayMap Detection: Level '/Game/Maps/Level_2.Level_2:PersistentLevel' has LevelScriptBlueprint '/Game/Maps/Level_2.Level_2:PersistentLevel.Level_2' with GeneratedClass '/Game/Maps/Level_2.Level_C' with ClassGeneratedBy '/Game/Maps/Level_2.Level_2:PersistentLevel.Level_2'
[2017.05.02-23.33.26:964][ 71]LogBlueprintUserMessages: Late EndPlayMap Detection: Level '/Game/Maps/Level_2.Level_2:PersistentLevel' has LevelScriptBlueprint '/Game/Maps/Level_2.Level_2:PersistentLevel.Level_2' with GeneratedClass '/Game/Maps/Level_2.Level_C' with ClassGeneratedBy '/Game/Maps/Level_2.Level_2:PersistentLevel.Level_2'
[2017.05.02-23.33.28:344][197]LogSavePackage: Save=225.32ms
[2017.05.02-23.33.28:344][197]LogSavePackage: Moving '../../../../../../Users/Steve/Documents/SSRepository/Soul-Striker-Main/Soul Striker/Saved/Level_23B4E997C46ABB911306357833748576A.tmp' to '../../../../../../Users/Steve/Documents/SSRepository/Soul-Striker-Main/Soul Striker/Content/Maps/Level_2.umap'
[2017.05.02-23.33.28:346][197]LogSavePackage:Display: Finished SavePackage ../../../../../../Users/Steve/Documents/SSRepository/Soul-Striker-Main/Soul Striker/Content/Maps/Level_2.umap
[2017.05.02-23.33.31:343][497]LogNavigationPoint: PostEditMove Clear paths rebuilt
[2017.05.02-23.33.33:671][723]LogNavigationPoint: PostEditMove Clear paths rebuilt
[2017.05.02-23.33.35:013][849]LogSavePackage: Save=219.25ms
[2017.05.02-23.33.35:013][849]LogSavePackage: Moving '../../../../../../Users/Steve/Documents/SSRepository/Soul-Striker-Main/Soul Striker/Saved/Level_2DDDD299149F2806628571CA9180F35E3.tmp' to '../../../../../../Users/Steve/Documents/SSRepository/Soul-Striker-Main/Soul Striker/Content/Maps/Level_2.umap'
[2017.05.02-23.33.35:016][849]LogSavePackage:Display: Finished SavePackage ../../../../../../Users/Steve/Documents/SSRepository/Soul-Striker-Main/Soul Striker/Content/Maps/Level_2.umap
[2017.05.02-23.33.35:750][921]LogBlueprintUserMessages: Early PlayInEditor Detection: Level '/Game/Maps/Level_2.Level_2:PersistentLevel' has LevelScriptBlueprint '/Game/Maps/Level_2.Level_2:PersistentLevel.Level_2' with GeneratedClass '/Game/Maps/Level_2.Level_C' with ClassGeneratedBy '/Game/Maps/Level_2.Level_2:PersistentLevel.Level_2'
[2017.05.02-23.33.35:750][921]LogPlayLevel: PlayLevel: No blueprints needed recompiling
[2017.05.02-23.33.35:750][921]PIE: New page: PIE session: Level_2 (May 2, 2017, 2:33:35 PM)
[2017.05.02-23.33.35:751][921]LogPlayLevel: Creating play world package: /Game/Maps/UEDPIE_0_Level_2
[2017.05.02-23.33.35:772][921]LogPlayLevel: PIE: StaticDuplicateObject took: (0.021417s)
[2017.05.02-23.33.35:772][921]LogAIModule: Creating AISystem for world Level_2
[2017.05.02-23.33.35:773][921]LogPlayLevel: PIE: World Init took: (0.000560s)
[2017.05.02-23.33.35:773][921]LogPlayLevel: PIE: Created PIE world by copying editor world from /Game/Maps/Level_2.Level_2 to /Game/Maps/UEDPIE_0_Level_2.Level_2 (0.022308s)
[2017.05.02-23.33.35:800][921]LogInit: XAudio2 using 'Speakers (Realtek High Definition Audio)' : 2 channels at 48 kHz using 32 bits per sample (channel mask 0x3)
[2017.05.02-23.33.35:808][921]LogInit: FAudioDevice initialized.
[2017.05.02-23.33.35:857][921]LogWorld: Game class is 'SoulStrikerCampaign_C'
[2017.05.02-23.33.35:880][921]LogWorld: Bringing World /Game/Maps/UEDPIE_0_Level_2.Level_2 up for play (max tick rate 0) at 2017.05.02-19.33.35
[2017.05.02-23.33.35:883][921]LogWorld: Bringing up level for play took: 0.024595
[2017.05.02-23.33.35:887][921]PIE: Info Play in editor start time for /Game/Maps/UEDPIE_0_Level_2 -0.454
[2017.05.02-23.33.35:887][921]LogBlueprintUserMessages: Late PlayInEditor Detection: Level '/Game/Maps/Level_2.Level_2:PersistentLevel' has LevelScriptBlueprint '/Game/Maps/Level_2.Level_2:PersistentLevel.Level_2' with GeneratedClass '/Game/Maps/Level_2.Level_C' with ClassGeneratedBy '/Game/Maps/Level_2.Level_2:PersistentLevel.Level_2'
[2017.05.02-23.33.36:908][ 43]LogBlueprintUserMessages: [skeletonOLD2] Slice!
[2017.05.02-23.33.37:832][154]LogBlueprintUserMessages: [AI_TurretBullet_C_0] 9.0
[2017.05.02-23.33.40:708][499]LogBlueprintUserMessages: [AI_TurretBullet_C_4] 8.0
[2017.05.02-23.33.40:908][523]LogBlueprintUserMessages: [skeletonOLD_618] Slice!
[2017.05.02-23.33.41:384][580]LogScriptCore:Warning: Attempted to get an item from array CallFunc_GetOverlappingActors_OverlappingActors2 out of bounds [0/0]!

[2017.05.02-23.33.41:710][619]LogBlueprintUserMessages: [AI_TurretBullet_C_5] 6.0
[2017.05.02-23.33.42:426][705]LogScriptCore:Warning: Attempted to get an item from array CallFunc_GetOverlappingActors_OverlappingActors2 out of bounds [0/0]!

[2017.05.02-23.33.42:911][763]LogBlueprintUserMessages: [skeletonOLD_618] SLASH! Slash! Slash!
[2017.05.02-23.33.42:918][764]LogBlueprintUserMessages: [skeletonOLD_618] blocked!
[2017.05.02-23.33.42:918][764]LogBlueprintUserMessages: [skeletonOLD_618] Perfect! The enemy is stunned!
[2017.05.02-23.33.43:009][775]LogScriptCore:Warning: Attempted to get an item from array CallFunc_GetOverlappingActors_OverlappingActors2 out of bounds [0/0]!

[2017.05.02-23.33.43:543][839]LogScriptCore:Warning: Attempted to get an item from array CallFunc_GetOverlappingActors_OverlappingActors2 out of bounds [0/0]!

[2017.05.02-23.33.44:876][999]LogScriptCore:Warning: Attempted to get an item from array CallFunc_GetOverlappingActors_OverlappingActors2 out of bounds [0/0]!

[2017.05.02-23.33.44:911][  3]LogBlueprintUserMessages: [skeletonOLD2] Slice!
[2017.05.02-23.33.45:652][ 92]LogBlueprintUserMessages: [AI_TurretBullet_C_8] 4.0
[2017.05.02-23.33.45:951][128]LogScriptCore:Warning: Attempted to get an item from array CallFunc_GetOverlappingActors_OverlappingActors2 out of bounds [0/0]!

[2017.05.02-23.33.46:910][243]LogBlueprintUserMessages: [skeletonOLD2] SLASH! Slash! Slash!
[2017.05.02-23.33.47:018][256]LogScriptCore:Warning: Attempted to get an item from array CallFunc_GetOverlappingActors_OverlappingActors2 out of bounds [0/0]!

[2017.05.02-23.33.47:752][344]LogBlueprintUserMessages: [AI_TurretBullet_C_10] 3.0
[2017.05.02-23.33.47:910][363]LogBlueprintUserMessages: [skeletonOLD_618] Darn! The enemy is no longer stunned!
[2017.05.02-23.33.48:210][399]LogScript:Warning: Attempted to access skeletonOLD2 via property K2Node_DynamicCast_AsSkeleton_OLD, but skeletonOLD2 is pending kill
	KnightOfLight_C /Game/Maps/UEDPIE_0_Level_2.Level_2:PersistentLevel.KnightOfLight_C_0
	Function /Game/ThirdPersonBP/Blueprints/KnightOfLight.KnightOfLight_C:check for Attack Hits:081E
[2017.05.02-23.33.48:210][399]PIE:Error: Error Blueprint Runtime Error: Attempted to access skeletonOLD2 via property K2Node_DynamicCast_AsSkeleton_OLD, but skeletonOLD2 is pending kill from function: 'check for Attack Hits' from node: Knock Back in graph: check for Attack Hits in object: KnightOfLight with description: Attempted to access skeletonOLD2 via property K2Node_DynamicCast_AsSkeleton_OLD, but skeletonOLD2 is pending kill
[2017.05.02-23.33.48:210][399]LogScriptCore:Warning: Attempted to get an item from array CallFunc_GetOverlappingActors_OverlappingActors2 out of bounds [0/0]!

[2017.05.02-23.33.48:777][467]LogBlueprintUserMessages: [AI_TurretBullet_C_11] 2.0
[2017.05.02-23.33.49:760][585]LogScriptCore:Warning: Attempted to get an item from array CallFunc_GetOverlappingActors_OverlappingActors2 out of bounds [0/0]!

[2017.05.02-23.33.49:968][610]LogBlueprintUserMessages: [AI_TurretBullet_C_12] 1.0
[2017.05.02-23.33.50:852][716]LogScriptCore:Warning: Attempted to get an item from array CallFunc_GetOverlappingActors_OverlappingActors2 out of bounds [0/0]!

[2017.05.02-23.33.51:911][843]LogBlueprintUserMessages: [skeletonOLD_618] SLASH! Slash! Slash!
[2017.05.02-23.33.51:944][847]LogScript:Warning: Attempted to access skeletonOLD_618 via property K2Node_DynamicCast_AsSkeleton_OLD, but skeletonOLD_618 is pending kill
	KnightOfLight_C /Game/Maps/UEDPIE_0_Level_2.Level_2:PersistentLevel.KnightOfLight_C_0
	Function /Game/ThirdPersonBP/Blueprints/KnightOfLight.KnightOfLight_C:check for Attack Hits:081E
[2017.05.02-23.33.51:944][847]PIE:Error: Error Blueprint Runtime Error: Attempted to access skeletonOLD_618 via property K2Node_DynamicCast_AsSkeleton_OLD, but skeletonOLD_618 is pending kill from function: 'check for Attack Hits' from node: Knock Back in graph: check for Attack Hits in object: KnightOfLight with description: Attempted to access skeletonOLD_618 via property K2Node_DynamicCast_AsSkeleton_OLD, but skeletonOLD_618 is pending kill
[2017.05.02-23.33.51:944][847]LogScriptCore:Warning: Attempted to get an item from array CallFunc_GetOverlappingActors_OverlappingActors2 out of bounds [0/0]!

[2017.05.02-23.33.58:944][687]LogBlueprintUserMessages: [spiritOrbOG_C_1] 1800.0
[2017.05.02-23.33.59:003][694]LogBlueprintUserMessages: [spiritOrbOG_C_1] 1620.0
[2017.05.02-23.33.59:219][720]LogBlueprintUserMessages: [spiritOrbOG_C_1] -1260.000122
[2017.05.02-23.33.59:219][720]LogBlueprintUserMessages: [doorSwtich_518] aaaaaaaaaaaaaaaaaaaaaaaaaaaaaaaaand OPEN!
[2017.05.02-23.33.59:403][742]LogBlueprintUserMessages: [spiritOrbOG_C_1] -900.000122
[2017.05.02-23.34.14:536][558]LogScriptCore:Warning: Attempted to get an item from array CallFunc_GetOverlappingActors_OverlappingActors2 out of bounds [0/0]!

[2017.05.02-23.34.16:319][772]LogScriptCore:Warning: Attempted to get an item from array CallFunc_GetOverlappingActors_OverlappingActors2 out of bounds [0/0]!

[2017.05.02-23.34.17:178][875]LogScriptCore:Warning: Attempted to get an item from array CallFunc_GetOverlappingActors_OverlappingActors2 out of bounds [0/0]!

[2017.05.02-23.34.20:270][246]LogBlueprintUserMessages: Early EndPlayMap Detection: Level '/Game/Maps/Level_2.Level_2:PersistentLevel' has LevelScriptBlueprint '/Game/Maps/Level_2.Level_2:PersistentLevel.Level_2' with GeneratedClass '/Game/Maps/Level_2.Level_C' with ClassGeneratedBy '/Game/Maps/Level_2.Level_2:PersistentLevel.Level_2'
[2017.05.02-23.34.20:312][246]LogBlueprintUserMessages: Late EndPlayMap Detection: Level '/Game/Maps/Level_2.Level_2:PersistentLevel' has LevelScriptBlueprint '/Game/Maps/Level_2.Level_2:PersistentLevel.Level_2' with GeneratedClass '/Game/Maps/Level_2.Level_C' with ClassGeneratedBy '/Game/Maps/Level_2.Level_2:PersistentLevel.Level_2'
[2017.05.02-23.34.21:373][313]LogSavePackage: Save=260.38ms
[2017.05.02-23.34.21:373][313]LogSavePackage: Moving '../../../../../../Users/Steve/Documents/SSRepository/Soul-Striker-Main/Soul Striker/Saved/Level_29BA8EAE74C6313BD2278768859D0C037.tmp' to '../../../../../../Users/Steve/Documents/SSRepository/Soul-Striker-Main/Soul Striker/Content/Maps/Level_2.umap'
[2017.05.02-23.34.21:375][313]LogSavePackage:Display: Finished SavePackage ../../../../../../Users/Steve/Documents/SSRepository/Soul-Striker-Main/Soul Striker/Content/Maps/Level_2.umap
[2017.05.02-23.34.26:150][847]LogEditorViewport: Clicking on Actor (LMB): slime_C (slime)
[2017.05.02-23.34.34:377][789]LogEditorViewport: Clicking on Actor (LMB): PlayerStart (Player Start)
[2017.05.02-23.34.34:924][851]LogNavigationPoint: PostEditMove Clear paths rebuilt
[2017.05.02-23.34.36:216][  4]LogNavigationPoint: PostEditMove Clear paths rebuilt
[2017.05.02-23.34.37:278][ 96]LogSavePackage: Save=221.96ms
[2017.05.02-23.34.37:278][ 96]LogSavePackage: Moving '../../../../../../Users/Steve/Documents/SSRepository/Soul-Striker-Main/Soul Striker/Saved/Level_2EE62704C43B79A3C1C2574979BE1023C.tmp' to '../../../../../../Users/Steve/Documents/SSRepository/Soul-Striker-Main/Soul Striker/Content/Maps/Level_2.umap'
[2017.05.02-23.34.37:281][ 96]LogSavePackage:Display: Finished SavePackage ../../../../../../Users/Steve/Documents/SSRepository/Soul-Striker-Main/Soul Striker/Content/Maps/Level_2.umap
[2017.05.02-23.34.37:860][149]LogBlueprintUserMessages: Early PlayInEditor Detection: Level '/Game/Maps/Level_2.Level_2:PersistentLevel' has LevelScriptBlueprint '/Game/Maps/Level_2.Level_2:PersistentLevel.Level_2' with GeneratedClass '/Game/Maps/Level_2.Level_C' with ClassGeneratedBy '/Game/Maps/Level_2.Level_2:PersistentLevel.Level_2'
[2017.05.02-23.34.37:860][149]LogPlayLevel: PlayLevel: No blueprints needed recompiling
[2017.05.02-23.34.37:860][149]PIE: New page: PIE session: Level_2 (May 2, 2017, 2:34:37 PM)
[2017.05.02-23.34.37:860][149]LogPlayLevel: Creating play world package: /Game/Maps/UEDPIE_0_Level_2
[2017.05.02-23.34.37:879][149]LogPlayLevel: PIE: StaticDuplicateObject took: (0.019629s)
[2017.05.02-23.34.37:880][149]LogAIModule: Creating AISystem for world Level_2
[2017.05.02-23.34.37:880][149]LogPlayLevel: PIE: World Init took: (0.000558s)
[2017.05.02-23.34.37:880][149]LogPlayLevel: PIE: Created PIE world by copying editor world from /Game/Maps/Level_2.Level_2 to /Game/Maps/UEDPIE_0_Level_2.Level_2 (0.020477s)
[2017.05.02-23.34.37:907][149]LogInit: XAudio2 using 'Speakers (Realtek High Definition Audio)' : 2 channels at 48 kHz using 32 bits per sample (channel mask 0x3)
[2017.05.02-23.34.37:915][149]LogInit: FAudioDevice initialized.
[2017.05.02-23.34.37:983][149]LogWorld: Game class is 'SoulStrikerCampaign_C'
[2017.05.02-23.34.38:006][149]LogWorld: Bringing World /Game/Maps/UEDPIE_0_Level_2.Level_2 up for play (max tick rate 0) at 2017.05.02-19.34.38
[2017.05.02-23.34.38:009][149]LogWorld: Bringing up level for play took: 0.025092
[2017.05.02-23.34.38:014][149]PIE: Info Play in editor start time for /Game/Maps/UEDPIE_0_Level_2 -0.327
[2017.05.02-23.34.38:014][149]LogBlueprintUserMessages: Late PlayInEditor Detection: Level '/Game/Maps/Level_2.Level_2:PersistentLevel' has LevelScriptBlueprint '/Game/Maps/Level_2.Level_2:PersistentLevel.Level_2' with GeneratedClass '/Game/Maps/Level_2.Level_C' with ClassGeneratedBy '/Game/Maps/Level_2.Level_2:PersistentLevel.Level_2'
[2017.05.02-23.34.48:559][414]LogBlueprintUserMessages: [spiritOrbOG_C_0] 1488.067261
[2017.05.02-23.34.48:851][449]LogBlueprintUserMessages: [spiritOrbOG_C_0] -1157.414185
[2017.05.02-23.34.49:318][505]LogBlueprintUserMessages: [spiritOrbOG_C_0] 661.43457
[2017.05.02-23.34.51:567][775]LogBlueprintUserMessages: [KnightOfLight_C_0] warping Animation!
[2017.05.02-23.34.51:593][778]LogBlueprintUserMessages: [spiritOrbOG_C_1] 1552.633545
[2017.05.02-23.34.51:593][778]LogBlueprintUserMessages: [spiritOrbOG_C_1] 1552.633545
[2017.05.02-23.34.51:751][797]LogBlueprintUserMessages: [KnightOfLight_C_0] warping Animation!
[2017.05.02-23.34.52:152][845]LogBlueprintUserMessages: [spiritOrbOG_C_2] 1510.28479
[2017.05.02-23.34.52:160][846]LogBlueprintUserMessages: [spiritOrbOG_C_2] 1510.28479
[2017.05.02-23.34.52:176][848]LogBlueprintUserMessages: [KnightOfLight_C_0] warping Animation!
[2017.05.02-23.34.52:576][896]LogBlueprintUserMessages: [KnightOfLight_C_0] warping Animation!
[2017.05.02-23.34.52:610][900]LogBlueprintUserMessages: [spiritOrbOG_C_3] 1297.656128
[2017.05.02-23.34.52:759][918]LogBlueprintUserMessages: [KnightOfLight_C_0] warping Animation!
[2017.05.02-23.34.52:951][941]LogBlueprintUserMessages: [KnightOfLight_C_0] warping Animation!
[2017.05.02-23.34.52:952][941]LogBlueprintUserMessages: [spiritOrbOG_C_3] -811.082275
[2017.05.02-23.34.53:143][964]LogBlueprintUserMessages: [KnightOfLight_C_0] warping Animation!
[2017.05.02-23.34.53:343][988]LogBlueprintUserMessages: [KnightOfLight_C_0] warping Animation!
[2017.05.02-23.34.53:660][ 26]LogBlueprintUserMessages: [spiritOrbOG_C_4] 1433.463989
[2017.05.02-23.34.53:960][ 62]LogBlueprintUserMessages: [spiritOrbOG_C_4] -1114.167847
[2017.05.02-23.34.54:369][111]LogBlueprintUserMessages: [spiritOrbOG_C_4] 475.575531
[2017.05.02-23.34.56:176][328]LogBlueprintUserMessages: [KnightOfLight_C_0] warping Animation!
[2017.05.02-23.34.56:236][335]LogBlueprintUserMessages: [spiritOrbOG_C_5] 1611.6073
[2017.05.02-23.34.56:318][345]LogBlueprintUserMessages: [KnightOfLight_C_0] warping Animation!
[2017.05.02-23.34.56:484][365]LogBlueprintUserMessages: [KnightOfLight_C_0] warping Animation!
[2017.05.02-23.34.56:510][368]LogBlueprintUserMessages: [spiritOrbOG_C_5] -1071.6073
[2017.05.02-23.34.56:668][387]LogBlueprintUserMessages: [KnightOfLight_C_0] warping Animation!
[2017.05.02-23.34.56:826][406]LogBlueprintUserMessages: [KnightOfLight_C_0] warping Animation!
[2017.05.02-23.34.56:968][423]LogBlueprintUserMessages: [KnightOfLight_C_0] warping Animation!
[2017.05.02-23.35.02:102][ 39]LogBlueprintUserMessages: [spiritOrbOG_C_6] 1800.141968
[2017.05.02-23.35.02:111][ 40]LogBlueprintUserMessages: [spiritOrbOG_C_6] 1800.141968
[2017.05.02-23.35.13:495][406]LogBlueprintUserMessages: Early EndPlayMap Detection: Level '/Game/Maps/Level_2.Level_2:PersistentLevel' has LevelScriptBlueprint '/Game/Maps/Level_2.Level_2:PersistentLevel.Level_2' with GeneratedClass '/Game/Maps/Level_2.Level_C' with ClassGeneratedBy '/Game/Maps/Level_2.Level_2:PersistentLevel.Level_2'
[2017.05.02-23.35.13:531][406]LogBlueprintUserMessages: Late EndPlayMap Detection: Level '/Game/Maps/Level_2.Level_2:PersistentLevel' has LevelScriptBlueprint '/Game/Maps/Level_2.Level_2:PersistentLevel.Level_2' with GeneratedClass '/Game/Maps/Level_2.Level_C' with ClassGeneratedBy '/Game/Maps/Level_2.Level_2:PersistentLevel.Level_2'
[2017.05.02-23.35.14:316][489]LogBlueprintUserMessages: Early PlayInEditor Detection: Level '/Game/Maps/Level_2.Level_2:PersistentLevel' has LevelScriptBlueprint '/Game/Maps/Level_2.Level_2:PersistentLevel.Level_2' with GeneratedClass '/Game/Maps/Level_2.Level_C' with ClassGeneratedBy '/Game/Maps/Level_2.Level_2:PersistentLevel.Level_2'
[2017.05.02-23.35.14:316][489]LogPlayLevel: PlayLevel: No blueprints needed recompiling
[2017.05.02-23.35.14:316][489]PIE: New page: PIE session: Level_2 (May 2, 2017, 2:35:14 PM)
[2017.05.02-23.35.14:316][489]LogPlayLevel: Creating play world package: /Game/Maps/UEDPIE_0_Level_2
[2017.05.02-23.35.14:338][489]LogPlayLevel: PIE: StaticDuplicateObject took: (0.021814s)
[2017.05.02-23.35.14:339][489]LogAIModule: Creating AISystem for world Level_2
[2017.05.02-23.35.14:339][489]LogPlayLevel: PIE: World Init took: (0.000576s)
[2017.05.02-23.35.14:339][489]LogPlayLevel: PIE: Created PIE world by copying editor world from /Game/Maps/Level_2.Level_2 to /Game/Maps/UEDPIE_0_Level_2.Level_2 (0.022648s)
[2017.05.02-23.35.14:371][489]LogInit: XAudio2 using 'Speakers (Realtek High Definition Audio)' : 2 channels at 48 kHz using 32 bits per sample (channel mask 0x3)
[2017.05.02-23.35.14:381][489]LogInit: FAudioDevice initialized.
[2017.05.02-23.35.14:429][489]LogWorld: Game class is 'SoulStrikerCampaign_C'
[2017.05.02-23.35.14:451][489]LogWorld: Bringing World /Game/Maps/UEDPIE_0_Level_2.Level_2 up for play (max tick rate 0) at 2017.05.02-19.35.14
[2017.05.02-23.35.14:455][489]LogWorld: Bringing up level for play took: 0.024516
[2017.05.02-23.35.14:459][489]PIE: Info Play in editor start time for /Game/Maps/UEDPIE_0_Level_2 0.118
[2017.05.02-23.35.14:459][489]LogBlueprintUserMessages: Late PlayInEditor Detection: Level '/Game/Maps/Level_2.Level_2:PersistentLevel' has LevelScriptBlueprint '/Game/Maps/Level_2.Level_2:PersistentLevel.Level_2' with GeneratedClass '/Game/Maps/Level_2.Level_C' with ClassGeneratedBy '/Game/Maps/Level_2.Level_2:PersistentLevel.Level_2'
[2017.05.02-23.35.27:165][ 13]LogBlueprintUserMessages: Early EndPlayMap Detection: Level '/Game/Maps/Level_2.Level_2:PersistentLevel' has LevelScriptBlueprint '/Game/Maps/Level_2.Level_2:PersistentLevel.Level_2' with GeneratedClass '/Game/Maps/Level_2.Level_C' with ClassGeneratedBy '/Game/Maps/Level_2.Level_2:PersistentLevel.Level_2'
[2017.05.02-23.35.27:206][ 13]LogBlueprintUserMessages: Late EndPlayMap Detection: Level '/Game/Maps/Level_2.Level_2:PersistentLevel' has LevelScriptBlueprint '/Game/Maps/Level_2.Level_2:PersistentLevel.Level_2' with GeneratedClass '/Game/Maps/Level_2.Level_C' with ClassGeneratedBy '/Game/Maps/Level_2.Level_2:PersistentLevel.Level_2'
[2017.05.02-23.35.29:195][241]LogBlueprintUserMessages: Early PlayInEditor Detection: Level '/Game/Maps/Level_2.Level_2:PersistentLevel' has LevelScriptBlueprint '/Game/Maps/Level_2.Level_2:PersistentLevel.Level_2' with GeneratedClass '/Game/Maps/Level_2.Level_C' with ClassGeneratedBy '/Game/Maps/Level_2.Level_2:PersistentLevel.Level_2'
[2017.05.02-23.35.29:195][241]LogPlayLevel: PlayLevel: No blueprints needed recompiling
[2017.05.02-23.35.29:195][241]PIE: New page: PIE session: Level_2 (May 2, 2017, 2:35:29 PM)
[2017.05.02-23.35.29:195][241]LogPlayLevel: Creating play world package: /Game/Maps/UEDPIE_0_Level_2
[2017.05.02-23.35.29:217][241]LogPlayLevel: PIE: StaticDuplicateObject took: (0.022165s)
[2017.05.02-23.35.29:218][241]LogAIModule: Creating AISystem for world Level_2
[2017.05.02-23.35.29:218][241]LogPlayLevel: PIE: World Init took: (0.000578s)
[2017.05.02-23.35.29:218][241]LogPlayLevel: PIE: Created PIE world by copying editor world from /Game/Maps/Level_2.Level_2 to /Game/Maps/UEDPIE_0_Level_2.Level_2 (0.023194s)
[2017.05.02-23.35.29:248][241]LogInit: XAudio2 using 'Speakers (Realtek High Definition Audio)' : 2 channels at 48 kHz using 32 bits per sample (channel mask 0x3)
[2017.05.02-23.35.29:258][241]LogInit: FAudioDevice initialized.
[2017.05.02-23.35.29:304][241]LogWorld: Game class is 'SoulStrikerCampaign_C'
[2017.05.02-23.35.29:328][241]LogWorld: Bringing World /Game/Maps/UEDPIE_0_Level_2.Level_2 up for play (max tick rate 0) at 2017.05.02-19.35.29
[2017.05.02-23.35.29:332][241]LogWorld: Bringing up level for play took: 0.026451
[2017.05.02-23.35.29:336][241]PIE: Info Play in editor start time for /Game/Maps/UEDPIE_0_Level_2 0.995
[2017.05.02-23.35.29:337][241]LogBlueprintUserMessages: Late PlayInEditor Detection: Level '/Game/Maps/Level_2.Level_2:PersistentLevel' has LevelScriptBlueprint '/Game/Maps/Level_2.Level_2:PersistentLevel.Level_2' with GeneratedClass '/Game/Maps/Level_2.Level_C' with ClassGeneratedBy '/Game/Maps/Level_2.Level_2:PersistentLevel.Level_2'
[2017.05.02-23.35.37:382][206]LogBlueprintUserMessages: Early EndPlayMap Detection: Level '/Game/Maps/Level_2.Level_2:PersistentLevel' has LevelScriptBlueprint '/Game/Maps/Level_2.Level_2:PersistentLevel.Level_2' with GeneratedClass '/Game/Maps/Level_2.Level_C' with ClassGeneratedBy '/Game/Maps/Level_2.Level_2:PersistentLevel.Level_2'
[2017.05.02-23.35.37:420][206]LogBlueprintUserMessages: Late EndPlayMap Detection: Level '/Game/Maps/Level_2.Level_2:PersistentLevel' has LevelScriptBlueprint '/Game/Maps/Level_2.Level_2:PersistentLevel.Level_2' with GeneratedClass '/Game/Maps/Level_2.Level_C' with ClassGeneratedBy '/Game/Maps/Level_2.Level_2:PersistentLevel.Level_2'
[2017.05.02-23.35.38:942][346]LogSavePackage: Save=247.53ms
[2017.05.02-23.35.38:942][346]LogSavePackage: Moving '../../../../../../Users/Steve/Documents/SSRepository/Soul-Striker-Main/Soul Striker/Saved/Level_2D1EEB24541CD61A7F664D7994700F2FF.tmp' to '../../../../../../Users/Steve/Documents/SSRepository/Soul-Striker-Main/Soul Striker/Content/Maps/Level_2.umap'
[2017.05.02-23.35.38:944][346]LogSavePackage:Display: Finished SavePackage ../../../../../../Users/Steve/Documents/SSRepository/Soul-Striker-Main/Soul Striker/Content/Maps/Level_2.umap
[2017.05.02-23.35.39:789][431]LogBlueprintUserMessages: Early PlayInEditor Detection: Level '/Game/Maps/Level_2.Level_2:PersistentLevel' has LevelScriptBlueprint '/Game/Maps/Level_2.Level_2:PersistentLevel.Level_2' with GeneratedClass '/Game/Maps/Level_2.Level_C' with ClassGeneratedBy '/Game/Maps/Level_2.Level_2:PersistentLevel.Level_2'
[2017.05.02-23.35.39:789][431]LogPlayLevel: PlayLevel: No blueprints needed recompiling
[2017.05.02-23.35.39:789][431]PIE: New page: PIE session: Level_2 (May 2, 2017, 2:35:39 PM)
[2017.05.02-23.35.39:789][431]LogPlayLevel: Creating play world package: /Game/Maps/UEDPIE_0_Level_2
[2017.05.02-23.35.39:810][431]LogPlayLevel: PIE: StaticDuplicateObject took: (0.021041s)
[2017.05.02-23.35.39:811][431]LogAIModule: Creating AISystem for world Level_2
[2017.05.02-23.35.39:811][431]LogPlayLevel: PIE: World Init took: (0.000530s)
[2017.05.02-23.35.39:811][431]LogPlayLevel: PIE: Created PIE world by copying editor world from /Game/Maps/Level_2.Level_2 to /Game/Maps/UEDPIE_0_Level_2.Level_2 (0.021863s)
[2017.05.02-23.35.39:839][431]LogInit: XAudio2 using 'Speakers (Realtek High Definition Audio)' : 2 channels at 48 kHz using 32 bits per sample (channel mask 0x3)
[2017.05.02-23.35.39:849][431]LogInit: FAudioDevice initialized.
[2017.05.02-23.35.39:894][431]LogWorld: Game class is 'SoulStrikerCampaign_C'
[2017.05.02-23.35.39:916][431]LogWorld: Bringing World /Game/Maps/UEDPIE_0_Level_2.Level_2 up for play (max tick rate 0) at 2017.05.02-19.35.39
[2017.05.02-23.35.39:919][431]LogWorld: Bringing up level for play took: 0.024588
[2017.05.02-23.35.39:924][431]PIE: Info Play in editor start time for /Game/Maps/UEDPIE_0_Level_2 -0.418
[2017.05.02-23.35.39:924][431]LogBlueprintUserMessages: Late PlayInEditor Detection: Level '/Game/Maps/Level_2.Level_2:PersistentLevel' has LevelScriptBlueprint '/Game/Maps/Level_2.Level_2:PersistentLevel.Level_2' with GeneratedClass '/Game/Maps/Level_2.Level_C' with ClassGeneratedBy '/Game/Maps/Level_2.Level_2:PersistentLevel.Level_2'
[2017.05.02-23.35.42:645][757]LogBlueprintUserMessages: [spiritOrbOG_C_0] -462.466156
[2017.05.02-23.35.54:595][191]LogBlueprintUserMessages: Early EndPlayMap Detection: Level '/Game/Maps/Level_2.Level_2:PersistentLevel' has LevelScriptBlueprint '/Game/Maps/Level_2.Level_2:PersistentLevel.Level_2' with GeneratedClass '/Game/Maps/Level_2.Level_C' with ClassGeneratedBy '/Game/Maps/Level_2.Level_2:PersistentLevel.Level_2'
[2017.05.02-23.35.54:638][191]LogBlueprintUserMessages: Late EndPlayMap Detection: Level '/Game/Maps/Level_2.Level_2:PersistentLevel' has LevelScriptBlueprint '/Game/Maps/Level_2.Level_2:PersistentLevel.Level_2' with GeneratedClass '/Game/Maps/Level_2.Level_C' with ClassGeneratedBy '/Game/Maps/Level_2.Level_2:PersistentLevel.Level_2'
[2017.05.02-23.35.55:592][294]LogBlueprintUserMessages: Early PlayInEditor Detection: Level '/Game/Maps/Level_2.Level_2:PersistentLevel' has LevelScriptBlueprint '/Game/Maps/Level_2.Level_2:PersistentLevel.Level_2' with GeneratedClass '/Game/Maps/Level_2.Level_C' with ClassGeneratedBy '/Game/Maps/Level_2.Level_2:PersistentLevel.Level_2'
[2017.05.02-23.35.55:592][294]LogPlayLevel: PlayLevel: No blueprints needed recompiling
[2017.05.02-23.35.55:592][294]PIE: New page: PIE session: Level_2 (May 2, 2017, 2:35:55 PM)
[2017.05.02-23.35.55:592][294]LogPlayLevel: Creating play world package: /Game/Maps/UEDPIE_0_Level_2
[2017.05.02-23.35.55:615][294]LogPlayLevel: PIE: StaticDuplicateObject took: (0.022279s)
[2017.05.02-23.35.55:615][294]LogAIModule: Creating AISystem for world Level_2
[2017.05.02-23.35.55:615][294]LogPlayLevel: PIE: World Init took: (0.000720s)
[2017.05.02-23.35.55:616][294]LogPlayLevel: PIE: Created PIE world by copying editor world from /Game/Maps/Level_2.Level_2 to /Game/Maps/UEDPIE_0_Level_2.Level_2 (0.023385s)
[2017.05.02-23.35.55:644][294]LogInit: XAudio2 using 'Speakers (Realtek High Definition Audio)' : 2 channels at 48 kHz using 32 bits per sample (channel mask 0x3)
[2017.05.02-23.35.55:654][294]LogInit: FAudioDevice initialized.
[2017.05.02-23.35.55:707][294]LogWorld: Game class is 'SoulStrikerCampaign_C'
[2017.05.02-23.35.55:728][294]LogWorld: Bringing World /Game/Maps/UEDPIE_0_Level_2.Level_2 up for play (max tick rate 0) at 2017.05.02-19.35.55
[2017.05.02-23.35.55:732][294]LogWorld: Bringing up level for play took: 0.024320
[2017.05.02-23.35.55:736][294]PIE: Info Play in editor start time for /Game/Maps/UEDPIE_0_Level_2 -0.605
[2017.05.02-23.35.55:736][294]LogBlueprintUserMessages: Late PlayInEditor Detection: Level '/Game/Maps/Level_2.Level_2:PersistentLevel' has LevelScriptBlueprint '/Game/Maps/Level_2.Level_2:PersistentLevel.Level_2' with GeneratedClass '/Game/Maps/Level_2.Level_C' with ClassGeneratedBy '/Game/Maps/Level_2.Level_2:PersistentLevel.Level_2'
[2017.05.02-23.36.05:674][486]LogScriptCore:Warning: Attempted to get an item from array CallFunc_GetOverlappingActors_OverlappingActors2 out of bounds [0/0]!

[2017.05.02-23.36.06:666][605]LogScriptCore:Warning: Attempted to get an item from array CallFunc_GetOverlappingActors_OverlappingActors2 out of bounds [0/0]!

[2017.05.02-23.36.08:874][870]LogBlueprintUserMessages: Early EndPlayMap Detection: Level '/Game/Maps/Level_2.Level_2:PersistentLevel' has LevelScriptBlueprint '/Game/Maps/Level_2.Level_2:PersistentLevel.Level_2' with GeneratedClass '/Game/Maps/Level_2.Level_C' with ClassGeneratedBy '/Game/Maps/Level_2.Level_2:PersistentLevel.Level_2'
[2017.05.02-23.36.08:916][870]LogBlueprintUserMessages: Late EndPlayMap Detection: Level '/Game/Maps/Level_2.Level_2:PersistentLevel' has LevelScriptBlueprint '/Game/Maps/Level_2.Level_2:PersistentLevel.Level_2' with GeneratedClass '/Game/Maps/Level_2.Level_C' with ClassGeneratedBy '/Game/Maps/Level_2.Level_2:PersistentLevel.Level_2'
[2017.05.02-23.36.10:120][  3]LogBlueprintUserMessages: Early PlayInEditor Detection: Level '/Game/Maps/Level_2.Level_2:PersistentLevel' has LevelScriptBlueprint '/Game/Maps/Level_2.Level_2:PersistentLevel.Level_2' with GeneratedClass '/Game/Maps/Level_2.Level_C' with ClassGeneratedBy '/Game/Maps/Level_2.Level_2:PersistentLevel.Level_2'
[2017.05.02-23.36.10:120][  3]LogPlayLevel: PlayLevel: No blueprints needed recompiling
[2017.05.02-23.36.10:120][  3]PIE: New page: PIE session: Level_2 (May 2, 2017, 2:36:10 PM)
[2017.05.02-23.36.10:120][  3]LogPlayLevel: Creating play world package: /Game/Maps/UEDPIE_0_Level_2
[2017.05.02-23.36.10:143][  3]LogPlayLevel: PIE: StaticDuplicateObject took: (0.022808s)
[2017.05.02-23.36.10:143][  3]LogAIModule: Creating AISystem for world Level_2
[2017.05.02-23.36.10:143][  3]LogPlayLevel: PIE: World Init took: (0.000565s)
[2017.05.02-23.36.10:144][  3]LogPlayLevel: PIE: Created PIE world by copying editor world from /Game/Maps/Level_2.Level_2 to /Game/Maps/UEDPIE_0_Level_2.Level_2 (0.023831s)
[2017.05.02-23.36.10:172][  3]LogInit: XAudio2 using 'Speakers (Realtek High Definition Audio)' : 2 channels at 48 kHz using 32 bits per sample (channel mask 0x3)
[2017.05.02-23.36.10:179][  3]LogInit: FAudioDevice initialized.
[2017.05.02-23.36.10:231][  3]LogWorld: Game class is 'SoulStrikerCampaign_C'
[2017.05.02-23.36.10:253][  3]LogWorld: Bringing World /Game/Maps/UEDPIE_0_Level_2.Level_2 up for play (max tick rate 0) at 2017.05.02-19.36.10
[2017.05.02-23.36.10:256][  3]LogWorld: Bringing up level for play took: 0.024386
[2017.05.02-23.36.10:261][  3]PIE: Info Play in editor start time for /Game/Maps/UEDPIE_0_Level_2 -0.08
[2017.05.02-23.36.10:261][  3]LogBlueprintUserMessages: Late PlayInEditor Detection: Level '/Game/Maps/Level_2.Level_2:PersistentLevel' has LevelScriptBlueprint '/Game/Maps/Level_2.Level_2:PersistentLevel.Level_2' with GeneratedClass '/Game/Maps/Level_2.Level_C' with ClassGeneratedBy '/Game/Maps/Level_2.Level_2:PersistentLevel.Level_2'
[2017.05.02-23.36.15:641][647]LogBlueprintUserMessages: [KnightOfLight_C_0] warping Animation!
[2017.05.02-23.36.21:550][356]LogBlueprintUserMessages: Early EndPlayMap Detection: Level '/Game/Maps/Level_2.Level_2:PersistentLevel' has LevelScriptBlueprint '/Game/Maps/Level_2.Level_2:PersistentLevel.Level_2' with GeneratedClass '/Game/Maps/Level_2.Level_C' with ClassGeneratedBy '/Game/Maps/Level_2.Level_2:PersistentLevel.Level_2'
[2017.05.02-23.36.21:590][356]LogBlueprintUserMessages: Late EndPlayMap Detection: Level '/Game/Maps/Level_2.Level_2:PersistentLevel' has LevelScriptBlueprint '/Game/Maps/Level_2.Level_2:PersistentLevel.Level_2' with GeneratedClass '/Game/Maps/Level_2.Level_C' with ClassGeneratedBy '/Game/Maps/Level_2.Level_2:PersistentLevel.Level_2'
[2017.05.02-23.36.22:299][429]LogBlueprintUserMessages: Early PlayInEditor Detection: Level '/Game/Maps/Level_2.Level_2:PersistentLevel' has LevelScriptBlueprint '/Game/Maps/Level_2.Level_2:PersistentLevel.Level_2' with GeneratedClass '/Game/Maps/Level_2.Level_C' with ClassGeneratedBy '/Game/Maps/Level_2.Level_2:PersistentLevel.Level_2'
[2017.05.02-23.36.22:299][429]LogPlayLevel: PlayLevel: No blueprints needed recompiling
[2017.05.02-23.36.22:299][429]PIE: New page: PIE session: Level_2 (May 2, 2017, 2:36:22 PM)
[2017.05.02-23.36.22:299][429]LogPlayLevel: Creating play world package: /Game/Maps/UEDPIE_0_Level_2
[2017.05.02-23.36.22:320][429]LogPlayLevel: PIE: StaticDuplicateObject took: (0.020927s)
[2017.05.02-23.36.22:320][429]LogAIModule: Creating AISystem for world Level_2
[2017.05.02-23.36.22:320][429]LogPlayLevel: PIE: World Init took: (0.000518s)
[2017.05.02-23.36.22:321][429]LogPlayLevel: PIE: Created PIE world by copying editor world from /Game/Maps/Level_2.Level_2 to /Game/Maps/UEDPIE_0_Level_2.Level_2 (0.021744s)
[2017.05.02-23.36.22:348][429]LogInit: XAudio2 using 'Speakers (Realtek High Definition Audio)' : 2 channels at 48 kHz using 32 bits per sample (channel mask 0x3)
[2017.05.02-23.36.22:356][429]LogInit: FAudioDevice initialized.
[2017.05.02-23.36.22:401][429]LogWorld: Game class is 'SoulStrikerCampaign_C'
[2017.05.02-23.36.22:423][429]LogWorld: Bringing World /Game/Maps/UEDPIE_0_Level_2.Level_2 up for play (max tick rate 0) at 2017.05.02-19.36.22
[2017.05.02-23.36.22:426][429]LogWorld: Bringing up level for play took: 0.024109
[2017.05.02-23.36.22:430][429]PIE: Info Play in editor start time for /Game/Maps/UEDPIE_0_Level_2 0.089
[2017.05.02-23.36.22:430][429]LogBlueprintUserMessages: Late PlayInEditor Detection: Level '/Game/Maps/Level_2.Level_2:PersistentLevel' has LevelScriptBlueprint '/Game/Maps/Level_2.Level_2:PersistentLevel.Level_2' with GeneratedClass '/Game/Maps/Level_2.Level_C' with ClassGeneratedBy '/Game/Maps/Level_2.Level_2:PersistentLevel.Level_2'
[2017.05.02-23.36.26:706][942]LogBlueprintUserMessages: [KnightOfLight_C_0] warping Animation!
[2017.05.02-23.36.33:142][714]LogBlueprintUserMessages: [spiritOrbOG_C_2] -963.034607
[2017.05.02-23.36.42:541][842]LogBlueprintUserMessages: Early EndPlayMap Detection: Level '/Game/Maps/Level_2.Level_2:PersistentLevel' has LevelScriptBlueprint '/Game/Maps/Level_2.Level_2:PersistentLevel.Level_2' with GeneratedClass '/Game/Maps/Level_2.Level_C' with ClassGeneratedBy '/Game/Maps/Level_2.Level_2:PersistentLevel.Level_2'
[2017.05.02-23.36.42:581][842]LogBlueprintUserMessages: Late EndPlayMap Detection: Level '/Game/Maps/Level_2.Level_2:PersistentLevel' has LevelScriptBlueprint '/Game/Maps/Level_2.Level_2:PersistentLevel.Level_2' with GeneratedClass '/Game/Maps/Level_2.Level_C' with ClassGeneratedBy '/Game/Maps/Level_2.Level_2:PersistentLevel.Level_2'
[2017.05.02-23.36.51:686][896]LogSavePackage: Save=218.28ms
[2017.05.02-23.36.51:686][896]LogSavePackage: Moving '../../../../../../Users/Steve/Documents/SSRepository/Soul-Striker-Main/Soul Striker/Saved/Level_264C0C76C428F4C074F45338A176CA44F.tmp' to '../../../../../../Users/Steve/Documents/SSRepository/Soul-Striker-Main/Soul Striker/Content/Maps/Level_2.umap'
[2017.05.02-23.36.51:688][896]LogSavePackage:Display: Finished SavePackage ../../../../../../Users/Steve/Documents/SSRepository/Soul-Striker-Main/Soul Striker/Content/Maps/Level_2.umap
[2017.05.02-23.36.53:243][ 40]LogWindowsTextInputMethodSystem:Display: IME system now deactivated.
[2017.05.02-23.36.53:419][ 41]Cmd: QUIT_EDITOR
[2017.05.02-23.36.54:137][ 41]LogExit: Preparing to exit.
[2017.05.02-23.36.55:462][ 41]LogExit: Editor shut down
[2017.05.02-23.36.55:462][ 41]LogExit: Transaction tracking system shut down
[2017.05.02-23.36.55:611][ 41]LogObj: Freed 0b from 0 cluster array pools.
[2017.05.02-23.36.55:611][ 41]LogExit: Object subsystem successfully closed.
[2017.05.02-23.36.55:628][ 41]LogD3D11RHI: Shutdown
[2017.05.02-23.36.55:628][ 41]LogD3D11RHI: CleanupD3DDevice
[2017.05.02-23.36.55:724][ 41]LogD3D11RHI: ~FD3D11DynamicRHI
[2017.05.02-23.36.55:735][ 41]LogModuleManager: Shutting down and abandoning module BlueprintGraph (217)
[2017.05.02-23.36.55:735][ 41]LogModuleManager: Shutting down and abandoning module MovieSceneCapture (216)
[2017.05.02-23.36.55:735][ 41]LogModuleManager: Shutting down and abandoning module HierarchicalLODOutliner (215)
[2017.05.02-23.36.55:735][ 41]LogModuleManager: Shutting down and abandoning module CrashTracker (214)
[2017.05.02-23.36.55:735][ 41]LogModuleManager: Shutting down and abandoning module SceneOutliner (213)
[2017.05.02-23.36.55:735][ 41]LogModuleManager: Shutting down and abandoning module WidgetCarousel (212)
[2017.05.02-23.36.55:735][ 41]LogModuleManager: Shutting down and abandoning module AddContentDialog (211)
[2017.05.02-23.36.55:736][ 41]LogModuleManager: Shutting down and abandoning module GameplayTags (210)
[2017.05.02-23.36.55:736][ 41]LogModuleManager: Shutting down and abandoning module EditorWidgets (209)
[2017.05.02-23.36.55:736][ 41]LogModuleManager: Shutting down and abandoning module CollectionManager (208)
[2017.05.02-23.36.55:736][ 41]LogModuleManager: Shutting down and abandoning module StatsViewer (207)
[2017.05.02-23.36.55:736][ 41]LogModuleManager: Shutting down and abandoning module FoliageEdit (206)
[2017.05.02-23.36.55:736][ 41]LogModuleManager: Shutting down and abandoning module LandscapeEditor (205)
[2017.05.02-23.36.55:736][ 41]LogModuleManager: Shutting down and abandoning module SceneDepthPickerMode (204)
[2017.05.02-23.36.55:736][ 41]LogModuleManager: Shutting down and abandoning module ActorPickerMode (203)
[2017.05.02-23.36.55:736][ 41]LogModuleManager: Shutting down and abandoning module GeometryMode (202)
[2017.05.02-23.36.55:736][ 41]LogModuleManager: Shutting down and abandoning module TextureAlignMode (201)
[2017.05.02-23.36.55:736][ 41]LogModuleManager: Shutting down and abandoning module BspMode (200)
[2017.05.02-23.36.55:736][ 41]LogModuleManager: Shutting down and abandoning module HardwareSurvey (199)
[2017.05.02-23.36.55:736][ 41]LogModuleManager: Shutting down and abandoning module SequenceRecorderSections (198)
[2017.05.02-23.36.55:736][ 41]LogModuleManager: Shutting down and abandoning module SequenceRecorder (197)
[2017.05.02-23.36.55:736][ 41]LogModuleManager: Shutting down and abandoning module AutomationWorker (196)
[2017.05.02-23.36.55:736][ 41]LogModuleManager: Shutting down and abandoning module MatineeToLevelSequence (195)
[2017.05.02-23.36.55:736][ 41]LogModuleManager: Shutting down and abandoning module PlacementMode (194)
[2017.05.02-23.36.55:736][ 41]LogModuleManager: Shutting down and abandoning module LevelSequenceEditor (193)
[2017.05.02-23.36.55:736][ 41]LogModuleManager: Shutting down and abandoning module CharacterAI (192)
[2017.05.02-23.36.55:736][ 41]LogModuleManager: Shutting down and abandoning module SmartSnapping (191)
[2017.05.02-23.36.55:736][ 41]LogModuleManager: Shutting down and abandoning module SessionServices (190)
[2017.05.02-23.36.55:736][ 41]LogModuleManager: Shutting down and abandoning module ViewportSnapping (189)
[2017.05.02-23.36.55:736][ 41]LogModuleManager: Shutting down and abandoning module LogVisualizer (188)
[2017.05.02-23.36.55:736][ 41]LogModuleManager: Shutting down and abandoning module GameProjectGeneration (187)
[2017.05.02-23.36.55:736][ 41]LogModuleManager: Shutting down and abandoning module IntroTutorials (186)
[2017.05.02-23.36.55:737][ 41]LogModuleManager: Shutting down and abandoning module EditorLiveStreaming (185)
[2017.05.02-23.36.55:737][ 41]LogModuleManager: Shutting down and abandoning module IOSPlatformEditor (184)
[2017.05.02-23.36.55:737][ 41]LogModuleManager: Shutting down and abandoning module HTML5PlatformEditor (183)
[2017.05.02-23.36.55:737][ 41]LogModuleManager: Shutting down and abandoning module AndroidDeviceDetection (182)
[2017.05.02-23.36.56:163][ 41]LogModuleManager: Shutting down and abandoning module AndroidPlatformEditor (181)
[2017.05.02-23.36.56:163][ 41]LogModuleManager: Shutting down and abandoning module IOSRuntimeSettings (180)
[2017.05.02-23.36.56:163][ 41]LogModuleManager: Shutting down and abandoning module AndroidRuntimeSettings (179)
[2017.05.02-23.36.56:163][ 41]LogModuleManager: Shutting down and abandoning module MergeActors (178)
[2017.05.02-23.36.56:163][ 41]LogModuleManager: Shutting down and abandoning module SizeMap (177)
[2017.05.02-23.36.56:163][ 41]LogModuleManager: Shutting down and abandoning module TreeMap (176)
[2017.05.02-23.36.56:163][ 41]LogModuleManager: Shutting down and abandoning module ReferenceViewer (175)
[2017.05.02-23.36.56:163][ 41]LogModuleManager: Shutting down and abandoning module LocalizationService (174)
[2017.05.02-23.36.56:163][ 41]LogModuleManager: Shutting down and abandoning module LocalizationDashboard (173)
[2017.05.02-23.36.56:163][ 41]LogModuleManager: Shutting down and abandoning module HardwareTargeting (172)
[2017.05.02-23.36.56:163][ 41]LogModuleManager: Shutting down and abandoning module DeviceProfileEditor (171)
[2017.05.02-23.36.56:163][ 41]LogModuleManager: Shutting down and abandoning module UndoHistory (170)
[2017.05.02-23.36.56:163][ 41]LogModuleManager: Shutting down and abandoning module UserFeedback (169)
[2017.05.02-23.36.56:163][ 41]LogModuleManager: Shutting down and abandoning module XmlParser (168)
[2017.05.02-23.36.56:163][ 41]LogModuleManager: Shutting down and abandoning module Blutility (167)
[2017.05.02-23.36.56:163][ 41]LogModuleManager: Shutting down and abandoning module ProjectTargetPlatformEditor (166)
[2017.05.02-23.36.56:164][ 41]LogModuleManager: Shutting down and abandoning module ProjectSettingsViewer (165)
[2017.05.02-23.36.56:164][ 41]LogModuleManager: Shutting down and abandoning module InputBindingEditor (164)
[2017.05.02-23.36.56:164][ 41]LogModuleManager: Shutting down and abandoning module EditorSettingsViewer (163)
[2017.05.02-23.36.56:164][ 41]LogModuleManager: Shutting down and abandoning module SettingsEditor (162)
[2017.05.02-23.36.56:164][ 41]LogModuleManager: Shutting down and abandoning module ProjectLauncher (161)
[2017.05.02-23.36.56:164][ 41]LogModuleManager: Shutting down and abandoning module SessionFrontend (160)
[2017.05.02-23.36.56:164][ 41]LogModuleManager: Shutting down and abandoning module ProfilerClient (159)
[2017.05.02-23.36.56:165][ 41]LogModuleManager: Shutting down and abandoning module TargetDeviceServices (158)
[2017.05.02-23.36.56:165][ 41]LogModuleManager: Shutting down and abandoning module DeviceManager (157)
[2017.05.02-23.36.56:220][ 41]LogModuleManager: Shutting down and abandoning module AutomationController (156)
[2017.05.02-23.36.56:220][ 41]LogModuleManager: Shutting down and abandoning module AutomationWindow (155)
[2017.05.02-23.36.56:220][ 41]LogModuleManager: Shutting down and abandoning module Layers (154)
[2017.05.02-23.36.56:220][ 41]LogModuleManager: Shutting down and abandoning module ComponentVisualizers (153)
[2017.05.02-23.36.56:220][ 41]LogModuleManager: Shutting down and abandoning module DetailCustomizations (152)
[2017.05.02-23.36.56:220][ 41]LogModuleManager: Shutting down and abandoning module PackagesDialog (151)
[2017.05.02-23.36.56:220][ 41]LogModuleManager: Shutting down and abandoning module Persona (150)
[2017.05.02-23.36.56:221][ 41]LogModuleManager: Shutting down and abandoning module Kismet (149)
[2017.05.02-23.36.56:221][ 41]LogModuleManager: Shutting down and abandoning module GraphEditor (148)
[2017.05.02-23.36.56:221][ 41]LogModuleManager: Shutting down and abandoning module ClassViewer (147)
[2017.05.02-23.36.56:221][ 41]LogModuleManager: Shutting down and abandoning module Toolbox (146)
[2017.05.02-23.36.56:221][ 41]LogModuleManager: Shutting down and abandoning module ModuleUI (145)
[2017.05.02-23.36.56:221][ 41]LogModuleManager: Shutting down and abandoning module MovieSceneTools (144)
[2017.05.02-23.36.56:221][ 41]LogModuleManager: Shutting down and abandoning module OutputLog (143)
[2017.05.02-23.36.56:221][ 41]LogModuleManager: Shutting down and abandoning module GammaUI (142)
[2017.05.02-23.36.56:221][ 41]LogModuleManager: Shutting down and abandoning module Documentation (141)
[2017.05.02-23.36.56:221][ 41]LogModuleManager: Shutting down and abandoning module StreamingPauseRendering (140)
[2017.05.02-23.36.56:221][ 41]LogModuleManager: Shutting down and abandoning module AnalyticsET (139)
[2017.05.02-23.36.56:221][ 41]LogModuleManager: Shutting down and abandoning module Analytics (138)
[2017.05.02-23.36.56:221][ 41]LogModuleManager: Shutting down and abandoning module PortalServices (137)
[2017.05.02-23.36.56:221][ 41]LogModuleManager: Shutting down and abandoning module PortalRpc (136)
[2017.05.02-23.36.56:221][ 41]LogModuleManager: Shutting down and abandoning module MessagingRpc (135)
[2017.05.02-23.36.56:221][ 41]LogModuleManager: Shutting down and abandoning module GameplayDebugger (134)
[2017.05.02-23.36.56:221][ 41]LogModuleManager: Shutting down and abandoning module AITestSuite (133)
[2017.05.02-23.36.56:221][ 41]LogModuleManager: Shutting down and abandoning module AIModule (132)
[2017.05.02-23.36.56:221][ 41]LogModuleManager: Shutting down and abandoning module ProfilerService (131)
[2017.05.02-23.36.56:427][ 41]LogModuleManager: Shutting down and abandoning module TaskGraph (130)
[2017.05.02-23.36.56:427][ 41]LogModuleManager: Shutting down and abandoning module SubstanceEditor (129)
[2017.05.02-23.36.56:427][ 41]LogModuleManager: Shutting down and abandoning module SlateRemote (128)
[2017.05.02-23.36.56:427][ 41]LogModuleManager: Shutting down and abandoning module SteamVRController (127)
[2017.05.02-23.36.56:427][ 41]LogModuleManager: Shutting down and abandoning module SteamVR (126)
[2017.05.02-23.36.56:427][ 41]LogModuleManager: Shutting down and abandoning module ProceduralMeshComponent (125)
[2017.05.02-23.36.56:427][ 41]LogModuleManager: Shutting down and abandoning module OculusLibrary (124)
[2017.05.02-23.36.56:427][ 41]LogModuleManager: Shutting down and abandoning module OculusInput (123)
[2017.05.02-23.36.56:427][ 41]LogModuleManager: Shutting down and abandoning module CustomMeshComponent (122)
[2017.05.02-23.36.56:427][ 41]LogModuleManager: Shutting down and abandoning module CableComponent (121)
[2017.05.02-23.36.56:427][ 41]LogModuleManager: Shutting down and abandoning module ArchVisCharacter (120)
[2017.05.02-23.36.56:427][ 41]LogModuleManager: Shutting down and abandoning module MediaPlayerEditor (119)
[2017.05.02-23.36.56:427][ 41]LogModuleManager: Shutting down and abandoning module HTML5Networking (118)
[2017.05.02-23.36.56:427][ 41]LogModuleManager: Shutting down and abandoning module SuperSearch (117)
[2017.05.02-23.36.56:427][ 41]LogModuleManager: Shutting down and abandoning module SuperSearchEditor (116)
[2017.05.02-23.36.56:427][ 41]LogModuleManager: Shutting down and abandoning module SpeedTreeImporter (115)
[2017.05.02-23.36.56:427][ 41]LogModuleManager: Shutting down and abandoning module PluginBrowser (114)
[2017.05.02-23.36.56:427][ 41]LogModuleManager: Shutting down and abandoning module EpicSurvey (113)
[2017.05.02-23.36.56:427][ 41]LogModuleManager: Shutting down and abandoning module DesktopPlatform (112)
[2017.05.02-23.36.56:427][ 41]LogModuleManager: Shutting down and abandoning module VisualStudioSourceCodeAccess (111)
[2017.05.02-23.36.56:427][ 41]LogModuleManager: Shutting down and abandoning module UObjectPlugin (110)
[2017.05.02-23.36.56:427][ 41]LogModuleManager: Shutting down and abandoning module SubversionSourceControl (109)
[2017.05.02-23.36.56:427][ 41]LogModuleManager: Shutting down and abandoning module PerforceSourceControl (108)
[2017.05.02-23.36.56:427][ 41]LogModuleManager: Shutting down and abandoning module SourceControl (107)
[2017.05.02-23.36.56:427][ 41]LogModuleManager: Shutting down and abandoning module GitSourceControl (106)
[2017.05.02-23.36.56:427][ 41]LogModuleManager: Shutting down and abandoning module LightPropagationVolumeEditor (105)
[2017.05.02-23.36.56:427][ 41]LogModuleManager: Shutting down and abandoning module PaperTiledImporter (104)
[2017.05.02-23.36.56:427][ 41]LogModuleManager: Shutting down and abandoning module PaperSpriteSheetImporter (103)
[2017.05.02-23.36.56:427][ 41]LogModuleManager: Shutting down and abandoning module MeshPaint (102)
[2017.05.02-23.36.56:427][ 41]LogModuleManager: Shutting down and abandoning module PixelInspectorModule (101)
[2017.05.02-23.36.56:428][ 41]LogModuleManager: Shutting down and abandoning module HotReload (100)
[2017.05.02-23.36.56:428][ 41]LogModuleManager: Shutting down and abandoning module MainFrame (99)
[2017.05.02-23.36.56:428][ 41]LogModuleManager: Shutting down and abandoning module LevelEditor (98)
[2017.05.02-23.36.56:429][ 41]LogModuleManager: Shutting down and abandoning module ContentBrowser (97)
[2017.05.02-23.36.56:430][ 41]LogModuleManager: Shutting down and abandoning module Paper2DEditor (96)
[2017.05.02-23.36.56:430][ 41]LogModuleManager: Shutting down and abandoning module UdpMessaging (95)
[2017.05.02-23.36.56:531][ 41]LogModuleManager: Shutting down and abandoning module SubstanceCore (94)
[2017.05.02-23.36.56:531][ 41]LogModuleManager: Shutting down and abandoning module LightPropagationVolumeRuntime (93)
[2017.05.02-23.36.56:531][ 41]LogModuleManager: Shutting down and abandoning module Paper2D (92)
[2017.05.02-23.36.56:531][ 41]LogModuleManager: Shutting down and abandoning module WindowsMoviePlayer (91)
[2017.05.02-23.36.56:531][ 41]LogModuleManager: Shutting down and abandoning module Media (90)
[2017.05.02-23.36.56:531][ 41]LogModuleManager: Shutting down and abandoning module WmfMedia (89)
[2017.05.02-23.36.56:531][ 41]LogModuleManager: Shutting down and abandoning module MediaAssets (88)
[2017.05.02-23.36.56:532][ 41]LogModuleManager: Shutting down and abandoning module GameLiveStreaming (87)
[2017.05.02-23.36.56:532][ 41]LogModuleManager: Shutting down and abandoning module GameplayTagsEditor (86)
[2017.05.02-23.36.56:532][ 41]LogModuleManager: Shutting down and abandoning module OnlineBlueprintSupport (85)
[2017.05.02-23.36.56:532][ 41]LogModuleManager: Shutting down and abandoning module VREditor (84)
[2017.05.02-23.36.56:532][ 41]LogModuleManager: Shutting down and abandoning module GameplayTasksEditor (83)
[2017.05.02-23.36.56:532][ 41]LogModuleManager: Shutting down and abandoning module PropertyEditor (82)
[2017.05.02-23.36.56:532][ 41]LogModuleManager: Shutting down and abandoning module BehaviorTreeEditor (81)
[2017.05.02-23.36.56:532][ 41]LogModuleManager: Shutting down and abandoning module FunctionalTesting (80)
[2017.05.02-23.36.56:532][ 41]LogModuleManager: Shutting down and abandoning module CollisionAnalyzer (79)
[2017.05.02-23.36.56:532][ 41]LogModuleManager: Shutting down and abandoning module Sequencer (78)
[2017.05.02-23.36.56:532][ 41]LogModuleManager: Shutting down and abandoning module WorkspaceMenuStructure (77)
[2017.05.02-23.36.56:532][ 41]LogModuleManager: Shutting down and abandoning module MessageLog (76)
[2017.05.02-23.36.56:532][ 41]LogModuleManager: Shutting down and abandoning module AssetTools (75)
[2017.05.02-23.36.56:533][ 41]LogModuleManager: Shutting down and abandoning module UMGEditor (74)
[2017.05.02-23.36.56:533][ 41]LogModuleManager: Shutting down and abandoning module UMG (73)
[2017.05.02-23.36.56:533][ 41]LogModuleManager: Shutting down and abandoning module SlateReflector (72)
[2017.05.02-23.36.56:533][ 41]LogModuleManager: Shutting down and abandoning module Slate (71)
[2017.05.02-23.36.56:533][ 41]LogModuleManager: Shutting down and abandoning module EditorStyle (70)
[2017.05.02-23.36.56:541][ 41]LogModuleManager: Shutting down and abandoning module SourceCodeAccess (69)
[2017.05.02-23.36.56:541][ 41]LogModuleManager: Shutting down and abandoning module HeadMountedDisplay (68)
[2017.05.02-23.36.56:541][ 41]LogModuleManager: Shutting down and abandoning module XAudio2 (67)
[2017.05.02-23.36.56:542][ 41]LogModuleManager: Shutting down and abandoning module Networking (65)
[2017.05.02-23.36.56:542][ 41]LogModuleManager: Shutting down and abandoning module Core (64)
[2017.05.02-23.36.56:542][ 41]LogModuleManager: Shutting down and abandoning module DirectoryWatcher (63)
[2017.05.02-23.36.56:543][ 41]LogModuleManager: Shutting down and abandoning module AssetRegistry (62)
[2017.05.02-23.36.56:663][ 41]LogModuleManager: Shutting down and abandoning module KismetCompiler (61)
[2017.05.02-23.36.56:663][ 41]LogModuleManager: Shutting down and abandoning module PhysXFormats (60)
[2017.05.02-23.36.56:663][ 41]LogModuleManager: Shutting down and abandoning module MeshUtilities (59)
[2017.05.02-23.36.56:663][ 41]LogModuleManager: Shutting down and abandoning module DerivedDataCache (58)
[2017.05.02-23.36.56:740][ 41]LogDerivedDataCache: Shutdown
[2017.05.02-23.36.56:740][ 41]LogModuleManager: Shutting down and abandoning module VulkanShaderFormat (57)
[2017.05.02-23.36.56:740][ 41]LogModuleManager: Shutting down and abandoning module ShaderFormatOpenGL (56)
[2017.05.02-23.36.56:740][ 41]LogModuleManager: Shutting down and abandoning module ShaderFormatD3D (55)
[2017.05.02-23.36.56:740][ 41]LogModuleManager: Shutting down and abandoning module MetalShaderFormat (54)
[2017.05.02-23.36.56:740][ 41]LogModuleManager: Shutting down and abandoning module TextureFormatUncompressed (53)
[2017.05.02-23.36.56:740][ 41]LogModuleManager: Shutting down and abandoning module TextureFormatPVR (52)
[2017.05.02-23.36.56:740][ 41]LogModuleManager: Shutting down and abandoning module TextureFormatIntelISPCTexComp (51)
[2017.05.02-23.36.56:741][ 41]LogModuleManager: Shutting down and abandoning module TextureFormatDXT (50)
[2017.05.02-23.36.56:741][ 41]LogModuleManager: Shutting down and abandoning module ImageWrapper (49)
[2017.05.02-23.36.56:741][ 41]LogModuleManager: Shutting down and abandoning module TextureFormatASTC (48)
[2017.05.02-23.36.56:741][ 41]LogModuleManager: Shutting down and abandoning module TextureFormatAndroid (47)
[2017.05.02-23.36.56:741][ 41]LogModuleManager: Shutting down and abandoning module AudioFormatOpus (46)
[2017.05.02-23.36.56:741][ 41]LogModuleManager: Shutting down and abandoning module AudioFormatOgg (45)
[2017.05.02-23.36.56:741][ 41]LogModuleManager: Shutting down and abandoning module AudioFormatADPCM (44)
[2017.05.02-23.36.56:741][ 41]LogModuleManager: Shutting down and abandoning module LinuxTargetPlatform (43)
[2017.05.02-23.36.56:741][ 41]LogModuleManager: Shutting down and abandoning module LinuxServerTargetPlatform (42)
[2017.05.02-23.36.56:741][ 41]LogModuleManager: Shutting down and abandoning module LinuxNoEditorTargetPlatform (41)
[2017.05.02-23.36.56:741][ 41]LogModuleManager: Shutting down and abandoning module TVOSTargetPlatform (40)
[2017.05.02-23.36.56:741][ 41]LogModuleManager: Shutting down and abandoning module Messaging (39)
[2017.05.02-23.36.56:741][ 41]LogModuleManager: Shutting down and abandoning module IOSTargetPlatform (38)
[2017.05.02-23.36.56:741][ 41]LogModuleManager: Shutting down and abandoning module HTML5TargetPlatform (37)
[2017.05.02-23.36.56:741][ 41]LogModuleManager: Shutting down and abandoning module Android_PVRTCTargetPlatform (36)
[2017.05.02-23.36.56:741][ 41]LogModuleManager: Shutting down and abandoning module Android_MultiTargetPlatform (35)
[2017.05.02-23.36.56:741][ 41]LogModuleManager: Shutting down and abandoning module Android_ETC2TargetPlatform (34)
[2017.05.02-23.36.56:741][ 41]LogModuleManager: Shutting down and abandoning module Android_ETC1TargetPlatform (33)
[2017.05.02-23.36.56:741][ 41]LogModuleManager: Shutting down and abandoning module Android_DXTTargetPlatform (32)
[2017.05.02-23.36.56:741][ 41]LogModuleManager: Shutting down and abandoning module Android_ATCTargetPlatform (31)
[2017.05.02-23.36.56:741][ 41]LogModuleManager: Shutting down and abandoning module Android_ASTCTargetPlatform (30)
[2017.05.02-23.36.56:741][ 41]LogModuleManager: Shutting down and abandoning module AndroidTargetPlatform (29)
[2017.05.02-23.36.56:741][ 41]LogModuleManager: Shutting down and abandoning module WindowsTargetPlatform (28)
[2017.05.02-23.36.56:741][ 41]LogModuleManager: Shutting down and abandoning module WindowsServerTargetPlatform (27)
[2017.05.02-23.36.56:741][ 41]LogModuleManager: Shutting down and abandoning module WindowsNoEditorTargetPlatform (26)
[2017.05.02-23.36.56:742][ 41]LogModuleManager: Shutting down and abandoning module WindowsClientTargetPlatform (25)
[2017.05.02-23.36.56:742][ 41]LogModuleManager: Shutting down and abandoning module AllDesktopTargetPlatform (24)
[2017.05.02-23.36.56:742][ 41]LogModuleManager: Shutting down and abandoning module TargetPlatform (23)
[2017.05.02-23.36.56:742][ 41]LogModuleManager: Shutting down and abandoning module InputCore (22)
[2017.05.02-23.36.56:742][ 41]LogModuleManager: Shutting down and abandoning module Settings (21)
[2017.05.02-23.36.56:742][ 41]LogModuleManager: Shutting down and abandoning module OnlineSubsystem (19)
[2017.05.02-23.36.56:742][ 41]LogModuleManager: Shutting down and abandoning module HTTP (18)
[2017.05.02-23.36.58:246][ 41]LogModuleManager: Shutting down and abandoning module XMPP (17)
[2017.05.02-23.36.58:246][ 41]LogModuleManager: Shutting down and abandoning module OculusRift (16)
[2017.05.02-23.36.58:246][ 41]LogModuleManager: Shutting down and abandoning module ExampleDeviceProfileSelector (15)
[2017.05.02-23.36.58:246][ 41]LogModuleManager: Shutting down and abandoning module TextureCompressor (14)
[2017.05.02-23.36.58:246][ 41]LogModuleManager: Shutting down and abandoning module ShaderCore (13)
[2017.05.02-23.36.58:246][ 41]LogModuleManager: Shutting down and abandoning module Landscape (12)
[2017.05.02-23.36.58:247][ 41]LogModuleManager: Shutting down and abandoning module SlateRHIRenderer (11)
[2017.05.02-23.36.58:252][ 41]LogModuleManager: Shutting down and abandoning module OpenGLDrv (10)
[2017.05.02-23.36.58:252][ 41]LogModuleManager: Shutting down and abandoning module D3D11RHI (9)
[2017.05.02-23.36.58:252][ 41]LogModuleManager: Shutting down and abandoning module AnimGraphRuntime (8)
[2017.05.02-23.36.58:252][ 41]LogModuleManager: Shutting down and abandoning module Renderer (7)
[2017.05.02-23.36.58:252][ 41]LogModuleManager: Shutting down and abandoning module Engine (6)
[2017.05.02-23.36.58:252][ 41]LogModuleManager: Shutting down and abandoning module CoreUObject (5)
[2017.05.02-23.36.58:252][ 41]LogModuleManager: Shutting down and abandoning module NetworkFile (4)
[2017.05.02-23.36.58:252][ 41]LogModuleManager: Shutting down and abandoning module StreamingFile (3)
[2017.05.02-23.36.58:252][ 41]LogModuleManager: Shutting down and abandoning module SandboxFile (2)
[2017.05.02-23.36.58:252][ 41]LogModuleManager: Shutting down and abandoning module PakFile (1)
[2017.05.02-23.36.58:256][ 41]LogExit: Exiting.
[2017.05.02-23.36.58:261][ 41]Log file closed, 05/02/17 19:36:58
