Log file open, 04/18/17 23:58:54
LogInit:Display: Running engine for game: SoulStriker
LogPlatformFile: Not using cached read wrapper
LogInit:Display: RandInit(953842592) SRandInit(953842594).
LogTaskGraph: Started task graph with 4 named threads and 7 total threads with 1 sets of task threads.
LogStats: Stats thread started at 0.461686
LogInit: Version: 4.12.5-3039270+++UE4+Release-4.12
LogInit: API Version: 2992821
LogInit: Net Version: 3039270
LogDevObjectVersion: Number of dev versions registered: 13
LogDevObjectVersion:   Dev-Blueprints (B0D832E4-1F89-4F0D-ACCF-7EB736FD4AA2): 3
LogDevObjectVersion:   Dev-Build (E1C64328-A22C-4D53-A36C-8E866417BD8C): 0
LogDevObjectVersion:   Dev-Core (375EC13C-06E4-48FB-B500-84F0262A717E): 1
LogDevObjectVersion:   Dev-Editor (E4B068ED-F494-42E9-A231-DA0B2E46BB41): 2
LogDevObjectVersion:   Dev-Framework (CFFC743F-43B0-4480-9391-14DF171D2073): 6
LogDevObjectVersion:   Dev-Mobile (B02B49B5-BB20-44E9-A304-32B752E40360): 0
LogDevObjectVersion:   Dev-Networking (A4E4105C-59A1-49B5-A7C5-40C4547EDFEE): 0
LogDevObjectVersion:   Dev-Online (39C831C9-5AE6-47DC-9A44-9C173E1C8E7C): 0
LogDevObjectVersion:   Dev-Physics (78F01B33-EBEA-4F98-B9B4-84EACCB95AA2): 0
LogDevObjectVersion:   Dev-Platform (6631380F-2D4D-43E0-8009-CF276956A95A): 0
LogDevObjectVersion:   Dev-Rendering (12F88B9F-8875-4AFC-A67C-D90C383ABD29): 2
LogDevObjectVersion:   Dev-Sequencer (7B5AE74C-D270-4C10-A958-57980B212A5A): 0
LogDevObjectVersion:   Dev-VR (D7296918-1DD6-4BDD-9DE2-64A83CC13884): 0
LogInit: Compiled (64-bit): Jul  6 2016 09:09:46
LogInit: Compiled with Visual C++: 19.00.23026.00
LogInit: Build Configuration: Development
LogInit: Branch Name: ++UE4+Release-4.12
LogInit: Command line: -EpicPortal 
LogInit: Base directory: C:/Program Files/Epic Games/UE_4.12/Engine/Binaries/Win64/
LogInit: Installed Engine Build: 1
LogInit: Using libcurl 7.41.0
LogInit:  - built for x86_64-pc-win32
LogInit:  - supports SSL with WinSSL
LogInit:  - other features:
LogInit:      CURL_VERSION_SSL
LogInit:      CURL_VERSION_IPV6
LogInit:      CURL_VERSION_ASYNCHDNS
LogInit:      CURL_VERSION_LARGEFILE
LogInit:      CURL_VERSION_IDN
LogInit:  CurlRequestOptions (configurable via config and command line):
LogInit:  - bVerifyPeer = true  - Libcurl will verify peer certificate
LogInit:  - bUseHttpProxy = false  - Libcurl will NOT use HTTP proxy
LogInit:  - bDontReuseConnections = false  - Libcurl will reuse connections
LogInit:  - CertBundlePath = nullptr  - Libcurl will use whatever was configured at build time.
LogInit: Presizing for max 8388607 objects, including 0 objects not considered by GC, pre-allocating 0 bytes for permanent pool.
LogInit: Object subsystem initialized
[2017.04.19-03.58.54:501][  0]LogInit: Selected Device Profile: [Windows]
[2017.04.19-03.58.54:501][  0]LogInit: Applying CVar settings loaded from the selected device profile: [Windows]
[2017.04.19-03.58.54:533][  0]LogInit: Computer: EXCELSIOR
[2017.04.19-03.58.54:533][  0]LogInit: User: broseidon
[2017.04.19-03.58.54:533][  0]LogInit: CPU Page size=65536, Cores=4
[2017.04.19-03.58.54:533][  0]LogInit: High frequency timer resolution =3.320337 MHz
[2017.04.19-03.58.54:533][  0]LogMemory: Memory total: Physical=7.9GB (8GB approx)
[2017.04.19-03.58.54:533][  0]LogMemory: Platform Memory Stats for Windows
[2017.04.19-03.58.54:533][  0]LogMemory: Process Physical Memory: 191.34 MB used, 191.34 MB peak
[2017.04.19-03.58.54:533][  0]LogMemory: Process Virtual Memory: 195.11 MB used, 195.11 MB peak
[2017.04.19-03.58.54:533][  0]LogMemory: Physical Memory: 4373.60 MB used, 8139.36 MB total
[2017.04.19-03.58.54:533][  0]LogMemory: Virtual Memory: 552.91 MB used, 134217728.00 MB total
[2017.04.19-03.58.54:556][  0]LogTextLocalizationManager: No specific translations for ('en-US') exist, so ('en') translations will be used.
[2017.04.19-03.58.55:000][  0]LogD3D11RHI: D3D11 adapters:
[2017.04.19-03.58.55:028][  0]LogD3D11RHI:    0. 'NVIDIA GeForce GTX 660' (Feature Level 11_0)
[2017.04.19-03.58.55:028][  0]LogD3D11RHI:       2016/0/4069 MB DedicatedVideo/DedicatedSystem/SharedSystem, Outputs:2, VendorId:0x10de
[2017.04.19-03.58.55:030][  0]LogD3D11RHI:    1. 'Microsoft Basic Render Driver' (Feature Level 11_0)
[2017.04.19-03.58.55:030][  0]LogD3D11RHI:       0/0/4069 MB DedicatedVideo/DedicatedSystem/SharedSystem, Outputs:0, VendorId:0x1414
[2017.04.19-03.58.55:030][  0]LogD3D11RHI: Chosen D3D11 Adapter: 0
[2017.04.19-03.58.55:034][  0]LogD3D11RHI: Creating new Direct3DDevice
[2017.04.19-03.58.55:034][  0]LogD3D11RHI:     GPU DeviceId: 0x11c0 (for the marketing name, search the web for "GPU Device Id")
[2017.04.19-03.58.55:034][  0]LogWindows: EnumDisplayDevices:
[2017.04.19-03.58.55:034][  0]LogWindows:    0. 'NVIDIA GeForce GTX 660' (P:0 D:1)
[2017.04.19-03.58.55:034][  0]LogWindows:    1. 'NVIDIA GeForce GTX 660' (P:1 D:1)
[2017.04.19-03.58.55:035][  0]LogWindows:    2. 'NVIDIA GeForce GTX 660' (P:0 D:0)
[2017.04.19-03.58.55:035][  0]LogWindows:    3. 'NVIDIA GeForce GTX 660' (P:0 D:0)
[2017.04.19-03.58.55:035][  0]LogWindows: DebugString: FoundDriverCount:4 
[2017.04.19-03.58.55:035][  0]LogD3D11RHI:     Adapter Name: NVIDIA GeForce GTX 660
[2017.04.19-03.58.55:035][  0]LogD3D11RHI:   Driver Version: 376.53 (internal:21.21.13.7653, unified:376.53)
[2017.04.19-03.58.55:035][  0]LogD3D11RHI:      Driver Date: 12-29-2016
[2017.04.19-03.58.55:035][  0]LogRHI: Texture pool is 1361 MB (70% of 1945 MB)
[2017.04.19-03.58.55:050][  0]LogD3D11RHI: Async texture creation enabled
[2017.04.19-03.58.55:061][  0]LogD3D11RHI: GPU Timing Frequency: 1000.000000 (Debug: 2 1)
[2017.04.19-03.58.55:062][  0]LogShaderCompilers: Guid format shader working directory is 8 characters bigger than the processId version (H:/CGT 445/Soul-Striker-Main/Soul Striker/Intermediate/Shaders/WorkingDirectory/6296/).
[2017.04.19-03.58.55:062][  0]LogShaderCompilers: Cleaned the shader compiler working directory 'C:/Users/BROSEI~1/AppData/Local/Temp/UnrealShaderWorkingDir/0B008D4D470AF63BFF2E91AD3866D37F/'.
[2017.04.19-03.58.55:062][  0]LogShaderCompilers:Display: Using Local Shader Compiler.
[2017.04.19-03.58.56:058][  0]LogTemp:Display: Loaded TP AllDesktopTargetPlatform
[2017.04.19-03.58.56:068][  0]LogTemp:Display: Loaded TP WindowsClientTargetPlatform
[2017.04.19-03.58.56:078][  0]LogTemp:Display: Loaded TP WindowsNoEditorTargetPlatform
[2017.04.19-03.58.56:088][  0]LogTemp:Display: Loaded TP WindowsServerTargetPlatform
[2017.04.19-03.58.56:100][  0]LogTemp:Display: Loaded TP WindowsTargetPlatform
[2017.04.19-03.58.56:108][  0]LogTemp:Display: Loaded TP AndroidTargetPlatform
[2017.04.19-03.58.56:117][  0]LogTemp:Display: Loaded TP Android_ASTCTargetPlatform
[2017.04.19-03.58.56:125][  0]LogTemp:Display: Loaded TP Android_ATCTargetPlatform
[2017.04.19-03.58.56:133][  0]LogTemp:Display: Loaded TP Android_DXTTargetPlatform
[2017.04.19-03.58.56:141][  0]LogTemp:Display: Loaded TP Android_ETC1TargetPlatform
[2017.04.19-03.58.56:150][  0]LogTemp:Display: Loaded TP Android_ETC2TargetPlatform
[2017.04.19-03.58.56:167][  0]LogTemp:Display: Loaded TP Android_MultiTargetPlatform
[2017.04.19-03.58.56:167][  0]LogTemp:Display: Loaded TP Android_PVRTCTargetPlatform
[2017.04.19-03.58.56:168][  0]LogTemp:Display: Loaded TP HTML5TargetPlatform
[2017.04.19-03.58.56:190][  0]LogTemp:Display: Loaded TP IOSTargetPlatform
[2017.04.19-03.58.56:198][  0]LogTemp:Display: Loaded TP TVOSTargetPlatform
[2017.04.19-03.58.56:206][  0]LogTemp:Display: Loaded TP LinuxNoEditorTargetPlatform
[2017.04.19-03.58.56:217][  0]LogTemp:Display: Loaded TP LinuxServerTargetPlatform
[2017.04.19-03.58.56:226][  0]LogTemp:Display: Loaded TP LinuxTargetPlatform
[2017.04.19-03.58.56:227][  0]LogTargetPlatformManager:Display: Building Assets For Windows
[2017.04.19-03.58.56:312][  0]LogDerivedDataCache:Display: Max Cache Size: 512 MB
[2017.04.19-03.58.56:371][  0]LogDerivedDataCache: Loaded boot cache 0.06s 48MB C:/Users/broseidon/AppData/Local/UnrealEngine/4.12/DerivedDataCache/Boot.ddc.
[2017.04.19-03.58.56:372][  0]LogDerivedDataCache:Display: Loaded Boot cache: C:/Users/broseidon/AppData/Local/UnrealEngine/4.12/DerivedDataCache/Boot.ddc
[2017.04.19-03.58.56:372][  0]LogDerivedDataCache: FDerivedDataBackendGraph:  Pak pak cache file H:/CGT 445/Soul-Striker-Main/Soul Striker/DerivedDataCache/DDC.ddp not found, will not use a pak cache.
[2017.04.19-03.58.56:372][  0]LogDerivedDataCache: Unable to find inner node Pak for hierarchical cache Hierarchy.
[2017.04.19-03.58.56:372][  0]LogDerivedDataCache: FDerivedDataBackendGraph:  CompressedPak pak cache file H:/CGT 445/Soul-Striker-Main/Soul Striker/DerivedDataCache/Compressed.ddp not found, will not use a pak cache.
[2017.04.19-03.58.56:372][  0]LogDerivedDataCache: Unable to find inner node CompressedPak for hierarchical cache Hierarchy.
[2017.04.19-03.58.56:389][  0]LogDerivedDataCache:Display: Pak cache opened for reading ../../../Engine/DerivedDataCache/Compressed.ddp.
[2017.04.19-03.58.56:401][  0]LogDerivedDataCache: Using Local data cache path C:/Users/broseidon/AppData/Local/UnrealEngine/Common/DerivedDataCache: Writable
[2017.04.19-03.58.56:620][  0]LogInit: Selected Device Profile: [Windows]
[2017.04.19-03.58.56:621][  0]LogContentStreaming: Texture pool size is 0.00 MB
[2017.04.19-03.58.56:799][  0]LogMeshUtilities: No automatic mesh reduction module available
[2017.04.19-03.58.56:799][  0]LogMeshUtilities: No automatic mesh merging module available
[2017.04.19-03.58.56:799][  0]LogMeshUtilities: No distributed automatic mesh merging module available
[2017.04.19-03.58.57:076][  0]LogAssetRegistry: FAssetRegistry took 0.0210 seconds to start up
[2017.04.19-03.58.57:155][  0]LogPackageLocalizationCache: Processed 3 localized package path(s) for 2 prioritized culture(s) in 0.076599 seconds
[2017.04.19-03.58.57:160][  0]LogUObjectArray: 28739 objects as part of root set at end of initial load.
[2017.04.19-03.58.57:160][  0]LogUObjectAllocator: 5855624 out of 0 bytes used by permanent object pool.
[2017.04.19-03.58.57:160][  0]LogUObjectArray: CloseDisregardForGC: 0/0 objects in disregard for GC pool
[2017.04.19-03.58.57:170][  0]LogInit: WinSock: version 1.1 (2.2), MaxSocks=32767, MaxUdp=65467
[2017.04.19-03.58.57:375][  0]LogSlate: SlateFontCache - WITH_FREETYPE: 1, WITH_HARFBUZZ: 1
[2017.04.19-03.58.57:375][  0]LogSlate: SlateFontCache - WITH_FREETYPE: 1, WITH_HARFBUZZ: 1
[2017.04.19-03.58.58:070][  0]LogSubstanceCoreModule: Substance CPU Engine Loaded, Max Texture Size 2048
[2017.04.19-03.58.58:081][  0]LogUdpMessaging: Initializing bridge on interface 0.0.0.0:0 to multicast group 230.0.0.1:6666.
[2017.04.19-03.58.58:314][  0]SourceControl: Info Source control is disabled
[2017.04.19-03.58.58:315][  0]SourceControl: Info Source control is disabled
[2017.04.19-03.58.58:324][  0]SourceControl: Info Source control is disabled
[2017.04.19-03.58.58:333][  0]SourceControl: Info Source control is disabled
[2017.04.19-03.58.58:585][  0]LogEngine: Initializing Engine...
[2017.04.19-03.58.58:586][  0]LogHMD: SteamVR failed to initialize.  Err: 110
[2017.04.19-03.58.58:587][  0]LogHMD: SteamVR failed to initialize.  Err: 110
[2017.04.19-03.58.58:744][  0]LogAIModule: Creating AISystem for world NewWorld
[2017.04.19-03.58.58:753][  0]LogInit: XAudio2 using 'Headphones (High Definition Audio Device)' : 2 channels at 44.1 kHz using 16 bits per sample (channel mask 0x3)
[2017.04.19-03.58.58:765][  0]LogInit: FAudioDevice initialized.
[2017.04.19-03.58.58:794][  0]LogDerivedDataCache: Saved boot cache 0.03s 48MB C:/Users/broseidon/AppData/Local/UnrealEngine/4.12/DerivedDataCache/Boot.ddc.
[2017.04.19-03.58.58:803][  0]LogInit: Texture streaming: Enabled
[2017.04.19-03.58.58:828][  0]LogInit: Transaction tracking system initialized
[2017.04.19-03.58.58:856][  0]BlueprintLog: New page: Editor Load
[2017.04.19-03.58.58:936][  0]LocalizationService: Info Localization service is disabled
[2017.04.19-03.58.59:008][  0]LogConsoleResponse:Display: 
[2017.04.19-03.58.59:151][  0]LogCook:Display: Max memory allowance for cook 8192mb
[2017.04.19-03.58.59:151][  0]LogCook:Display: Mobile HDR setting 1
[2017.04.19-03.58.59:252][  0]LogFileCache: Scanning file cache for directory 'H:/CGT 445/Soul-Striker-Main/Soul Striker/Content/' took 0.04s
[2017.04.19-03.58.59:257][  0]SourceControl: Info Source control is disabled
[2017.04.19-03.58.59:257][  0]Cmd: MAP LOAD FILE="H:/CGT 445/Soul-Striker-Main/Soul Striker/Content/ThirdPersonBP/Maps/ThirdPersonExampleMap.umap" TEMPLATE=0 SHOWPROGRESS=1 FEATURELEVEL=3
[2017.04.19-03.58.59:280][  0]LightingResults: New page: Lighting Build
[2017.04.19-03.58.59:283][  0]MapCheck: New page: Map Check
[2017.04.19-03.58.59:283][  0]LightingResults: New page: Lighting Build
[2017.04.19-03.59.03:698][  0]LogBlueprint:Warning: Compiler Warning Node  Unknown  is not referencing a valid level actor
[2017.04.19-03.59.03:699][  0]LogBlueprint:Warning: Compiler Warning [0010.88] Compile of PersistentLevel.ThirdPersonExampleMap successful, but with 1 Warning(s) [in 3 ms] (/Game/ThirdPersonBP/Maps/ThirdPersonExampleMap.ThirdPersonExampleMap:PersistentLevel.ThirdPersonExampleMap)
[2017.04.19-03.59.03:699][  0]LogBlueprint:Warning: Compiler Warning [0010.88] Compile of PersistentLevel.ThirdPersonExampleMap successful, but with 2 Warning(s) [in 0 ms] (/Game/ThirdPersonBP/Maps/ThirdPersonExampleMap.ThirdPersonExampleMap:PersistentLevel.ThirdPersonExampleMap)
[2017.04.19-03.59.03:699][  0]LogBlueprint:Warning: Compiler Warning [0010.88] Compile of PersistentLevel.ThirdPersonExampleMap successful, but with 3 Warning(s) [in 0 ms] (/Game/ThirdPersonBP/Maps/ThirdPersonExampleMap.ThirdPersonExampleMap:PersistentLevel.ThirdPersonExampleMap)
[2017.04.19-03.59.03:702][  0]LogBlueprint:Warning: Compiler Warning Node  Unknown  is not referencing a valid level actor
[2017.04.19-03.59.03:703][  0]LogBlueprint:Warning: Compiler Warning [0010.89] Compile of PersistentLevel.ThirdPersonExampleMap successful, but with 1 Warning(s) [in 2 ms] (/Game/ThirdPersonBP/Maps/ThirdPersonExampleMap.ThirdPersonExampleMap:PersistentLevel.ThirdPersonExampleMap)
[2017.04.19-03.59.03:703][  0]LogBlueprint:Warning: Compiler Warning [0010.89] Compile of PersistentLevel.ThirdPersonExampleMap successful, but with 2 Warning(s) [in 0 ms] (/Game/ThirdPersonBP/Maps/ThirdPersonExampleMap.ThirdPersonExampleMap:PersistentLevel.ThirdPersonExampleMap)
[2017.04.19-03.59.03:703][  0]LogBlueprint:Warning: Compiler Warning [0010.89] Compile of PersistentLevel.ThirdPersonExampleMap successful, but with 3 Warning(s) [in 0 ms] (/Game/ThirdPersonBP/Maps/ThirdPersonExampleMap.ThirdPersonExampleMap:PersistentLevel.ThirdPersonExampleMap)
[2017.04.19-03.59.05:127][  0]LogAIModule: Creating AISystem for world ThirdPersonExampleMap
[2017.04.19-03.59.05:286][  0]LogEditorServer: Finished looking for orphan Actors (0.000 secs)
[2017.04.19-03.59.05:294][  0]Cmd: MAP CHECKDEP NOCLEARLOG
[2017.04.19-03.59.05:353][  0]MapCheck: Info Map check complete: 0 Error(s), 0 Warning(s), took 59.344ms to complete.
[2017.04.19-03.59.05:353][  0]LogFileHelpers: Loading map 'ThirdPersonExampleMap' took 6.096
[2017.04.19-03.59.05:719][  0]LogCollectionManager: Loaded 0 collections in 0.001787 seconds
[2017.04.19-03.59.05:777][  0]LogFileCache: Scanning file cache for directory 'H:/CGT 445/Soul-Striker-Main/Soul Striker/Saved/Collections/' took 0.01s
[2017.04.19-03.59.05:777][  0]LogFileCache: Scanning file cache for directory 'H:/CGT 445/Soul-Striker-Main/Soul Striker/Content/Developers/broseidon/Collections/' took 0.01s
[2017.04.19-03.59.05:777][  0]LogFileCache: Scanning file cache for directory 'H:/CGT 445/Soul-Striker-Main/Soul Striker/Content/Collections/' took 0.01s
[2017.04.19-03.59.05:777][  0]LogCollectionManager: Rebuilt the GUID cache for 0 collections in 0.000003 seconds
[2017.04.19-03.59.05:788][  0]LogContentBrowser: Native class hierarchy populated in 0.0095 seconds. Added 2062 classes and 375 folders.
[2017.04.19-03.59.05:798][  0]LogStats: UGameplayTagsManager::ConstructGameplayTagTree: Construct from data asset -  0.000 s
[2017.04.19-03.59.05:798][  0]LogStats: UGameplayTagsManager::ConstructGameplayTagTree: GameplayTagTreeChangedEvent.Broadcast -  0.000 s
[2017.04.19-03.59.05:799][  0]LogContentBrowser: Native class hierarchy updated for 'GameplayTags' in 0.0005 seconds. Added 12 classes and 0 folders.
[2017.04.19-03.59.05:807][  0]LogContentBrowser: Native class hierarchy updated for 'WidgetCarousel' in 0.0004 seconds. Added 0 classes and 0 folders.
[2017.04.19-03.59.06:157][  0]LogContentBrowser: Native class hierarchy updated for 'AddContentDialog' in 0.0005 seconds. Added 0 classes and 0 folders.
[2017.04.19-03.59.06:167][  0]LogContentBrowser: Native class hierarchy updated for 'SceneOutliner' in 0.0005 seconds. Added 1 classes and 2 folders.
[2017.04.19-03.59.06:252][  0]LogCrashTracker: Crashtracker disabled due to settings.
[2017.04.19-03.59.06:269][  0]LogUObjectGlobals:Warning: Failed to find object 'Class None.'
[2017.04.19-03.59.06:298][  0]LogContentBrowser: Native class hierarchy updated for 'HierarchicalLODOutliner' in 0.0004 seconds. Added 1 classes and 2 folders.
[2017.04.19-03.59.06:298][  0]LogLoad: Full Startup: 13.48 seconds (BP compile: 0.75 seconds)
[2017.04.19-03.59.06:298][  0]LogExternalProfiler: No external profilers were discovered.  External profiling features will not be available.
[2017.04.19-03.59.06:308][  0]LogWindowsTextInputMethodSystem:Display: IME system now deactivated.
[2017.04.19-03.59.06:308][  0]LogOcInput: OculusInput pre-init called
[2017.04.19-03.59.06:347][  0]LogContentStreaming: Texture pool size now 1000 MB
[2017.04.19-03.59.06:627][  1]LogFileCache: Retrieving MD5 hashes for directory 'H:/CGT 445/Soul-Striker-Main/Soul Striker/Content/' took 0.31s
[2017.04.19-03.59.06:667][  2]LogRenderer: Reallocating scene render targets to support 1008x468 (Frame:2).
[2017.04.19-03.59.06:760][  2]LogAssetRegistry: Asset discovery search completed in 9.7057 seconds
[2017.04.19-03.59.06:760][  2]LogCollectionManager: Rebuilt the object cache for 0 collections in 0.000001 seconds (found 0 objects)
[2017.04.19-03.59.06:760][  2]LogCollectionManager: Fixed up redirectors for 0 collections in 0.000026 seconds (updated 0 objects)
[2017.04.19-03.59.31:301][452]LogMaterial: Missing cached shader map for material brick_texture_1_diffuse_Mat, compiling. 
[2017.04.19-03.59.31:304][452]LogMaterial:Warning: Failed to compile Material /Game/customMaterials/brick_texture_1_diffuse_Mat.brick_texture_1_diffuse_Mat for platform PCD3D_SM5, Default Material will be used in game.
[2017.04.19-03.59.31:304][452]LogMaterial:Warning: 	(Node TextureSample) TextureSample> Missing input texture
[2017.04.19-03.59.31:452][452]LogAIModule: Creating AISystem for world Level_1
[2017.04.19-03.59.31:604][452]Cmd: MAP LOAD FILE="H:/CGT 445/Soul-Striker-Main/Soul Striker/Content/Maps/Level_1.umap" TEMPLATE=0 SHOWPROGRESS=1 FEATURELEVEL=3
[2017.04.19-03.59.31:604][452]LightingResults: New page: Lighting Build
[2017.04.19-03.59.31:605][452]LoadErrors: New page: Loading map: Level_1.umap
[2017.04.19-03.59.31:610][452]MapCheck: New page: Map Check
[2017.04.19-03.59.31:610][452]LightingResults: New page: Lighting Build
[2017.04.19-03.59.31:692][452]LogEditorServer: Finished looking for orphan Actors (0.000 secs)
[2017.04.19-03.59.31:756][452]Cmd: MAP CHECKDEP NOCLEARLOG
[2017.04.19-03.59.31:821][452]MapCheck: Info Map check complete: 0 Error(s), 0 Warning(s), took 64.775ms to complete.
[2017.04.19-03.59.31:821][452]LogFileHelpers: Loading map 'Level_1' took 0.218
[2017.04.19-03.59.35:217][809]LogEditorViewport: Clicking on Actor (LMB): superWallTop_C (superWallTop7)
[2017.04.19-03.59.37:250][974]LogMaterial: Missing cached shader map for material floor_final, compiling. 
[2017.04.19-03.59.37:456][974]LogMaterial: Missing cached shader map for material floor_final, compiling. 
[2017.04.19-03.59.37:464][974]LogMaterial: 0.00 seconds spent updating 1 materials, 1 interfaces, 0 instances, 0 with static permutations.
[2017.04.19-03.59.37:489][974]LogMaterial: Missing cached shader map for material FMatExpressionPreview MaterialExpressionTextureSample_0, compiling. 
[2017.04.19-03.59.37:493][974]LogMaterial: Missing cached shader map for material FMatExpressionPreview MaterialExpressionTextureSample_1, compiling. 
[2017.04.19-03.59.37:497][974]LogMaterial: Missing cached shader map for material FMatExpressionPreview MaterialExpressionTextureSample_3, compiling. 
[2017.04.19-03.59.37:501][974]LogMaterial: Missing cached shader map for material FMatExpressionPreview MaterialExpressionTextureSample_2, compiling. 
[2017.04.19-03.59.52:287][ 71]LogMaterial: Missing cached shader map for material floor_final, compiling. 
[2017.04.19-03.59.52:295][ 71]LogMaterial: 0.00 seconds spent updating 1 materials, 1 interfaces, 0 instances, 0 with static permutations.
[2017.04.19-03.59.58:498][525]LogMaterial: Missing cached shader map for material floor_final, compiling. 
[2017.04.19-03.59.58:507][525]LogMaterial: 0.00 seconds spent updating 1 materials, 1 interfaces, 0 instances, 0 with static permutations.
[2017.04.19-03.59.58:532][525]LogMaterial: Missing cached shader map for material FMatExpressionPreview MaterialExpressionTextureSample_0, compiling. 
[2017.04.19-04.00.00:317][656]LogMaterial: Missing cached shader map for material floor_final, compiling. 
[2017.04.19-04.00.00:326][656]LogMaterial: 0.00 seconds spent updating 1 materials, 1 interfaces, 0 instances, 0 with static permutations.
[2017.04.19-04.00.00:360][656]LogMaterial: Missing cached shader map for material FMatExpressionPreview MaterialExpressionTextureSample_1, compiling. 
[2017.04.19-04.00.02:829][840]LogMaterial: Missing cached shader map for material floor_final, compiling. 
[2017.04.19-04.00.02:837][840]LogMaterial: 0.00 seconds spent updating 1 materials, 1 interfaces, 0 instances, 0 with static permutations.
[2017.04.19-04.00.02:868][840]LogMaterial: Missing cached shader map for material FMatExpressionPreview MaterialExpressionTextureSample_3, compiling. 
[2017.04.19-04.00.06:124][ 86]LogMaterial: Missing cached shader map for material floor_final, compiling. 
[2017.04.19-04.00.06:133][ 86]LogMaterial: 0.00 seconds spent updating 1 materials, 1 interfaces, 0 instances, 0 with static permutations.
[2017.04.19-04.00.06:157][ 86]LogMaterial: Missing cached shader map for material FMatExpressionPreview MaterialExpressionTextureSample_2, compiling. 
[2017.04.19-04.00.22:895][367]MaterialEditorStats: Info Base pass shader with static lighting: 73 instructions
[2017.04.19-04.00.22:895][367]MaterialEditorStats: Info Base pass shader with only dynamic lighting: 42 instructions
[2017.04.19-04.00.22:895][367]MaterialEditorStats: Info Vertex shader: 31 instructions
[2017.04.19-04.00.22:895][367]MaterialEditorStats: Info Texture samplers: 6/16
[2017.04.19-04.00.26:101][598]LogMaterial: Missing cached shader map for material floor_final, compiling. 
[2017.04.19-04.00.26:109][598]LogMaterial: 0.00 seconds spent updating 1 materials, 1 interfaces, 0 instances, 0 with static permutations.
[2017.04.19-04.00.34:265][ 96]LogMaterial: Missing cached shader map for material floor_final, compiling. 
[2017.04.19-04.00.34:274][ 96]LogMaterial: 0.00 seconds spent updating 1 materials, 1 interfaces, 0 instances, 0 with static permutations.
[2017.04.19-04.00.36:401][243]LogMaterial: Missing cached shader map for material floor_final, compiling. 
[2017.04.19-04.00.36:409][243]LogMaterial: 0.00 seconds spent updating 1 materials, 1 interfaces, 0 instances, 0 with static permutations.
[2017.04.19-04.00.37:890][349]LogMaterialEditor: Saving and Compiling material floor_final
[2017.04.19-04.00.38:351][349]LogMaterial: Missing cached shader map for material floor_final, compiling. 
[2017.04.19-04.00.38:369][349]LogMaterial: 0.00 seconds spent updating 1 materials, 1 interfaces, 0 instances, 0 with static permutations.
[2017.04.19-04.00.38:395][349]LogMaterial: Missing cached shader map for material floor_final, compiling. 
[2017.04.19-04.00.38:438][349]LogMaterial: Missing cached shader map for material floor_final, compiling. 
[2017.04.19-04.00.38:456][349]LogMaterial: 0.00 seconds spent updating 1 materials, 1 interfaces, 0 instances, 0 with static permutations.
[2017.04.19-04.00.46:098][349]Cmd: OBJ SAVEPACKAGE PACKAGE="/Game/customMaterials/floor_final" FILE="H:/CGT 445/Soul-Striker-Main/Soul Striker/Content/customMaterials/floor_final.uasset" SILENT=true
[2017.04.19-04.00.46:203][349]LogSavePackage: Save=29.63ms
[2017.04.19-04.00.46:203][349]LogSavePackage: Moving 'H:/CGT 445/Soul-Striker-Main/Soul Striker/Saved/floor_finalF91703364F244CA6FE68599279F31AEC.tmp' to 'H:/CGT 445/Soul-Striker-Main/Soul Striker/Content/customMaterials/floor_final.uasset'
[2017.04.19-04.00.46:207][349]LogSavePackage:Display: Finished SavePackage H:/CGT 445/Soul-Striker-Main/Soul Striker/Content/customMaterials/floor_final.uasset
[2017.04.19-04.00.46:219][349]MaterialEditorStats: Info Base pass shader with static lighting: 103 instructions
[2017.04.19-04.00.46:219][349]MaterialEditorStats: Info Base pass shader with only dynamic lighting: 74 instructions
[2017.04.19-04.00.46:219][349]MaterialEditorStats: Info Vertex shader: 31 instructions
[2017.04.19-04.00.46:219][349]MaterialEditorStats: Info Texture samplers: 7/16
[2017.04.19-04.00.53:398][806]LogBlueprintUserMessages: Early PlayInEditor Detection: Level '/Game/Maps/Level_1.Level_1:PersistentLevel' has LevelScriptBlueprint '/Game/Maps/Level_1.Level_1:PersistentLevel.Level_1' with GeneratedClass '/Game/Maps/Level_1.Level_1_C' with ClassGeneratedBy '/Game/Maps/Level_1.Level_1:PersistentLevel.Level_1'
[2017.04.19-04.00.53:398][806]LogPlayLevel: PlayLevel: No blueprints needed recompiling
[2017.04.19-04.00.53:400][806]PIE: New page: PIE session: Level_1 (Apr 18, 2017, 7:00:53 PM)
[2017.04.19-04.00.53:400][806]LogPlayLevel: Creating play world package: /Game/Maps/UEDPIE_0_Level_1
[2017.04.19-04.00.53:447][806]LogPlayLevel: PIE: StaticDuplicateObject took: (0.046578s)
[2017.04.19-04.00.53:448][806]LogAIModule: Creating AISystem for world Level_1
[2017.04.19-04.00.53:448][806]LogPlayLevel: PIE: World Init took: (0.000731s)
[2017.04.19-04.00.53:448][806]LogPlayLevel: PIE: Created PIE world by copying editor world from /Game/Maps/Level_1.Level_1 to /Game/Maps/UEDPIE_0_Level_1.Level_1 (0.048129s)
[2017.04.19-04.00.53:473][806]LogInit: XAudio2 using 'Headphones (High Definition Audio Device)' : 2 channels at 44.1 kHz using 16 bits per sample (channel mask 0x3)
[2017.04.19-04.00.53:481][806]LogInit: FAudioDevice initialized.
[2017.04.19-04.00.53:561][806]LogWorld: Game class is 'SoulStrikerCampaign_C'
[2017.04.19-04.00.53:588][806]LogWorld: Bringing World /Game/Maps/UEDPIE_0_Level_1.Level_1 up for play (max tick rate 0) at 2017.04.19-00.00.53
[2017.04.19-04.00.53:605][806]LogWorld: Bringing up level for play took: 0.036343
[2017.04.19-04.00.53:622][806]LogContentBrowser: Native class hierarchy updated for 'MovieSceneCapture' in 0.0006 seconds. Added 11 classes and 0 folders.
[2017.04.19-04.00.53:638][806]PIE: Info Play in editor start time for /Game/Maps/UEDPIE_0_Level_1 0.196
[2017.04.19-04.00.53:638][806]LogBlueprintUserMessages: Late PlayInEditor Detection: Level '/Game/Maps/Level_1.Level_1:PersistentLevel' has LevelScriptBlueprint '/Game/Maps/Level_1.Level_1:PersistentLevel.Level_1' with GeneratedClass '/Game/Maps/Level_1.Level_1_C' with ClassGeneratedBy '/Game/Maps/Level_1.Level_1:PersistentLevel.Level_1'
[2017.04.19-04.00.58:217][326]LogBlueprintUserMessages: [AI_TurretBullet_C_1] 9.0
[2017.04.19-04.00.58:800][394]LogBlueprintUserMessages: [AI_TurretBullet_C_2] 8.0
[2017.04.19-04.00.59:382][462]LogBlueprintUserMessages: [AI_TurretBullet_C_3] 7.0
[2017.04.19-04.01.09:701][674]LogBlueprintUserMessages: [skeletonOLD_365] Stab...Stab!
[2017.04.19-04.01.10:701][793]LogBlueprintUserMessages: [skeletonOLD_365] Stab...Stab!
[2017.04.19-04.01.11:699][904]LogBlueprintUserMessages: [skeletonOLD_365] Slice!
[2017.04.19-04.01.14:701][257]LogBlueprintUserMessages: [skeletonOLD_365] Stab...Stab!
[2017.04.19-04.01.14:801][268]LogBlueprintUserMessages: Early EndPlayMap Detection: Level '/Game/Maps/Level_1.Level_1:PersistentLevel' has LevelScriptBlueprint '/Game/Maps/Level_1.Level_1:PersistentLevel.Level_1' with GeneratedClass '/Game/Maps/Level_1.Level_1_C' with ClassGeneratedBy '/Game/Maps/Level_1.Level_1:PersistentLevel.Level_1'
[2017.04.19-04.01.14:870][268]LogBlueprintUserMessages: Late EndPlayMap Detection: Level '/Game/Maps/Level_1.Level_1:PersistentLevel' has LevelScriptBlueprint '/Game/Maps/Level_1.Level_1:PersistentLevel.Level_1' with GeneratedClass '/Game/Maps/Level_1.Level_1_C' with ClassGeneratedBy '/Game/Maps/Level_1.Level_1:PersistentLevel.Level_1'
[2017.04.19-04.01.18:345][604]LogEditorViewport: Clicking on Actor (LMB): StaticMeshActor (Floor)
[2017.04.19-04.01.34:714][299]Cmd: OBJ SAVEPACKAGE PACKAGE="/Game/Maps/Level_1" FILE="H:/CGT 445/Soul-Striker-Main/Soul Striker/Content/Maps/Level_1.umap" SILENT=true AUTOSAVING=false KEEPDIRTY=false
[2017.04.19-04.01.35:887][299]LogSavePackage: Save=772.69ms
[2017.04.19-04.01.35:887][299]LogSavePackage: Moving 'H:/CGT 445/Soul-Striker-Main/Soul Striker/Saved/Level_1DA2852954F7227C9CA9FCFAD708FBEA1.tmp' to 'H:/CGT 445/Soul-Striker-Main/Soul Striker/Content/Maps/Level_1.umap'
[2017.04.19-04.01.35:899][299]LogSavePackage:Display: Finished SavePackage H:/CGT 445/Soul-Striker-Main/Soul Striker/Content/Maps/Level_1.umap
[2017.04.19-04.01.51:090][728]LogMaterial: Missing cached shader map for material floor_final3, compiling. 
[2017.04.19-04.02.00:073][986]Cmd: OBJ SAVEPACKAGE PACKAGE="/Game/customMaterials/floor_final3" FILE="H:/CGT 445/Soul-Striker-Main/Soul Striker/Content/customMaterials/floor_final3.uasset" SILENT=true
[2017.04.19-04.02.00:090][986]LogSavePackage: Save=16.11ms
[2017.04.19-04.02.00:090][986]LogSavePackage: Moving 'H:/CGT 445/Soul-Striker-Main/Soul Striker/Saved/floor_final36C82C3DF4E324896F55249A97F3D2458.tmp' to 'H:/CGT 445/Soul-Striker-Main/Soul Striker/Content/customMaterials/floor_final3.uasset'
[2017.04.19-04.02.00:091][986]LogSavePackage:Display: Finished SavePackage H:/CGT 445/Soul-Striker-Main/Soul Striker/Content/customMaterials/floor_final3.uasset
[2017.04.19-04.02.01:422][110]LogMaterial: Missing cached shader map for material floor_final3, compiling. 
[2017.04.19-04.02.01:557][110]LogMaterial: Missing cached shader map for material floor_final3, compiling. 
[2017.04.19-04.02.01:566][110]LogMaterial: 0.00 seconds spent updating 1 materials, 1 interfaces, 0 instances, 0 with static permutations.
[2017.04.19-04.02.01:591][110]LogMaterial: Missing cached shader map for material FMatExpressionPreview MaterialExpressionTextureSample_0, compiling. 
[2017.04.19-04.02.01:595][110]LogMaterial: Missing cached shader map for material FMatExpressionPreview MaterialExpressionTextureSample_1, compiling. 
[2017.04.19-04.02.01:599][110]LogMaterial: Missing cached shader map for material FMatExpressionPreview MaterialExpressionTextureSample_3, compiling. 
[2017.04.19-04.02.01:603][110]LogMaterial: Missing cached shader map for material FMatExpressionPreview MaterialExpressionTextureSample_2, compiling. 
[2017.04.19-04.02.07:262][483]LogMaterial: Missing cached shader map for material floor_final3, compiling. 
[2017.04.19-04.02.07:271][483]LogMaterial: 0.00 seconds spent updating 1 materials, 1 interfaces, 0 instances, 0 with static permutations.
[2017.04.19-04.02.10:223][679]LogMaterial: Missing cached shader map for material floor_final3, compiling. 
[2017.04.19-04.02.10:231][679]LogMaterial: 0.00 seconds spent updating 1 materials, 1 interfaces, 0 instances, 0 with static permutations.
[2017.04.19-04.02.13:975][931]LogMaterialEditor: Saving and Compiling material floor_final3
[2017.04.19-04.02.14:453][931]LogMaterial: Missing cached shader map for material floor_final3, compiling. 
[2017.04.19-04.02.14:473][931]LogMaterial: 0.00 seconds spent updating 1 materials, 1 interfaces, 0 instances, 0 with static permutations.
[2017.04.19-04.02.14:491][931]LogMaterial: Missing cached shader map for material floor_final3, compiling. 
[2017.04.19-04.02.14:520][931]LogMaterial: Missing cached shader map for material floor_final3, compiling. 
[2017.04.19-04.02.14:537][931]LogMaterial: 0.00 seconds spent updating 1 materials, 1 interfaces, 0 instances, 0 with static permutations.
[2017.04.19-04.02.25:443][931]Cmd: OBJ SAVEPACKAGE PACKAGE="/Game/customMaterials/floor_final3" FILE="H:/CGT 445/Soul-Striker-Main/Soul Striker/Content/customMaterials/floor_final3.uasset" SILENT=true
[2017.04.19-04.02.25:478][931]LogSavePackage: Save=28.46ms
[2017.04.19-04.02.25:478][931]LogSavePackage: Moving 'H:/CGT 445/Soul-Striker-Main/Soul Striker/Saved/floor_final39E39A3A84E8CB4977A61B8B7E5F02096.tmp' to 'H:/CGT 445/Soul-Striker-Main/Soul Striker/Content/customMaterials/floor_final3.uasset'
[2017.04.19-04.02.25:479][931]LogSavePackage:Display: Finished SavePackage H:/CGT 445/Soul-Striker-Main/Soul Striker/Content/customMaterials/floor_final3.uasset
[2017.04.19-04.02.25:484][931]MaterialEditorStats: Info Base pass shader with static lighting: 103 instructions
[2017.04.19-04.02.25:484][931]MaterialEditorStats: Info Base pass shader with only dynamic lighting: 74 instructions
[2017.04.19-04.02.25:484][931]MaterialEditorStats: Info Vertex shader: 31 instructions
[2017.04.19-04.02.25:484][931]MaterialEditorStats: Info Texture samplers: 7/16
[2017.04.19-04.04.12:201][436]LogBlueprintUserMessages: Early PlayInEditor Detection: Level '/Game/Maps/Level_1.Level_1:PersistentLevel' has LevelScriptBlueprint '/Game/Maps/Level_1.Level_1:PersistentLevel.Level_1' with GeneratedClass '/Game/Maps/Level_1.Level_1_C' with ClassGeneratedBy '/Game/Maps/Level_1.Level_1:PersistentLevel.Level_1'
[2017.04.19-04.04.12:201][436]LogPlayLevel: PlayLevel: No blueprints needed recompiling
[2017.04.19-04.04.12:201][436]PIE: New page: PIE session: Level_1 (Apr 18, 2017, 7:04:12 PM)
[2017.04.19-04.04.12:201][436]LogPlayLevel: Creating play world package: /Game/Maps/UEDPIE_0_Level_1
[2017.04.19-04.04.12:259][436]LogPlayLevel: PIE: StaticDuplicateObject took: (0.057709s)
[2017.04.19-04.04.12:259][436]LogAIModule: Creating AISystem for world Level_1
[2017.04.19-04.04.12:259][436]LogPlayLevel: PIE: World Init took: (0.000675s)
[2017.04.19-04.04.12:259][436]LogPlayLevel: PIE: Created PIE world by copying editor world from /Game/Maps/Level_1.Level_1 to /Game/Maps/UEDPIE_0_Level_1.Level_1 (0.058660s)
[2017.04.19-04.04.12:308][436]LogInit: XAudio2 using 'Headphones (High Definition Audio Device)' : 2 channels at 44.1 kHz using 16 bits per sample (channel mask 0x3)
[2017.04.19-04.04.12:316][436]LogInit: FAudioDevice initialized.
[2017.04.19-04.04.12:369][436]LogWorld: Game class is 'SoulStrikerCampaign_C'
[2017.04.19-04.04.12:388][436]LogWorld: Bringing World /Game/Maps/UEDPIE_0_Level_1.Level_1 up for play (max tick rate 0) at 2017.04.19-00.04.12
[2017.04.19-04.04.12:393][436]LogWorld: Bringing up level for play took: 0.022728
[2017.04.19-04.04.12:399][436]PIE: Info Play in editor start time for /Game/Maps/UEDPIE_0_Level_1 0.957
[2017.04.19-04.04.12:399][436]LogBlueprintUserMessages: Late PlayInEditor Detection: Level '/Game/Maps/Level_1.Level_1:PersistentLevel' has LevelScriptBlueprint '/Game/Maps/Level_1.Level_1:PersistentLevel.Level_1' with GeneratedClass '/Game/Maps/Level_1.Level_1_C' with ClassGeneratedBy '/Game/Maps/Level_1.Level_1:PersistentLevel.Level_1'
[2017.04.19-04.04.27:424][115]LogBlueprintUserMessages: [skeletonOLD_365] Stab...Stab!
[2017.04.19-04.04.28:429][231]LogBlueprintUserMessages: [skeletonOLD_365] Stab...Stab!
[2017.04.19-04.04.29:429][345]LogBlueprintUserMessages: [skeletonOLD_365] SLASH! Slash! Slash!
[2017.04.19-04.04.34:178][889]LogBlueprintUserMessages: Early EndPlayMap Detection: Level '/Game/Maps/Level_1.Level_1:PersistentLevel' has LevelScriptBlueprint '/Game/Maps/Level_1.Level_1:PersistentLevel.Level_1' with GeneratedClass '/Game/Maps/Level_1.Level_1_C' with ClassGeneratedBy '/Game/Maps/Level_1.Level_1:PersistentLevel.Level_1'
[2017.04.19-04.04.34:231][889]LogBlueprintUserMessages: Late EndPlayMap Detection: Level '/Game/Maps/Level_1.Level_1:PersistentLevel' has LevelScriptBlueprint '/Game/Maps/Level_1.Level_1:PersistentLevel.Level_1' with GeneratedClass '/Game/Maps/Level_1.Level_1_C' with ClassGeneratedBy '/Game/Maps/Level_1.Level_1:PersistentLevel.Level_1'
[2017.04.19-04.04.41:745][565]LogMaterial: Missing cached shader map for material floor_final, compiling. 
[2017.04.19-04.04.41:870][565]LogMaterial: Missing cached shader map for material floor_final, compiling. 
[2017.04.19-04.04.41:880][565]LogMaterial: 0.00 seconds spent updating 1 materials, 1 interfaces, 0 instances, 0 with static permutations.
[2017.04.19-04.04.41:908][565]LogMaterial: Missing cached shader map for material FMatExpressionPreview MaterialExpressionTextureSample_0, compiling. 
[2017.04.19-04.04.41:912][565]LogMaterial: Missing cached shader map for material FMatExpressionPreview MaterialExpressionTextureSample_1, compiling. 
[2017.04.19-04.04.41:916][565]LogMaterial: Missing cached shader map for material FMatExpressionPreview MaterialExpressionTextureSample_3, compiling. 
[2017.04.19-04.04.41:919][565]LogMaterial: Missing cached shader map for material FMatExpressionPreview MaterialExpressionTextureSample_2, compiling. 
[2017.04.19-04.04.51:705][196]MaterialEditorStats: Info Base pass shader with static lighting: 74 instructions
[2017.04.19-04.04.51:705][196]MaterialEditorStats: Info Base pass shader with only dynamic lighting: 43 instructions
[2017.04.19-04.04.51:705][196]MaterialEditorStats: Info Vertex shader: 31 instructions
[2017.04.19-04.04.51:705][196]MaterialEditorStats: Info Texture samplers: 6/16
[2017.04.19-04.04.53:936][341]LogMaterial: Missing cached shader map for material floor_final, compiling. 
[2017.04.19-04.04.53:944][341]LogMaterial: 0.00 seconds spent updating 1 materials, 1 interfaces, 0 instances, 0 with static permutations.
[2017.04.19-04.04.58:779][659]LogMaterial: Missing cached shader map for material floor_final, compiling. 
[2017.04.19-04.04.58:787][659]LogMaterial: 0.00 seconds spent updating 1 materials, 1 interfaces, 0 instances, 0 with static permutations.
[2017.04.19-04.05.01:742][854]LogMaterialEditor: Saving and Compiling material floor_final
[2017.04.19-04.05.02:220][854]LogMaterial: Missing cached shader map for material floor_final, compiling. 
[2017.04.19-04.05.02:238][854]LogMaterial: 0.00 seconds spent updating 1 materials, 1 interfaces, 0 instances, 0 with static permutations.
[2017.04.19-04.05.02:256][854]LogMaterial: Missing cached shader map for material floor_final, compiling. 
[2017.04.19-04.05.02:292][854]LogMaterial: Missing cached shader map for material floor_final, compiling. 
[2017.04.19-04.05.02:310][854]LogMaterial: 0.00 seconds spent updating 1 materials, 1 interfaces, 0 instances, 0 with static permutations.
[2017.04.19-04.05.08:429][854]Cmd: OBJ SAVEPACKAGE PACKAGE="/Game/customMaterials/floor_final" FILE="H:/CGT 445/Soul-Striker-Main/Soul Striker/Content/customMaterials/floor_final.uasset" SILENT=true
[2017.04.19-04.05.08:448][854]LogSavePackage: Save=15.59ms
[2017.04.19-04.05.08:448][854]LogSavePackage: Moving 'H:/CGT 445/Soul-Striker-Main/Soul Striker/Saved/floor_final47E83D484F30450584E17C9F4BA6633B.tmp' to 'H:/CGT 445/Soul-Striker-Main/Soul Striker/Content/customMaterials/floor_final.uasset'
[2017.04.19-04.05.08:449][854]LogSavePackage:Display: Finished SavePackage H:/CGT 445/Soul-Striker-Main/Soul Striker/Content/customMaterials/floor_final.uasset
[2017.04.19-04.05.08:452][854]MaterialEditorStats: Info Base pass shader with static lighting: 103 instructions
[2017.04.19-04.05.08:452][854]MaterialEditorStats: Info Base pass shader with only dynamic lighting: 74 instructions
[2017.04.19-04.05.08:452][854]MaterialEditorStats: Info Vertex shader: 31 instructions
[2017.04.19-04.05.08:452][854]MaterialEditorStats: Info Texture samplers: 7/16
[2017.04.19-04.05.11:747][122]LogBlueprintUserMessages: Early PlayInEditor Detection: Level '/Game/Maps/Level_1.Level_1:PersistentLevel' has LevelScriptBlueprint '/Game/Maps/Level_1.Level_1:PersistentLevel.Level_1' with GeneratedClass '/Game/Maps/Level_1.Level_1_C' with ClassGeneratedBy '/Game/Maps/Level_1.Level_1:PersistentLevel.Level_1'
[2017.04.19-04.05.11:747][122]LogPlayLevel: PlayLevel: No blueprints needed recompiling
[2017.04.19-04.05.11:747][122]PIE: New page: PIE session: Level_1 (Apr 18, 2017, 7:05:11 PM)
[2017.04.19-04.05.11:747][122]LogPlayLevel: Creating play world package: /Game/Maps/UEDPIE_0_Level_1
[2017.04.19-04.05.11:793][122]LogPlayLevel: PIE: StaticDuplicateObject took: (0.045437s)
[2017.04.19-04.05.11:793][122]LogAIModule: Creating AISystem for world Level_1
[2017.04.19-04.05.11:794][122]LogPlayLevel: PIE: World Init took: (0.001285s)
[2017.04.19-04.05.11:794][122]LogPlayLevel: PIE: Created PIE world by copying editor world from /Game/Maps/Level_1.Level_1 to /Game/Maps/UEDPIE_0_Level_1.Level_1 (0.047029s)
[2017.04.19-04.05.11:813][122]LogInit: XAudio2 using 'Headphones (High Definition Audio Device)' : 2 channels at 44.1 kHz using 16 bits per sample (channel mask 0x3)
[2017.04.19-04.05.11:821][122]LogInit: FAudioDevice initialized.
[2017.04.19-04.05.11:879][122]LogWorld: Game class is 'SoulStrikerCampaign_C'
[2017.04.19-04.05.11:905][122]LogWorld: Bringing World /Game/Maps/UEDPIE_0_Level_1.Level_1 up for play (max tick rate 0) at 2017.04.19-00.05.11
[2017.04.19-04.05.11:910][122]LogWorld: Bringing up level for play took: 0.030328
[2017.04.19-04.05.11:916][122]PIE: Info Play in editor start time for /Game/Maps/UEDPIE_0_Level_1 0.474
[2017.04.19-04.05.11:916][122]LogBlueprintUserMessages: Late PlayInEditor Detection: Level '/Game/Maps/Level_1.Level_1:PersistentLevel' has LevelScriptBlueprint '/Game/Maps/Level_1.Level_1:PersistentLevel.Level_1' with GeneratedClass '/Game/Maps/Level_1.Level_1_C' with ClassGeneratedBy '/Game/Maps/Level_1.Level_1:PersistentLevel.Level_1'
[2017.04.19-04.05.26:943][814]LogBlueprintUserMessages: [skeletonOLD_365] Slice!
[2017.04.19-04.05.27:569][885]LogBlueprintUserMessages: Early EndPlayMap Detection: Level '/Game/Maps/Level_1.Level_1:PersistentLevel' has LevelScriptBlueprint '/Game/Maps/Level_1.Level_1:PersistentLevel.Level_1' with GeneratedClass '/Game/Maps/Level_1.Level_1_C' with ClassGeneratedBy '/Game/Maps/Level_1.Level_1:PersistentLevel.Level_1'
[2017.04.19-04.05.27:626][885]LogBlueprintUserMessages: Late EndPlayMap Detection: Level '/Game/Maps/Level_1.Level_1:PersistentLevel' has LevelScriptBlueprint '/Game/Maps/Level_1.Level_1:PersistentLevel.Level_1' with GeneratedClass '/Game/Maps/Level_1.Level_1_C' with ClassGeneratedBy '/Game/Maps/Level_1.Level_1:PersistentLevel.Level_1'
[2017.04.19-04.05.47:638][789]Cmd: OBJ SAVEPACKAGE PACKAGE="/Game/Maps/Level_1" FILE="H:/CGT 445/Soul-Striker-Main/Soul Striker/Content/Maps/Level_1.umap" SILENT=true AUTOSAVING=false KEEPDIRTY=false
[2017.04.19-04.05.48:245][789]LogSavePackage: Save=593.67ms
[2017.04.19-04.05.48:245][789]LogSavePackage: Moving 'H:/CGT 445/Soul-Striker-Main/Soul Striker/Saved/Level_11B9F0FDD4CB5F57CDD81A7A9AB45D56C.tmp' to 'H:/CGT 445/Soul-Striker-Main/Soul Striker/Content/Maps/Level_1.umap'
[2017.04.19-04.05.48:248][789]LogSavePackage:Display: Finished SavePackage H:/CGT 445/Soul-Striker-Main/Soul Striker/Content/Maps/Level_1.umap
[2017.04.19-04.07.07:265][625]LogWindowsTextInputMethodSystem:Display: IME system now deactivated.
[2017.04.19-04.07.07:447][626]Cmd: QUIT_EDITOR
[2017.04.19-04.07.07:824][626]LogExit: Preparing to exit.
[2017.04.19-04.07.08:491][626]LogExit: Editor shut down
[2017.04.19-04.07.08:491][626]LogExit: Transaction tracking system shut down
[2017.04.19-04.07.08:680][626]LogObj: Freed 0b from 0 cluster array pools.
[2017.04.19-04.07.08:680][626]LogExit: Object subsystem successfully closed.
[2017.04.19-04.07.08:700][626]LogD3D11RHI: Shutdown
[2017.04.19-04.07.08:700][626]LogD3D11RHI: CleanupD3DDevice
[2017.04.19-04.07.08:809][626]LogD3D11RHI: ~FD3D11DynamicRHI
[2017.04.19-04.07.08:830][626]LogModuleManager: Shutting down and abandoning module MovieSceneCapture (217)
[2017.04.19-04.07.08:831][626]LogModuleManager: Shutting down and abandoning module MaterialEditor (216)
[2017.04.19-04.07.08:831][626]LogModuleManager: Shutting down and abandoning module HierarchicalLODOutliner (215)
[2017.04.19-04.07.08:831][626]LogModuleManager: Shutting down and abandoning module CrashTracker (214)
[2017.04.19-04.07.08:831][626]LogModuleManager: Shutting down and abandoning module SceneOutliner (213)
[2017.04.19-04.07.08:831][626]LogModuleManager: Shutting down and abandoning module WidgetCarousel (212)
[2017.04.19-04.07.08:831][626]LogModuleManager: Shutting down and abandoning module AddContentDialog (211)
[2017.04.19-04.07.08:833][626]LogModuleManager: Shutting down and abandoning module GameplayTags (210)
[2017.04.19-04.07.08:833][626]LogModuleManager: Shutting down and abandoning module EditorWidgets (209)
[2017.04.19-04.07.08:833][626]LogModuleManager: Shutting down and abandoning module CollectionManager (208)
[2017.04.19-04.07.08:833][626]LogModuleManager: Shutting down and abandoning module StatsViewer (207)
[2017.04.19-04.07.08:833][626]LogModuleManager: Shutting down and abandoning module FoliageEdit (206)
[2017.04.19-04.07.08:833][626]LogModuleManager: Shutting down and abandoning module LandscapeEditor (205)
[2017.04.19-04.07.08:833][626]LogModuleManager: Shutting down and abandoning module SceneDepthPickerMode (204)
[2017.04.19-04.07.08:833][626]LogModuleManager: Shutting down and abandoning module ActorPickerMode (203)
[2017.04.19-04.07.08:833][626]LogModuleManager: Shutting down and abandoning module GeometryMode (202)
[2017.04.19-04.07.08:833][626]LogModuleManager: Shutting down and abandoning module TextureAlignMode (201)
[2017.04.19-04.07.08:833][626]LogModuleManager: Shutting down and abandoning module BspMode (200)
[2017.04.19-04.07.08:833][626]LogModuleManager: Shutting down and abandoning module HardwareSurvey (199)
[2017.04.19-04.07.08:833][626]LogModuleManager: Shutting down and abandoning module SequenceRecorderSections (198)
[2017.04.19-04.07.08:833][626]LogModuleManager: Shutting down and abandoning module SequenceRecorder (197)
[2017.04.19-04.07.08:833][626]LogModuleManager: Shutting down and abandoning module AutomationWorker (196)
[2017.04.19-04.07.08:833][626]LogModuleManager: Shutting down and abandoning module MatineeToLevelSequence (195)
[2017.04.19-04.07.08:833][626]LogModuleManager: Shutting down and abandoning module PlacementMode (194)
[2017.04.19-04.07.08:833][626]LogModuleManager: Shutting down and abandoning module LevelSequenceEditor (193)
[2017.04.19-04.07.08:833][626]LogModuleManager: Shutting down and abandoning module CharacterAI (192)
[2017.04.19-04.07.08:833][626]LogModuleManager: Shutting down and abandoning module SmartSnapping (191)
[2017.04.19-04.07.08:833][626]LogModuleManager: Shutting down and abandoning module SessionServices (190)
[2017.04.19-04.07.08:833][626]LogModuleManager: Shutting down and abandoning module ViewportSnapping (189)
[2017.04.19-04.07.08:833][626]LogModuleManager: Shutting down and abandoning module LogVisualizer (188)
[2017.04.19-04.07.08:834][626]LogModuleManager: Shutting down and abandoning module GameProjectGeneration (187)
[2017.04.19-04.07.08:834][626]LogModuleManager: Shutting down and abandoning module IntroTutorials (186)
[2017.04.19-04.07.08:834][626]LogModuleManager: Shutting down and abandoning module EditorLiveStreaming (185)
[2017.04.19-04.07.08:834][626]LogModuleManager: Shutting down and abandoning module IOSPlatformEditor (184)
[2017.04.19-04.07.08:834][626]LogModuleManager: Shutting down and abandoning module HTML5PlatformEditor (183)
[2017.04.19-04.07.08:834][626]LogModuleManager: Shutting down and abandoning module AndroidDeviceDetection (182)
[2017.04.19-04.07.09:230][626]LogModuleManager: Shutting down and abandoning module AndroidPlatformEditor (181)
[2017.04.19-04.07.09:231][626]LogModuleManager: Shutting down and abandoning module IOSRuntimeSettings (180)
[2017.04.19-04.07.09:231][626]LogModuleManager: Shutting down and abandoning module AndroidRuntimeSettings (179)
[2017.04.19-04.07.09:231][626]LogModuleManager: Shutting down and abandoning module MergeActors (178)
[2017.04.19-04.07.09:231][626]LogModuleManager: Shutting down and abandoning module SizeMap (177)
[2017.04.19-04.07.09:231][626]LogModuleManager: Shutting down and abandoning module TreeMap (176)
[2017.04.19-04.07.09:231][626]LogModuleManager: Shutting down and abandoning module ReferenceViewer (175)
[2017.04.19-04.07.09:231][626]LogModuleManager: Shutting down and abandoning module LocalizationService (174)
[2017.04.19-04.07.09:231][626]LogModuleManager: Shutting down and abandoning module LocalizationDashboard (173)
[2017.04.19-04.07.09:231][626]LogModuleManager: Shutting down and abandoning module HardwareTargeting (172)
[2017.04.19-04.07.09:231][626]LogModuleManager: Shutting down and abandoning module DeviceProfileEditor (171)
[2017.04.19-04.07.09:231][626]LogModuleManager: Shutting down and abandoning module UndoHistory (170)
[2017.04.19-04.07.09:231][626]LogModuleManager: Shutting down and abandoning module UserFeedback (169)
[2017.04.19-04.07.09:231][626]LogModuleManager: Shutting down and abandoning module XmlParser (168)
[2017.04.19-04.07.09:231][626]LogModuleManager: Shutting down and abandoning module Blutility (167)
[2017.04.19-04.07.09:231][626]LogModuleManager: Shutting down and abandoning module ProjectTargetPlatformEditor (166)
[2017.04.19-04.07.09:231][626]LogModuleManager: Shutting down and abandoning module ProjectSettingsViewer (165)
[2017.04.19-04.07.09:231][626]LogModuleManager: Shutting down and abandoning module InputBindingEditor (164)
[2017.04.19-04.07.09:231][626]LogModuleManager: Shutting down and abandoning module EditorSettingsViewer (163)
[2017.04.19-04.07.09:231][626]LogModuleManager: Shutting down and abandoning module SettingsEditor (162)
[2017.04.19-04.07.09:231][626]LogModuleManager: Shutting down and abandoning module ProjectLauncher (161)
[2017.04.19-04.07.09:231][626]LogModuleManager: Shutting down and abandoning module SessionFrontend (160)
[2017.04.19-04.07.09:231][626]LogModuleManager: Shutting down and abandoning module ProfilerClient (159)
[2017.04.19-04.07.09:231][626]LogModuleManager: Shutting down and abandoning module TargetDeviceServices (158)
[2017.04.19-04.07.09:231][626]LogModuleManager: Shutting down and abandoning module DeviceManager (157)
[2017.04.19-04.07.09:284][626]LogModuleManager: Shutting down and abandoning module AutomationController (156)
[2017.04.19-04.07.09:284][626]LogModuleManager: Shutting down and abandoning module AutomationWindow (155)
[2017.04.19-04.07.09:284][626]LogModuleManager: Shutting down and abandoning module Layers (154)
[2017.04.19-04.07.09:284][626]LogModuleManager: Shutting down and abandoning module ComponentVisualizers (153)
[2017.04.19-04.07.09:284][626]LogModuleManager: Shutting down and abandoning module DetailCustomizations (152)
[2017.04.19-04.07.09:284][626]LogModuleManager: Shutting down and abandoning module PackagesDialog (151)
[2017.04.19-04.07.09:284][626]LogModuleManager: Shutting down and abandoning module Persona (150)
[2017.04.19-04.07.09:284][626]LogModuleManager: Shutting down and abandoning module Kismet (149)
[2017.04.19-04.07.09:285][626]LogModuleManager: Shutting down and abandoning module GraphEditor (148)
[2017.04.19-04.07.09:285][626]LogModuleManager: Shutting down and abandoning module ClassViewer (147)
[2017.04.19-04.07.09:285][626]LogModuleManager: Shutting down and abandoning module Toolbox (146)
[2017.04.19-04.07.09:285][626]LogModuleManager: Shutting down and abandoning module ModuleUI (145)
[2017.04.19-04.07.09:285][626]LogModuleManager: Shutting down and abandoning module MovieSceneTools (144)
[2017.04.19-04.07.09:285][626]LogModuleManager: Shutting down and abandoning module OutputLog (143)
[2017.04.19-04.07.09:285][626]LogModuleManager: Shutting down and abandoning module GammaUI (142)
[2017.04.19-04.07.09:285][626]LogModuleManager: Shutting down and abandoning module Documentation (141)
[2017.04.19-04.07.09:285][626]LogModuleManager: Shutting down and abandoning module StreamingPauseRendering (140)
[2017.04.19-04.07.09:285][626]LogModuleManager: Shutting down and abandoning module AnalyticsET (139)
[2017.04.19-04.07.09:285][626]LogModuleManager: Shutting down and abandoning module Analytics (138)
[2017.04.19-04.07.09:285][626]LogModuleManager: Shutting down and abandoning module PortalServices (137)
[2017.04.19-04.07.09:285][626]LogModuleManager: Shutting down and abandoning module PortalRpc (136)
[2017.04.19-04.07.09:285][626]LogModuleManager: Shutting down and abandoning module MessagingRpc (135)
[2017.04.19-04.07.09:285][626]LogModuleManager: Shutting down and abandoning module GameplayDebugger (134)
[2017.04.19-04.07.09:285][626]LogModuleManager: Shutting down and abandoning module AITestSuite (133)
[2017.04.19-04.07.09:285][626]LogModuleManager: Shutting down and abandoning module AIModule (132)
[2017.04.19-04.07.09:285][626]LogModuleManager: Shutting down and abandoning module ProfilerService (131)
[2017.04.19-04.07.09:436][626]LogModuleManager: Shutting down and abandoning module TaskGraph (130)
[2017.04.19-04.07.09:436][626]LogModuleManager: Shutting down and abandoning module SubstanceEditor (129)
[2017.04.19-04.07.09:436][626]LogModuleManager: Shutting down and abandoning module SlateRemote (128)
[2017.04.19-04.07.09:436][626]LogModuleManager: Shutting down and abandoning module SteamVRController (127)
[2017.04.19-04.07.09:436][626]LogModuleManager: Shutting down and abandoning module SteamVR (126)
[2017.04.19-04.07.09:436][626]LogModuleManager: Shutting down and abandoning module ProceduralMeshComponent (125)
[2017.04.19-04.07.09:436][626]LogModuleManager: Shutting down and abandoning module OculusLibrary (124)
[2017.04.19-04.07.09:436][626]LogModuleManager: Shutting down and abandoning module OculusInput (123)
[2017.04.19-04.07.09:436][626]LogModuleManager: Shutting down and abandoning module CustomMeshComponent (122)
[2017.04.19-04.07.09:436][626]LogModuleManager: Shutting down and abandoning module CableComponent (121)
[2017.04.19-04.07.09:436][626]LogModuleManager: Shutting down and abandoning module ArchVisCharacter (120)
[2017.04.19-04.07.09:436][626]LogModuleManager: Shutting down and abandoning module MediaPlayerEditor (119)
[2017.04.19-04.07.09:436][626]LogModuleManager: Shutting down and abandoning module HTML5Networking (118)
[2017.04.19-04.07.09:436][626]LogModuleManager: Shutting down and abandoning module SuperSearch (117)
[2017.04.19-04.07.09:436][626]LogModuleManager: Shutting down and abandoning module SuperSearchEditor (116)
[2017.04.19-04.07.09:436][626]LogModuleManager: Shutting down and abandoning module SpeedTreeImporter (115)
[2017.04.19-04.07.09:436][626]LogModuleManager: Shutting down and abandoning module PluginBrowser (114)
[2017.04.19-04.07.09:436][626]LogModuleManager: Shutting down and abandoning module EpicSurvey (113)
[2017.04.19-04.07.09:436][626]LogModuleManager: Shutting down and abandoning module DesktopPlatform (112)
[2017.04.19-04.07.09:436][626]LogModuleManager: Shutting down and abandoning module VisualStudioSourceCodeAccess (111)
[2017.04.19-04.07.09:436][626]LogModuleManager: Shutting down and abandoning module UObjectPlugin (110)
[2017.04.19-04.07.09:436][626]LogModuleManager: Shutting down and abandoning module SubversionSourceControl (109)
[2017.04.19-04.07.09:436][626]LogModuleManager: Shutting down and abandoning module PerforceSourceControl (108)
[2017.04.19-04.07.09:436][626]LogModuleManager: Shutting down and abandoning module SourceControl (107)
[2017.04.19-04.07.09:436][626]LogModuleManager: Shutting down and abandoning module GitSourceControl (106)
[2017.04.19-04.07.09:436][626]LogModuleManager: Shutting down and abandoning module LightPropagationVolumeEditor (105)
[2017.04.19-04.07.09:436][626]LogModuleManager: Shutting down and abandoning module PaperTiledImporter (104)
[2017.04.19-04.07.09:436][626]LogModuleManager: Shutting down and abandoning module PaperSpriteSheetImporter (103)
[2017.04.19-04.07.09:436][626]LogModuleManager: Shutting down and abandoning module MeshPaint (102)
[2017.04.19-04.07.09:436][626]LogModuleManager: Shutting down and abandoning module PixelInspectorModule (101)
[2017.04.19-04.07.09:436][626]LogModuleManager: Shutting down and abandoning module HotReload (100)
[2017.04.19-04.07.09:437][626]LogModuleManager: Shutting down and abandoning module MainFrame (99)
[2017.04.19-04.07.09:437][626]LogModuleManager: Shutting down and abandoning module LevelEditor (98)
[2017.04.19-04.07.09:438][626]LogModuleManager: Shutting down and abandoning module ContentBrowser (97)
[2017.04.19-04.07.09:440][626]LogModuleManager: Shutting down and abandoning module Paper2DEditor (96)
[2017.04.19-04.07.09:440][626]LogModuleManager: Shutting down and abandoning module UdpMessaging (95)
[2017.04.19-04.07.09:541][626]LogModuleManager: Shutting down and abandoning module SubstanceCore (94)
[2017.04.19-04.07.09:541][626]LogModuleManager: Shutting down and abandoning module LightPropagationVolumeRuntime (93)
[2017.04.19-04.07.09:541][626]LogModuleManager: Shutting down and abandoning module Paper2D (92)
[2017.04.19-04.07.09:541][626]LogModuleManager: Shutting down and abandoning module WindowsMoviePlayer (91)
[2017.04.19-04.07.09:541][626]LogModuleManager: Shutting down and abandoning module Media (90)
[2017.04.19-04.07.09:541][626]LogModuleManager: Shutting down and abandoning module WmfMedia (89)
[2017.04.19-04.07.09:541][626]LogModuleManager: Shutting down and abandoning module MediaAssets (88)
[2017.04.19-04.07.09:541][626]LogModuleManager: Shutting down and abandoning module GameLiveStreaming (87)
[2017.04.19-04.07.09:541][626]LogModuleManager: Shutting down and abandoning module GameplayTagsEditor (86)
[2017.04.19-04.07.09:541][626]LogModuleManager: Shutting down and abandoning module OnlineBlueprintSupport (85)
[2017.04.19-04.07.09:541][626]LogModuleManager: Shutting down and abandoning module VREditor (84)
[2017.04.19-04.07.09:541][626]LogModuleManager: Shutting down and abandoning module GameplayTasksEditor (83)
[2017.04.19-04.07.09:541][626]LogModuleManager: Shutting down and abandoning module PropertyEditor (82)
[2017.04.19-04.07.09:541][626]LogModuleManager: Shutting down and abandoning module BehaviorTreeEditor (81)
[2017.04.19-04.07.09:541][626]LogModuleManager: Shutting down and abandoning module FunctionalTesting (80)
[2017.04.19-04.07.09:541][626]LogModuleManager: Shutting down and abandoning module CollisionAnalyzer (79)
[2017.04.19-04.07.09:541][626]LogModuleManager: Shutting down and abandoning module Sequencer (78)
[2017.04.19-04.07.09:541][626]LogModuleManager: Shutting down and abandoning module WorkspaceMenuStructure (77)
[2017.04.19-04.07.09:541][626]LogModuleManager: Shutting down and abandoning module MessageLog (76)
[2017.04.19-04.07.09:541][626]LogModuleManager: Shutting down and abandoning module AssetTools (75)
[2017.04.19-04.07.09:541][626]LogModuleManager: Shutting down and abandoning module UMGEditor (74)
[2017.04.19-04.07.09:541][626]LogModuleManager: Shutting down and abandoning module UMG (73)
[2017.04.19-04.07.09:541][626]LogModuleManager: Shutting down and abandoning module SlateReflector (72)
[2017.04.19-04.07.09:541][626]LogModuleManager: Shutting down and abandoning module Slate (71)
[2017.04.19-04.07.09:541][626]LogModuleManager: Shutting down and abandoning module EditorStyle (70)
[2017.04.19-04.07.09:544][626]LogModuleManager: Shutting down and abandoning module SourceCodeAccess (69)
[2017.04.19-04.07.09:544][626]LogModuleManager: Shutting down and abandoning module HeadMountedDisplay (68)
[2017.04.19-04.07.09:544][626]LogModuleManager: Shutting down and abandoning module XAudio2 (67)
[2017.04.19-04.07.09:544][626]LogModuleManager: Shutting down and abandoning module Networking (65)
[2017.04.19-04.07.09:544][626]LogModuleManager: Shutting down and abandoning module Core (64)
[2017.04.19-04.07.09:544][626]LogModuleManager: Shutting down and abandoning module DirectoryWatcher (63)
[2017.04.19-04.07.09:546][626]LogModuleManager: Shutting down and abandoning module AssetRegistry (62)
[2017.04.19-04.07.09:711][626]LogModuleManager: Shutting down and abandoning module KismetCompiler (61)
[2017.04.19-04.07.09:711][626]LogModuleManager: Shutting down and abandoning module PhysXFormats (60)
[2017.04.19-04.07.09:711][626]LogModuleManager: Shutting down and abandoning module MeshUtilities (59)
[2017.04.19-04.07.09:711][626]LogModuleManager: Shutting down and abandoning module DerivedDataCache (58)
[2017.04.19-04.07.09:767][626]LogDerivedDataCache: Shutdown
[2017.04.19-04.07.09:767][626]LogModuleManager: Shutting down and abandoning module VulkanShaderFormat (57)
[2017.04.19-04.07.09:767][626]LogModuleManager: Shutting down and abandoning module ShaderFormatOpenGL (56)
[2017.04.19-04.07.09:767][626]LogModuleManager: Shutting down and abandoning module ShaderFormatD3D (55)
[2017.04.19-04.07.09:767][626]LogModuleManager: Shutting down and abandoning module MetalShaderFormat (54)
[2017.04.19-04.07.09:767][626]LogModuleManager: Shutting down and abandoning module TextureFormatUncompressed (53)
[2017.04.19-04.07.09:767][626]LogModuleManager: Shutting down and abandoning module TextureFormatPVR (52)
[2017.04.19-04.07.09:767][626]LogModuleManager: Shutting down and abandoning module TextureFormatIntelISPCTexComp (51)
[2017.04.19-04.07.09:767][626]LogModuleManager: Shutting down and abandoning module TextureFormatDXT (50)
[2017.04.19-04.07.09:767][626]LogModuleManager: Shutting down and abandoning module ImageWrapper (49)
[2017.04.19-04.07.09:767][626]LogModuleManager: Shutting down and abandoning module TextureFormatASTC (48)
[2017.04.19-04.07.09:767][626]LogModuleManager: Shutting down and abandoning module TextureFormatAndroid (47)
[2017.04.19-04.07.09:767][626]LogModuleManager: Shutting down and abandoning module AudioFormatOpus (46)
[2017.04.19-04.07.09:767][626]LogModuleManager: Shutting down and abandoning module AudioFormatOgg (45)
[2017.04.19-04.07.09:767][626]LogModuleManager: Shutting down and abandoning module AudioFormatADPCM (44)
[2017.04.19-04.07.09:767][626]LogModuleManager: Shutting down and abandoning module LinuxTargetPlatform (43)
[2017.04.19-04.07.09:767][626]LogModuleManager: Shutting down and abandoning module LinuxServerTargetPlatform (42)
[2017.04.19-04.07.09:767][626]LogModuleManager: Shutting down and abandoning module LinuxNoEditorTargetPlatform (41)
[2017.04.19-04.07.09:767][626]LogModuleManager: Shutting down and abandoning module TVOSTargetPlatform (40)
[2017.04.19-04.07.09:767][626]LogModuleManager: Shutting down and abandoning module Messaging (39)
[2017.04.19-04.07.09:767][626]LogModuleManager: Shutting down and abandoning module IOSTargetPlatform (38)
[2017.04.19-04.07.09:767][626]LogModuleManager: Shutting down and abandoning module HTML5TargetPlatform (37)
[2017.04.19-04.07.09:767][626]LogModuleManager: Shutting down and abandoning module Android_PVRTCTargetPlatform (36)
[2017.04.19-04.07.09:767][626]LogModuleManager: Shutting down and abandoning module Android_MultiTargetPlatform (35)
[2017.04.19-04.07.09:767][626]LogModuleManager: Shutting down and abandoning module Android_ETC2TargetPlatform (34)
[2017.04.19-04.07.09:767][626]LogModuleManager: Shutting down and abandoning module Android_ETC1TargetPlatform (33)
[2017.04.19-04.07.09:767][626]LogModuleManager: Shutting down and abandoning module Android_DXTTargetPlatform (32)
[2017.04.19-04.07.09:767][626]LogModuleManager: Shutting down and abandoning module Android_ATCTargetPlatform (31)
[2017.04.19-04.07.09:767][626]LogModuleManager: Shutting down and abandoning module Android_ASTCTargetPlatform (30)
[2017.04.19-04.07.09:768][626]LogModuleManager: Shutting down and abandoning module AndroidTargetPlatform (29)
[2017.04.19-04.07.09:768][626]LogModuleManager: Shutting down and abandoning module WindowsTargetPlatform (28)
[2017.04.19-04.07.09:768][626]LogModuleManager: Shutting down and abandoning module WindowsServerTargetPlatform (27)
[2017.04.19-04.07.09:768][626]LogModuleManager: Shutting down and abandoning module WindowsNoEditorTargetPlatform (26)
[2017.04.19-04.07.09:768][626]LogModuleManager: Shutting down and abandoning module WindowsClientTargetPlatform (25)
[2017.04.19-04.07.09:768][626]LogModuleManager: Shutting down and abandoning module AllDesktopTargetPlatform (24)
[2017.04.19-04.07.09:768][626]LogModuleManager: Shutting down and abandoning module TargetPlatform (23)
[2017.04.19-04.07.09:768][626]LogModuleManager: Shutting down and abandoning module InputCore (22)
[2017.04.19-04.07.09:768][626]LogModuleManager: Shutting down and abandoning module Settings (21)
[2017.04.19-04.07.09:768][626]LogModuleManager: Shutting down and abandoning module OnlineSubsystem (19)
[2017.04.19-04.07.09:768][626]LogModuleManager: Shutting down and abandoning module HTTP (18)
[2017.04.19-04.07.11:269][626]LogModuleManager: Shutting down and abandoning module XMPP (17)
[2017.04.19-04.07.11:270][626]LogModuleManager: Shutting down and abandoning module OculusRift (16)
[2017.04.19-04.07.11:270][626]LogModuleManager: Shutting down and abandoning module ExampleDeviceProfileSelector (15)
[2017.04.19-04.07.11:270][626]LogModuleManager: Shutting down and abandoning module TextureCompressor (14)
[2017.04.19-04.07.11:270][626]LogModuleManager: Shutting down and abandoning module ShaderCore (13)
[2017.04.19-04.07.11:270][626]LogModuleManager: Shutting down and abandoning module Landscape (12)
[2017.04.19-04.07.11:270][626]LogModuleManager: Shutting down and abandoning module SlateRHIRenderer (11)
[2017.04.19-04.07.11:271][626]LogModuleManager: Shutting down and abandoning module OpenGLDrv (10)
[2017.04.19-04.07.11:271][626]LogModuleManager: Shutting down and abandoning module D3D11RHI (9)
[2017.04.19-04.07.11:271][626]LogModuleManager: Shutting down and abandoning module AnimGraphRuntime (8)
[2017.04.19-04.07.11:271][626]LogModuleManager: Shutting down and abandoning module Renderer (7)
[2017.04.19-04.07.11:271][626]LogModuleManager: Shutting down and abandoning module Engine (6)
[2017.04.19-04.07.11:271][626]LogModuleManager: Shutting down and abandoning module CoreUObject (5)
[2017.04.19-04.07.11:271][626]LogModuleManager: Shutting down and abandoning module NetworkFile (4)
[2017.04.19-04.07.11:271][626]LogModuleManager: Shutting down and abandoning module StreamingFile (3)
[2017.04.19-04.07.11:271][626]LogModuleManager: Shutting down and abandoning module SandboxFile (2)
[2017.04.19-04.07.11:271][626]LogModuleManager: Shutting down and abandoning module PakFile (1)
[2017.04.19-04.07.11:272][626]LogExit: Exiting.
[2017.04.19-04.07.11:274][626]Log file closed, 04/19/17 00:07:11
