Log file open, 04/19/17 15:17:23
LogInit:Display: Running engine for game: SoulStriker
LogPlatformFile: Not using cached read wrapper
LogInit:Display: RandInit(-1130742298) SRandInit(-1130742297).
LogTaskGraph: Started task graph with 4 named threads and 7 total threads with 1 sets of task threads.
LogStats: Stats thread started at 0.082114
LogInit: Version: 4.12.5-3039270+++UE4+Release-4.12
LogInit: API Version: 2992821
LogInit: Net Version: 3039270
LogDevObjectVersion: Number of dev versions registered: 13
LogDevObjectVersion:   Dev-Blueprints (B0D832E4-1F89-4F0D-ACCF-7EB736FD4AA2): 3
LogDevObjectVersion:   Dev-Build (E1C64328-A22C-4D53-A36C-8E866417BD8C): 0
LogDevObjectVersion:   Dev-Core (375EC13C-06E4-48FB-B500-84F0262A717E): 1
LogDevObjectVersion:   Dev-Editor (E4B068ED-F494-42E9-A231-DA0B2E46BB41): 2
LogDevObjectVersion:   Dev-Framework (CFFC743F-43B0-4480-9391-14DF171D2073): 6
LogDevObjectVersion:   Dev-Mobile (B02B49B5-BB20-44E9-A304-32B752E40360): 0
LogDevObjectVersion:   Dev-Networking (A4E4105C-59A1-49B5-A7C5-40C4547EDFEE): 0
LogDevObjectVersion:   Dev-Online (39C831C9-5AE6-47DC-9A44-9C173E1C8E7C): 0
LogDevObjectVersion:   Dev-Physics (78F01B33-EBEA-4F98-B9B4-84EACCB95AA2): 0
LogDevObjectVersion:   Dev-Platform (6631380F-2D4D-43E0-8009-CF276956A95A): 0
LogDevObjectVersion:   Dev-Rendering (12F88B9F-8875-4AFC-A67C-D90C383ABD29): 2
LogDevObjectVersion:   Dev-Sequencer (7B5AE74C-D270-4C10-A958-57980B212A5A): 0
LogDevObjectVersion:   Dev-VR (D7296918-1DD6-4BDD-9DE2-64A83CC13884): 0
LogInit: Compiled (64-bit): Jul  6 2016 09:09:46
LogInit: Compiled with Visual C++: 19.00.23026.00
LogInit: Build Configuration: Development
LogInit: Branch Name: ++UE4+Release-4.12
LogInit: Command line: -EpicPortal 
LogInit: Base directory: C:/Program Files (x86)/Epic Games/4.12/Engine/Binaries/Win64/
LogInit: Installed Engine Build: 1
LogInit: Using libcurl 7.41.0
LogInit:  - built for x86_64-pc-win32
LogInit:  - supports SSL with WinSSL
LogInit:  - other features:
LogInit:      CURL_VERSION_SSL
LogInit:      CURL_VERSION_IPV6
LogInit:      CURL_VERSION_ASYNCHDNS
LogInit:      CURL_VERSION_LARGEFILE
LogInit:      CURL_VERSION_IDN
LogInit:  CurlRequestOptions (configurable via config and command line):
LogInit:  - bVerifyPeer = true  - Libcurl will verify peer certificate
LogInit:  - bUseHttpProxy = false  - Libcurl will NOT use HTTP proxy
LogInit:  - bDontReuseConnections = false  - Libcurl will reuse connections
LogInit:  - CertBundlePath = nullptr  - Libcurl will use whatever was configured at build time.
LogInit: Presizing for max 8388607 objects, including 0 objects not considered by GC, pre-allocating 0 bytes for permanent pool.
LogInit: Object subsystem initialized
[2017.04.19-19.17.24:067][  0]LogInit: Selected Device Profile: [Windows]
[2017.04.19-19.17.24:067][  0]LogInit: Applying CVar settings loaded from the selected device profile: [Windows]
[2017.04.19-19.17.24:094][  0]LogInit: Computer: MSI
[2017.04.19-19.17.24:094][  0]LogInit: User: armorias
[2017.04.19-19.17.24:094][  0]LogInit: CPU Page size=65536, Cores=4
[2017.04.19-19.17.24:094][  0]LogInit: High frequency timer resolution =2.531250 MHz
[2017.04.19-19.17.24:094][  0]LogMemory: Memory total: Physical=11.9GB (12GB approx)
[2017.04.19-19.17.24:094][  0]LogMemory: Platform Memory Stats for Windows
[2017.04.19-19.17.24:094][  0]LogMemory: Process Physical Memory: 192.28 MB used, 192.28 MB peak
[2017.04.19-19.17.24:094][  0]LogMemory: Process Virtual Memory: 195.40 MB used, 195.40 MB peak
[2017.04.19-19.17.24:094][  0]LogMemory: Physical Memory: 4789.50 MB used, 12173.66 MB total
[2017.04.19-19.17.24:094][  0]LogMemory: Virtual Memory: 553.80 MB used, 134217728.00 MB total
[2017.04.19-19.17.24:129][  0]LogTextLocalizationManager: No specific translations for ('en-US') exist, so ('en') translations will be used.
[2017.04.19-19.17.24:587][  0]LogD3D11RHI: D3D11 adapters:
[2017.04.19-19.17.24:622][  0]LogD3D11RHI:    0. 'NVIDIA GeForce GTX 960M' (Feature Level 11_0)
[2017.04.19-19.17.24:622][  0]LogD3D11RHI:       2018/0/6086 MB DedicatedVideo/DedicatedSystem/SharedSystem, Outputs:1, VendorId:0x10de
[2017.04.19-19.17.24:629][  0]LogD3D11RHI:    1. 'Intel(R) HD Graphics 530' (Feature Level 11_0)
[2017.04.19-19.17.24:629][  0]LogD3D11RHI:       128/0/6086 MB DedicatedVideo/DedicatedSystem/SharedSystem, Outputs:0, VendorId:0x8086
[2017.04.19-19.17.24:632][  0]LogD3D11RHI:    2. 'Microsoft Basic Render Driver' (Feature Level 11_0)
[2017.04.19-19.17.24:632][  0]LogD3D11RHI:       0/0/6086 MB DedicatedVideo/DedicatedSystem/SharedSystem, Outputs:0, VendorId:0x1414
[2017.04.19-19.17.24:632][  0]LogD3D11RHI: Chosen D3D11 Adapter: 0
[2017.04.19-19.17.24:638][  0]LogD3D11RHI: Creating new Direct3DDevice
[2017.04.19-19.17.24:638][  0]LogD3D11RHI:     GPU DeviceId: 0x139b (for the marketing name, search the web for "GPU Device Id")
[2017.04.19-19.17.24:638][  0]LogWindows: EnumDisplayDevices:
[2017.04.19-19.17.24:638][  0]LogWindows:    0. 'Intel(R) HD Graphics 530' (P:1 D:1)
[2017.04.19-19.17.24:638][  0]LogWindows:    1. 'Intel(R) HD Graphics 530' (P:0 D:0)
[2017.04.19-19.17.24:639][  0]LogWindows:    2. 'Intel(R) HD Graphics 530' (P:0 D:0)
[2017.04.19-19.17.24:639][  0]LogWindows: DebugString: PrimaryIsNotTheChoosenAdapter PrimaryIsNotTheChoosenAdapter PrimaryIsNotTheChoosenAdapter FoundDriverCount:0 
[2017.04.19-19.17.24:639][  0]LogD3D11RHI:     Adapter Name: NVIDIA GeForce GTX 960M
[2017.04.19-19.17.24:639][  0]LogD3D11RHI:   Driver Version: Unknown (internal:Unknown, unified:Unknown)
[2017.04.19-19.17.24:639][  0]LogD3D11RHI:      Driver Date: Unknown
[2017.04.19-19.17.24:639][  0]LogRHI: Texture pool is 1361 MB (70% of 1945 MB)
[2017.04.19-19.17.24:653][  0]LogD3D11RHI: Async texture creation enabled
[2017.04.19-19.17.24:663][  0]LogD3D11RHI: GPU Timing Frequency: 1000.000000 (Debug: 2 1)
[2017.04.19-19.17.24:664][  0]LogShaderCompilers: Guid format shader working directory is -7 characters bigger than the processId version (D:/SoulStriker_MainFolder/Soul-Striker-Main/Soul Striker/Intermediate/Shaders/WorkingDirectory/9968/).
[2017.04.19-19.17.24:664][  0]LogShaderCompilers: Cleaned the shader compiler working directory 'C:/Users/armorias/AppData/Local/Temp/UnrealShaderWorkingDir/F781C3B7432D51D645EBA9B9C44C0AAF/'.
[2017.04.19-19.17.24:664][  0]LogShaderCompilers:Display: Using Local Shader Compiler.
[2017.04.19-19.17.25:703][  0]LogTemp:Display: Loaded TP AllDesktopTargetPlatform
[2017.04.19-19.17.25:713][  0]LogTemp:Display: Loaded TP WindowsClientTargetPlatform
[2017.04.19-19.17.25:723][  0]LogTemp:Display: Loaded TP WindowsNoEditorTargetPlatform
[2017.04.19-19.17.25:734][  0]LogTemp:Display: Loaded TP WindowsServerTargetPlatform
[2017.04.19-19.17.25:744][  0]LogTemp:Display: Loaded TP WindowsTargetPlatform
[2017.04.19-19.17.25:754][  0]LogTemp:Display: Loaded TP AndroidTargetPlatform
[2017.04.19-19.17.25:763][  0]LogTemp:Display: Loaded TP Android_ASTCTargetPlatform
[2017.04.19-19.17.25:772][  0]LogTemp:Display: Loaded TP Android_ATCTargetPlatform
[2017.04.19-19.17.25:781][  0]LogTemp:Display: Loaded TP Android_DXTTargetPlatform
[2017.04.19-19.17.25:789][  0]LogTemp:Display: Loaded TP Android_ETC1TargetPlatform
[2017.04.19-19.17.25:798][  0]LogTemp:Display: Loaded TP Android_ETC2TargetPlatform
[2017.04.19-19.17.25:816][  0]LogTemp:Display: Loaded TP Android_MultiTargetPlatform
[2017.04.19-19.17.25:816][  0]LogTemp:Display: Loaded TP Android_PVRTCTargetPlatform
[2017.04.19-19.17.25:817][  0]LogTemp:Display: Loaded TP HTML5TargetPlatform
[2017.04.19-19.17.25:840][  0]LogTemp:Display: Loaded TP IOSTargetPlatform
[2017.04.19-19.17.25:848][  0]LogTemp:Display: Loaded TP TVOSTargetPlatform
[2017.04.19-19.17.25:857][  0]LogTemp:Display: Loaded TP LinuxNoEditorTargetPlatform
[2017.04.19-19.17.25:866][  0]LogTemp:Display: Loaded TP LinuxServerTargetPlatform
[2017.04.19-19.17.25:875][  0]LogTemp:Display: Loaded TP LinuxTargetPlatform
[2017.04.19-19.17.25:875][  0]LogTargetPlatformManager:Display: Building Assets For Windows
[2017.04.19-19.17.25:964][  0]LogDerivedDataCache:Display: Max Cache Size: 512 MB
[2017.04.19-19.17.26:020][  0]LogDerivedDataCache: Loaded boot cache 0.06s 48MB C:/Users/armorias/AppData/Local/UnrealEngine/4.12/DerivedDataCache/Boot.ddc.
[2017.04.19-19.17.26:020][  0]LogDerivedDataCache:Display: Loaded Boot cache: C:/Users/armorias/AppData/Local/UnrealEngine/4.12/DerivedDataCache/Boot.ddc
[2017.04.19-19.17.26:020][  0]LogDerivedDataCache: FDerivedDataBackendGraph:  Pak pak cache file D:/SoulStriker_MainFolder/Soul-Striker-Main/Soul Striker/DerivedDataCache/DDC.ddp not found, will not use a pak cache.
[2017.04.19-19.17.26:020][  0]LogDerivedDataCache: Unable to find inner node Pak for hierarchical cache Hierarchy.
[2017.04.19-19.17.26:020][  0]LogDerivedDataCache: FDerivedDataBackendGraph:  CompressedPak pak cache file D:/SoulStriker_MainFolder/Soul-Striker-Main/Soul Striker/DerivedDataCache/Compressed.ddp not found, will not use a pak cache.
[2017.04.19-19.17.26:020][  0]LogDerivedDataCache: Unable to find inner node CompressedPak for hierarchical cache Hierarchy.
[2017.04.19-19.17.26:041][  0]LogDerivedDataCache:Display: Pak cache opened for reading ../../../Engine/DerivedDataCache/Compressed.ddp.
[2017.04.19-19.17.26:055][  0]LogDerivedDataCache: Using Local data cache path C:/Users/armorias/AppData/Local/UnrealEngine/Common/DerivedDataCache: Writable
[2017.04.19-19.17.26:259][  0]LogInit: Selected Device Profile: [Windows]
[2017.04.19-19.17.26:260][  0]LogContentStreaming: Texture pool size is 0.00 MB
[2017.04.19-19.17.26:736][  0]LogMeshUtilities: No automatic mesh reduction module available
[2017.04.19-19.17.26:736][  0]LogMeshUtilities: No automatic mesh merging module available
[2017.04.19-19.17.26:736][  0]LogMeshUtilities: No distributed automatic mesh merging module available
[2017.04.19-19.17.27:010][  0]LogAssetRegistry: FAssetRegistry took 0.0221 seconds to start up
[2017.04.19-19.17.27:136][  0]LogPackageLocalizationCache: Processed 3 localized package path(s) for 2 prioritized culture(s) in 0.123256 seconds
[2017.04.19-19.17.27:141][  0]LogUObjectArray: 28739 objects as part of root set at end of initial load.
[2017.04.19-19.17.27:141][  0]LogUObjectAllocator: 5855632 out of 0 bytes used by permanent object pool.
[2017.04.19-19.17.27:141][  0]LogUObjectArray: CloseDisregardForGC: 0/0 objects in disregard for GC pool
[2017.04.19-19.17.27:149][  0]LogInit: WinSock: version 1.1 (2.2), MaxSocks=32767, MaxUdp=65467
[2017.04.19-19.17.27:345][  0]LogSlate: SlateFontCache - WITH_FREETYPE: 1, WITH_HARFBUZZ: 1
[2017.04.19-19.17.27:345][  0]LogSlate: SlateFontCache - WITH_FREETYPE: 1, WITH_HARFBUZZ: 1
[2017.04.19-19.17.28:103][  0]LogSubstanceCoreModule: Substance CPU Engine Loaded, Max Texture Size 2048
[2017.04.19-19.17.28:115][  0]LogUdpMessaging: Initializing bridge on interface 0.0.0.0:0 to multicast group 230.0.0.1:6666.
[2017.04.19-19.17.28:351][  0]SourceControl: Info Source control is disabled
[2017.04.19-19.17.28:352][  0]SourceControl: Info Source control is disabled
[2017.04.19-19.17.28:361][  0]SourceControl: Info Source control is disabled
[2017.04.19-19.17.28:372][  0]SourceControl: Info Source control is disabled
[2017.04.19-19.17.28:649][  0]LogEngine: Initializing Engine...
[2017.04.19-19.17.28:650][  0]LogHMD: SteamVR failed to initialize.  Err: 110
[2017.04.19-19.17.28:651][  0]LogHMD: SteamVR failed to initialize.  Err: 110
[2017.04.19-19.17.28:823][  0]LogAIModule: Creating AISystem for world NewWorld
[2017.04.19-19.17.28:829][  0]LogInit: XAudio2 using 'Speakers (Realtek High Definition Audio)' : 2 channels at 48 kHz using 32 bits per sample (channel mask 0x3)
[2017.04.19-19.17.28:907][  0]LogInit: FAudioDevice initialized.
[2017.04.19-19.17.28:937][  0]LogDerivedDataCache: Saved boot cache 0.03s 48MB C:/Users/armorias/AppData/Local/UnrealEngine/4.12/DerivedDataCache/Boot.ddc.
[2017.04.19-19.17.28:947][  0]LogInit: Texture streaming: Enabled
[2017.04.19-19.17.28:974][  0]LogInit: Transaction tracking system initialized
[2017.04.19-19.17.29:003][  0]BlueprintLog: New page: Editor Load
[2017.04.19-19.17.29:085][  0]LocalizationService: Info Localization service is disabled
[2017.04.19-19.17.29:152][  0]LogConsoleResponse:Display: 
[2017.04.19-19.17.29:302][  0]LogCook:Display: Max memory allowance for cook 8192mb
[2017.04.19-19.17.29:302][  0]LogCook:Display: Mobile HDR setting 1
[2017.04.19-19.17.29:415][  0]LogFileCache: Scanning file cache for directory 'D:/SoulStriker_MainFolder/Soul-Striker-Main/Soul Striker/Content/' took 0.02s
[2017.04.19-19.17.29:415][  0]SourceControl: Info Source control is disabled
[2017.04.19-19.17.29:415][  0]Cmd: MAP LOAD FILE="D:/SoulStriker_MainFolder/Soul-Striker-Main/Soul Striker/Content/ThirdPersonBP/Maps/ThirdPersonExampleMap.umap" TEMPLATE=0 SHOWPROGRESS=1 FEATURELEVEL=3
[2017.04.19-19.17.29:480][  0]LightingResults: New page: Lighting Build
[2017.04.19-19.17.29:483][  0]MapCheck: New page: Map Check
[2017.04.19-19.17.29:483][  0]LightingResults: New page: Lighting Build
[2017.04.19-19.17.32:405][  0]LogBlueprint:Warning: Compiler Warning Node  Unknown  is not referencing a valid level actor
[2017.04.19-19.17.32:406][  0]LogBlueprint:Warning: Compiler Warning [0009.75] Compile of PersistentLevel.ThirdPersonExampleMap successful, but with 1 Warning(s) [in 2 ms] (/Game/ThirdPersonBP/Maps/ThirdPersonExampleMap.ThirdPersonExampleMap:PersistentLevel.ThirdPersonExampleMap)
[2017.04.19-19.17.32:406][  0]LogBlueprint:Warning: Compiler Warning [0009.75] Compile of PersistentLevel.ThirdPersonExampleMap successful, but with 2 Warning(s) [in 0 ms] (/Game/ThirdPersonBP/Maps/ThirdPersonExampleMap.ThirdPersonExampleMap:PersistentLevel.ThirdPersonExampleMap)
[2017.04.19-19.17.32:406][  0]LogBlueprint:Warning: Compiler Warning [0009.75] Compile of PersistentLevel.ThirdPersonExampleMap successful, but with 3 Warning(s) [in 0 ms] (/Game/ThirdPersonBP/Maps/ThirdPersonExampleMap.ThirdPersonExampleMap:PersistentLevel.ThirdPersonExampleMap)
[2017.04.19-19.17.32:409][  0]LogBlueprint:Warning: Compiler Warning Node  Unknown  is not referencing a valid level actor
[2017.04.19-19.17.32:409][  0]LogBlueprint:Warning: Compiler Warning [0009.76] Compile of PersistentLevel.ThirdPersonExampleMap successful, but with 1 Warning(s) [in 2 ms] (/Game/ThirdPersonBP/Maps/ThirdPersonExampleMap.ThirdPersonExampleMap:PersistentLevel.ThirdPersonExampleMap)
[2017.04.19-19.17.32:409][  0]LogBlueprint:Warning: Compiler Warning [0009.76] Compile of PersistentLevel.ThirdPersonExampleMap successful, but with 2 Warning(s) [in 0 ms] (/Game/ThirdPersonBP/Maps/ThirdPersonExampleMap.ThirdPersonExampleMap:PersistentLevel.ThirdPersonExampleMap)
[2017.04.19-19.17.32:409][  0]LogBlueprint:Warning: Compiler Warning [0009.76] Compile of PersistentLevel.ThirdPersonExampleMap successful, but with 3 Warning(s) [in 0 ms] (/Game/ThirdPersonBP/Maps/ThirdPersonExampleMap.ThirdPersonExampleMap:PersistentLevel.ThirdPersonExampleMap)
[2017.04.19-19.17.33:673][  0]LogAIModule: Creating AISystem for world ThirdPersonExampleMap
[2017.04.19-19.17.33:796][  0]LogEditorServer: Finished looking for orphan Actors (0.000 secs)
[2017.04.19-19.17.33:800][  0]Cmd: MAP CHECKDEP NOCLEARLOG
[2017.04.19-19.17.33:863][  0]MapCheck: Info Map check complete: 0 Error(s), 0 Warning(s), took 63.768ms to complete.
[2017.04.19-19.17.33:864][  0]LogFileHelpers: Loading map 'ThirdPersonExampleMap' took 4.449
[2017.04.19-19.17.34:133][  0]LogCollectionManager: Loaded 0 collections in 0.002080 seconds
[2017.04.19-19.17.34:206][  0]LogFileCache: Scanning file cache for directory 'D:/SoulStriker_MainFolder/Soul-Striker-Main/Soul Striker/Saved/Collections/' took 0.01s
[2017.04.19-19.17.34:206][  0]LogFileCache: Scanning file cache for directory 'D:/SoulStriker_MainFolder/Soul-Striker-Main/Soul Striker/Content/Developers/armorias/Collections/' took 0.01s
[2017.04.19-19.17.34:206][  0]LogFileCache: Scanning file cache for directory 'D:/SoulStriker_MainFolder/Soul-Striker-Main/Soul Striker/Content/Collections/' took 0.01s
[2017.04.19-19.17.34:206][  0]LogCollectionManager: Rebuilt the GUID cache for 0 collections in 0.000003 seconds
[2017.04.19-19.17.34:219][  0]LogContentBrowser: Native class hierarchy populated in 0.0103 seconds. Added 2062 classes and 375 folders.
[2017.04.19-19.17.34:237][  0]LogStats: UGameplayTagsManager::ConstructGameplayTagTree: Construct from data asset -  0.000 s
[2017.04.19-19.17.34:238][  0]LogStats: UGameplayTagsManager::ConstructGameplayTagTree: GameplayTagTreeChangedEvent.Broadcast -  0.000 s
[2017.04.19-19.17.34:238][  0]LogContentBrowser: Native class hierarchy updated for 'GameplayTags' in 0.0005 seconds. Added 12 classes and 0 folders.
[2017.04.19-19.17.34:246][  0]LogContentBrowser: Native class hierarchy updated for 'WidgetCarousel' in 0.0004 seconds. Added 0 classes and 0 folders.
[2017.04.19-19.17.34:601][  0]LogContentBrowser: Native class hierarchy updated for 'AddContentDialog' in 0.0004 seconds. Added 0 classes and 0 folders.
[2017.04.19-19.17.34:612][  0]LogContentBrowser: Native class hierarchy updated for 'SceneOutliner' in 0.0004 seconds. Added 1 classes and 2 folders.
[2017.04.19-19.17.34:792][  0]LogCrashTracker: Crashtracker disabled due to settings.
[2017.04.19-19.17.34:805][  0]LogUObjectGlobals:Warning: Failed to find object 'Class None.'
[2017.04.19-19.17.34:832][  0]LogContentBrowser: Native class hierarchy updated for 'HierarchicalLODOutliner' in 0.0004 seconds. Added 1 classes and 2 folders.
[2017.04.19-19.17.34:832][  0]LogLoad: Full Startup: 12.18 seconds (BP compile: 0.67 seconds)
[2017.04.19-19.17.34:832][  0]LogExternalProfiler: Found external profiler: VSPerf
[2017.04.19-19.17.34:832][  0]LogExternalProfiler: Using external profiler: VSPerf
[2017.04.19-19.17.34:851][  0]LogWindowsTextInputMethodSystem:Display: IME system now deactivated.
[2017.04.19-19.17.34:851][  0]LogWindowsTextInputMethodSystem:Display: IME system now deactivated.
[2017.04.19-19.17.34:852][  0]LogOcInput: OculusInput pre-init called
[2017.04.19-19.17.34:886][  0]LogContentStreaming: Texture pool size now 700 MB
[2017.04.19-19.17.35:114][  1]LogFileCache: Retrieving MD5 hashes for directory 'D:/SoulStriker_MainFolder/Soul-Striker-Main/Soul Striker/Content/' took 0.25s
[2017.04.19-19.17.35:170][  2]LogRenderer: Reallocating scene render targets to support 884x420 (Frame:2).
[2017.04.19-19.17.35:280][  2]LogAssetRegistry: Asset discovery search completed in 8.2915 seconds
[2017.04.19-19.17.35:280][  2]LogCollectionManager: Rebuilt the object cache for 0 collections in 0.000000 seconds (found 0 objects)
[2017.04.19-19.17.35:280][  2]LogCollectionManager: Fixed up redirectors for 0 collections in 0.000026 seconds (updated 0 objects)
[2017.04.19-19.17.42:711][386]LogMaterial: Missing cached shader map for material brick_texture_1_diffuse_Mat, compiling. 
[2017.04.19-19.17.42:712][386]LogMaterial:Warning: Failed to compile Material /Game/customMaterials/brick_texture_1_diffuse_Mat.brick_texture_1_diffuse_Mat for platform PCD3D_SM5, Default Material will be used in game.
[2017.04.19-19.17.42:712][386]LogMaterial:Warning: 	(Node TextureSample) TextureSample> Missing input texture
[2017.04.19-19.17.42:896][386]LogAIModule: Creating AISystem for world Level_1
[2017.04.19-19.17.43:040][386]Cmd: MAP LOAD FILE="D:/SoulStriker_MainFolder/Soul-Striker-Main/Soul Striker/Content/Maps/Level_1.umap" TEMPLATE=0 SHOWPROGRESS=1 FEATURELEVEL=3
[2017.04.19-19.17.43:040][386]LightingResults: New page: Lighting Build
[2017.04.19-19.17.43:041][386]LoadErrors: New page: Loading map: Level_1.umap
[2017.04.19-19.17.43:044][386]MapCheck: New page: Map Check
[2017.04.19-19.17.43:044][386]LightingResults: New page: Lighting Build
[2017.04.19-19.17.43:181][386]LogEditorServer: Finished looking for orphan Actors (0.000 secs)
[2017.04.19-19.17.43:247][386]Cmd: MAP CHECKDEP NOCLEARLOG
[2017.04.19-19.17.43:319][386]MapCheck: Info Map check complete: 0 Error(s), 0 Warning(s), took 71.884ms to complete.
[2017.04.19-19.17.43:319][386]LogFileHelpers: Loading map 'Level_1' took 0.279
[2017.04.19-19.18.23:112][660]LogFactory: FactoryCreateFile: StaticMesh with FbxFactory (0 0 D:/towerwithUV_s_fixed.FBX)
[2017.04.19-19.18.23:137][660]LogFbx: ItemName: GlobalSettings, ItemCount : 1
[2017.04.19-19.18.23:137][660]LogFbx: ItemName: AnimationStack, ItemCount : 1
[2017.04.19-19.18.23:137][660]LogFbx: ItemName: AnimationLayer, ItemCount : 1
[2017.04.19-19.18.23:137][660]LogFbx: ItemName: Model, ItemCount : 1
[2017.04.19-19.18.23:137][660]LogFbx: ItemName: Geometry, ItemCount : 1
[2017.04.19-19.18.23:137][660]LogFbx: ItemName: Material, ItemCount : 1
[2017.04.19-19.18.23:148][660]LogFbx: Loading FBX Scene from D:/towerwithUV_s_fixed.FBX
[2017.04.19-19.18.23:158][660]LogFbx: FBX Scene Loaded Succesfully
[2017.04.19-19.18.29:119][660]LogFbx: Loading FBX Scene from D:/towerwithUV_s_fixed.FBX
[2017.04.19-19.18.29:128][660]LogFbx: FBX Scene Loaded Succesfully
[2017.04.19-19.18.29:135][660]LogLinker:Warning: Can't find file '/Game/Geometry/Meshes/lambert3SG'
[2017.04.19-19.18.29:135][660]LogLinker:Warning: Can't find file '/Game/Geometry/Meshes/lambert3SG'
[2017.04.19-19.18.29:143][660]LogMaterial: Missing cached shader map for material lambert3SG, compiling. 
[2017.04.19-19.18.29:180][660]LogStaticMesh: Building static mesh towerwithUV_s_fixed...
[2017.04.19-19.18.29:192][660]LogStaticMesh: Built static mesh [0.01s] /Game/Geometry/Meshes/towerwithUV_s_fixed.towerwithUV_s_fixed
[2017.04.19-19.18.29:203][660]FBXImport:Warning: Warning Warning: No smoothing group information was found in this FBX scene.  Please make sure to enable the 'Export Smoothing Groups' option in the FBX Exporter plug-in before exporting the file.  Even for tools that don't support smoothing groups, the FBX Exporter will generate appropriate smoothing data at export-time so that correct vertex normals can be inferred while importing. 
[2017.04.19-19.18.33:063][873]LogActorFactory: Actor Factory created towerwithUV_s_fixed
[2017.04.19-19.18.33:612][905]LogActorFactory: Actor Factory created towerwithUV_s_fixed
[2017.04.19-19.19.24:377][928]LogEditorViewport: Clicking on Actor (LMB): StaticMeshActor (towerwithUV_s_fixed)
[2017.04.19-19.19.31:881][373]LogEditorViewport: Clicking on Actor (LMB): StaticMeshActor (towerwithUV_s_fixed2)
[2017.04.19-19.19.47:707][308]LogBlueprintUserMessages: Early PlayInEditor Detection: Level '/Game/Maps/Level_1.Level_1:PersistentLevel' has LevelScriptBlueprint '/Game/Maps/Level_1.Level_1:PersistentLevel.Level_1' with GeneratedClass '/Game/Maps/Level_1.Level_1_C' with ClassGeneratedBy '/Game/Maps/Level_1.Level_1:PersistentLevel.Level_1'
[2017.04.19-19.19.47:707][308]LogPlayLevel: PlayLevel: No blueprints needed recompiling
[2017.04.19-19.19.47:708][308]PIE: New page: PIE session: Level_1 (Apr 19, 2017, 10:19:47 AM)
[2017.04.19-19.19.47:708][308]LogPlayLevel: Creating play world package: /Game/Maps/UEDPIE_0_Level_1
[2017.04.19-19.19.47:760][308]LogPlayLevel: PIE: StaticDuplicateObject took: (0.052191s)
[2017.04.19-19.19.47:761][308]LogAIModule: Creating AISystem for world Level_1
[2017.04.19-19.19.47:761][308]LogPlayLevel: PIE: World Init took: (0.001028s)
[2017.04.19-19.19.47:762][308]LogPlayLevel: PIE: Created PIE world by copying editor world from /Game/Maps/Level_1.Level_1 to /Game/Maps/UEDPIE_0_Level_1.Level_1 (0.053651s)
[2017.04.19-19.19.47:779][308]LogInit: XAudio2 using 'Speakers (Realtek High Definition Audio)' : 2 channels at 48 kHz using 32 bits per sample (channel mask 0x3)
[2017.04.19-19.19.47:812][308]LogInit: FAudioDevice initialized.
[2017.04.19-19.19.47:893][308]LogWorld: Game class is 'SoulStrikerCampaign_C'
[2017.04.19-19.19.47:911][308]LogWorld: Bringing World /Game/Maps/UEDPIE_0_Level_1.Level_1 up for play (max tick rate 60) at 2017.04.19-15.19.47
[2017.04.19-19.19.47:918][308]LogWorld: Bringing up level for play took: 0.022818
[2017.04.19-19.19.47:927][308]LogContentBrowser: Native class hierarchy updated for 'MovieSceneCapture' in 0.0005 seconds. Added 11 classes and 0 folders.
[2017.04.19-19.19.47:936][308]PIE: Info Play in editor start time for /Game/Maps/UEDPIE_0_Level_1 0.52
[2017.04.19-19.19.47:936][308]LogBlueprintUserMessages: Late PlayInEditor Detection: Level '/Game/Maps/Level_1.Level_1:PersistentLevel' has LevelScriptBlueprint '/Game/Maps/Level_1.Level_1:PersistentLevel.Level_1' with GeneratedClass '/Game/Maps/Level_1.Level_1_C' with ClassGeneratedBy '/Game/Maps/Level_1.Level_1:PersistentLevel.Level_1'
[2017.04.19-19.19.54:178][681]LogBlueprintUserMessages: Early EndPlayMap Detection: Level '/Game/Maps/Level_1.Level_1:PersistentLevel' has LevelScriptBlueprint '/Game/Maps/Level_1.Level_1:PersistentLevel.Level_1' with GeneratedClass '/Game/Maps/Level_1.Level_1_C' with ClassGeneratedBy '/Game/Maps/Level_1.Level_1:PersistentLevel.Level_1'
[2017.04.19-19.19.54:244][681]LogBlueprintUserMessages: Late EndPlayMap Detection: Level '/Game/Maps/Level_1.Level_1:PersistentLevel' has LevelScriptBlueprint '/Game/Maps/Level_1.Level_1:PersistentLevel.Level_1' with GeneratedClass '/Game/Maps/Level_1.Level_1_C' with ClassGeneratedBy '/Game/Maps/Level_1.Level_1:PersistentLevel.Level_1'
[2017.04.19-19.20.00:482][ 44]LogEditorViewport: Clicking on Actor (LMB): StaticMeshActor (towerwithUV_s_fixed)
[2017.04.19-19.20.03:188][201]LogEditorViewport: Clicking Background
[2017.04.19-19.20.04:554][281]Cmd: OBJ SAVEPACKAGE PACKAGE="/Game/Maps/Level_1" FILE="D:/SoulStriker_MainFolder/Soul-Striker-Main/Soul Striker/Content/Maps/Level_1.umap" SILENT=true AUTOSAVING=false KEEPDIRTY=false
[2017.04.19-19.20.05:317][281]LogSavePackage: Save=676.21ms
[2017.04.19-19.20.05:317][281]LogSavePackage: Moving 'D:/SoulStriker_MainFolder/Soul-Striker-Main/Soul Striker/Saved/Level_1151FD73C47D165454D443C9AF45B11BF.tmp' to 'D:/SoulStriker_MainFolder/Soul-Striker-Main/Soul Striker/Content/Maps/Level_1.umap'
[2017.04.19-19.20.05:322][281]LogSavePackage:Display: Finished SavePackage D:/SoulStriker_MainFolder/Soul-Striker-Main/Soul Striker/Content/Maps/Level_1.umap
[2017.04.19-19.21.09:525][129]LogEditorViewport: Clicking on Actor (LMB): StaticMeshActor (towerwithUV_s_fixed)
[2017.04.19-19.21.29:849][335]LogEditorViewport: Clicking Background
[2017.04.19-19.21.31:390][425]LogBlueprintUserMessages: Early PlayInEditor Detection: Level '/Game/Maps/Level_1.Level_1:PersistentLevel' has LevelScriptBlueprint '/Game/Maps/Level_1.Level_1:PersistentLevel.Level_1' with GeneratedClass '/Game/Maps/Level_1.Level_1_C' with ClassGeneratedBy '/Game/Maps/Level_1.Level_1:PersistentLevel.Level_1'
[2017.04.19-19.21.31:390][425]LogPlayLevel: PlayLevel: No blueprints needed recompiling
[2017.04.19-19.21.31:390][425]PIE: New page: PIE session: Level_1 (Apr 19, 2017, 10:21:31 AM)
[2017.04.19-19.21.31:390][425]LogPlayLevel: Creating play world package: /Game/Maps/UEDPIE_0_Level_1
[2017.04.19-19.21.31:441][425]LogPlayLevel: PIE: StaticDuplicateObject took: (0.050703s)
[2017.04.19-19.21.31:442][425]LogAIModule: Creating AISystem for world Level_1
[2017.04.19-19.21.31:442][425]LogPlayLevel: PIE: World Init took: (0.000673s)
[2017.04.19-19.21.31:442][425]LogPlayLevel: PIE: Created PIE world by copying editor world from /Game/Maps/Level_1.Level_1 to /Game/Maps/UEDPIE_0_Level_1.Level_1 (0.051614s)
[2017.04.19-19.21.31:459][425]LogInit: XAudio2 using 'Speakers (Realtek High Definition Audio)' : 2 channels at 48 kHz using 32 bits per sample (channel mask 0x3)
[2017.04.19-19.21.31:491][425]LogInit: FAudioDevice initialized.
[2017.04.19-19.21.31:547][425]LogWorld: Game class is 'SoulStrikerCampaign_C'
[2017.04.19-19.21.31:564][425]LogWorld: Bringing World /Game/Maps/UEDPIE_0_Level_1.Level_1 up for play (max tick rate 60) at 2017.04.19-15.21.31
[2017.04.19-19.21.31:568][425]LogWorld: Bringing up level for play took: 0.019821
[2017.04.19-19.21.31:572][425]PIE: Info Play in editor start time for /Game/Maps/UEDPIE_0_Level_1 0.157
[2017.04.19-19.21.31:573][425]LogBlueprintUserMessages: Late PlayInEditor Detection: Level '/Game/Maps/Level_1.Level_1:PersistentLevel' has LevelScriptBlueprint '/Game/Maps/Level_1.Level_1:PersistentLevel.Level_1' with GeneratedClass '/Game/Maps/Level_1.Level_1_C' with ClassGeneratedBy '/Game/Maps/Level_1.Level_1:PersistentLevel.Level_1'
[2017.04.19-19.21.35:010][631]LogBlueprintUserMessages: [AI_TurretBullet_C_0] 9.0
[2017.04.19-19.21.35:609][667]LogBlueprintUserMessages: [AI_TurretBullet_C_1] 8.0
[2017.04.19-19.21.38:092][816]LogBlueprintUserMessages: Early EndPlayMap Detection: Level '/Game/Maps/Level_1.Level_1:PersistentLevel' has LevelScriptBlueprint '/Game/Maps/Level_1.Level_1:PersistentLevel.Level_1' with GeneratedClass '/Game/Maps/Level_1.Level_1_C' with ClassGeneratedBy '/Game/Maps/Level_1.Level_1:PersistentLevel.Level_1'
[2017.04.19-19.21.38:128][816]LogBlueprintUserMessages: Late EndPlayMap Detection: Level '/Game/Maps/Level_1.Level_1:PersistentLevel' has LevelScriptBlueprint '/Game/Maps/Level_1.Level_1:PersistentLevel.Level_1' with GeneratedClass '/Game/Maps/Level_1.Level_1_C' with ClassGeneratedBy '/Game/Maps/Level_1.Level_1:PersistentLevel.Level_1'
[2017.04.19-19.21.45:593][262]Cmd: OBJ SAVEPACKAGE PACKAGE="/Game/Maps/Level_1" FILE="D:/SoulStriker_MainFolder/Soul-Striker-Main/Soul Striker/Content/Maps/Level_1.umap" SILENT=true AUTOSAVING=false KEEPDIRTY=false
[2017.04.19-19.21.46:277][262]LogSavePackage: Save=669.84ms
[2017.04.19-19.21.46:277][262]LogSavePackage: Moving 'D:/SoulStriker_MainFolder/Soul-Striker-Main/Soul Striker/Saved/Level_135048E5B43F60C9A4F271CB75804FEC1.tmp' to 'D:/SoulStriker_MainFolder/Soul-Striker-Main/Soul Striker/Content/Maps/Level_1.umap'
[2017.04.19-19.21.46:280][262]LogSavePackage:Display: Finished SavePackage D:/SoulStriker_MainFolder/Soul-Striker-Main/Soul Striker/Content/Maps/Level_1.umap
[2017.04.19-19.21.50:758][425]LogRenderer: Reallocating scene render targets to support 884x424 (Frame:15163).
[2017.04.19-19.21.55:260][571]Cmd: OBJ SAVEPACKAGE PACKAGE="/Game/Maps/Level_1" FILE="D:/SoulStriker_MainFolder/Soul-Striker-Main/Soul Striker/Content/Maps/Level_1.umap" SILENT=true AUTOSAVING=false KEEPDIRTY=false
[2017.04.19-19.21.55:954][571]LogSavePackage: Save=676.10ms
[2017.04.19-19.21.55:954][571]LogSavePackage: Moving 'D:/SoulStriker_MainFolder/Soul-Striker-Main/Soul Striker/Saved/Level_1EE9E2DF5482847CE7F370695267BE604.tmp' to 'D:/SoulStriker_MainFolder/Soul-Striker-Main/Soul Striker/Content/Maps/Level_1.umap'
[2017.04.19-19.21.55:961][571]LogSavePackage:Display: Finished SavePackage D:/SoulStriker_MainFolder/Soul-Striker-Main/Soul Striker/Content/Maps/Level_1.umap
[2017.04.19-19.22.09:021][350]Cmd: OBJ SAVEPACKAGE PACKAGE="/Game/Maps/Level_1" FILE="D:/SoulStriker_MainFolder/Soul-Striker-Main/Soul Striker/Content/Maps/Level_1.umap" SILENT=true AUTOSAVING=false KEEPDIRTY=false
[2017.04.19-19.22.09:711][350]LogSavePackage: Save=673.93ms
[2017.04.19-19.22.09:711][350]LogSavePackage: Moving 'D:/SoulStriker_MainFolder/Soul-Striker-Main/Soul Striker/Saved/Level_1D713CFF544DB513102446CA5813ACF1A.tmp' to 'D:/SoulStriker_MainFolder/Soul-Striker-Main/Soul Striker/Content/Maps/Level_1.umap'
[2017.04.19-19.22.09:713][350]LogSavePackage:Display: Finished SavePackage D:/SoulStriker_MainFolder/Soul-Striker-Main/Soul Striker/Content/Maps/Level_1.umap
[2017.04.19-19.22.12:640][421]Cmd: OBJ SAVEPACKAGE PACKAGE="/Game/Geometry/Meshes/lambert3SG" FILE="D:/SoulStriker_MainFolder/Soul-Striker-Main/Soul Striker/Content/Geometry/Meshes/lambert3SG.uasset" SILENT=true
[2017.04.19-19.22.12:664][421]LogSavePackage: Save=22.12ms
[2017.04.19-19.22.12:664][421]LogSavePackage: Moving 'D:/SoulStriker_MainFolder/Soul-Striker-Main/Soul Striker/Saved/lambert3SG45B39A8E43B0F268480704867D15A0FE.tmp' to 'D:/SoulStriker_MainFolder/Soul-Striker-Main/Soul Striker/Content/Geometry/Meshes/lambert3SG.uasset'
[2017.04.19-19.22.12:666][421]LogSavePackage:Display: Finished SavePackage D:/SoulStriker_MainFolder/Soul-Striker-Main/Soul Striker/Content/Geometry/Meshes/lambert3SG.uasset
[2017.04.19-19.22.12:685][421]Cmd: OBJ SAVEPACKAGE PACKAGE="/Game/Geometry/Meshes/towerwithUV_s_fixed" FILE="D:/SoulStriker_MainFolder/Soul-Striker-Main/Soul Striker/Content/Geometry/Meshes/towerwithUV_s_fixed.uasset" SILENT=true
[2017.04.19-19.22.12:702][421]LogSavePackage: Save=15.38ms
[2017.04.19-19.22.12:702][421]LogSavePackage: Moving 'D:/SoulStriker_MainFolder/Soul-Striker-Main/Soul Striker/Saved/towerwithUV_s_fixedF1A47A194F6F37E7A35F84BBA8A38FCF.tmp' to 'D:/SoulStriker_MainFolder/Soul-Striker-Main/Soul Striker/Content/Geometry/Meshes/towerwithUV_s_fixed.uasset'
[2017.04.19-19.22.12:703][421]LogSavePackage:Display: Finished SavePackage D:/SoulStriker_MainFolder/Soul-Striker-Main/Soul Striker/Content/Geometry/Meshes/towerwithUV_s_fixed.uasset
[2017.04.19-19.22.12:881][421]LogWindowsTextInputMethodSystem:Display: IME system now deactivated.
[2017.04.19-19.22.12:881][421]LogWindowsTextInputMethodSystem:Display: IME system now deactivated.
[2017.04.19-19.22.13:069][422]Cmd: QUIT_EDITOR
[2017.04.19-19.22.13:298][422]LogExit: Preparing to exit.
[2017.04.19-19.22.14:362][422]LogExit: Editor shut down
[2017.04.19-19.22.14:363][422]LogExit: Transaction tracking system shut down
[2017.04.19-19.22.14:500][422]LogObj: Freed 0b from 0 cluster array pools.
[2017.04.19-19.22.14:500][422]LogExit: Object subsystem successfully closed.
[2017.04.19-19.22.14:524][422]LogD3D11RHI: Shutdown
[2017.04.19-19.22.14:524][422]LogD3D11RHI: CleanupD3DDevice
[2017.04.19-19.22.14:615][422]LogD3D11RHI: ~FD3D11DynamicRHI
[2017.04.19-19.22.14:630][422]LogModuleManager: Shutting down and abandoning module MovieSceneCapture (216)
[2017.04.19-19.22.14:630][422]LogModuleManager: Shutting down and abandoning module HierarchicalLODOutliner (215)
[2017.04.19-19.22.14:630][422]LogModuleManager: Shutting down and abandoning module CrashTracker (214)
[2017.04.19-19.22.14:630][422]LogModuleManager: Shutting down and abandoning module SceneOutliner (213)
[2017.04.19-19.22.14:630][422]LogModuleManager: Shutting down and abandoning module WidgetCarousel (212)
[2017.04.19-19.22.14:630][422]LogModuleManager: Shutting down and abandoning module AddContentDialog (211)
[2017.04.19-19.22.14:632][422]LogModuleManager: Shutting down and abandoning module GameplayTags (210)
[2017.04.19-19.22.14:632][422]LogModuleManager: Shutting down and abandoning module EditorWidgets (209)
[2017.04.19-19.22.14:632][422]LogModuleManager: Shutting down and abandoning module CollectionManager (208)
[2017.04.19-19.22.14:632][422]LogModuleManager: Shutting down and abandoning module StatsViewer (207)
[2017.04.19-19.22.14:632][422]LogModuleManager: Shutting down and abandoning module FoliageEdit (206)
[2017.04.19-19.22.14:632][422]LogModuleManager: Shutting down and abandoning module LandscapeEditor (205)
[2017.04.19-19.22.14:632][422]LogModuleManager: Shutting down and abandoning module SceneDepthPickerMode (204)
[2017.04.19-19.22.14:632][422]LogModuleManager: Shutting down and abandoning module ActorPickerMode (203)
[2017.04.19-19.22.14:632][422]LogModuleManager: Shutting down and abandoning module GeometryMode (202)
[2017.04.19-19.22.14:632][422]LogModuleManager: Shutting down and abandoning module TextureAlignMode (201)
[2017.04.19-19.22.14:632][422]LogModuleManager: Shutting down and abandoning module BspMode (200)
[2017.04.19-19.22.14:632][422]LogModuleManager: Shutting down and abandoning module HardwareSurvey (199)
[2017.04.19-19.22.14:632][422]LogModuleManager: Shutting down and abandoning module SequenceRecorderSections (198)
[2017.04.19-19.22.14:633][422]LogModuleManager: Shutting down and abandoning module SequenceRecorder (197)
[2017.04.19-19.22.14:633][422]LogModuleManager: Shutting down and abandoning module AutomationWorker (196)
[2017.04.19-19.22.14:633][422]LogModuleManager: Shutting down and abandoning module MatineeToLevelSequence (195)
[2017.04.19-19.22.14:633][422]LogModuleManager: Shutting down and abandoning module PlacementMode (194)
[2017.04.19-19.22.14:633][422]LogModuleManager: Shutting down and abandoning module LevelSequenceEditor (193)
[2017.04.19-19.22.14:633][422]LogModuleManager: Shutting down and abandoning module CharacterAI (192)
[2017.04.19-19.22.14:633][422]LogModuleManager: Shutting down and abandoning module SmartSnapping (191)
[2017.04.19-19.22.14:633][422]LogModuleManager: Shutting down and abandoning module SessionServices (190)
[2017.04.19-19.22.14:633][422]LogModuleManager: Shutting down and abandoning module ViewportSnapping (189)
[2017.04.19-19.22.14:633][422]LogModuleManager: Shutting down and abandoning module LogVisualizer (188)
[2017.04.19-19.22.14:633][422]LogModuleManager: Shutting down and abandoning module GameProjectGeneration (187)
[2017.04.19-19.22.14:633][422]LogModuleManager: Shutting down and abandoning module IntroTutorials (186)
[2017.04.19-19.22.14:633][422]LogModuleManager: Shutting down and abandoning module EditorLiveStreaming (185)
[2017.04.19-19.22.14:633][422]LogModuleManager: Shutting down and abandoning module IOSPlatformEditor (184)
[2017.04.19-19.22.14:633][422]LogModuleManager: Shutting down and abandoning module HTML5PlatformEditor (183)
[2017.04.19-19.22.14:633][422]LogModuleManager: Shutting down and abandoning module AndroidDeviceDetection (182)
[2017.04.19-19.22.15:222][422]LogModuleManager: Shutting down and abandoning module AndroidPlatformEditor (181)
[2017.04.19-19.22.15:222][422]LogModuleManager: Shutting down and abandoning module IOSRuntimeSettings (180)
[2017.04.19-19.22.15:222][422]LogModuleManager: Shutting down and abandoning module AndroidRuntimeSettings (179)
[2017.04.19-19.22.15:222][422]LogModuleManager: Shutting down and abandoning module MergeActors (178)
[2017.04.19-19.22.15:222][422]LogModuleManager: Shutting down and abandoning module SizeMap (177)
[2017.04.19-19.22.15:222][422]LogModuleManager: Shutting down and abandoning module TreeMap (176)
[2017.04.19-19.22.15:222][422]LogModuleManager: Shutting down and abandoning module ReferenceViewer (175)
[2017.04.19-19.22.15:222][422]LogModuleManager: Shutting down and abandoning module LocalizationService (174)
[2017.04.19-19.22.15:222][422]LogModuleManager: Shutting down and abandoning module LocalizationDashboard (173)
[2017.04.19-19.22.15:222][422]LogModuleManager: Shutting down and abandoning module HardwareTargeting (172)
[2017.04.19-19.22.15:222][422]LogModuleManager: Shutting down and abandoning module DeviceProfileEditor (171)
[2017.04.19-19.22.15:222][422]LogModuleManager: Shutting down and abandoning module UndoHistory (170)
[2017.04.19-19.22.15:222][422]LogModuleManager: Shutting down and abandoning module UserFeedback (169)
[2017.04.19-19.22.15:222][422]LogModuleManager: Shutting down and abandoning module XmlParser (168)
[2017.04.19-19.22.15:222][422]LogModuleManager: Shutting down and abandoning module Blutility (167)
[2017.04.19-19.22.15:222][422]LogModuleManager: Shutting down and abandoning module ProjectTargetPlatformEditor (166)
[2017.04.19-19.22.15:222][422]LogModuleManager: Shutting down and abandoning module ProjectSettingsViewer (165)
[2017.04.19-19.22.15:222][422]LogModuleManager: Shutting down and abandoning module InputBindingEditor (164)
[2017.04.19-19.22.15:223][422]LogModuleManager: Shutting down and abandoning module EditorSettingsViewer (163)
[2017.04.19-19.22.15:223][422]LogModuleManager: Shutting down and abandoning module SettingsEditor (162)
[2017.04.19-19.22.15:223][422]LogModuleManager: Shutting down and abandoning module ProjectLauncher (161)
[2017.04.19-19.22.15:223][422]LogModuleManager: Shutting down and abandoning module SessionFrontend (160)
[2017.04.19-19.22.15:223][422]LogModuleManager: Shutting down and abandoning module ProfilerClient (159)
[2017.04.19-19.22.15:223][422]LogModuleManager: Shutting down and abandoning module TargetDeviceServices (158)
[2017.04.19-19.22.15:223][422]LogModuleManager: Shutting down and abandoning module DeviceManager (157)
[2017.04.19-19.22.15:277][422]LogModuleManager: Shutting down and abandoning module AutomationController (156)
[2017.04.19-19.22.15:277][422]LogModuleManager: Shutting down and abandoning module AutomationWindow (155)
[2017.04.19-19.22.15:277][422]LogModuleManager: Shutting down and abandoning module Layers (154)
[2017.04.19-19.22.15:277][422]LogModuleManager: Shutting down and abandoning module ComponentVisualizers (153)
[2017.04.19-19.22.15:277][422]LogModuleManager: Shutting down and abandoning module DetailCustomizations (152)
[2017.04.19-19.22.15:277][422]LogModuleManager: Shutting down and abandoning module PackagesDialog (151)
[2017.04.19-19.22.15:277][422]LogModuleManager: Shutting down and abandoning module Persona (150)
[2017.04.19-19.22.15:277][422]LogModuleManager: Shutting down and abandoning module Kismet (149)
[2017.04.19-19.22.15:277][422]LogModuleManager: Shutting down and abandoning module GraphEditor (148)
[2017.04.19-19.22.15:277][422]LogModuleManager: Shutting down and abandoning module ClassViewer (147)
[2017.04.19-19.22.15:277][422]LogModuleManager: Shutting down and abandoning module Toolbox (146)
[2017.04.19-19.22.15:277][422]LogModuleManager: Shutting down and abandoning module ModuleUI (145)
[2017.04.19-19.22.15:277][422]LogModuleManager: Shutting down and abandoning module MovieSceneTools (144)
[2017.04.19-19.22.15:277][422]LogModuleManager: Shutting down and abandoning module OutputLog (143)
[2017.04.19-19.22.15:277][422]LogModuleManager: Shutting down and abandoning module GammaUI (142)
[2017.04.19-19.22.15:277][422]LogModuleManager: Shutting down and abandoning module Documentation (141)
[2017.04.19-19.22.15:277][422]LogModuleManager: Shutting down and abandoning module StreamingPauseRendering (140)
[2017.04.19-19.22.15:277][422]LogModuleManager: Shutting down and abandoning module AnalyticsET (139)
[2017.04.19-19.22.15:277][422]LogModuleManager: Shutting down and abandoning module Analytics (138)
[2017.04.19-19.22.15:277][422]LogModuleManager: Shutting down and abandoning module PortalServices (137)
[2017.04.19-19.22.15:277][422]LogModuleManager: Shutting down and abandoning module PortalRpc (136)
[2017.04.19-19.22.15:277][422]LogModuleManager: Shutting down and abandoning module MessagingRpc (135)
[2017.04.19-19.22.15:277][422]LogModuleManager: Shutting down and abandoning module GameplayDebugger (134)
[2017.04.19-19.22.15:277][422]LogModuleManager: Shutting down and abandoning module AITestSuite (133)
[2017.04.19-19.22.15:277][422]LogModuleManager: Shutting down and abandoning module AIModule (132)
[2017.04.19-19.22.15:277][422]LogModuleManager: Shutting down and abandoning module ProfilerService (131)
[2017.04.19-19.22.15:424][422]LogModuleManager: Shutting down and abandoning module TaskGraph (130)
[2017.04.19-19.22.15:424][422]LogModuleManager: Shutting down and abandoning module SubstanceEditor (129)
[2017.04.19-19.22.15:424][422]LogModuleManager: Shutting down and abandoning module SlateRemote (128)
[2017.04.19-19.22.15:424][422]LogModuleManager: Shutting down and abandoning module SteamVRController (127)
[2017.04.19-19.22.15:424][422]LogModuleManager: Shutting down and abandoning module SteamVR (126)
[2017.04.19-19.22.15:424][422]LogModuleManager: Shutting down and abandoning module ProceduralMeshComponent (125)
[2017.04.19-19.22.15:424][422]LogModuleManager: Shutting down and abandoning module OculusLibrary (124)
[2017.04.19-19.22.15:424][422]LogModuleManager: Shutting down and abandoning module OculusInput (123)
[2017.04.19-19.22.15:424][422]LogModuleManager: Shutting down and abandoning module CustomMeshComponent (122)
[2017.04.19-19.22.15:424][422]LogModuleManager: Shutting down and abandoning module CableComponent (121)
[2017.04.19-19.22.15:424][422]LogModuleManager: Shutting down and abandoning module ArchVisCharacter (120)
[2017.04.19-19.22.15:424][422]LogModuleManager: Shutting down and abandoning module MediaPlayerEditor (119)
[2017.04.19-19.22.15:424][422]LogModuleManager: Shutting down and abandoning module HTML5Networking (118)
[2017.04.19-19.22.15:424][422]LogModuleManager: Shutting down and abandoning module SuperSearch (117)
[2017.04.19-19.22.15:424][422]LogModuleManager: Shutting down and abandoning module SuperSearchEditor (116)
[2017.04.19-19.22.15:424][422]LogModuleManager: Shutting down and abandoning module SpeedTreeImporter (115)
[2017.04.19-19.22.15:424][422]LogModuleManager: Shutting down and abandoning module PluginBrowser (114)
[2017.04.19-19.22.15:424][422]LogModuleManager: Shutting down and abandoning module EpicSurvey (113)
[2017.04.19-19.22.15:424][422]LogModuleManager: Shutting down and abandoning module DesktopPlatform (112)
[2017.04.19-19.22.15:424][422]LogModuleManager: Shutting down and abandoning module VisualStudioSourceCodeAccess (111)
[2017.04.19-19.22.15:425][422]LogModuleManager: Shutting down and abandoning module UObjectPlugin (110)
[2017.04.19-19.22.15:425][422]LogModuleManager: Shutting down and abandoning module SubversionSourceControl (109)
[2017.04.19-19.22.15:425][422]LogModuleManager: Shutting down and abandoning module PerforceSourceControl (108)
[2017.04.19-19.22.15:425][422]LogModuleManager: Shutting down and abandoning module SourceControl (107)
[2017.04.19-19.22.15:425][422]LogModuleManager: Shutting down and abandoning module GitSourceControl (106)
[2017.04.19-19.22.15:425][422]LogModuleManager: Shutting down and abandoning module LightPropagationVolumeEditor (105)
[2017.04.19-19.22.15:425][422]LogModuleManager: Shutting down and abandoning module PaperTiledImporter (104)
[2017.04.19-19.22.15:425][422]LogModuleManager: Shutting down and abandoning module PaperSpriteSheetImporter (103)
[2017.04.19-19.22.15:425][422]LogModuleManager: Shutting down and abandoning module MeshPaint (102)
[2017.04.19-19.22.15:425][422]LogModuleManager: Shutting down and abandoning module PixelInspectorModule (101)
[2017.04.19-19.22.15:425][422]LogModuleManager: Shutting down and abandoning module HotReload (100)
[2017.04.19-19.22.15:425][422]LogModuleManager: Shutting down and abandoning module MainFrame (99)
[2017.04.19-19.22.15:425][422]LogModuleManager: Shutting down and abandoning module LevelEditor (98)
[2017.04.19-19.22.15:426][422]LogModuleManager: Shutting down and abandoning module ContentBrowser (97)
[2017.04.19-19.22.15:427][422]LogModuleManager: Shutting down and abandoning module Paper2DEditor (96)
[2017.04.19-19.22.15:427][422]LogModuleManager: Shutting down and abandoning module UdpMessaging (95)
[2017.04.19-19.22.15:527][422]LogModuleManager: Shutting down and abandoning module SubstanceCore (94)
[2017.04.19-19.22.15:527][422]LogModuleManager: Shutting down and abandoning module LightPropagationVolumeRuntime (93)
[2017.04.19-19.22.15:527][422]LogModuleManager: Shutting down and abandoning module Paper2D (92)
[2017.04.19-19.22.15:527][422]LogModuleManager: Shutting down and abandoning module WindowsMoviePlayer (91)
[2017.04.19-19.22.15:527][422]LogModuleManager: Shutting down and abandoning module Media (90)
[2017.04.19-19.22.15:527][422]LogModuleManager: Shutting down and abandoning module WmfMedia (89)
[2017.04.19-19.22.15:527][422]LogModuleManager: Shutting down and abandoning module MediaAssets (88)
[2017.04.19-19.22.15:527][422]LogModuleManager: Shutting down and abandoning module GameLiveStreaming (87)
[2017.04.19-19.22.15:527][422]LogModuleManager: Shutting down and abandoning module GameplayTagsEditor (86)
[2017.04.19-19.22.15:527][422]LogModuleManager: Shutting down and abandoning module OnlineBlueprintSupport (85)
[2017.04.19-19.22.15:527][422]LogModuleManager: Shutting down and abandoning module VREditor (84)
[2017.04.19-19.22.15:527][422]LogModuleManager: Shutting down and abandoning module GameplayTasksEditor (83)
[2017.04.19-19.22.15:527][422]LogModuleManager: Shutting down and abandoning module PropertyEditor (82)
[2017.04.19-19.22.15:527][422]LogModuleManager: Shutting down and abandoning module BehaviorTreeEditor (81)
[2017.04.19-19.22.15:527][422]LogModuleManager: Shutting down and abandoning module FunctionalTesting (80)
[2017.04.19-19.22.15:527][422]LogModuleManager: Shutting down and abandoning module CollisionAnalyzer (79)
[2017.04.19-19.22.15:527][422]LogModuleManager: Shutting down and abandoning module Sequencer (78)
[2017.04.19-19.22.15:527][422]LogModuleManager: Shutting down and abandoning module WorkspaceMenuStructure (77)
[2017.04.19-19.22.15:527][422]LogModuleManager: Shutting down and abandoning module MessageLog (76)
[2017.04.19-19.22.15:527][422]LogModuleManager: Shutting down and abandoning module AssetTools (75)
[2017.04.19-19.22.15:527][422]LogModuleManager: Shutting down and abandoning module UMGEditor (74)
[2017.04.19-19.22.15:527][422]LogModuleManager: Shutting down and abandoning module UMG (73)
[2017.04.19-19.22.15:527][422]LogModuleManager: Shutting down and abandoning module SlateReflector (72)
[2017.04.19-19.22.15:527][422]LogModuleManager: Shutting down and abandoning module Slate (71)
[2017.04.19-19.22.15:527][422]LogModuleManager: Shutting down and abandoning module EditorStyle (70)
[2017.04.19-19.22.15:530][422]LogModuleManager: Shutting down and abandoning module SourceCodeAccess (69)
[2017.04.19-19.22.15:530][422]LogModuleManager: Shutting down and abandoning module HeadMountedDisplay (68)
[2017.04.19-19.22.15:530][422]LogModuleManager: Shutting down and abandoning module XAudio2 (67)
[2017.04.19-19.22.15:530][422]LogModuleManager: Shutting down and abandoning module Networking (65)
[2017.04.19-19.22.15:530][422]LogModuleManager: Shutting down and abandoning module Core (64)
[2017.04.19-19.22.15:530][422]LogModuleManager: Shutting down and abandoning module DirectoryWatcher (63)
[2017.04.19-19.22.15:531][422]LogModuleManager: Shutting down and abandoning module AssetRegistry (62)
[2017.04.19-19.22.15:713][422]LogModuleManager: Shutting down and abandoning module KismetCompiler (61)
[2017.04.19-19.22.15:713][422]LogModuleManager: Shutting down and abandoning module PhysXFormats (60)
[2017.04.19-19.22.15:713][422]LogModuleManager: Shutting down and abandoning module MeshUtilities (59)
[2017.04.19-19.22.15:713][422]LogModuleManager: Shutting down and abandoning module DerivedDataCache (58)
[2017.04.19-19.22.15:773][422]LogDerivedDataCache: Shutdown
[2017.04.19-19.22.15:773][422]LogModuleManager: Shutting down and abandoning module VulkanShaderFormat (57)
[2017.04.19-19.22.15:773][422]LogModuleManager: Shutting down and abandoning module ShaderFormatOpenGL (56)
[2017.04.19-19.22.15:773][422]LogModuleManager: Shutting down and abandoning module ShaderFormatD3D (55)
[2017.04.19-19.22.15:773][422]LogModuleManager: Shutting down and abandoning module MetalShaderFormat (54)
[2017.04.19-19.22.15:773][422]LogModuleManager: Shutting down and abandoning module TextureFormatUncompressed (53)
[2017.04.19-19.22.15:773][422]LogModuleManager: Shutting down and abandoning module TextureFormatPVR (52)
[2017.04.19-19.22.15:773][422]LogModuleManager: Shutting down and abandoning module TextureFormatIntelISPCTexComp (51)
[2017.04.19-19.22.15:773][422]LogModuleManager: Shutting down and abandoning module TextureFormatDXT (50)
[2017.04.19-19.22.15:773][422]LogModuleManager: Shutting down and abandoning module ImageWrapper (49)
[2017.04.19-19.22.15:773][422]LogModuleManager: Shutting down and abandoning module TextureFormatASTC (48)
[2017.04.19-19.22.15:773][422]LogModuleManager: Shutting down and abandoning module TextureFormatAndroid (47)
[2017.04.19-19.22.15:773][422]LogModuleManager: Shutting down and abandoning module AudioFormatOpus (46)
[2017.04.19-19.22.15:774][422]LogModuleManager: Shutting down and abandoning module AudioFormatOgg (45)
[2017.04.19-19.22.15:774][422]LogModuleManager: Shutting down and abandoning module AudioFormatADPCM (44)
[2017.04.19-19.22.15:774][422]LogModuleManager: Shutting down and abandoning module LinuxTargetPlatform (43)
[2017.04.19-19.22.15:774][422]LogModuleManager: Shutting down and abandoning module LinuxServerTargetPlatform (42)
[2017.04.19-19.22.15:774][422]LogModuleManager: Shutting down and abandoning module LinuxNoEditorTargetPlatform (41)
[2017.04.19-19.22.15:774][422]LogModuleManager: Shutting down and abandoning module TVOSTargetPlatform (40)
[2017.04.19-19.22.15:774][422]LogModuleManager: Shutting down and abandoning module Messaging (39)
[2017.04.19-19.22.15:774][422]LogModuleManager: Shutting down and abandoning module IOSTargetPlatform (38)
[2017.04.19-19.22.15:774][422]LogModuleManager: Shutting down and abandoning module HTML5TargetPlatform (37)
[2017.04.19-19.22.15:774][422]LogModuleManager: Shutting down and abandoning module Android_PVRTCTargetPlatform (36)
[2017.04.19-19.22.15:774][422]LogModuleManager: Shutting down and abandoning module Android_MultiTargetPlatform (35)
[2017.04.19-19.22.15:774][422]LogModuleManager: Shutting down and abandoning module Android_ETC2TargetPlatform (34)
[2017.04.19-19.22.15:774][422]LogModuleManager: Shutting down and abandoning module Android_ETC1TargetPlatform (33)
[2017.04.19-19.22.15:774][422]LogModuleManager: Shutting down and abandoning module Android_DXTTargetPlatform (32)
[2017.04.19-19.22.15:774][422]LogModuleManager: Shutting down and abandoning module Android_ATCTargetPlatform (31)
[2017.04.19-19.22.15:774][422]LogModuleManager: Shutting down and abandoning module Android_ASTCTargetPlatform (30)
[2017.04.19-19.22.15:774][422]LogModuleManager: Shutting down and abandoning module AndroidTargetPlatform (29)
[2017.04.19-19.22.15:774][422]LogModuleManager: Shutting down and abandoning module WindowsTargetPlatform (28)
[2017.04.19-19.22.15:774][422]LogModuleManager: Shutting down and abandoning module WindowsServerTargetPlatform (27)
[2017.04.19-19.22.15:774][422]LogModuleManager: Shutting down and abandoning module WindowsNoEditorTargetPlatform (26)
[2017.04.19-19.22.15:774][422]LogModuleManager: Shutting down and abandoning module WindowsClientTargetPlatform (25)
[2017.04.19-19.22.15:774][422]LogModuleManager: Shutting down and abandoning module AllDesktopTargetPlatform (24)
[2017.04.19-19.22.15:774][422]LogModuleManager: Shutting down and abandoning module TargetPlatform (23)
[2017.04.19-19.22.15:774][422]LogModuleManager: Shutting down and abandoning module InputCore (22)
[2017.04.19-19.22.15:774][422]LogModuleManager: Shutting down and abandoning module Settings (21)
[2017.04.19-19.22.15:774][422]LogModuleManager: Shutting down and abandoning module OnlineSubsystem (19)
[2017.04.19-19.22.15:774][422]LogModuleManager: Shutting down and abandoning module HTTP (18)
[2017.04.19-19.22.19:783][422]LogModuleManager: Shutting down and abandoning module XMPP (17)
[2017.04.19-19.22.19:783][422]LogModuleManager: Shutting down and abandoning module OculusRift (16)
[2017.04.19-19.22.19:783][422]LogModuleManager: Shutting down and abandoning module ExampleDeviceProfileSelector (15)
[2017.04.19-19.22.19:783][422]LogModuleManager: Shutting down and abandoning module TextureCompressor (14)
[2017.04.19-19.22.19:783][422]LogModuleManager: Shutting down and abandoning module ShaderCore (13)
[2017.04.19-19.22.19:783][422]LogModuleManager: Shutting down and abandoning module Landscape (12)
[2017.04.19-19.22.19:783][422]LogModuleManager: Shutting down and abandoning module SlateRHIRenderer (11)
[2017.04.19-19.22.19:784][422]LogModuleManager: Shutting down and abandoning module OpenGLDrv (10)
[2017.04.19-19.22.19:784][422]LogModuleManager: Shutting down and abandoning module D3D11RHI (9)
[2017.04.19-19.22.19:784][422]LogModuleManager: Shutting down and abandoning module AnimGraphRuntime (8)
[2017.04.19-19.22.19:784][422]LogModuleManager: Shutting down and abandoning module Renderer (7)
[2017.04.19-19.22.19:784][422]LogModuleManager: Shutting down and abandoning module Engine (6)
[2017.04.19-19.22.19:784][422]LogModuleManager: Shutting down and abandoning module CoreUObject (5)
[2017.04.19-19.22.19:784][422]LogModuleManager: Shutting down and abandoning module NetworkFile (4)
[2017.04.19-19.22.19:784][422]LogModuleManager: Shutting down and abandoning module StreamingFile (3)
[2017.04.19-19.22.19:784][422]LogModuleManager: Shutting down and abandoning module SandboxFile (2)
[2017.04.19-19.22.19:784][422]LogModuleManager: Shutting down and abandoning module PakFile (1)
[2017.04.19-19.22.19:786][422]LogExit: Exiting.
[2017.04.19-19.22.19:818][422]Log file closed, 04/19/17 15:22:19
