Log file open, 03/29/17 08:12:51
LogInit:Display: Running engine for game: SoulStriker
LogPlatformFile: Not using cached read wrapper
LogInit:Display: RandInit(-2012755918) SRandInit(-2012755915).
LogTaskGraph: Started task graph with 4 named threads and 7 total threads with 1 sets of task threads.
LogStats: Stats thread started at 0.085821
LogInit: Version: 4.12.5-3039270+++UE4+Release-4.12
LogInit: API Version: 2992821
LogInit: Net Version: 3039270
LogDevObjectVersion: Number of dev versions registered: 13
LogDevObjectVersion:   Dev-Blueprints (B0D832E4-1F89-4F0D-ACCF-7EB736FD4AA2): 3
LogDevObjectVersion:   Dev-Build (E1C64328-A22C-4D53-A36C-8E866417BD8C): 0
LogDevObjectVersion:   Dev-Core (375EC13C-06E4-48FB-B500-84F0262A717E): 1
LogDevObjectVersion:   Dev-Editor (E4B068ED-F494-42E9-A231-DA0B2E46BB41): 2
LogDevObjectVersion:   Dev-Framework (CFFC743F-43B0-4480-9391-14DF171D2073): 6
LogDevObjectVersion:   Dev-Mobile (B02B49B5-BB20-44E9-A304-32B752E40360): 0
LogDevObjectVersion:   Dev-Networking (A4E4105C-59A1-49B5-A7C5-40C4547EDFEE): 0
LogDevObjectVersion:   Dev-Online (39C831C9-5AE6-47DC-9A44-9C173E1C8E7C): 0
LogDevObjectVersion:   Dev-Physics (78F01B33-EBEA-4F98-B9B4-84EACCB95AA2): 0
LogDevObjectVersion:   Dev-Platform (6631380F-2D4D-43E0-8009-CF276956A95A): 0
LogDevObjectVersion:   Dev-Rendering (12F88B9F-8875-4AFC-A67C-D90C383ABD29): 2
LogDevObjectVersion:   Dev-Sequencer (7B5AE74C-D270-4C10-A958-57980B212A5A): 0
LogDevObjectVersion:   Dev-VR (D7296918-1DD6-4BDD-9DE2-64A83CC13884): 0
LogInit: Compiled (64-bit): Jul  6 2016 09:09:46
LogInit: Compiled with Visual C++: 19.00.23026.00
LogInit: Build Configuration: Development
LogInit: Branch Name: ++UE4+Release-4.12
LogInit: Command line: -EpicPortal 
LogInit: Base directory: C:/Program Files (x86)/Epic Games/4.12/Engine/Binaries/Win64/
LogInit: Installed Engine Build: 1
LogInit: Using libcurl 7.41.0
LogInit:  - built for x86_64-pc-win32
LogInit:  - supports SSL with WinSSL
LogInit:  - other features:
LogInit:      CURL_VERSION_SSL
LogInit:      CURL_VERSION_IPV6
LogInit:      CURL_VERSION_ASYNCHDNS
LogInit:      CURL_VERSION_LARGEFILE
LogInit:      CURL_VERSION_IDN
LogInit:  CurlRequestOptions (configurable via config and command line):
LogInit:  - bVerifyPeer = true  - Libcurl will verify peer certificate
LogInit:  - bUseHttpProxy = false  - Libcurl will NOT use HTTP proxy
LogInit:  - bDontReuseConnections = false  - Libcurl will reuse connections
LogInit:  - CertBundlePath = nullptr  - Libcurl will use whatever was configured at build time.
LogInit: Presizing for max 8388607 objects, including 0 objects not considered by GC, pre-allocating 0 bytes for permanent pool.
LogInit: Object subsystem initialized
[2017.03.29-12.12.51:660][  0]LogInit: Selected Device Profile: [Windows]
[2017.03.29-12.12.51:660][  0]LogInit: Applying CVar settings loaded from the selected device profile: [Windows]
[2017.03.29-12.12.51:673][  0]LogInit: Computer: MSI
[2017.03.29-12.12.51:673][  0]LogInit: User: armorias
[2017.03.29-12.12.51:673][  0]LogInit: CPU Page size=65536, Cores=4
[2017.03.29-12.12.51:673][  0]LogInit: High frequency timer resolution =2.531247 MHz
[2017.03.29-12.12.51:674][  0]LogMemory: Memory total: Physical=11.9GB (12GB approx)
[2017.03.29-12.12.51:674][  0]LogMemory: Platform Memory Stats for Windows
[2017.03.29-12.12.51:674][  0]LogMemory: Process Physical Memory: 191.38 MB used, 191.38 MB peak
[2017.03.29-12.12.51:674][  0]LogMemory: Process Virtual Memory: 195.27 MB used, 195.27 MB peak
[2017.03.29-12.12.51:674][  0]LogMemory: Physical Memory: 7178.96 MB used, 12166.60 MB total
[2017.03.29-12.12.51:674][  0]LogMemory: Virtual Memory: 553.81 MB used, 134217728.00 MB total
[2017.03.29-12.12.51:710][  0]LogTextLocalizationManager: No specific translations for ('en-US') exist, so ('en') translations will be used.
[2017.03.29-12.12.52:211][  0]LogD3D11RHI: D3D11 adapters:
[2017.03.29-12.12.52:870][  0]LogD3D11RHI:    0. 'NVIDIA GeForce GTX 960M' (Feature Level 11_0)
[2017.03.29-12.12.52:870][  0]LogD3D11RHI:       2018/0/6083 MB DedicatedVideo/DedicatedSystem/SharedSystem, Outputs:2, VendorId:0x10de
[2017.03.29-12.12.52:877][  0]LogD3D11RHI:    1. 'Intel(R) HD Graphics 530' (Feature Level 11_0)
[2017.03.29-12.12.52:877][  0]LogD3D11RHI:       128/0/6083 MB DedicatedVideo/DedicatedSystem/SharedSystem, Outputs:0, VendorId:0x8086
[2017.03.29-12.12.52:878][  0]LogD3D11RHI:    2. 'Microsoft Basic Render Driver' (Feature Level 11_0)
[2017.03.29-12.12.52:878][  0]LogD3D11RHI:       0/0/6083 MB DedicatedVideo/DedicatedSystem/SharedSystem, Outputs:0, VendorId:0x1414
[2017.03.29-12.12.52:878][  0]LogD3D11RHI: Chosen D3D11 Adapter: 0
[2017.03.29-12.12.52:884][  0]LogD3D11RHI: Creating new Direct3DDevice
[2017.03.29-12.12.52:884][  0]LogD3D11RHI:     GPU DeviceId: 0x139b (for the marketing name, search the web for "GPU Device Id")
[2017.03.29-12.12.52:884][  0]LogWindows: EnumDisplayDevices:
[2017.03.29-12.12.52:885][  0]LogWindows:    0. 'Intel(R) HD Graphics 530' (P:0 D:1)
[2017.03.29-12.12.52:885][  0]LogWindows:    1. 'Intel(R) HD Graphics 530' (P:1 D:1)
[2017.03.29-12.12.52:885][  0]LogWindows:    2. 'Intel(R) HD Graphics 530' (P:0 D:0)
[2017.03.29-12.12.52:885][  0]LogWindows: DebugString: PrimaryIsNotTheChoosenAdapter PrimaryIsNotTheChoosenAdapter PrimaryIsNotTheChoosenAdapter FoundDriverCount:0 
[2017.03.29-12.12.52:885][  0]LogD3D11RHI:     Adapter Name: NVIDIA GeForce GTX 960M
[2017.03.29-12.12.52:885][  0]LogD3D11RHI:   Driver Version: Unknown (internal:Unknown, unified:Unknown)
[2017.03.29-12.12.52:885][  0]LogD3D11RHI:      Driver Date: Unknown
[2017.03.29-12.12.52:885][  0]LogRHI: Texture pool is 1361 MB (70% of 1945 MB)
[2017.03.29-12.12.53:493][  0]LogD3D11RHI: Async texture creation enabled
[2017.03.29-12.12.53:542][  0]LogD3D11RHI: GPU Timing Frequency: 1000.000000 (Debug: 2 1)
[2017.03.29-12.12.53:543][  0]LogShaderCompilers: Guid format shader working directory is -8 characters bigger than the processId version (D:/SoulStriker_MainFolder/Soul-Striker-Main/Soul Striker/Intermediate/Shaders/WorkingDirectory/12192/).
[2017.03.29-12.12.53:543][  0]LogShaderCompilers: Cleaned the shader compiler working directory 'C:/Users/armorias/AppData/Local/Temp/UnrealShaderWorkingDir/E75E929A41F3DA9EE49434B308664A5A/'.
[2017.03.29-12.12.53:543][  0]LogShaderCompilers:Display: Using Local Shader Compiler.
[2017.03.29-12.12.54:430][  0]LogTemp:Display: Loaded TP AllDesktopTargetPlatform
[2017.03.29-12.12.54:440][  0]LogTemp:Display: Loaded TP WindowsClientTargetPlatform
[2017.03.29-12.12.54:449][  0]LogTemp:Display: Loaded TP WindowsNoEditorTargetPlatform
[2017.03.29-12.12.54:459][  0]LogTemp:Display: Loaded TP WindowsServerTargetPlatform
[2017.03.29-12.12.54:468][  0]LogTemp:Display: Loaded TP WindowsTargetPlatform
[2017.03.29-12.12.54:476][  0]LogTemp:Display: Loaded TP AndroidTargetPlatform
[2017.03.29-12.12.54:484][  0]LogTemp:Display: Loaded TP Android_ASTCTargetPlatform
[2017.03.29-12.12.54:493][  0]LogTemp:Display: Loaded TP Android_ATCTargetPlatform
[2017.03.29-12.12.54:500][  0]LogTemp:Display: Loaded TP Android_DXTTargetPlatform
[2017.03.29-12.12.54:509][  0]LogTemp:Display: Loaded TP Android_ETC1TargetPlatform
[2017.03.29-12.12.54:516][  0]LogTemp:Display: Loaded TP Android_ETC2TargetPlatform
[2017.03.29-12.12.54:532][  0]LogTemp:Display: Loaded TP Android_MultiTargetPlatform
[2017.03.29-12.12.54:532][  0]LogTemp:Display: Loaded TP Android_PVRTCTargetPlatform
[2017.03.29-12.12.54:533][  0]LogTemp:Display: Loaded TP HTML5TargetPlatform
[2017.03.29-12.12.54:556][  0]LogTemp:Display: Loaded TP IOSTargetPlatform
[2017.03.29-12.12.54:563][  0]LogTemp:Display: Loaded TP TVOSTargetPlatform
[2017.03.29-12.12.54:570][  0]LogTemp:Display: Loaded TP LinuxNoEditorTargetPlatform
[2017.03.29-12.12.54:578][  0]LogTemp:Display: Loaded TP LinuxServerTargetPlatform
[2017.03.29-12.12.54:585][  0]LogTemp:Display: Loaded TP LinuxTargetPlatform
[2017.03.29-12.12.54:585][  0]LogTargetPlatformManager:Display: Building Assets For Windows
[2017.03.29-12.12.54:659][  0]LogDerivedDataCache:Display: Max Cache Size: 512 MB
[2017.03.29-12.12.54:711][  0]LogDerivedDataCache: Loaded boot cache 0.05s 48MB C:/Users/armorias/AppData/Local/UnrealEngine/4.12/DerivedDataCache/Boot.ddc.
[2017.03.29-12.12.54:712][  0]LogDerivedDataCache:Display: Loaded Boot cache: C:/Users/armorias/AppData/Local/UnrealEngine/4.12/DerivedDataCache/Boot.ddc
[2017.03.29-12.12.54:712][  0]LogDerivedDataCache: FDerivedDataBackendGraph:  Pak pak cache file D:/SoulStriker_MainFolder/Soul-Striker-Main/Soul Striker/DerivedDataCache/DDC.ddp not found, will not use a pak cache.
[2017.03.29-12.12.54:712][  0]LogDerivedDataCache: Unable to find inner node Pak for hierarchical cache Hierarchy.
[2017.03.29-12.12.54:712][  0]LogDerivedDataCache: FDerivedDataBackendGraph:  CompressedPak pak cache file D:/SoulStriker_MainFolder/Soul-Striker-Main/Soul Striker/DerivedDataCache/Compressed.ddp not found, will not use a pak cache.
[2017.03.29-12.12.54:712][  0]LogDerivedDataCache: Unable to find inner node CompressedPak for hierarchical cache Hierarchy.
[2017.03.29-12.12.54:728][  0]LogDerivedDataCache:Display: Pak cache opened for reading ../../../Engine/DerivedDataCache/Compressed.ddp.
[2017.03.29-12.12.54:740][  0]LogDerivedDataCache: Using Local data cache path C:/Users/armorias/AppData/Local/UnrealEngine/Common/DerivedDataCache: Writable
[2017.03.29-12.12.54:907][  0]LogInit: Selected Device Profile: [Windows]
[2017.03.29-12.12.54:908][  0]LogContentStreaming: Texture pool size is 0.00 MB
[2017.03.29-12.12.55:060][  0]LogMeshUtilities: No automatic mesh reduction module available
[2017.03.29-12.12.55:060][  0]LogMeshUtilities: No automatic mesh merging module available
[2017.03.29-12.12.55:060][  0]LogMeshUtilities: No distributed automatic mesh merging module available
[2017.03.29-12.12.55:318][  0]LogAssetRegistry: FAssetRegistry took 0.0222 seconds to start up
[2017.03.29-12.12.55:344][  0]LogPackageLocalizationCache: Processed 3 localized package path(s) for 2 prioritized culture(s) in 0.022883 seconds
[2017.03.29-12.12.55:348][  0]LogUObjectArray: 28739 objects as part of root set at end of initial load.
[2017.03.29-12.12.55:348][  0]LogUObjectAllocator: 5855624 out of 0 bytes used by permanent object pool.
[2017.03.29-12.12.55:348][  0]LogUObjectArray: CloseDisregardForGC: 0/0 objects in disregard for GC pool
[2017.03.29-12.12.55:356][  0]LogInit: WinSock: version 1.1 (2.2), MaxSocks=32767, MaxUdp=65467
[2017.03.29-12.12.55:528][  0]LogSlate: SlateFontCache - WITH_FREETYPE: 1, WITH_HARFBUZZ: 1
[2017.03.29-12.12.55:528][  0]LogSlate: SlateFontCache - WITH_FREETYPE: 1, WITH_HARFBUZZ: 1
[2017.03.29-12.12.56:122][  0]LogSubstanceCoreModule: Substance CPU Engine Loaded, Max Texture Size 2048
[2017.03.29-12.12.56:131][  0]LogUdpMessaging: Initializing bridge on interface 0.0.0.0:0 to multicast group 230.0.0.1:6666.
[2017.03.29-12.12.56:400][  0]SourceControl: Info Source control is disabled
[2017.03.29-12.12.56:401][  0]SourceControl: Info Source control is disabled
[2017.03.29-12.12.56:409][  0]SourceControl: Info Source control is disabled
[2017.03.29-12.12.56:417][  0]SourceControl: Info Source control is disabled
[2017.03.29-12.12.56:673][  0]LogEngine: Initializing Engine...
[2017.03.29-12.12.56:674][  0]LogHMD: SteamVR failed to initialize.  Err: 110
[2017.03.29-12.12.56:675][  0]LogHMD: SteamVR failed to initialize.  Err: 110
[2017.03.29-12.12.56:823][  0]LogAIModule: Creating AISystem for world NewWorld
[2017.03.29-12.12.56:835][  0]LogInit: XAudio2 using 'Speakers (Realtek High Definition Audio)' : 8 channels at 48 kHz using 32 bits per sample (channel mask 0x63f)
[2017.03.29-12.12.56:938][  0]LogInit: FAudioDevice initialized.
[2017.03.29-12.12.56:963][  0]LogDerivedDataCache: Saved boot cache 0.03s 48MB C:/Users/armorias/AppData/Local/UnrealEngine/4.12/DerivedDataCache/Boot.ddc.
[2017.03.29-12.12.56:972][  0]LogInit: Texture streaming: Enabled
[2017.03.29-12.12.56:998][  0]LogInit: Transaction tracking system initialized
[2017.03.29-12.12.57:021][  0]BlueprintLog: New page: Editor Load
[2017.03.29-12.12.57:094][  0]LocalizationService: Info Localization service is disabled
[2017.03.29-12.12.57:155][  0]LogConsoleResponse:Display: 
[2017.03.29-12.12.57:263][  0]LogCook:Display: Max memory allowance for cook 8192mb
[2017.03.29-12.12.57:263][  0]LogCook:Display: Mobile HDR setting 1
[2017.03.29-12.12.57:363][  0]LogFileCache: Scanning file cache for directory 'D:/SoulStriker_MainFolder/Soul-Striker-Main/Soul Striker/Content/' took 0.01s
[2017.03.29-12.12.57:363][  0]SourceControl: Info Source control is disabled
[2017.03.29-12.12.57:364][  0]Cmd: MAP LOAD FILE="D:/SoulStriker_MainFolder/Soul-Striker-Main/Soul Striker/Content/ThirdPersonBP/Maps/ThirdPersonExampleMap.umap" TEMPLATE=0 SHOWPROGRESS=1 FEATURELEVEL=3
[2017.03.29-12.12.57:364][  0]LightingResults: New page: Lighting Build
[2017.03.29-12.12.57:367][  0]MapCheck: New page: Map Check
[2017.03.29-12.12.57:367][  0]LightingResults: New page: Lighting Build
[2017.03.29-12.12.58:428][  0]LogBlueprint:Warning: Compiler Warning Node  Unknown  is not referencing a valid level actor
[2017.03.29-12.12.58:428][  0]LogBlueprint:Warning: Compiler Warning [0007.90] Compile of PersistentLevel.ThirdPersonExampleMap successful, but with 1 Warning(s) [in 2 ms] (/Game/ThirdPersonBP/Maps/ThirdPersonExampleMap.ThirdPersonExampleMap:PersistentLevel.ThirdPersonExampleMap)
[2017.03.29-12.12.58:428][  0]LogBlueprint:Warning: Compiler Warning [0007.90] Compile of PersistentLevel.ThirdPersonExampleMap successful, but with 2 Warning(s) [in 0 ms] (/Game/ThirdPersonBP/Maps/ThirdPersonExampleMap.ThirdPersonExampleMap:PersistentLevel.ThirdPersonExampleMap)
[2017.03.29-12.12.58:428][  0]LogBlueprint:Warning: Compiler Warning [0007.90] Compile of PersistentLevel.ThirdPersonExampleMap successful, but with 3 Warning(s) [in 0 ms] (/Game/ThirdPersonBP/Maps/ThirdPersonExampleMap.ThirdPersonExampleMap:PersistentLevel.ThirdPersonExampleMap)
[2017.03.29-12.12.58:430][  0]LogBlueprint:Warning: Compiler Warning Node  Unknown  is not referencing a valid level actor
[2017.03.29-12.12.58:431][  0]LogBlueprint:Warning: Compiler Warning [0007.91] Compile of PersistentLevel.ThirdPersonExampleMap successful, but with 1 Warning(s) [in 1 ms] (/Game/ThirdPersonBP/Maps/ThirdPersonExampleMap.ThirdPersonExampleMap:PersistentLevel.ThirdPersonExampleMap)
[2017.03.29-12.12.58:431][  0]LogBlueprint:Warning: Compiler Warning [0007.91] Compile of PersistentLevel.ThirdPersonExampleMap successful, but with 2 Warning(s) [in 0 ms] (/Game/ThirdPersonBP/Maps/ThirdPersonExampleMap.ThirdPersonExampleMap:PersistentLevel.ThirdPersonExampleMap)
[2017.03.29-12.12.58:431][  0]LogBlueprint:Warning: Compiler Warning [0007.91] Compile of PersistentLevel.ThirdPersonExampleMap successful, but with 3 Warning(s) [in 0 ms] (/Game/ThirdPersonBP/Maps/ThirdPersonExampleMap.ThirdPersonExampleMap:PersistentLevel.ThirdPersonExampleMap)
[2017.03.29-12.12.58:979][  0]LogAIModule: Creating AISystem for world ThirdPersonExampleMap
[2017.03.29-12.12.59:084][  0]LogEditorServer: Finished looking for orphan Actors (0.000 secs)
[2017.03.29-12.12.59:086][  0]Cmd: MAP CHECKDEP NOCLEARLOG
[2017.03.29-12.12.59:137][  0]MapCheck: Info Map check complete: 0 Error(s), 0 Warning(s), took 50.313ms to complete.
[2017.03.29-12.12.59:137][  0]LogFileHelpers: Loading map 'ThirdPersonExampleMap' took 1.773
[2017.03.29-12.12.59:419][  0]LogCollectionManager: Loaded 0 collections in 0.002063 seconds
[2017.03.29-12.12.59:478][  0]LogFileCache: Scanning file cache for directory 'D:/SoulStriker_MainFolder/Soul-Striker-Main/Soul Striker/Saved/Collections/' took 0.01s
[2017.03.29-12.12.59:478][  0]LogFileCache: Scanning file cache for directory 'D:/SoulStriker_MainFolder/Soul-Striker-Main/Soul Striker/Content/Developers/armorias/Collections/' took 0.01s
[2017.03.29-12.12.59:478][  0]LogFileCache: Scanning file cache for directory 'D:/SoulStriker_MainFolder/Soul-Striker-Main/Soul Striker/Content/Collections/' took 0.01s
[2017.03.29-12.12.59:478][  0]LogCollectionManager: Rebuilt the GUID cache for 0 collections in 0.000008 seconds
[2017.03.29-12.12.59:501][  0]LogContentBrowser: Native class hierarchy populated in 0.0230 seconds. Added 2062 classes and 375 folders.
[2017.03.29-12.12.59:507][  0]LogStats: UGameplayTagsManager::ConstructGameplayTagTree: Construct from data asset -  0.000 s
[2017.03.29-12.12.59:507][  0]LogStats: UGameplayTagsManager::ConstructGameplayTagTree: GameplayTagTreeChangedEvent.Broadcast -  0.000 s
[2017.03.29-12.12.59:508][  0]LogContentBrowser: Native class hierarchy updated for 'GameplayTags' in 0.0009 seconds. Added 12 classes and 0 folders.
[2017.03.29-12.12.59:516][  0]LogContentBrowser: Native class hierarchy updated for 'WidgetCarousel' in 0.0006 seconds. Added 0 classes and 0 folders.
[2017.03.29-12.12.59:564][  0]LogContentBrowser: Native class hierarchy updated for 'AddContentDialog' in 0.0003 seconds. Added 0 classes and 0 folders.
[2017.03.29-12.12.59:568][  0]LogContentBrowser: Native class hierarchy updated for 'SceneOutliner' in 0.0003 seconds. Added 1 classes and 2 folders.
[2017.03.29-12.12.59:639][  0]LogCrashTracker: Crashtracker disabled due to settings.
[2017.03.29-12.12.59:647][  0]LogUObjectGlobals:Warning: Failed to find object 'Class None.'
[2017.03.29-12.12.59:673][  0]LogContentBrowser: Native class hierarchy updated for 'HierarchicalLODOutliner' in 0.0003 seconds. Added 1 classes and 2 folders.
[2017.03.29-12.12.59:674][  0]LogLoad: Full Startup: 9.15 seconds (BP compile: 0.44 seconds)
[2017.03.29-12.12.59:674][  0]LogExternalProfiler: Found external profiler: VSPerf
[2017.03.29-12.12.59:674][  0]LogExternalProfiler: Using external profiler: VSPerf
[2017.03.29-12.12.59:693][  0]LogWindowsTextInputMethodSystem:Display: IME system now deactivated.
[2017.03.29-12.12.59:693][  0]LogWindowsTextInputMethodSystem:Display: IME system now deactivated.
[2017.03.29-12.12.59:694][  0]LogOcInput: OculusInput pre-init called
[2017.03.29-12.12.59:726][  0]LogContentStreaming: Texture pool size now 700 MB
[2017.03.29-12.12.59:882][  0]LogRenderer: Reallocating scene render targets to support 1116x576 (Frame:2).
[2017.03.29-12.12.59:943][  1]LogFileCache: Retrieving MD5 hashes for directory 'D:/SoulStriker_MainFolder/Soul-Striker-Main/Soul Striker/Content/' took 0.24s
[2017.03.29-12.12.59:958][  1]LogAssetRegistry: Asset discovery search completed in 4.6617 seconds
[2017.03.29-12.12.59:958][  1]LogCollectionManager: Rebuilt the object cache for 0 collections in 0.000001 seconds (found 0 objects)
[2017.03.29-12.12.59:958][  1]LogCollectionManager: Fixed up redirectors for 0 collections in 0.000102 seconds (updated 0 objects)
[2017.03.29-12.13.07:268][259]LogAIModule: Creating AISystem for world Level_1
[2017.03.29-12.13.07:336][259]Cmd: MAP LOAD FILE="D:/SoulStriker_MainFolder/Soul-Striker-Main/Soul Striker/Content/Maps/Level_1.umap" TEMPLATE=0 SHOWPROGRESS=1 FEATURELEVEL=3
[2017.03.29-12.13.07:336][259]LightingResults: New page: Lighting Build
[2017.03.29-12.13.07:336][259]LoadErrors: New page: Loading map: Level_1.umap
[2017.03.29-12.13.07:340][259]MapCheck: New page: Map Check
[2017.03.29-12.13.07:340][259]LightingResults: New page: Lighting Build
[2017.03.29-12.13.07:410][259]LogEditorServer: Finished looking for orphan Actors (0.000 secs)
[2017.03.29-12.13.07:482][259]Cmd: MAP CHECKDEP NOCLEARLOG
[2017.03.29-12.13.07:568][259]MapCheck: Info Map check complete: 0 Error(s), 0 Warning(s), took 86.641ms to complete.
[2017.03.29-12.13.07:568][259]LogFileHelpers: Loading map 'Level_1' took 0.234
[2017.03.29-12.13.19:933][933]LogEditorViewport: Clicking on Actor (LMB): superWallTop_C (superWallTop)
[2017.03.29-12.13.40:995][170]LogEditorViewport: Clicking Background
[2017.03.29-12.13.53:055][830]LogEditorViewport: Clicking on Actor (LMB): StaticMeshActor (Floor4)
[2017.03.29-12.13.59:190][192]LogEditorViewport: Clicking on Actor (LMB): StaticMeshActor (Floor3)
[2017.03.29-12.14.07:154][666]LogEditorViewport: Clicking on Actor (LMB): StaticMeshActor (Floor3)
[2017.03.29-12.14.08:623][750]LogEditorViewport: Clicking Background
[2017.03.29-12.14.15:322][150]LogEditorViewport: Clicking on Actor (LMB): StaticMeshActor (Floor4)
[2017.03.29-12.14.23:258][447]Cmd: OBJ SAVEPACKAGE PACKAGE="/Game/Maps/Level_1" FILE="D:/SoulStriker_MainFolder/Soul-Striker-Main/Soul Striker/Content/Maps/Level_1.umap" SILENT=true AUTOSAVING=false KEEPDIRTY=false
[2017.03.29-12.14.23:343][447]LogSavePackage: Save=64.22ms
[2017.03.29-12.14.23:343][447]LogSavePackage: Moving 'D:/SoulStriker_MainFolder/Soul-Striker-Main/Soul Striker/Saved/Level_19B5525EA41BD1D627D8500A9A84B2FFB.tmp' to 'D:/SoulStriker_MainFolder/Soul-Striker-Main/Soul Striker/Content/Maps/Level_1.umap'
[2017.03.29-12.14.23:346][447]LogSavePackage:Display: Finished SavePackage D:/SoulStriker_MainFolder/Soul-Striker-Main/Soul Striker/Content/Maps/Level_1.umap
[2017.03.29-12.14.23:399][447]LogFileHelpers: Saving map 'Level_1' took 0.195
[2017.03.29-12.14.41:729][337]LogEditorViewport: Clicking on Actor (LMB): superWallTop_C (superWallTop2)
[2017.03.29-12.14.46:813][636]Cmd: CAMERA ALIGN ACTIVEVIEWPORTONLY
[2017.03.29-12.15.05:075][726]LogEditorViewport: Clicking Background
[2017.03.29-12.15.08:639][924]LogBlueprintUserMessages: Early PlayInEditor Detection: Level '/Game/Maps/Level_1.Level_1:PersistentLevel' has LevelScriptBlueprint '/Game/Maps/Level_1.Level_1:PersistentLevel.Level_1' with GeneratedClass '/Game/Maps/Level_1.Level_1_C' with ClassGeneratedBy '/Game/Maps/Level_1.Level_1:PersistentLevel.Level_1'
[2017.03.29-12.15.08:639][924]LogPlayLevel: PlayLevel: No blueprints needed recompiling
[2017.03.29-12.15.08:639][924]PIE: New page: PIE session: Level_1 (Mar 29, 2017, 3:15:08 AM)
[2017.03.29-12.15.08:639][924]LogPlayLevel: Creating play world package: /Game/Maps/UEDPIE_0_Level_1
[2017.03.29-12.15.08:642][924]LogPlayLevel: PIE: StaticDuplicateObject took: (0.002302s)
[2017.03.29-12.15.08:642][924]LogAIModule: Creating AISystem for world Level_1
[2017.03.29-12.15.08:642][924]LogPlayLevel: PIE: World Init took: (0.000583s)
[2017.03.29-12.15.08:643][924]LogPlayLevel: PIE: Created PIE world by copying editor world from /Game/Maps/Level_1.Level_1 to /Game/Maps/UEDPIE_0_Level_1.Level_1 (0.003185s)
[2017.03.29-12.15.08:715][924]LogInit: XAudio2 using 'Speakers (Realtek High Definition Audio)' : 8 channels at 48 kHz using 32 bits per sample (channel mask 0x63f)
[2017.03.29-12.15.08:757][924]LogInit: FAudioDevice initialized.
[2017.03.29-12.15.08:828][924]LogWorld: Game class is 'SoulStrikerCampaign_C'
[2017.03.29-12.15.08:831][924]LogWorld: Bringing World /Game/Maps/UEDPIE_0_Level_1.Level_1 up for play (max tick rate 60) at 2017.03.29-08.15.08
[2017.03.29-12.15.08:832][924]LogWorld: Bringing up level for play took: 0.002403
[2017.03.29-12.15.08:836][924]LogContentBrowser: Native class hierarchy updated for 'MovieSceneCapture' in 0.0004 seconds. Added 11 classes and 0 folders.
[2017.03.29-12.15.08:839][924]PIE: Info Play in editor start time for /Game/Maps/UEDPIE_0_Level_1 -0.529
[2017.03.29-12.15.08:839][924]LogBlueprintUserMessages: Late PlayInEditor Detection: Level '/Game/Maps/Level_1.Level_1:PersistentLevel' has LevelScriptBlueprint '/Game/Maps/Level_1.Level_1:PersistentLevel.Level_1' with GeneratedClass '/Game/Maps/Level_1.Level_1_C' with ClassGeneratedBy '/Game/Maps/Level_1.Level_1:PersistentLevel.Level_1'
[2017.03.29-12.15.21:727][693]LogBlueprintUserMessages: Early EndPlayMap Detection: Level '/Game/Maps/Level_1.Level_1:PersistentLevel' has LevelScriptBlueprint '/Game/Maps/Level_1.Level_1:PersistentLevel.Level_1' with GeneratedClass '/Game/Maps/Level_1.Level_1_C' with ClassGeneratedBy '/Game/Maps/Level_1.Level_1:PersistentLevel.Level_1'
[2017.03.29-12.15.21:770][693]LogBlueprintUserMessages: Late EndPlayMap Detection: Level '/Game/Maps/Level_1.Level_1:PersistentLevel' has LevelScriptBlueprint '/Game/Maps/Level_1.Level_1:PersistentLevel.Level_1' with GeneratedClass '/Game/Maps/Level_1.Level_1_C' with ClassGeneratedBy '/Game/Maps/Level_1.Level_1:PersistentLevel.Level_1'
[2017.03.29-12.15.24:578][859]LogEditorViewport: Clicking on Actor (LMB): StaticMeshActor (Floor3)
[2017.03.29-12.15.34:367][439]LogEditorViewport: Clicking Background
[2017.03.29-12.16.03:551][873]LogBlueprintUserMessages: Early PlayInEditor Detection: Level '/Game/Maps/Level_1.Level_1:PersistentLevel' has LevelScriptBlueprint '/Game/Maps/Level_1.Level_1:PersistentLevel.Level_1' with GeneratedClass '/Game/Maps/Level_1.Level_1_C' with ClassGeneratedBy '/Game/Maps/Level_1.Level_1:PersistentLevel.Level_1'
[2017.03.29-12.16.03:551][873]LogPlayLevel: PlayLevel: No blueprints needed recompiling
[2017.03.29-12.16.03:551][873]PIE: New page: PIE session: Level_1 (Mar 29, 2017, 3:16:03 AM)
[2017.03.29-12.16.03:551][873]LogPlayLevel: Creating play world package: /Game/Maps/UEDPIE_0_Level_1
[2017.03.29-12.16.03:553][873]LogPlayLevel: PIE: StaticDuplicateObject took: (0.001976s)
[2017.03.29-12.16.03:554][873]LogAIModule: Creating AISystem for world Level_1
[2017.03.29-12.16.03:554][873]LogPlayLevel: PIE: World Init took: (0.000472s)
[2017.03.29-12.16.03:554][873]LogPlayLevel: PIE: Created PIE world by copying editor world from /Game/Maps/Level_1.Level_1 to /Game/Maps/UEDPIE_0_Level_1.Level_1 (0.002643s)
[2017.03.29-12.16.03:663][873]LogInit: XAudio2 using 'Speakers (Realtek High Definition Audio)' : 8 channels at 48 kHz using 32 bits per sample (channel mask 0x63f)
[2017.03.29-12.16.03:703][873]LogInit: FAudioDevice initialized.
[2017.03.29-12.16.03:758][873]LogWorld: Game class is 'SoulStrikerCampaign_C'
[2017.03.29-12.16.03:761][873]LogWorld: Bringing World /Game/Maps/UEDPIE_0_Level_1.Level_1 up for play (max tick rate 60) at 2017.03.29-08.16.03
[2017.03.29-12.16.03:762][873]LogWorld: Bringing up level for play took: 0.002409
[2017.03.29-12.16.03:765][873]PIE: Info Play in editor start time for /Game/Maps/UEDPIE_0_Level_1 0.398
[2017.03.29-12.16.03:765][873]LogBlueprintUserMessages: Late PlayInEditor Detection: Level '/Game/Maps/Level_1.Level_1:PersistentLevel' has LevelScriptBlueprint '/Game/Maps/Level_1.Level_1:PersistentLevel.Level_1' with GeneratedClass '/Game/Maps/Level_1.Level_1_C' with ClassGeneratedBy '/Game/Maps/Level_1.Level_1:PersistentLevel.Level_1'
[2017.03.29-12.16.16:045][607]LogBlueprintUserMessages: Early EndPlayMap Detection: Level '/Game/Maps/Level_1.Level_1:PersistentLevel' has LevelScriptBlueprint '/Game/Maps/Level_1.Level_1:PersistentLevel.Level_1' with GeneratedClass '/Game/Maps/Level_1.Level_1_C' with ClassGeneratedBy '/Game/Maps/Level_1.Level_1:PersistentLevel.Level_1'
[2017.03.29-12.16.16:085][607]LogBlueprintUserMessages: Late EndPlayMap Detection: Level '/Game/Maps/Level_1.Level_1:PersistentLevel' has LevelScriptBlueprint '/Game/Maps/Level_1.Level_1:PersistentLevel.Level_1' with GeneratedClass '/Game/Maps/Level_1.Level_1_C' with ClassGeneratedBy '/Game/Maps/Level_1.Level_1:PersistentLevel.Level_1'
[2017.03.29-12.16.22:957][953]LogBlueprintUserMessages: Early PlayInEditor Detection: Level '/Game/Maps/Level_1.Level_1:PersistentLevel' has LevelScriptBlueprint '/Game/Maps/Level_1.Level_1:PersistentLevel.Level_1' with GeneratedClass '/Game/Maps/Level_1.Level_1_C' with ClassGeneratedBy '/Game/Maps/Level_1.Level_1:PersistentLevel.Level_1'
[2017.03.29-12.16.22:957][953]LogPlayLevel: PlayLevel: No blueprints needed recompiling
[2017.03.29-12.16.22:957][953]PIE: New page: PIE session: Level_1 (Mar 29, 2017, 3:16:22 AM)
[2017.03.29-12.16.22:957][953]LogPlayLevel: Creating play world package: /Game/Maps/UEDPIE_0_Level_1
[2017.03.29-12.16.22:959][953]LogPlayLevel: PIE: StaticDuplicateObject took: (0.002027s)
[2017.03.29-12.16.22:959][953]LogAIModule: Creating AISystem for world Level_1
[2017.03.29-12.16.22:959][953]LogPlayLevel: PIE: World Init took: (0.000471s)
[2017.03.29-12.16.22:960][953]LogPlayLevel: PIE: Created PIE world by copying editor world from /Game/Maps/Level_1.Level_1 to /Game/Maps/UEDPIE_0_Level_1.Level_1 (0.002669s)
[2017.03.29-12.16.23:053][953]LogInit: XAudio2 using 'Speakers (Realtek High Definition Audio)' : 8 channels at 48 kHz using 32 bits per sample (channel mask 0x63f)
[2017.03.29-12.16.23:092][953]LogInit: FAudioDevice initialized.
[2017.03.29-12.16.23:147][953]LogWorld: Game class is 'SoulStrikerCampaign_C'
[2017.03.29-12.16.23:150][953]LogWorld: Bringing World /Game/Maps/UEDPIE_0_Level_1.Level_1 up for play (max tick rate 60) at 2017.03.29-08.16.23
[2017.03.29-12.16.23:150][953]LogWorld: Bringing up level for play took: 0.002626
[2017.03.29-12.16.23:153][953]PIE: Info Play in editor start time for /Game/Maps/UEDPIE_0_Level_1 -0.215
[2017.03.29-12.16.23:153][953]LogBlueprintUserMessages: Late PlayInEditor Detection: Level '/Game/Maps/Level_1.Level_1:PersistentLevel' has LevelScriptBlueprint '/Game/Maps/Level_1.Level_1:PersistentLevel.Level_1' with GeneratedClass '/Game/Maps/Level_1.Level_1_C' with ClassGeneratedBy '/Game/Maps/Level_1.Level_1:PersistentLevel.Level_1'
[2017.03.29-12.16.39:850][952]LogBlueprintUserMessages: [AI_TurretBullet_C_2] 9.0
[2017.03.29-12.16.41:034][ 23]LogBlueprintUserMessages: Early EndPlayMap Detection: Level '/Game/Maps/Level_1.Level_1:PersistentLevel' has LevelScriptBlueprint '/Game/Maps/Level_1.Level_1:PersistentLevel.Level_1' with GeneratedClass '/Game/Maps/Level_1.Level_1_C' with ClassGeneratedBy '/Game/Maps/Level_1.Level_1:PersistentLevel.Level_1'
[2017.03.29-12.16.41:083][ 23]LogBlueprintUserMessages: Late EndPlayMap Detection: Level '/Game/Maps/Level_1.Level_1:PersistentLevel' has LevelScriptBlueprint '/Game/Maps/Level_1.Level_1:PersistentLevel.Level_1' with GeneratedClass '/Game/Maps/Level_1.Level_1_C' with ClassGeneratedBy '/Game/Maps/Level_1.Level_1:PersistentLevel.Level_1'
[2017.03.29-12.16.44:810][240]LogEditorViewport: Clicking on Actor (LMB): StaticMeshActor (Floor4)
[2017.03.29-12.16.50:565][578]LogEditorViewport: Clicking Background
[2017.03.29-12.16.58:399][ 21]LogEditorViewport: Clicking on Actor (LMB): StaticMeshActor (Floor6)
[2017.03.29-12.17.10:315][730]LogEditorViewport: Clicking Background
[2017.03.29-12.17.14:337][969]LogEditorViewport: Clicking on Actor (LMB): StaticMeshActor (Floor6)
[2017.03.29-12.17.18:870][238]LogEditorViewport: Clicking Background
[2017.03.29-12.17.21:797][413]LogEditorViewport: Clicking on Actor (LMB): superWallTop_C (superWallTop6)
[2017.03.29-12.17.39:147][447]LogEditorViewport: Clicking Background
[2017.03.29-12.18.19:349][819]Cmd: OBJ SAVEPACKAGE PACKAGE="/Game/Maps/Level_1" FILE="D:/SoulStriker_MainFolder/Soul-Striker-Main/Soul Striker/Content/Maps/Level_1.umap" SILENT=true AUTOSAVING=false KEEPDIRTY=false
[2017.03.29-12.18.19:430][819]LogSavePackage: Save=67.76ms
[2017.03.29-12.18.19:430][819]LogSavePackage: Moving 'D:/SoulStriker_MainFolder/Soul-Striker-Main/Soul Striker/Saved/Level_10A180A2E422201A4CA61FFAA2112F8BD.tmp' to 'D:/SoulStriker_MainFolder/Soul-Striker-Main/Soul Striker/Content/Maps/Level_1.umap'
[2017.03.29-12.18.19:434][819]LogSavePackage:Display: Finished SavePackage D:/SoulStriker_MainFolder/Soul-Striker-Main/Soul Striker/Content/Maps/Level_1.umap
[2017.03.29-12.23.50:330][449]LogRenderer: Reallocating scene render targets to support 1116x600 (Frame:39089).
[2017.03.29-12.53.08:233][583]LogEditorViewport: Clicking on Actor (LMB): StaticMeshActor (Floor)
[2017.03.29-12.53.20:601][312]LogEditorViewport: Clicking on Actor (LMB): StaticMeshActor (Floor6)
[2017.03.29-12.53.25:630][610]LogEditorViewport: Clicking Background
[2017.03.29-12.53.32:898][ 42]LogEditorViewport: Clicking on Actor (LMB): StaticMeshActor (Floor6)
[2017.03.29-12.53.44:778][746]LogEditorViewport: Clicking Background
[2017.03.29-12.53.47:818][928]LogEditorViewport: Clicking on Actor (LMB): StaticMeshActor (Floor7)
[2017.03.29-12.54.09:685][221]LogEditorViewport: Clicking Background
[2017.03.29-12.54.24:980][132]LogEditorViewport: Clicking on Actor (LMB): StaticMeshActor (Floor9)
[2017.03.29-12.54.35:805][768]LogEditorViewport: Clicking Background
[2017.03.29-12.55.06:857][968]LogContentBrowser: Native class hierarchy updated for 'BlueprintGraph' in 0.0007 seconds. Added 111 classes and 0 folders.
[2017.03.29-12.55.58:141][343]LogEditorViewport: Clicking Background
[2017.03.29-12.56.13:041][231]LogEditorViewport: Clicking on Actor (LMB): StaticMeshActor (Floor8)
[2017.03.29-12.56.14:681][327]Cmd: TRANSACTION UNDO
[2017.03.29-12.56.14:681][327]LogEditorTransaction: Undo Move Actors
[2017.03.29-12.56.31:364][155]LogEditorViewport: Clicking Background
[2017.03.29-12.56.35:542][348]Cmd: OBJ SAVEPACKAGE PACKAGE="/Game/Maps/Level_1" FILE="D:/SoulStriker_MainFolder/Soul-Striker-Main/Soul Striker/Content/Maps/Level_1.umap" SILENT=true AUTOSAVING=false KEEPDIRTY=false
[2017.03.29-12.56.35:723][348]LogSavePackage: Save=97.08ms
[2017.03.29-12.56.35:723][348]LogSavePackage: Moving 'D:/SoulStriker_MainFolder/Soul-Striker-Main/Soul Striker/Saved/Level_1C69B15F84B6D5B3A4059EA98007DC413.tmp' to 'D:/SoulStriker_MainFolder/Soul-Striker-Main/Soul Striker/Content/Maps/Level_1.umap'
[2017.03.29-12.56.35:725][348]LogSavePackage:Display: Finished SavePackage D:/SoulStriker_MainFolder/Soul-Striker-Main/Soul Striker/Content/Maps/Level_1.umap
[2017.03.29-12.57.03:841][861]LogEditorViewport: Clicking on Actor (LMB): StaticMeshActor (Floor9)
[2017.03.29-12.57.09:854][210]LogEditorViewport: Clicking Background
[2017.03.29-12.57.10:554][252]LogEditorViewport: Clicking on Actor (LMB): StaticMeshActor (Floor9)
[2017.03.29-12.57.17:725][674]LogEditorViewport: Clicking on Actor (LMB): AI_SimpleCharacter_C (AI_SimpleCharacter)
[2017.03.29-12.57.20:416][831]LogEditorViewport: Clicking on Actor (LMB): Switch_C (Switch)
[2017.03.29-12.57.28:369][298]LogEditorViewport: Clicking Background
[2017.03.29-12.57.33:496][551]LogBlueprintUserMessages: Early PlayInEditor Detection: Level '/Game/Maps/Level_1.Level_1:PersistentLevel' has LevelScriptBlueprint '/Game/Maps/Level_1.Level_1:PersistentLevel.Level_1' with GeneratedClass '/Game/Maps/Level_1.Level_1_C' with ClassGeneratedBy '/Game/Maps/Level_1.Level_1:PersistentLevel.Level_1'
[2017.03.29-12.57.33:496][551]LogPlayLevel: PlayLevel: No blueprints needed recompiling
[2017.03.29-12.57.33:496][551]PIE: New page: PIE session: Level_1 (Mar 29, 2017, 3:57:33 AM)
[2017.03.29-12.57.33:496][551]LogPlayLevel: Creating play world package: /Game/Maps/UEDPIE_0_Level_1
[2017.03.29-12.57.33:499][551]LogPlayLevel: PIE: StaticDuplicateObject took: (0.002775s)
[2017.03.29-12.57.33:500][551]LogAIModule: Creating AISystem for world Level_1
[2017.03.29-12.57.33:500][551]LogPlayLevel: PIE: World Init took: (0.000544s)
[2017.03.29-12.57.33:500][551]LogPlayLevel: PIE: Created PIE world by copying editor world from /Game/Maps/Level_1.Level_1 to /Game/Maps/UEDPIE_0_Level_1.Level_1 (0.003524s)
[2017.03.29-12.57.33:593][551]LogInit: XAudio2 using 'Speakers (Realtek High Definition Audio)' : 8 channels at 48 kHz using 32 bits per sample (channel mask 0x63f)
[2017.03.29-12.57.33:636][551]LogInit: FAudioDevice initialized.
[2017.03.29-12.57.33:705][551]LogWorld: Game class is 'SoulStrikerCampaign_C'
[2017.03.29-12.57.33:710][551]LogWorld: Bringing World /Game/Maps/UEDPIE_0_Level_1.Level_1 up for play (max tick rate 60) at 2017.03.29-08.57.33
[2017.03.29-12.57.33:715][551]LogWorld: Bringing up level for play took: 0.008642
[2017.03.29-12.57.33:724][551]PIE: Info Play in editor start time for /Game/Maps/UEDPIE_0_Level_1 0.357
[2017.03.29-12.57.33:725][551]LogBlueprintUserMessages: Late PlayInEditor Detection: Level '/Game/Maps/Level_1.Level_1:PersistentLevel' has LevelScriptBlueprint '/Game/Maps/Level_1.Level_1:PersistentLevel.Level_1' with GeneratedClass '/Game/Maps/Level_1.Level_1_C' with ClassGeneratedBy '/Game/Maps/Level_1.Level_1:PersistentLevel.Level_1'
[2017.03.29-12.57.45:036][226]LogBlueprintUserMessages: Early EndPlayMap Detection: Level '/Game/Maps/Level_1.Level_1:PersistentLevel' has LevelScriptBlueprint '/Game/Maps/Level_1.Level_1:PersistentLevel.Level_1' with GeneratedClass '/Game/Maps/Level_1.Level_1_C' with ClassGeneratedBy '/Game/Maps/Level_1.Level_1:PersistentLevel.Level_1'
[2017.03.29-12.57.45:072][226]LogBlueprintUserMessages: Late EndPlayMap Detection: Level '/Game/Maps/Level_1.Level_1:PersistentLevel' has LevelScriptBlueprint '/Game/Maps/Level_1.Level_1:PersistentLevel.Level_1' with GeneratedClass '/Game/Maps/Level_1.Level_1_C' with ClassGeneratedBy '/Game/Maps/Level_1.Level_1:PersistentLevel.Level_1'
[2017.03.29-12.57.46:175][261]LogBlueprintUserMessages: Early PlayInEditor Detection: Level '/Game/Maps/Level_1.Level_1:PersistentLevel' has LevelScriptBlueprint '/Game/Maps/Level_1.Level_1:PersistentLevel.Level_1' with GeneratedClass '/Game/Maps/Level_1.Level_1_C' with ClassGeneratedBy '/Game/Maps/Level_1.Level_1:PersistentLevel.Level_1'
[2017.03.29-12.57.46:175][261]LogPlayLevel: PlayLevel: No blueprints needed recompiling
[2017.03.29-12.57.46:175][261]PIE: New page: PIE session: Level_1 (Mar 29, 2017, 3:57:46 AM)
[2017.03.29-12.57.46:175][261]LogPlayLevel: Creating play world package: /Game/Maps/UEDPIE_0_Level_1
[2017.03.29-12.57.46:178][261]LogPlayLevel: PIE: StaticDuplicateObject took: (0.002754s)
[2017.03.29-12.57.46:178][261]LogAIModule: Creating AISystem for world Level_1
[2017.03.29-12.57.46:178][261]LogPlayLevel: PIE: World Init took: (0.000593s)
[2017.03.29-12.57.46:179][261]LogPlayLevel: PIE: Created PIE world by copying editor world from /Game/Maps/Level_1.Level_1 to /Game/Maps/UEDPIE_0_Level_1.Level_1 (0.003613s)
[2017.03.29-12.57.46:210][261]LogInit: XAudio2 using 'Speakers (Realtek High Definition Audio)' : 8 channels at 48 kHz using 32 bits per sample (channel mask 0x63f)
[2017.03.29-12.57.46:254][261]LogInit: FAudioDevice initialized.
[2017.03.29-12.57.46:320][261]LogWorld: Game class is 'SoulStrikerCampaign_C'
[2017.03.29-12.57.46:325][261]LogWorld: Bringing World /Game/Maps/UEDPIE_0_Level_1.Level_1 up for play (max tick rate 60) at 2017.03.29-08.57.46
[2017.03.29-12.57.46:326][261]LogWorld: Bringing up level for play took: 0.004014
[2017.03.29-12.57.46:329][261]PIE: Info Play in editor start time for /Game/Maps/UEDPIE_0_Level_1 0.961
[2017.03.29-12.57.46:329][261]LogBlueprintUserMessages: Late PlayInEditor Detection: Level '/Game/Maps/Level_1.Level_1:PersistentLevel' has LevelScriptBlueprint '/Game/Maps/Level_1.Level_1:PersistentLevel.Level_1' with GeneratedClass '/Game/Maps/Level_1.Level_1_C' with ClassGeneratedBy '/Game/Maps/Level_1.Level_1:PersistentLevel.Level_1'
[2017.03.29-12.58.06:145][447]LogBlueprintUserMessages: [BTT_Attack_C_0] Hello
[2017.03.29-12.58.06:145][447]LogBlueprintUserMessages: [BTT_Attack_C_0] Hello
[2017.03.29-12.58.06:145][447]LogBlueprintUserMessages: [BTT_Attack_C_0] 0
[2017.03.29-12.58.08:662][598]LogBlueprintUserMessages: [BTT_Attack_C_0] Hello
[2017.03.29-12.58.08:662][598]LogBlueprintUserMessages: [BTT_Attack_C_0] Hello
[2017.03.29-12.58.08:662][598]LogBlueprintUserMessages: [BTT_Attack_C_0] 0
[2017.03.29-12.58.11:329][758]LogBlueprintUserMessages: [BTT_Attack_C_0] Hello
[2017.03.29-12.58.11:329][758]LogBlueprintUserMessages: [BTT_Attack_C_0] Hello
[2017.03.29-12.58.11:329][758]LogBlueprintUserMessages: [BTT_Attack_C_0] 0
[2017.03.29-12.58.25:346][599]LogBlueprintUserMessages: Early EndPlayMap Detection: Level '/Game/Maps/Level_1.Level_1:PersistentLevel' has LevelScriptBlueprint '/Game/Maps/Level_1.Level_1:PersistentLevel.Level_1' with GeneratedClass '/Game/Maps/Level_1.Level_1_C' with ClassGeneratedBy '/Game/Maps/Level_1.Level_1:PersistentLevel.Level_1'
[2017.03.29-12.58.25:382][599]LogBlueprintUserMessages: Late EndPlayMap Detection: Level '/Game/Maps/Level_1.Level_1:PersistentLevel' has LevelScriptBlueprint '/Game/Maps/Level_1.Level_1:PersistentLevel.Level_1' with GeneratedClass '/Game/Maps/Level_1.Level_1_C' with ClassGeneratedBy '/Game/Maps/Level_1.Level_1:PersistentLevel.Level_1'
[2017.03.29-12.58.29:571][847]LogEditorViewport: Clicking on Actor (LMB): DMC_DORS_C (DMC_DORS)
[2017.03.29-12.58.41:155][531]LogEditorViewport: Clicking on Actor (LMB): DMC_DORS_C (DMC_DORS)
[2017.03.29-12.58.45:620][797]LogEditorViewport: Clicking Background
[2017.03.29-12.58.46:668][858]LogEditorViewport: Clicking on Actor (LMB): AI_SimpleCharacter_C (AI_SimpleCharacter)
[2017.03.29-12.58.52:310][152]Cmd: OBJ SAVEPACKAGE PACKAGE="/Game/Maps/Level_1" FILE="D:/SoulStriker_MainFolder/Soul-Striker-Main/Soul Striker/Content/Maps/Level_1.umap" SILENT=true AUTOSAVING=false KEEPDIRTY=false
[2017.03.29-12.58.52:430][152]LogSavePackage: Save=100.48ms
[2017.03.29-12.58.52:431][152]LogSavePackage: Moving 'D:/SoulStriker_MainFolder/Soul-Striker-Main/Soul Striker/Saved/Level_12454D31B465F42F56230E18706CCF18A.tmp' to 'D:/SoulStriker_MainFolder/Soul-Striker-Main/Soul Striker/Content/Maps/Level_1.umap'
[2017.03.29-12.58.52:432][152]LogSavePackage:Display: Finished SavePackage D:/SoulStriker_MainFolder/Soul-Striker-Main/Soul Striker/Content/Maps/Level_1.umap
[2017.03.29-12.58.53:639][165]LogBlueprintUserMessages: Early PlayInEditor Detection: Level '/Game/Maps/Level_1.Level_1:PersistentLevel' has LevelScriptBlueprint '/Game/Maps/Level_1.Level_1:PersistentLevel.Level_1' with GeneratedClass '/Game/Maps/Level_1.Level_1_C' with ClassGeneratedBy '/Game/Maps/Level_1.Level_1:PersistentLevel.Level_1'
[2017.03.29-12.58.53:639][165]LogPlayLevel: PlayLevel: No blueprints needed recompiling
[2017.03.29-12.58.53:640][165]PIE: New page: PIE session: Level_1 (Mar 29, 2017, 3:58:53 AM)
[2017.03.29-12.58.53:640][165]LogPlayLevel: Creating play world package: /Game/Maps/UEDPIE_0_Level_1
[2017.03.29-12.58.53:643][165]LogPlayLevel: PIE: StaticDuplicateObject took: (0.002968s)
[2017.03.29-12.58.53:643][165]LogAIModule: Creating AISystem for world Level_1
[2017.03.29-12.58.53:643][165]LogPlayLevel: PIE: World Init took: (0.000664s)
[2017.03.29-12.58.53:644][165]LogPlayLevel: PIE: Created PIE world by copying editor world from /Game/Maps/Level_1.Level_1 to /Game/Maps/UEDPIE_0_Level_1.Level_1 (0.003944s)
[2017.03.29-12.58.53:674][165]LogInit: XAudio2 using 'Speakers (Realtek High Definition Audio)' : 8 channels at 48 kHz using 32 bits per sample (channel mask 0x63f)
[2017.03.29-12.58.53:723][165]LogInit: FAudioDevice initialized.
[2017.03.29-12.58.53:784][165]LogWorld: Game class is 'SoulStrikerCampaign_C'
[2017.03.29-12.58.53:788][165]LogWorld: Bringing World /Game/Maps/UEDPIE_0_Level_1.Level_1 up for play (max tick rate 60) at 2017.03.29-08.58.53
[2017.03.29-12.58.53:789][165]LogWorld: Bringing up level for play took: 0.004199
[2017.03.29-12.58.53:793][165]PIE: Info Play in editor start time for /Game/Maps/UEDPIE_0_Level_1 0.425
[2017.03.29-12.58.53:793][165]LogBlueprintUserMessages: Late PlayInEditor Detection: Level '/Game/Maps/Level_1.Level_1:PersistentLevel' has LevelScriptBlueprint '/Game/Maps/Level_1.Level_1:PersistentLevel.Level_1' with GeneratedClass '/Game/Maps/Level_1.Level_1_C' with ClassGeneratedBy '/Game/Maps/Level_1.Level_1:PersistentLevel.Level_1'
[2017.03.29-12.59.08:388][ 38]LogBlueprintUserMessages: [BTT_Attack_C_0] Hello
[2017.03.29-12.59.08:388][ 38]LogBlueprintUserMessages: [BTT_Attack_C_0] Hello
[2017.03.29-12.59.08:388][ 38]LogBlueprintUserMessages: [BTT_Attack_C_0] 0
[2017.03.29-12.59.25:356][ 56]LogBlueprintUserMessages: Early EndPlayMap Detection: Level '/Game/Maps/Level_1.Level_1:PersistentLevel' has LevelScriptBlueprint '/Game/Maps/Level_1.Level_1:PersistentLevel.Level_1' with GeneratedClass '/Game/Maps/Level_1.Level_1_C' with ClassGeneratedBy '/Game/Maps/Level_1.Level_1:PersistentLevel.Level_1'
[2017.03.29-12.59.25:429][ 56]LogBlueprintUserMessages: Late EndPlayMap Detection: Level '/Game/Maps/Level_1.Level_1:PersistentLevel' has LevelScriptBlueprint '/Game/Maps/Level_1.Level_1:PersistentLevel.Level_1' with GeneratedClass '/Game/Maps/Level_1.Level_1_C' with ClassGeneratedBy '/Game/Maps/Level_1.Level_1:PersistentLevel.Level_1'
[2017.03.29-12.59.28:488][219]LogEditorViewport: Clicking on Actor (LMB): DMC_DORS_C (DMC_DORS)
[2017.03.29-12.59.29:704][289]LogEditorViewport: Clicking on Actor (LMB): DMC_DORS_C (DMC_DORS2)
[2017.03.29-12.59.30:744][350]Cmd: DELETE
[2017.03.29-12.59.30:744][350]Cmd: ACTOR DELETE
[2017.03.29-12.59.30:744][350]LogEditorActor: Deleted Actor: DMC_DORS_C
[2017.03.29-12.59.30:767][350]LogEditorActor: Deleted 1 Actors (0.023 secs)
[2017.03.29-12.59.31:503][393]LogEditorViewport: Clicking Background
[2017.03.29-12.59.31:913][417]LogEditorViewport: Clicking on Actor (LMB): DMC_DORS_C (DMC_DORS)
[2017.03.29-12.59.35:257][556]LogRenderer: Reallocating scene render targets to support 1432x924 (Frame:159911).
[2017.03.29-12.59.38:798][577]Cmd: OBJ SAVEPACKAGE PACKAGE="/Game/Geometry/Meshes/1M_Cube" FILE="D:/SoulStriker_MainFolder/Soul-Striker-Main/Soul Striker/Content/Geometry/Meshes/1M_Cube.uasset" SILENT=true
[2017.03.29-12.59.38:818][577]LogSavePackage: Save=13.87ms
[2017.03.29-12.59.38:819][577]LogSavePackage: Moving 'D:/SoulStriker_MainFolder/Soul-Striker-Main/Soul Striker/Saved/1M_Cube2C77C66543BD7E8AEB81A6A854818F09.tmp' to 'D:/SoulStriker_MainFolder/Soul-Striker-Main/Soul Striker/Content/Geometry/Meshes/1M_Cube.uasset'
[2017.03.29-12.59.38:819][577]LogSavePackage:Display: Finished SavePackage D:/SoulStriker_MainFolder/Soul-Striker-Main/Soul Striker/Content/Geometry/Meshes/1M_Cube.uasset
[2017.03.29-12.59.42:598][629]LogBlueprintUserMessages: Early PlayInEditor Detection: Level '/Game/Maps/Level_1.Level_1:PersistentLevel' has LevelScriptBlueprint '/Game/Maps/Level_1.Level_1:PersistentLevel.Level_1' with GeneratedClass '/Game/Maps/Level_1.Level_1_C' with ClassGeneratedBy '/Game/Maps/Level_1.Level_1:PersistentLevel.Level_1'
[2017.03.29-12.59.42:598][629]LogPlayLevel: PlayLevel: No blueprints needed recompiling
[2017.03.29-12.59.42:598][629]PIE: New page: PIE session: Level_1 (Mar 29, 2017, 3:59:42 AM)
[2017.03.29-12.59.42:598][629]LogPlayLevel: Creating play world package: /Game/Maps/UEDPIE_0_Level_1
[2017.03.29-12.59.42:601][629]LogPlayLevel: PIE: StaticDuplicateObject took: (0.002857s)
[2017.03.29-12.59.42:602][629]LogAIModule: Creating AISystem for world Level_1
[2017.03.29-12.59.42:602][629]LogPlayLevel: PIE: World Init took: (0.000492s)
[2017.03.29-12.59.42:602][629]LogPlayLevel: PIE: Created PIE world by copying editor world from /Game/Maps/Level_1.Level_1 to /Game/Maps/UEDPIE_0_Level_1.Level_1 (0.003546s)
[2017.03.29-12.59.42:701][629]LogInit: XAudio2 using 'Speakers (Realtek High Definition Audio)' : 8 channels at 48 kHz using 32 bits per sample (channel mask 0x63f)
[2017.03.29-12.59.42:744][629]LogInit: FAudioDevice initialized.
[2017.03.29-12.59.42:801][629]LogWorld: Game class is 'SoulStrikerCampaign_C'
[2017.03.29-12.59.42:808][629]LogWorld: Bringing World /Game/Maps/UEDPIE_0_Level_1.Level_1 up for play (max tick rate 60) at 2017.03.29-08.59.42
[2017.03.29-12.59.42:810][629]LogWorld: Bringing up level for play took: 0.007616
[2017.03.29-12.59.42:816][629]PIE: Info Play in editor start time for /Game/Maps/UEDPIE_0_Level_1 -0.552
[2017.03.29-12.59.42:816][629]LogBlueprintUserMessages: Late PlayInEditor Detection: Level '/Game/Maps/Level_1.Level_1:PersistentLevel' has LevelScriptBlueprint '/Game/Maps/Level_1.Level_1:PersistentLevel.Level_1' with GeneratedClass '/Game/Maps/Level_1.Level_1_C' with ClassGeneratedBy '/Game/Maps/Level_1.Level_1:PersistentLevel.Level_1'
[2017.03.29-12.59.56:999][472]LogBlueprintUserMessages: [BTT_Attack_C_0] Hello
[2017.03.29-12.59.56:999][472]LogBlueprintUserMessages: [BTT_Attack_C_0] Hello
[2017.03.29-12.59.56:999][472]LogBlueprintUserMessages: [BTT_Attack_C_0] 0
[2017.03.29-13.00.06:083][ 17]LogBlueprintUserMessages: Early EndPlayMap Detection: Level '/Game/Maps/Level_1.Level_1:PersistentLevel' has LevelScriptBlueprint '/Game/Maps/Level_1.Level_1:PersistentLevel.Level_1' with GeneratedClass '/Game/Maps/Level_1.Level_1_C' with ClassGeneratedBy '/Game/Maps/Level_1.Level_1:PersistentLevel.Level_1'
[2017.03.29-13.00.06:134][ 17]LogBlueprintUserMessages: Late EndPlayMap Detection: Level '/Game/Maps/Level_1.Level_1:PersistentLevel' has LevelScriptBlueprint '/Game/Maps/Level_1.Level_1:PersistentLevel.Level_1' with GeneratedClass '/Game/Maps/Level_1.Level_1_C' with ClassGeneratedBy '/Game/Maps/Level_1.Level_1:PersistentLevel.Level_1'
[2017.03.29-13.00.08:842][153]Cmd: DELETE
[2017.03.29-13.00.08:842][153]Cmd: ACTOR DELETE
[2017.03.29-13.00.08:843][153]LogEditorActor: Deleted Actor: DMC_DORS_C
[2017.03.29-13.00.08:880][153]LogEditorActor: Deleted 1 Actors (0.038 secs)
[2017.03.29-13.00.13:910][415]LogEditorViewport: Clicking on Actor (LMB): StaticMeshActor (Floor10)
[2017.03.29-13.00.18:266][640]Cmd: OBJ SAVEPACKAGE PACKAGE="/Game/Maps/Level_1" FILE="D:/SoulStriker_MainFolder/Soul-Striker-Main/Soul Striker/Content/Maps/Level_1.umap" SILENT=true AUTOSAVING=false KEEPDIRTY=false
[2017.03.29-13.00.18:383][640]LogSavePackage: Save=96.76ms
[2017.03.29-13.00.18:383][640]LogSavePackage: Moving 'D:/SoulStriker_MainFolder/Soul-Striker-Main/Soul Striker/Saved/Level_1CC916BB1435C1D8828AF95902E4F1210.tmp' to 'D:/SoulStriker_MainFolder/Soul-Striker-Main/Soul Striker/Content/Maps/Level_1.umap'
[2017.03.29-13.00.18:385][640]LogSavePackage:Display: Finished SavePackage D:/SoulStriker_MainFolder/Soul-Striker-Main/Soul Striker/Content/Maps/Level_1.umap
[2017.03.29-13.00.19:657][704]LogEditorViewport: Clicking on Actor (LMB): StaticMeshActor (Floor9)
[2017.03.29-13.00.27:239][150]LogEditorViewport: Clicking on Actor (LMB): StaticMeshActor (Floor10)
[2017.03.29-13.00.32:807][480]LogEditorViewport: Clicking Background
[2017.03.29-13.00.33:900][545]LogEditorViewport: Clicking on Actor (LMB): StaticMeshActor (Floor11)
[2017.03.29-13.00.42:030][ 28]LogEditorViewport: Clicking Background
[2017.03.29-13.00.44:064][150]LogEditorViewport: Clicking on Actor (LMB): StaticMeshActor (Floor11)
[2017.03.29-13.00.48:745][425]LogEditorViewport: Clicking on Actor (LMB): StaticMeshActor (Floor11)
[2017.03.29-13.00.49:734][461]Cmd: OBJ SAVEPACKAGE PACKAGE="/Game/Maps/Level_1" FILE="D:/SoulStriker_MainFolder/Soul-Striker-Main/Soul Striker/Content/Maps/Level_1.umap" SILENT=true AUTOSAVING=false KEEPDIRTY=false
[2017.03.29-13.00.49:859][461]LogSavePackage: Save=102.12ms
[2017.03.29-13.00.49:859][461]LogSavePackage: Moving 'D:/SoulStriker_MainFolder/Soul-Striker-Main/Soul Striker/Saved/Level_190DD1E7F434FD11F2CBDBAA23E05D9F5.tmp' to 'D:/SoulStriker_MainFolder/Soul-Striker-Main/Soul Striker/Content/Maps/Level_1.umap'
[2017.03.29-13.00.49:862][461]LogSavePackage:Display: Finished SavePackage D:/SoulStriker_MainFolder/Soul-Striker-Main/Soul Striker/Content/Maps/Level_1.umap
[2017.03.29-13.00.50:616][496]LogEditorViewport: Clicking Background
[2017.03.29-13.00.52:347][566]LogBlueprintUserMessages: Early PlayInEditor Detection: Level '/Game/Maps/Level_1.Level_1:PersistentLevel' has LevelScriptBlueprint '/Game/Maps/Level_1.Level_1:PersistentLevel.Level_1' with GeneratedClass '/Game/Maps/Level_1.Level_1_C' with ClassGeneratedBy '/Game/Maps/Level_1.Level_1:PersistentLevel.Level_1'
[2017.03.29-13.00.52:347][566]LogPlayLevel: PlayLevel: No blueprints needed recompiling
[2017.03.29-13.00.52:347][566]PIE: New page: PIE session: Level_1 (Mar 29, 2017, 4:00:52 AM)
[2017.03.29-13.00.52:347][566]LogPlayLevel: Creating play world package: /Game/Maps/UEDPIE_0_Level_1
[2017.03.29-13.00.52:350][566]LogPlayLevel: PIE: StaticDuplicateObject took: (0.002712s)
[2017.03.29-13.00.52:350][566]LogAIModule: Creating AISystem for world Level_1
[2017.03.29-13.00.52:350][566]LogPlayLevel: PIE: World Init took: (0.000538s)
[2017.03.29-13.00.52:350][566]LogPlayLevel: PIE: Created PIE world by copying editor world from /Game/Maps/Level_1.Level_1 to /Game/Maps/UEDPIE_0_Level_1.Level_1 (0.003473s)
[2017.03.29-13.00.52:381][566]LogInit: XAudio2 using 'Speakers (Realtek High Definition Audio)' : 8 channels at 48 kHz using 32 bits per sample (channel mask 0x63f)
[2017.03.29-13.00.52:428][566]LogInit: FAudioDevice initialized.
[2017.03.29-13.00.52:495][566]LogWorld: Game class is 'SoulStrikerCampaign_C'
[2017.03.29-13.00.52:500][566]LogWorld: Bringing World /Game/Maps/UEDPIE_0_Level_1.Level_1 up for play (max tick rate 60) at 2017.03.29-09.00.52
[2017.03.29-13.00.52:501][566]LogWorld: Bringing up level for play took: 0.005021
[2017.03.29-13.00.52:504][566]PIE: Info Play in editor start time for /Game/Maps/UEDPIE_0_Level_1 1.137
[2017.03.29-13.00.52:504][566]LogBlueprintUserMessages: Late PlayInEditor Detection: Level '/Game/Maps/Level_1.Level_1:PersistentLevel' has LevelScriptBlueprint '/Game/Maps/Level_1.Level_1:PersistentLevel.Level_1' with GeneratedClass '/Game/Maps/Level_1.Level_1_C' with ClassGeneratedBy '/Game/Maps/Level_1.Level_1:PersistentLevel.Level_1'
[2017.03.29-13.01.07:479][461]LogBlueprintUserMessages: [BTT_Attack_C_0] Hello
[2017.03.29-13.01.07:479][461]LogBlueprintUserMessages: [BTT_Attack_C_0] Hello
[2017.03.29-13.01.07:479][461]LogBlueprintUserMessages: [BTT_Attack_C_0] 0
[2017.03.29-13.01.19:480][181]LogBlueprintUserMessages: Early EndPlayMap Detection: Level '/Game/Maps/Level_1.Level_1:PersistentLevel' has LevelScriptBlueprint '/Game/Maps/Level_1.Level_1:PersistentLevel.Level_1' with GeneratedClass '/Game/Maps/Level_1.Level_1_C' with ClassGeneratedBy '/Game/Maps/Level_1.Level_1:PersistentLevel.Level_1'
[2017.03.29-13.01.19:515][181]LogBlueprintUserMessages: Late EndPlayMap Detection: Level '/Game/Maps/Level_1.Level_1:PersistentLevel' has LevelScriptBlueprint '/Game/Maps/Level_1.Level_1:PersistentLevel.Level_1' with GeneratedClass '/Game/Maps/Level_1.Level_1_C' with ClassGeneratedBy '/Game/Maps/Level_1.Level_1:PersistentLevel.Level_1'
[2017.03.29-13.01.22:460][354]LogEditorViewport: Clicking on Actor (LMB): StaticMeshActor (Floor11)
[2017.03.29-13.01.24:831][491]LogEditorViewport: Clicking Background
[2017.03.29-13.01.25:965][518]Cmd: OBJ SAVEPACKAGE PACKAGE="/Game/Maps/Level_1" FILE="D:/SoulStriker_MainFolder/Soul-Striker-Main/Soul Striker/Content/Maps/Level_1.umap" SILENT=true AUTOSAVING=false KEEPDIRTY=false
[2017.03.29-13.01.26:083][518]LogSavePackage: Save=98.38ms
[2017.03.29-13.01.26:083][518]LogSavePackage: Moving 'D:/SoulStriker_MainFolder/Soul-Striker-Main/Soul Striker/Saved/Level_1BDC5510C489ABAAC3A14AAA8AC3AB87C.tmp' to 'D:/SoulStriker_MainFolder/Soul-Striker-Main/Soul Striker/Content/Maps/Level_1.umap'
[2017.03.29-13.01.26:084][518]LogSavePackage:Display: Finished SavePackage D:/SoulStriker_MainFolder/Soul-Striker-Main/Soul Striker/Content/Maps/Level_1.umap
[2017.03.29-13.05.20:552][927]Cmd: OBJ SAVEPACKAGE PACKAGE="/Game/Maps/Level_1" FILE="D:/SoulStriker_MainFolder/Soul-Striker-Main/Soul Striker/Content/Maps/Level_1.umap" SILENT=true AUTOSAVING=false KEEPDIRTY=false
[2017.03.29-13.05.20:779][927]LogSavePackage: Save=178.50ms
[2017.03.29-13.05.20:779][927]LogSavePackage: Moving 'D:/SoulStriker_MainFolder/Soul-Striker-Main/Soul Striker/Saved/Level_198C26AB54C104C728EBB6089A951DBD5.tmp' to 'D:/SoulStriker_MainFolder/Soul-Striker-Main/Soul Striker/Content/Maps/Level_1.umap'
[2017.03.29-13.05.20:780][927]LogSavePackage:Display: Finished SavePackage D:/SoulStriker_MainFolder/Soul-Striker-Main/Soul Striker/Content/Maps/Level_1.umap
[2017.03.29-13.05.23:579][ 36]LogWindowsTextInputMethodSystem:Display: IME system now deactivated.
[2017.03.29-13.05.23:579][ 36]LogWindowsTextInputMethodSystem:Display: IME system now deactivated.
[2017.03.29-13.05.23:805][ 37]Cmd: QUIT_EDITOR
[2017.03.29-13.05.24:719][ 37]LogExit: Preparing to exit.
[2017.03.29-13.05.25:500][ 37]LogExit: Editor shut down
[2017.03.29-13.05.25:500][ 37]LogExit: Transaction tracking system shut down
[2017.03.29-13.05.25:651][ 37]LogObj: Freed 0b from 0 cluster array pools.
[2017.03.29-13.05.25:651][ 37]LogExit: Object subsystem successfully closed.
[2017.03.29-13.05.25:673][ 37]LogD3D11RHI: Shutdown
[2017.03.29-13.05.25:673][ 37]LogD3D11RHI: CleanupD3DDevice
[2017.03.29-13.05.25:761][ 37]LogD3D11RHI: ~FD3D11DynamicRHI
[2017.03.29-13.05.25:776][ 37]LogModuleManager: Shutting down and abandoning module StaticMeshEditor (218)
[2017.03.29-13.05.25:776][ 37]LogModuleManager: Shutting down and abandoning module BlueprintGraph (217)
[2017.03.29-13.05.25:776][ 37]LogModuleManager: Shutting down and abandoning module MovieSceneCapture (216)
[2017.03.29-13.05.25:776][ 37]LogModuleManager: Shutting down and abandoning module HierarchicalLODOutliner (215)
[2017.03.29-13.05.25:776][ 37]LogModuleManager: Shutting down and abandoning module CrashTracker (214)
[2017.03.29-13.05.25:776][ 37]LogModuleManager: Shutting down and abandoning module SceneOutliner (213)
[2017.03.29-13.05.25:776][ 37]LogModuleManager: Shutting down and abandoning module WidgetCarousel (212)
[2017.03.29-13.05.25:776][ 37]LogModuleManager: Shutting down and abandoning module AddContentDialog (211)
[2017.03.29-13.05.25:777][ 37]LogModuleManager: Shutting down and abandoning module GameplayTags (210)
[2017.03.29-13.05.25:777][ 37]LogModuleManager: Shutting down and abandoning module EditorWidgets (209)
[2017.03.29-13.05.25:777][ 37]LogModuleManager: Shutting down and abandoning module CollectionManager (208)
[2017.03.29-13.05.25:777][ 37]LogModuleManager: Shutting down and abandoning module StatsViewer (207)
[2017.03.29-13.05.25:777][ 37]LogModuleManager: Shutting down and abandoning module FoliageEdit (206)
[2017.03.29-13.05.25:777][ 37]LogModuleManager: Shutting down and abandoning module LandscapeEditor (205)
[2017.03.29-13.05.25:777][ 37]LogModuleManager: Shutting down and abandoning module SceneDepthPickerMode (204)
[2017.03.29-13.05.25:777][ 37]LogModuleManager: Shutting down and abandoning module ActorPickerMode (203)
[2017.03.29-13.05.25:777][ 37]LogModuleManager: Shutting down and abandoning module GeometryMode (202)
[2017.03.29-13.05.25:777][ 37]LogModuleManager: Shutting down and abandoning module TextureAlignMode (201)
[2017.03.29-13.05.25:777][ 37]LogModuleManager: Shutting down and abandoning module BspMode (200)
[2017.03.29-13.05.25:777][ 37]LogModuleManager: Shutting down and abandoning module HardwareSurvey (199)
[2017.03.29-13.05.25:777][ 37]LogModuleManager: Shutting down and abandoning module SequenceRecorderSections (198)
[2017.03.29-13.05.25:777][ 37]LogModuleManager: Shutting down and abandoning module SequenceRecorder (197)
[2017.03.29-13.05.25:778][ 37]LogModuleManager: Shutting down and abandoning module AutomationWorker (196)
[2017.03.29-13.05.25:778][ 37]LogModuleManager: Shutting down and abandoning module MatineeToLevelSequence (195)
[2017.03.29-13.05.25:778][ 37]LogModuleManager: Shutting down and abandoning module PlacementMode (194)
[2017.03.29-13.05.25:778][ 37]LogModuleManager: Shutting down and abandoning module LevelSequenceEditor (193)
[2017.03.29-13.05.25:778][ 37]LogModuleManager: Shutting down and abandoning module CharacterAI (192)
[2017.03.29-13.05.25:778][ 37]LogModuleManager: Shutting down and abandoning module SmartSnapping (191)
[2017.03.29-13.05.25:778][ 37]LogModuleManager: Shutting down and abandoning module SessionServices (190)
[2017.03.29-13.05.25:778][ 37]LogModuleManager: Shutting down and abandoning module ViewportSnapping (189)
[2017.03.29-13.05.25:778][ 37]LogModuleManager: Shutting down and abandoning module LogVisualizer (188)
[2017.03.29-13.05.25:778][ 37]LogModuleManager: Shutting down and abandoning module GameProjectGeneration (187)
[2017.03.29-13.05.25:778][ 37]LogModuleManager: Shutting down and abandoning module IntroTutorials (186)
[2017.03.29-13.05.25:778][ 37]LogModuleManager: Shutting down and abandoning module EditorLiveStreaming (185)
[2017.03.29-13.05.25:778][ 37]LogModuleManager: Shutting down and abandoning module IOSPlatformEditor (184)
[2017.03.29-13.05.25:778][ 37]LogModuleManager: Shutting down and abandoning module HTML5PlatformEditor (183)
[2017.03.29-13.05.25:778][ 37]LogModuleManager: Shutting down and abandoning module AndroidDeviceDetection (182)
[2017.03.29-13.05.26:302][ 37]LogModuleManager: Shutting down and abandoning module AndroidPlatformEditor (181)
[2017.03.29-13.05.26:302][ 37]LogModuleManager: Shutting down and abandoning module IOSRuntimeSettings (180)
[2017.03.29-13.05.26:302][ 37]LogModuleManager: Shutting down and abandoning module AndroidRuntimeSettings (179)
[2017.03.29-13.05.26:302][ 37]LogModuleManager: Shutting down and abandoning module MergeActors (178)
[2017.03.29-13.05.26:302][ 37]LogModuleManager: Shutting down and abandoning module SizeMap (177)
[2017.03.29-13.05.26:302][ 37]LogModuleManager: Shutting down and abandoning module TreeMap (176)
[2017.03.29-13.05.26:302][ 37]LogModuleManager: Shutting down and abandoning module ReferenceViewer (175)
[2017.03.29-13.05.26:302][ 37]LogModuleManager: Shutting down and abandoning module LocalizationService (174)
[2017.03.29-13.05.26:302][ 37]LogModuleManager: Shutting down and abandoning module LocalizationDashboard (173)
[2017.03.29-13.05.26:302][ 37]LogModuleManager: Shutting down and abandoning module HardwareTargeting (172)
[2017.03.29-13.05.26:302][ 37]LogModuleManager: Shutting down and abandoning module DeviceProfileEditor (171)
[2017.03.29-13.05.26:302][ 37]LogModuleManager: Shutting down and abandoning module UndoHistory (170)
[2017.03.29-13.05.26:302][ 37]LogModuleManager: Shutting down and abandoning module UserFeedback (169)
[2017.03.29-13.05.26:303][ 37]LogModuleManager: Shutting down and abandoning module XmlParser (168)
[2017.03.29-13.05.26:303][ 37]LogModuleManager: Shutting down and abandoning module Blutility (167)
[2017.03.29-13.05.26:303][ 37]LogModuleManager: Shutting down and abandoning module ProjectTargetPlatformEditor (166)
[2017.03.29-13.05.26:303][ 37]LogModuleManager: Shutting down and abandoning module ProjectSettingsViewer (165)
[2017.03.29-13.05.26:303][ 37]LogModuleManager: Shutting down and abandoning module InputBindingEditor (164)
[2017.03.29-13.05.26:303][ 37]LogModuleManager: Shutting down and abandoning module EditorSettingsViewer (163)
[2017.03.29-13.05.26:304][ 37]LogModuleManager: Shutting down and abandoning module SettingsEditor (162)
[2017.03.29-13.05.26:304][ 37]LogModuleManager: Shutting down and abandoning module ProjectLauncher (161)
[2017.03.29-13.05.26:304][ 37]LogModuleManager: Shutting down and abandoning module SessionFrontend (160)
[2017.03.29-13.05.26:304][ 37]LogModuleManager: Shutting down and abandoning module ProfilerClient (159)
[2017.03.29-13.05.26:304][ 37]LogModuleManager: Shutting down and abandoning module TargetDeviceServices (158)
[2017.03.29-13.05.26:304][ 37]LogModuleManager: Shutting down and abandoning module DeviceManager (157)
[2017.03.29-13.05.26:359][ 37]LogModuleManager: Shutting down and abandoning module AutomationController (156)
[2017.03.29-13.05.26:359][ 37]LogModuleManager: Shutting down and abandoning module AutomationWindow (155)
[2017.03.29-13.05.26:359][ 37]LogModuleManager: Shutting down and abandoning module Layers (154)
[2017.03.29-13.05.26:359][ 37]LogModuleManager: Shutting down and abandoning module ComponentVisualizers (153)
[2017.03.29-13.05.26:359][ 37]LogModuleManager: Shutting down and abandoning module DetailCustomizations (152)
[2017.03.29-13.05.26:359][ 37]LogModuleManager: Shutting down and abandoning module PackagesDialog (151)
[2017.03.29-13.05.26:359][ 37]LogModuleManager: Shutting down and abandoning module Persona (150)
[2017.03.29-13.05.26:360][ 37]LogModuleManager: Shutting down and abandoning module Kismet (149)
[2017.03.29-13.05.26:360][ 37]LogModuleManager: Shutting down and abandoning module GraphEditor (148)
[2017.03.29-13.05.26:360][ 37]LogModuleManager: Shutting down and abandoning module ClassViewer (147)
[2017.03.29-13.05.26:360][ 37]LogModuleManager: Shutting down and abandoning module Toolbox (146)
[2017.03.29-13.05.26:360][ 37]LogModuleManager: Shutting down and abandoning module ModuleUI (145)
[2017.03.29-13.05.26:360][ 37]LogModuleManager: Shutting down and abandoning module MovieSceneTools (144)
[2017.03.29-13.05.26:360][ 37]LogModuleManager: Shutting down and abandoning module OutputLog (143)
[2017.03.29-13.05.26:360][ 37]LogModuleManager: Shutting down and abandoning module GammaUI (142)
[2017.03.29-13.05.26:360][ 37]LogModuleManager: Shutting down and abandoning module Documentation (141)
[2017.03.29-13.05.26:360][ 37]LogModuleManager: Shutting down and abandoning module StreamingPauseRendering (140)
[2017.03.29-13.05.26:360][ 37]LogModuleManager: Shutting down and abandoning module AnalyticsET (139)
[2017.03.29-13.05.26:360][ 37]LogModuleManager: Shutting down and abandoning module Analytics (138)
[2017.03.29-13.05.26:360][ 37]LogModuleManager: Shutting down and abandoning module PortalServices (137)
[2017.03.29-13.05.26:360][ 37]LogModuleManager: Shutting down and abandoning module PortalRpc (136)
[2017.03.29-13.05.26:360][ 37]LogModuleManager: Shutting down and abandoning module MessagingRpc (135)
[2017.03.29-13.05.26:360][ 37]LogModuleManager: Shutting down and abandoning module GameplayDebugger (134)
[2017.03.29-13.05.26:360][ 37]LogModuleManager: Shutting down and abandoning module AITestSuite (133)
[2017.03.29-13.05.26:360][ 37]LogModuleManager: Shutting down and abandoning module AIModule (132)
[2017.03.29-13.05.26:360][ 37]LogModuleManager: Shutting down and abandoning module ProfilerService (131)
[2017.03.29-13.05.26:386][ 37]LogModuleManager: Shutting down and abandoning module TaskGraph (130)
[2017.03.29-13.05.26:386][ 37]LogModuleManager: Shutting down and abandoning module SubstanceEditor (129)
[2017.03.29-13.05.26:386][ 37]LogModuleManager: Shutting down and abandoning module SlateRemote (128)
[2017.03.29-13.05.26:386][ 37]LogModuleManager: Shutting down and abandoning module SteamVRController (127)
[2017.03.29-13.05.26:386][ 37]LogModuleManager: Shutting down and abandoning module SteamVR (126)
[2017.03.29-13.05.26:386][ 37]LogModuleManager: Shutting down and abandoning module ProceduralMeshComponent (125)
[2017.03.29-13.05.26:386][ 37]LogModuleManager: Shutting down and abandoning module OculusLibrary (124)
[2017.03.29-13.05.26:386][ 37]LogModuleManager: Shutting down and abandoning module OculusInput (123)
[2017.03.29-13.05.26:387][ 37]LogModuleManager: Shutting down and abandoning module CustomMeshComponent (122)
[2017.03.29-13.05.26:387][ 37]LogModuleManager: Shutting down and abandoning module CableComponent (121)
[2017.03.29-13.05.26:387][ 37]LogModuleManager: Shutting down and abandoning module ArchVisCharacter (120)
[2017.03.29-13.05.26:387][ 37]LogModuleManager: Shutting down and abandoning module MediaPlayerEditor (119)
[2017.03.29-13.05.26:387][ 37]LogModuleManager: Shutting down and abandoning module HTML5Networking (118)
[2017.03.29-13.05.26:387][ 37]LogModuleManager: Shutting down and abandoning module SuperSearch (117)
[2017.03.29-13.05.26:387][ 37]LogModuleManager: Shutting down and abandoning module SuperSearchEditor (116)
[2017.03.29-13.05.26:387][ 37]LogModuleManager: Shutting down and abandoning module SpeedTreeImporter (115)
[2017.03.29-13.05.26:387][ 37]LogModuleManager: Shutting down and abandoning module PluginBrowser (114)
[2017.03.29-13.05.26:387][ 37]LogModuleManager: Shutting down and abandoning module EpicSurvey (113)
[2017.03.29-13.05.26:387][ 37]LogModuleManager: Shutting down and abandoning module DesktopPlatform (112)
[2017.03.29-13.05.26:387][ 37]LogModuleManager: Shutting down and abandoning module VisualStudioSourceCodeAccess (111)
[2017.03.29-13.05.26:387][ 37]LogModuleManager: Shutting down and abandoning module UObjectPlugin (110)
[2017.03.29-13.05.26:387][ 37]LogModuleManager: Shutting down and abandoning module SubversionSourceControl (109)
[2017.03.29-13.05.26:387][ 37]LogModuleManager: Shutting down and abandoning module PerforceSourceControl (108)
[2017.03.29-13.05.26:387][ 37]LogModuleManager: Shutting down and abandoning module SourceControl (107)
[2017.03.29-13.05.26:388][ 37]LogModuleManager: Shutting down and abandoning module GitSourceControl (106)
[2017.03.29-13.05.26:388][ 37]LogModuleManager: Shutting down and abandoning module LightPropagationVolumeEditor (105)
[2017.03.29-13.05.26:388][ 37]LogModuleManager: Shutting down and abandoning module PaperTiledImporter (104)
[2017.03.29-13.05.26:388][ 37]LogModuleManager: Shutting down and abandoning module PaperSpriteSheetImporter (103)
[2017.03.29-13.05.26:388][ 37]LogModuleManager: Shutting down and abandoning module MeshPaint (102)
[2017.03.29-13.05.26:388][ 37]LogModuleManager: Shutting down and abandoning module PixelInspectorModule (101)
[2017.03.29-13.05.26:388][ 37]LogModuleManager: Shutting down and abandoning module HotReload (100)
[2017.03.29-13.05.26:389][ 37]LogModuleManager: Shutting down and abandoning module MainFrame (99)
[2017.03.29-13.05.26:389][ 37]LogModuleManager: Shutting down and abandoning module LevelEditor (98)
[2017.03.29-13.05.26:391][ 37]LogModuleManager: Shutting down and abandoning module ContentBrowser (97)
[2017.03.29-13.05.26:393][ 37]LogModuleManager: Shutting down and abandoning module Paper2DEditor (96)
[2017.03.29-13.05.26:393][ 37]LogModuleManager: Shutting down and abandoning module UdpMessaging (95)
[2017.03.29-13.05.26:495][ 37]LogModuleManager: Shutting down and abandoning module SubstanceCore (94)
[2017.03.29-13.05.26:495][ 37]LogModuleManager: Shutting down and abandoning module LightPropagationVolumeRuntime (93)
[2017.03.29-13.05.26:495][ 37]LogModuleManager: Shutting down and abandoning module Paper2D (92)
[2017.03.29-13.05.26:495][ 37]LogModuleManager: Shutting down and abandoning module WindowsMoviePlayer (91)
[2017.03.29-13.05.26:495][ 37]LogModuleManager: Shutting down and abandoning module Media (90)
[2017.03.29-13.05.26:495][ 37]LogModuleManager: Shutting down and abandoning module WmfMedia (89)
[2017.03.29-13.05.26:495][ 37]LogModuleManager: Shutting down and abandoning module MediaAssets (88)
[2017.03.29-13.05.26:495][ 37]LogModuleManager: Shutting down and abandoning module GameLiveStreaming (87)
[2017.03.29-13.05.26:495][ 37]LogModuleManager: Shutting down and abandoning module GameplayTagsEditor (86)
[2017.03.29-13.05.26:495][ 37]LogModuleManager: Shutting down and abandoning module OnlineBlueprintSupport (85)
[2017.03.29-13.05.26:495][ 37]LogModuleManager: Shutting down and abandoning module VREditor (84)
[2017.03.29-13.05.26:495][ 37]LogModuleManager: Shutting down and abandoning module GameplayTasksEditor (83)
[2017.03.29-13.05.26:495][ 37]LogModuleManager: Shutting down and abandoning module PropertyEditor (82)
[2017.03.29-13.05.26:495][ 37]LogModuleManager: Shutting down and abandoning module BehaviorTreeEditor (81)
[2017.03.29-13.05.26:495][ 37]LogModuleManager: Shutting down and abandoning module FunctionalTesting (80)
[2017.03.29-13.05.26:495][ 37]LogModuleManager: Shutting down and abandoning module CollisionAnalyzer (79)
[2017.03.29-13.05.26:495][ 37]LogModuleManager: Shutting down and abandoning module Sequencer (78)
[2017.03.29-13.05.26:495][ 37]LogModuleManager: Shutting down and abandoning module WorkspaceMenuStructure (77)
[2017.03.29-13.05.26:495][ 37]LogModuleManager: Shutting down and abandoning module MessageLog (76)
[2017.03.29-13.05.26:495][ 37]LogModuleManager: Shutting down and abandoning module AssetTools (75)
[2017.03.29-13.05.26:495][ 37]LogModuleManager: Shutting down and abandoning module UMGEditor (74)
[2017.03.29-13.05.26:495][ 37]LogModuleManager: Shutting down and abandoning module UMG (73)
[2017.03.29-13.05.26:495][ 37]LogModuleManager: Shutting down and abandoning module SlateReflector (72)
[2017.03.29-13.05.26:496][ 37]LogModuleManager: Shutting down and abandoning module Slate (71)
[2017.03.29-13.05.26:496][ 37]LogModuleManager: Shutting down and abandoning module EditorStyle (70)
[2017.03.29-13.05.26:498][ 37]LogModuleManager: Shutting down and abandoning module SourceCodeAccess (69)
[2017.03.29-13.05.26:498][ 37]LogModuleManager: Shutting down and abandoning module HeadMountedDisplay (68)
[2017.03.29-13.05.26:498][ 37]LogModuleManager: Shutting down and abandoning module XAudio2 (67)
[2017.03.29-13.05.26:498][ 37]LogModuleManager: Shutting down and abandoning module Networking (65)
[2017.03.29-13.05.26:498][ 37]LogModuleManager: Shutting down and abandoning module Core (64)
[2017.03.29-13.05.26:498][ 37]LogModuleManager: Shutting down and abandoning module DirectoryWatcher (63)
[2017.03.29-13.05.26:499][ 37]LogModuleManager: Shutting down and abandoning module AssetRegistry (62)
[2017.03.29-13.05.26:686][ 37]LogModuleManager: Shutting down and abandoning module KismetCompiler (61)
[2017.03.29-13.05.26:686][ 37]LogModuleManager: Shutting down and abandoning module PhysXFormats (60)
[2017.03.29-13.05.26:686][ 37]LogModuleManager: Shutting down and abandoning module MeshUtilities (59)
[2017.03.29-13.05.26:686][ 37]LogModuleManager: Shutting down and abandoning module DerivedDataCache (58)
[2017.03.29-13.05.26:771][ 37]LogDerivedDataCache: Shutdown
[2017.03.29-13.05.26:771][ 37]LogModuleManager: Shutting down and abandoning module VulkanShaderFormat (57)
[2017.03.29-13.05.26:771][ 37]LogModuleManager: Shutting down and abandoning module ShaderFormatOpenGL (56)
[2017.03.29-13.05.26:771][ 37]LogModuleManager: Shutting down and abandoning module ShaderFormatD3D (55)
[2017.03.29-13.05.26:771][ 37]LogModuleManager: Shutting down and abandoning module MetalShaderFormat (54)
[2017.03.29-13.05.26:771][ 37]LogModuleManager: Shutting down and abandoning module TextureFormatUncompressed (53)
[2017.03.29-13.05.26:771][ 37]LogModuleManager: Shutting down and abandoning module TextureFormatPVR (52)
[2017.03.29-13.05.26:771][ 37]LogModuleManager: Shutting down and abandoning module TextureFormatIntelISPCTexComp (51)
[2017.03.29-13.05.26:771][ 37]LogModuleManager: Shutting down and abandoning module TextureFormatDXT (50)
[2017.03.29-13.05.26:771][ 37]LogModuleManager: Shutting down and abandoning module ImageWrapper (49)
[2017.03.29-13.05.26:771][ 37]LogModuleManager: Shutting down and abandoning module TextureFormatASTC (48)
[2017.03.29-13.05.26:771][ 37]LogModuleManager: Shutting down and abandoning module TextureFormatAndroid (47)
[2017.03.29-13.05.26:771][ 37]LogModuleManager: Shutting down and abandoning module AudioFormatOpus (46)
[2017.03.29-13.05.26:771][ 37]LogModuleManager: Shutting down and abandoning module AudioFormatOgg (45)
[2017.03.29-13.05.26:771][ 37]LogModuleManager: Shutting down and abandoning module AudioFormatADPCM (44)
[2017.03.29-13.05.26:771][ 37]LogModuleManager: Shutting down and abandoning module LinuxTargetPlatform (43)
[2017.03.29-13.05.26:771][ 37]LogModuleManager: Shutting down and abandoning module LinuxServerTargetPlatform (42)
[2017.03.29-13.05.26:771][ 37]LogModuleManager: Shutting down and abandoning module LinuxNoEditorTargetPlatform (41)
[2017.03.29-13.05.26:771][ 37]LogModuleManager: Shutting down and abandoning module TVOSTargetPlatform (40)
[2017.03.29-13.05.26:771][ 37]LogModuleManager: Shutting down and abandoning module Messaging (39)
[2017.03.29-13.05.26:771][ 37]LogModuleManager: Shutting down and abandoning module IOSTargetPlatform (38)
[2017.03.29-13.05.26:771][ 37]LogModuleManager: Shutting down and abandoning module HTML5TargetPlatform (37)
[2017.03.29-13.05.26:771][ 37]LogModuleManager: Shutting down and abandoning module Android_PVRTCTargetPlatform (36)
[2017.03.29-13.05.26:771][ 37]LogModuleManager: Shutting down and abandoning module Android_MultiTargetPlatform (35)
[2017.03.29-13.05.26:771][ 37]LogModuleManager: Shutting down and abandoning module Android_ETC2TargetPlatform (34)
[2017.03.29-13.05.26:771][ 37]LogModuleManager: Shutting down and abandoning module Android_ETC1TargetPlatform (33)
[2017.03.29-13.05.26:772][ 37]LogModuleManager: Shutting down and abandoning module Android_DXTTargetPlatform (32)
[2017.03.29-13.05.26:772][ 37]LogModuleManager: Shutting down and abandoning module Android_ATCTargetPlatform (31)
[2017.03.29-13.05.26:772][ 37]LogModuleManager: Shutting down and abandoning module Android_ASTCTargetPlatform (30)
[2017.03.29-13.05.26:772][ 37]LogModuleManager: Shutting down and abandoning module AndroidTargetPlatform (29)
[2017.03.29-13.05.26:772][ 37]LogModuleManager: Shutting down and abandoning module WindowsTargetPlatform (28)
[2017.03.29-13.05.26:772][ 37]LogModuleManager: Shutting down and abandoning module WindowsServerTargetPlatform (27)
[2017.03.29-13.05.26:772][ 37]LogModuleManager: Shutting down and abandoning module WindowsNoEditorTargetPlatform (26)
[2017.03.29-13.05.26:772][ 37]LogModuleManager: Shutting down and abandoning module WindowsClientTargetPlatform (25)
[2017.03.29-13.05.26:772][ 37]LogModuleManager: Shutting down and abandoning module AllDesktopTargetPlatform (24)
[2017.03.29-13.05.26:772][ 37]LogModuleManager: Shutting down and abandoning module TargetPlatform (23)
[2017.03.29-13.05.26:772][ 37]LogModuleManager: Shutting down and abandoning module InputCore (22)
[2017.03.29-13.05.26:772][ 37]LogModuleManager: Shutting down and abandoning module Settings (21)
[2017.03.29-13.05.26:772][ 37]LogModuleManager: Shutting down and abandoning module OnlineSubsystem (19)
[2017.03.29-13.05.26:772][ 37]LogModuleManager: Shutting down and abandoning module HTTP (18)
[2017.03.29-13.05.30:780][ 37]LogModuleManager: Shutting down and abandoning module XMPP (17)
[2017.03.29-13.05.30:780][ 37]LogModuleManager: Shutting down and abandoning module OculusRift (16)
[2017.03.29-13.05.30:780][ 37]LogModuleManager: Shutting down and abandoning module ExampleDeviceProfileSelector (15)
[2017.03.29-13.05.30:780][ 37]LogModuleManager: Shutting down and abandoning module TextureCompressor (14)
[2017.03.29-13.05.30:780][ 37]LogModuleManager: Shutting down and abandoning module ShaderCore (13)
[2017.03.29-13.05.30:780][ 37]LogModuleManager: Shutting down and abandoning module Landscape (12)
[2017.03.29-13.05.30:780][ 37]LogModuleManager: Shutting down and abandoning module SlateRHIRenderer (11)
[2017.03.29-13.05.30:781][ 37]LogModuleManager: Shutting down and abandoning module OpenGLDrv (10)
[2017.03.29-13.05.30:782][ 37]LogModuleManager: Shutting down and abandoning module D3D11RHI (9)
[2017.03.29-13.05.30:782][ 37]LogModuleManager: Shutting down and abandoning module AnimGraphRuntime (8)
[2017.03.29-13.05.30:782][ 37]LogModuleManager: Shutting down and abandoning module Renderer (7)
[2017.03.29-13.05.30:782][ 37]LogModuleManager: Shutting down and abandoning module Engine (6)
[2017.03.29-13.05.30:782][ 37]LogModuleManager: Shutting down and abandoning module CoreUObject (5)
[2017.03.29-13.05.30:782][ 37]LogModuleManager: Shutting down and abandoning module NetworkFile (4)
[2017.03.29-13.05.30:782][ 37]LogModuleManager: Shutting down and abandoning module StreamingFile (3)
[2017.03.29-13.05.30:782][ 37]LogModuleManager: Shutting down and abandoning module SandboxFile (2)
[2017.03.29-13.05.30:782][ 37]LogModuleManager: Shutting down and abandoning module PakFile (1)
[2017.03.29-13.05.30:784][ 37]LogExit: Exiting.
[2017.03.29-13.05.30:811][ 37]Log file closed, 03/29/17 09:05:30
