Log file open, 03/09/17 01:00:27
LogInit:Display: Running engine for game: SoulStriker
LogPlatformFile: Not using cached read wrapper
LogInit:Display: RandInit(880152752) SRandInit(880152753).
LogTaskGraph: Started task graph with 4 named threads and 7 total threads with 1 sets of task threads.
LogStats: Stats thread started at 0.078210
LogInit: Version: 4.12.5-3039270+++UE4+Release-4.12
LogInit: API Version: 2992821
LogInit: Net Version: 3039270
LogDevObjectVersion: Number of dev versions registered: 13
LogDevObjectVersion:   Dev-Blueprints (B0D832E4-1F89-4F0D-ACCF-7EB736FD4AA2): 3
LogDevObjectVersion:   Dev-Build (E1C64328-A22C-4D53-A36C-8E866417BD8C): 0
LogDevObjectVersion:   Dev-Core (375EC13C-06E4-48FB-B500-84F0262A717E): 1
LogDevObjectVersion:   Dev-Editor (E4B068ED-F494-42E9-A231-DA0B2E46BB41): 2
LogDevObjectVersion:   Dev-Framework (CFFC743F-43B0-4480-9391-14DF171D2073): 6
LogDevObjectVersion:   Dev-Mobile (B02B49B5-BB20-44E9-A304-32B752E40360): 0
LogDevObjectVersion:   Dev-Networking (A4E4105C-59A1-49B5-A7C5-40C4547EDFEE): 0
LogDevObjectVersion:   Dev-Online (39C831C9-5AE6-47DC-9A44-9C173E1C8E7C): 0
LogDevObjectVersion:   Dev-Physics (78F01B33-EBEA-4F98-B9B4-84EACCB95AA2): 0
LogDevObjectVersion:   Dev-Platform (6631380F-2D4D-43E0-8009-CF276956A95A): 0
LogDevObjectVersion:   Dev-Rendering (12F88B9F-8875-4AFC-A67C-D90C383ABD29): 2
LogDevObjectVersion:   Dev-Sequencer (7B5AE74C-D270-4C10-A958-57980B212A5A): 0
LogDevObjectVersion:   Dev-VR (D7296918-1DD6-4BDD-9DE2-64A83CC13884): 0
LogInit: Compiled (64-bit): Jul  6 2016 09:09:46
LogInit: Compiled with Visual C++: 19.00.23026.00
LogInit: Build Configuration: Development
LogInit: Branch Name: ++UE4+Release-4.12
LogInit: Command line: -EpicPortal 
LogInit: Base directory: C:/Program Files (x86)/Epic Games/4.12/Engine/Binaries/Win64/
LogInit: Installed Engine Build: 1
LogInit: Using libcurl 7.41.0
LogInit:  - built for x86_64-pc-win32
LogInit:  - supports SSL with WinSSL
LogInit:  - other features:
LogInit:      CURL_VERSION_SSL
LogInit:      CURL_VERSION_IPV6
LogInit:      CURL_VERSION_ASYNCHDNS
LogInit:      CURL_VERSION_LARGEFILE
LogInit:      CURL_VERSION_IDN
LogInit:  CurlRequestOptions (configurable via config and command line):
LogInit:  - bVerifyPeer = true  - Libcurl will verify peer certificate
LogInit:  - bUseHttpProxy = false  - Libcurl will NOT use HTTP proxy
LogInit:  - bDontReuseConnections = false  - Libcurl will reuse connections
LogInit:  - CertBundlePath = nullptr  - Libcurl will use whatever was configured at build time.
LogInit: Presizing for max 8388607 objects, including 0 objects not considered by GC, pre-allocating 0 bytes for permanent pool.
LogInit: Object subsystem initialized
[2017.03.09-06.00.27:980][  0]LogInit: Selected Device Profile: [Windows]
[2017.03.09-06.00.27:980][  0]LogInit: Applying CVar settings loaded from the selected device profile: [Windows]
[2017.03.09-06.00.27:991][  0]LogInit: Computer: MSI
[2017.03.09-06.00.27:991][  0]LogInit: User: armorias
[2017.03.09-06.00.27:991][  0]LogInit: CPU Page size=65536, Cores=4
[2017.03.09-06.00.27:991][  0]LogInit: High frequency timer resolution =2.531251 MHz
[2017.03.09-06.00.27:991][  0]LogMemory: Memory total: Physical=11.9GB (12GB approx)
[2017.03.09-06.00.27:991][  0]LogMemory: Platform Memory Stats for Windows
[2017.03.09-06.00.27:991][  0]LogMemory: Process Physical Memory: 191.74 MB used, 191.74 MB peak
[2017.03.09-06.00.27:991][  0]LogMemory: Process Virtual Memory: 195.29 MB used, 195.29 MB peak
[2017.03.09-06.00.27:991][  0]LogMemory: Physical Memory: 7897.57 MB used, 12166.60 MB total
[2017.03.09-06.00.27:991][  0]LogMemory: Virtual Memory: 553.60 MB used, 134217728.00 MB total
[2017.03.09-06.00.28:021][  0]LogTextLocalizationManager: No specific translations for ('en-US') exist, so ('en') translations will be used.
[2017.03.09-06.00.28:484][  0]LogD3D11RHI: D3D11 adapters:
[2017.03.09-06.00.29:145][  0]LogD3D11RHI:    0. 'NVIDIA GeForce GTX 960M' (Feature Level 11_0)
[2017.03.09-06.00.29:145][  0]LogD3D11RHI:       2018/0/6083 MB DedicatedVideo/DedicatedSystem/SharedSystem, Outputs:2, VendorId:0x10de
[2017.03.09-06.00.29:152][  0]LogD3D11RHI:    1. 'Intel(R) HD Graphics 530' (Feature Level 11_0)
[2017.03.09-06.00.29:152][  0]LogD3D11RHI:       128/0/6083 MB DedicatedVideo/DedicatedSystem/SharedSystem, Outputs:0, VendorId:0x8086
[2017.03.09-06.00.29:153][  0]LogD3D11RHI:    2. 'Microsoft Basic Render Driver' (Feature Level 11_0)
[2017.03.09-06.00.29:153][  0]LogD3D11RHI:       0/0/6083 MB DedicatedVideo/DedicatedSystem/SharedSystem, Outputs:0, VendorId:0x1414
[2017.03.09-06.00.29:153][  0]LogD3D11RHI: Chosen D3D11 Adapter: 0
[2017.03.09-06.00.29:159][  0]LogD3D11RHI: Creating new Direct3DDevice
[2017.03.09-06.00.29:159][  0]LogD3D11RHI:     GPU DeviceId: 0x139b (for the marketing name, search the web for "GPU Device Id")
[2017.03.09-06.00.29:159][  0]LogWindows: EnumDisplayDevices:
[2017.03.09-06.00.29:160][  0]LogWindows:    0. 'Intel(R) HD Graphics 530' (P:0 D:1)
[2017.03.09-06.00.29:160][  0]LogWindows:    1. 'Intel(R) HD Graphics 530' (P:1 D:1)
[2017.03.09-06.00.29:160][  0]LogWindows:    2. 'Intel(R) HD Graphics 530' (P:0 D:0)
[2017.03.09-06.00.29:160][  0]LogWindows: DebugString: PrimaryIsNotTheChoosenAdapter PrimaryIsNotTheChoosenAdapter PrimaryIsNotTheChoosenAdapter FoundDriverCount:0 
[2017.03.09-06.00.29:160][  0]LogD3D11RHI:     Adapter Name: NVIDIA GeForce GTX 960M
[2017.03.09-06.00.29:160][  0]LogD3D11RHI:   Driver Version: Unknown (internal:Unknown, unified:Unknown)
[2017.03.09-06.00.29:160][  0]LogD3D11RHI:      Driver Date: Unknown
[2017.03.09-06.00.29:160][  0]LogRHI: Texture pool is 1361 MB (70% of 1945 MB)
[2017.03.09-06.00.29:890][  0]LogD3D11RHI: Async texture creation enabled
[2017.03.09-06.00.29:943][  0]LogD3D11RHI: GPU Timing Frequency: 1000.000000 (Debug: 2 1)
[2017.03.09-06.00.29:944][  0]LogShaderCompilers: Guid format shader working directory is -26 characters bigger than the processId version (../../../../../../Users/armorias/Documents/GitHub/Soul-Striker/Soul Striker/Intermediate/Shaders/WorkingDirectory/9148/).
[2017.03.09-06.00.29:944][  0]LogShaderCompilers: Cleaned the shader compiler working directory 'C:/Users/armorias/AppData/Local/Temp/UnrealShaderWorkingDir/C7E1264A4E1364B61ABC9B9AD2C5F592/'.
[2017.03.09-06.00.29:944][  0]LogShaderCompilers:Display: Using Local Shader Compiler.
[2017.03.09-06.00.31:047][  0]LogTemp:Display: Loaded TP AllDesktopTargetPlatform
[2017.03.09-06.00.31:057][  0]LogTemp:Display: Loaded TP WindowsClientTargetPlatform
[2017.03.09-06.00.31:068][  0]LogTemp:Display: Loaded TP WindowsNoEditorTargetPlatform
[2017.03.09-06.00.31:080][  0]LogTemp:Display: Loaded TP WindowsServerTargetPlatform
[2017.03.09-06.00.31:092][  0]LogTemp:Display: Loaded TP WindowsTargetPlatform
[2017.03.09-06.00.31:101][  0]LogTemp:Display: Loaded TP AndroidTargetPlatform
[2017.03.09-06.00.31:110][  0]LogTemp:Display: Loaded TP Android_ASTCTargetPlatform
[2017.03.09-06.00.31:125][  0]LogTemp:Display: Loaded TP Android_ATCTargetPlatform
[2017.03.09-06.00.31:137][  0]LogTemp:Display: Loaded TP Android_DXTTargetPlatform
[2017.03.09-06.00.31:152][  0]LogTemp:Display: Loaded TP Android_ETC1TargetPlatform
[2017.03.09-06.00.31:167][  0]LogTemp:Display: Loaded TP Android_ETC2TargetPlatform
[2017.03.09-06.00.31:194][  0]LogTemp:Display: Loaded TP Android_MultiTargetPlatform
[2017.03.09-06.00.31:194][  0]LogTemp:Display: Loaded TP Android_PVRTCTargetPlatform
[2017.03.09-06.00.31:195][  0]LogTemp:Display: Loaded TP HTML5TargetPlatform
[2017.03.09-06.00.31:220][  0]LogTemp:Display: Loaded TP IOSTargetPlatform
[2017.03.09-06.00.31:231][  0]LogTemp:Display: Loaded TP TVOSTargetPlatform
[2017.03.09-06.00.31:245][  0]LogTemp:Display: Loaded TP LinuxNoEditorTargetPlatform
[2017.03.09-06.00.31:258][  0]LogTemp:Display: Loaded TP LinuxServerTargetPlatform
[2017.03.09-06.00.31:272][  0]LogTemp:Display: Loaded TP LinuxTargetPlatform
[2017.03.09-06.00.31:272][  0]LogTargetPlatformManager:Display: Building Assets For Windows
[2017.03.09-06.00.31:388][  0]LogDerivedDataCache:Display: Max Cache Size: 512 MB
[2017.03.09-06.00.31:450][  0]LogDerivedDataCache: Loaded boot cache 0.06s 48MB C:/Users/armorias/AppData/Local/UnrealEngine/4.12/DerivedDataCache/Boot.ddc.
[2017.03.09-06.00.31:450][  0]LogDerivedDataCache:Display: Loaded Boot cache: C:/Users/armorias/AppData/Local/UnrealEngine/4.12/DerivedDataCache/Boot.ddc
[2017.03.09-06.00.31:450][  0]LogDerivedDataCache: FDerivedDataBackendGraph:  Pak pak cache file ../../../../../../Users/armorias/Documents/GitHub/Soul-Striker/Soul Striker/DerivedDataCache/DDC.ddp not found, will not use a pak cache.
[2017.03.09-06.00.31:450][  0]LogDerivedDataCache: Unable to find inner node Pak for hierarchical cache Hierarchy.
[2017.03.09-06.00.31:450][  0]LogDerivedDataCache: FDerivedDataBackendGraph:  CompressedPak pak cache file ../../../../../../Users/armorias/Documents/GitHub/Soul-Striker/Soul Striker/DerivedDataCache/Compressed.ddp not found, will not use a pak cache.
[2017.03.09-06.00.31:450][  0]LogDerivedDataCache: Unable to find inner node CompressedPak for hierarchical cache Hierarchy.
[2017.03.09-06.00.31:468][  0]LogDerivedDataCache:Display: Pak cache opened for reading ../../../Engine/DerivedDataCache/Compressed.ddp.
[2017.03.09-06.00.31:480][  0]LogDerivedDataCache: Using Local data cache path C:/Users/armorias/AppData/Local/UnrealEngine/Common/DerivedDataCache: Writable
[2017.03.09-06.00.31:697][  0]LogInit: Selected Device Profile: [Windows]
[2017.03.09-06.00.31:698][  0]LogContentStreaming: Texture pool size is 0.00 MB
[2017.03.09-06.00.31:893][  0]LogMeshUtilities: No automatic mesh reduction module available
[2017.03.09-06.00.31:893][  0]LogMeshUtilities: No automatic mesh merging module available
[2017.03.09-06.00.31:893][  0]LogMeshUtilities: No distributed automatic mesh merging module available
[2017.03.09-06.00.32:205][  0]LogAssetRegistry: FAssetRegistry took 0.0212 seconds to start up
[2017.03.09-06.00.32:247][  0]LogPackageLocalizationCache: Processed 3 localized package path(s) for 2 prioritized culture(s) in 0.039143 seconds
[2017.03.09-06.00.32:256][  0]LogUObjectArray: 28739 objects as part of root set at end of initial load.
[2017.03.09-06.00.32:256][  0]LogUObjectAllocator: 5855624 out of 0 bytes used by permanent object pool.
[2017.03.09-06.00.32:256][  0]LogUObjectArray: CloseDisregardForGC: 0/0 objects in disregard for GC pool
[2017.03.09-06.00.32:264][  0]LogInit: WinSock: version 1.1 (2.2), MaxSocks=32767, MaxUdp=65467
[2017.03.09-06.00.32:456][  0]LogSlate: SlateFontCache - WITH_FREETYPE: 1, WITH_HARFBUZZ: 1
[2017.03.09-06.00.32:456][  0]LogSlate: SlateFontCache - WITH_FREETYPE: 1, WITH_HARFBUZZ: 1
[2017.03.09-06.00.33:162][  0]LogSubstanceCoreModule: Substance CPU Engine Loaded, Max Texture Size 2048
[2017.03.09-06.00.33:171][  0]LogUdpMessaging: Initializing bridge on interface 0.0.0.0:0 to multicast group 230.0.0.1:6666.
[2017.03.09-06.00.33:407][  0]SourceControl: Info Source control is disabled
[2017.03.09-06.00.33:408][  0]SourceControl: Info Source control is disabled
[2017.03.09-06.00.33:417][  0]SourceControl: Info Source control is disabled
[2017.03.09-06.00.33:427][  0]SourceControl: Info Source control is disabled
[2017.03.09-06.00.33:667][  0]LogEngine: Initializing Engine...
[2017.03.09-06.00.33:667][  0]LogHMD: SteamVR failed to initialize.  Err: 110
[2017.03.09-06.00.33:668][  0]LogHMD: SteamVR failed to initialize.  Err: 110
[2017.03.09-06.00.33:812][  0]LogAIModule: Creating AISystem for world NewWorld
[2017.03.09-06.00.33:817][  0]LogInit: XAudio2 using 'Speakers (Realtek High Definition Audio)' : 2 channels at 48 kHz using 32 bits per sample (channel mask 0x3)
[2017.03.09-06.00.33:856][  0]LogInit: FAudioDevice initialized.
[2017.03.09-06.00.33:888][  0]LogDerivedDataCache: Saved boot cache 0.03s 48MB C:/Users/armorias/AppData/Local/UnrealEngine/4.12/DerivedDataCache/Boot.ddc.
[2017.03.09-06.00.33:898][  0]LogInit: Texture streaming: Enabled
[2017.03.09-06.00.33:926][  0]LogInit: Transaction tracking system initialized
[2017.03.09-06.00.33:952][  0]BlueprintLog: New page: Editor Load
[2017.03.09-06.00.34:038][  0]LocalizationService: Info Localization service is disabled
[2017.03.09-06.00.34:107][  0]LogConsoleResponse:Display: 
[2017.03.09-06.00.34:227][  0]LogCook:Display: Max memory allowance for cook 8192mb
[2017.03.09-06.00.34:227][  0]LogCook:Display: Mobile HDR setting 1
[2017.03.09-06.00.34:333][  0]LogFileCache: Scanning file cache for directory 'C:/Users/armorias/Documents/GitHub/Soul-Striker/Soul Striker/Content/' took 0.02s
[2017.03.09-06.00.34:333][  0]SourceControl: Info Source control is disabled
[2017.03.09-06.00.34:333][  0]Cmd: MAP LOAD FILE="../../../../../../Users/armorias/Documents/GitHub/Soul-Striker/Soul Striker/Content/ThirdPersonBP/Maps/ThirdPersonExampleMap.umap" TEMPLATE=0 SHOWPROGRESS=1 FEATURELEVEL=3
[2017.03.09-06.00.34:333][  0]LightingResults: New page: Lighting Build
[2017.03.09-06.00.34:336][  0]MapCheck: New page: Map Check
[2017.03.09-06.00.34:336][  0]LightingResults: New page: Lighting Build
[2017.03.09-06.00.36:078][  0]LogAIModule: Creating AISystem for world ThirdPersonExampleMap
[2017.03.09-06.00.36:203][  0]LogEditorServer: Finished looking for orphan Actors (0.000 secs)
[2017.03.09-06.00.36:204][  0]Cmd: MAP CHECKDEP NOCLEARLOG
[2017.03.09-06.00.36:266][  0]MapCheck: Info Map check complete: 0 Error(s), 0 Warning(s), took 61.748ms to complete.
[2017.03.09-06.00.36:266][  0]LogFileHelpers: Loading map 'ThirdPersonExampleMap' took 1.933
[2017.03.09-06.00.36:512][  0]LogCollectionManager: Loaded 0 collections in 0.002351 seconds
[2017.03.09-06.00.36:556][  0]LogFileCache: Scanning file cache for directory 'C:/Users/armorias/Documents/GitHub/Soul-Striker/Soul Striker/Saved/Collections/' took 0.01s
[2017.03.09-06.00.36:556][  0]LogFileCache: Scanning file cache for directory 'C:/Users/armorias/Documents/GitHub/Soul-Striker/Soul Striker/Content/Developers/armorias/Collections/' took 0.01s
[2017.03.09-06.00.36:556][  0]LogFileCache: Scanning file cache for directory 'C:/Users/armorias/Documents/GitHub/Soul-Striker/Soul Striker/Content/Collections/' took 0.01s
[2017.03.09-06.00.36:556][  0]LogCollectionManager: Rebuilt the GUID cache for 0 collections in 0.000002 seconds
[2017.03.09-06.00.36:565][  0]LogContentBrowser: Native class hierarchy populated in 0.0081 seconds. Added 2062 classes and 375 folders.
[2017.03.09-06.00.36:568][  0]LogStats: UGameplayTagsManager::ConstructGameplayTagTree: Construct from data asset -  0.000 s
[2017.03.09-06.00.36:568][  0]LogStats: UGameplayTagsManager::ConstructGameplayTagTree: GameplayTagTreeChangedEvent.Broadcast -  0.000 s
[2017.03.09-06.00.36:569][  0]LogContentBrowser: Native class hierarchy updated for 'GameplayTags' in 0.0008 seconds. Added 12 classes and 0 folders.
[2017.03.09-06.00.36:575][  0]LogContentBrowser: Native class hierarchy updated for 'WidgetCarousel' in 0.0006 seconds. Added 0 classes and 0 folders.
[2017.03.09-06.00.36:616][  0]LogContentBrowser: Native class hierarchy updated for 'AddContentDialog' in 0.0004 seconds. Added 0 classes and 0 folders.
[2017.03.09-06.00.36:621][  0]LogContentBrowser: Native class hierarchy updated for 'SceneOutliner' in 0.0006 seconds. Added 1 classes and 2 folders.
[2017.03.09-06.00.36:693][  0]LogCrashTracker: Crashtracker disabled due to settings.
[2017.03.09-06.00.36:701][  0]LogUObjectGlobals:Warning: Failed to find object 'Class None.'
[2017.03.09-06.00.36:727][  0]LogContentBrowser: Native class hierarchy updated for 'HierarchicalLODOutliner' in 0.0006 seconds. Added 1 classes and 2 folders.
[2017.03.09-06.00.36:727][  0]LogLoad: Full Startup: 9.57 seconds (BP compile: 0.46 seconds)
[2017.03.09-06.00.36:727][  0]LogExternalProfiler: Found external profiler: VSPerf
[2017.03.09-06.00.36:727][  0]LogExternalProfiler: Using external profiler: VSPerf
[2017.03.09-06.00.37:133][  0]LogWindowsTextInputMethodSystem:Display: IME system now deactivated.
[2017.03.09-06.00.37:134][  0]LogOcInput: OculusInput pre-init called
[2017.03.09-06.00.37:169][  0]LogContentStreaming: Texture pool size now 700 MB
[2017.03.09-06.00.37:349][  0]LogRenderer: Reallocating scene render targets to support 1208x576 (Frame:2).
[2017.03.09-06.00.37:415][  1]LogFileCache: Retrieving MD5 hashes for directory 'C:/Users/armorias/Documents/GitHub/Soul-Striker/Soul Striker/Content/' took 0.27s
[2017.03.09-06.00.37:437][  1]LogAssetRegistry: Asset discovery search completed in 5.2528 seconds
[2017.03.09-06.00.37:437][  1]LogCollectionManager: Rebuilt the object cache for 0 collections in 0.000000 seconds (found 0 objects)
[2017.03.09-06.00.37:437][  1]LogCollectionManager: Fixed up redirectors for 0 collections in 0.000024 seconds (updated 0 objects)
[2017.03.09-06.00.58:049][193]LogEditorViewport: Clicking on Actor (LMB): KnightOfLight_C (KnightOfLight)
[2017.03.09-06.01.04:995][438]LogContentBrowser: Native class hierarchy updated for 'BlueprintGraph' in 0.0008 seconds. Added 111 classes and 0 folders.
[2017.03.09-06.06.03:331][836]BlueprintLog: New page: Compile KnightOfLight
[2017.03.09-06.06.03:718][836]BlueprintEditorCompileResults: Info [0336.56] Compile of KnightOfLight successful! [in 386 ms] (/Game/ThirdPersonBP/Blueprints/KnightOfLight.KnightOfLight)
[2017.03.09-06.06.04:813][840]LogSavePackage: Save=190.92ms
[2017.03.09-06.06.04:813][840]LogSavePackage: Moving '../../../../../../Users/armorias/Documents/GitHub/Soul-Striker/Soul Striker/Saved/KnightOfLight71D869514627883A7F74F494C8BF44E1.tmp' to '../../../../../../Users/armorias/Documents/GitHub/Soul-Striker/Soul Striker/Content/ThirdPersonBP/Blueprints/KnightOfLight.uasset'
[2017.03.09-06.06.04:816][840]LogSavePackage:Display: Finished SavePackage ../../../../../../Users/armorias/Documents/GitHub/Soul-Striker/Soul Striker/Content/ThirdPersonBP/Blueprints/KnightOfLight.uasset
[2017.03.09-06.06.10:161][954]LogSavePackage: Save=275.75ms
[2017.03.09-06.06.10:161][954]LogSavePackage: Moving '../../../../../../Users/armorias/Documents/GitHub/Soul-Striker/Soul Striker/Saved/ThirdPersonExampleMapAA486D1D42E55AA69CF8E89C45043DF4.tmp' to '../../../../../../Users/armorias/Documents/GitHub/Soul-Striker/Soul Striker/Content/ThirdPersonBP/Maps/ThirdPersonExampleMap.umap'
[2017.03.09-06.06.10:165][954]LogSavePackage:Display: Finished SavePackage ../../../../../../Users/armorias/Documents/GitHub/Soul-Striker/Soul Striker/Content/ThirdPersonBP/Maps/ThirdPersonExampleMap.umap
[2017.03.09-06.06.11:440][967]LogText:Warning: Failed to parse argument "GameModeName" as a number (using "0" as a fallback). Please check your format string for errors: "GameMode: Edit {GameModeName}".
[2017.03.09-06.06.11:440][967]LogText:Warning: Failed to parse argument "GameModeName" as a number (using "0" as a fallback). Please check your format string for errors: "GameMode: Edit {GameModeName}".
[2017.03.09-06.07.07:219][252]LogEditorViewport: Clicking on Actor (LMB): StaticMeshActor (Floor2)
[2017.03.09-06.07.08:092][258]LogEditorViewport: Clicking on Actor (LMB): KnightOfLight_C (KnightOfLight)
[2017.03.09-06.07.41:810][421]LogActorFactory: Actor Factory created shield_1_0
[2017.03.09-06.07.42:696][427]LogActorFactory: Actor Factory created shield_1_0
[2017.03.09-06.07.43:622][433]LogEditorViewport: Clicking on Actor (LMB): StaticMeshActor (shield_1_0)
[2017.03.09-06.09.19:873][947]LogEditorTransaction: Undo Promote To Variable
[2017.03.09-06.09.20:704][951]LogEditorTransaction: Undo Move Node
[2017.03.09-06.09.24:353][967]LogEditorTransaction: Undo Move Node
[2017.03.09-06.09.33:985][ 19]BlueprintLog: New page: Compile ThirdPersonExampleMap
[2017.03.09-06.09.34:170][ 19]BlueprintEditorCompileResults: Info [0547.01] Compile of PersistentLevel.ThirdPersonExampleMap successful! [in 184 ms] (/Game/ThirdPersonBP/Maps/ThirdPersonExampleMap.ThirdPersonExampleMap:PersistentLevel.ThirdPersonExampleMap)
[2017.03.09-06.10.01:755][125]LogSavePackage: Save=293.68ms
[2017.03.09-06.10.01:755][125]LogSavePackage: Moving '../../../../../../Users/armorias/Documents/GitHub/Soul-Striker/Soul Striker/Saved/ThirdPersonExampleMapF101464E46ECE2D03D171C85115A9204.tmp' to '../../../../../../Users/armorias/Documents/GitHub/Soul-Striker/Soul Striker/Content/ThirdPersonBP/Maps/ThirdPersonExampleMap.umap'
[2017.03.09-06.10.01:763][125]LogSavePackage:Display: Finished SavePackage ../../../../../../Users/armorias/Documents/GitHub/Soul-Striker/Soul Striker/Content/ThirdPersonBP/Maps/ThirdPersonExampleMap.umap
[2017.03.09-06.10.01:825][125]LogFileHelpers: Saving map 'ThirdPersonExampleMap' took 0.463
[2017.03.09-06.10.10:692][271]LogText:Warning: Failed to parse argument "GameModeName" as a number (using "0" as a fallback). Please check your format string for errors: "GameMode: Edit {GameModeName}".
[2017.03.09-06.10.10:692][271]LogText:Warning: Failed to parse argument "GameModeName" as a number (using "0" as a fallback). Please check your format string for errors: "GameMode: Edit {GameModeName}".
[2017.03.09-06.11.14:555][599]BlueprintLog: New page: Compile ThirdPersonExampleMap
[2017.03.09-06.11.14:763][599]BlueprintEditorCompileResults: Info [0647.60] Compile of PersistentLevel.ThirdPersonExampleMap successful! [in 208 ms] (/Game/ThirdPersonBP/Maps/ThirdPersonExampleMap.ThirdPersonExampleMap:PersistentLevel.ThirdPersonExampleMap)
[2017.03.09-06.11.19:114][615]LogSavePackage: Save=292.83ms
[2017.03.09-06.11.19:114][615]LogSavePackage: Moving '../../../../../../Users/armorias/Documents/GitHub/Soul-Striker/Soul Striker/Saved/ThirdPersonExampleMap1806D2464F9B09CF6EAA7494CDE0C317.tmp' to '../../../../../../Users/armorias/Documents/GitHub/Soul-Striker/Soul Striker/Content/ThirdPersonBP/Maps/ThirdPersonExampleMap.umap'
[2017.03.09-06.11.19:120][615]LogSavePackage:Display: Finished SavePackage ../../../../../../Users/armorias/Documents/GitHub/Soul-Striker/Soul Striker/Content/ThirdPersonBP/Maps/ThirdPersonExampleMap.umap
[2017.03.09-06.11.19:180][615]LogFileHelpers: Saving map 'ThirdPersonExampleMap' took 0.468
[2017.03.09-06.11.21:942][650]LogBlueprintUserMessages: Early PlayInEditor Detection: Level '/Game/ThirdPersonBP/Maps/ThirdPersonExampleMap.ThirdPersonExampleMap:PersistentLevel' has LevelScriptBlueprint '/Game/ThirdPersonBP/Maps/ThirdPersonExampleMap.ThirdPersonExampleMap:PersistentLevel.ThirdPersonExampleMap' with GeneratedClass '/Game/ThirdPersonBP/Maps/ThirdPersonExampleMap.ThirdPersonExampleMap_C' with ClassGeneratedBy '/Game/ThirdPersonBP/Maps/ThirdPersonExampleMap.ThirdPersonExampleMap:PersistentLevel.ThirdPersonExampleMap'
[2017.03.09-06.11.21:942][650]LogPlayLevel: PlayLevel: No blueprints needed recompiling
[2017.03.09-06.11.21:943][650]PIE: New page: PIE session: ThirdPersonExampleMap (Mar 8, 2017, 8:11:21 PM)
[2017.03.09-06.11.21:943][650]LogPlayLevel: Creating play world package: /Game/ThirdPersonBP/Maps/UEDPIE_0_ThirdPersonExampleMap
[2017.03.09-06.11.22:063][650]LogPlayLevel: PIE: StaticDuplicateObject took: (0.119783s)
[2017.03.09-06.11.22:064][650]LogAIModule: Creating AISystem for world ThirdPersonExampleMap
[2017.03.09-06.11.22:064][650]LogPlayLevel: PIE: World Init took: (0.001039s)
[2017.03.09-06.11.22:064][650]LogPlayLevel: PIE: Created PIE world by copying editor world from /Game/ThirdPersonBP/Maps/ThirdPersonExampleMap.ThirdPersonExampleMap to /Game/ThirdPersonBP/Maps/UEDPIE_0_ThirdPersonExampleMap.ThirdPersonExampleMap (0.121310s)
[2017.03.09-06.11.22:104][650]LogInit: XAudio2 using 'Speakers (Realtek High Definition Audio)' : 8 channels at 48 kHz using 32 bits per sample (channel mask 0x63f)
[2017.03.09-06.11.22:151][650]LogInit: FAudioDevice initialized.
[2017.03.09-06.11.22:223][650]LogWorld: Game class is 'SoulStrikerCampaign_C'
[2017.03.09-06.11.22:248][650]LogWorld: Bringing World /Game/ThirdPersonBP/Maps/UEDPIE_0_ThirdPersonExampleMap.ThirdPersonExampleMap up for play (max tick rate 60) at 2017.03.09-01.11.22
[2017.03.09-06.11.22:252][650]LogWorld: Bringing up level for play took: 0.026970
[2017.03.09-06.11.22:258][650]LogContentBrowser: Native class hierarchy updated for 'MovieSceneCapture' in 0.0005 seconds. Added 11 classes and 0 folders.
[2017.03.09-06.11.22:260][650]PIE: Info Play in editor start time for /Game/ThirdPersonBP/Maps/UEDPIE_0_ThirdPersonExampleMap 0.191
[2017.03.09-06.11.22:261][650]LogBlueprintUserMessages: Late PlayInEditor Detection: Level '/Game/ThirdPersonBP/Maps/ThirdPersonExampleMap.ThirdPersonExampleMap:PersistentLevel' has LevelScriptBlueprint '/Game/ThirdPersonBP/Maps/ThirdPersonExampleMap.ThirdPersonExampleMap:PersistentLevel.ThirdPersonExampleMap' with GeneratedClass '/Game/ThirdPersonBP/Maps/ThirdPersonExampleMap.ThirdPersonExampleMap_C' with ClassGeneratedBy '/Game/ThirdPersonBP/Maps/ThirdPersonExampleMap.ThirdPersonExampleMap:PersistentLevel.ThirdPersonExampleMap'
[2017.03.09-06.11.29:976][107]LogBlueprintUserMessages: Early EndPlayMap Detection: Level '/Game/ThirdPersonBP/Maps/ThirdPersonExampleMap.ThirdPersonExampleMap:PersistentLevel' has LevelScriptBlueprint '/Game/ThirdPersonBP/Maps/ThirdPersonExampleMap.ThirdPersonExampleMap:PersistentLevel.ThirdPersonExampleMap' with GeneratedClass '/Game/ThirdPersonBP/Maps/ThirdPersonExampleMap.ThirdPersonExampleMap_C' with ClassGeneratedBy '/Game/ThirdPersonBP/Maps/ThirdPersonExampleMap.ThirdPersonExampleMap:PersistentLevel.ThirdPersonExampleMap'
[2017.03.09-06.11.30:040][107]LogBlueprintUserMessages: Late EndPlayMap Detection: Level '/Game/ThirdPersonBP/Maps/ThirdPersonExampleMap.ThirdPersonExampleMap:PersistentLevel' has LevelScriptBlueprint '/Game/ThirdPersonBP/Maps/ThirdPersonExampleMap.ThirdPersonExampleMap:PersistentLevel.ThirdPersonExampleMap' with GeneratedClass '/Game/ThirdPersonBP/Maps/ThirdPersonExampleMap.ThirdPersonExampleMap_C' with ClassGeneratedBy '/Game/ThirdPersonBP/Maps/ThirdPersonExampleMap.ThirdPersonExampleMap:PersistentLevel.ThirdPersonExampleMap'
[2017.03.09-06.11.31:720][204]LogEditorViewport: Clicking on Actor (LMB): KnightOfLight_C (KnightOfLight)
[2017.03.09-06.11.34:269][233]LogSkeletalMesh: InitArticulated: Bodies already created (/Engine/Transient.DebugSkelMeshComponent_0) - call TermArticulated first.
[2017.03.09-06.11.47:451][306]LogRenderer: Reallocating scene render targets to support 1208x880 (Frame:5317).
[2017.03.09-06.12.20:265][582]LogSavePackage: Save=7.10ms
[2017.03.09-06.12.20:265][582]LogSavePackage: Moving '../../../../../../Users/armorias/Documents/GitHub/Soul-Striker/Soul Striker/Saved/paladin_idle_Skeleton598451034ACFDB9E6D34C0AF0E2171D8.tmp' to '../../../../../../Users/armorias/Documents/GitHub/Soul-Striker/Soul Striker/Content/bluePrints/Animations/paladin_idle_Skeleton.uasset'
[2017.03.09-06.12.20:268][582]LogSavePackage:Display: Finished SavePackage ../../../../../../Users/armorias/Documents/GitHub/Soul-Striker/Soul Striker/Content/bluePrints/Animations/paladin_idle_Skeleton.uasset
[2017.03.09-06.12.20:319][582]LogSavePackage: Save=22.02ms
[2017.03.09-06.12.20:319][582]LogSavePackage: Moving '../../../../../../Users/armorias/Documents/GitHub/Soul-Striker/Soul Striker/Saved/paladin_idle4094CA374B74AE98A1152289904C25AD.tmp' to '../../../../../../Users/armorias/Documents/GitHub/Soul-Striker/Soul Striker/Content/bluePrints/Animations/paladin_idle.uasset'
[2017.03.09-06.12.20:322][582]LogSavePackage:Display: Finished SavePackage ../../../../../../Users/armorias/Documents/GitHub/Soul-Striker/Soul Striker/Content/bluePrints/Animations/paladin_idle.uasset
[2017.03.09-06.12.23:031][669]LogActorComponent: RegisterComponentWithWorld: (/Engine/Transient.DebugSkelMeshComponent_0) Already registered. Aborting.
[2017.03.09-06.12.28:664][764]LogText:Warning: Failed to parse argument "GameModeName" as a number (using "0" as a fallback). Please check your format string for errors: "GameMode: Edit {GameModeName}".
[2017.03.09-06.12.28:664][764]LogText:Warning: Failed to parse argument "GameModeName" as a number (using "0" as a fallback). Please check your format string for errors: "GameMode: Edit {GameModeName}".
[2017.03.09-06.12.31:201][785]LogSkeletalMesh: InitArticulated: Bodies already created (/Engine/Transient.DebugSkelMeshComponent_1) - call TermArticulated first.
[2017.03.09-06.12.59:402][201]LogText:Warning: Failed to parse argument "GameModeName" as a number (using "0" as a fallback). Please check your format string for errors: "GameMode: Edit {GameModeName}".
[2017.03.09-06.12.59:402][201]LogText:Warning: Failed to parse argument "GameModeName" as a number (using "0" as a fallback). Please check your format string for errors: "GameMode: Edit {GameModeName}".
[2017.03.09-06.13.18:243][307]BlueprintLog: New page: Compile ThirdPersonExampleMap
[2017.03.09-06.13.18:347][307]BlueprintEditorCompileResults: Info [0771.19] Compile of PersistentLevel.ThirdPersonExampleMap successful! [in 104 ms] (/Game/ThirdPersonBP/Maps/ThirdPersonExampleMap.ThirdPersonExampleMap:PersistentLevel.ThirdPersonExampleMap)
[2017.03.09-06.13.19:356][313]BlueprintLog: New page: Compile ThirdPersonExampleMap
[2017.03.09-06.13.19:460][313]BlueprintEditorCompileResults: Info [0772.30] Compile of PersistentLevel.ThirdPersonExampleMap successful! [in 103 ms] (/Game/ThirdPersonBP/Maps/ThirdPersonExampleMap.ThirdPersonExampleMap:PersistentLevel.ThirdPersonExampleMap)
[2017.03.09-06.14.03:427][523]LogBlueprintUserMessages: Early PlayInEditor Detection: Level '/Game/ThirdPersonBP/Maps/ThirdPersonExampleMap.ThirdPersonExampleMap:PersistentLevel' has LevelScriptBlueprint '/Game/ThirdPersonBP/Maps/ThirdPersonExampleMap.ThirdPersonExampleMap:PersistentLevel.ThirdPersonExampleMap' with GeneratedClass '/Game/ThirdPersonBP/Maps/ThirdPersonExampleMap.ThirdPersonExampleMap_C' with ClassGeneratedBy '/Game/ThirdPersonBP/Maps/ThirdPersonExampleMap.ThirdPersonExampleMap:PersistentLevel.ThirdPersonExampleMap'
[2017.03.09-06.14.03:427][523]LogPlayLevel: PlayLevel: No blueprints needed recompiling
[2017.03.09-06.14.03:427][523]PIE: New page: PIE session: ThirdPersonExampleMap (Mar 8, 2017, 8:14:03 PM)
[2017.03.09-06.14.03:427][523]LogPlayLevel: Creating play world package: /Game/ThirdPersonBP/Maps/UEDPIE_0_ThirdPersonExampleMap
[2017.03.09-06.14.03:558][523]LogPlayLevel: PIE: StaticDuplicateObject took: (0.130751s)
[2017.03.09-06.14.03:559][523]LogAIModule: Creating AISystem for world ThirdPersonExampleMap
[2017.03.09-06.14.03:559][523]LogPlayLevel: PIE: World Init took: (0.001055s)
[2017.03.09-06.14.03:560][523]LogPlayLevel: PIE: Created PIE world by copying editor world from /Game/ThirdPersonBP/Maps/ThirdPersonExampleMap.ThirdPersonExampleMap to /Game/ThirdPersonBP/Maps/UEDPIE_0_ThirdPersonExampleMap.ThirdPersonExampleMap (0.132162s)
[2017.03.09-06.14.03:616][523]LogInit: XAudio2 using 'Speakers (Realtek High Definition Audio)' : 8 channels at 48 kHz using 32 bits per sample (channel mask 0x63f)
[2017.03.09-06.14.03:658][523]LogInit: FAudioDevice initialized.
[2017.03.09-06.14.03:715][523]LogWorld: Game class is 'SoulStrikerCampaign_C'
[2017.03.09-06.14.03:746][523]LogWorld: Bringing World /Game/ThirdPersonBP/Maps/UEDPIE_0_ThirdPersonExampleMap.ThirdPersonExampleMap up for play (max tick rate 60) at 2017.03.09-01.14.03
[2017.03.09-06.14.03:751][523]LogWorld: Bringing up level for play took: 0.034136
[2017.03.09-06.14.03:754][523]PIE: Info Play in editor start time for /Game/ThirdPersonBP/Maps/UEDPIE_0_ThirdPersonExampleMap -0.316
[2017.03.09-06.14.03:754][523]LogBlueprintUserMessages: Late PlayInEditor Detection: Level '/Game/ThirdPersonBP/Maps/ThirdPersonExampleMap.ThirdPersonExampleMap:PersistentLevel' has LevelScriptBlueprint '/Game/ThirdPersonBP/Maps/ThirdPersonExampleMap.ThirdPersonExampleMap:PersistentLevel.ThirdPersonExampleMap' with GeneratedClass '/Game/ThirdPersonBP/Maps/ThirdPersonExampleMap.ThirdPersonExampleMap_C' with ClassGeneratedBy '/Game/ThirdPersonBP/Maps/ThirdPersonExampleMap.ThirdPersonExampleMap:PersistentLevel.ThirdPersonExampleMap'
[2017.03.09-06.14.10:679][934]LogBlueprintUserMessages: Early EndPlayMap Detection: Level '/Game/ThirdPersonBP/Maps/ThirdPersonExampleMap.ThirdPersonExampleMap:PersistentLevel' has LevelScriptBlueprint '/Game/ThirdPersonBP/Maps/ThirdPersonExampleMap.ThirdPersonExampleMap:PersistentLevel.ThirdPersonExampleMap' with GeneratedClass '/Game/ThirdPersonBP/Maps/ThirdPersonExampleMap.ThirdPersonExampleMap_C' with ClassGeneratedBy '/Game/ThirdPersonBP/Maps/ThirdPersonExampleMap.ThirdPersonExampleMap:PersistentLevel.ThirdPersonExampleMap'
[2017.03.09-06.14.10:762][934]LogBlueprintUserMessages: Late EndPlayMap Detection: Level '/Game/ThirdPersonBP/Maps/ThirdPersonExampleMap.ThirdPersonExampleMap:PersistentLevel' has LevelScriptBlueprint '/Game/ThirdPersonBP/Maps/ThirdPersonExampleMap.ThirdPersonExampleMap:PersistentLevel.ThirdPersonExampleMap' with GeneratedClass '/Game/ThirdPersonBP/Maps/ThirdPersonExampleMap.ThirdPersonExampleMap_C' with ClassGeneratedBy '/Game/ThirdPersonBP/Maps/ThirdPersonExampleMap.ThirdPersonExampleMap:PersistentLevel.ThirdPersonExampleMap'
[2017.03.09-06.14.18:980][174]LogText:Warning: Failed to parse argument "GameModeName" as a number (using "0" as a fallback). Please check your format string for errors: "GameMode: Edit {GameModeName}".
[2017.03.09-06.14.18:981][174]LogText:Warning: Failed to parse argument "GameModeName" as a number (using "0" as a fallback). Please check your format string for errors: "GameMode: Edit {GameModeName}".
[2017.03.09-06.15.31:326][434]BlueprintLog: New page: Compile ThirdPersonExampleMap
[2017.03.09-06.15.31:524][434]BlueprintEditorCompileResults: Info [0904.36] Compile of PersistentLevel.ThirdPersonExampleMap successful! [in 197 ms] (/Game/ThirdPersonBP/Maps/ThirdPersonExampleMap.ThirdPersonExampleMap:PersistentLevel.ThirdPersonExampleMap)
[2017.03.09-06.15.35:578][451]LogSavePackage: Save=275.21ms
[2017.03.09-06.15.35:578][451]LogSavePackage: Moving '../../../../../../Users/armorias/Documents/GitHub/Soul-Striker/Soul Striker/Saved/ThirdPersonExampleMapC90B34D74C8D28F21AB1CC97258AAEBC.tmp' to '../../../../../../Users/armorias/Documents/GitHub/Soul-Striker/Soul Striker/Content/ThirdPersonBP/Maps/ThirdPersonExampleMap.umap'
[2017.03.09-06.15.35:583][451]LogSavePackage:Display: Finished SavePackage ../../../../../../Users/armorias/Documents/GitHub/Soul-Striker/Soul Striker/Content/ThirdPersonBP/Maps/ThirdPersonExampleMap.umap
[2017.03.09-06.15.35:642][451]LogFileHelpers: Saving map 'ThirdPersonExampleMap' took 0.430
[2017.03.09-06.15.38:930][490]LogBlueprintUserMessages: Early PlayInEditor Detection: Level '/Game/ThirdPersonBP/Maps/ThirdPersonExampleMap.ThirdPersonExampleMap:PersistentLevel' has LevelScriptBlueprint '/Game/ThirdPersonBP/Maps/ThirdPersonExampleMap.ThirdPersonExampleMap:PersistentLevel.ThirdPersonExampleMap' with GeneratedClass '/Game/ThirdPersonBP/Maps/ThirdPersonExampleMap.ThirdPersonExampleMap_C' with ClassGeneratedBy '/Game/ThirdPersonBP/Maps/ThirdPersonExampleMap.ThirdPersonExampleMap:PersistentLevel.ThirdPersonExampleMap'
[2017.03.09-06.15.38:930][490]LogPlayLevel: PlayLevel: No blueprints needed recompiling
[2017.03.09-06.15.38:930][490]PIE: New page: PIE session: ThirdPersonExampleMap (Mar 8, 2017, 8:15:38 PM)
[2017.03.09-06.15.38:930][490]LogPlayLevel: Creating play world package: /Game/ThirdPersonBP/Maps/UEDPIE_0_ThirdPersonExampleMap
[2017.03.09-06.15.39:053][490]LogPlayLevel: PIE: StaticDuplicateObject took: (0.122716s)
[2017.03.09-06.15.39:054][490]LogAIModule: Creating AISystem for world ThirdPersonExampleMap
[2017.03.09-06.15.39:054][490]LogPlayLevel: PIE: World Init took: (0.001079s)
[2017.03.09-06.15.39:054][490]LogPlayLevel: PIE: Created PIE world by copying editor world from /Game/ThirdPersonBP/Maps/ThirdPersonExampleMap.ThirdPersonExampleMap to /Game/ThirdPersonBP/Maps/UEDPIE_0_ThirdPersonExampleMap.ThirdPersonExampleMap (0.124176s)
[2017.03.09-06.15.39:123][490]LogInit: XAudio2 using 'Speakers (Realtek High Definition Audio)' : 8 channels at 48 kHz using 32 bits per sample (channel mask 0x63f)
[2017.03.09-06.15.39:182][490]LogInit: FAudioDevice initialized.
[2017.03.09-06.15.39:252][490]LogWorld: Game class is 'SoulStrikerCampaign_C'
[2017.03.09-06.15.39:274][490]LogWorld: Bringing World /Game/ThirdPersonBP/Maps/UEDPIE_0_ThirdPersonExampleMap.ThirdPersonExampleMap up for play (max tick rate 60) at 2017.03.09-01.15.39
[2017.03.09-06.15.39:277][490]LogWorld: Bringing up level for play took: 0.023502
[2017.03.09-06.15.39:280][490]PIE: Info Play in editor start time for /Game/ThirdPersonBP/Maps/UEDPIE_0_ThirdPersonExampleMap 1.21
[2017.03.09-06.15.39:280][490]LogBlueprintUserMessages: Late PlayInEditor Detection: Level '/Game/ThirdPersonBP/Maps/ThirdPersonExampleMap.ThirdPersonExampleMap:PersistentLevel' has LevelScriptBlueprint '/Game/ThirdPersonBP/Maps/ThirdPersonExampleMap.ThirdPersonExampleMap:PersistentLevel.ThirdPersonExampleMap' with GeneratedClass '/Game/ThirdPersonBP/Maps/ThirdPersonExampleMap.ThirdPersonExampleMap_C' with ClassGeneratedBy '/Game/ThirdPersonBP/Maps/ThirdPersonExampleMap.ThirdPersonExampleMap:PersistentLevel.ThirdPersonExampleMap'
[2017.03.09-06.15.46:536][921]LogBlueprintUserMessages: Early EndPlayMap Detection: Level '/Game/ThirdPersonBP/Maps/ThirdPersonExampleMap.ThirdPersonExampleMap:PersistentLevel' has LevelScriptBlueprint '/Game/ThirdPersonBP/Maps/ThirdPersonExampleMap.ThirdPersonExampleMap:PersistentLevel.ThirdPersonExampleMap' with GeneratedClass '/Game/ThirdPersonBP/Maps/ThirdPersonExampleMap.ThirdPersonExampleMap_C' with ClassGeneratedBy '/Game/ThirdPersonBP/Maps/ThirdPersonExampleMap.ThirdPersonExampleMap:PersistentLevel.ThirdPersonExampleMap'
[2017.03.09-06.15.46:631][921]LogBlueprintUserMessages: Late EndPlayMap Detection: Level '/Game/ThirdPersonBP/Maps/ThirdPersonExampleMap.ThirdPersonExampleMap:PersistentLevel' has LevelScriptBlueprint '/Game/ThirdPersonBP/Maps/ThirdPersonExampleMap.ThirdPersonExampleMap:PersistentLevel.ThirdPersonExampleMap' with GeneratedClass '/Game/ThirdPersonBP/Maps/ThirdPersonExampleMap.ThirdPersonExampleMap_C' with ClassGeneratedBy '/Game/ThirdPersonBP/Maps/ThirdPersonExampleMap.ThirdPersonExampleMap:PersistentLevel.ThirdPersonExampleMap'
[2017.03.09-06.15.47:412][962]LogEditorViewport: Clicking on Actor (LMB): StaticMeshActor (shield_1_0)
[2017.03.09-06.15.48:432][ 18]Cmd: DELETE
[2017.03.09-06.15.48:432][ 18]Cmd: ACTOR DELETE
[2017.03.09-06.15.52:497][ 18]LogEditorActor: Deleted Actor: StaticMeshActor
[2017.03.09-06.15.52:516][ 18]LogEditorActor: Deleted 1 Actors (4.084 secs)
[2017.03.09-06.15.55:187][ 98]LogSavePackage: Save=274.87ms
[2017.03.09-06.15.55:188][ 98]LogSavePackage: Moving '../../../../../../Users/armorias/Documents/GitHub/Soul-Striker/Soul Striker/Saved/ThirdPersonExampleMap7B438E6A4BB357E2CB1863A651C2EAF9.tmp' to '../../../../../../Users/armorias/Documents/GitHub/Soul-Striker/Soul Striker/Content/ThirdPersonBP/Maps/ThirdPersonExampleMap.umap'
[2017.03.09-06.15.55:192][ 98]LogSavePackage:Display: Finished SavePackage ../../../../../../Users/armorias/Documents/GitHub/Soul-Striker/Soul Striker/Content/ThirdPersonBP/Maps/ThirdPersonExampleMap.umap
[2017.03.09-06.15.56:023][105]LogText:Warning: Failed to parse argument "GameModeName" as a number (using "0" as a fallback). Please check your format string for errors: "GameMode: Edit {GameModeName}".
[2017.03.09-06.15.56:024][105]LogText:Warning: Failed to parse argument "GameModeName" as a number (using "0" as a fallback). Please check your format string for errors: "GameMode: Edit {GameModeName}".
[2017.03.09-06.16.09:663][178]LogEditorTransaction: Undo Delete current selection
[2017.03.09-06.16.14:604][204]BlueprintLog: New page: Compile ThirdPersonExampleMap
[2017.03.09-06.16.14:610][204]LogBlueprint:Warning: Compiler Warning Node  Unknown  is not referencing a valid level actor
[2017.03.09-06.16.14:791][204]LogBlueprint:Warning: Compiler Warning [0947.63] Compile of PersistentLevel.ThirdPersonExampleMap successful, but with 1 Warning(s) [in 187 ms] (/Game/ThirdPersonBP/Maps/ThirdPersonExampleMap.ThirdPersonExampleMap:PersistentLevel.ThirdPersonExampleMap)
[2017.03.09-06.16.14:791][204]BlueprintEditorCompileResults:Warning: Warning Node  Unknown  is not referencing a valid level actor
[2017.03.09-06.16.14:791][204]BlueprintEditorCompileResults:Warning: Warning [0947.63] Compile of PersistentLevel.ThirdPersonExampleMap successful, but with 1 Warning(s) [in 187 ms] (/Game/ThirdPersonBP/Maps/ThirdPersonExampleMap.ThirdPersonExampleMap:PersistentLevel.ThirdPersonExampleMap)
[2017.03.09-06.16.36:886][313]LogActorFactory: Actor Factory created shield_1_0
[2017.03.09-06.16.37:589][318]LogActorFactory: Actor Factory created shield_1_0
[2017.03.09-06.16.38:968][328]LogEditorViewport: Clicking on Actor (LMB): StaticMeshActor (shield_1_0)
[2017.03.09-06.16.48:542][383]BlueprintLog: New page: Compile ThirdPersonExampleMap
[2017.03.09-06.16.48:729][383]BlueprintEditorCompileResults: Info [0981.57] Compile of PersistentLevel.ThirdPersonExampleMap successful! [in 186 ms] (/Game/ThirdPersonBP/Maps/ThirdPersonExampleMap.ThirdPersonExampleMap:PersistentLevel.ThirdPersonExampleMap)
[2017.03.09-06.16.54:112][407]LogSavePackage: Save=278.99ms
[2017.03.09-06.16.54:112][407]LogSavePackage: Moving '../../../../../../Users/armorias/Documents/GitHub/Soul-Striker/Soul Striker/Saved/ThirdPersonExampleMap77C37C374A5D8DBE2496DCAFC9ABD80A.tmp' to '../../../../../../Users/armorias/Documents/GitHub/Soul-Striker/Soul Striker/Content/ThirdPersonBP/Maps/ThirdPersonExampleMap.umap'
[2017.03.09-06.16.54:116][407]LogSavePackage:Display: Finished SavePackage ../../../../../../Users/armorias/Documents/GitHub/Soul-Striker/Soul Striker/Content/ThirdPersonBP/Maps/ThirdPersonExampleMap.umap
[2017.03.09-06.16.54:177][407]LogFileHelpers: Saving map 'ThirdPersonExampleMap' took 0.441
[2017.03.09-06.16.56:357][429]LogBlueprintUserMessages: Early PlayInEditor Detection: Level '/Game/ThirdPersonBP/Maps/ThirdPersonExampleMap.ThirdPersonExampleMap:PersistentLevel' has LevelScriptBlueprint '/Game/ThirdPersonBP/Maps/ThirdPersonExampleMap.ThirdPersonExampleMap:PersistentLevel.ThirdPersonExampleMap' with GeneratedClass '/Game/ThirdPersonBP/Maps/ThirdPersonExampleMap.ThirdPersonExampleMap_C' with ClassGeneratedBy '/Game/ThirdPersonBP/Maps/ThirdPersonExampleMap.ThirdPersonExampleMap:PersistentLevel.ThirdPersonExampleMap'
[2017.03.09-06.16.56:357][429]LogPlayLevel: PlayLevel: No blueprints needed recompiling
[2017.03.09-06.16.56:358][429]PIE: New page: PIE session: ThirdPersonExampleMap (Mar 8, 2017, 8:16:56 PM)
[2017.03.09-06.16.56:358][429]LogPlayLevel: Creating play world package: /Game/ThirdPersonBP/Maps/UEDPIE_0_ThirdPersonExampleMap
[2017.03.09-06.16.56:466][429]LogPlayLevel: PIE: StaticDuplicateObject took: (0.108114s)
[2017.03.09-06.16.56:467][429]LogAIModule: Creating AISystem for world ThirdPersonExampleMap
[2017.03.09-06.16.56:467][429]LogPlayLevel: PIE: World Init took: (0.000958s)
[2017.03.09-06.16.56:467][429]LogPlayLevel: PIE: Created PIE world by copying editor world from /Game/ThirdPersonBP/Maps/ThirdPersonExampleMap.ThirdPersonExampleMap to /Game/ThirdPersonBP/Maps/UEDPIE_0_ThirdPersonExampleMap.ThirdPersonExampleMap (0.109562s)
[2017.03.09-06.16.56:508][429]LogInit: XAudio2 using 'Speakers (Realtek High Definition Audio)' : 8 channels at 48 kHz using 32 bits per sample (channel mask 0x63f)
[2017.03.09-06.16.56:548][429]LogInit: FAudioDevice initialized.
[2017.03.09-06.16.56:596][429]LogWorld: Game class is 'SoulStrikerCampaign_C'
[2017.03.09-06.16.56:619][429]LogWorld: Bringing World /Game/ThirdPersonBP/Maps/UEDPIE_0_ThirdPersonExampleMap.ThirdPersonExampleMap up for play (max tick rate 60) at 2017.03.09-01.16.56
[2017.03.09-06.16.56:622][429]LogWorld: Bringing up level for play took: 0.024841
[2017.03.09-06.16.56:624][429]PIE:Warning: Warning AttachTo: '/Game/ThirdPersonBP/Maps/UEDPIE_0_ThirdPersonExampleMap.ThirdPersonExampleMap:PersistentLevel.KnightOfLight_167.CharacterMesh0' is not static  (in blueprint "KnightOfLight"), cannot attach '/Game/ThirdPersonBP/Maps/UEDPIE_0_ThirdPersonExampleMap.ThirdPersonExampleMap:PersistentLevel.shield_1_5.StaticMeshComponent0' which is static to it. Aborting.
[2017.03.09-06.16.56:625][429]PIE: Info Play in editor start time for /Game/ThirdPersonBP/Maps/UEDPIE_0_ThirdPersonExampleMap 0.555
[2017.03.09-06.16.56:625][429]LogBlueprintUserMessages: Late PlayInEditor Detection: Level '/Game/ThirdPersonBP/Maps/ThirdPersonExampleMap.ThirdPersonExampleMap:PersistentLevel' has LevelScriptBlueprint '/Game/ThirdPersonBP/Maps/ThirdPersonExampleMap.ThirdPersonExampleMap:PersistentLevel.ThirdPersonExampleMap' with GeneratedClass '/Game/ThirdPersonBP/Maps/ThirdPersonExampleMap.ThirdPersonExampleMap_C' with ClassGeneratedBy '/Game/ThirdPersonBP/Maps/ThirdPersonExampleMap.ThirdPersonExampleMap:PersistentLevel.ThirdPersonExampleMap'
[2017.03.09-06.17.01:637][725]LogBlueprintUserMessages: Early EndPlayMap Detection: Level '/Game/ThirdPersonBP/Maps/ThirdPersonExampleMap.ThirdPersonExampleMap:PersistentLevel' has LevelScriptBlueprint '/Game/ThirdPersonBP/Maps/ThirdPersonExampleMap.ThirdPersonExampleMap:PersistentLevel.ThirdPersonExampleMap' with GeneratedClass '/Game/ThirdPersonBP/Maps/ThirdPersonExampleMap.ThirdPersonExampleMap_C' with ClassGeneratedBy '/Game/ThirdPersonBP/Maps/ThirdPersonExampleMap.ThirdPersonExampleMap:PersistentLevel.ThirdPersonExampleMap'
[2017.03.09-06.17.01:690][725]LogBlueprintUserMessages: Late EndPlayMap Detection: Level '/Game/ThirdPersonBP/Maps/ThirdPersonExampleMap.ThirdPersonExampleMap:PersistentLevel' has LevelScriptBlueprint '/Game/ThirdPersonBP/Maps/ThirdPersonExampleMap.ThirdPersonExampleMap:PersistentLevel.ThirdPersonExampleMap' with GeneratedClass '/Game/ThirdPersonBP/Maps/ThirdPersonExampleMap.ThirdPersonExampleMap_C' with ClassGeneratedBy '/Game/ThirdPersonBP/Maps/ThirdPersonExampleMap.ThirdPersonExampleMap:PersistentLevel.ThirdPersonExampleMap'
[2017.03.09-06.17.08:348][778]LogText:Warning: Failed to parse argument "GameModeName" as a number (using "0" as a fallback). Please check your format string for errors: "GameMode: Edit {GameModeName}".
[2017.03.09-06.17.08:348][778]LogText:Warning: Failed to parse argument "GameModeName" as a number (using "0" as a fallback). Please check your format string for errors: "GameMode: Edit {GameModeName}".
[2017.03.09-06.18.32:161][258]BlueprintLog: New page: Compile ThirdPersonExampleMap
[2017.03.09-06.18.32:254][258]BlueprintEditorCompileResults: Info [1085.09] Compile of PersistentLevel.ThirdPersonExampleMap successful! [in 93 ms] (/Game/ThirdPersonBP/Maps/ThirdPersonExampleMap.ThirdPersonExampleMap:PersistentLevel.ThirdPersonExampleMap)
[2017.03.09-06.18.36:199][274]LogSavePackage: Save=271.84ms
[2017.03.09-06.18.36:199][274]LogSavePackage: Moving '../../../../../../Users/armorias/Documents/GitHub/Soul-Striker/Soul Striker/Saved/ThirdPersonExampleMapEBCCFB264AE9A54C05E541B4C0AD1F68.tmp' to '../../../../../../Users/armorias/Documents/GitHub/Soul-Striker/Soul Striker/Content/ThirdPersonBP/Maps/ThirdPersonExampleMap.umap'
[2017.03.09-06.18.36:208][274]LogSavePackage:Display: Finished SavePackage ../../../../../../Users/armorias/Documents/GitHub/Soul-Striker/Soul Striker/Content/ThirdPersonBP/Maps/ThirdPersonExampleMap.umap
[2017.03.09-06.18.36:262][274]LogFileHelpers: Saving map 'ThirdPersonExampleMap' took 0.428
[2017.03.09-06.18.39:187][298]LogBlueprintUserMessages: Early PlayInEditor Detection: Level '/Game/ThirdPersonBP/Maps/ThirdPersonExampleMap.ThirdPersonExampleMap:PersistentLevel' has LevelScriptBlueprint '/Game/ThirdPersonBP/Maps/ThirdPersonExampleMap.ThirdPersonExampleMap:PersistentLevel.ThirdPersonExampleMap' with GeneratedClass '/Game/ThirdPersonBP/Maps/ThirdPersonExampleMap.ThirdPersonExampleMap_C' with ClassGeneratedBy '/Game/ThirdPersonBP/Maps/ThirdPersonExampleMap.ThirdPersonExampleMap:PersistentLevel.ThirdPersonExampleMap'
[2017.03.09-06.18.39:187][298]LogPlayLevel: PlayLevel: No blueprints needed recompiling
[2017.03.09-06.18.39:188][298]PIE: New page: PIE session: ThirdPersonExampleMap (Mar 8, 2017, 8:18:39 PM)
[2017.03.09-06.18.39:188][298]LogPlayLevel: Creating play world package: /Game/ThirdPersonBP/Maps/UEDPIE_0_ThirdPersonExampleMap
[2017.03.09-06.18.39:311][298]LogPlayLevel: PIE: StaticDuplicateObject took: (0.123183s)
[2017.03.09-06.18.39:311][298]LogAIModule: Creating AISystem for world ThirdPersonExampleMap
[2017.03.09-06.18.39:311][298]LogPlayLevel: PIE: World Init took: (0.000748s)
[2017.03.09-06.18.39:312][298]LogPlayLevel: PIE: Created PIE world by copying editor world from /Game/ThirdPersonBP/Maps/ThirdPersonExampleMap.ThirdPersonExampleMap to /Game/ThirdPersonBP/Maps/UEDPIE_0_ThirdPersonExampleMap.ThirdPersonExampleMap (0.124286s)
[2017.03.09-06.18.39:352][298]LogInit: XAudio2 using 'Speakers (Realtek High Definition Audio)' : 8 channels at 48 kHz using 32 bits per sample (channel mask 0x63f)
[2017.03.09-06.18.39:392][298]LogInit: FAudioDevice initialized.
[2017.03.09-06.18.39:445][298]LogWorld: Game class is 'SoulStrikerCampaign_C'
[2017.03.09-06.18.39:467][298]LogWorld: Bringing World /Game/ThirdPersonBP/Maps/UEDPIE_0_ThirdPersonExampleMap.ThirdPersonExampleMap up for play (max tick rate 60) at 2017.03.09-01.18.39
[2017.03.09-06.18.39:470][298]LogWorld: Bringing up level for play took: 0.023940
[2017.03.09-06.18.39:472][298]PIE:Warning: Warning AttachTo: '/Game/ThirdPersonBP/Maps/UEDPIE_0_ThirdPersonExampleMap.ThirdPersonExampleMap:PersistentLevel.KnightOfLight_167.CollisionCylinder' is not static  (in blueprint "KnightOfLight"), cannot attach '/Game/ThirdPersonBP/Maps/UEDPIE_0_ThirdPersonExampleMap.ThirdPersonExampleMap:PersistentLevel.shield_1_5.StaticMeshComponent0' which is static to it. Aborting.
[2017.03.09-06.18.39:472][298]PIE: Info Play in editor start time for /Game/ThirdPersonBP/Maps/UEDPIE_0_ThirdPersonExampleMap -0.597
[2017.03.09-06.18.39:473][298]LogBlueprintUserMessages: Late PlayInEditor Detection: Level '/Game/ThirdPersonBP/Maps/ThirdPersonExampleMap.ThirdPersonExampleMap:PersistentLevel' has LevelScriptBlueprint '/Game/ThirdPersonBP/Maps/ThirdPersonExampleMap.ThirdPersonExampleMap:PersistentLevel.ThirdPersonExampleMap' with GeneratedClass '/Game/ThirdPersonBP/Maps/ThirdPersonExampleMap.ThirdPersonExampleMap_C' with ClassGeneratedBy '/Game/ThirdPersonBP/Maps/ThirdPersonExampleMap.ThirdPersonExampleMap:PersistentLevel.ThirdPersonExampleMap'
[2017.03.09-06.18.42:469][473]LogBlueprintUserMessages: Early EndPlayMap Detection: Level '/Game/ThirdPersonBP/Maps/ThirdPersonExampleMap.ThirdPersonExampleMap:PersistentLevel' has LevelScriptBlueprint '/Game/ThirdPersonBP/Maps/ThirdPersonExampleMap.ThirdPersonExampleMap:PersistentLevel.ThirdPersonExampleMap' with GeneratedClass '/Game/ThirdPersonBP/Maps/ThirdPersonExampleMap.ThirdPersonExampleMap_C' with ClassGeneratedBy '/Game/ThirdPersonBP/Maps/ThirdPersonExampleMap.ThirdPersonExampleMap:PersistentLevel.ThirdPersonExampleMap'
[2017.03.09-06.18.42:535][473]LogBlueprintUserMessages: Late EndPlayMap Detection: Level '/Game/ThirdPersonBP/Maps/ThirdPersonExampleMap.ThirdPersonExampleMap:PersistentLevel' has LevelScriptBlueprint '/Game/ThirdPersonBP/Maps/ThirdPersonExampleMap.ThirdPersonExampleMap:PersistentLevel.ThirdPersonExampleMap' with GeneratedClass '/Game/ThirdPersonBP/Maps/ThirdPersonExampleMap.ThirdPersonExampleMap_C' with ClassGeneratedBy '/Game/ThirdPersonBP/Maps/ThirdPersonExampleMap.ThirdPersonExampleMap:PersistentLevel.ThirdPersonExampleMap'
[2017.03.09-12.23.13:915][125]LogHttp:Warning: Timeout processing Http request. 000002E014DC5000
[2017.03.09-12.23.28:901][222]LogSavePackage: Save=287.43ms
[2017.03.09-12.23.28:902][222]LogSavePackage: Moving '../../../../../../Users/armorias/Documents/GitHub/Soul-Striker/Soul Striker/Saved/ThirdPersonExampleMap15863BD742D12855C003198F0E044B0E.tmp' to '../../../../../../Users/armorias/Documents/GitHub/Soul-Striker/Soul Striker/Content/ThirdPersonBP/Maps/ThirdPersonExampleMap.umap'
[2017.03.09-12.23.28:905][222]LogSavePackage:Display: Finished SavePackage ../../../../../../Users/armorias/Documents/GitHub/Soul-Striker/Soul Striker/Content/ThirdPersonBP/Maps/ThirdPersonExampleMap.umap
[2017.03.09-12.24.28:513][878]LogSkeletalMesh: InitArticulated: Bodies already created (/Engine/Transient.DebugSkelMeshComponent_2) - call TermArticulated first.
[2017.03.09-12.25.56:800][411]Cmd: TRANSACTION UNDO
[2017.03.09-12.25.56:800][411]LogEditorTransaction: Undo Replace Actor(s) with blueprint
[2017.03.09-12.26.03:489][437]LogObjectTools:Warning: ForceReplaceReferences replaced references for a transient object 'DEADCLASS_paladin_swordandshield_C_1' or package '/Engine/Transient'.
[2017.03.09-12.26.03:489][437]LogObjectTools:Warning: ForceReplaceReferences replaced references for a transient object 'DEADCLASS_paladin_swordandshield_C_0' or package '/Engine/Transient'.
[2017.03.09-12.26.03:489][437]LogObjectTools:Warning: ForceReplaceReferences replaced references for a transient object 'REINST_SKEL_paladin_swordandshield_C_244' or package '/Engine/Transient'.
[2017.03.09-12.26.03:489][437]LogObjectTools:Warning: ForceReplaceReferences replaced references for a transient object 'REINST_paladin_swordandshield_C_243' or package '/Engine/Transient'.
[2017.03.09-12.26.05:511][541]LogEditorViewport: Clicking on Actor (LMB): BP_Sky_Sphere_C (SkySphereBlueprint)
[2017.03.09-12.26.06:316][587]LogEditorViewport: Clicking on Actor (LMB): BP_Sky_Sphere_C (SkySphereBlueprint)
[2017.03.09-12.26.52:438][381]LogEditorViewport: Clicking on Actor (LMB): BP_Sky_Sphere_C (SkySphereBlueprint)
[2017.03.09-12.26.53:192][424]LogEditorViewport: Clicking on Actor (LMB): BP_Sky_Sphere_C (SkySphereBlueprint)
[2017.03.09-12.26.53:311][430]LogEditorViewport: Clicking on Component (LMB): StaticMeshComponent (Sky Sphere mesh)
[2017.03.09-12.26.55:440][556]LogEditorViewport: Clicking on Actor (LMB): KnightOfLight_C (KnightOfLight)
[2017.03.09-12.27.28:588][842]LogCrashTracker: 


[2017.03.09-12.27.28:588][842]LogCrashTracker: 


[2017.03.09-12.27.28:588][842]LogWindows:Error: === Critical error: ===
Fatal error!



[2017.03.09-12.27.28:623][842]LogExit: Executing StaticShutdownAfterError
[2017.03.09-12.27.28:641][842]LogWindows: FPlatformMisc::RequestExit(1)
[2017.03.09-12.27.28:641][842]Log file closed, 03/09/17 07:27:28
