Log file open, 04/19/17 13:50:26
LogInit:Display: Running engine for game: SoulStriker
LogPlatformFile: Not using cached read wrapper
LogInit:Display: RandInit(-1461882538) SRandInit(-1461882531).
LogTaskGraph: Started task graph with 4 named threads and 7 total threads with 1 sets of task threads.
LogStats: Stats thread started at 0.080151
LogInit: Version: 4.12.5-3039270+++UE4+Release-4.12
LogInit: API Version: 2992821
LogInit: Net Version: 3039270
LogDevObjectVersion: Number of dev versions registered: 13
LogDevObjectVersion:   Dev-Blueprints (B0D832E4-1F89-4F0D-ACCF-7EB736FD4AA2): 3
LogDevObjectVersion:   Dev-Build (E1C64328-A22C-4D53-A36C-8E866417BD8C): 0
LogDevObjectVersion:   Dev-Core (375EC13C-06E4-48FB-B500-84F0262A717E): 1
LogDevObjectVersion:   Dev-Editor (E4B068ED-F494-42E9-A231-DA0B2E46BB41): 2
LogDevObjectVersion:   Dev-Framework (CFFC743F-43B0-4480-9391-14DF171D2073): 6
LogDevObjectVersion:   Dev-Mobile (B02B49B5-BB20-44E9-A304-32B752E40360): 0
LogDevObjectVersion:   Dev-Networking (A4E4105C-59A1-49B5-A7C5-40C4547EDFEE): 0
LogDevObjectVersion:   Dev-Online (39C831C9-5AE6-47DC-9A44-9C173E1C8E7C): 0
LogDevObjectVersion:   Dev-Physics (78F01B33-EBEA-4F98-B9B4-84EACCB95AA2): 0
LogDevObjectVersion:   Dev-Platform (6631380F-2D4D-43E0-8009-CF276956A95A): 0
LogDevObjectVersion:   Dev-Rendering (12F88B9F-8875-4AFC-A67C-D90C383ABD29): 2
LogDevObjectVersion:   Dev-Sequencer (7B5AE74C-D270-4C10-A958-57980B212A5A): 0
LogDevObjectVersion:   Dev-VR (D7296918-1DD6-4BDD-9DE2-64A83CC13884): 0
LogInit: Compiled (64-bit): Jul  6 2016 09:09:46
LogInit: Compiled with Visual C++: 19.00.23026.00
LogInit: Build Configuration: Development
LogInit: Branch Name: ++UE4+Release-4.12
LogInit: Command line: -EpicPortal 
LogInit: Base directory: C:/Program Files (x86)/Epic Games/4.12/Engine/Binaries/Win64/
LogInit: Installed Engine Build: 1
LogInit: Using libcurl 7.41.0
LogInit:  - built for x86_64-pc-win32
LogInit:  - supports SSL with WinSSL
LogInit:  - other features:
LogInit:      CURL_VERSION_SSL
LogInit:      CURL_VERSION_IPV6
LogInit:      CURL_VERSION_ASYNCHDNS
LogInit:      CURL_VERSION_LARGEFILE
LogInit:      CURL_VERSION_IDN
LogInit:  CurlRequestOptions (configurable via config and command line):
LogInit:  - bVerifyPeer = true  - Libcurl will verify peer certificate
LogInit:  - bUseHttpProxy = false  - Libcurl will NOT use HTTP proxy
LogInit:  - bDontReuseConnections = false  - Libcurl will reuse connections
LogInit:  - CertBundlePath = nullptr  - Libcurl will use whatever was configured at build time.
LogInit: Presizing for max 8388607 objects, including 0 objects not considered by GC, pre-allocating 0 bytes for permanent pool.
LogInit: Object subsystem initialized
[2017.04.19-17.50.26:510][  0]LogInit: Selected Device Profile: [Windows]
[2017.04.19-17.50.26:510][  0]LogInit: Applying CVar settings loaded from the selected device profile: [Windows]
[2017.04.19-17.50.26:525][  0]LogInit: Computer: MSI
[2017.04.19-17.50.26:525][  0]LogInit: User: armorias
[2017.04.19-17.50.26:525][  0]LogInit: CPU Page size=65536, Cores=4
[2017.04.19-17.50.26:525][  0]LogInit: High frequency timer resolution =2.531250 MHz
[2017.04.19-17.50.26:525][  0]LogMemory: Memory total: Physical=11.9GB (12GB approx)
[2017.04.19-17.50.26:525][  0]LogMemory: Platform Memory Stats for Windows
[2017.04.19-17.50.26:525][  0]LogMemory: Process Physical Memory: 192.28 MB used, 192.28 MB peak
[2017.04.19-17.50.26:525][  0]LogMemory: Process Virtual Memory: 195.44 MB used, 195.44 MB peak
[2017.04.19-17.50.26:525][  0]LogMemory: Physical Memory: 6174.54 MB used, 12173.66 MB total
[2017.04.19-17.50.26:525][  0]LogMemory: Virtual Memory: 553.80 MB used, 134217728.00 MB total
[2017.04.19-17.50.26:556][  0]LogTextLocalizationManager: No specific translations for ('en-US') exist, so ('en') translations will be used.
[2017.04.19-17.50.26:983][  0]LogD3D11RHI: D3D11 adapters:
[2017.04.19-17.50.27:018][  0]LogD3D11RHI:    0. 'NVIDIA GeForce GTX 960M' (Feature Level 11_0)
[2017.04.19-17.50.27:019][  0]LogD3D11RHI:       2018/0/6086 MB DedicatedVideo/DedicatedSystem/SharedSystem, Outputs:1, VendorId:0x10de
[2017.04.19-17.50.27:026][  0]LogD3D11RHI:    1. 'Intel(R) HD Graphics 530' (Feature Level 11_0)
[2017.04.19-17.50.27:026][  0]LogD3D11RHI:       128/0/6086 MB DedicatedVideo/DedicatedSystem/SharedSystem, Outputs:0, VendorId:0x8086
[2017.04.19-17.50.27:027][  0]LogD3D11RHI:    2. 'Microsoft Basic Render Driver' (Feature Level 11_0)
[2017.04.19-17.50.27:027][  0]LogD3D11RHI:       0/0/6086 MB DedicatedVideo/DedicatedSystem/SharedSystem, Outputs:0, VendorId:0x1414
[2017.04.19-17.50.27:027][  0]LogD3D11RHI: Chosen D3D11 Adapter: 0
[2017.04.19-17.50.27:035][  0]LogD3D11RHI: Creating new Direct3DDevice
[2017.04.19-17.50.27:035][  0]LogD3D11RHI:     GPU DeviceId: 0x139b (for the marketing name, search the web for "GPU Device Id")
[2017.04.19-17.50.27:035][  0]LogWindows: EnumDisplayDevices:
[2017.04.19-17.50.27:035][  0]LogWindows:    0. 'Intel(R) HD Graphics 530' (P:1 D:1)
[2017.04.19-17.50.27:035][  0]LogWindows:    1. 'Intel(R) HD Graphics 530' (P:0 D:0)
[2017.04.19-17.50.27:035][  0]LogWindows:    2. 'Intel(R) HD Graphics 530' (P:0 D:0)
[2017.04.19-17.50.27:036][  0]LogWindows: DebugString: PrimaryIsNotTheChoosenAdapter PrimaryIsNotTheChoosenAdapter PrimaryIsNotTheChoosenAdapter FoundDriverCount:0 
[2017.04.19-17.50.27:036][  0]LogD3D11RHI:     Adapter Name: NVIDIA GeForce GTX 960M
[2017.04.19-17.50.27:036][  0]LogD3D11RHI:   Driver Version: Unknown (internal:Unknown, unified:Unknown)
[2017.04.19-17.50.27:036][  0]LogD3D11RHI:      Driver Date: Unknown
[2017.04.19-17.50.27:036][  0]LogRHI: Texture pool is 1361 MB (70% of 1945 MB)
[2017.04.19-17.50.27:049][  0]LogD3D11RHI: Async texture creation enabled
[2017.04.19-17.50.27:061][  0]LogD3D11RHI: GPU Timing Frequency: 1000.000000 (Debug: 2 1)
[2017.04.19-17.50.27:062][  0]LogShaderCompilers: Guid format shader working directory is -8 characters bigger than the processId version (D:/SoulStriker_MainFolder/Soul-Striker-Main/Soul Striker/Intermediate/Shaders/WorkingDirectory/13168/).
[2017.04.19-17.50.27:062][  0]LogShaderCompilers: Cleaned the shader compiler working directory 'C:/Users/armorias/AppData/Local/Temp/UnrealShaderWorkingDir/44F5857C44F37684AC8800B82CCB36BC/'.
[2017.04.19-17.50.27:062][  0]LogShaderCompilers:Display: Using Local Shader Compiler.
[2017.04.19-17.50.28:134][  0]LogTemp:Display: Loaded TP AllDesktopTargetPlatform
[2017.04.19-17.50.28:145][  0]LogTemp:Display: Loaded TP WindowsClientTargetPlatform
[2017.04.19-17.50.28:155][  0]LogTemp:Display: Loaded TP WindowsNoEditorTargetPlatform
[2017.04.19-17.50.28:167][  0]LogTemp:Display: Loaded TP WindowsServerTargetPlatform
[2017.04.19-17.50.28:177][  0]LogTemp:Display: Loaded TP WindowsTargetPlatform
[2017.04.19-17.50.28:185][  0]LogTemp:Display: Loaded TP AndroidTargetPlatform
[2017.04.19-17.50.28:193][  0]LogTemp:Display: Loaded TP Android_ASTCTargetPlatform
[2017.04.19-17.50.28:204][  0]LogTemp:Display: Loaded TP Android_ATCTargetPlatform
[2017.04.19-17.50.28:214][  0]LogTemp:Display: Loaded TP Android_DXTTargetPlatform
[2017.04.19-17.50.28:223][  0]LogTemp:Display: Loaded TP Android_ETC1TargetPlatform
[2017.04.19-17.50.28:231][  0]LogTemp:Display: Loaded TP Android_ETC2TargetPlatform
[2017.04.19-17.50.28:248][  0]LogTemp:Display: Loaded TP Android_MultiTargetPlatform
[2017.04.19-17.50.28:248][  0]LogTemp:Display: Loaded TP Android_PVRTCTargetPlatform
[2017.04.19-17.50.28:250][  0]LogTemp:Display: Loaded TP HTML5TargetPlatform
[2017.04.19-17.50.28:275][  0]LogTemp:Display: Loaded TP IOSTargetPlatform
[2017.04.19-17.50.28:283][  0]LogTemp:Display: Loaded TP TVOSTargetPlatform
[2017.04.19-17.50.28:291][  0]LogTemp:Display: Loaded TP LinuxNoEditorTargetPlatform
[2017.04.19-17.50.28:303][  0]LogTemp:Display: Loaded TP LinuxServerTargetPlatform
[2017.04.19-17.50.28:312][  0]LogTemp:Display: Loaded TP LinuxTargetPlatform
[2017.04.19-17.50.28:312][  0]LogTargetPlatformManager:Display: Building Assets For Windows
[2017.04.19-17.50.28:405][  0]LogDerivedDataCache:Display: Max Cache Size: 512 MB
[2017.04.19-17.50.28:461][  0]LogDerivedDataCache: Loaded boot cache 0.06s 48MB C:/Users/armorias/AppData/Local/UnrealEngine/4.12/DerivedDataCache/Boot.ddc.
[2017.04.19-17.50.28:461][  0]LogDerivedDataCache:Display: Loaded Boot cache: C:/Users/armorias/AppData/Local/UnrealEngine/4.12/DerivedDataCache/Boot.ddc
[2017.04.19-17.50.28:461][  0]LogDerivedDataCache: FDerivedDataBackendGraph:  Pak pak cache file D:/SoulStriker_MainFolder/Soul-Striker-Main/Soul Striker/DerivedDataCache/DDC.ddp not found, will not use a pak cache.
[2017.04.19-17.50.28:461][  0]LogDerivedDataCache: Unable to find inner node Pak for hierarchical cache Hierarchy.
[2017.04.19-17.50.28:461][  0]LogDerivedDataCache: FDerivedDataBackendGraph:  CompressedPak pak cache file D:/SoulStriker_MainFolder/Soul-Striker-Main/Soul Striker/DerivedDataCache/Compressed.ddp not found, will not use a pak cache.
[2017.04.19-17.50.28:461][  0]LogDerivedDataCache: Unable to find inner node CompressedPak for hierarchical cache Hierarchy.
[2017.04.19-17.50.28:481][  0]LogDerivedDataCache:Display: Pak cache opened for reading ../../../Engine/DerivedDataCache/Compressed.ddp.
[2017.04.19-17.50.28:494][  0]LogDerivedDataCache: Using Local data cache path C:/Users/armorias/AppData/Local/UnrealEngine/Common/DerivedDataCache: Writable
[2017.04.19-17.50.28:698][  0]LogInit: Selected Device Profile: [Windows]
[2017.04.19-17.50.28:699][  0]LogContentStreaming: Texture pool size is 0.00 MB
[2017.04.19-17.50.28:878][  0]LogMeshUtilities: No automatic mesh reduction module available
[2017.04.19-17.50.28:878][  0]LogMeshUtilities: No automatic mesh merging module available
[2017.04.19-17.50.28:878][  0]LogMeshUtilities: No distributed automatic mesh merging module available
[2017.04.19-17.50.29:152][  0]LogAssetRegistry: FAssetRegistry took 0.0228 seconds to start up
[2017.04.19-17.50.29:185][  0]LogPackageLocalizationCache: Processed 3 localized package path(s) for 2 prioritized culture(s) in 0.030821 seconds
[2017.04.19-17.50.29:191][  0]LogUObjectArray: 28739 objects as part of root set at end of initial load.
[2017.04.19-17.50.29:191][  0]LogUObjectAllocator: 5855624 out of 0 bytes used by permanent object pool.
[2017.04.19-17.50.29:191][  0]LogUObjectArray: CloseDisregardForGC: 0/0 objects in disregard for GC pool
[2017.04.19-17.50.29:200][  0]LogInit: WinSock: version 1.1 (2.2), MaxSocks=32767, MaxUdp=65467
[2017.04.19-17.50.29:391][  0]LogSlate: SlateFontCache - WITH_FREETYPE: 1, WITH_HARFBUZZ: 1
[2017.04.19-17.50.29:391][  0]LogSlate: SlateFontCache - WITH_FREETYPE: 1, WITH_HARFBUZZ: 1
[2017.04.19-17.50.30:193][  0]LogSubstanceCoreModule: Substance CPU Engine Loaded, Max Texture Size 2048
[2017.04.19-17.50.30:207][  0]LogUdpMessaging: Initializing bridge on interface 0.0.0.0:0 to multicast group 230.0.0.1:6666.
[2017.04.19-17.50.30:465][  0]SourceControl: Info Source control is disabled
[2017.04.19-17.50.30:466][  0]SourceControl: Info Source control is disabled
[2017.04.19-17.50.30:479][  0]SourceControl: Info Source control is disabled
[2017.04.19-17.50.30:490][  0]SourceControl: Info Source control is disabled
[2017.04.19-17.50.30:794][  0]LogEngine: Initializing Engine...
[2017.04.19-17.50.30:795][  0]LogHMD: SteamVR failed to initialize.  Err: 110
[2017.04.19-17.50.30:796][  0]LogHMD: SteamVR failed to initialize.  Err: 110
[2017.04.19-17.50.30:964][  0]LogAIModule: Creating AISystem for world NewWorld
[2017.04.19-17.50.30:970][  0]LogInit: XAudio2 using 'Speakers (Realtek High Definition Audio)' : 2 channels at 48 kHz using 32 bits per sample (channel mask 0x3)
[2017.04.19-17.50.31:053][  0]LogInit: FAudioDevice initialized.
[2017.04.19-17.50.31:080][  0]LogDerivedDataCache: Saved boot cache 0.03s 48MB C:/Users/armorias/AppData/Local/UnrealEngine/4.12/DerivedDataCache/Boot.ddc.
[2017.04.19-17.50.31:088][  0]LogInit: Texture streaming: Enabled
[2017.04.19-17.50.31:121][  0]LogInit: Transaction tracking system initialized
[2017.04.19-17.50.31:149][  0]BlueprintLog: New page: Editor Load
[2017.04.19-17.50.31:239][  0]LocalizationService: Info Localization service is disabled
[2017.04.19-17.50.31:310][  0]LogConsoleResponse:Display: 
[2017.04.19-17.50.31:467][  0]LogCook:Display: Max memory allowance for cook 8192mb
[2017.04.19-17.50.31:467][  0]LogCook:Display: Mobile HDR setting 1
[2017.04.19-17.50.31:595][  0]LogFileCache: Scanning file cache for directory 'D:/SoulStriker_MainFolder/Soul-Striker-Main/Soul Striker/Content/' took 0.02s
[2017.04.19-17.50.31:595][  0]SourceControl: Info Source control is disabled
[2017.04.19-17.50.31:595][  0]Cmd: MAP LOAD FILE="D:/SoulStriker_MainFolder/Soul-Striker-Main/Soul Striker/Content/ThirdPersonBP/Maps/ThirdPersonExampleMap.umap" TEMPLATE=0 SHOWPROGRESS=1 FEATURELEVEL=3
[2017.04.19-17.50.31:677][  0]LightingResults: New page: Lighting Build
[2017.04.19-17.50.31:680][  0]MapCheck: New page: Map Check
[2017.04.19-17.50.31:680][  0]LightingResults: New page: Lighting Build
[2017.04.19-17.50.34:978][  0]LogBlueprint:Warning: Compiler Warning Node  Unknown  is not referencing a valid level actor
[2017.04.19-17.50.34:979][  0]LogBlueprint:Warning: Compiler Warning [0009.41] Compile of PersistentLevel.ThirdPersonExampleMap successful, but with 1 Warning(s) [in 3 ms] (/Game/ThirdPersonBP/Maps/ThirdPersonExampleMap.ThirdPersonExampleMap:PersistentLevel.ThirdPersonExampleMap)
[2017.04.19-17.50.34:979][  0]LogBlueprint:Warning: Compiler Warning [0009.42] Compile of PersistentLevel.ThirdPersonExampleMap successful, but with 2 Warning(s) [in 0 ms] (/Game/ThirdPersonBP/Maps/ThirdPersonExampleMap.ThirdPersonExampleMap:PersistentLevel.ThirdPersonExampleMap)
[2017.04.19-17.50.34:979][  0]LogBlueprint:Warning: Compiler Warning [0009.42] Compile of PersistentLevel.ThirdPersonExampleMap successful, but with 3 Warning(s) [in 0 ms] (/Game/ThirdPersonBP/Maps/ThirdPersonExampleMap.ThirdPersonExampleMap:PersistentLevel.ThirdPersonExampleMap)
[2017.04.19-17.50.34:983][  0]LogBlueprint:Warning: Compiler Warning Node  Unknown  is not referencing a valid level actor
[2017.04.19-17.50.34:983][  0]LogBlueprint:Warning: Compiler Warning [0009.42] Compile of PersistentLevel.ThirdPersonExampleMap successful, but with 1 Warning(s) [in 3 ms] (/Game/ThirdPersonBP/Maps/ThirdPersonExampleMap.ThirdPersonExampleMap:PersistentLevel.ThirdPersonExampleMap)
[2017.04.19-17.50.34:984][  0]LogBlueprint:Warning: Compiler Warning [0009.42] Compile of PersistentLevel.ThirdPersonExampleMap successful, but with 2 Warning(s) [in 0 ms] (/Game/ThirdPersonBP/Maps/ThirdPersonExampleMap.ThirdPersonExampleMap:PersistentLevel.ThirdPersonExampleMap)
[2017.04.19-17.50.34:984][  0]LogBlueprint:Warning: Compiler Warning [0009.42] Compile of PersistentLevel.ThirdPersonExampleMap successful, but with 3 Warning(s) [in 0 ms] (/Game/ThirdPersonBP/Maps/ThirdPersonExampleMap.ThirdPersonExampleMap:PersistentLevel.ThirdPersonExampleMap)
[2017.04.19-17.50.37:358][  0]LogTexture:Display: Building textures: Brick_Stnd_roughness (AutoDXT)
[2017.04.19-17.50.39:363][  0]LogTexture:Display: Building textures: Brick_Stnd_normal (BC5)
[2017.04.19-17.50.39:805][  0]LogTexture:Display: Building textures: Brick_Stnd_metallic (AutoDXT)
[2017.04.19-17.50.40:130][  0]LogMaterial: Missing cached shader map for material floor_final2, compiling. 
[2017.04.19-17.50.40:212][  0]LogAIModule: Creating AISystem for world ThirdPersonExampleMap
[2017.04.19-17.50.40:385][  0]LogEditorServer: Finished looking for orphan Actors (0.000 secs)
[2017.04.19-17.50.40:395][  0]Cmd: MAP CHECKDEP NOCLEARLOG
[2017.04.19-17.50.40:470][  0]MapCheck: Info Map check complete: 0 Error(s), 0 Warning(s), took 75.022ms to complete.
[2017.04.19-17.50.40:470][  0]LogFileHelpers: Loading map 'ThirdPersonExampleMap' took 8.875
[2017.04.19-17.50.40:739][  0]LogCollectionManager: Loaded 0 collections in 0.002226 seconds
[2017.04.19-17.50.40:780][  0]LogFileCache: Scanning file cache for directory 'D:/SoulStriker_MainFolder/Soul-Striker-Main/Soul Striker/Saved/Collections/' took 0.01s
[2017.04.19-17.50.40:780][  0]LogFileCache: Scanning file cache for directory 'D:/SoulStriker_MainFolder/Soul-Striker-Main/Soul Striker/Content/Developers/armorias/Collections/' took 0.01s
[2017.04.19-17.50.40:780][  0]LogFileCache: Scanning file cache for directory 'D:/SoulStriker_MainFolder/Soul-Striker-Main/Soul Striker/Content/Collections/' took 0.01s
[2017.04.19-17.50.40:780][  0]LogCollectionManager: Rebuilt the GUID cache for 0 collections in 0.000004 seconds
[2017.04.19-17.50.40:794][  0]LogContentBrowser: Native class hierarchy populated in 0.0139 seconds. Added 2062 classes and 375 folders.
[2017.04.19-17.50.40:799][  0]LogStats: UGameplayTagsManager::ConstructGameplayTagTree: Construct from data asset -  0.000 s
[2017.04.19-17.50.40:799][  0]LogStats: UGameplayTagsManager::ConstructGameplayTagTree: GameplayTagTreeChangedEvent.Broadcast -  0.000 s
[2017.04.19-17.50.40:800][  0]LogContentBrowser: Native class hierarchy updated for 'GameplayTags' in 0.0004 seconds. Added 12 classes and 0 folders.
[2017.04.19-17.50.40:806][  0]LogContentBrowser: Native class hierarchy updated for 'WidgetCarousel' in 0.0005 seconds. Added 0 classes and 0 folders.
[2017.04.19-17.50.40:862][  0]LogContentBrowser: Native class hierarchy updated for 'AddContentDialog' in 0.0004 seconds. Added 0 classes and 0 folders.
[2017.04.19-17.50.40:867][  0]LogContentBrowser: Native class hierarchy updated for 'SceneOutliner' in 0.0004 seconds. Added 1 classes and 2 folders.
[2017.04.19-17.50.40:987][  0]LogCrashTracker: Crashtracker disabled due to settings.
[2017.04.19-17.50.40:995][  0]LogUObjectGlobals:Warning: Failed to find object 'Class None.'
[2017.04.19-17.50.41:022][  0]LogContentBrowser: Native class hierarchy updated for 'HierarchicalLODOutliner' in 0.0004 seconds. Added 1 classes and 2 folders.
[2017.04.19-17.50.41:022][  0]LogLoad: Full Startup: 15.46 seconds (BP compile: 0.67 seconds)
[2017.04.19-17.50.41:022][  0]LogExternalProfiler: Found external profiler: VSPerf
[2017.04.19-17.50.41:022][  0]LogExternalProfiler: Using external profiler: VSPerf
[2017.04.19-17.50.41:499][  0]LogWindowsTextInputMethodSystem:Display: IME system now deactivated.
[2017.04.19-17.50.41:499][  0]LogWindowsTextInputMethodSystem:Display: IME system now deactivated.
[2017.04.19-17.50.41:499][  0]LogOcInput: OculusInput pre-init called
[2017.04.19-17.50.41:535][  0]LogContentStreaming: Texture pool size now 700 MB
[2017.04.19-17.50.41:697][  1]LogFileCache: Retrieving MD5 hashes for directory 'D:/SoulStriker_MainFolder/Soul-Striker-Main/Soul Striker/Content/' took 0.18s
[2017.04.19-17.50.41:747][  2]LogRenderer: Reallocating scene render targets to support 884x420 (Frame:2).
[2017.04.19-17.50.43:874][ 55]LogAssetRegistry: Asset discovery search completed in 14.7455 seconds
[2017.04.19-17.50.43:874][ 55]LogCollectionManager: Rebuilt the object cache for 0 collections in 0.000001 seconds (found 0 objects)
[2017.04.19-17.50.43:875][ 55]LogCollectionManager: Fixed up redirectors for 0 collections in 0.000044 seconds (updated 0 objects)
[2017.04.19-17.50.59:064][494]LogScriptCore:Warning: Attempted to get an item from array CallFunc_GetAllActorsOfClass_OutActors out of bounds [0/0]!

[2017.04.19-17.50.59:064][494]LogScript:Warning: Accessed None trying to read property CallFunc_Array_Get_Item
	spiritOrbOG_C /Engine/Transient.World_2:PersistentLevel.spiritOrbOG_C_0
	Function /Game/bluePrints/spiritOrbOG.spiritOrbOG_C:ExecuteUbergraph_spiritOrbOG:011E
[2017.04.19-17.50.59:064][494]LogScript:Warning: Attempted to assign to None
	spiritOrbOG_C /Engine/Transient.World_2:PersistentLevel.spiritOrbOG_C_0
	Function /Game/bluePrints/spiritOrbOG.spiritOrbOG_C:ExecuteUbergraph_spiritOrbOG:0133
[2017.04.19-17.50.59:089][496]LogScriptCore:Warning: Attempted to get an item from array CallFunc_GetAllActorsOfClass_OutActors out of bounds [0/0]!

[2017.04.19-17.50.59:089][496]LogScript:Warning: Accessed None trying to read property CallFunc_Array_Get_Item
	spiritOrbOG_C /Engine/Transient.World_2:PersistentLevel.spiritOrbOG_C_1
	Function /Game/bluePrints/spiritOrbOG.spiritOrbOG_C:ExecuteUbergraph_spiritOrbOG:011E
[2017.04.19-17.50.59:089][496]LogScript:Warning: Attempted to assign to None
	spiritOrbOG_C /Engine/Transient.World_2:PersistentLevel.spiritOrbOG_C_1
	Function /Game/bluePrints/spiritOrbOG.spiritOrbOG_C:ExecuteUbergraph_spiritOrbOG:0133
[2017.04.19-17.50.59:098][497]LogScriptCore:Warning: Attempted to get an item from array CallFunc_GetAllActorsOfClass_OutActors out of bounds [0/0]!

[2017.04.19-17.50.59:098][497]LogScript:Warning: Accessed None trying to read property CallFunc_Array_Get_Item
	spiritOrbOG_C /Engine/Transient.World_2:PersistentLevel.spiritOrbOG_C_2
	Function /Game/bluePrints/spiritOrbOG.spiritOrbOG_C:ExecuteUbergraph_spiritOrbOG:011E
[2017.04.19-17.50.59:098][497]LogScript:Warning: Attempted to assign to None
	spiritOrbOG_C /Engine/Transient.World_2:PersistentLevel.spiritOrbOG_C_2
	Function /Game/bluePrints/spiritOrbOG.spiritOrbOG_C:ExecuteUbergraph_spiritOrbOG:0133
[2017.04.19-17.50.59:116][499]LogScriptCore:Warning: Attempted to get an item from array CallFunc_GetAllActorsOfClass_OutActors out of bounds [0/0]!

[2017.04.19-17.50.59:116][499]LogScript:Warning: Accessed None trying to read property CallFunc_Array_Get_Item
	spiritOrbOG_C /Engine/Transient.World_2:PersistentLevel.spiritOrbOG_C_3
	Function /Game/bluePrints/spiritOrbOG.spiritOrbOG_C:ExecuteUbergraph_spiritOrbOG:011E
[2017.04.19-17.50.59:116][499]LogScript:Warning: Attempted to assign to None
	spiritOrbOG_C /Engine/Transient.World_2:PersistentLevel.spiritOrbOG_C_3
	Function /Game/bluePrints/spiritOrbOG.spiritOrbOG_C:ExecuteUbergraph_spiritOrbOG:0133
[2017.04.19-17.50.59:142][501]LogScriptCore:Warning: Attempted to get an item from array CallFunc_GetAllActorsOfClass_OutActors out of bounds [0/0]!

[2017.04.19-17.50.59:142][501]LogScript:Warning: Accessed None trying to read property CallFunc_Array_Get_Item
	spiritOrbOG_C /Engine/Transient.World_2:PersistentLevel.spiritOrbOG_C_4
	Function /Game/bluePrints/spiritOrbOG.spiritOrbOG_C:ExecuteUbergraph_spiritOrbOG:011E
[2017.04.19-17.50.59:142][501]LogScript:Warning: Attempted to assign to None
	spiritOrbOG_C /Engine/Transient.World_2:PersistentLevel.spiritOrbOG_C_4
	Function /Game/bluePrints/spiritOrbOG.spiritOrbOG_C:ExecuteUbergraph_spiritOrbOG:0133
[2017.04.19-17.50.59:165][503]LogScriptCore:Warning: Attempted to get an item from array CallFunc_GetAllActorsOfClass_OutActors out of bounds [0/0]!

[2017.04.19-17.50.59:165][503]LogScript:Warning: Accessed None trying to read property CallFunc_Array_Get_Item
	spiritOrbOG_C /Engine/Transient.World_2:PersistentLevel.spiritOrbOG_C_5
	Function /Game/bluePrints/spiritOrbOG.spiritOrbOG_C:ExecuteUbergraph_spiritOrbOG:011E
[2017.04.19-17.50.59:165][503]LogScript:Warning: Attempted to assign to None
	spiritOrbOG_C /Engine/Transient.World_2:PersistentLevel.spiritOrbOG_C_5
	Function /Game/bluePrints/spiritOrbOG.spiritOrbOG_C:ExecuteUbergraph_spiritOrbOG:0133
[2017.04.19-17.50.59:190][505]LogScriptCore:Warning: Attempted to get an item from array CallFunc_GetAllActorsOfClass_OutActors out of bounds [0/0]!

[2017.04.19-17.50.59:190][505]LogScript:Warning: Accessed None trying to read property CallFunc_Array_Get_Item
	spiritOrbOG_C /Engine/Transient.World_2:PersistentLevel.spiritOrbOG_C_6
	Function /Game/bluePrints/spiritOrbOG.spiritOrbOG_C:ExecuteUbergraph_spiritOrbOG:011E
[2017.04.19-17.50.59:190][505]LogScript:Warning: Attempted to assign to None
	spiritOrbOG_C /Engine/Transient.World_2:PersistentLevel.spiritOrbOG_C_6
	Function /Game/bluePrints/spiritOrbOG.spiritOrbOG_C:ExecuteUbergraph_spiritOrbOG:0133
[2017.04.19-17.50.59:215][507]LogScriptCore:Warning: Attempted to get an item from array CallFunc_GetAllActorsOfClass_OutActors out of bounds [0/0]!

[2017.04.19-17.50.59:215][507]LogScript:Warning: Accessed None trying to read property CallFunc_Array_Get_Item
	spiritOrbOG_C /Engine/Transient.World_2:PersistentLevel.spiritOrbOG_C_7
	Function /Game/bluePrints/spiritOrbOG.spiritOrbOG_C:ExecuteUbergraph_spiritOrbOG:011E
[2017.04.19-17.50.59:215][507]LogScript:Warning: Attempted to assign to None
	spiritOrbOG_C /Engine/Transient.World_2:PersistentLevel.spiritOrbOG_C_7
	Function /Game/bluePrints/spiritOrbOG.spiritOrbOG_C:ExecuteUbergraph_spiritOrbOG:0133
[2017.04.19-17.50.59:240][509]LogScriptCore:Warning: Attempted to get an item from array CallFunc_GetAllActorsOfClass_OutActors out of bounds [0/0]!

[2017.04.19-17.50.59:240][509]LogScript:Warning: Accessed None trying to read property CallFunc_Array_Get_Item
	spiritOrbOG_C /Engine/Transient.World_2:PersistentLevel.spiritOrbOG_C_8
	Function /Game/bluePrints/spiritOrbOG.spiritOrbOG_C:ExecuteUbergraph_spiritOrbOG:011E
[2017.04.19-17.50.59:240][509]LogScript:Warning: Attempted to assign to None
	spiritOrbOG_C /Engine/Transient.World_2:PersistentLevel.spiritOrbOG_C_8
	Function /Game/bluePrints/spiritOrbOG.spiritOrbOG_C:ExecuteUbergraph_spiritOrbOG:0133
[2017.04.19-17.50.59:266][511]LogScriptCore:Warning: Attempted to get an item from array CallFunc_GetAllActorsOfClass_OutActors out of bounds [0/0]!

[2017.04.19-17.50.59:266][511]LogScript:Warning: Accessed None trying to read property CallFunc_Array_Get_Item
	spiritOrbOG_C /Engine/Transient.World_2:PersistentLevel.spiritOrbOG_C_9
	Function /Game/bluePrints/spiritOrbOG.spiritOrbOG_C:ExecuteUbergraph_spiritOrbOG:011E
[2017.04.19-17.50.59:266][511]LogScript:Warning: Attempted to assign to None
	spiritOrbOG_C /Engine/Transient.World_2:PersistentLevel.spiritOrbOG_C_9
	Function /Game/bluePrints/spiritOrbOG.spiritOrbOG_C:ExecuteUbergraph_spiritOrbOG:0133
[2017.04.19-17.50.59:310][513]LogScriptCore:Warning: Attempted to get an item from array CallFunc_GetAllActorsOfClass_OutActors out of bounds [0/0]!

[2017.04.19-17.50.59:310][513]LogScript:Warning: Accessed None trying to read property CallFunc_Array_Get_Item
	spiritOrbOG_C /Engine/Transient.World_2:PersistentLevel.spiritOrbOG_C_10
	Function /Game/bluePrints/spiritOrbOG.spiritOrbOG_C:ExecuteUbergraph_spiritOrbOG:011E
[2017.04.19-17.50.59:310][513]LogScript:Warning: Attempted to assign to None
	spiritOrbOG_C /Engine/Transient.World_2:PersistentLevel.spiritOrbOG_C_10
	Function /Game/bluePrints/spiritOrbOG.spiritOrbOG_C:ExecuteUbergraph_spiritOrbOG:0133
[2017.04.19-17.50.59:395][515]LogScriptCore:Warning: Attempted to get an item from array CallFunc_GetAllActorsOfClass_OutActors out of bounds [0/0]!

[2017.04.19-17.50.59:396][515]LogScript:Warning: Accessed None trying to read property CallFunc_Array_Get_Item
	spiritOrbOG_C /Engine/Transient.World_2:PersistentLevel.spiritOrbOG_C_11
	Function /Game/bluePrints/spiritOrbOG.spiritOrbOG_C:ExecuteUbergraph_spiritOrbOG:011E
[2017.04.19-17.50.59:396][515]LogScript:Warning: Attempted to assign to None
	spiritOrbOG_C /Engine/Transient.World_2:PersistentLevel.spiritOrbOG_C_11
	Function /Game/bluePrints/spiritOrbOG.spiritOrbOG_C:ExecuteUbergraph_spiritOrbOG:0133
[2017.04.19-17.50.59:479][517]LogScriptCore:Warning: Attempted to get an item from array CallFunc_GetAllActorsOfClass_OutActors out of bounds [0/0]!

[2017.04.19-17.50.59:479][517]LogScript:Warning: Accessed None trying to read property CallFunc_Array_Get_Item
	spiritOrbOG_C /Engine/Transient.World_2:PersistentLevel.spiritOrbOG_C_12
	Function /Game/bluePrints/spiritOrbOG.spiritOrbOG_C:ExecuteUbergraph_spiritOrbOG:011E
[2017.04.19-17.50.59:480][517]LogScript:Warning: Attempted to assign to None
	spiritOrbOG_C /Engine/Transient.World_2:PersistentLevel.spiritOrbOG_C_12
	Function /Game/bluePrints/spiritOrbOG.spiritOrbOG_C:ExecuteUbergraph_spiritOrbOG:0133
[2017.04.19-17.50.59:513][519]LogScriptCore:Warning: Attempted to get an item from array CallFunc_GetAllActorsOfClass_OutActors out of bounds [0/0]!

[2017.04.19-17.50.59:513][519]LogScript:Warning: Accessed None trying to read property CallFunc_Array_Get_Item
	spiritOrbOG_C /Engine/Transient.World_2:PersistentLevel.spiritOrbOG_C_13
	Function /Game/bluePrints/spiritOrbOG.spiritOrbOG_C:ExecuteUbergraph_spiritOrbOG:011E
[2017.04.19-17.50.59:513][519]LogScript:Warning: Attempted to assign to None
	spiritOrbOG_C /Engine/Transient.World_2:PersistentLevel.spiritOrbOG_C_13
	Function /Game/bluePrints/spiritOrbOG.spiritOrbOG_C:ExecuteUbergraph_spiritOrbOG:0133
[2017.04.19-17.50.59:538][521]LogScriptCore:Warning: Attempted to get an item from array CallFunc_GetAllActorsOfClass_OutActors out of bounds [0/0]!

[2017.04.19-17.50.59:538][521]LogScript:Warning: Accessed None trying to read property CallFunc_Array_Get_Item
	spiritOrbOG_C /Engine/Transient.World_2:PersistentLevel.spiritOrbOG_C_14
	Function /Game/bluePrints/spiritOrbOG.spiritOrbOG_C:ExecuteUbergraph_spiritOrbOG:011E
[2017.04.19-17.50.59:538][521]LogScript:Warning: Attempted to assign to None
	spiritOrbOG_C /Engine/Transient.World_2:PersistentLevel.spiritOrbOG_C_14
	Function /Game/bluePrints/spiritOrbOG.spiritOrbOG_C:ExecuteUbergraph_spiritOrbOG:0133
[2017.04.19-17.50.59:563][523]LogScriptCore:Warning: Attempted to get an item from array CallFunc_GetAllActorsOfClass_OutActors out of bounds [0/0]!

[2017.04.19-17.50.59:563][523]LogScript:Warning: Accessed None trying to read property CallFunc_Array_Get_Item
	spiritOrbOG_C /Engine/Transient.World_2:PersistentLevel.spiritOrbOG_C_15
	Function /Game/bluePrints/spiritOrbOG.spiritOrbOG_C:ExecuteUbergraph_spiritOrbOG:011E
[2017.04.19-17.50.59:563][523]LogScript:Warning: Attempted to assign to None
	spiritOrbOG_C /Engine/Transient.World_2:PersistentLevel.spiritOrbOG_C_15
	Function /Game/bluePrints/spiritOrbOG.spiritOrbOG_C:ExecuteUbergraph_spiritOrbOG:0133
[2017.04.19-17.50.59:606][525]LogScriptCore:Warning: Attempted to get an item from array CallFunc_GetAllActorsOfClass_OutActors out of bounds [0/0]!

[2017.04.19-17.50.59:606][525]LogScript:Warning: Accessed None trying to read property CallFunc_Array_Get_Item
	spiritOrbOG_C /Engine/Transient.World_2:PersistentLevel.spiritOrbOG_C_16
	Function /Game/bluePrints/spiritOrbOG.spiritOrbOG_C:ExecuteUbergraph_spiritOrbOG:011E
[2017.04.19-17.50.59:606][525]LogScript:Warning: Attempted to assign to None
	spiritOrbOG_C /Engine/Transient.World_2:PersistentLevel.spiritOrbOG_C_16
	Function /Game/bluePrints/spiritOrbOG.spiritOrbOG_C:ExecuteUbergraph_spiritOrbOG:0133
[2017.04.19-17.50.59:697][527]LogScriptCore:Warning: Attempted to get an item from array CallFunc_GetAllActorsOfClass_OutActors out of bounds [0/0]!

[2017.04.19-17.50.59:697][527]LogScript:Warning: Accessed None trying to read property CallFunc_Array_Get_Item
	spiritOrbOG_C /Engine/Transient.World_2:PersistentLevel.spiritOrbOG_C_17
	Function /Game/bluePrints/spiritOrbOG.spiritOrbOG_C:ExecuteUbergraph_spiritOrbOG:011E
[2017.04.19-17.50.59:697][527]LogScript:Warning: Attempted to assign to None
	spiritOrbOG_C /Engine/Transient.World_2:PersistentLevel.spiritOrbOG_C_17
	Function /Game/bluePrints/spiritOrbOG.spiritOrbOG_C:ExecuteUbergraph_spiritOrbOG:0133
[2017.04.19-17.50.59:850][541]LogScriptCore:Warning: Attempted to get an item from array CallFunc_GetAllActorsOfClass_OutActors out of bounds [0/0]!

[2017.04.19-17.50.59:851][541]LogScript:Warning: Accessed None trying to read property CallFunc_Array_Get_Item
	spiritOrbOG_C /Engine/Transient.World_2:PersistentLevel.spiritOrbOG_C_18
	Function /Game/bluePrints/spiritOrbOG.spiritOrbOG_C:ExecuteUbergraph_spiritOrbOG:011E
[2017.04.19-17.50.59:851][541]LogScript:Warning: Attempted to assign to None
	spiritOrbOG_C /Engine/Transient.World_2:PersistentLevel.spiritOrbOG_C_18
	Function /Game/bluePrints/spiritOrbOG.spiritOrbOG_C:ExecuteUbergraph_spiritOrbOG:0133
[2017.04.19-17.50.59:884][543]LogScriptCore:Warning: Attempted to get an item from array CallFunc_GetAllActorsOfClass_OutActors out of bounds [0/0]!

[2017.04.19-17.50.59:884][543]LogScript:Warning: Accessed None trying to read property CallFunc_Array_Get_Item
	spiritOrbOG_C /Engine/Transient.World_2:PersistentLevel.spiritOrbOG_C_19
	Function /Game/bluePrints/spiritOrbOG.spiritOrbOG_C:ExecuteUbergraph_spiritOrbOG:011E
[2017.04.19-17.50.59:884][543]LogScript:Warning: Attempted to assign to None
	spiritOrbOG_C /Engine/Transient.World_2:PersistentLevel.spiritOrbOG_C_19
	Function /Game/bluePrints/spiritOrbOG.spiritOrbOG_C:ExecuteUbergraph_spiritOrbOG:0133
[2017.04.19-17.50.59:977][545]LogScriptCore:Warning: Attempted to get an item from array CallFunc_GetAllActorsOfClass_OutActors out of bounds [0/0]!

[2017.04.19-17.50.59:977][545]LogScript:Warning: Accessed None trying to read property CallFunc_Array_Get_Item
	spiritOrbOG_C /Engine/Transient.World_2:PersistentLevel.spiritOrbOG_C_20
	Function /Game/bluePrints/spiritOrbOG.spiritOrbOG_C:ExecuteUbergraph_spiritOrbOG:011E
[2017.04.19-17.50.59:977][545]LogScript:Warning: Attempted to assign to None
	spiritOrbOG_C /Engine/Transient.World_2:PersistentLevel.spiritOrbOG_C_20
	Function /Game/bluePrints/spiritOrbOG.spiritOrbOG_C:ExecuteUbergraph_spiritOrbOG:0133
[2017.04.19-17.51.00:065][547]LogScriptCore:Warning: Attempted to get an item from array CallFunc_GetAllActorsOfClass_OutActors out of bounds [0/0]!

[2017.04.19-17.51.00:065][547]LogScript:Warning: Accessed None trying to read property CallFunc_Array_Get_Item
	spiritOrbOG_C /Engine/Transient.World_2:PersistentLevel.spiritOrbOG_C_21
	Function /Game/bluePrints/spiritOrbOG.spiritOrbOG_C:ExecuteUbergraph_spiritOrbOG:011E
[2017.04.19-17.51.00:065][547]LogScript:Warning: Attempted to assign to None
	spiritOrbOG_C /Engine/Transient.World_2:PersistentLevel.spiritOrbOG_C_21
	Function /Game/bluePrints/spiritOrbOG.spiritOrbOG_C:ExecuteUbergraph_spiritOrbOG:0133
[2017.04.19-17.51.00:158][549]LogScriptCore:Warning: Attempted to get an item from array CallFunc_GetAllActorsOfClass_OutActors out of bounds [0/0]!

[2017.04.19-17.51.00:158][549]LogScript:Warning: Accessed None trying to read property CallFunc_Array_Get_Item
	spiritOrbOG_C /Engine/Transient.World_2:PersistentLevel.spiritOrbOG_C_22
	Function /Game/bluePrints/spiritOrbOG.spiritOrbOG_C:ExecuteUbergraph_spiritOrbOG:011E
[2017.04.19-17.51.00:158][549]LogScript:Warning: Attempted to assign to None
	spiritOrbOG_C /Engine/Transient.World_2:PersistentLevel.spiritOrbOG_C_22
	Function /Game/bluePrints/spiritOrbOG.spiritOrbOG_C:ExecuteUbergraph_spiritOrbOG:0133
[2017.04.19-17.51.00:252][551]LogScriptCore:Warning: Attempted to get an item from array CallFunc_GetAllActorsOfClass_OutActors out of bounds [0/0]!

[2017.04.19-17.51.00:252][551]LogScript:Warning: Accessed None trying to read property CallFunc_Array_Get_Item
	spiritOrbOG_C /Engine/Transient.World_2:PersistentLevel.spiritOrbOG_C_23
	Function /Game/bluePrints/spiritOrbOG.spiritOrbOG_C:ExecuteUbergraph_spiritOrbOG:011E
[2017.04.19-17.51.00:252][551]LogScript:Warning: Attempted to assign to None
	spiritOrbOG_C /Engine/Transient.World_2:PersistentLevel.spiritOrbOG_C_23
	Function /Game/bluePrints/spiritOrbOG.spiritOrbOG_C:ExecuteUbergraph_spiritOrbOG:0133
[2017.04.19-17.51.00:343][553]LogScriptCore:Warning: Attempted to get an item from array CallFunc_GetAllActorsOfClass_OutActors out of bounds [0/0]!

[2017.04.19-17.51.00:343][553]LogScript:Warning: Accessed None trying to read property CallFunc_Array_Get_Item
	spiritOrbOG_C /Engine/Transient.World_2:PersistentLevel.spiritOrbOG_C_24
	Function /Game/bluePrints/spiritOrbOG.spiritOrbOG_C:ExecuteUbergraph_spiritOrbOG:011E
[2017.04.19-17.51.00:343][553]LogScript:Warning: Attempted to assign to None
	spiritOrbOG_C /Engine/Transient.World_2:PersistentLevel.spiritOrbOG_C_24
	Function /Game/bluePrints/spiritOrbOG.spiritOrbOG_C:ExecuteUbergraph_spiritOrbOG:0133
[2017.04.19-17.51.00:405][555]LogScriptCore:Warning: Attempted to get an item from array CallFunc_GetAllActorsOfClass_OutActors out of bounds [0/0]!

[2017.04.19-17.51.00:405][555]LogScript:Warning: Accessed None trying to read property CallFunc_Array_Get_Item
	spiritOrbOG_C /Engine/Transient.World_2:PersistentLevel.spiritOrbOG_C_25
	Function /Game/bluePrints/spiritOrbOG.spiritOrbOG_C:ExecuteUbergraph_spiritOrbOG:011E
[2017.04.19-17.51.00:405][555]LogScript:Warning: Attempted to assign to None
	spiritOrbOG_C /Engine/Transient.World_2:PersistentLevel.spiritOrbOG_C_25
	Function /Game/bluePrints/spiritOrbOG.spiritOrbOG_C:ExecuteUbergraph_spiritOrbOG:0133
[2017.04.19-17.51.00:426][557]LogScriptCore:Warning: Attempted to get an item from array CallFunc_GetAllActorsOfClass_OutActors out of bounds [0/0]!

[2017.04.19-17.51.00:426][557]LogScript:Warning: Accessed None trying to read property CallFunc_Array_Get_Item
	spiritOrbOG_C /Engine/Transient.World_2:PersistentLevel.spiritOrbOG_C_26
	Function /Game/bluePrints/spiritOrbOG.spiritOrbOG_C:ExecuteUbergraph_spiritOrbOG:011E
[2017.04.19-17.51.00:426][557]LogScript:Warning: Attempted to assign to None
	spiritOrbOG_C /Engine/Transient.World_2:PersistentLevel.spiritOrbOG_C_26
	Function /Game/bluePrints/spiritOrbOG.spiritOrbOG_C:ExecuteUbergraph_spiritOrbOG:0133
[2017.04.19-17.51.00:452][559]LogScriptCore:Warning: Attempted to get an item from array CallFunc_GetAllActorsOfClass_OutActors out of bounds [0/0]!

[2017.04.19-17.51.00:452][559]LogScript:Warning: Accessed None trying to read property CallFunc_Array_Get_Item
	spiritOrbOG_C /Engine/Transient.World_2:PersistentLevel.spiritOrbOG_C_27
	Function /Game/bluePrints/spiritOrbOG.spiritOrbOG_C:ExecuteUbergraph_spiritOrbOG:011E
[2017.04.19-17.51.00:452][559]LogScript:Warning: Attempted to assign to None
	spiritOrbOG_C /Engine/Transient.World_2:PersistentLevel.spiritOrbOG_C_27
	Function /Game/bluePrints/spiritOrbOG.spiritOrbOG_C:ExecuteUbergraph_spiritOrbOG:0133
[2017.04.19-17.51.00:476][561]LogScriptCore:Warning: Attempted to get an item from array CallFunc_GetAllActorsOfClass_OutActors out of bounds [0/0]!

[2017.04.19-17.51.00:476][561]LogScript:Warning: Accessed None trying to read property CallFunc_Array_Get_Item
	spiritOrbOG_C /Engine/Transient.World_2:PersistentLevel.spiritOrbOG_C_28
	Function /Game/bluePrints/spiritOrbOG.spiritOrbOG_C:ExecuteUbergraph_spiritOrbOG:011E
[2017.04.19-17.51.00:476][561]LogScript:Warning: Attempted to assign to None
	spiritOrbOG_C /Engine/Transient.World_2:PersistentLevel.spiritOrbOG_C_28
	Function /Game/bluePrints/spiritOrbOG.spiritOrbOG_C:ExecuteUbergraph_spiritOrbOG:0133
[2017.04.19-17.51.00:501][563]LogScriptCore:Warning: Attempted to get an item from array CallFunc_GetAllActorsOfClass_OutActors out of bounds [0/0]!

[2017.04.19-17.51.00:501][563]LogScript:Warning: Accessed None trying to read property CallFunc_Array_Get_Item
	spiritOrbOG_C /Engine/Transient.World_2:PersistentLevel.spiritOrbOG_C_29
	Function /Game/bluePrints/spiritOrbOG.spiritOrbOG_C:ExecuteUbergraph_spiritOrbOG:011E
[2017.04.19-17.51.00:501][563]LogScript:Warning: Attempted to assign to None
	spiritOrbOG_C /Engine/Transient.World_2:PersistentLevel.spiritOrbOG_C_29
	Function /Game/bluePrints/spiritOrbOG.spiritOrbOG_C:ExecuteUbergraph_spiritOrbOG:0133
[2017.04.19-17.51.00:524][565]LogScriptCore:Warning: Attempted to get an item from array CallFunc_GetAllActorsOfClass_OutActors out of bounds [0/0]!

[2017.04.19-17.51.00:524][565]LogScript:Warning: Accessed None trying to read property CallFunc_Array_Get_Item
	spiritOrbOG_C /Engine/Transient.World_2:PersistentLevel.spiritOrbOG_C_30
	Function /Game/bluePrints/spiritOrbOG.spiritOrbOG_C:ExecuteUbergraph_spiritOrbOG:011E
[2017.04.19-17.51.00:524][565]LogScript:Warning: Attempted to assign to None
	spiritOrbOG_C /Engine/Transient.World_2:PersistentLevel.spiritOrbOG_C_30
	Function /Game/bluePrints/spiritOrbOG.spiritOrbOG_C:ExecuteUbergraph_spiritOrbOG:0133
[2017.04.19-17.51.00:548][567]LogScriptCore:Warning: Attempted to get an item from array CallFunc_GetAllActorsOfClass_OutActors out of bounds [0/0]!

[2017.04.19-17.51.00:548][567]LogScript:Warning: Accessed None trying to read property CallFunc_Array_Get_Item
	spiritOrbOG_C /Engine/Transient.World_2:PersistentLevel.spiritOrbOG_C_31
	Function /Game/bluePrints/spiritOrbOG.spiritOrbOG_C:ExecuteUbergraph_spiritOrbOG:011E
[2017.04.19-17.51.00:548][567]LogScript:Warning: Attempted to assign to None
	spiritOrbOG_C /Engine/Transient.World_2:PersistentLevel.spiritOrbOG_C_31
	Function /Game/bluePrints/spiritOrbOG.spiritOrbOG_C:ExecuteUbergraph_spiritOrbOG:0133
[2017.04.19-17.51.02:508][733]LogRenderer: Reallocating scene render targets to support 892x436 (Frame:907).
[2017.04.19-17.51.02:671][741]LogScriptCore:Warning: Attempted to get an item from array CallFunc_GetAllActorsOfClass_OutActors out of bounds [0/0]!

[2017.04.19-17.51.02:672][741]LogScript:Warning: Accessed None trying to read property CallFunc_Array_Get_Item
	spiritOrbOG_C /Engine/Transient.World_2:PersistentLevel.spiritOrbOG_C_32
	Function /Game/bluePrints/spiritOrbOG.spiritOrbOG_C:ExecuteUbergraph_spiritOrbOG:011E
[2017.04.19-17.51.02:672][741]LogScript:Warning: Attempted to assign to None
	spiritOrbOG_C /Engine/Transient.World_2:PersistentLevel.spiritOrbOG_C_32
	Function /Game/bluePrints/spiritOrbOG.spiritOrbOG_C:ExecuteUbergraph_spiritOrbOG:0133
[2017.04.19-17.51.02:698][743]LogScriptCore:Warning: Attempted to get an item from array CallFunc_GetAllActorsOfClass_OutActors out of bounds [0/0]!

[2017.04.19-17.51.02:698][743]LogScript:Warning: Accessed None trying to read property CallFunc_Array_Get_Item
	spiritOrbOG_C /Engine/Transient.World_2:PersistentLevel.spiritOrbOG_C_33
	Function /Game/bluePrints/spiritOrbOG.spiritOrbOG_C:ExecuteUbergraph_spiritOrbOG:011E
[2017.04.19-17.51.02:699][743]LogScript:Warning: Attempted to assign to None
	spiritOrbOG_C /Engine/Transient.World_2:PersistentLevel.spiritOrbOG_C_33
	Function /Game/bluePrints/spiritOrbOG.spiritOrbOG_C:ExecuteUbergraph_spiritOrbOG:0133
[2017.04.19-17.51.02:738][745]LogScriptCore:Warning: Attempted to get an item from array CallFunc_GetAllActorsOfClass_OutActors out of bounds [0/0]!

[2017.04.19-17.51.02:738][745]LogScript:Warning: Accessed None trying to read property CallFunc_Array_Get_Item
	spiritOrbOG_C /Engine/Transient.World_2:PersistentLevel.spiritOrbOG_C_34
	Function /Game/bluePrints/spiritOrbOG.spiritOrbOG_C:ExecuteUbergraph_spiritOrbOG:011E
[2017.04.19-17.51.02:738][745]LogScript:Warning: Attempted to assign to None
	spiritOrbOG_C /Engine/Transient.World_2:PersistentLevel.spiritOrbOG_C_34
	Function /Game/bluePrints/spiritOrbOG.spiritOrbOG_C:ExecuteUbergraph_spiritOrbOG:0133
[2017.04.19-17.51.02:829][747]LogScriptCore:Warning: Attempted to get an item from array CallFunc_GetAllActorsOfClass_OutActors out of bounds [0/0]!

[2017.04.19-17.51.02:829][747]LogScript:Warning: Accessed None trying to read property CallFunc_Array_Get_Item
	spiritOrbOG_C /Engine/Transient.World_2:PersistentLevel.spiritOrbOG_C_35
	Function /Game/bluePrints/spiritOrbOG.spiritOrbOG_C:ExecuteUbergraph_spiritOrbOG:011E
[2017.04.19-17.51.02:829][747]LogScript:Warning: Attempted to assign to None
	spiritOrbOG_C /Engine/Transient.World_2:PersistentLevel.spiritOrbOG_C_35
	Function /Game/bluePrints/spiritOrbOG.spiritOrbOG_C:ExecuteUbergraph_spiritOrbOG:0133
[2017.04.19-17.51.02:863][749]LogScriptCore:Warning: Attempted to get an item from array CallFunc_GetAllActorsOfClass_OutActors out of bounds [0/0]!

[2017.04.19-17.51.02:863][749]LogScript:Warning: Accessed None trying to read property CallFunc_Array_Get_Item
	spiritOrbOG_C /Engine/Transient.World_2:PersistentLevel.spiritOrbOG_C_36
	Function /Game/bluePrints/spiritOrbOG.spiritOrbOG_C:ExecuteUbergraph_spiritOrbOG:011E
[2017.04.19-17.51.02:863][749]LogScript:Warning: Attempted to assign to None
	spiritOrbOG_C /Engine/Transient.World_2:PersistentLevel.spiritOrbOG_C_36
	Function /Game/bluePrints/spiritOrbOG.spiritOrbOG_C:ExecuteUbergraph_spiritOrbOG:0133
[2017.04.19-17.51.02:889][751]LogScriptCore:Warning: Attempted to get an item from array CallFunc_GetAllActorsOfClass_OutActors out of bounds [0/0]!

[2017.04.19-17.51.02:889][751]LogScript:Warning: Accessed None trying to read property CallFunc_Array_Get_Item
	spiritOrbOG_C /Engine/Transient.World_2:PersistentLevel.spiritOrbOG_C_37
	Function /Game/bluePrints/spiritOrbOG.spiritOrbOG_C:ExecuteUbergraph_spiritOrbOG:011E
[2017.04.19-17.51.02:889][751]LogScript:Warning: Attempted to assign to None
	spiritOrbOG_C /Engine/Transient.World_2:PersistentLevel.spiritOrbOG_C_37
	Function /Game/bluePrints/spiritOrbOG.spiritOrbOG_C:ExecuteUbergraph_spiritOrbOG:0133
[2017.04.19-17.51.02:923][753]LogScriptCore:Warning: Attempted to get an item from array CallFunc_GetAllActorsOfClass_OutActors out of bounds [0/0]!

[2017.04.19-17.51.02:923][753]LogScript:Warning: Accessed None trying to read property CallFunc_Array_Get_Item
	spiritOrbOG_C /Engine/Transient.World_2:PersistentLevel.spiritOrbOG_C_38
	Function /Game/bluePrints/spiritOrbOG.spiritOrbOG_C:ExecuteUbergraph_spiritOrbOG:011E
[2017.04.19-17.51.02:924][753]LogScript:Warning: Attempted to assign to None
	spiritOrbOG_C /Engine/Transient.World_2:PersistentLevel.spiritOrbOG_C_38
	Function /Game/bluePrints/spiritOrbOG.spiritOrbOG_C:ExecuteUbergraph_spiritOrbOG:0133
[2017.04.19-17.51.02:957][755]LogScriptCore:Warning: Attempted to get an item from array CallFunc_GetAllActorsOfClass_OutActors out of bounds [0/0]!

[2017.04.19-17.51.02:958][755]LogScript:Warning: Accessed None trying to read property CallFunc_Array_Get_Item
	spiritOrbOG_C /Engine/Transient.World_2:PersistentLevel.spiritOrbOG_C_39
	Function /Game/bluePrints/spiritOrbOG.spiritOrbOG_C:ExecuteUbergraph_spiritOrbOG:011E
[2017.04.19-17.51.02:958][755]LogScript:Warning: Attempted to assign to None
	spiritOrbOG_C /Engine/Transient.World_2:PersistentLevel.spiritOrbOG_C_39
	Function /Game/bluePrints/spiritOrbOG.spiritOrbOG_C:ExecuteUbergraph_spiritOrbOG:0133
[2017.04.19-17.51.02:979][757]LogScriptCore:Warning: Attempted to get an item from array CallFunc_GetAllActorsOfClass_OutActors out of bounds [0/0]!

[2017.04.19-17.51.02:979][757]LogScript:Warning: Accessed None trying to read property CallFunc_Array_Get_Item
	spiritOrbOG_C /Engine/Transient.World_2:PersistentLevel.spiritOrbOG_C_40
	Function /Game/bluePrints/spiritOrbOG.spiritOrbOG_C:ExecuteUbergraph_spiritOrbOG:011E
[2017.04.19-17.51.02:979][757]LogScript:Warning: Attempted to assign to None
	spiritOrbOG_C /Engine/Transient.World_2:PersistentLevel.spiritOrbOG_C_40
	Function /Game/bluePrints/spiritOrbOG.spiritOrbOG_C:ExecuteUbergraph_spiritOrbOG:0133
[2017.04.19-17.51.03:042][759]LogScriptCore:Warning: Attempted to get an item from array CallFunc_GetAllActorsOfClass_OutActors out of bounds [0/0]!

[2017.04.19-17.51.03:043][759]LogScript:Warning: Accessed None trying to read property CallFunc_Array_Get_Item
	spiritOrbOG_C /Engine/Transient.World_2:PersistentLevel.spiritOrbOG_C_41
	Function /Game/bluePrints/spiritOrbOG.spiritOrbOG_C:ExecuteUbergraph_spiritOrbOG:011E
[2017.04.19-17.51.03:043][759]LogScript:Warning: Attempted to assign to None
	spiritOrbOG_C /Engine/Transient.World_2:PersistentLevel.spiritOrbOG_C_41
	Function /Game/bluePrints/spiritOrbOG.spiritOrbOG_C:ExecuteUbergraph_spiritOrbOG:0133
[2017.04.19-17.51.03:127][761]LogScriptCore:Warning: Attempted to get an item from array CallFunc_GetAllActorsOfClass_OutActors out of bounds [0/0]!

[2017.04.19-17.51.03:127][761]LogScript:Warning: Accessed None trying to read property CallFunc_Array_Get_Item
	spiritOrbOG_C /Engine/Transient.World_2:PersistentLevel.spiritOrbOG_C_42
	Function /Game/bluePrints/spiritOrbOG.spiritOrbOG_C:ExecuteUbergraph_spiritOrbOG:011E
[2017.04.19-17.51.03:127][761]LogScript:Warning: Attempted to assign to None
	spiritOrbOG_C /Engine/Transient.World_2:PersistentLevel.spiritOrbOG_C_42
	Function /Game/bluePrints/spiritOrbOG.spiritOrbOG_C:ExecuteUbergraph_spiritOrbOG:0133
[2017.04.19-17.51.03:162][763]LogScriptCore:Warning: Attempted to get an item from array CallFunc_GetAllActorsOfClass_OutActors out of bounds [0/0]!

[2017.04.19-17.51.03:162][763]LogScript:Warning: Accessed None trying to read property CallFunc_Array_Get_Item
	spiritOrbOG_C /Engine/Transient.World_2:PersistentLevel.spiritOrbOG_C_43
	Function /Game/bluePrints/spiritOrbOG.spiritOrbOG_C:ExecuteUbergraph_spiritOrbOG:011E
[2017.04.19-17.51.03:162][763]LogScript:Warning: Attempted to assign to None
	spiritOrbOG_C /Engine/Transient.World_2:PersistentLevel.spiritOrbOG_C_43
	Function /Game/bluePrints/spiritOrbOG.spiritOrbOG_C:ExecuteUbergraph_spiritOrbOG:0133
[2017.04.19-17.51.03:180][765]LogScriptCore:Warning: Attempted to get an item from array CallFunc_GetAllActorsOfClass_OutActors out of bounds [0/0]!

[2017.04.19-17.51.03:180][765]LogScript:Warning: Accessed None trying to read property CallFunc_Array_Get_Item
	spiritOrbOG_C /Engine/Transient.World_2:PersistentLevel.spiritOrbOG_C_44
	Function /Game/bluePrints/spiritOrbOG.spiritOrbOG_C:ExecuteUbergraph_spiritOrbOG:011E
[2017.04.19-17.51.03:180][765]LogScript:Warning: Attempted to assign to None
	spiritOrbOG_C /Engine/Transient.World_2:PersistentLevel.spiritOrbOG_C_44
	Function /Game/bluePrints/spiritOrbOG.spiritOrbOG_C:ExecuteUbergraph_spiritOrbOG:0133
[2017.04.19-17.51.03:201][767]LogScriptCore:Warning: Attempted to get an item from array CallFunc_GetAllActorsOfClass_OutActors out of bounds [0/0]!

[2017.04.19-17.51.03:201][767]LogScript:Warning: Accessed None trying to read property CallFunc_Array_Get_Item
	spiritOrbOG_C /Engine/Transient.World_2:PersistentLevel.spiritOrbOG_C_45
	Function /Game/bluePrints/spiritOrbOG.spiritOrbOG_C:ExecuteUbergraph_spiritOrbOG:011E
[2017.04.19-17.51.03:201][767]LogScript:Warning: Attempted to assign to None
	spiritOrbOG_C /Engine/Transient.World_2:PersistentLevel.spiritOrbOG_C_45
	Function /Game/bluePrints/spiritOrbOG.spiritOrbOG_C:ExecuteUbergraph_spiritOrbOG:0133
[2017.04.19-17.51.03:224][769]LogScriptCore:Warning: Attempted to get an item from array CallFunc_GetAllActorsOfClass_OutActors out of bounds [0/0]!

[2017.04.19-17.51.03:224][769]LogScript:Warning: Accessed None trying to read property CallFunc_Array_Get_Item
	spiritOrbOG_C /Engine/Transient.World_2:PersistentLevel.spiritOrbOG_C_46
	Function /Game/bluePrints/spiritOrbOG.spiritOrbOG_C:ExecuteUbergraph_spiritOrbOG:011E
[2017.04.19-17.51.03:224][769]LogScript:Warning: Attempted to assign to None
	spiritOrbOG_C /Engine/Transient.World_2:PersistentLevel.spiritOrbOG_C_46
	Function /Game/bluePrints/spiritOrbOG.spiritOrbOG_C:ExecuteUbergraph_spiritOrbOG:0133
[2017.04.19-17.51.03:243][771]LogScriptCore:Warning: Attempted to get an item from array CallFunc_GetAllActorsOfClass_OutActors out of bounds [0/0]!

[2017.04.19-17.51.03:243][771]LogScript:Warning: Accessed None trying to read property CallFunc_Array_Get_Item
	spiritOrbOG_C /Engine/Transient.World_2:PersistentLevel.spiritOrbOG_C_47
	Function /Game/bluePrints/spiritOrbOG.spiritOrbOG_C:ExecuteUbergraph_spiritOrbOG:011E
[2017.04.19-17.51.03:243][771]LogScript:Warning: Attempted to assign to None
	spiritOrbOG_C /Engine/Transient.World_2:PersistentLevel.spiritOrbOG_C_47
	Function /Game/bluePrints/spiritOrbOG.spiritOrbOG_C:ExecuteUbergraph_spiritOrbOG:0133
[2017.04.19-17.51.03:273][773]LogScriptCore:Warning: Attempted to get an item from array CallFunc_GetAllActorsOfClass_OutActors out of bounds [0/0]!

[2017.04.19-17.51.03:273][773]LogScript:Warning: Accessed None trying to read property CallFunc_Array_Get_Item
	spiritOrbOG_C /Engine/Transient.World_2:PersistentLevel.spiritOrbOG_C_48
	Function /Game/bluePrints/spiritOrbOG.spiritOrbOG_C:ExecuteUbergraph_spiritOrbOG:011E
[2017.04.19-17.51.03:273][773]LogScript:Warning: Attempted to assign to None
	spiritOrbOG_C /Engine/Transient.World_2:PersistentLevel.spiritOrbOG_C_48
	Function /Game/bluePrints/spiritOrbOG.spiritOrbOG_C:ExecuteUbergraph_spiritOrbOG:0133
[2017.04.19-17.51.03:306][775]LogScriptCore:Warning: Attempted to get an item from array CallFunc_GetAllActorsOfClass_OutActors out of bounds [0/0]!

[2017.04.19-17.51.03:306][775]LogScript:Warning: Accessed None trying to read property CallFunc_Array_Get_Item
	spiritOrbOG_C /Engine/Transient.World_2:PersistentLevel.spiritOrbOG_C_49
	Function /Game/bluePrints/spiritOrbOG.spiritOrbOG_C:ExecuteUbergraph_spiritOrbOG:011E
[2017.04.19-17.51.03:306][775]LogScript:Warning: Attempted to assign to None
	spiritOrbOG_C /Engine/Transient.World_2:PersistentLevel.spiritOrbOG_C_49
	Function /Game/bluePrints/spiritOrbOG.spiritOrbOG_C:ExecuteUbergraph_spiritOrbOG:0133
[2017.04.19-17.51.03:324][777]LogScriptCore:Warning: Attempted to get an item from array CallFunc_GetAllActorsOfClass_OutActors out of bounds [0/0]!

[2017.04.19-17.51.03:324][777]LogScript:Warning: Accessed None trying to read property CallFunc_Array_Get_Item
	spiritOrbOG_C /Engine/Transient.World_2:PersistentLevel.spiritOrbOG_C_50
	Function /Game/bluePrints/spiritOrbOG.spiritOrbOG_C:ExecuteUbergraph_spiritOrbOG:011E
[2017.04.19-17.51.03:324][777]LogScript:Warning: Attempted to assign to None
	spiritOrbOG_C /Engine/Transient.World_2:PersistentLevel.spiritOrbOG_C_50
	Function /Game/bluePrints/spiritOrbOG.spiritOrbOG_C:ExecuteUbergraph_spiritOrbOG:0133
[2017.04.19-17.51.03:346][779]LogScriptCore:Warning: Attempted to get an item from array CallFunc_GetAllActorsOfClass_OutActors out of bounds [0/0]!

[2017.04.19-17.51.03:346][779]LogScript:Warning: Accessed None trying to read property CallFunc_Array_Get_Item
	spiritOrbOG_C /Engine/Transient.World_2:PersistentLevel.spiritOrbOG_C_51
	Function /Game/bluePrints/spiritOrbOG.spiritOrbOG_C:ExecuteUbergraph_spiritOrbOG:011E
[2017.04.19-17.51.03:346][779]LogScript:Warning: Attempted to assign to None
	spiritOrbOG_C /Engine/Transient.World_2:PersistentLevel.spiritOrbOG_C_51
	Function /Game/bluePrints/spiritOrbOG.spiritOrbOG_C:ExecuteUbergraph_spiritOrbOG:0133
[2017.04.19-17.51.03:362][781]LogScriptCore:Warning: Attempted to get an item from array CallFunc_GetAllActorsOfClass_OutActors out of bounds [0/0]!

[2017.04.19-17.51.03:362][781]LogScript:Warning: Accessed None trying to read property CallFunc_Array_Get_Item
	spiritOrbOG_C /Engine/Transient.World_2:PersistentLevel.spiritOrbOG_C_52
	Function /Game/bluePrints/spiritOrbOG.spiritOrbOG_C:ExecuteUbergraph_spiritOrbOG:011E
[2017.04.19-17.51.03:362][781]LogScript:Warning: Attempted to assign to None
	spiritOrbOG_C /Engine/Transient.World_2:PersistentLevel.spiritOrbOG_C_52
	Function /Game/bluePrints/spiritOrbOG.spiritOrbOG_C:ExecuteUbergraph_spiritOrbOG:0133
[2017.04.19-17.51.03:380][783]LogScriptCore:Warning: Attempted to get an item from array CallFunc_GetAllActorsOfClass_OutActors out of bounds [0/0]!

[2017.04.19-17.51.03:380][783]LogScript:Warning: Accessed None trying to read property CallFunc_Array_Get_Item
	spiritOrbOG_C /Engine/Transient.World_2:PersistentLevel.spiritOrbOG_C_53
	Function /Game/bluePrints/spiritOrbOG.spiritOrbOG_C:ExecuteUbergraph_spiritOrbOG:011E
[2017.04.19-17.51.03:380][783]LogScript:Warning: Attempted to assign to None
	spiritOrbOG_C /Engine/Transient.World_2:PersistentLevel.spiritOrbOG_C_53
	Function /Game/bluePrints/spiritOrbOG.spiritOrbOG_C:ExecuteUbergraph_spiritOrbOG:0133
[2017.04.19-17.51.03:396][785]LogScriptCore:Warning: Attempted to get an item from array CallFunc_GetAllActorsOfClass_OutActors out of bounds [0/0]!

[2017.04.19-17.51.03:397][785]LogScript:Warning: Accessed None trying to read property CallFunc_Array_Get_Item
	spiritOrbOG_C /Engine/Transient.World_2:PersistentLevel.spiritOrbOG_C_54
	Function /Game/bluePrints/spiritOrbOG.spiritOrbOG_C:ExecuteUbergraph_spiritOrbOG:011E
[2017.04.19-17.51.03:397][785]LogScript:Warning: Attempted to assign to None
	spiritOrbOG_C /Engine/Transient.World_2:PersistentLevel.spiritOrbOG_C_54
	Function /Game/bluePrints/spiritOrbOG.spiritOrbOG_C:ExecuteUbergraph_spiritOrbOG:0133
[2017.04.19-17.51.03:414][787]LogScriptCore:Warning: Attempted to get an item from array CallFunc_GetAllActorsOfClass_OutActors out of bounds [0/0]!

[2017.04.19-17.51.03:415][787]LogScript:Warning: Accessed None trying to read property CallFunc_Array_Get_Item
	spiritOrbOG_C /Engine/Transient.World_2:PersistentLevel.spiritOrbOG_C_55
	Function /Game/bluePrints/spiritOrbOG.spiritOrbOG_C:ExecuteUbergraph_spiritOrbOG:011E
[2017.04.19-17.51.03:415][787]LogScript:Warning: Attempted to assign to None
	spiritOrbOG_C /Engine/Transient.World_2:PersistentLevel.spiritOrbOG_C_55
	Function /Game/bluePrints/spiritOrbOG.spiritOrbOG_C:ExecuteUbergraph_spiritOrbOG:0133
[2017.04.19-17.51.03:433][789]LogScriptCore:Warning: Attempted to get an item from array CallFunc_GetAllActorsOfClass_OutActors out of bounds [0/0]!

[2017.04.19-17.51.03:433][789]LogScript:Warning: Accessed None trying to read property CallFunc_Array_Get_Item
	spiritOrbOG_C /Engine/Transient.World_2:PersistentLevel.spiritOrbOG_C_56
	Function /Game/bluePrints/spiritOrbOG.spiritOrbOG_C:ExecuteUbergraph_spiritOrbOG:011E
[2017.04.19-17.51.03:433][789]LogScript:Warning: Attempted to assign to None
	spiritOrbOG_C /Engine/Transient.World_2:PersistentLevel.spiritOrbOG_C_56
	Function /Game/bluePrints/spiritOrbOG.spiritOrbOG_C:ExecuteUbergraph_spiritOrbOG:0133
[2017.04.19-17.51.03:451][791]LogScriptCore:Warning: Attempted to get an item from array CallFunc_GetAllActorsOfClass_OutActors out of bounds [0/0]!

[2017.04.19-17.51.03:451][791]LogScript:Warning: Accessed None trying to read property CallFunc_Array_Get_Item
	spiritOrbOG_C /Engine/Transient.World_2:PersistentLevel.spiritOrbOG_C_57
	Function /Game/bluePrints/spiritOrbOG.spiritOrbOG_C:ExecuteUbergraph_spiritOrbOG:011E
[2017.04.19-17.51.03:451][791]LogScript:Warning: Attempted to assign to None
	spiritOrbOG_C /Engine/Transient.World_2:PersistentLevel.spiritOrbOG_C_57
	Function /Game/bluePrints/spiritOrbOG.spiritOrbOG_C:ExecuteUbergraph_spiritOrbOG:0133
[2017.04.19-17.51.03:468][793]LogScriptCore:Warning: Attempted to get an item from array CallFunc_GetAllActorsOfClass_OutActors out of bounds [0/0]!

[2017.04.19-17.51.03:468][793]LogScript:Warning: Accessed None trying to read property CallFunc_Array_Get_Item
	spiritOrbOG_C /Engine/Transient.World_2:PersistentLevel.spiritOrbOG_C_58
	Function /Game/bluePrints/spiritOrbOG.spiritOrbOG_C:ExecuteUbergraph_spiritOrbOG:011E
[2017.04.19-17.51.03:468][793]LogScript:Warning: Attempted to assign to None
	spiritOrbOG_C /Engine/Transient.World_2:PersistentLevel.spiritOrbOG_C_58
	Function /Game/bluePrints/spiritOrbOG.spiritOrbOG_C:ExecuteUbergraph_spiritOrbOG:0133
[2017.04.19-17.51.03:487][795]LogScriptCore:Warning: Attempted to get an item from array CallFunc_GetAllActorsOfClass_OutActors out of bounds [0/0]!

[2017.04.19-17.51.03:487][795]LogScript:Warning: Accessed None trying to read property CallFunc_Array_Get_Item
	spiritOrbOG_C /Engine/Transient.World_2:PersistentLevel.spiritOrbOG_C_59
	Function /Game/bluePrints/spiritOrbOG.spiritOrbOG_C:ExecuteUbergraph_spiritOrbOG:011E
[2017.04.19-17.51.03:487][795]LogScript:Warning: Attempted to assign to None
	spiritOrbOG_C /Engine/Transient.World_2:PersistentLevel.spiritOrbOG_C_59
	Function /Game/bluePrints/spiritOrbOG.spiritOrbOG_C:ExecuteUbergraph_spiritOrbOG:0133
[2017.04.19-17.51.03:506][797]LogScriptCore:Warning: Attempted to get an item from array CallFunc_GetAllActorsOfClass_OutActors out of bounds [0/0]!

[2017.04.19-17.51.03:506][797]LogScript:Warning: Accessed None trying to read property CallFunc_Array_Get_Item
	spiritOrbOG_C /Engine/Transient.World_2:PersistentLevel.spiritOrbOG_C_60
	Function /Game/bluePrints/spiritOrbOG.spiritOrbOG_C:ExecuteUbergraph_spiritOrbOG:011E
[2017.04.19-17.51.03:506][797]LogScript:Warning: Attempted to assign to None
	spiritOrbOG_C /Engine/Transient.World_2:PersistentLevel.spiritOrbOG_C_60
	Function /Game/bluePrints/spiritOrbOG.spiritOrbOG_C:ExecuteUbergraph_spiritOrbOG:0133
[2017.04.19-17.51.03:524][799]LogScriptCore:Warning: Attempted to get an item from array CallFunc_GetAllActorsOfClass_OutActors out of bounds [0/0]!

[2017.04.19-17.51.03:524][799]LogScript:Warning: Accessed None trying to read property CallFunc_Array_Get_Item
	spiritOrbOG_C /Engine/Transient.World_2:PersistentLevel.spiritOrbOG_C_61
	Function /Game/bluePrints/spiritOrbOG.spiritOrbOG_C:ExecuteUbergraph_spiritOrbOG:011E
[2017.04.19-17.51.03:524][799]LogScript:Warning: Attempted to assign to None
	spiritOrbOG_C /Engine/Transient.World_2:PersistentLevel.spiritOrbOG_C_61
	Function /Game/bluePrints/spiritOrbOG.spiritOrbOG_C:ExecuteUbergraph_spiritOrbOG:0133
[2017.04.19-17.51.03:543][801]LogScriptCore:Warning: Attempted to get an item from array CallFunc_GetAllActorsOfClass_OutActors out of bounds [0/0]!

[2017.04.19-17.51.03:543][801]LogScript:Warning: Accessed None trying to read property CallFunc_Array_Get_Item
	spiritOrbOG_C /Engine/Transient.World_2:PersistentLevel.spiritOrbOG_C_62
	Function /Game/bluePrints/spiritOrbOG.spiritOrbOG_C:ExecuteUbergraph_spiritOrbOG:011E
[2017.04.19-17.51.03:543][801]LogScript:Warning: Attempted to assign to None
	spiritOrbOG_C /Engine/Transient.World_2:PersistentLevel.spiritOrbOG_C_62
	Function /Game/bluePrints/spiritOrbOG.spiritOrbOG_C:ExecuteUbergraph_spiritOrbOG:0133
[2017.04.19-17.51.03:560][803]LogScriptCore:Warning: Attempted to get an item from array CallFunc_GetAllActorsOfClass_OutActors out of bounds [0/0]!

[2017.04.19-17.51.03:560][803]LogScript:Warning: Accessed None trying to read property CallFunc_Array_Get_Item
	spiritOrbOG_C /Engine/Transient.World_2:PersistentLevel.spiritOrbOG_C_63
	Function /Game/bluePrints/spiritOrbOG.spiritOrbOG_C:ExecuteUbergraph_spiritOrbOG:011E
[2017.04.19-17.51.03:560][803]LogScript:Warning: Attempted to assign to None
	spiritOrbOG_C /Engine/Transient.World_2:PersistentLevel.spiritOrbOG_C_63
	Function /Game/bluePrints/spiritOrbOG.spiritOrbOG_C:ExecuteUbergraph_spiritOrbOG:0133
[2017.04.19-17.51.03:578][805]LogScriptCore:Warning: Attempted to get an item from array CallFunc_GetAllActorsOfClass_OutActors out of bounds [0/0]!

[2017.04.19-17.51.03:578][805]LogScript:Warning: Accessed None trying to read property CallFunc_Array_Get_Item
	spiritOrbOG_C /Engine/Transient.World_2:PersistentLevel.spiritOrbOG_C_64
	Function /Game/bluePrints/spiritOrbOG.spiritOrbOG_C:ExecuteUbergraph_spiritOrbOG:011E
[2017.04.19-17.51.03:578][805]LogScript:Warning: Attempted to assign to None
	spiritOrbOG_C /Engine/Transient.World_2:PersistentLevel.spiritOrbOG_C_64
	Function /Game/bluePrints/spiritOrbOG.spiritOrbOG_C:ExecuteUbergraph_spiritOrbOG:0133
[2017.04.19-17.51.03:597][807]LogScriptCore:Warning: Attempted to get an item from array CallFunc_GetAllActorsOfClass_OutActors out of bounds [0/0]!

[2017.04.19-17.51.03:597][807]LogScript:Warning: Accessed None trying to read property CallFunc_Array_Get_Item
	spiritOrbOG_C /Engine/Transient.World_2:PersistentLevel.spiritOrbOG_C_65
	Function /Game/bluePrints/spiritOrbOG.spiritOrbOG_C:ExecuteUbergraph_spiritOrbOG:011E
[2017.04.19-17.51.03:597][807]LogScript:Warning: Attempted to assign to None
	spiritOrbOG_C /Engine/Transient.World_2:PersistentLevel.spiritOrbOG_C_65
	Function /Game/bluePrints/spiritOrbOG.spiritOrbOG_C:ExecuteUbergraph_spiritOrbOG:0133
[2017.04.19-17.51.03:619][809]LogScriptCore:Warning: Attempted to get an item from array CallFunc_GetAllActorsOfClass_OutActors out of bounds [0/0]!

[2017.04.19-17.51.03:619][809]LogScript:Warning: Accessed None trying to read property CallFunc_Array_Get_Item
	spiritOrbOG_C /Engine/Transient.World_2:PersistentLevel.spiritOrbOG_C_66
	Function /Game/bluePrints/spiritOrbOG.spiritOrbOG_C:ExecuteUbergraph_spiritOrbOG:011E
[2017.04.19-17.51.03:619][809]LogScript:Warning: Attempted to assign to None
	spiritOrbOG_C /Engine/Transient.World_2:PersistentLevel.spiritOrbOG_C_66
	Function /Game/bluePrints/spiritOrbOG.spiritOrbOG_C:ExecuteUbergraph_spiritOrbOG:0133
[2017.04.19-17.51.03:638][811]LogScriptCore:Warning: Attempted to get an item from array CallFunc_GetAllActorsOfClass_OutActors out of bounds [0/0]!

[2017.04.19-17.51.03:638][811]LogScript:Warning: Accessed None trying to read property CallFunc_Array_Get_Item
	spiritOrbOG_C /Engine/Transient.World_2:PersistentLevel.spiritOrbOG_C_67
	Function /Game/bluePrints/spiritOrbOG.spiritOrbOG_C:ExecuteUbergraph_spiritOrbOG:011E
[2017.04.19-17.51.03:638][811]LogScript:Warning: Attempted to assign to None
	spiritOrbOG_C /Engine/Transient.World_2:PersistentLevel.spiritOrbOG_C_67
	Function /Game/bluePrints/spiritOrbOG.spiritOrbOG_C:ExecuteUbergraph_spiritOrbOG:0133
[2017.04.19-17.51.03:658][813]LogScriptCore:Warning: Attempted to get an item from array CallFunc_GetAllActorsOfClass_OutActors out of bounds [0/0]!

[2017.04.19-17.51.03:658][813]LogScript:Warning: Accessed None trying to read property CallFunc_Array_Get_Item
	spiritOrbOG_C /Engine/Transient.World_2:PersistentLevel.spiritOrbOG_C_68
	Function /Game/bluePrints/spiritOrbOG.spiritOrbOG_C:ExecuteUbergraph_spiritOrbOG:011E
[2017.04.19-17.51.03:658][813]LogScript:Warning: Attempted to assign to None
	spiritOrbOG_C /Engine/Transient.World_2:PersistentLevel.spiritOrbOG_C_68
	Function /Game/bluePrints/spiritOrbOG.spiritOrbOG_C:ExecuteUbergraph_spiritOrbOG:0133
[2017.04.19-17.51.03:676][815]LogScriptCore:Warning: Attempted to get an item from array CallFunc_GetAllActorsOfClass_OutActors out of bounds [0/0]!

[2017.04.19-17.51.03:676][815]LogScript:Warning: Accessed None trying to read property CallFunc_Array_Get_Item
	spiritOrbOG_C /Engine/Transient.World_2:PersistentLevel.spiritOrbOG_C_69
	Function /Game/bluePrints/spiritOrbOG.spiritOrbOG_C:ExecuteUbergraph_spiritOrbOG:011E
[2017.04.19-17.51.03:676][815]LogScript:Warning: Attempted to assign to None
	spiritOrbOG_C /Engine/Transient.World_2:PersistentLevel.spiritOrbOG_C_69
	Function /Game/bluePrints/spiritOrbOG.spiritOrbOG_C:ExecuteUbergraph_spiritOrbOG:0133
[2017.04.19-17.51.03:693][817]LogScriptCore:Warning: Attempted to get an item from array CallFunc_GetAllActorsOfClass_OutActors out of bounds [0/0]!

[2017.04.19-17.51.03:693][817]LogScript:Warning: Accessed None trying to read property CallFunc_Array_Get_Item
	spiritOrbOG_C /Engine/Transient.World_2:PersistentLevel.spiritOrbOG_C_70
	Function /Game/bluePrints/spiritOrbOG.spiritOrbOG_C:ExecuteUbergraph_spiritOrbOG:011E
[2017.04.19-17.51.03:693][817]LogScript:Warning: Attempted to assign to None
	spiritOrbOG_C /Engine/Transient.World_2:PersistentLevel.spiritOrbOG_C_70
	Function /Game/bluePrints/spiritOrbOG.spiritOrbOG_C:ExecuteUbergraph_spiritOrbOG:0133
[2017.04.19-17.51.03:711][819]LogScriptCore:Warning: Attempted to get an item from array CallFunc_GetAllActorsOfClass_OutActors out of bounds [0/0]!

[2017.04.19-17.51.03:711][819]LogScript:Warning: Accessed None trying to read property CallFunc_Array_Get_Item
	spiritOrbOG_C /Engine/Transient.World_2:PersistentLevel.spiritOrbOG_C_71
	Function /Game/bluePrints/spiritOrbOG.spiritOrbOG_C:ExecuteUbergraph_spiritOrbOG:011E
[2017.04.19-17.51.03:711][819]LogScript:Warning: Attempted to assign to None
	spiritOrbOG_C /Engine/Transient.World_2:PersistentLevel.spiritOrbOG_C_71
	Function /Game/bluePrints/spiritOrbOG.spiritOrbOG_C:ExecuteUbergraph_spiritOrbOG:0133
[2017.04.19-17.51.03:728][821]LogScriptCore:Warning: Attempted to get an item from array CallFunc_GetAllActorsOfClass_OutActors out of bounds [0/0]!

[2017.04.19-17.51.03:728][821]LogScript:Warning: Accessed None trying to read property CallFunc_Array_Get_Item
	spiritOrbOG_C /Engine/Transient.World_2:PersistentLevel.spiritOrbOG_C_72
	Function /Game/bluePrints/spiritOrbOG.spiritOrbOG_C:ExecuteUbergraph_spiritOrbOG:011E
[2017.04.19-17.51.03:728][821]LogScript:Warning: Attempted to assign to None
	spiritOrbOG_C /Engine/Transient.World_2:PersistentLevel.spiritOrbOG_C_72
	Function /Game/bluePrints/spiritOrbOG.spiritOrbOG_C:ExecuteUbergraph_spiritOrbOG:0133
[2017.04.19-17.51.03:745][823]LogScriptCore:Warning: Attempted to get an item from array CallFunc_GetAllActorsOfClass_OutActors out of bounds [0/0]!

[2017.04.19-17.51.03:745][823]LogScript:Warning: Accessed None trying to read property CallFunc_Array_Get_Item
	spiritOrbOG_C /Engine/Transient.World_2:PersistentLevel.spiritOrbOG_C_73
	Function /Game/bluePrints/spiritOrbOG.spiritOrbOG_C:ExecuteUbergraph_spiritOrbOG:011E
[2017.04.19-17.51.03:745][823]LogScript:Warning: Attempted to assign to None
	spiritOrbOG_C /Engine/Transient.World_2:PersistentLevel.spiritOrbOG_C_73
	Function /Game/bluePrints/spiritOrbOG.spiritOrbOG_C:ExecuteUbergraph_spiritOrbOG:0133
[2017.04.19-17.51.03:762][825]LogScriptCore:Warning: Attempted to get an item from array CallFunc_GetAllActorsOfClass_OutActors out of bounds [0/0]!

[2017.04.19-17.51.03:762][825]LogScript:Warning: Accessed None trying to read property CallFunc_Array_Get_Item
	spiritOrbOG_C /Engine/Transient.World_2:PersistentLevel.spiritOrbOG_C_74
	Function /Game/bluePrints/spiritOrbOG.spiritOrbOG_C:ExecuteUbergraph_spiritOrbOG:011E
[2017.04.19-17.51.03:762][825]LogScript:Warning: Attempted to assign to None
	spiritOrbOG_C /Engine/Transient.World_2:PersistentLevel.spiritOrbOG_C_74
	Function /Game/bluePrints/spiritOrbOG.spiritOrbOG_C:ExecuteUbergraph_spiritOrbOG:0133
[2017.04.19-17.51.03:779][827]LogScriptCore:Warning: Attempted to get an item from array CallFunc_GetAllActorsOfClass_OutActors out of bounds [0/0]!

[2017.04.19-17.51.03:779][827]LogScript:Warning: Accessed None trying to read property CallFunc_Array_Get_Item
	spiritOrbOG_C /Engine/Transient.World_2:PersistentLevel.spiritOrbOG_C_75
	Function /Game/bluePrints/spiritOrbOG.spiritOrbOG_C:ExecuteUbergraph_spiritOrbOG:011E
[2017.04.19-17.51.03:779][827]LogScript:Warning: Attempted to assign to None
	spiritOrbOG_C /Engine/Transient.World_2:PersistentLevel.spiritOrbOG_C_75
	Function /Game/bluePrints/spiritOrbOG.spiritOrbOG_C:ExecuteUbergraph_spiritOrbOG:0133
[2017.04.19-17.51.03:796][829]LogScriptCore:Warning: Attempted to get an item from array CallFunc_GetAllActorsOfClass_OutActors out of bounds [0/0]!

[2017.04.19-17.51.03:797][829]LogScript:Warning: Accessed None trying to read property CallFunc_Array_Get_Item
	spiritOrbOG_C /Engine/Transient.World_2:PersistentLevel.spiritOrbOG_C_76
	Function /Game/bluePrints/spiritOrbOG.spiritOrbOG_C:ExecuteUbergraph_spiritOrbOG:011E
[2017.04.19-17.51.03:797][829]LogScript:Warning: Attempted to assign to None
	spiritOrbOG_C /Engine/Transient.World_2:PersistentLevel.spiritOrbOG_C_76
	Function /Game/bluePrints/spiritOrbOG.spiritOrbOG_C:ExecuteUbergraph_spiritOrbOG:0133
[2017.04.19-17.51.03:814][831]LogScriptCore:Warning: Attempted to get an item from array CallFunc_GetAllActorsOfClass_OutActors out of bounds [0/0]!

[2017.04.19-17.51.03:814][831]LogScript:Warning: Accessed None trying to read property CallFunc_Array_Get_Item
	spiritOrbOG_C /Engine/Transient.World_2:PersistentLevel.spiritOrbOG_C_77
	Function /Game/bluePrints/spiritOrbOG.spiritOrbOG_C:ExecuteUbergraph_spiritOrbOG:011E
[2017.04.19-17.51.03:814][831]LogScript:Warning: Attempted to assign to None
	spiritOrbOG_C /Engine/Transient.World_2:PersistentLevel.spiritOrbOG_C_77
	Function /Game/bluePrints/spiritOrbOG.spiritOrbOG_C:ExecuteUbergraph_spiritOrbOG:0133
[2017.04.19-17.51.03:832][833]LogScriptCore:Warning: Attempted to get an item from array CallFunc_GetAllActorsOfClass_OutActors out of bounds [0/0]!

[2017.04.19-17.51.03:832][833]LogScript:Warning: Accessed None trying to read property CallFunc_Array_Get_Item
	spiritOrbOG_C /Engine/Transient.World_2:PersistentLevel.spiritOrbOG_C_78
	Function /Game/bluePrints/spiritOrbOG.spiritOrbOG_C:ExecuteUbergraph_spiritOrbOG:011E
[2017.04.19-17.51.03:832][833]LogScript:Warning: Attempted to assign to None
	spiritOrbOG_C /Engine/Transient.World_2:PersistentLevel.spiritOrbOG_C_78
	Function /Game/bluePrints/spiritOrbOG.spiritOrbOG_C:ExecuteUbergraph_spiritOrbOG:0133
[2017.04.19-17.51.03:851][835]LogScriptCore:Warning: Attempted to get an item from array CallFunc_GetAllActorsOfClass_OutActors out of bounds [0/0]!

[2017.04.19-17.51.03:851][835]LogScript:Warning: Accessed None trying to read property CallFunc_Array_Get_Item
	spiritOrbOG_C /Engine/Transient.World_2:PersistentLevel.spiritOrbOG_C_79
	Function /Game/bluePrints/spiritOrbOG.spiritOrbOG_C:ExecuteUbergraph_spiritOrbOG:011E
[2017.04.19-17.51.03:851][835]LogScript:Warning: Attempted to assign to None
	spiritOrbOG_C /Engine/Transient.World_2:PersistentLevel.spiritOrbOG_C_79
	Function /Game/bluePrints/spiritOrbOG.spiritOrbOG_C:ExecuteUbergraph_spiritOrbOG:0133
[2017.04.19-17.51.03:881][837]LogScriptCore:Warning: Attempted to get an item from array CallFunc_GetAllActorsOfClass_OutActors out of bounds [0/0]!

[2017.04.19-17.51.03:881][837]LogScript:Warning: Accessed None trying to read property CallFunc_Array_Get_Item
	spiritOrbOG_C /Engine/Transient.World_2:PersistentLevel.spiritOrbOG_C_80
	Function /Game/bluePrints/spiritOrbOG.spiritOrbOG_C:ExecuteUbergraph_spiritOrbOG:011E
[2017.04.19-17.51.03:881][837]LogScript:Warning: Attempted to assign to None
	spiritOrbOG_C /Engine/Transient.World_2:PersistentLevel.spiritOrbOG_C_80
	Function /Game/bluePrints/spiritOrbOG.spiritOrbOG_C:ExecuteUbergraph_spiritOrbOG:0133
[2017.04.19-17.51.03:966][839]LogScriptCore:Warning: Attempted to get an item from array CallFunc_GetAllActorsOfClass_OutActors out of bounds [0/0]!

[2017.04.19-17.51.03:966][839]LogScript:Warning: Accessed None trying to read property CallFunc_Array_Get_Item
	spiritOrbOG_C /Engine/Transient.World_2:PersistentLevel.spiritOrbOG_C_81
	Function /Game/bluePrints/spiritOrbOG.spiritOrbOG_C:ExecuteUbergraph_spiritOrbOG:011E
[2017.04.19-17.51.03:966][839]LogScript:Warning: Attempted to assign to None
	spiritOrbOG_C /Engine/Transient.World_2:PersistentLevel.spiritOrbOG_C_81
	Function /Game/bluePrints/spiritOrbOG.spiritOrbOG_C:ExecuteUbergraph_spiritOrbOG:0133
[2017.04.19-17.51.04:003][841]LogScriptCore:Warning: Attempted to get an item from array CallFunc_GetAllActorsOfClass_OutActors out of bounds [0/0]!

[2017.04.19-17.51.04:003][841]LogScript:Warning: Accessed None trying to read property CallFunc_Array_Get_Item
	spiritOrbOG_C /Engine/Transient.World_2:PersistentLevel.spiritOrbOG_C_82
	Function /Game/bluePrints/spiritOrbOG.spiritOrbOG_C:ExecuteUbergraph_spiritOrbOG:011E
[2017.04.19-17.51.04:003][841]LogScript:Warning: Attempted to assign to None
	spiritOrbOG_C /Engine/Transient.World_2:PersistentLevel.spiritOrbOG_C_82
	Function /Game/bluePrints/spiritOrbOG.spiritOrbOG_C:ExecuteUbergraph_spiritOrbOG:0133
[2017.04.19-17.51.04:023][843]LogScriptCore:Warning: Attempted to get an item from array CallFunc_GetAllActorsOfClass_OutActors out of bounds [0/0]!

[2017.04.19-17.51.04:023][843]LogScript:Warning: Accessed None trying to read property CallFunc_Array_Get_Item
	spiritOrbOG_C /Engine/Transient.World_2:PersistentLevel.spiritOrbOG_C_83
	Function /Game/bluePrints/spiritOrbOG.spiritOrbOG_C:ExecuteUbergraph_spiritOrbOG:011E
[2017.04.19-17.51.04:023][843]LogScript:Warning: Attempted to assign to None
	spiritOrbOG_C /Engine/Transient.World_2:PersistentLevel.spiritOrbOG_C_83
	Function /Game/bluePrints/spiritOrbOG.spiritOrbOG_C:ExecuteUbergraph_spiritOrbOG:0133
[2017.04.19-17.51.04:042][845]LogScriptCore:Warning: Attempted to get an item from array CallFunc_GetAllActorsOfClass_OutActors out of bounds [0/0]!

[2017.04.19-17.51.04:042][845]LogScript:Warning: Accessed None trying to read property CallFunc_Array_Get_Item
	spiritOrbOG_C /Engine/Transient.World_2:PersistentLevel.spiritOrbOG_C_84
	Function /Game/bluePrints/spiritOrbOG.spiritOrbOG_C:ExecuteUbergraph_spiritOrbOG:011E
[2017.04.19-17.51.04:042][845]LogScript:Warning: Attempted to assign to None
	spiritOrbOG_C /Engine/Transient.World_2:PersistentLevel.spiritOrbOG_C_84
	Function /Game/bluePrints/spiritOrbOG.spiritOrbOG_C:ExecuteUbergraph_spiritOrbOG:0133
[2017.04.19-17.51.04:058][847]LogScriptCore:Warning: Attempted to get an item from array CallFunc_GetAllActorsOfClass_OutActors out of bounds [0/0]!

[2017.04.19-17.51.04:058][847]LogScript:Warning: Accessed None trying to read property CallFunc_Array_Get_Item
	spiritOrbOG_C /Engine/Transient.World_2:PersistentLevel.spiritOrbOG_C_85
	Function /Game/bluePrints/spiritOrbOG.spiritOrbOG_C:ExecuteUbergraph_spiritOrbOG:011E
[2017.04.19-17.51.04:058][847]LogScript:Warning: Attempted to assign to None
	spiritOrbOG_C /Engine/Transient.World_2:PersistentLevel.spiritOrbOG_C_85
	Function /Game/bluePrints/spiritOrbOG.spiritOrbOG_C:ExecuteUbergraph_spiritOrbOG:0133
[2017.04.19-17.51.04:078][849]LogScriptCore:Warning: Attempted to get an item from array CallFunc_GetAllActorsOfClass_OutActors out of bounds [0/0]!

[2017.04.19-17.51.04:078][849]LogScript:Warning: Accessed None trying to read property CallFunc_Array_Get_Item
	spiritOrbOG_C /Engine/Transient.World_2:PersistentLevel.spiritOrbOG_C_86
	Function /Game/bluePrints/spiritOrbOG.spiritOrbOG_C:ExecuteUbergraph_spiritOrbOG:011E
[2017.04.19-17.51.04:078][849]LogScript:Warning: Attempted to assign to None
	spiritOrbOG_C /Engine/Transient.World_2:PersistentLevel.spiritOrbOG_C_86
	Function /Game/bluePrints/spiritOrbOG.spiritOrbOG_C:ExecuteUbergraph_spiritOrbOG:0133
[2017.04.19-17.51.04:097][851]LogScriptCore:Warning: Attempted to get an item from array CallFunc_GetAllActorsOfClass_OutActors out of bounds [0/0]!

[2017.04.19-17.51.04:097][851]LogScript:Warning: Accessed None trying to read property CallFunc_Array_Get_Item
	spiritOrbOG_C /Engine/Transient.World_2:PersistentLevel.spiritOrbOG_C_87
	Function /Game/bluePrints/spiritOrbOG.spiritOrbOG_C:ExecuteUbergraph_spiritOrbOG:011E
[2017.04.19-17.51.04:097][851]LogScript:Warning: Attempted to assign to None
	spiritOrbOG_C /Engine/Transient.World_2:PersistentLevel.spiritOrbOG_C_87
	Function /Game/bluePrints/spiritOrbOG.spiritOrbOG_C:ExecuteUbergraph_spiritOrbOG:0133
[2017.04.19-17.51.04:113][853]LogScriptCore:Warning: Attempted to get an item from array CallFunc_GetAllActorsOfClass_OutActors out of bounds [0/0]!

[2017.04.19-17.51.04:113][853]LogScript:Warning: Accessed None trying to read property CallFunc_Array_Get_Item
	spiritOrbOG_C /Engine/Transient.World_2:PersistentLevel.spiritOrbOG_C_88
	Function /Game/bluePrints/spiritOrbOG.spiritOrbOG_C:ExecuteUbergraph_spiritOrbOG:011E
[2017.04.19-17.51.04:113][853]LogScript:Warning: Attempted to assign to None
	spiritOrbOG_C /Engine/Transient.World_2:PersistentLevel.spiritOrbOG_C_88
	Function /Game/bluePrints/spiritOrbOG.spiritOrbOG_C:ExecuteUbergraph_spiritOrbOG:0133
[2017.04.19-17.51.04:131][855]LogScriptCore:Warning: Attempted to get an item from array CallFunc_GetAllActorsOfClass_OutActors out of bounds [0/0]!

[2017.04.19-17.51.04:131][855]LogScript:Warning: Accessed None trying to read property CallFunc_Array_Get_Item
	spiritOrbOG_C /Engine/Transient.World_2:PersistentLevel.spiritOrbOG_C_89
	Function /Game/bluePrints/spiritOrbOG.spiritOrbOG_C:ExecuteUbergraph_spiritOrbOG:011E
[2017.04.19-17.51.04:131][855]LogScript:Warning: Attempted to assign to None
	spiritOrbOG_C /Engine/Transient.World_2:PersistentLevel.spiritOrbOG_C_89
	Function /Game/bluePrints/spiritOrbOG.spiritOrbOG_C:ExecuteUbergraph_spiritOrbOG:0133
[2017.04.19-17.51.04:148][857]LogScriptCore:Warning: Attempted to get an item from array CallFunc_GetAllActorsOfClass_OutActors out of bounds [0/0]!

[2017.04.19-17.51.04:148][857]LogScript:Warning: Accessed None trying to read property CallFunc_Array_Get_Item
	spiritOrbOG_C /Engine/Transient.World_2:PersistentLevel.spiritOrbOG_C_90
	Function /Game/bluePrints/spiritOrbOG.spiritOrbOG_C:ExecuteUbergraph_spiritOrbOG:011E
[2017.04.19-17.51.04:148][857]LogScript:Warning: Attempted to assign to None
	spiritOrbOG_C /Engine/Transient.World_2:PersistentLevel.spiritOrbOG_C_90
	Function /Game/bluePrints/spiritOrbOG.spiritOrbOG_C:ExecuteUbergraph_spiritOrbOG:0133
[2017.04.19-17.51.04:164][859]LogScriptCore:Warning: Attempted to get an item from array CallFunc_GetAllActorsOfClass_OutActors out of bounds [0/0]!

[2017.04.19-17.51.04:164][859]LogScript:Warning: Accessed None trying to read property CallFunc_Array_Get_Item
	spiritOrbOG_C /Engine/Transient.World_2:PersistentLevel.spiritOrbOG_C_91
	Function /Game/bluePrints/spiritOrbOG.spiritOrbOG_C:ExecuteUbergraph_spiritOrbOG:011E
[2017.04.19-17.51.04:164][859]LogScript:Warning: Attempted to assign to None
	spiritOrbOG_C /Engine/Transient.World_2:PersistentLevel.spiritOrbOG_C_91
	Function /Game/bluePrints/spiritOrbOG.spiritOrbOG_C:ExecuteUbergraph_spiritOrbOG:0133
[2017.04.19-17.51.04:181][861]LogScriptCore:Warning: Attempted to get an item from array CallFunc_GetAllActorsOfClass_OutActors out of bounds [0/0]!

[2017.04.19-17.51.04:181][861]LogScript:Warning: Accessed None trying to read property CallFunc_Array_Get_Item
	spiritOrbOG_C /Engine/Transient.World_2:PersistentLevel.spiritOrbOG_C_92
	Function /Game/bluePrints/spiritOrbOG.spiritOrbOG_C:ExecuteUbergraph_spiritOrbOG:011E
[2017.04.19-17.51.04:181][861]LogScript:Warning: Attempted to assign to None
	spiritOrbOG_C /Engine/Transient.World_2:PersistentLevel.spiritOrbOG_C_92
	Function /Game/bluePrints/spiritOrbOG.spiritOrbOG_C:ExecuteUbergraph_spiritOrbOG:0133
[2017.04.19-17.51.04:198][863]LogScriptCore:Warning: Attempted to get an item from array CallFunc_GetAllActorsOfClass_OutActors out of bounds [0/0]!

[2017.04.19-17.51.04:198][863]LogScript:Warning: Accessed None trying to read property CallFunc_Array_Get_Item
	spiritOrbOG_C /Engine/Transient.World_2:PersistentLevel.spiritOrbOG_C_93
	Function /Game/bluePrints/spiritOrbOG.spiritOrbOG_C:ExecuteUbergraph_spiritOrbOG:011E
[2017.04.19-17.51.04:198][863]LogScript:Warning: Attempted to assign to None
	spiritOrbOG_C /Engine/Transient.World_2:PersistentLevel.spiritOrbOG_C_93
	Function /Game/bluePrints/spiritOrbOG.spiritOrbOG_C:ExecuteUbergraph_spiritOrbOG:0133
[2017.04.19-17.51.04:214][865]LogScriptCore:Warning: Attempted to get an item from array CallFunc_GetAllActorsOfClass_OutActors out of bounds [0/0]!

[2017.04.19-17.51.04:214][865]LogScript:Warning: Accessed None trying to read property CallFunc_Array_Get_Item
	spiritOrbOG_C /Engine/Transient.World_2:PersistentLevel.spiritOrbOG_C_94
	Function /Game/bluePrints/spiritOrbOG.spiritOrbOG_C:ExecuteUbergraph_spiritOrbOG:011E
[2017.04.19-17.51.04:214][865]LogScript:Warning: Attempted to assign to None
	spiritOrbOG_C /Engine/Transient.World_2:PersistentLevel.spiritOrbOG_C_94
	Function /Game/bluePrints/spiritOrbOG.spiritOrbOG_C:ExecuteUbergraph_spiritOrbOG:0133
[2017.04.19-17.51.04:231][867]LogScriptCore:Warning: Attempted to get an item from array CallFunc_GetAllActorsOfClass_OutActors out of bounds [0/0]!

[2017.04.19-17.51.04:231][867]LogScript:Warning: Accessed None trying to read property CallFunc_Array_Get_Item
	spiritOrbOG_C /Engine/Transient.World_2:PersistentLevel.spiritOrbOG_C_95
	Function /Game/bluePrints/spiritOrbOG.spiritOrbOG_C:ExecuteUbergraph_spiritOrbOG:011E
[2017.04.19-17.51.04:231][867]LogScript:Warning: Attempted to assign to None
	spiritOrbOG_C /Engine/Transient.World_2:PersistentLevel.spiritOrbOG_C_95
	Function /Game/bluePrints/spiritOrbOG.spiritOrbOG_C:ExecuteUbergraph_spiritOrbOG:0133
[2017.04.19-17.51.04:248][869]LogScriptCore:Warning: Attempted to get an item from array CallFunc_GetAllActorsOfClass_OutActors out of bounds [0/0]!

[2017.04.19-17.51.04:248][869]LogScript:Warning: Accessed None trying to read property CallFunc_Array_Get_Item
	spiritOrbOG_C /Engine/Transient.World_2:PersistentLevel.spiritOrbOG_C_96
	Function /Game/bluePrints/spiritOrbOG.spiritOrbOG_C:ExecuteUbergraph_spiritOrbOG:011E
[2017.04.19-17.51.04:248][869]LogScript:Warning: Attempted to assign to None
	spiritOrbOG_C /Engine/Transient.World_2:PersistentLevel.spiritOrbOG_C_96
	Function /Game/bluePrints/spiritOrbOG.spiritOrbOG_C:ExecuteUbergraph_spiritOrbOG:0133
[2017.04.19-17.51.04:340][880]LogScriptCore:Warning: Attempted to get an item from array CallFunc_GetAllActorsOfClass_OutActors out of bounds [0/0]!

[2017.04.19-17.51.04:340][880]LogScript:Warning: Accessed None trying to read property CallFunc_Array_Get_Item
	spiritOrbOG_C /Engine/Transient.World_2:PersistentLevel.spiritOrbOG_C_97
	Function /Game/bluePrints/spiritOrbOG.spiritOrbOG_C:ExecuteUbergraph_spiritOrbOG:011E
[2017.04.19-17.51.04:340][880]LogScript:Warning: Attempted to assign to None
	spiritOrbOG_C /Engine/Transient.World_2:PersistentLevel.spiritOrbOG_C_97
	Function /Game/bluePrints/spiritOrbOG.spiritOrbOG_C:ExecuteUbergraph_spiritOrbOG:0133
[2017.04.19-17.51.09:415][ 57]LogTexture:Display: Building textures: Brick_Stnd_basecolor (AutoDXT)
[2017.04.19-17.51.10:693][ 57]LogMaterial: Missing cached shader map for material floor_final, compiling. 
[2017.04.19-17.51.10:867][ 57]LogMaterial: Missing cached shader map for material brick_texture_1_diffuse_Mat, compiling. 
[2017.04.19-17.51.10:867][ 57]LogMaterial:Warning: Failed to compile Material /Game/customMaterials/brick_texture_1_diffuse_Mat.brick_texture_1_diffuse_Mat for platform PCD3D_SM5, Default Material will be used in game.
[2017.04.19-17.51.10:867][ 57]LogMaterial:Warning: 	(Node TextureSample) TextureSample> Missing input texture
[2017.04.19-17.51.10:870][ 57]LogMaterial: Missing cached shader map for material floor_final3, compiling. 
[2017.04.19-17.51.10:933][ 57]LogAIModule: Creating AISystem for world Level_1
[2017.04.19-17.51.11:144][ 57]Cmd: MAP LOAD FILE="D:/SoulStriker_MainFolder/Soul-Striker-Main/Soul Striker/Content/Maps/Level_1.umap" TEMPLATE=0 SHOWPROGRESS=1 FEATURELEVEL=3
[2017.04.19-17.51.11:144][ 57]LightingResults: New page: Lighting Build
[2017.04.19-17.51.11:145][ 57]LoadErrors: New page: Loading map: Level_1.umap
[2017.04.19-17.51.11:150][ 57]MapCheck: New page: Map Check
[2017.04.19-17.51.11:150][ 57]LightingResults: New page: Lighting Build
[2017.04.19-17.51.11:363][ 57]LogEditorServer: Finished looking for orphan Actors (0.000 secs)
[2017.04.19-17.51.11:472][ 57]Cmd: MAP CHECKDEP NOCLEARLOG
[2017.04.19-17.51.11:564][ 57]MapCheck: Info Map check complete: 0 Error(s), 0 Warning(s), took 91.334ms to complete.
[2017.04.19-17.51.11:564][ 57]LogFileHelpers: Loading map 'Level_1' took 0.421
[2017.04.19-17.51.33:249][554]LogBlueprintUserMessages: Early PlayInEditor Detection: Level '/Game/Maps/Level_1.Level_1:PersistentLevel' has LevelScriptBlueprint '/Game/Maps/Level_1.Level_1:PersistentLevel.Level_1' with GeneratedClass '/Game/Maps/Level_1.Level_1_C' with ClassGeneratedBy '/Game/Maps/Level_1.Level_1:PersistentLevel.Level_1'
[2017.04.19-17.51.33:250][554]LogPlayLevel: PlayLevel: No blueprints needed recompiling
[2017.04.19-17.51.33:250][554]PIE: New page: PIE session: Level_1 (Apr 19, 2017, 8:51:33 AM)
[2017.04.19-17.51.33:250][554]LogPlayLevel: Creating play world package: /Game/Maps/UEDPIE_0_Level_1
[2017.04.19-17.51.33:295][554]LogPlayLevel: PIE: StaticDuplicateObject took: (0.044630s)
[2017.04.19-17.51.33:296][554]LogAIModule: Creating AISystem for world Level_1
[2017.04.19-17.51.33:296][554]LogPlayLevel: PIE: World Init took: (0.000710s)
[2017.04.19-17.51.33:296][554]LogPlayLevel: PIE: Created PIE world by copying editor world from /Game/Maps/Level_1.Level_1 to /Game/Maps/UEDPIE_0_Level_1.Level_1 (0.045639s)
[2017.04.19-17.51.33:323][554]LogInit: XAudio2 using 'Speakers (Realtek High Definition Audio)' : 8 channels at 48 kHz using 32 bits per sample (channel mask 0x63f)
[2017.04.19-17.51.33:370][554]LogInit: FAudioDevice initialized.
[2017.04.19-17.51.33:446][554]LogWorld: Game class is 'SoulStrikerCampaign_C'
[2017.04.19-17.51.33:464][554]LogWorld: Bringing World /Game/Maps/UEDPIE_0_Level_1.Level_1 up for play (max tick rate 0) at 2017.04.19-13.51.33
[2017.04.19-17.51.33:472][554]LogWorld: Bringing up level for play took: 0.022593
[2017.04.19-17.51.33:483][554]LogContentBrowser: Native class hierarchy updated for 'MovieSceneCapture' in 0.0005 seconds. Added 11 classes and 0 folders.
[2017.04.19-17.51.33:491][554]PIE: Info Play in editor start time for /Game/Maps/UEDPIE_0_Level_1 0.015
[2017.04.19-17.51.33:492][554]LogBlueprintUserMessages: Late PlayInEditor Detection: Level '/Game/Maps/Level_1.Level_1:PersistentLevel' has LevelScriptBlueprint '/Game/Maps/Level_1.Level_1:PersistentLevel.Level_1' with GeneratedClass '/Game/Maps/Level_1.Level_1_C' with ClassGeneratedBy '/Game/Maps/Level_1.Level_1:PersistentLevel.Level_1'
[2017.04.19-17.51.38:534][145]LogBlueprintUserMessages: [AI_TurretBullet_C_0] 9.0
[2017.04.19-17.51.39:537][265]LogBlueprintUserMessages: [AI_TurretBullet_C_1] 8.0
[2017.04.19-17.51.40:544][383]LogBlueprintUserMessages: [AI_TurretBullet_C_2] 7.0
[2017.04.19-17.51.43:541][741]LogBlueprintUserMessages: [AI_TurretBullet_C_5] 6.0
[2017.04.19-17.51.45:690][996]LogBlueprintUserMessages: [AI_TurretBullet_C_8] 5.0
[2017.04.19-17.51.46:442][ 86]LogBlueprintUserMessages: [AI_TurretBullet_C_9] 4.0
[2017.04.19-17.51.48:178][294]LogBlueprintUserMessages: [AI_TurretBullet_C_11] 3.0
[2017.04.19-17.51.49:454][447]LogBlueprintUserMessages: [AI_TurretBullet_C_13] 2.0
[2017.04.19-17.52.00:998][824]LogBlueprintUserMessages: Early EndPlayMap Detection: Level '/Game/Maps/Level_1.Level_1:PersistentLevel' has LevelScriptBlueprint '/Game/Maps/Level_1.Level_1:PersistentLevel.Level_1' with GeneratedClass '/Game/Maps/Level_1.Level_1_C' with ClassGeneratedBy '/Game/Maps/Level_1.Level_1:PersistentLevel.Level_1'
[2017.04.19-17.52.01:034][824]LogBlueprintUserMessages: Late EndPlayMap Detection: Level '/Game/Maps/Level_1.Level_1:PersistentLevel' has LevelScriptBlueprint '/Game/Maps/Level_1.Level_1:PersistentLevel.Level_1' with GeneratedClass '/Game/Maps/Level_1.Level_1_C' with ClassGeneratedBy '/Game/Maps/Level_1.Level_1:PersistentLevel.Level_1'
[2017.04.19-17.52.36:524][661]LogFactory: FactoryCreateFile: StaticMesh with FbxFactory (0 0 D:/towerwithUV_s_fixed.FBX)
[2017.04.19-17.52.36:537][661]LogFbx: ItemName: GlobalSettings, ItemCount : 1
[2017.04.19-17.52.36:537][661]LogFbx: ItemName: AnimationStack, ItemCount : 1
[2017.04.19-17.52.36:537][661]LogFbx: ItemName: AnimationLayer, ItemCount : 1
[2017.04.19-17.52.36:537][661]LogFbx: ItemName: Model, ItemCount : 1
[2017.04.19-17.52.36:537][661]LogFbx: ItemName: Geometry, ItemCount : 1
[2017.04.19-17.52.36:538][661]LogFbx: ItemName: Material, ItemCount : 1
[2017.04.19-17.52.36:545][661]LogFbx: Loading FBX Scene from D:/towerwithUV_s_fixed.FBX
[2017.04.19-17.52.36:555][661]LogFbx: FBX Scene Loaded Succesfully
[2017.04.19-17.52.40:025][661]LogFbx: Loading FBX Scene from D:/towerwithUV_s_fixed.FBX
[2017.04.19-17.52.40:033][661]LogFbx: FBX Scene Loaded Succesfully
[2017.04.19-17.52.40:040][661]LogLinker:Warning: Can't find file '/Game/Geometry/Meshes/lambert3SG'
[2017.04.19-17.52.40:040][661]LogLinker:Warning: Can't find file '/Game/Geometry/Meshes/lambert3SG'
[2017.04.19-17.52.40:050][661]LogMaterial: Missing cached shader map for material lambert3SG, compiling. 
[2017.04.19-17.52.40:073][661]LogStaticMesh: Building static mesh towerwithUV_s_fixed...
[2017.04.19-17.52.40:092][661]LogStaticMesh: Built static mesh [0.02s] /Game/Geometry/Meshes/towerwithUV_s_fixed.towerwithUV_s_fixed
[2017.04.19-17.52.40:110][661]FBXImport:Warning: Warning Warning: No smoothing group information was found in this FBX scene.  Please make sure to enable the 'Export Smoothing Groups' option in the FBX Exporter plug-in before exporting the file.  Even for tools that don't support smoothing groups, the FBX Exporter will generate appropriate smoothing data at export-time so that correct vertex normals can be inferred while importing. 
[2017.04.19-17.52.44:377][778]LogActorFactory: Actor Factory created towerwithUV_s_fixed
[2017.04.19-17.52.44:786][817]LogActorFactory: Actor Factory created towerwithUV_s_fixed
[2017.04.19-17.53.18:329][936]LogEditorViewport: Clicking on Actor (LMB): StaticMeshActor (towerwithUV_s_fixed)
[2017.04.19-17.53.19:379][  9]LogMaterial: Missing cached shader map for material floor_final, compiling. 
[2017.04.19-17.53.19:595][  9]LogMaterial: Missing cached shader map for material floor_final, compiling. 
[2017.04.19-17.53.19:605][  9]LogMaterial: 0.00 seconds spent updating 1 materials, 1 interfaces, 0 instances, 0 with static permutations.
[2017.04.19-17.53.19:631][  9]LogMaterial: Missing cached shader map for material FMatExpressionPreview MaterialExpressionTextureSample_0, compiling. 
[2017.04.19-17.53.19:635][  9]LogMaterial: Missing cached shader map for material FMatExpressionPreview MaterialExpressionTextureSample_1, compiling. 
[2017.04.19-17.53.19:641][  9]LogMaterial: Missing cached shader map for material FMatExpressionPreview MaterialExpressionTextureSample_3, compiling. 
[2017.04.19-17.53.19:646][  9]LogMaterial: Missing cached shader map for material FMatExpressionPreview MaterialExpressionTextureSample_2, compiling. 
[2017.04.19-17.53.21:461][ 37]MaterialEditorStats: Info Base pass shader with static lighting: 74 instructions
[2017.04.19-17.53.21:461][ 37]MaterialEditorStats: Info Base pass shader with only dynamic lighting: 43 instructions
[2017.04.19-17.53.21:461][ 37]MaterialEditorStats: Info Vertex shader: 31 instructions
[2017.04.19-17.53.21:461][ 37]MaterialEditorStats: Info Texture samplers: 6/16
[2017.04.19-17.53.47:987][680]LogEditorViewport: Clicking on Actor (LMB): superWallTop_C (superWallTop4)
[2017.04.19-17.53.49:738][853]LogEditorViewport: Clicking on Actor (LMB): StaticMeshActor (towerwithUV_s_fixed)
[2017.04.19-17.53.50:670][899]LogMaterial: Missing cached shader map for material floor_final3, compiling. 
[2017.04.19-17.53.50:822][899]LogMaterial: Missing cached shader map for material floor_final3, compiling. 
[2017.04.19-17.53.50:832][899]LogMaterial: 0.00 seconds spent updating 1 materials, 1 interfaces, 0 instances, 0 with static permutations.
[2017.04.19-17.53.50:858][899]LogMaterial: Missing cached shader map for material FMatExpressionPreview Mat