Log file open, 03/09/17 07:53:01
LogInit:Display: Running engine for game: SoulStriker
LogPlatformFile: Not using cached read wrapper
LogInit:Display: RandInit(-886392597) SRandInit(-886392595).
LogTaskGraph: Started task graph with 4 named threads and 7 total threads with 1 sets of task threads.
LogStats: Stats thread started at 0.081094
LogInit: Version: 4.12.5-3039270+++UE4+Release-4.12
LogInit: API Version: 2992821
LogInit: Net Version: 3039270
LogDevObjectVersion: Number of dev versions registered: 13
LogDevObjectVersion:   Dev-Blueprints (B0D832E4-1F89-4F0D-ACCF-7EB736FD4AA2): 3
LogDevObjectVersion:   Dev-Build (E1C64328-A22C-4D53-A36C-8E866417BD8C): 0
LogDevObjectVersion:   Dev-Core (375EC13C-06E4-48FB-B500-84F0262A717E): 1
LogDevObjectVersion:   Dev-Editor (E4B068ED-F494-42E9-A231-DA0B2E46BB41): 2
LogDevObjectVersion:   Dev-Framework (CFFC743F-43B0-4480-9391-14DF171D2073): 6
LogDevObjectVersion:   Dev-Mobile (B02B49B5-BB20-44E9-A304-32B752E40360): 0
LogDevObjectVersion:   Dev-Networking (A4E4105C-59A1-49B5-A7C5-40C4547EDFEE): 0
LogDevObjectVersion:   Dev-Online (39C831C9-5AE6-47DC-9A44-9C173E1C8E7C): 0
LogDevObjectVersion:   Dev-Physics (78F01B33-EBEA-4F98-B9B4-84EACCB95AA2): 0
LogDevObjectVersion:   Dev-Platform (6631380F-2D4D-43E0-8009-CF276956A95A): 0
LogDevObjectVersion:   Dev-Rendering (12F88B9F-8875-4AFC-A67C-D90C383ABD29): 2
LogDevObjectVersion:   Dev-Sequencer (7B5AE74C-D270-4C10-A958-57980B212A5A): 0
LogDevObjectVersion:   Dev-VR (D7296918-1DD6-4BDD-9DE2-64A83CC13884): 0
LogInit: Compiled (64-bit): Jul  6 2016 09:09:46
LogInit: Compiled with Visual C++: 19.00.23026.00
LogInit: Build Configuration: Development
LogInit: Branch Name: ++UE4+Release-4.12
LogInit: Command line: -EpicPortal 
LogInit: Base directory: C:/Program Files (x86)/Epic Games/4.12/Engine/Binaries/Win64/
LogInit: Installed Engine Build: 1
LogInit: Using libcurl 7.41.0
LogInit:  - built for x86_64-pc-win32
LogInit:  - supports SSL with WinSSL
LogInit:  - other features:
LogInit:      CURL_VERSION_SSL
LogInit:      CURL_VERSION_IPV6
LogInit:      CURL_VERSION_ASYNCHDNS
LogInit:      CURL_VERSION_LARGEFILE
LogInit:      CURL_VERSION_IDN
LogInit:  CurlRequestOptions (configurable via config and command line):
LogInit:  - bVerifyPeer = true  - Libcurl will verify peer certificate
LogInit:  - bUseHttpProxy = false  - Libcurl will NOT use HTTP proxy
LogInit:  - bDontReuseConnections = false  - Libcurl will reuse connections
LogInit:  - CertBundlePath = nullptr  - Libcurl will use whatever was configured at build time.
LogInit: Presizing for max 8388607 objects, including 0 objects not considered by GC, pre-allocating 0 bytes for permanent pool.
LogInit: Object subsystem initialized
[2017.03.09-12.53.01:757][  0]LogInit: Selected Device Profile: [Windows]
[2017.03.09-12.53.01:757][  0]LogInit: Applying CVar settings loaded from the selected device profile: [Windows]
[2017.03.09-12.53.01:770][  0]LogInit: Computer: MSI
[2017.03.09-12.53.01:770][  0]LogInit: User: armorias
[2017.03.09-12.53.01:770][  0]LogInit: CPU Page size=65536, Cores=4
[2017.03.09-12.53.01:770][  0]LogInit: High frequency timer resolution =2.531251 MHz
[2017.03.09-12.53.01:770][  0]LogMemory: Memory total: Physical=11.9GB (12GB approx)
[2017.03.09-12.53.01:770][  0]LogMemory: Platform Memory Stats for Windows
[2017.03.09-12.53.01:770][  0]LogMemory: Process Physical Memory: 191.40 MB used, 191.40 MB peak
[2017.03.09-12.53.01:770][  0]LogMemory: Process Virtual Memory: 195.30 MB used, 195.30 MB peak
[2017.03.09-12.53.01:770][  0]LogMemory: Physical Memory: 7491.10 MB used, 12166.60 MB total
[2017.03.09-12.53.01:770][  0]LogMemory: Virtual Memory: 553.60 MB used, 134217728.00 MB total
[2017.03.09-12.53.01:805][  0]LogTextLocalizationManager: No specific translations for ('en-US') exist, so ('en') translations will be used.
[2017.03.09-12.53.02:286][  0]LogD3D11RHI: D3D11 adapters:
[2017.03.09-12.53.02:960][  0]LogD3D11RHI:    0. 'NVIDIA GeForce GTX 960M' (Feature Level 11_0)
[2017.03.09-12.53.02:960][  0]LogD3D11RHI:       2018/0/6083 MB DedicatedVideo/DedicatedSystem/SharedSystem, Outputs:1, VendorId:0x10de
[2017.03.09-12.53.02:968][  0]LogD3D11RHI:    1. 'Intel(R) HD Graphics 530' (Feature Level 11_0)
[2017.03.09-12.53.02:968][  0]LogD3D11RHI:       128/0/6083 MB DedicatedVideo/DedicatedSystem/SharedSystem, Outputs:0, VendorId:0x8086
[2017.03.09-12.53.02:969][  0]LogD3D11RHI:    2. 'Microsoft Basic Render Driver' (Feature Level 11_0)
[2017.03.09-12.53.02:969][  0]LogD3D11RHI:       0/0/6083 MB DedicatedVideo/DedicatedSystem/SharedSystem, Outputs:0, VendorId:0x1414
[2017.03.09-12.53.02:969][  0]LogD3D11RHI: Chosen D3D11 Adapter: 0
[2017.03.09-12.53.02:975][  0]LogD3D11RHI: Creating new Direct3DDevice
[2017.03.09-12.53.02:975][  0]LogD3D11RHI:     GPU DeviceId: 0x139b (for the marketing name, search the web for "GPU Device Id")
[2017.03.09-12.53.02:975][  0]LogWindows: EnumDisplayDevices:
[2017.03.09-12.53.02:975][  0]LogWindows:    0. 'Intel(R) HD Graphics 530' (P:1 D:1)
[2017.03.09-12.53.02:976][  0]LogWindows:    1. 'Intel(R) HD Graphics 530' (P:0 D:0)
[2017.03.09-12.53.02:976][  0]LogWindows:    2. 'Intel(R) HD Graphics 530' (P:0 D:0)
[2017.03.09-12.53.02:976][  0]LogWindows: DebugString: PrimaryIsNotTheChoosenAdapter PrimaryIsNotTheChoosenAdapter PrimaryIsNotTheChoosenAdapter FoundDriverCount:0 
[2017.03.09-12.53.02:976][  0]LogD3D11RHI:     Adapter Name: NVIDIA GeForce GTX 960M
[2017.03.09-12.53.02:976][  0]LogD3D11RHI:   Driver Version: Unknown (internal:Unknown, unified:Unknown)
[2017.03.09-12.53.02:976][  0]LogD3D11RHI:      Driver Date: Unknown
[2017.03.09-12.53.02:976][  0]LogRHI: Texture pool is 1361 MB (70% of 1945 MB)
[2017.03.09-12.53.03:594][  0]LogD3D11RHI: Async texture creation enabled
[2017.03.09-12.53.03:637][  0]LogD3D11RHI: GPU Timing Frequency: 1000.000000 (Debug: 2 1)
[2017.03.09-12.53.03:637][  0]LogShaderCompilers: Guid format shader working directory is -26 characters bigger than the processId version (../../../../../../Users/armorias/Documents/GitHub/Soul-Striker/Soul Striker/Intermediate/Shaders/WorkingDirectory/5928/).
[2017.03.09-12.53.03:637][  0]LogShaderCompilers: Cleaned the shader compiler working directory 'C:/Users/armorias/AppData/Local/Temp/UnrealShaderWorkingDir/97E72FBD447CFEBCD2F64C861642212C/'.
[2017.03.09-12.53.03:637][  0]LogShaderCompilers:Display: Using Local Shader Compiler.
[2017.03.09-12.53.04:636][  0]LogTemp:Display: Loaded TP AllDesktopTargetPlatform
[2017.03.09-12.53.04:648][  0]LogTemp:Display: Loaded TP WindowsClientTargetPlatform
[2017.03.09-12.53.04:658][  0]LogTemp:Display: Loaded TP WindowsNoEditorTargetPlatform
[2017.03.09-12.53.04:670][  0]LogTemp:Display: Loaded TP WindowsServerTargetPlatform
[2017.03.09-12.53.04:680][  0]LogTemp:Display: Loaded TP WindowsTargetPlatform
[2017.03.09-12.53.04:689][  0]LogTemp:Display: Loaded TP AndroidTargetPlatform
[2017.03.09-12.53.04:698][  0]LogTemp:Display: Loaded TP Android_ASTCTargetPlatform
[2017.03.09-12.53.04:707][  0]LogTemp:Display: Loaded TP Android_ATCTargetPlatform
[2017.03.09-12.53.04:716][  0]LogTemp:Display: Loaded TP Android_DXTTargetPlatform
[2017.03.09-12.53.04:726][  0]LogTemp:Display: Loaded TP Android_ETC1TargetPlatform
[2017.03.09-12.53.04:734][  0]LogTemp:Display: Loaded TP Android_ETC2TargetPlatform
[2017.03.09-12.53.04:752][  0]LogTemp:Display: Loaded TP Android_MultiTargetPlatform
[2017.03.09-12.53.04:752][  0]LogTemp:Display: Loaded TP Android_PVRTCTargetPlatform
[2017.03.09-12.53.04:753][  0]LogTemp:Display: Loaded TP HTML5TargetPlatform
[2017.03.09-12.53.04:776][  0]LogTemp:Display: Loaded TP IOSTargetPlatform
[2017.03.09-12.53.04:785][  0]LogTemp:Display: Loaded TP TVOSTargetPlatform
[2017.03.09-12.53.04:793][  0]LogTemp:Display: Loaded TP LinuxNoEditorTargetPlatform
[2017.03.09-12.53.04:802][  0]LogTemp:Display: Loaded TP LinuxServerTargetPlatform
[2017.03.09-12.53.04:811][  0]LogTemp:Display: Loaded TP LinuxTargetPlatform
[2017.03.09-12.53.04:811][  0]LogTargetPlatformManager:Display: Building Assets For Windows
[2017.03.09-12.53.04:892][  0]LogDerivedDataCache:Display: Max Cache Size: 512 MB
[2017.03.09-12.53.04:947][  0]LogDerivedDataCache: Loaded boot cache 0.05s 48MB C:/Users/armorias/AppData/Local/UnrealEngine/4.12/DerivedDataCache/Boot.ddc.
[2017.03.09-12.53.04:947][  0]LogDerivedDataCache:Display: Loaded Boot cache: C:/Users/armorias/AppData/Local/UnrealEngine/4.12/DerivedDataCache/Boot.ddc
[2017.03.09-12.53.04:948][  0]LogDerivedDataCache: FDerivedDataBackendGraph:  Pak pak cache file ../../../../../../Users/armorias/Documents/GitHub/Soul-Striker/Soul Striker/DerivedDataCache/DDC.ddp not found, will not use a pak cache.
[2017.03.09-12.53.04:948][  0]LogDerivedDataCache: Unable to find inner node Pak for hierarchical cache Hierarchy.
[2017.03.09-12.53.04:948][  0]LogDerivedDataCache: FDerivedDataBackendGraph:  CompressedPak pak cache file ../../../../../../Users/armorias/Documents/GitHub/Soul-Striker/Soul Striker/DerivedDataCache/Compressed.ddp not found, will not use a pak cache.
[2017.03.09-12.53.04:948][  0]LogDerivedDataCache: Unable to find inner node CompressedPak for hierarchical cache Hierarchy.
[2017.03.09-12.53.04:967][  0]LogDerivedDataCache:Display: Pak cache opened for reading ../../../Engine/DerivedDataCache/Compressed.ddp.
[2017.03.09-12.53.04:979][  0]LogDerivedDataCache: Using Local data cache path C:/Users/armorias/AppData/Local/UnrealEngine/Common/DerivedDataCache: Writable
[2017.03.09-12.53.05:180][  0]LogInit: Selected Device Profile: [Windows]
[2017.03.09-12.53.05:181][  0]LogContentStreaming: Texture pool size is 0.00 MB
[2017.03.09-12.53.05:372][  0]LogMeshUtilities: No automatic mesh reduction module available
[2017.03.09-12.53.05:372][  0]LogMeshUtilities: No automatic mesh merging module available
[2017.03.09-12.53.05:372][  0]LogMeshUtilities: No distributed automatic mesh merging module available
[2017.03.09-12.53.05:634][  0]LogAssetRegistry: FAssetRegistry took 0.0218 seconds to start up
[2017.03.09-12.53.05:671][  0]LogPackageLocalizationCache: Processed 3 localized package path(s) for 2 prioritized culture(s) in 0.034212 seconds
[2017.03.09-12.53.05:676][  0]LogUObjectArray: 28739 objects as part of root set at end of initial load.
[2017.03.09-12.53.05:676][  0]LogUObjectAllocator: 5855624 out of 0 bytes used by permanent object pool.
[2017.03.09-12.53.05:676][  0]LogUObjectArray: CloseDisregardForGC: 0/0 objects in disregard for GC pool
[2017.03.09-12.53.05:684][  0]LogInit: WinSock: version 1.1 (2.2), MaxSocks=32767, MaxUdp=65467
[2017.03.09-12.53.05:867][  0]LogSlate: SlateFontCache - WITH_FREETYPE: 1, WITH_HARFBUZZ: 1
[2017.03.09-12.53.05:867][  0]LogSlate: SlateFontCache - WITH_FREETYPE: 1, WITH_HARFBUZZ: 1
[2017.03.09-12.53.06:562][  0]LogSubstanceCoreModule: Substance CPU Engine Loaded, Max Texture Size 2048
[2017.03.09-12.53.06:571][  0]LogUdpMessaging: Initializing bridge on interface 0.0.0.0:0 to multicast group 230.0.0.1:6666.
[2017.03.09-12.53.06:802][  0]SourceControl: Info Source control is disabled
[2017.03.09-12.53.06:803][  0]SourceControl: Info Source control is disabled
[2017.03.09-12.53.06:812][  0]SourceControl: Info Source control is disabled
[2017.03.09-12.53.06:821][  0]SourceControl: Info Source control is disabled
[2017.03.09-12.53.07:079][  0]LogEngine: Initializing Engine...
[2017.03.09-12.53.07:079][  0]LogHMD: SteamVR failed to initialize.  Err: 110
[2017.03.09-12.53.07:080][  0]LogHMD: SteamVR failed to initialize.  Err: 110
[2017.03.09-12.53.07:234][  0]LogAIModule: Creating AISystem for world NewWorld
[2017.03.09-12.53.07:240][  0]LogInit: XAudio2 using 'Speakers (Realtek High Definition Audio)' : 2 channels at 48 kHz using 32 bits per sample (channel mask 0x3)
[2017.03.09-12.53.07:324][  0]LogInit: FAudioDevice initialized.
[2017.03.09-12.53.07:351][  0]LogDerivedDataCache: Saved boot cache 0.03s 48MB C:/Users/armorias/AppData/Local/UnrealEngine/4.12/DerivedDataCache/Boot.ddc.
[2017.03.09-12.53.07:359][  0]LogInit: Texture streaming: Enabled
[2017.03.09-12.53.07:386][  0]LogInit: Transaction tracking system initialized
[2017.03.09-12.53.07:412][  0]BlueprintLog: New page: Editor Load
[2017.03.09-12.53.07:491][  0]LocalizationService: Info Localization service is disabled
[2017.03.09-12.53.07:557][  0]LogConsoleResponse:Display: 
[2017.03.09-12.53.07:664][  0]LogCook:Display: Max memory allowance for cook 8192mb
[2017.03.09-12.53.07:664][  0]LogCook:Display: Mobile HDR setting 1
[2017.03.09-12.53.07:772][  0]LogFileCache: Scanning file cache for directory 'C:/Users/armorias/Documents/GitHub/Soul-Striker/Soul Striker/Content/' took 0.02s
[2017.03.09-12.53.07:772][  0]SourceControl: Info Source control is disabled
[2017.03.09-12.53.07:772][  0]Cmd: MAP LOAD FILE="../../../../../../Users/armorias/Documents/GitHub/Soul-Striker/Soul Striker/Content/ThirdPersonBP/Maps/ThirdPersonExampleMap.umap" TEMPLATE=0 SHOWPROGRESS=1 FEATURELEVEL=3
[2017.03.09-12.53.07:772][  0]LightingResults: New page: Lighting Build
[2017.03.09-12.53.07:775][  0]MapCheck: New page: Map Check
[2017.03.09-12.53.07:775][  0]LightingResults: New page: Lighting Build
[2017.03.09-12.53.09:598][  0]LogAIModule: Creating AISystem for world ThirdPersonExampleMap
[2017.03.09-12.53.09:700][  0]LogEditorServer: Finished looking for orphan Actors (0.000 secs)
[2017.03.09-12.53.09:702][  0]Cmd: MAP CHECKDEP NOCLEARLOG
[2017.03.09-12.53.09:764][  0]MapCheck: Info Map check complete: 0 Error(s), 0 Warning(s), took 62.588ms to complete.
[2017.03.09-12.53.09:764][  0]LogFileHelpers: Loading map 'ThirdPersonExampleMap' took 1.993
[2017.03.09-12.53.09:992][  0]LogCollectionManager: Loaded 0 collections in 0.002089 seconds
[2017.03.09-12.53.10:033][  0]LogFileCache: Scanning file cache for directory 'C:/Users/armorias/Documents/GitHub/Soul-Striker/Soul Striker/Saved/Collections/' took 0.01s
[2017.03.09-12.53.10:033][  0]LogFileCache: Scanning file cache for directory 'C:/Users/armorias/Documents/GitHub/Soul-Striker/Soul Striker/Content/Developers/armorias/Collections/' took 0.01s
[2017.03.09-12.53.10:033][  0]LogFileCache: Scanning file cache for directory 'C:/Users/armorias/Documents/GitHub/Soul-Striker/Soul Striker/Content/Collections/' took 0.01s
[2017.03.09-12.53.10:033][  0]LogCollectionManager: Rebuilt the GUID cache for 0 collections in 0.000003 seconds
[2017.03.09-12.53.10:042][  0]LogContentBrowser: Native class hierarchy populated in 0.0090 seconds. Added 2062 classes and 375 folders.
[2017.03.09-12.53.10:046][  0]LogStats: UGameplayTagsManager::ConstructGameplayTagTree: Construct from data asset -  0.000 s
[2017.03.09-12.53.10:046][  0]LogStats: UGameplayTagsManager::ConstructGameplayTagTree: GameplayTagTreeChangedEvent.Broadcast -  0.000 s
[2017.03.09-12.53.10:047][  0]LogContentBrowser: Native class hierarchy updated for 'GameplayTags' in 0.0005 seconds. Added 12 classes and 0 folders.
[2017.03.09-12.53.10:052][  0]LogContentBrowser: Native class hierarchy updated for 'WidgetCarousel' in 0.0004 seconds. Added 0 classes and 0 folders.
[2017.03.09-12.53.10:102][  0]LogContentBrowser: Native class hierarchy updated for 'AddContentDialog' in 0.0007 seconds. Added 0 classes and 0 folders.
[2017.03.09-12.53.10:107][  0]LogContentBrowser: Native class hierarchy updated for 'SceneOutliner' in 0.0004 seconds. Added 1 classes and 2 folders.
[2017.03.09-12.53.10:185][  0]LogCrashTracker: Crashtracker disabled due to settings.
[2017.03.09-12.53.10:193][  0]LogUObjectGlobals:Warning: Failed to find object 'Class None.'
[2017.03.09-12.53.10:219][  0]LogContentBrowser: Native class hierarchy updated for 'HierarchicalLODOutliner' in 0.0004 seconds. Added 1 classes and 2 folders.
[2017.03.09-12.53.10:220][  0]LogLoad: Full Startup: 9.32 seconds (BP compile: 0.48 seconds)
[2017.03.09-12.53.10:220][  0]LogExternalProfiler: Found external profiler: VSPerf
[2017.03.09-12.53.10:220][  0]LogExternalProfiler: Using external profiler: VSPerf
[2017.03.09-12.53.10:689][  0]LogWindowsTextInputMethodSystem:Display: IME system now deactivated.
[2017.03.09-12.53.10:689][  0]LogOcInput: OculusInput pre-init called
[2017.03.09-12.53.10:727][  0]LogContentStreaming: Texture pool size now 700 MB
[2017.03.09-12.53.10:905][  