Log file open, 03/30/17 08:27:18
LogInit:Display: Running engine for game: SoulStriker
LogPlatformFile: Not using cached read wrapper
LogInit:Display: RandInit(-114320054) SRandInit(-114320053).
LogTaskGraph: Started task graph with 4 named threads and 7 total threads with 1 sets of task threads.
LogStats: Stats thread started at 0.085693
LogInit: Version: 4.12.5-3039270+++UE4+Release-4.12
LogInit: API Version: 2992821
LogInit: Net Version: 3039270
LogDevObjectVersion: Number of dev versions registered: 13
LogDevObjectVersion:   Dev-Blueprints (B0D832E4-1F89-4F0D-ACCF-7EB736FD4AA2): 3
LogDevObjectVersion:   Dev-Build (E1C64328-A22C-4D53-A36C-8E866417BD8C): 0
LogDevObjectVersion:   Dev-Core (375EC13C-06E4-48FB-B500-84F0262A717E): 1
LogDevObjectVersion:   Dev-Editor (E4B068ED-F494-42E9-A231-DA0B2E46BB41): 2
LogDevObjectVersion:   Dev-Framework (CFFC743F-43B0-4480-9391-14DF171D2073): 6
LogDevObjectVersion:   Dev-Mobile (B02B49B5-BB20-44E9-A304-32B752E40360): 0
LogDevObjectVersion:   Dev-Networking (A4E4105C-59A1-49B5-A7C5-40C4547EDFEE): 0
LogDevObjectVersion:   Dev-Online (39C831C9-5AE6-47DC-9A44-9C173E1C8E7C): 0
LogDevObjectVersion:   Dev-Physics (78F01B33-EBEA-4F98-B9B4-84EACCB95AA2): 0
LogDevObjectVersion:   Dev-Platform (6631380F-2D4D-43E0-8009-CF276956A95A): 0
LogDevObjectVersion:   Dev-Rendering (12F88B9F-8875-4AFC-A67C-D90C383ABD29): 2
LogDevObjectVersion:   Dev-Sequencer (7B5AE74C-D270-4C10-A958-57980B212A5A): 0
LogDevObjectVersion:   Dev-VR (D7296918-1DD6-4BDD-9DE2-64A83CC13884): 0
LogInit: Compiled (64-bit): Jul  6 2016 09:09:46
LogInit: Compiled with Visual C++: 19.00.23026.00
LogInit: Build Configuration: Development
LogInit: Branch Name: ++UE4+Release-4.12
LogInit: Command line: -EpicPortal 
LogInit: Base directory: C:/Program Files (x86)/Epic Games/4.12/Engine/Binaries/Win64/
LogInit: Installed Engine Build: 1
LogInit: Using libcurl 7.41.0
LogInit:  - built for x86_64-pc-win32
LogInit:  - supports SSL with WinSSL
LogInit:  - other features:
LogInit:      CURL_VERSION_SSL
LogInit:      CURL_VERSION_IPV6
LogInit:      CURL_VERSION_ASYNCHDNS
LogInit:      CURL_VERSION_LARGEFILE
LogInit:      CURL_VERSION_IDN
LogInit:  CurlRequestOptions (configurable via config and command line):
LogInit:  - bVerifyPeer = true  - Libcurl will verify peer certificate
LogInit:  - bUseHttpProxy = false  - Libcurl will NOT use HTTP proxy
LogInit:  - bDontReuseConnections = false  - Libcurl will reuse connections
LogInit:  - CertBundlePath = nullptr  - Libcurl will use whatever was configured at build time.
LogInit: Presizing for max 8388607 objects, including 0 objects not considered by GC, pre-allocating 0 bytes for permanent pool.
LogInit: Object subsystem initialized
[2017.03.30-12.27.18:283][  0]LogInit: Selected Device Profile: [Windows]
[2017.03.30-12.27.18:283][  0]LogInit: Applying CVar settings loaded from the selected device profile: [Windows]
[2017.03.30-12.27.18:327][  0]LogInit: Computer: MSI
[2017.03.30-12.27.18:327][  0]LogInit: User: armorias
[2017.03.30-12.27.18:327][  0]LogInit: CPU Page size=65536, Cores=4
[2017.03.30-12.27.18:327][  0]LogInit: High frequency timer resolution =2.531247 MHz
[2017.03.30-12.27.18:327][  0]LogMemory: Memory total: Physical=11.9GB (12GB approx)
[2017.03.30-12.27.18:327][  0]LogMemory: Platform Memory Stats for Windows
[2017.03.30-12.27.18:327][  0]LogMemory: Process Physical Memory: 191.98 MB used, 191.98 MB peak
[2017.03.30-12.27.18:327][  0]LogMemory: Process Virtual Memory: 195.36 MB used, 195.36 MB peak
[2017.03.30-12.27.18:327][  0]LogMemory: Physical Memory: 7125.01 MB used, 12166.60 MB total
[2017.03.30-12.27.18:327][  0]LogMemory: Virtual Memory: 553.81 MB used, 134217728.00 MB total
[2017.03.30-12.27.18:365][  0]LogTextLocalizationManager: No specific translations for ('en-US') exist, so ('en') translations will be used.
[2017.03.30-12.27.18:884][  0]LogD3D11RHI: D3D11 adapters:
[2017.03.30-12.27.19:508][  0]LogD3D11RHI:    0. 'NVIDIA GeForce GTX 960M' (Feature Level 11_0)
[2017.03.30-12.27.19:508][  0]LogD3D11RHI:       2018/0/6083 MB DedicatedVideo/DedicatedSystem/SharedSystem, Outputs:1, VendorId:0x10de
[2017.03.30-12.27.19:515][  0]LogD3D11RHI:    1. 'Intel(R) HD Graphics 530' (Feature Level 11_0)
[2017.03.30-12.27.19:515][  0]LogD3D11RHI:       128/0/6083 MB DedicatedVideo/DedicatedSystem/SharedSystem, Outputs:0, VendorId:0x8086
[2017.03.30-12.27.19:516][  0]LogD3D11RHI:    2. 'Microsoft Basic Render Driver' (Feature Level 11_0)
[2017.03.30-12.27.19:517][  0]LogD3D11RHI:       0/0/6083 MB DedicatedVideo/DedicatedSystem/SharedSystem, Outputs:0, VendorId:0x1414
[2017.03.30-12.27.19:517][  0]LogD3D11RHI: Chosen D3D11 Adapter: 0
[2017.03.30-12.27.19:523][  0]LogD3D11RHI: Creating new Direct3DDevice
[2017.03.30-12.27.19:523][  0]LogD3D11RHI:     GPU DeviceId: 0x139b (for the marketing name, search the web for "GPU Device Id")
[2017.03.30-12.27.19:523][  0]LogWindows: EnumDisplayDevices:
[2017.03.30-12.27.19:523][  0]LogWindows:    0. 'Intel(R) HD Graphics 530' (P:1 D:1)
[2017.03.30-12.27.19:523][  0]LogWindows:    1. 'Intel(R) HD Graphics 530' (P:0 D:0)
[2017.03.30-12.27.19:524][  0]LogWindows:    2. 'Intel(R) HD Graphics 530' (P:0 D:0)
[2017.03.30-12.27.19:524][  0]LogWindows: DebugString: PrimaryIsNotTheChoosenAdapter PrimaryIsNotTheChoosenAdapter PrimaryIsNotTheChoosenAdapter FoundDriverCount:0 
[2017.03.30-12.27.19:524][  0]LogD3D11RHI:     Adapter Name: NVIDIA GeForce GTX 960M
[2017.03.30-12.27.19:524][  0]LogD3D11RHI:   Driver Version: Unknown (internal:Unknown, unified:Unknown)
[2017.03.30-12.27.19:524][  0]LogD3D11RHI:      Driver Date: Unknown
[2017.03.30-12.27.19:524][  0]LogRHI: Texture pool is 1361 MB (70% of 1945 MB)
[2017.03.30-12.27.20:127][  0]LogD3D11RHI: Async texture creation enabled
[2017.03.30-12.27.20:166][  0]LogD3D11RHI: GPU Timing Frequency: 1000.000000 (Debug: 2 1)
[2017.03.30-12.27.20:167][  0]LogShaderCompilers: Guid format shader working directory is -8 characters bigger than the processId version (D:/SoulStriker_MainFolder/Soul-Striker-Main/Soul Striker/Intermediate/Shaders/WorkingDirectory/18488/).
[2017.03.30-12.27.20:167][  0]LogShaderCompilers: Cleaned the shader compiler working directory 'C:/Users/armorias/AppData/Local/Temp/UnrealShaderWorkingDir/6CBFFB9B428954FE6668D3B8E88154BA/'.
[2017.03.30-12.27.20:167][  0]LogShaderCompilers:Display: Using Local Shader Compiler.
[2017.03.30-12.27.21:146][  0]LogTemp:Display: Loaded TP AllDesktopTargetPlatform
[2017.03.30-12.27.21:156][  0]LogTemp:Display: Loaded TP WindowsClientTargetPlatform
[2017.03.30-12.27.21:166][  0]LogTemp:Display: Loaded TP WindowsNoEditorTargetPlatform
[2017.03.30-12.27.21:176][  0]LogTemp:Display: Loaded TP WindowsServerTargetPlatform
[2017.03.30-12.27.21:187][  0]LogTemp:Display: Loaded TP WindowsTargetPlatform
[2017.03.30-12.27.21:196][  0]LogTemp:Display: Loaded TP AndroidTargetPlatform
[2017.03.30-12.27.21:204][  0]LogTemp:Display: Loaded TP Android_ASTCTargetPlatform
[2017.03.30-12.27.21:215][  0]LogTemp:Display: Loaded TP Android_ATCTargetPlatform
[2017.03.30-12.27.21:233][  0]LogTemp:Display: Loaded TP Android_DXTTargetPlatform
[2017.03.30-12.27.21:250][  0]LogTemp:Display: Loaded TP Android_ETC1TargetPlatform
[2017.03.30-12.27.21:270][  0]LogTemp:Display: Loaded TP Android_ETC2TargetPlatform
[2017.03.30-12.27.21:314][  0]LogTemp:Display: Loaded TP Android_MultiTargetPlatform
[2017.03.30-12.27.21:314][  0]LogTemp:Display: Loaded TP Android_PVRTCTargetPlatform
[2017.03.30-12.27.21:316][  0]LogTemp:Display: Loaded TP HTML5TargetPlatform
[2017.03.30-12.27.21:350][  0]LogTemp:Display: Loaded TP IOSTargetPlatform
[2017.03.30-12.27.21:373][  0]LogTemp:Display: Loaded TP TVOSTargetPlatform
[2017.03.30-12.27.21:398][  0]LogTemp:Display: Loaded TP LinuxNoEditorTargetPlatform
[2017.03.30-12.27.21:423][  0]LogTemp:Display: Loaded TP LinuxServerTargetPlatform
[2017.03.30-12.27.21:448][  0]LogTemp:Display: Loaded TP LinuxTargetPlatform
[2017.03.30-12.27.21:448][  0]LogTargetPlatformManager:Display: Building Assets For Windows
[2017.03.30-12.27.21:604][  0]LogDerivedDataCache:Display: Max Cache Size: 512 MB
[2017.03.30-12.27.21:662][  0]LogDerivedDataCache: Loaded boot cache 0.06s 48MB C:/Users/armorias/AppData/Local/UnrealEngine/4.12/DerivedDataCache/Boot.ddc.
[2017.03.30-12.27.21:662][  0]LogDerivedDataCache:Display: Loaded Boot cache: C:/Users/armorias/AppData/Local/UnrealEngine/4.12/DerivedDataCache/Boot.ddc
[2017.03.30-12.27.21:662][  0]LogDerivedDataCache: FDerivedDataBackendGraph:  Pak pak cache file D:/SoulStriker_MainFolder/Soul-Striker-Main/Soul Striker/DerivedDataCache/DDC.ddp not found, will not use a pak cache.
[2017.03.30-12.27.21:662][  0]LogDerivedDataCache: Unable to find inner node Pak for hierarchical cache Hierarchy.
[2017.03.30-12.27.21:662][  0]LogDerivedDataCache: FDerivedDataBackendGraph:  CompressedPak pak cache file D:/SoulStriker_MainFolder/Soul-Striker-Main/Soul Striker/DerivedDataCache/Compressed.ddp not found, will not use a pak cache.
[2017.03.30-12.27.21:662][  0]LogDerivedDataCache: Unable to find inner node CompressedPak for hierarchical cache Hierarchy.
[2017.03.30-12.27.21:685][  0]LogDerivedDataCache:Display: Pak cache opened for reading ../../../Engine/DerivedDataCache/Compressed.ddp.
[2017.03.30-12.27.21:697][  0]LogDerivedDataCache: Using Local data cache path C:/Users/armorias/AppData/Local/UnrealEngine/Common/DerivedDataCache: Writable
[2017.03.30-12.27.21:913][  0]LogInit: Selected Device Profile: [Windows]
[2017.03.30-12.27.21:914][  0]LogContentStreaming: Texture pool size is 0.00 MB
[2017.03.30-12.27.22:190][  0]LogMeshUtilities: No automatic mesh reduction module available
[2017.03.30-12.27.22:190][  0]LogMeshUtilities: No automatic mesh merging module available
[2017.03.30-12.27.22:190][  0]LogMeshUtilities: No distributed automatic mesh merging module available
[2017.03.30-12.27.22:485][  0]LogAssetRegistry: FAssetRegistry took 0.0217 seconds to start up
[2017.03.30-12.27.22:510][  0]LogPackageLocalizationCache: Processed 3 localized package path(s) for 2 prioritized culture(s) in 0.022545 seconds
[2017.03.30-12.27.22:516][  0]LogUObjectArray: 28739 objects as part of root set at end of initial load.
[2017.03.30-12.27.22:516][  0]LogUObjectAllocator: 5855632 out of 0 bytes used by permanent object pool.
[2017.03.30-12.27.22:516][  0]LogUObjectArray: CloseDisregardForGC: 0/0 objects in disregard for GC pool
[2017.03.30-12.27.22:524][  0]LogInit: WinSock: version 1.1 (2.2), MaxSocks=32767, MaxUdp=65467
[2017.03.30-12.27.22:718][  0]LogSlate: SlateFontCache - WITH_FREETYPE: 1, WITH_HARFBUZZ: 1
[2017.03.30-12.27.22:718][  0]LogSlate: SlateFontCache - WITH_FREETYPE: 1, WITH_HARFBUZZ: 1
[2017.03.30-12.27.23:503][  0]LogSubstanceCoreModule: Substance CPU Engine Loaded, Max Texture Size 2048
[2017.03.30-12.27.23:527][  0]LogUdpMessaging: Initializing bridge on interface 0.0.0.0:0 to multicast group 230.0.0.1:6666.
[2017.03.30-12.27.23:803][  0]SourceControl: Info Source control is disabled
[2017.03.30-12.27.23:804][  0]SourceControl: Info Source control is disabled
[2017.03.30-12.27.23:813][  0]SourceControl: Info Source control is disabled
[2017.03.30-12.27.23:821][  0]SourceControl: Info Source control is disabled
[2017.03.30-12.27.24:334][  0]LogEngine: Initializing Engine...
[2017.03.30-12.27.24:335][  0]LogHMD: SteamVR failed to initialize.  Err: 110
[2017.03.30-12.27.24:336][  0]LogHMD: SteamVR failed to initialize.  Err: 110
[2017.03.30-12.27.24:605][  0]LogAIModule: Creating AISystem for world NewWorld
[2017.03.30-12.27.24:611][  0]LogInit: XAudio2 using 'Speakers (Realtek High Definition Audio)' : 2 channels at 48 kHz using 32 bits per sample (channel mask 0x3)
[2017.03.30-12.27.24:646][  0]LogInit: FAudioDevice initialized.
[2017.03.30-12.27.24:672][  0]LogDerivedDataCache: Saved boot cache 0.03s 48MB C:/Users/armorias/AppData/Local/UnrealEngine/4.12/DerivedDataCache/Boot.ddc.
[2017.03.30-12.27.24:681][  0]LogInit: Texture streaming: Enabled
[2017.03.30-12.27.24:708][  0]LogInit: Transaction tracking system initialized
[2017.03.30-12.27.24:732][  0]BlueprintLog: New page: Editor Load
[2017.03.30-12.27.24:846][  0]LocalizationService: Info Localization service is disabled
[2017.03.30-12.27.24:907][  0]LogConsoleResponse:Display: 
[2017.03.30-12.27.25:038][  0]LogCook:Display: Max memory allowance for cook 8192mb
[2017.03.30-12.27.25:038][  0]LogCook:Display: Mobile HDR setting 1
[2017.03.30-12.27.25:158][  0]LogFileCache: Scanning file cache for directory 'D:/SoulStriker_MainFolder/Soul-Striker-Main/Soul Striker/Content/' took 0.02s
[2017.03.30-12.27.25:158][  0]SourceControl: Info Source control is disabled
[2017.03.30-12.27.25:158][  0]Cmd: MAP LOAD FILE="D:/SoulStriker_MainFolder/Soul-Striker-Main/Soul Striker/Content/ThirdPersonBP/Maps/ThirdPersonExampleMap.umap" TEMPLATE=0 SHOWPROGRESS=1 FEATURELEVEL=3
[2017.03.30-12.27.25:258][  0]LightingResults: New page: Lighting Build
[2017.03.30-12.27.25:267][  0]MapCheck: New page: Map Check
[2017.03.30-12.27.25:267][  0]LightingResults: New page: Lighting Build
[2017.03.30-12.27.29:237][  0]LogBlueprint:Warning: Compiler Warning Node  Unknown  is not referencing a valid level actor
[2017.03.30-12.27.29:239][  0]LogBlueprint:Warning: Compiler Warning [0012.22] Compile of PersistentLevel.ThirdPersonExampleMap successful, but with 1 Warning(s) [in 6 ms] (/Game/ThirdPersonBP/Maps/ThirdPersonExampleMap.ThirdPersonExampleMap:PersistentLevel.ThirdPersonExampleMap)
[2017.03.30-12.27.29:239][  0]LogBlueprint:Warning: Compiler Warning [0012.22] Compile of PersistentLevel.ThirdPersonExampleMap successful, but with 2 Warning(s) [in 0 ms] (/Game/ThirdPersonBP/Maps/ThirdPersonExampleMap.ThirdPersonExampleMap:PersistentLevel.ThirdPersonExampleMap)
[2017.03.30-12.27.29:239][  0]LogBlueprint:Warning: Compiler Warning [0012.22] Compile of PersistentLevel.ThirdPersonExampleMap successful, but with 3 Warning(s) [in 0 ms] (/Game/ThirdPersonBP/Maps/ThirdPersonExampleMap.ThirdPersonExampleMap:PersistentLevel.ThirdPersonExampleMap)
[2017.03.30-12.27.29:247][  0]LogBlueprint:Warning: Compiler Warning Node  Unknown  is not referencing a valid level actor
[2017.03.30-12.27.29:249][  0]LogBlueprint:Warning: Compiler Warning [0012.23] Compile of PersistentLevel.ThirdPersonExampleMap successful, but with 1 Warning(s) [in 6 ms] (/Game/ThirdPersonBP/Maps/ThirdPersonExampleMap.ThirdPersonExampleMap:PersistentLevel.ThirdPersonExampleMap)
[2017.03.30-12.27.29:249][  0]LogBlueprint:Warning: Compiler Warning [0012.23] Compile of PersistentLevel.ThirdPersonExampleMap successful, but with 2 Warning(s) [in 0 ms] (/Game/ThirdPersonBP/Maps/ThirdPersonExampleMap.ThirdPersonExampleMap:PersistentLevel.ThirdPersonExampleMap)
[2017.03.30-12.27.29:249][  0]LogBlueprint:Warning: Compiler Warning [0012.23] Compile of PersistentLevel.ThirdPersonExampleMap successful, but with 3 Warning(s) [in 0 ms] (/Game/ThirdPersonBP/Maps/ThirdPersonExampleMap.ThirdPersonExampleMap:PersistentLevel.ThirdPersonExampleMap)
[2017.03.30-12.27.31:695][  0]LogAIModule: Creating AISystem for world ThirdPersonExampleMap
[2017.03.30-12.27.32:027][  0]LogEditorServer: Finished looking for orphan Actors (0.000 secs)
[2017.03.30-12.27.32:029][  0]Cmd: MAP CHECKDEP NOCLEARLOG
[2017.03.30-12.27.32:161][  0]MapCheck: Info Map check complete: 0 Error(s), 0 Warning(s), took 131.722ms to complete.
[2017.03.30-12.27.32:161][  0]LogFileHelpers: Loading map 'ThirdPersonExampleMap' took 7.003
[2017.03.30-12.27.32:566][  0]LogCollectionManager: Loaded 0 collections in 0.002064 seconds
[2017.03.30-12.27.32:606][  0]LogFileCache: Scanning file cache for directory 'D:/SoulStriker_MainFolder/Soul-Striker-Main/Soul Striker/Saved/Collections/' took 0.01s
[2017.03.30-12.27.32:606][  0]LogFileCache: Scanning file cache for directory 'D:/SoulStriker_MainFolder/Soul-Striker-Main/Soul Striker/Content/Developers/armorias/Collections/' took 0.01s
[2017.03.30-12.27.32:606][  0]LogFileCache: Scanning file cache for directory 'D:/SoulStriker_MainFolder/Soul-Striker-Main/Soul Striker/Content/Collections/' took 0.01s
[2017.03.30-12.27.32:606][  0]LogCollectionManager: Rebuilt the GUID cache for 0 collections in 0.000003 seconds
[2017.03.30-12.27.32:629][  0]LogContentBrowser: Native class hierarchy populated in 0.0224 seconds. Added 2062 classes and 375 folders.
[2017.03.30-12.27.32:641][  0]LogStats: UGameplayTagsManager::ConstructGameplayTagTree: Construct from data asset -  0.000 s
[2017.03.30-12.27.32:641][  0]LogStats: UGameplayTagsManager::ConstructGameplayTagTree: GameplayTagTreeChangedEvent.Broadcast -  0.000 s
[2017.03.30-12.27.32:643][  0]LogContentBrowser: Native class hierarchy updated for 'GameplayTags' in 0.0014 seconds. Added 12 classes and 0 folders.
[2017.03.30-12.27.32:659][  0]LogContentBrowser: Native class hierarchy updated for 'WidgetCarousel' in 0.0012 seconds. Added 0 classes and 0 folders.
[2017.03.30-12.27.33:605][  0]LogContentBrowser: Native class hierarchy updated for 'AddContentDialog' in 0.0013 seconds. Added 0 classes and 0 folders.
[2017.03.30-12.27.33:618][  0]LogContentBrowser: Native class hierarchy updated for 'SceneOutliner' in 0.0013 seconds. Added 1 classes and 2 folders.
[2017.03.30-12.27.33:809][  0]LogCrashTracker: Crashtracker disabled due to settings.
[2017.03.30-12.27.33:836][  0]LogUObjectGlobals:Warning: Failed to find object 'Class None.'
[2017.03.30-12.27.33:871][  0]LogContentBrowser: Native class hierarchy updated for 'HierarchicalLODOutliner' in 0.0013 seconds. Added 1 classes and 2 folders.
[2017.03.30-12.27.33:872][  0]LogLoad: Full Startup: 16.85 seconds (BP compile: 1.05 seconds)
[2017.03.30-12.27.33:872][  0]LogExternalProfiler: Found external profiler: VSPerf
[2017.03.30-12.27.33:872][  0]LogExternalProfiler: Using external profiler: VSPerf
[2017.03.30-12.27.34:770][  0]LogWindowsTextInputMethodSystem:Display: IME system now deactivated.
[2017.03.30-12.27.34:770][  0]LogOcInput: OculusInput pre-init called
[2017.03.30-12.27.34:813][  0]LogContentStreaming: Texture pool size now 700 MB
[2017.03.30-12.27.35:279][  0]LogRenderer: Reallocating scene render targets to support 892x436 (Frame:2).
[2017.03.30-12.27.35:345][  1]LogFileCache: Retrieving MD5 hashes for directory 'D:/SoulStriker_MainFolder/Soul-Striker-Main/Soul Striker/Content/' took 0.56s
[2017.03.30-12.27.35:540][  3]LogAssetRegistry: Asset discovery search completed in 13.0765 seconds
[2017.03.30-12.27.35:540][  3]LogCollectionManager: Rebuilt the object cache for 0 collections in 0.000002 seconds (found 0 objects)
[2017.03.30-12.27.35:540][  3]LogCollectionManager: Fixed up redirectors for 0 collections in 0.000043 seconds (updated 0 objects)
[2017.03.30-12.28.21:818][341]LogScriptCore:Warning: Attempted to get an item from array CallFunc_GetAllActorsOfClass_OutActors out of bounds [0/0]!

[2017.03.30-12.28.21:818][341]LogScript:Warning: Accessed None trying to read property CallFunc_Array_Get_Item
	spiritOrbOG_C /Engine/Transient.World_1:PersistentLevel.spiritOrbOG_C_0
	Function /Game/bluePrints/spiritOrbOG.spiritOrbOG_C:ExecuteUbergraph_spiritOrbOG:011E
[2017.03.30-12.28.21:818][341]LogScript:Warning: Attempted to assign to None
	spiritOrbOG_C /Engine/Transient.World_1:PersistentLevel.spiritOrbOG_C_0
	Function /Game/bluePrints/spiritOrbOG.spiritOrbOG_C:ExecuteUbergraph_spiritOrbOG:0133
[2017.03.30-12.29.01:219][386]LogScriptCore:Warning: Attempted to get an item from array CallFunc_GetAllActorsOfClass_OutActors out of bounds [0/0]!

[2017.03.30-12.29.01:219][386]LogScript:Warning: Accessed None trying to read property CallFunc_Array_Get_Item
	spiritOrbOG_C /Engine/Transient.World_1:PersistentLevel.spiritOrbOG_C_1
	Function /Game/bluePrints/spiritOrbOG.spiritOrbOG_C:ExecuteUbergraph_spiritOrbOG:011E
[2017.03.30-12.29.01:219][386]LogScript:Warning: Attempted to assign to None
	spiritOrbOG_C /Engine/Transient.World_1:PersistentLevel.spiritOrbOG_C_1
	Function /Game/bluePrints/spiritOrbOG.spiritOrbOG_C:ExecuteUbergraph_spiritOrbOG:0133
[2017.03.30-12.29.01:280][388]LogScriptCore:Warning: Attempted to get an item from array CallFunc_GetAllActorsOfClass_OutActors out of bounds [0/0]!

[2017.03.30-12.29.01:280][388]LogScript:Warning: Accessed None trying to read property CallFunc_Array_Get_Item
	spiritOrbOG_C /Engine/Transient.World_1:PersistentLevel.spiritOrbOG_C_2
	Function /Game/bluePrints/spiritOrbOG.spiritOrbOG_C:ExecuteUbergraph_spiritOrbOG:011E
[2017.03.30-12.29.01:280][388]LogScript:Warning: Attempted to assign to None
	spiritOrbOG_C /Engine/Transient.World_1:PersistentLevel.spiritOrbOG_C_2
	Function /Game/bluePrints/spiritOrbOG.spiritOrbOG_C:ExecuteUbergraph_spiritOrbOG:0133
[2017.03.30-12.29.01:315][389]LogScriptCore:Warning: Attempted to get an item from array CallFunc_GetAllActorsOfClass_OutActors out of bounds [0/0]!

[2017.03.30-12.29.01:315][389]LogScript:Warning: Accessed None trying to read property CallFunc_Array_Get_Item
	spiritOrbOG_C /Engine/Transient.World_1:PersistentLevel.spiritOrbOG_C_3
	Function /Game/bluePrints/spiritOrbOG.spiritOrbOG_C:ExecuteUbergraph_spiritOrbOG:011E
[2017.03.30-12.29.01:315][389]LogScript:Warning: Attempted to assign to None
	spiritOrbOG_C /Engine/Transient.World_1:PersistentLevel.spiritOrbOG_C_3
	Function /Game/bluePrints/spiritOrbOG.spiritOrbOG_C:ExecuteUbergraph_spiritOrbOG:0133
[2017.03.30-12.29.01:381][391]LogScriptCore:Warning: Attempted to get an item from array CallFunc_GetAllActorsOfClass_OutActors out of bounds [0/0]!

[2017.03.30-12.29.01:382][391]LogScript:Warning: Accessed None trying to read property CallFunc_Array_Get_Item
	spiritOrbOG_C /Engine/Transient.World_1:PersistentLevel.spiritOrbOG_C_4
	Function /Game/bluePrints/spiritOrbOG.spiritOrbOG_C:ExecuteUbergraph_spiritOrbOG:011E
[2017.03.30-12.29.01:382][391]LogScript:Warning: Attempted to assign to None
	spiritOrbOG_C /Engine/Transient.World_1:PersistentLevel.spiritOrbOG_C_4
	Function /Game/bluePrints/spiritOrbOG.spiritOrbOG_C:ExecuteUbergraph_spiritOrbOG:0133
[2017.03.30-12.29.01:448][393]LogScriptCore:Warning: Attempted to get an item from array CallFunc_GetAllActorsOfClass_OutActors out of bounds [0/0]!

[2017.03.30-12.29.01:448][393]LogScript:Warning: Accessed None trying to read property CallFunc_Array_Get_Item
	spiritOrbOG_C /Engine/Transient.World_1:PersistentLevel.spiritOrbOG_C_5
	Function /Game/bluePrints/spiritOrbOG.spiritOrbOG_C:ExecuteUbergraph_spiritOrbOG:011E
[2017.03.30-12.29.01:448][393]LogScript:Warning: Attempted to assign to None
	spiritOrbOG_C /Engine/Transient.World_1:PersistentLevel.spiritOrbOG_C_5
	Function /Game/bluePrints/spiritOrbOG.spiritOrbOG_C:ExecuteUbergraph_spiritOrbOG:0133
[2017.03.30-12.29.01:773][395]LogScriptCore:Warning: Attempted to get an item from array CallFunc_GetAllActorsOfClass_OutActors out of bounds [0/0]!

[2017.03.30-12.29.01:774][395]LogScript:Warning: Accessed None trying to read property CallFunc_Array_Get_Item
	spiritOrbOG_C /Engine/Transient.World_1:PersistentLevel.spiritOrbOG_C_6
	Function /Game/bluePrints/spiritOrbOG.spiritOrbOG_C:ExecuteUbergraph_spiritOrbOG:011E
[2017.03.30-12.29.01:774][395]LogScript:Warning: Attempted to assign to None
	spiritOrbOG_C /Engine/Transient.World_1:PersistentLevel.spiritOrbOG_C_6
	Function /Game/bluePrints/spiritOrbOG.spiritOrbOG_C:ExecuteUbergraph_spiritOrbOG:0133
[2017.03.30-12.29.01:936][397]LogScriptCore:Warning: Attempted to get an item from array CallFunc_GetAllActorsOfClass_OutActors out of bounds [0/0]!

[2017.03.30-12.29.01:936][397]LogScript:Warning: Accessed None trying to read property CallFunc_Array_Get_Item
	spiritOrbOG_C /Engine/Transient.World_1:PersistentLevel.spiritOrbOG_C_7
	Function /Game/bluePrints/spiritOrbOG.spiritOrbOG_C:ExecuteUbergraph_spiritOrbOG:011E
[2017.03.30-12.29.01:936][397]LogScript:Warning: Attempted to assign to None
	spiritOrbOG_C /Engine/Transient.World_1:PersistentLevel.spiritOrbOG_C_7
	Function /Game/bluePrints/spiritOrbOG.spiritOrbOG_C:ExecuteUbergraph_spiritOrbOG:0133
[2017.03.30-12.29.02:358][399]LogScriptCore:Warning: Attempted to get an item from array CallFunc_GetAllActorsOfClass_OutActors out of bounds [0/0]!

[2017.03.30-12.29.02:358][399]LogScript:Warning: Accessed None trying to read property CallFunc_Array_Get_Item
	spiritOrbOG_C /Engine/Transient.World_1:PersistentLevel.spiritOrbOG_C_8
	Function /Game/bluePrints/spiritOrbOG.spiritOrbOG_C:ExecuteUbergraph_spiritOrbOG:011E
[2017.03.30-12.29.02:358][399]LogScript:Warning: Attempted to assign to None
	spiritOrbOG_C /Engine/Transient.World_1:PersistentLevel.spiritOrbOG_C_8
	Function /Game/bluePrints/spiritOrbOG.spiritOrbOG_C:ExecuteUbergraph_spiritOrbOG:0133
[2017.03.30-12.29.02:644][402]LogScriptCore:Warning: Attempted to get an item from array CallFunc_GetAllActorsOfClass_OutActors out of bounds [0/0]!

[2017.03.30-12.29.02:644][402]LogScript:Warning: Accessed None trying to read property CallFunc_Array_Get_Item
	spiritOrbOG_C /Engine/Transient.World_1:PersistentLevel.spiritOrbOG_C_9
	Function /Game/bluePrints/spiritOrbOG.spiritOrbOG_C:ExecuteUbergraph_spiritOrbOG:011E
[2017.03.30-12.29.02:644][402]LogScript:Warning: Attempted to assign to None
	spiritOrbOG_C /Engine/Transient.World_1:PersistentLevel.spiritOrbOG_C_9
	Function /Game/bluePrints/spiritOrbOG.spiritOrbOG_C:ExecuteUbergraph_spiritOrbOG:0133
[2017.03.30-12.29.02:729][404]LogScriptCore:Warning: Attempted to get an item from array CallFunc_GetAllActorsOfClass_OutActors out of bounds [0/0]!

[2017.03.30-12.29.02:729][404]LogScript:Warning: Accessed None trying to read property CallFunc_Array_Get_Item
	spiritOrbOG_C /Engine/Transient.World_1:PersistentLevel.spiritOrbOG_C_10
	Function /Game/bluePrints/spiritOrbOG.spiritOrbOG_C:ExecuteUbergraph_spiritOrbOG:011E
[2017.03.30-12.29.02:729][404]LogScript:Warning: Attempted to assign to None
	spiritOrbOG_C /Engine/Transient.World_1:PersistentLevel.spiritOrbOG_C_10
	Function /Game/bluePrints/spiritOrbOG.spiritOrbOG_C:ExecuteUbergraph_spiritOrbOG:0133
[2017.03.30-12.29.05:991][433]LogContentBrowser: Native class hierarchy updated for 'BlueprintGraph' in 0.0029 seconds. Added 111 classes and 0 folders.
[2017.03.30-12.29.58:265][636]LogFactory: FactoryCreateFile: StaticMesh with FbxFactory (0 0 D:/Paladin_1/scenes/turret_top.fbx)
[2017.03.30-12.29.58:365][636]LogFbx: ItemName: GlobalSettings, ItemCount : 1
[2017.03.30-12.29.58:365][636]LogFbx: ItemName: AnimationStack, ItemCount : 1
[2017.03.30-12.29.58:365][636]LogFbx: ItemName: AnimationLayer, ItemCount : 1
[2017.03.30-12.29.58:365][636]LogFbx: ItemName: NodeAttribute, ItemCount : 6
[2017.03.30-12.29.58:365][636]LogFbx: ItemName: Model, ItemCount : 7
[2017.03.30-12.29.58:365][636]LogFbx: ItemName: Material, ItemCount : 1
[2017.03.30-12.29.58:365][636]LogFbx: ItemName: Geometry, ItemCount : 1
[2017.03.30-12.29.58:385][636]LogFbx: Loading FBX Scene from D:/Paladin_1/scenes/turret_top.fbx
[2017.03.30-12.29.58:412][636]LogFbx: FBX Scene Loaded Succesfully
[2017.03.30-12.30.08:027][636]LogFbx: Loading FBX Scene from D:/Paladin_1/scenes/turret_top.fbx
[2017.03.30-12.30.08:056][636]LogFbx: FBX Scene Loaded Succesfully
[2017.03.30-12.30.08:069][636]LogLinker:Warning: Can't find file '/Game/Geometry/Meshes/lambert3'
[2017.03.30-12.30.08:069][636]LogLinker:Warning: Can't find file '/Game/Geometry/Meshes/lambert3'
[2017.03.30-12.30.08:085][636]LogMaterial: Missing cached shader map for material lambert3, compiling. 
[2017.03.30-12.30.08:209][636]LogStaticMesh: Building static mesh turret_top...
[2017.03.30-12.30.08:245][636]LogStaticMesh: Built static mesh [0.04s] /Game/Geometry/Meshes/turret_top.turret_top
[2017.03.30-12.30.12:899][684]Cmd: OBJ SAVEPACKAGE PACKAGE="/Game/Geometry/Meshes/lambert3" FILE="D:/SoulStriker_MainFolder/Soul-Striker-Main/Soul Striker/Content/Geometry/Meshes/lambert3.uasset" SILENT=true
[2017.03.30-12.30.12:957][684]LogSavePackage: Save=55.01ms
[2017.03.30-12.30.12:957][684]LogSavePackage: Moving 'D:/SoulStriker_MainFolder/Soul-Striker-Main/Soul Striker/Saved/lambert33E8F65574616BB7DCE410999645295D4.tmp' to 'D:/SoulStriker_MainFolder/Soul-Striker-Main/Soul Striker/Content/Geometry/Meshes/lambert3.uasset'
[2017.03.30-12.30.12:961][684]LogSavePackage:Display: Finished SavePackage D:/SoulStriker_MainFolder/Soul-Striker-Main/Soul Striker/Content/Geometry/Meshes/lambert3.uasset
[2017.03.30-12.30.13:028][684]Cmd: OBJ SAVEPACKAGE PACKAGE="/Game/Geometry/Meshes/turret_top" FILE="D:/SoulStriker_MainFolder/Soul-Striker-Main/Soul Striker/Content/Geometry/Meshes/turret_top.uasset" SILENT=true
[2017.03.30-12.30.13:079][684]LogSavePackage: Save=47.75ms
[2017.03.30-12.30.13:079][684]LogSavePackage: Moving 'D:/SoulStriker_MainFolder/Soul-Striker-Main/Soul Striker/Saved/turret_topA7B4300547BFAEA21A750685D1992B5D.tmp' to 'D:/SoulStriker_MainFolder/Soul-Striker-Main/Soul Striker/Content/Geometry/Meshes/turret_top.uasset'
[2017.03.30-12.30.13:082][684]LogSavePackage:Display: Finished SavePackage D:/SoulStriker_MainFolder/Soul-Striker-Main/Soul Striker/Content/Geometry/Meshes/turret_top.uasset
[2017.03.30-12.30.25:183][882]LogFactory: FactoryCreateFile: StaticMesh with FbxFactory (0 0 D:/Paladin_1/scenes/turret_bottom.fbx)
[2017.03.30-12.30.25:284][882]LogFbx: ItemName: GlobalSettings, ItemCount : 1
[2017.03.30-12.30.25:284][882]LogFbx: ItemName: AnimationStack, ItemCount : 1
[2017.03.30-12.30.25:284][882]LogFbx: ItemName: AnimationLayer, ItemCount : 1
[2017.03.30-12.30.25:284][882]LogFbx: ItemName: NodeAttribute, ItemCount : 6
[2017.03.30-12.30.25:284][882]LogFbx: ItemName: Model, ItemCount : 7
[2017.03.30-12.30.25:284][882]LogFbx: ItemName: Material, ItemCount : 1
[2017.03.30-12.30.25:284][882]LogFbx: ItemName: Geometry, ItemCount : 1
[2017.03.30-12.30.25:303][882]LogFbx: Loading FBX Scene from D:/Paladin_1/scenes/turret_bottom.fbx
[2017.03.30-12.30.25:330][882]LogFbx: FBX Scene Loaded Succesfully
[2017.03.30-12.30.31:241][882]LogFbx: Loading FBX Scene from D:/Paladin_1/scenes/turret_bottom.fbx
[2017.03.30-12.30.31:258][882]LogFbx: FBX Scene Loaded Succesfully
[2017.03.30-12.30.31:265][882]LogStaticMesh: Building static mesh turret_bottom...
[2017.03.30-12.30.31:272][882]LogStaticMesh: Built static mesh [0.01s] /Game/Geometry/Meshes/turret_bottom.turret_bottom
[2017.03.30-12.30.43:009][143]Cmd: OBJ SAVEPACKAGE PACKAGE="/Game/Geometry/Meshes/turret_bottom" FILE="D:/SoulStriker_MainFolder/Soul-Striker-Main/Soul Striker/Content/Geometry/Meshes/turret_bottom.uasset" SILENT=true
[2017.03.30-12.30.43:040][143]LogSavePackage: Save=28.03ms
[2017.03.30-12.30.43:040][143]LogSavePackage: Moving 'D:/SoulStriker_MainFolder/Soul-Striker-Main/Soul Striker/Saved/turret_bottom2D56C5034F1D67980D97C2BEB843305E.tmp' to 'D:/SoulStriker_MainFolder/Soul-Striker-Main/Soul Striker/Content/Geometry/Meshes/turret_bottom.uasset'
[2017.03.30-12.30.43:042][143]LogSavePackage:Display: Finished SavePackage D:/SoulStriker_MainFolder/Soul-Striker-Main/Soul Striker/Content/Geometry/Meshes/turret_bottom.uasset
[2017.03.30-12.31.31:163][428]LogRenderer: Reallocating scene render targets to support 912x540 (Frame:8907).
[2017.03.30-12.31.50:617][610]LogEditorTransaction: Undo Modify Component(s)
[2017.03.30-12.32.42:959][115]BlueprintLog: New page: Compile AI_Turret
[2017.03.30-12.32.43:093][115]BlueprintEditorCompileResults: Info [0326.07] Compile of AI_Turret successful! [in 133 ms] (/Game/bluePrints/AI_Turret/AI_Turret.AI_Turret)
[2017.03.30-12.32.44:185][130]Cmd: OBJ SAVEPACKAGE PACKAGE="/Game/bluePrints/AI_Turret/AI_Turret" FILE="D:/SoulStriker_MainFolder/Soul-Striker-Main/Soul Striker/Content/bluePrints/AI_Turret/AI_Turret.uasset" SILENT=true
[2017.03.30-12.32.44:280][130]LogSavePackage: Save=86.56ms
[2017.03.30-12.32.44:280][130]LogSavePackage: Moving 'D:/SoulStriker_MainFolder/Soul-Striker-Main/Soul Striker/Saved/AI_TurretC31182814C87929C99450D9E269E1D07.tmp' to 'D:/SoulStriker_MainFolder/Soul-Striker-Main/Soul Striker/Content/bluePrints/AI_Turret/AI_Turret.uasset'
[2017.03.30-12.32.44:284][130]LogSavePackage:Display: Finished SavePackage D:/SoulStriker_MainFolder/Soul-Striker-Main/Soul Striker/Content/bluePrints/AI_Turret/AI_Turret.uasset
[2017.03.30-12.32.54:167][272]LogAIModule: Creating AISystem for world Level_1
[2017.03.30-12.32.56:304][272]LogBlueprint:Warning: Compiler Warning Node  Unknown  is not referencing a valid level actor
[2017.03.30-12.32.56:306][272]LogBlueprint:Warning: Compiler Warning [0339.29] Compile of PersistentLevel.ThirdPersonExampleMap successful, but with 1 Warning(s) [in 21 ms] (/Game/ThirdPersonBP/Maps/ThirdPersonExampleMap.ThirdPersonExampleMap:PersistentLevel.ThirdPersonExampleMap)
[2017.03.30-12.32.56:306][272]LogBlueprint:Warning: Compiler Warning [0339.29] Compile of PersistentLevel.ThirdPersonExampleMap successful, but with 2 Warning(s) [in 0 ms] (/Game/ThirdPersonBP/Maps/ThirdPersonExampleMap.ThirdPersonExampleMap:PersistentLevel.ThirdPersonExampleMap)
[2017.03.30-12.32.56:306][272]LogBlueprint:Warning: Compiler Warning [0339.29] Compile of PersistentLevel.ThirdPersonExampleMap successful, but with 3 Warning(s) [in 0 ms] (/Game/ThirdPersonBP/Maps/ThirdPersonExampleMap.ThirdPersonExampleMap:PersistentLevel.ThirdPersonExampleMap)
[2017.03.30-12.32.56:379][272]LogBlueprint:Warning: Compiler Warning [0339.36] Compile of PersistentLevel.ThirdPersonExampleMap successful, but with 4 Warning(s) [in 72 ms] (/Game/ThirdPersonBP/Maps/ThirdPersonExampleMap.ThirdPersonExampleMap:PersistentLevel.ThirdPersonExampleMap)
[2017.03.30-12.32.56:379][272]LogBlueprint:Warning: Compiler Warning [0339.36] Compile of PersistentLevel.ThirdPersonExampleMap successful, but with 5 Warning(s) [in 0 ms] (/Game/ThirdPersonBP/Maps/ThirdPersonExampleMap.ThirdPersonExampleMap:PersistentLevel.ThirdPersonExampleMap)
[2017.03.30-12.32.56:379][272]LogBlueprint:Warning: Compiler Warning [0339.36] Compile of PersistentLevel.ThirdPersonExampleMap successful, but with 6 Warning(s) [in 0 ms] (/Game/ThirdPersonBP/Maps/ThirdPersonExampleMap.ThirdPersonExampleMap:PersistentLevel.ThirdPersonExampleMap)
[2017.03.30-12.32.56:987][272]LogSavePackage: Save=708.16ms
[2017.03.30-12.32.56:987][272]LogSavePackage: Moving 'D:/SoulStriker_MainFolder/Soul-Striker-Main/Soul Striker/Saved/ThirdPersonExampleMapD149707A434892ACB742F0831B04ABA5.tmp' to 'D:/SoulStriker_MainFolder/Soul-Striker-Main/Soul Striker/Content/ThirdPersonBP/Maps/ThirdPersonExampleMap.umap'
[2017.03.30-12.32.56:994][272]LogSavePackage:Display: Finished SavePackage D:/SoulStriker_MainFolder/Soul-Striker-Main/Soul Striker/Content/ThirdPersonBP/Maps/ThirdPersonExampleMap.umap
[2017.03.30-12.32.57:191][272]LogFileHelpers: Saving map 'ThirdPersonExampleMap' took 1.077
[2017.03.30-12.32.57:193][272]Cmd: MAP LOAD FILE="D:/SoulStriker_MainFolder/Soul-Striker-Main/Soul Striker/Content/Maps/Level_1.umap" TEMPLATE=0 SHOWPROGRESS=1 FEATURELEVEL=3
[2017.03.30-12.32.57:194][272]LightingResults: New page: Lighting Build
[2017.03.30-12.32.57:195][272]LoadErrors: New page: Loading map: Level_1.umap
[2017.03.30-12.32.57:266][272]MapCheck: New page: Map Check
[2017.03.30-12.32.57:266][272]LightingResults: New page: Lighting Build
[2017.03.30-12.32.57:686][272]LogEditorServer: Finished looking for orphan Actors (0.000 secs)
[2017.03.30-12.32.57:853][272]Cmd: MAP CHECKDEP NOCLEARLOG
[2017.03.30-12.32.58:056][272]MapCheck: Info Map check complete: 0 Error(s), 0 Warning(s), took 203.06ms to complete.
[2017.03.30-12.32.58:057][272]LogFileHelpers: Loading map 'Level_1' took 0.866
[2017.03.30-12.33.01:187][364]LogEditorViewport: Clicking on Actor (LMB): AI_Turret_C (AI_Turret)
[2017.03.30-12.33.28:399][153]LogBlueprintUserMessages: Early PlayInEditor Detection: Level '/Game/Maps/Level_1.Level_1:PersistentLevel' has LevelScriptBlueprint '/Game/Maps/Level_1.Level_1:PersistentLevel.Level_1' with GeneratedClass '/Game/Maps/Level_1.Level_1_C' with ClassGeneratedBy '/Game/Maps/Level_1.Level_1:PersistentLevel.Level_1'
[2017.03.30-12.33.28:399][153]LogPlayLevel: PlayLevel: No blueprints needed recompiling
[2017.03.30-12.33.28:399][153]PIE: New page: PIE session: Level_1 (Mar 30, 2017, 3:33:28 AM)
[2017.03.30-12.33.28:399][153]LogPlayLevel: Creating play world package: /Game/Maps/UEDPIE_0_Level_1
[2017.03.30-12.33.28:414][153]LogPlayLevel: PIE: StaticDuplicateObject took: (0.014771s)
[2017.03.30-12.33.28:415][153]LogAIModule: Creating AISystem for world Level_1
[2017.03.30-12.33.28:415][153]LogPlayLevel: PIE: World Init took: (0.000504s)
[2017.03.30-12.33.28:415][153]LogPlayLevel: PIE: Created PIE world by copying editor world from /Game/Maps/Level_1.Level_1 to /Game/Maps/UEDPIE_0_Level_1.Level_1 (0.015507s)
[2017.03.30-12.33.28:445][153]LogInit: XAudio2 using 'Speakers (Realtek High Definition Audio)' : 8 channels at 48 kHz using 32 bits per sample (channel mask 0x63f)
[2017.03.30-12.33.28:512][153]LogInit: FAudioDevice initialized.
[2017.03.30-12.33.28:679][153]LogWorld: Game class is 'SoulStrikerCampaign_C'
[2017.03.30-12.33.28:723][153]LogWorld: Bringing World /Game/Maps/UEDPIE_0_Level_1.Level_1 up for play (max tick rate 60) at 2017.03.30-08.33.28
[2017.03.30-12.33.28:732][153]LogWorld: Bringing up level for play took: 0.048121
[2017.03.30-12.33.28:747][153]LogContentBrowser: Native class hierarchy updated for 'MovieSceneCapture' in 0.0016 seconds. Added 11 classes and 0 folders.
[2017.03.30-12.33.28:762][153]PIE: Info Play in editor start time for /Game/Maps/UEDPIE_0_Level_1 0.64
[2017.03.30-12.33.28:763][153]LogBlueprintUserMessages: Late PlayInEditor Detection: Level '/Game/Maps/Level_1.Level_1:PersistentLevel' has LevelScriptBlueprint '/Game/Maps/Level_1.Level_1:PersistentLevel.Level_1' with GeneratedClass '/Game/Maps/Level_1.Level_1_C' with ClassGeneratedBy '/Game/Maps/Level_1.Level_1:PersistentLevel.Level_1'
[2017.03.30-12.33.34:415][320]LogBlueprintUserMessages: [AI_TurretBullet_C_2] 9.0
[2017.03.30-12.33.34:716][329]LogBlueprintUserMessages: [AI_TurretBullet_C_3] 8.0
[2017.03.30-12.33.39:715][479]LogBlueprintUserMessages: Early EndPlayMap Detection: Level '/Game/Maps/Level_1.Level_1:PersistentLevel' has LevelScriptBlueprint '/Game/Maps/Level_1.Level_1:PersistentLevel.Level_1' with GeneratedClass '/Game/Maps/Level_1.Level_1_C' with ClassGeneratedBy '/Game/Maps/Level_1.Level_1:PersistentLevel.Level_1'
[2017.03.30-12.33.39:836][479]LogBlueprintUserMessages: Late EndPlayMap Detection: Level '/Game/Maps/Level_1.Level_1:PersistentLevel' has LevelScriptBlueprint '/Game/Maps/Level_1.Level_1:PersistentLevel.Level_1' with GeneratedClass '/Game/Maps/Level_1.Level_1_C' with ClassGeneratedBy '/Game/Maps/Level_1.Level_1:PersistentLevel.Level_1'
[2017.03.30-12.33.56:800][638]BlueprintLog: New page: Compile AI_Turret
[2017.03.30-12.33.56:938][638]BlueprintEditorCompileResults: Info [0399.92] Compile of AI_Turret successful! [in 137 ms] (/Game/bluePrints/AI_Turret/AI_Turret.AI_Turret)
[2017.03.30-12.33.58:192][644]Cmd: OBJ SAVEPACKAGE PACKAGE="/Game/bluePrints/AI_Turret/AI_Turret" FILE="D:/SoulStriker_MainFolder/Soul-Striker-Main/Soul Striker/Content/bluePrints/AI_Turret/AI_Turret.uasset" SILENT=true
[2017.03.30-12.33.58:314][644]LogSavePackage: Save=114.37ms
[2017.03.30-12.33.58:314][644]LogSavePackage: Moving 'D:/SoulStriker_MainFolder/Soul-Striker-Main/Soul Striker/Saved/AI_TurretBD49AD104B9E8BDAF35FB58598E130BF.tmp' to 'D:/SoulStriker_MainFolder/Soul-Striker-Main/Soul Striker/Content/bluePrints/AI_Turret/AI_Turret.uasset'
[2017.03.30-12.33.58:316][644]LogSavePackage:Display: Finished SavePackage D:/SoulStriker_MainFolder/Soul-Striker-Main/Soul Striker/Content/bluePrints/AI_Turret/AI_Turret.uasset
[2017.03.30-12.34.00:635][670]LogBlueprintUserMessages: Early PlayInEditor Detection: Level '/Game/Maps/Level_1.Level_1:PersistentLevel' has LevelScriptBlueprint '/Game/Maps/Level_1.Level_1:PersistentLevel.Level_1' with GeneratedClass '/Game/Maps/Level_1.Level_1_C' with ClassGeneratedBy '/Game/Maps/Level_1.Level_1:PersistentLevel.Level_1'
[2017.03.30-12.34.00:635][670]LogPlayLevel: PlayLevel: No blueprints needed recompiling
[2017.03.30-12.34.00:635][670]PIE: New page: PIE session: Level_1 (Mar 30, 2017, 3:34:00 AM)
[2017.03.30-12.34.00:635][670]LogPlayLevel: Creating play world package: /Game/Maps/UEDPIE_0_Level_1
[2017.03.30-12.34.00:650][670]LogPlayLevel: PIE: StaticDuplicateObject took: (0.015237s)
[2017.03.30-12.34.00:651][670]LogAIModule: Creating AISystem for world Level_1
[2017.03.30-12.34.00:651][670]LogPlayLevel: PIE: World Init took: (0.000536s)
[2017.03.30-12.34.00:651][670]LogPlayLevel: PIE: Created PIE world by copying editor world from /Game/Maps/Level_1.Level_1 to /Game/Maps/UEDPIE_0_Level_1.Level_1 (0.016058s)
[2017.03.30-12.34.00:683][670]LogInit: XAudio2 using 'Speakers (Realtek High Definition Audio)' : 8 channels at 48 kHz using 32 bits per sample (channel mask 0x63f)
[2017.03.30-12.34.00:725][670]LogInit: FAudioDevice initialized.
[2017.03.30-12.34.00:838][670]LogWorld: Game class is 'SoulStrikerCampaign_C'
[2017.03.30-12.34.00:863][670]LogWorld: Bringing World /Game/Maps/UEDPIE_0_Level_1.Level_1 up for play (max tick rate 60) at 2017.03.30-08.34.00
[2017.03.30-12.34.00:869][670]LogWorld: Bringing up level for play took: 0.027989
[2017.03.30-12.34.00:878][670]PIE: Info Play in editor start time for /Game/Maps/UEDPIE_0_Level_1 0.756
[2017.03.30-12.34.00:879][670]LogBlueprintUserMessages: Late PlayInEditor Detection: Level '/Game/Maps/Level_1.Level_1:PersistentLevel' has LevelScriptBlueprint '/Game/Maps/Level_1.Level_1:PersistentLevel.Level_1' with GeneratedClass '/Game/Maps/Level_1.Level_1_C' with ClassGeneratedBy '/Game/Maps/Level_1.Level_1:PersistentLevel.Level_1'
[2017.03.30-12.34.08:510][900]LogBlueprintUserMessages: [AI_TurretBullet_C_4] 9.0
[2017.03.30-12.34.09:641][934]LogBlueprintUserMessages: [AI_TurretBullet_C_5] 8.0
[2017.03.30-12.34.34:767][688]LogBlueprintUserMessages: Early EndPlayMap Detection: Level '/Game/Maps/Level_1.Level_1:PersistentLevel' has LevelScriptBlueprint '/Game/Maps/Level_1.Level_1:PersistentLevel.Level_1' with GeneratedClass '/Game/Maps/Level_1.Level_1_C' with ClassGeneratedBy '/Game/Maps/Level_1.Level_1:PersistentLevel.Level_1'
[2017.03.30-12.34.34:877][688]LogBlueprintUserMessages: Late EndPlayMap Detection: Level '/Game/Maps/Level_1.Level_1:PersistentLevel' has LevelScriptBlueprint '/Game/Maps/Level_1.Level_1:PersistentLevel.Level_1' with GeneratedClass '/Game/Maps/Level_1.Level_1_C' with ClassGeneratedBy '/Game/Maps/Level_1.Level_1:PersistentLevel.Level_1'
[2017.03.30-12.35.33:905][286]LogEditorTransaction: Undo Modify Component(s)
[2017.03.30-12.35.35:329][302]BlueprintLog: New page: Compile AI_Turret
[2017.03.30-12.35.35:469][302]BlueprintEditorCompileResults: Info [0498.45] Compile of AI_Turret successful! [in 139 ms] (/Game/bluePrints/AI_Turret/AI_Turret.AI_Turret)
[2017.03.30-12.35.36:378][306]Cmd: OBJ SAVEPACKAGE PACKAGE="/Game/bluePrints/AI_Turret/AI_Turret" FILE="D:/SoulStriker_MainFolder/Soul-Striker-Main/Soul Striker/Content/bluePrints/AI_Turret/AI_Turret.uasset" SILENT=true
[2017.03.30-12.35.36:515][306]LogSavePackage: Save=134.54ms
[2017.03.30-12.35.36:515][306]LogSavePackage: Moving 'D:/SoulStriker_MainFolder/Soul-Striker-Main/Soul Striker/Saved/AI_Turret2631D65C4DA879E4EDBE1A85E8DDD09C.tmp' to 'D:/SoulStriker_MainFolder/Soul-Striker-Main/Soul Striker/Content/bluePrints/AI_Turret/AI_Turret.uasset'
[2017.03.30-12.35.36:519][306]LogSavePackage:Display: Finished SavePackage D:/SoulStriker_MainFolder/Soul-Striker-Main/Soul Striker/Content/bluePrints/AI_Turret/AI_Turret.uasset
[2017.03.30-12.35.39:482][336]LogBlueprintUserMessages: Early PlayInEditor Detection: Level '/Game/Maps/Level_1.Level_1:PersistentLevel' has LevelScriptBlueprint '/Game/Maps/Level_1.Level_1:PersistentLevel.Level_1' with GeneratedClass '/Game/Maps/Level_1.Level_1_C' with ClassGeneratedBy '/Game/Maps/Level_1.Level_1:PersistentLevel.Level_1'
[2017.03.30-12.35.39:482][336]LogPlayLevel: PlayLevel: No blueprints needed recompiling
[2017.03.30-12.35.39:482][336]PIE: New page: PIE session: Level_1 (Mar 30, 2017, 3:35:39 AM)
[2017.03.30-12.35.39:482][336]LogPlayLevel: Creating play world package: /Game/Maps/UEDPIE_0_Level_1
[2017.03.30-12.35.39:497][336]LogPlayLevel: PIE: StaticDuplicateObject took: (0.014997s)
[2017.03.30-12.35.39:498][336]LogAIModule: Creating AISystem for world Level_1
[2017.03.30-12.35.39:498][336]LogPlayLevel: PIE: World Init took: (0.000533s)
[2017.03.30-12.35.39:498][336]LogPlayLevel: PIE: Created PIE world by copying editor world from /Game/Maps/Level_1.Level_1 to /Game/Maps/UEDPIE_0_Level_1.Level_1 (0.015729s)
[2017.03.30-12.35.39:530][336]LogInit: XAudio2 using 'Speakers (Realtek High Definition Audio)' : 8 channels at 48 kHz using 32 bits per sample (channel mask 0x63f)
[2017.03.30-12.35.39:574][336]LogInit: FAudioDevice initialized.
[2017.03.30-12.35.39:671][336]LogWorld: Game class is 'SoulStrikerCampaign_C'
[2017.03.30-12.35.39:696][336]LogWorld: Bringing World /Game/Maps/UEDPIE_0_Level_1.Level_1 up for play (max tick rate 60) at 2017.03.30-08.35.39
[2017.03.30-12.35.39:701][336]LogWorld: Bringing up level for play took: 0.027374
[2017.03.30-12.35.39:711][336]PIE: Info Play in editor start time for /Game/Maps/UEDPIE_0_Level_1 -0.411
[2017.03.30-12.35.39:711][336]LogBlueprintUserMessages: Late PlayInEditor Detection: Level '/Game/Maps/Level_1.Level_1:PersistentLevel' has LevelScriptBlueprint '/Game/Maps/Level_1.Level_1:PersistentLevel.Level_1' with GeneratedClass '/Game/Maps/Level_1.Level_1_C' with ClassGeneratedBy '/Game/Maps/Level_1.Level_1:PersistentLevel.Level_1'
[2017.03.30-12.35.44:667][485]LogBlueprintUserMessages: [AI_TurretBullet_C_1] 9.0
[2017.03.30-12.35.50:033][646]LogBlueprintUserMessages: [AI_TurretBullet_C_8] 8.0
[2017.03.30-12.35.53:502][750]LogBlueprintUserMessages: [AI_TurretBullet_C_12] 7.0
[2017.03.30-12.35.56:032][826]LogBlueprintUserMessages: [AI_TurretBullet_C_16] 6.0
[2017.03.30-12.35.56:799][849]LogBlueprintUserMessages: [AI_TurretBullet_C_17] 5.0
[2017.03.30-12.36.00:467][959]LogBlueprintUserMessages: [AI_TurretBullet_C_19] 4.0
[2017.03.30-12.36.39:690][136]LogBlueprintUserMessages: [AI_TurretBullet_C_24] 3.0
[2017.03.30-12.36.40:120][149]LogBlueprintUserMessages: [AI_TurretBullet_C_25] 2.0
[2017.03.30-12.36.43:520][251]LogBlueprintUserMessages: Early EndPlayMap Detection: Level '/Game/Maps/Level_1.Level_1:PersistentLevel' has LevelScriptBlueprint '/Game/Maps/Level_1.Level_1:PersistentLevel.Level_1' with GeneratedClass '/Game/Maps/Level_1.Level_1_C' with ClassGeneratedBy '/Game/Maps/Level_1.Level_1:PersistentLevel.Level_1'
[2017.03.30-12.36.43:614][251]LogBlueprintUserMessages: Late EndPlayMap Detection: Level '/Game/Maps/Level_1.Level_1:PersistentLevel' has LevelScriptBlueprint '/Game/Maps/Level_1.Level_1:PersistentLevel.Level_1' with GeneratedClass '/Game/Maps/Level_1.Level_1_C' with ClassGeneratedBy '/Game/Maps/Level_1.Level_1:PersistentLevel.Level_1'
[2017.03.30-12.36.47:449][339]Cmd: OBJ SAVEPACKAGE PACKAGE="/Game/Maps/Level_1" FILE="D:/SoulStriker_MainFolder/Soul-Striker-Main/Soul Striker/Content/Maps/Level_1.umap" SILENT=true AUTOSAVING=false KEEPDIRTY=false
[2017.03.30-12.36.48:571][339]LogSavePackage: Save=1088.84ms
[2017.03.30-12.36.48:571][339]LogSavePackage: Moving 'D:/SoulStriker_MainFolder/Soul-Striker-Main/Soul Striker/Saved/Level_13044E67D406D2CE9CD3FD381513DFB9D.tmp' to 'D:/SoulStriker_MainFolder/Soul-Striker-Main/Soul Striker/Content/Maps/Level_1.umap'
[2017.03.30-12.36.48:573][339]LogSavePackage:Display: Finished SavePackage D:/SoulStriker_MainFolder/Soul-Striker-Main/Soul Striker/Content/Maps/Level_1.umap
[2017.03.30-12.36.51:902][425]LogEditorViewport: Clicking on Actor (LMB): AI_Turret_C (AI_Turret)
[2017.03.30-12.37.01:234][648]LogScriptCore:Warning: Attempted to get an item from array CallFunc_GetAllActorsOfClass_OutActors out of bounds [0/0]!

[2017.03.30-12.37.01:234][648]LogScript:Warning: Accessed None trying to read property CallFunc_Array_Get_Item
	spiritOrbOG_C /Engine/Transient.World_1:PersistentLevel.spiritOrbOG_C_11
	Function /Game/bluePrints/spiritOrbOG.spiritOrbOG_C:ExecuteUbergraph_spiritOrbOG:011E
[2017.03.30-12.37.01:234][648]LogScript:Warning: Attempted to assign to None
	spiritOrbOG_C /Engine/Transient.World_1:PersistentLevel.spiritOrbOG_C_11
	Function /Game/bluePrints/spiritOrbOG.spiritOrbOG_C:ExecuteUbergraph_spiritOrbOG:0133
[2017.03.30-12.37.01:331][651]LogScriptCore:Warning: Attempted to get an item from array CallFunc_GetAllActorsOfClass_OutActors out of bounds [0/0]!

[2017.03.30-12.37.01:331][651]LogScript:Warning: Accessed None trying to read property CallFunc_Array_Get_Item
	spiritOrbOG_C /Engine/Transient.World_1:PersistentLevel.spiritOrbOG_C_12
	Function /Game/bluePrints/spiritOrbOG.spiritOrbOG_C:ExecuteUbergraph_spiritOrbOG:011E
[2017.03.30-12.37.01:331][651]LogScript:Warning: Attempted to assign to None
	spiritOrbOG_C /Engine/Transient.World_1:PersistentLevel.spiritOrbOG_C_12
	Function /Game/bluePrints/spiritOrbOG.spiritOrbOG_C:ExecuteUbergraph_spiritOrbOG:0133
[2017.03.30-12.37.01:398][653]LogScriptCore:Warning: Attempted to get an item from array CallFunc_GetAllActorsOfClass_OutActors out of bounds [0/0]!

[2017.03.30-12.37.01:399][653]LogScript:Warning: Accessed None trying to read property CallFunc_Array_Get_Item
	spiritOrbOG_C /Engine/Transient.World_1:PersistentLevel.spiritOrbOG_C_13
	Function /Game/bluePrints/spiritOrbOG.spiritOrbOG_C:ExecuteUbergraph_spiritOrbOG:011E
[2017.03.30-12.37.01:399][653]LogScript:Warning: Attempted to assign to None
	spiritOrbOG_C /Engine/Transient.World_1:PersistentLevel.spiritOrbOG_C_13
	Function /Game/bluePrints/spiritOrbOG.spiritOrbOG_C:ExecuteUbergraph_spiritOrbOG:0133
[2017.03.30-12.37.01:498][656]LogScriptCore:Warning: Attempted to get an item from array CallFunc_GetAllActorsOfClass_OutActors out of bounds [0/0]!

[2017.03.30-12.37.01:498][656]LogScript:Warning: Accessed None trying to read property CallFunc_Array_Get_Item
	spiritOrbOG_C /Engine/Transient.World_1:PersistentLevel.spiritOrbOG_C_14
	Function /Game/bluePrints/spiritOrbOG.spiritOrbOG_C:ExecuteUbergraph_spiritOrbOG:011E
[2017.03.30-12.37.01:498][656]LogScript:Warning: Attempted to assign to None
	spiritOrbOG_C /Engine/Transient.World_1:PersistentLevel.spiritOrbOG_C_14
	Function /Game/bluePrints/spiritOrbOG.spiritOrbOG_C:ExecuteUbergraph_spiritOrbOG:0133
[2017.03.30-12.37.01:653][659]LogScriptCore:Warning: Attempted to get an item from array CallFunc_GetAllActorsOfClass_OutActors out of bounds [0/0]!

[2017.03.30-12.37.01:653][659]LogScript:Warning: Accessed None trying to read property CallFunc_Array_Get_Item
	spiritOrbOG_C /Engine/Transient.World_1:PersistentLevel.spiritOrbOG_C_15
	Function /Game/bluePrints/spiritOrbOG.spiritOrbOG_C:ExecuteUbergraph_spiritOrbOG:011E
[2017.03.30-12.37.01:654][659]LogScript:Warning: Attempted to assign to None
	spiritOrbOG_C /Engine/Transient.World_1:PersistentLevel.spiritOrbOG_C_15
	Function /Game/bluePrints/spiritOrbOG.spiritOrbOG_C:ExecuteUbergraph_spiritOrbOG:0133
[2017.03.30-12.37.02:064][662]LogScriptCore:Warning: Attempted to get an item from array CallFunc_GetAllActorsOfClass_OutActors out of bounds [0/0]!

[2017.03.30-12.37.02:064][662]LogScript:Warning: Accessed None trying to read property CallFunc_Array_Get_Item
	spiritOrbOG_C /Engine/Transient.World_1:PersistentLevel.spiritOrbOG_C_16
	Function /Game/bluePrints/spiritOrbOG.spiritOrbOG_C:ExecuteUbergraph_spiritOrbOG:011E
[2017.03.30-12.37.02:064][662]LogScript:Warning: Attempted to assign to None
	spiritOrbOG_C /Engine/Transient.World_1:PersistentLevel.spiritOrbOG_C_16
	Function /Game/bluePrints/spiritOrbOG.spiritOrbOG_C:ExecuteUbergraph_spiritOrbOG:0133
[2017.03.30-12.37.02:504][665]LogScriptCore:Warning: Attempted to get an item from array CallFunc_GetAllActorsOfClass_OutActors out of bounds [0/0]!

[2017.03.30-12.37.02:504][665]LogScript:Warning: Accessed None trying to read property CallFunc_Array_Get_Item
	spiritOrbOG_C /Engine/Transient.World_1:PersistentLevel.spiritOrbOG_C_17
	Function /Game/bluePrints/spiritOrbOG.spiritOrbOG_C:ExecuteUbergraph_spiritOrbOG:011E
[2017.03.30-12.37.02:504][665]LogScript:Warning: Attempted to assign to None
	spiritOrbOG_C /Engine/Transient.World_1:PersistentLevel.spiritOrbOG_C_17
	Function /Game/bluePrints/spiritOrbOG.spiritOrbOG_C:ExecuteUbergraph_spiritOrbOG:0133
[2017.03.30-12.37.02:600][668]LogScriptCore:Warning: Attempted to get an item from array CallFunc_GetAllActorsOfClass_OutActors out of bounds [0/0]!

[2017.03.30-12.37.02:600][668]LogScript:Warning: Accessed None trying to read property CallFunc_Array_Get_Item
	spiritOrbOG_C /Engine/Transient.World_1:PersistentLevel.spiritOrbOG_C_18
	Function /Game/bluePrints/spiritOrbOG.spiritOrbOG_C:ExecuteUbergraph_spiritOrbOG:011E
[2017.03.30-12.37.02:600][668]LogScript:Warning: Attempted to assign to None
	spiritOrbOG_C /Engine/Transient.World_1:PersistentLevel.spiritOrbOG_C_18
	Function /Game/bluePrints/spiritOrbOG.spiritOrbOG_C:ExecuteUbergraph_spiritOrbOG:0133
[2017.03.30-12.37.02:696][671]LogScriptCore:Warning: Attempted to get an item from array CallFunc_GetAllActorsOfClass_OutActors out of bounds [0/0]!

[2017.03.30-12.37.02:696][671]LogScript:Warning: Accessed None trying to read property CallFunc_Array_Get_Item
	spiritOrbOG_C /Engine/Transient.World_1:PersistentLevel.spiritOrbOG_C_19
	Function /Game/bluePrints/spiritOrbOG.spiritOrbOG_C:ExecuteUbergraph_spiritOrbOG:011E
[2017.03.30-12.37.02:696][671]LogScript:Warning: Attempted to assign to None
	spiritOrbOG_C /Engine/Transient.World_1:PersistentLevel.spiritOrbOG_C_19
	Function /Game/bluePrints/spiritOrbOG.spiritOrbOG_C:ExecuteUbergraph_spiritOrbOG:0133
[2017.03.30-12.37.02:796][674]LogScriptCore:Warning: Attempted to get an item from array CallFunc_GetAllActorsOfClass_OutActors out of bounds [0/0]!

[2017.03.30-12.37.02:796][674]LogScript:Warning: Accessed None trying to read property CallFunc_Array_Get_Item
	spiritOrbOG_C /Engine/Transient.World_1:PersistentLevel.spiritOrbOG_C_20
	Function /Game/bluePrints/spiritOrbOG.spiritOrbOG_C:ExecuteUbergraph_spiritOrbOG:011E
[2017.03.30-12.37.02:797][674]LogScript:Warning: Attempted to assign to None
	spiritOrbOG_C /Engine/Transient.World_1:PersistentLevel.spiritOrbOG_C_20
	Function /Game/bluePrints/spiritOrbOG.spiritOrbOG_C:ExecuteUbergraph_spiritOrbOG:0133
[2017.03.30-12.37.02:897][677]LogScriptCore:Warning: Attempted to get an item from array CallFunc_GetAllActorsOfClass_OutActors out of bounds [0/0]!

[2017.03.30-12.37.02:897][677]LogScript:Warning: Accessed None trying to read property CallFunc_Array_Get_Item
	spiritOrbOG_C /Engine/Transient.World_1:PersistentLevel.spiritOrbOG_C_21
	Function /Game/bluePrints/spiritOrbOG.spiritOrbOG_C:ExecuteUbergraph_spiritOrbOG:011E
[2017.03.30-12.37.02:897][677]LogScript:Warning: Attempted to assign to None
	spiritOrbOG_C /Engine/Transient.World_1:PersistentLevel.spiritOrbOG_C_21
	Function /Game/bluePrints/spiritOrbOG.spiritOrbOG_C:ExecuteUbergraph_spiritOrbOG:0133
[2017.03.30-12.37.02:997][680]LogScriptCore:Warning: Attempted to get an item from array CallFunc_GetAllActorsOfClass_OutActors out of bounds [0/0]!

[2017.03.30-12.37.02:997][680]LogScript:Warning: Accessed None trying to read property CallFunc_Array_Get_Item
	spiritOrbOG_C /Engine/Transient.World_1:PersistentLevel.spiritOrbOG_C_22
	Function /Game/bluePrints/spiritOrbOG.spiritOrbOG_C:ExecuteUbergraph_spiritOrbOG:011E
[2017.03.30-12.37.02:997][680]LogScript:Warning: Attempted to assign to None
	spiritOrbOG_C /Engine/Transient.World_1:PersistentLevel.spiritOrbOG_C_22
	Function /Game/bluePrints/spiritOrbOG.spiritOrbOG_C:ExecuteUbergraph_spiritOrbOG:0133
[2017.03.30-12.37.03:109][683]LogScriptCore:Warning: Attempted to get an item from array CallFunc_GetAllActorsOfClass_OutActors out of bounds [0/0]!

[2017.03.30-12.37.03:109][683]LogScript:Warning: Accessed None trying to read property CallFunc_Array_Get_Item
	spiritOrbOG_C /Engine/Transient.World_1:PersistentLevel.spiritOrbOG_C_23
	Function /Game/bluePrints/spiritOrbOG.spiritOrbOG_C:ExecuteUbergraph_spiritOrbOG:011E
[2017.03.30-12.37.03:109][683]LogScript:Warning: Attempted to assign to None
	spiritOrbOG_C /Engine/Transient.World_1:PersistentLevel.spiritOrbOG_C_23
	Function /Game/bluePrints/spiritOrbOG.spiritOrbOG_C:ExecuteUbergraph_spiritOrbOG:0133
[2017.03.30-12.37.03:438][686]LogScriptCore:Warning: Attempted to get an item from array CallFunc_GetAllActorsOfClass_OutActors out of bounds [0/0]!

[2017.03.30-12.37.03:438][686]LogScript:Warning: Accessed None trying to read property CallFunc_Array_Get_Item
	spiritOrbOG_C /Engine/Transient.World_1:PersistentLevel.spiritOrbOG_C_24
	Function /Game/bluePrints/spiritOrbOG.spiritOrbOG_C:ExecuteUbergraph_spiritOrbOG:011E
[2017.03.30-12.37.03:438][686]LogScript:Warning: Attempted to assign to None
	spiritOrbOG_C /Engine/Transient.World_1:PersistentLevel.spiritOrbOG_C_24
	Function /Game/bluePrints/spiritOrbOG.spiritOrbOG_C:ExecuteUbergraph_spiritOrbOG:0133
[2017.03.30-12.37.03:884][689]LogScriptCore:Warning: Attempted to get an item from array CallFunc_GetAllActorsOfClass_OutActors out of bounds [0/0]!

[2017.03.30-12.37.03:884][689]LogScript:Warning: Accessed None trying to read property CallFunc_Array_Get_Item
	spiritOrbOG_C /Engine/Transient.World_1:PersistentLevel.spiritOrbOG_C_25
	Function /Game/bluePrints/spiritOrbOG.spiritOrbOG_C:ExecuteUbergraph_spiritOrbOG:011E
[2017.03.30-12.37.03:884][689]LogScript:Warning: Attempted to assign to None
	spiritOrbOG_C /Engine/Transient.World_1:PersistentLevel.spiritOrbOG_C_25
	Function /Game/bluePrints/spiritOrbOG.spiritOrbOG_C:ExecuteUbergraph_spiritOrbOG:0133
[2017.03.30-12.37.04:095][693]LogScriptCore:Warning: Attempted to get an item from array CallFunc_GetAllActorsOfClass_OutActors out of bounds [0/0]!

[2017.03.30-12.37.04:095][693]LogScript:Warning: Accessed None trying to read property CallFunc_Array_Get_Item
	spiritOrbOG_C /Engine/Transient.World_1:PersistentLevel.spiritOrbOG_C_26
	Function /Game/bluePrints/spiritOrbOG.spiritOrbOG_C:ExecuteUbergraph_spiritOrbOG:011E
[2017.03.30-12.37.04:095][693]LogScript:Warning: Attempted to assign to None
	spiritOrbOG_C /Engine/Transient.World_1:PersistentLevel.spiritOrbOG_C_26
	Function /Game/bluePrints/spiritOrbOG.spiritOrbOG_C:ExecuteUbergraph_spiritOrbOG:0133
[2017.03.30-12.37.11:032][762]LogRenderer: Reallocating scene render targets to support 1144x708 (Frame:16940).
[2017.03.30-12.37.46:919][ 14]Cmd: OBJ SAVEPACKAGE PACKAGE="/Game/bluePrints/AI_Turret/AI_TurretTop" FILE="D:/SoulStriker_MainFolder/Soul-Striker-Main/Soul Striker/Content/bluePrints/AI_Turret/AI_TurretTop.uasset" SILENT=true
[2017.03.30-12.37.46:960][ 14]LogSavePackage: Save=27.88ms
[2017.03.30-12.37.46:960][ 14]LogSavePackage: Moving 'D:/SoulStriker_MainFolder/Soul-Striker-Main/Soul Striker/Saved/AI_TurretTop7C01059148B15598F26973B83909ECEB.tmp' to 'D:/SoulStriker_MainFolder/Soul-Striker-Main/Soul Striker/Content/bluePrints/AI_Turret/AI_TurretTop.uasset'
[2017.03.30-12.37.46:962][ 14]LogSavePackage:Display: Finished SavePackage D:/SoulStriker_MainFolder/Soul-Striker-Main/Soul Striker/Content/bluePrints/AI_Turret/AI_TurretTop.uasset
[2017.03.30-12.37.50:483][ 36]Cmd: OBJ SAVEPACKAGE PACKAGE="/Game/bluePrints/AI_Turret/AI_Turret" FILE="D:/SoulStriker_MainFolder/Soul-Striker-Main/Soul Striker/Content/bluePrints/AI_Turret/AI_Turret.uasset" SILENT=true
[2017.03.30-12.37.50:640][ 36]LogSavePackage: Save=124.78ms
[2017.03.30-12.37.50:640][ 36]LogSavePackage: Moving 'D:/SoulStriker_MainFolder/Soul-Striker-Main/Soul Striker/Saved/AI_Turret6FEDB4F9458BAEB30EAD468BA6DD0C3F.tmp' to 'D:/SoulStriker_MainFolder/Soul-Striker-Main/Soul Striker/Content/bluePrints/AI_Turret/AI_Turret.uasset'
[2017.03.30-12.37.50:643][ 36]LogSavePackage:Display: Finished SavePackage D:/SoulStriker_MainFolder/Soul-Striker-Main/Soul Striker/Content/bluePrints/AI_Turret/AI_Turret.uasset
[2017.03.30-12.37.54:506][ 71]LogBlueprintUserMessages: Early PlayInEditor Detection: Level '/Game/Maps/Level_1.Level_1:PersistentLevel' has LevelScriptBlueprint '/Game/Maps/Level_1.Level_1:PersistentLevel.Level_1' with GeneratedClass '/Game/Maps/Level_1.Level_1_C' with ClassGeneratedBy '/Game/Maps/Level_1.Level_1:PersistentLevel.Level_1'
[2017.03.30-12.37.54:506][ 71]LogPlayLevel: PlayLevel: No blueprints needed recompiling
[2017.03.30-12.37.54:506][ 71]PIE: New page: PIE session: Level_1 (Mar 30, 2017, 3:37:54 AM)
[2017.03.30-12.37.54:506][ 71]LogPlayLevel: Creating play world package: /Game/Maps/UEDPIE_0_Level_1
[2017.03.30-12.37.54:523][ 71]LogPlayLevel: PIE: StaticDuplicateObject took: (0.016051s)
[2017.03.30-12.37.54:523][ 71]LogAIModule: Creating AISystem for world Level_1
[2017.03.30-12.37.54:524][ 71]LogPlayLevel: PIE: World Init took: (0.000668s)
[2017.03.30-12.37.54:524][ 71]LogPlayLevel: PIE: Created PIE world by copying editor world from /Game/Maps/Level_1.Level_1 to /Game/Maps/UEDPIE_0_Level_1.Level_1 (0.016942s)
[2017.03.30-12.37.54:557][ 71]LogInit: XAudio2 using 'Speakers (Realtek High Definition Audio)' : 8 channels at 48 kHz using 32 bits per sample (channel mask 0x63f)
[2017.03.30-12.37.54:659][ 71]LogInit: FAudioDevice initialized.
[2017.03.30-12.37.54:785][ 71]LogWorld: Game class is 'SoulStrikerCampaign_C'
[2017.03.30-12.37.54:826][ 71]LogWorld: Bringing World /Game/Maps/UEDPIE_0_Level_1.Level_1 up for play (max tick rate 60) at 2017.03.30-08.37.54
[2017.03.30-12.37.54:835][ 71]LogWorld: Bringing up level for play took: 0.045275
[2017.03.30-12.37.54:851][ 71]PIE: Info Play in editor start time for /Game/Maps/UEDPIE_0_Level_1 0.728
[2017.03.30-12.37.54:851][ 71]LogBlueprintUserMessages: Late PlayInEditor Detection: Level '/Game/Maps/Level_1.Level_1:PersistentLevel' has LevelScriptBlueprint '/Game/Maps/Level_1.Level_1:PersistentLevel.Level_1' with GeneratedClass '/Game/Maps/Level_1.Level_1_C' with ClassGeneratedBy '/Game/Maps/Level_1.Level_1:PersistentLevel.Level_1'
[2017.03.30-12.38.01:235][263]LogBlueprintUserMessages: [AI_TurretBullet_C_2] 9.0
[2017.03.30-12.38.02:700][307]LogBlueprintUserMessages: Early EndPlayMap Detection: Level '/Game/Maps/Level_1.Level_1:PersistentLevel' has LevelScriptBlueprint '/Game/Maps/Level_1.Level_1:PersistentLevel.Level_1' with GeneratedClass '/Game/Maps/Level_1.Level_1_C' with ClassGeneratedBy '/Game/Maps/Level_1.Level_1:PersistentLevel.Level_1'
[2017.03.30-12.38.02:799][307]LogBlueprintUserMessages: Late EndPlayMap Detection: Level '/Game/Maps/Level_1.Level_1:PersistentLevel' has LevelScriptBlueprint '/Game/Maps/Level_1.Level_1:PersistentLevel.Level_1' with GeneratedClass '/Game/Maps/Level_1.Level_1_C' with ClassGeneratedBy '/Game/Maps/Level_1.Level_1:PersistentLevel.Level_1'
[2017.03.30-12.38.06:014][382]Cmd: OBJ SAVEPACKAGE PACKAGE="/Game/Maps/Level_1" FILE="D:/SoulStriker_MainFolder/Soul-Striker-Main/Soul Striker/Content/Maps/Level_1.umap" SILENT=true AUTOSAVING=false KEEPDIRTY=false
[2017.03.30-12.38.06:980][382]LogSavePackage: Save=921.55ms
[2017.03.30-12.38.06:980][382]LogSavePackage: Moving 'D:/SoulStriker_MainFolder/Soul-Striker-Main/Soul Striker/Saved/Level_10F932548482FEBD26D8AA2B53D2CF79C.tmp' to 'D:/SoulStriker_MainFolder/Soul-Striker-Main/Soul Striker/Content/Maps/Level_1.umap'
[2017.03.30-12.38.06:981][382]LogSavePackage:Display: Finished SavePackage D:/SoulStriker_MainFolder/Soul-Striker-Main/Soul Striker/Content/Maps/Level_1.umap
[2017.03.30-12.39.29:514][835]LogSkeletalMesh: InitArticulated: Bodies already created (/Engine/Transient.DebugSkelMeshComponent_0) - call TermArticulated first.
[2017.03.30-12.39.41:690][972]Cmd: OBJ SAVEPACKAGE PACKAGE="/Game/Maps/Level_1" FILE="D:/SoulStriker_MainFolder/Soul-Striker-Main/Soul Striker/Content/Maps/Level_1.umap" SILENT=true AUTOSAVING=false KEEPDIRTY=false
[2017.03.30-12.39.42:602][972]LogSavePackage: Save=858.68ms
[2017.03.30-12.39.42:602][972]LogSavePackage: Moving 'D:/SoulStriker_MainFolder/Soul-Striker-Main/Soul Striker/Saved/Level_13A761C664B5312B18A8E28BABB79C087.tmp' to 'D:/SoulStriker_MainFolder/Soul-Striker-Main/Soul Striker/Content/Maps/Level_1.umap'
[2017.03.30-12.39.42:603][972]LogSavePackage:Display: Finished SavePackage D:/SoulStriker_MainFolder/Soul-Striker-Main/Soul Striker/Content/Maps/Level_1.umap
[2017.03.30-12.39.44:689][ 13]LogWindowsTextInputMethodSystem:Display: IME system now deactivated.
[2017.03.30-12.39.45:100][ 14]Cmd: QUIT_EDITOR
[2017.03.30-12.39.45:610][ 14]LogExit: Preparing to exit.
[2017.03.30-12.39.46:296][ 14]LogExit: Editor shut down
[2017.03.30-12.39.46:296][ 14]LogExit: Transaction tracking system shut down
[2017.03.30-12.39.46:617][ 14]LogObj: Freed 0b from 0 cluster array pools.
[2017.03.30-12.39.46:618][ 14]LogExit: Object subsystem successfully closed.
[2017.03.30-12.39.46:665][ 14]LogD3D11RHI: Shutdown
[2017.03.30-12.39.46:665][ 14]LogD3D11RHI: CleanupD3DDevice
[2017.03.30-12.39.47:090][ 14]LogD3D11RHI: ~FD3D11DynamicRHI
[2017.03.30-12.39.47:134][ 14]LogModuleManager: Shutting down and abandoning module StaticMeshEditor (219)
[2017.03.30-12.39.47:134][ 14]LogModuleManager: Shutting down and abandoning module MovieSceneCapture (218)
[2017.03.30-12.39.47:134][ 14]LogModuleManager: Shutting down and abandoning module HierarchicalLODUtilities (217)
[2017.03.30-12.39.47:134][ 14]LogModuleManager: Shutting down and abandoning module BlueprintGraph (216)
[2017.03.30-12.39.47:134][ 14]LogModuleManager: Shutting down and abandoning module HierarchicalLODOutliner (215)
[2017.03.30-12.39.47:134][ 14]LogModuleManager: Shutting down and abandoning module CrashTracker (214)
[2017.03.30-12.39.47:134][ 14]LogModuleManager: Shutting down and abandoning module SceneOutliner (213)
[2017.03.30-12.39.47:135][ 14]LogModuleManager: Shutting down and abandoning module WidgetCarousel (212)
[2017.03.30-12.39.47:135][ 14]LogModuleManager: Shutting down and abandoning module AddContentDialog (211)
[2017.03.30-12.39.47:137][ 14]LogModuleManager: Shutting down and abandoning module GameplayTags (210)
[2017.03.30-12.39.47:137][ 14]LogModuleManager: Shutting down and abandoning module EditorWidgets (209)
[2017.03.30-12.39.47:137][ 14]LogModuleManager: Shutting down and abandoning module CollectionManager (208)
[2017.03.30-12.39.47:138][ 14]LogModuleManager: Shutting down and abandoning module StatsViewer (207)
[2017.03.30-12.39.47:138][ 14]LogModuleManager: Shutting down and abandoning module FoliageEdit (206)
[2017.03.30-12.39.47:138][ 14]LogModuleManager: Shutting down and abandoning module LandscapeEditor (205)
[2017.03.30-12.39.47:138][ 14]LogModuleManager: Shutting down and abandoning module SceneDepthPickerMode (204)
[2017.03.30-12.39.47:138][ 14]LogModuleManager: Shutting down and abandoning module ActorPickerMode (203)
[2017.03.30-12.39.47:138][ 14]LogModuleManager: Shutting down and abandoning module GeometryMode (202)
[2017.03.30-12.39.47:139][ 14]LogModuleManager: Shutting down and abandoning module TextureAlignMode (201)
[2017.03.30-12.39.47:139][ 14]LogModuleManager: Shutting down and abandoning module BspMode (200)
[2017.03.30-12.39.47:139][ 14]LogModuleManager: Shutting down and abandoning module HardwareSurvey (199)
[2017.03.30-12.39.47:139][ 14]LogModuleManager: Shutting down and abandoning module SequenceRecorderSections (198)
[2017.03.30-12.39.47:139][ 14]LogModuleManager: Shutting down and abandoning module SequenceRecorder (197)
[2017.03.30-12.39.47:139][ 14]LogModuleManager: Shutting down and abandoning module AutomationWorker (196)
[2017.03.30-12.39.47:139][ 14]LogModuleManager: Shutting down and abandoning module MatineeToLevelSequence (195)
[2017.03.30-12.39.47:139][ 14]LogModuleManager: Shutting down and abandoning module PlacementMode (194)
[2017.03.30-12.39.47:139][ 14]LogModuleManager: Shutting down and abandoning module LevelSequenceEditor (193)
[2017.03.30-12.39.47:139][ 14]LogModuleManager: Shutting down and abandoning module CharacterAI (192)
[2017.03.30-12.39.47:139][ 14]LogModuleManager: Shutting down and abandoning module SmartSnapping (191)
[2017.03.30-12.39.47:139][ 14]LogModuleManager: Shutting down and abandoning module SessionServices (190)
[2017.03.30-12.39.47:140][ 14]LogModuleManager: Shutting down and abandoning module ViewportSnapping (189)
[2017.03.30-12.39.47:140][ 14]LogModuleManager: Shutting down and abandoning module LogVisualizer (188)
[2017.03.30-12.39.47:140][ 14]LogModuleManager: Shutting down and abandoning module GameProjectGeneration (187)
[2017.03.30-12.39.47:140][ 14]LogModuleManager: Shutting down and abandoning module IntroTutorials (186)
[2017.03.30-12.39.47:140][ 14]LogModuleManager: Shutting down and abandoning module EditorLiveStreaming (185)
[2017.03.30-12.39.47:140][ 14]LogModuleManager: Shutting down and abandoning module IOSPlatformEditor (184)
[2017.03.30-12.39.47:140][ 14]LogModuleManager: Shutting down and abandoning module HTML5PlatformEditor (183)
[2017.03.30-12.39.47:140][ 14]LogModuleManager: Shutting down and abandoning module AndroidDeviceDetection (182)
[2017.03.30-12.39.47:185][ 14]LogModuleManager: Shutting down and abandoning module AndroidPlatformEditor (181)
[2017.03.30-12.39.47:185][ 14]LogModuleManager: Shutting down and abandoning module IOSRuntimeSettings (180)
[2017.03.30-12.39.47:185][ 14]LogModuleManager: Shutting down and abandoning module AndroidRuntimeSettings (179)
[2017.03.30-12.39.47:185][ 14]LogModuleManager: Shutting down and abandoning module MergeActors (178)
[2017.03.30-12.39.47:185][ 14]LogModuleManager: Shutting down and abandoning module SizeMap (177)
[2017.03.30-12.39.47:186][ 14]LogModuleManager: Shutting down and abandoning module TreeMap (176)
[2017.03.30-12.39.47:186][ 14]LogModuleManager: Shutting down and abandoning module ReferenceViewer (175)
[2017.03.30-12.39.47:186][ 14]LogModuleManager: Shutting down and abandoning module LocalizationService (174)
[2017.03.30-12.39.47:186][ 14]LogModuleManager: Shutting down and abandoning module LocalizationDashboard (173)
[2017.03.30-12.39.47:186][ 14]LogModuleManager: Shutting down and abandoning module HardwareTargeting (172)
[2017.03.30-12.39.47:186][ 14]LogModuleManager: Shutting down and abandoning module DeviceProfileEditor (171)
[2017.03.30-12.39.47:186][ 14]LogModuleManager: Shutting down and abandoning module UndoHistory (170)
[2017.03.30-12.39.47:186][ 14]LogModuleManager: Shutting down and abandoning module UserFeedback (169)
[2017.03.30-12.39.47:186][ 14]LogModuleManager: Shutting down and abandoning module XmlParser (168)
[2017.03.30-12.39.47:186][ 14]LogModuleManager: Shutting down and abandoning module Blutility (167)
[2017.03.30-12.39.47:186][ 14]LogModuleManager: Shutting down and abandoning module ProjectTargetPlatformEditor (166)
[2017.03.30-12.39.47:186][ 14]LogModuleManager: Shutting down and abandoning module ProjectSettingsViewer (165)
[2017.03.30-12.39.47:186][ 14]LogModuleManager: Shutting down and abandoning module InputBindingEditor (164)
[2017.03.30-12.39.47:187][ 14]LogModuleManager: Shutting down and abandoning module EditorSettingsViewer (163)
[2017.03.30-12.39.47:187][ 14]LogModuleManager: Shutting down and abandoning module SettingsEditor (162)
[2017.03.30-12.39.47:187][ 14]LogModuleManager: Shutting down and abandoning module ProjectLauncher (161)
[2017.03.30-12.39.47:187][ 14]LogModuleManager: Shutting down and abandoning module SessionFrontend (160)
[2017.03.30-12.39.47:187][ 14]LogModuleManager: Shutting down and abandoning module ProfilerClient (159)
[2017.03.30-12.39.47:187][ 14]LogModuleManager: Shutting down and abandoning module TargetDeviceServices (158)
[2017.03.30-12.39.47:187][ 14]LogModuleManager: Shutting down and abandoning module DeviceManager (157)
[2017.03.30-12.39.47:241][ 14]LogModuleManager: Shutting down and abandoning module AutomationController (156)
[2017.03.30-12.39.47:241][ 14]LogModuleManager: Shutting down and abandoning module AutomationWindow (155)
[2017.03.30-12.39.47:241][ 14]LogModuleManager: Shutting down and abandoning module Layers (154)
[2017.03.30-12.39.47:241][ 14]LogModuleManager: Shutting down and abandoning module ComponentVisualizers (153)
[2017.03.30-12.39.47:241][ 14]LogModuleManager: Shutting down and abandoning module DetailCustomizations (152)
[2017.03.30-12.39.47:241][ 14]LogModuleManager: Shutting down and abandoning module PackagesDialog (151)
[2017.03.30-12.39.47:242][ 14]LogModuleManager: Shutting down and abandoning module Persona (150)
[2017.03.30-12.39.47:242][ 14]LogModuleManager: Shutting down and abandoning module Kismet (149)
[2017.03.30-12.39.47:242][ 14]LogModuleManager: Shutting down and abandoning module GraphEditor (148)
[2017.03.30-12.39.47:242][ 14]LogModuleManager: Shutting down and abandoning module ClassViewer (147)
[2017.03.30-12.39.47:242][ 14]LogModuleManager: Shutting down and abandoning module Toolbox (146)
[2017.03.30-12.39.47:242][ 14]LogModuleManager: Shutting down and abandoning module ModuleUI (145)
[2017.03.30-12.39.47:242][ 14]LogModuleManager: Shutting down and abandoning module MovieSceneTools (144)
[2017.03.30-12.39.47:242][ 14]LogModuleManager: Shutting down and abandoning module OutputLog (143)
[2017.03.30-12.39.47:243][ 14]LogModuleManager: Shutting down and abandoning module GammaUI (142)
[2017.03.30-12.39.47:243][ 14]LogModuleManager: Shutting down and abandoning module Documentation (141)
[2017.03.30-12.39.47:243][ 14]LogModuleManager: Shutting down and abandoning module StreamingPauseRendering (140)
[2017.03.30-12.39.47:243][ 14]LogModuleManager: Shutting down and abandoning module AnalyticsET (139)
[2017.03.30-12.39.47:243][ 14]LogModuleManager: Shutting down and abandoning module Analytics (138)
[2017.03.30-12.39.47:243][ 14]LogModuleManager: Shutting down and abandoning module PortalServices (137)
[2017.03.30-12.39.47:243][ 14]LogModuleManager: Shutting down and abandoning module PortalRpc (136)
[2017.03.30-12.39.47:243][ 14]LogModuleManager: Shutting down and abandoning module MessagingRpc (135)
[2017.03.30-12.39.47:243][ 14]LogModuleManager: Shutting down and abandoning module GameplayDebugger (134)
[2017.03.30-12.39.47:243][ 14]LogModuleManager: Shutting down and abandoning module AITestSuite (133)
[2017.03.30-12.39.47:243][ 14]LogModuleManager: Shutting down and abandoning module AIModule (132)
[2017.03.30-12.39.47:243][ 14]LogModuleManager: Shutting down and abandoning module ProfilerService (131)
[2017.03.30-12.39.47:473][ 14]LogModuleManager: Shutting down and abandoning module TaskGraph (130)
[2017.03.30-12.39.47:473][ 14]LogModuleManager: Shutting down and abandoning module SubstanceEditor (129)
[2017.03.30-12.39.47:473][ 14]LogModuleManager: Shutting down and abandoning module SlateRemote (128)
[2017.03.30-12.39.47:474][ 14]LogModuleManager: Shutting down and abandoning module SteamVRController (127)
[2017.03.30-12.39.47:474][ 14]LogModuleManager: Shutting down and abandoning module SteamVR (126)
[2017.03.30-12.39.47:474][ 14]LogModuleManager: Shutting down and abandoning module ProceduralMeshComponent (125)
[2017.03.30-12.39.47:474][ 14]LogModuleManager: Shutting down and abandoning module OculusLibrary (124)
[2017.03.30-12.39.47:474][ 14]LogModuleManager: Shutting down and abandoning module OculusInput (123)
[2017.03.30-12.39.47:474][ 14]LogModuleManager: Shutting down and abandoning module CustomMeshComponent (122)
[2017.03.30-12.39.47:474][ 14]LogModuleManager: Shutting down and abandoning module CableComponent (121)
[2017.03.30-12.39.47:474][ 14]LogModuleManager: Shutting down and abandoning module ArchVisCharacter (120)
[2017.03.30-12.39.47:474][ 14]LogModuleManager: Shutting down and abandoning module MediaPlayerEditor (119)
[2017.03.30-12.39.47:474][ 14]LogModuleManager: Shutting down and abandoning module HTML5Networking (118)
[2017.03.30-12.39.47:474][ 14]LogModuleManager: Shutting down and abandoning module SuperSearch (117)
[2017.03.30-12.39.47:474][ 14]LogModuleManager: Shutting down and abandoning module SuperSearchEditor (116)
[2017.03.30-12.39.47:474][ 14]LogModuleManager: Shutting down and abandoning module SpeedTreeImporter (115)
[2017.03.30-12.39.47:474][ 14]LogModuleManager: Shutting down and abandoning module PluginBrowser (114)
[2017.03.30-12.39.47:474][ 14]LogModuleManager: Shutting down and abandoning module EpicSurvey (113)
[2017.03.30-12.39.47:474][ 14]LogModuleManager: Shutting down and abandoning module DesktopPlatform (112)
[2017.03.30-12.39.47:474][ 14]LogModuleManager: Shutting down and abandoning module VisualStudioSourceCodeAccess (111)
[2017.03.30-12.39.47:475][ 14]LogModuleManager: Shutting down and abandoning module UObjectPlugin (110)
[2017.03.30-12.39.47:475][ 14]LogModuleManager: Shutting down and abandoning module SubversionSourceControl (109)
[2017.03.30-12.39.47:475][ 14]LogModuleManager: Shutting down and abandoning module PerforceSourceControl (108)
[2017.03.30-12.39.47:475][ 14]LogModuleManager: Shutting down and abandoning module SourceControl (107)
[2017.03.30-12.39.47:475][ 14]LogModuleManager: Shutting down and abandoning module GitSourceControl (106)
[2017.03.30-12.39.47:475][ 14]LogModuleManager: Shutting down and abandoning module LightPropagationVolumeEditor (105)
[2017.03.30-12.39.47:475][ 14]LogModuleManager: Shutting down and abandoning module PaperTiledImporter (104)
[2017.03.30-12.39.47:475][ 14]LogModuleManager: Shutting down and abandoning module PaperSpriteSheetImporter (103)
[2017.03.30-12.39.47:475][ 14]LogModuleManager: Shutting down and abandoning module MeshPaint (102)
[2017.03.30-12.39.47:475][ 14]LogModuleManager: Shutting down and abandoning module PixelInspectorModule (101)
[2017.03.30-12.39.47:475][ 14]LogModuleManager: Shutting down and abandoning module HotReload (100)
[2017.03.30-12.39.47:476][ 14]LogModuleManager: Shutting down and abandoning module MainFrame (99)
[2017.03.30-12.39.47:477][ 14]LogModuleManager: Shutting down and abandoning module LevelEditor (98)
[2017.03.30-12.39.47:478][ 14]LogModuleManager: Shutting down and abandoning module ContentBrowser (97)
[2017.03.30-12.39.47:480][ 14]LogModuleManager: Shutting down and abandoning module Paper2DEditor (96)
[2017.03.30-12.39.47:480][ 14]LogModuleManager: Shutting down and abandoning module UdpMessaging (95)
[2017.03.30-12.39.47:581][ 14]LogModuleManager: Shutting down and abandoning module SubstanceCore (94)
[2017.03.30-12.39.47:581][ 14]LogModuleManager: Shutting down and abandoning module LightPropagationVolumeRuntime (93)
[2017.03.30-12.39.47:581][ 14]LogModuleManager: Shutting down and abandoning module Paper2D (92)
[2017.03.30-12.39.47:581][ 14]LogModuleManager: Shutting down and abandoning module WindowsMoviePlayer (91)
[2017.03.30-12.39.47:581][ 14]LogModuleManager: Shutting down and abandoning module Media (90)
[2017.03.30-12.39.47:581][ 14]LogModuleManager: Shutting down and abandoning module WmfMedia (89)
[2017.03.30-12.39.47:581][ 14]LogModuleManager: Shutting down and abandoning module MediaAssets (88)
[2017.03.30-12.39.47:581][ 14]LogModuleManager: Shutting down and abandoning module GameLiveStreaming (87)
[2017.03.30-12.39.47:581][ 14]LogModuleManager: Shutting down and abandoning module GameplayTagsEditor (86)
[2017.03.30-12.39.47:581][ 14]LogModuleManager: Shutting down and abandoning module OnlineBlueprintSupport (85)
[2017.03.30-12.39.47:581][ 14]LogModuleManager: Shutting down and abandoning module VREditor (84)
[2017.03.30-12.39.47:581][ 14]LogModuleManager: Shutting down and abandoning module GameplayTasksEditor (83)
[2017.03.30-12.39.47:581][ 14]LogModuleManager: Shutting down and abandoning module PropertyEditor (82)
[2017.03.30-12.39.47:581][ 14]LogModuleManager: Shutting down and abandoning module BehaviorTreeEditor (81)
[2017.03.30-12.39.47:581][ 14]LogModuleManager: Shutting down and abandoning module FunctionalTesting (80)
[2017.03.30-12.39.47:581][ 14]LogModuleManager: Shutting down and abandoning module CollisionAnalyzer (79)
[2017.03.30-12.39.47:581][ 14]LogModuleManager: Shutting down and abandoning module Sequencer (78)
[2017.03.30-12.39.47:581][ 14]LogModuleManager: Shutting down and abandoning module WorkspaceMenuStructure (77)
[2017.03.30-12.39.47:581][ 14]LogModuleManager: Shutting down and abandoning module MessageLog (76)
[2017.03.30-12.39.47:581][ 14]LogModuleManager: Shutting down and abandoning module AssetTools (75)
[2017.03.30-12.39.47:581][ 14]LogModuleManager: Shutting down and abandoning module UMGEditor (74)
[2017.03.30-12.39.47:581][ 14]LogModuleManager: Shutting down and abandoning module UMG (73)
[2017.03.30-12.39.47:581][ 14]LogModuleManager: Shutting down and abandoning module SlateReflector (72)
[2017.03.30-12.39.47:581][ 14]LogModuleManager: Shutting down and abandoning module Slate (71)
[2017.03.30-12.39.47:581][ 14]LogModuleManager: Shutting down and abandoning module EditorStyle (70)
[2017.03.30-12.39.47:584][ 14]LogModuleManager: Shutting down and abandoning module SourceCodeAccess (69)
[2017.03.30-12.39.47:584][ 14]LogModuleManager: Shutting down and abandoning module HeadMountedDisplay (68)
[2017.03.30-12.39.47:584][ 14]LogModuleManager: Shutting down and abandoning module XAudio2 (67)
[2017.03.30-12.39.47:584][ 14]LogModuleManager: Shutting down and abandoning module Networking (65)
[2017.03.30-12.39.47:584][ 14]LogModuleManager: Shutting down and abandoning module Core (64)
[2017.03.30-12.39.47:584][ 14]LogModuleManager: Shutting down and abandoning module DirectoryWatcher (63)
[2017.03.30-12.39.47:585][ 14]LogModuleManager: Shutting down and abandoning module AssetRegistry (62)
[2017.03.30-12.39.47:761][ 14]LogModuleManager: Shutting down and abandoning module KismetCompiler (61)
[2017.03.30-12.39.47:761][ 14]LogModuleManager: Shutting down and abandoning module PhysXFormats (60)
[2017.03.30-12.39.47:761][ 14]LogModuleManager: Shutting down and abandoning module MeshUtilities (59)
[2017.03.30-12.39.47:761][ 14]LogModuleManager: Shutting down and abandoning module DerivedDataCache (58)
[2017.03.30-12.39.47:852][ 14]LogDerivedDataCache: Shutdown
[2017.03.30-12.39.47:852][ 14]LogModuleManager: Shutting down and abandoning module VulkanShaderFormat (57)
[2017.03.30-12.39.47:852][ 14]LogModuleManager: Shutting down and abandoning module ShaderFormatOpenGL (56)
[2017.03.30-12.39.47:852][ 14]LogModuleManager: Shutting down and abandoning module ShaderFormatD3D (55)
[2017.03.30-12.39.47:852][ 14]LogModuleManager: Shutting down and abandoning module MetalShaderFormat (54)
[2017.03.30-12.39.47:852][ 14]LogModuleManager: Shutting down and abandoning module TextureFormatUncompressed (53)
[2017.03.30-12.39.47:852][ 14]LogModuleManager: Shutting down and abandoning module TextureFormatPVR (52)
[2017.03.30-12.39.47:852][ 14]LogModuleManager: Shutting down and abandoning module TextureFormatIntelISPCTexComp (51)
[2017.03.30-12.39.47:852][ 14]LogModuleManager: Shutting down and abandoning module TextureFormatDXT (50)
[2017.03.30-12.39.47:852][ 14]LogModuleManager: Shutting down and abandoning module ImageWrapper (49)
[2017.03.30-12.39.47:852][ 14]LogModuleManager: Shutting down and abandoning module TextureFormatASTC (48)
[2017.03.30-12.39.47:852][ 14]LogModuleManager: Shutting down and abandoning module TextureFormatAndroid (47)
[2017.03.30-12.39.47:852][ 14]LogModuleManager: Shutting down and abandoning module AudioFormatOpus (46)
[2017.03.30-12.39.47:852][ 14]LogModuleManager: Shutting down and abandoning module AudioFormatOgg (45)
[2017.03.30-12.39.47:853][ 14]LogModuleManager: Shutting down and abandoning module AudioFormatADPCM (44)
[2017.03.30-12.39.47:853][ 14]LogModuleManager: Shutting down and abandoning module LinuxTargetPlatform (43)
[2017.03.30-12.39.47:853][ 14]LogModuleManager: Shutting down and abandoning module LinuxServerTargetPlatform (42)
[2017.03.30-12.39.47:853][ 14]LogModuleManager: Shutting down and abandoning module LinuxNoEditorTargetPlatform (41)
[2017.03.30-12.39.47:853][ 14]LogModuleManager: Shutting down and abandoning module TVOSTargetPlatform (40)
[2017.03.30-12.39.47:853][ 14]LogModuleManager: Shutting down and abandoning module Messaging (39)
[2017.03.30-12.39.47:853][ 14]LogModuleManager: Shutting down and abandoning module IOSTargetPlatform (38)
[2017.03.30-12.39.47:853][ 14]LogModuleManager: Shutting down and abandoning module HTML5TargetPlatform (37)
[2017.03.30-12.39.47:853][ 14]LogModuleManager: Shutting down and abandoning module Android_PVRTCTargetPlatform (36)
[2017.03.30-12.39.47:853][ 14]LogModuleManager: Shutting down and abandoning module Android_MultiTargetPlatform (35)
[2017.03.30-12.39.47:853][ 14]LogModuleManager: Shutting down and abandoning module Android_ETC2TargetPlatform (34)
[2017.03.30-12.39.47:853][ 14]LogModuleManager: Shutting down and abandoning module Android_ETC1TargetPlatform (33)
[2017.03.30-12.39.47:853][ 14]LogModuleManager: Shutting down and abandoning module Android_DXTTargetPlatform (32)
[2017.03.30-12.39.47:853][ 14]LogModuleManager: Shutting down and abandoning module Android_ATCTargetPlatform (31)
[2017.03.30-12.39.47:853][ 14]LogModuleManager: Shutting down and abandoning module Android_ASTCTargetPlatform (30)
[2017.03.30-12.39.47:853][ 14]LogModuleManager: Shutting down and abandoning module AndroidTargetPlatform (29)
[2017.03.30-12.39.47:853][ 14]LogModuleManager: Shutting down and abandoning module WindowsTargetPlatform (28)
[2017.03.30-12.39.47:853][ 14]LogModuleManager: Shutting down and abandoning module WindowsServerTargetPlatform (27)
[2017.03.30-12.39.47:853][ 14]LogModuleManager: Shutting down and abandoning module WindowsNoEditorTargetPlatform (26)
[2017.03.30-12.39.47:853][ 14]LogModuleManager: Shutting down and abandoning module WindowsClientTargetPlatform (25)
[2017.03.30-12.39.47:853][ 14]LogModuleManager: Shutting down and abandoning module AllDesktopTargetPlatform (24)
[2017.03.30-12.39.47:853][ 14]LogModuleManager: Shutting down and abandoning module TargetPlatform (23)
[2017.03.30-12.39.47:853][ 14]LogModuleManager: Shutting down and abandoning module InputCore (22)
[2017.03.30-12.39.47:853][ 14]LogModuleManager: Shutting down and abandoning module Settings (21)
[2017.03.30-12.39.47:853][ 14]LogModuleManager: Shutting down and abandoning module OnlineSubsystem (19)
[2017.03.30-12.39.47:853][ 14]LogModuleManager: Shutting down and abandoning module HTTP (18)
[2017.03.30-12.39.49:358][ 14]LogModuleManager: Shutting down and abandoning module XMPP (17)
[2017.03.30-12.39.49:358][ 14]LogModuleManager: Shutting down and abandoning module OculusRift (16)
[2017.03.30-12.39.49:358][ 14]LogModuleManager: Shutting down and abandoning module ExampleDeviceProfileSelector (15)
[2017.03.30-12.39.49:358][ 14]LogModuleManager: Shutting down and abandoning module TextureCompressor (14)
[2017.03.30-12.39.49:358][ 14]LogModuleManager: Shutting down and abandoning module ShaderCore (13)
[2017.03.30-12.39.49:358][ 14]LogModuleManager: Shutting down and abandoning module Landscape (12)
[2017.03.30-12.39.49:358][ 14]LogModuleManager: Shutting down and abandoning module SlateRHIRenderer (11)
[2017.03.30-12.39.49:363][ 14]LogModuleManager: Shutting down and abandoning module OpenGLDrv (10)
[2017.03.30-12.39.49:363][ 14]LogModuleManager: Shutting down and abandoning module D3D11RHI (9)
[2017.03.30-12.39.49:363][ 14]LogModuleManager: Shutting down and abandoning module AnimGraphRuntime (8)
[2017.03.30-12.39.49:363][ 14]LogModuleManager: Shutting down and abandoning module Renderer (7)
[2017.03.30-12.39.49:363][ 14]LogModuleManager: Shutting down and abandoning module Engine (6)
[2017.03.30-12.39.49:363][ 14]LogModuleManager: Shutting down and abandoning module CoreUObject (5)
[2017.03.30-12.39.49:363][ 14]LogModuleManager: Shutting down and abandoning module NetworkFile (4)
[2017.03.30-12.39.49:363][ 14]LogModuleManager: Shutting down and abandoning module StreamingFile (3)
[2017.03.30-12.39.49:363][ 14]LogModuleManager: Shutting down and abandoning module SandboxFile (2)
[2017.03.30-12.39.49:363][ 14]LogModuleManager: Shutting down and abandoning module PakFile (1)
[2017.03.30-12.39.49:368][ 14]LogExit: Exiting.
[2017.03.30-12.39.49:465][ 14]Log file closed, 03/30/17 08:39:49
