Log file open, 04/30/17 21:59:30
LogInit:Display: Running engine for game: SoulStriker
LogPlatformFile: Not using cached read wrapper
LogInit:Display: RandInit(453163883) SRandInit(453163884).
LogTaskGraph: Started task graph with 4 named threads and 7 total threads with 1 sets of task threads.
LogStats: Stats thread started at 0.072025
LogInit: Version: 4.12.5-3039270+++UE4+Release-4.12
LogInit: API Version: 2992821
LogInit: Net Version: 3039270
LogDevObjectVersion: Number of dev versions registered: 13
LogDevObjectVersion:   Dev-Blueprints (B0D832E4-1F89-4F0D-ACCF-7EB736FD4AA2): 3
LogDevObjectVersion:   Dev-Build (E1C64328-A22C-4D53-A36C-8E866417BD8C): 0
LogDevObjectVersion:   Dev-Core (375EC13C-06E4-48FB-B500-84F0262A717E): 1
LogDevObjectVersion:   Dev-Editor (E4B068ED-F494-42E9-A231-DA0B2E46BB41): 2
LogDevObjectVersion:   Dev-Framework (CFFC743F-43B0-4480-9391-14DF171D2073): 6
LogDevObjectVersion:   Dev-Mobile (B02B49B5-BB20-44E9-A304-32B752E40360): 0
LogDevObjectVersion:   Dev-Networking (A4E4105C-59A1-49B5-A7C5-40C4547EDFEE): 0
LogDevObjectVersion:   Dev-Online (39C831C9-5AE6-47DC-9A44-9C173E1C8E7C): 0
LogDevObjectVersion:   Dev-Physics (78F01B33-EBEA-4F98-B9B4-84EACCB95AA2): 0
LogDevObjectVersion:   Dev-Platform (6631380F-2D4D-43E0-8009-CF276956A95A): 0
LogDevObjectVersion:   Dev-Rendering (12F88B9F-8875-4AFC-A67C-D90C383ABD29): 2
LogDevObjectVersion:   Dev-Sequencer (7B5AE74C-D270-4C10-A958-57980B212A5A): 0
LogDevObjectVersion:   Dev-VR (D7296918-1DD6-4BDD-9DE2-64A83CC13884): 0
LogInit: Compiled (64-bit): Jul  6 2016 09:09:46
LogInit: Compiled with Visual C++: 19.00.23026.00
LogInit: Build Configuration: Development
LogInit: Branch Name: ++UE4+Release-4.12
LogInit: Command line:  /Temp/Autosaves/Game/Maps/UEDPCLevel_1 -game -PIEVIACONSOLE -ResX=1920 -ResY=1080  -Multiprocess -windowed -messaging -SessionName="Play in Standalone Game" 
LogInit: Base directory: G:/Program Files (x86)/Epic Games/4.12/Engine/Binaries/Win64/
LogInit: Installed Engine Build: 1
LogFileManager:Warning: Error deleting file: C:/Users/Derek/Documents/Unreal Projects/Soul-Striker-Main/Soul Striker/Saved/Logs/SoulStriker.log (Error Code 32)
LogInit: Using libcurl 7.41.0
LogInit:  - built for x86_64-pc-win32
LogInit:  - supports SSL with WinSSL
LogInit:  - other features:
LogInit:      CURL_VERSION_SSL
LogInit:      CURL_VERSION_IPV6
LogInit:      CURL_VERSION_ASYNCHDNS
LogInit:      CURL_VERSION_LARGEFILE
LogInit:      CURL_VERSION_IDN
LogInit:  CurlRequestOptions (configurable via config and command line):
LogInit:  - bVerifyPeer = true  - Libcurl will verify peer certificate
LogInit:  - bUseHttpProxy = false  - Libcurl will NOT use HTTP proxy
LogInit:  - bDontReuseConnections = false  - Libcurl will reuse connections
LogInit:  - CertBundlePath = nullptr  - Libcurl will use whatever was configured at build time.
LogInit: Presizing for max 8388607 objects, including 0 objects not considered by GC, pre-allocating 0 bytes for permanent pool.
LogInit: Object subsystem initialized
[2017.05.01-01.59.30:905][  0]LogInit: Selected Device Profile: [Windows]
[2017.05.01-01.59.30:905][  0]LogInit: Applying CVar settings loaded from the selected device profile: [Windows]
[2017.05.01-01.59.30:908][  0]LogInit: Computer: DEREK-DESKTOP
[2017.05.01-01.59.30:908][  0]LogInit: User: Derek
[2017.05.01-01.59.30:908][  0]LogInit: CPU Page size=65536, Cores=4
[2017.05.01-01.59.30:908][  0]LogInit: High frequency timer resolution =3.415987 MHz
[2017.05.01-01.59.30:909][  0]LogMemory: Memory total: Physical=15.9GB (16GB approx)
[2017.05.01-01.59.30:909][  0]LogMemory: Platform Memory Stats for Windows
[2017.05.01-01.59.30:909][  0]LogMemory: Process Physical Memory: 191.58 MB used, 191.58 MB peak
[2017.05.01-01.59.30:909][  0]LogMemory: Process Virtual Memory: 195.04 MB used, 195.04 MB peak
[2017.05.01-01.59.30:909][  0]LogMemory: Physical Memory: 6824.67 MB used, 16321.41 MB total
[2017.05.01-01.59.30:909][  0]LogMemory: Virtual Memory: 552.91 MB used, 134217728.00 MB total
[2017.05.01-01.59.30:946][  0]LogTextLocalizationManager: No specific translations for ('en-US') exist, so ('en') translations will be used.
[2017.05.01-01.59.31:289][  0]LogD3D11RHI: D3D11 adapters:
[2017.05.01-01.59.31:313][  0]LogD3D11RHI:    0. 'NVIDIA GeForce GTX 750 Ti' (Feature Level 11_0)
[2017.05.01-01.59.31:313][  0]LogD3D11RHI:       2016/0/8160 MB DedicatedVideo/DedicatedSystem/SharedSystem, Outputs:1, VendorId:0x10de
[2017.05.01-01.59.31:315][  0]LogD3D11RHI:    1. 'Microsoft Basic Render Driver' (Feature Level 11_0)
[2017.05.01-01.59.31:315][  0]LogD3D11RHI:       0/0/8160 MB DedicatedVideo/DedicatedSystem/SharedSystem, Outputs:0, VendorId:0x1414
[2017.05.01-01.59.31:315][  0]LogD3D11RHI: Chosen D3D11 Adapter: 0
[2017.05.01-01.59.31:319][  0]LogD3D11RHI: Creating new Direct3DDevice
[2017.05.01-01.59.31:319][  0]LogD3D11RHI:     GPU DeviceId: 0x1380 (for the marketing name, search the web for "GPU Device Id")
[2017.05.01-01.59.31:319][  0]LogWindows: EnumDisplayDevices:
[2017.05.01-01.59.31:319][  0]LogWindows:    0. 'NVIDIA GeForce GTX 750 Ti' (P:1 D:1)
[2017.05.01-01.59.31:320][  0]LogWindows:    1. 'NVIDIA GeForce GTX 750 Ti' (P:0 D:0)
[2017.05.01-01.59.31:320][  0]LogWindows:    2. 'NVIDIA GeForce GTX 750 Ti' (P:0 D:0)
[2017.05.01-01.59.31:320][  0]LogWindows:    3. 'Radmin Mirror Driver V3' (P:0 D:0)
[2017.05.01-01.59.31:320][  0]LogWindows: DebugString: GetVideoDriverDetailsInvalid PrimaryIsNotTheChoosenAdapter FoundDriverCount:3 
[2017.05.01-01.59.31:320][  0]LogD3D11RHI:     Adapter Name: NVIDIA GeForce GTX 750 Ti
[2017.05.01-01.59.31:320][  0]LogD3D11RHI:   Driver Version: 376.53 (internal:21.21.13.7653, unified:376.53)
[2017.05.01-01.59.31:320][  0]LogD3D11RHI:      Driver Date: 12-29-2016
[2017.05.01-01.59.31:320][  0]LogRHI: Texture pool is 1361 MB (70% of 1945 MB)
[2017.05.01-01.59.31:335][  0]LogD3D11RHI: Async texture creation enabled
[2017.05.01-01.59.31:344][  0]LogD3D11RHI: GPU Timing Frequency: 1000.000000 (Debug: 2 1)
[2017.05.01-01.59.31:344][  0]LogShaderCompilers: Guid format shader working directory is -26 characters bigger than the processId version (C:/Users/Derek/Documents/Unreal Projects/Soul-Striker-Main/Soul Striker/Intermediate/Shaders/WorkingDirectory/10380/).
[2017.05.01-01.59.31:344][  0]LogShaderCompilers: Cleaned the shader compiler working directory 'C:/Users/Derek/AppData/Local/Temp/UnrealShaderWorkingDir/411000844A202F3E8F4F86AB54948E26/'.
[2017.05.01-01.59.31:344][  0]LogShaderCompilers:Display: Using Local Shader Compiler.
[2017.05.01-01.59.32:331][  0]LogTemp:Display: Loaded TP WindowsClientTargetPlatform
[2017.05.01-01.59.32:340][  0]LogTemp:Display: Loaded TP WindowsNoEditorTargetPlatform
[2017.05.01-01.59.32:347][  0]LogTemp:Display: Loaded TP WindowsServerTargetPlatform
[2017.05.01-01.59.32:356][  0]LogTemp:Display: Loaded TP WindowsTargetPlatform
[2017.05.01-01.59.32:356][  0]LogTargetPlatformManager:Display: Building Assets For Windows
[2017.05.01-01.59.32:425][  0]LogDerivedDataCache:Display: Max Cache Size: 512 MB
[2017.05.01-01.59.32:469][  0]LogDerivedDataCache: Loaded boot cache 0.04s 48MB C:/Users/Derek/AppData/Local/UnrealEngine/4.12/DerivedDataCache/Boot.ddc.
[2017.05.01-01.59.32:470][  0]LogDerivedDataCache:Display: Loaded Boot cache: C:/Users/Derek/AppData/Local/UnrealEngine/4.12/DerivedDataCache/Boot.ddc
[2017.05.01-01.59.32:470][  0]LogDerivedDataCache: FDerivedDataBackendGraph:  Pak pak cache file C:/Users/Derek/Documents/Unreal Projects/Soul-Striker-Main/Soul Striker/DerivedDataCache/DDC.ddp not found, will not use a pak cache.
[2017.05.01-01.59.32:470][  0]LogDerivedDataCache: Unable to find inner node Pak for hierarchical cache Hierarchy.
[2017.05.01-01.59.32:470][  0]LogDerivedDataCache: FDerivedDataBackendGraph:  CompressedPak pak cache file C:/Users/Derek/Documents/Unreal Projects/Soul-Striker-Main/Soul Striker/DerivedDataCache/Compressed.ddp not found, will not use a pak cache.
[2017.05.01-01.59.32:470][  0]LogDerivedDataCache: Unable to find inner node CompressedPak for hierarchical cache Hierarchy.
[2017.05.01-01.59.32:485][  0]LogDerivedDataCache:Display: Pak cache opened for reading ../../../Engine/DerivedDataCache/Compressed.ddp.
[2017.05.01-01.59.32:496][  0]LogDerivedDataCache: Using Local data cache path C:/Users/Derek/AppData/Local/UnrealEngine/Common/DerivedDataCache: Writable
[2017.05.01-01.59.32:644][  0]LogAssetRegistry: FAssetRegistry took 0.0001 seconds to start up
[2017.05.01-01.59.32:649][  0]LogPackageLocalizationCache: Processed 3 localized package path(s) for 2 prioritized culture(s) in 0.005098 seconds
[2017.05.01-01.59.32:652][  0]LogInit: Selected Device Profile: [Windows]
[2017.05.01-01.59.32:653][  0]LogContentStreaming: Texture pool size is 1000.00 MB
[2017.05.01-01.59.32:773][  0]LogMeshUtilities: No automatic mesh reduction module available
[2017.05.01-01.59.32:773][  0]LogMeshUtilities: No automatic mesh merging module available
[2017.05.01-01.59.32:773][  0]LogMeshUtilities: No distributed automatic mesh merging module available
[2017.05.01-01.59.32:941][  0]LogInit: WinSock: version 1.1 (2.2), MaxSocks=32767, MaxUdp=65467
[2017.05.01-01.59.33:077][  0]LogSlate: SlateFontCache - WITH_FREETYPE: 1, WITH_HARFBUZZ: 1
[2017.05.01-01.59.33:077][  0]LogSlate: SlateFontCache - WITH_FREETYPE: 1, WITH_HARFBUZZ: 1
[2017.05.01-01.59.33:129][  0]LogMoviePlayer: Initializing movie player
[2017.05.01-01.59.33:204][  0]LogWindowsMoviePlayer: Unable to load movie: C:/Users/Derek/Documents/Unreal Projects/Soul-Striker-Main/Soul Striker/Content/Movies/Default_Startup.mp4
[2017.05.01-01.59.33:270][  0]LogSubstanceCoreModule: Substance CPU Engine Loaded, Max Texture Size 2048
[2017.05.01-01.59.33:276][  0]LogUdpMessaging: Initializing bridge on interface 0.0.0.0:0 to multicast group 230.0.0.1:6666.
[2017.05.01-01.59.33:344][  0]SourceControl: Info Source control is disabled
[2017.05.01-01.59.33:344][  0]SourceControl: Info Source control is disabled
[2017.05.01-01.59.33:351][  0]SourceControl: Info Source control is disabled
[2017.05.01-01.59.33:440][  0]LogUObjectArray: 31128 objects as part of root set at end of initial load.
[2017.05.01-01.59.33:440][  0]LogUObjectAllocator: 6742592 out of 0 bytes used by permanent object pool.
[2017.05.01-01.59.33:440][  0]LogUObjectArray: CloseDisregardForGC: 0/0 objects in disregard for GC pool
[2017.05.01-01.59.33:487][  0]LogEngine: Initializing Engine...
[2017.05.01-01.59.33:494][  0]LogHMD: SteamVR failed to initialize.  Err: 108
[2017.05.01-01.59.33:500][  0]LogHMD: SteamVR failed to initialize.  Err: 108
[2017.05.01-01.59.33:616][  0]LogInit: XAudio2 using 'SCEI MONITOR-0 (NVIDIA High Definition Audio)' : 2 channels at 48 kHz using 16 bits per sample (channel mask 0x3)
[2017.05.01-01.59.33:624][  0]LogInit: FAudioDevice initialized.
[2017.05.01-01.59.33:629][  0]LogInit: Texture streaming: Enabled
[2017.05.01-01.59.33:692][  0]LogNet: Browse: /Temp/Autosaves/Game/Maps/UEDPCLevel_1?Name=Player
[2017.05.01-01.59.33:692][  0]LogLoad: LoadMap: /Temp/Autosaves/Game/Maps/UEDPCLevel_1?Name=Player
[2017.05.01-01.59.33:705][  0]LogMemory: Platform Memory Stats for Windows
[2017.05.01-01.59.33:705][  0]LogMemory: Process Physical Memory: 556.91 MB used, 577.13 MB peak
[2017.05.01-01.59.33:705][  0]LogMemory: Process Virtual Memory: 604.42 MB used, 604.43 MB peak
[2017.05.01-01.59.33:705][  0]LogMemory: Physical Memory: 7118.65 MB used, 16321.41 MB total
[2017.05.01-01.59.33:705][  0]LogMemory: Virtual Memory: 1233.27 MB used, 134217728.00 MB total
[2017.05.01-01.59.33:705][  0]LogMemory: 
[2017.05.01-01.59.33:705][  0]Allocator Stats for TBB: (not implemented)
[2017.05.01-01.59.34:317][  0]LogLinker:Warning: CreateImport: Failed to load Outer for resource 'ArrowComponent0': tutorialOrbEnabler_C /Game/bluePrints/tutorialOrbEnabler.Default__tutorialOrbEnabler_C
[2017.05.01-01.59.34:843][  0]LogMaterial: Missing cached shader map for material brick_texture_1_diffuse_Mat, compiling. 
[2017.05.01-01.59.34:843][  0]LogMaterial:Warning: Failed to compile Material /Game/customMaterials/brick_texture_1_diffuse_Mat.brick_texture_1_diffuse_Mat for platform PCD3D_SM5, Default Material will be used in game.
[2017.05.01-01.59.34:843][  0]LogMaterial:Warning: 	(Node TextureSample) TextureSample> Missing input texture
[2017.05.01-01.59.34:935][  0]LogAIModule: Creating AISystem for world Level_1
[2017.05.01-01.59.34:935][  0]LogWorld: Game class is 'SoulStrikerCampaign_C'
[2017.05.01-01.59.34:971][  0]LogWorld: Bringing World /Temp/Autosaves/Game/Maps/UEDPCLevel_1.Level_1 up for play (max tick rate 0) at 2017.04.30-21.59.34
[2017.05.01-01.59.34:974][  0]LogWorld: Bringing up level for play took: 0.037578
[2017.05.01-01.59.34:978][  0]LogLoad: Took 1.285946 seconds to LoadMap(/Temp/Autosaves/Game/Maps/UEDPCLevel_1)
[2017.05.01-01.59.34:978][  0]LogInit:Display: Game Engine Initialized.
[2017.05.01-01.59.35:202][  0]LogLoad: Full Startup: 4.82 seconds (BP compile: 0.39 seconds)
[2017.05.01-01.59.35:202][  0]LogExternalProfiler: No external profilers were discovered.  External profiling features will not be available.
[2017.05.01-01.59.35:219][  0]LogWindowsTextInputMethodSystem:Display: IME system now deactivated.
[2017.05.01-01.59.35:219][  0]LogOcInput: OculusInput pre-init called
[2017.05.01-01.59.35:306][  2]LogRenderer: Reallocating scene render targets to support 1600x900 (Frame:2).
[2017.05.01-01.59.41:934][389]LogPackageName: SearchForPackageOnDisk took   0.057s to resolve MainMenu.umap.
[2017.05.01-01.59.41:991][389]LogPackageName: SearchForPackageOnDisk took   0.056s to resolve MainMenu.umap.
[2017.05.01-01.59.41:991][389]LogNet: Browse: /Game/Maps/MainMenu
[2017.05.01-01.59.41:991][389]LogLoad: LoadMap: /Game/Maps/MainMenu
[2017.05.01-01.59.42:085][389]LogMemory: Platform Memory Stats for Windows
[2017.05.01-01.59.42:085][389]LogMemory: Process Physical Memory: 730.58 MB used, 748.06 MB peak
[2017.05.01-01.59.42:085][389]LogMemory: Process Virtual Memory: 1055.36 MB used, 1068.07 MB peak
[2017.05.01-01.59.42:085][389]LogMemory: Physical Memory: 7267.24 MB used, 16321.41 MB total
[2017.05.01-01.59.42:085][389]LogMemory: Virtual Memory: 1720.16 MB used, 134217728.00 MB total
[2017.05.01-01.59.42:085][389]LogMemory: 
[2017.05.01-01.59.42:085][389]Allocator Stats for TBB: (not implemented)
[2017.05.01-01.59.42:109][389]LogAIModule: Creating AISystem for world MainMenu
[2017.05.01-01.59.43:051][389]LogWorld: Game class is 'SoulStrikerCampaign_C'
[2017.05.01-01.59.43:052][389]LogWorld: Bringing World /Game/Maps/MainMenu.MainMenu up for play (max tick rate 0) at 2017.04.30-21.59.43
[2017.05.01-01.59.43:052][389]LogWorld: Bringing up level for play took: 0.000675
[2017.05.01-01.59.43:052][389]LogGameMode: Warning - PATHS NOT DEFINED or NO PLAYERSTART with positive rating
[2017.05.01-01.59.43:057][389]LogLoad: Took 1.066300 seconds to LoadMap(/Game/Maps/MainMenu)
[2017.05.01-01.59.44:167][455]LogPackageName: SearchForPackageOnDisk took   0.056s to resolve Level_1.umap.
[2017.05.01-01.59.44:224][455]LogPackageName: SearchForPackageOnDisk took   0.056s to resolve Level_1.umap.
[2017.05.01-01.59.44:224][455]LogNet: Browse: /Game/Maps/Level_1
[2017.05.01-01.59.44:224][455]LogLoad: LoadMap: /Game/Maps/Level_1
[2017.05.01-01.59.44:295][455]LogMemory: Platform Memory Stats for Windows
[2017.05.01-01.59.44:295][455]LogMemory: Process Physical Memory: 741.20 MB used, 749.09 MB peak
[2017.05.01-01.59.44:295][455]LogMemory: Process Virtual Memory: 1118.57 MB used, 1126.58 MB peak
[2017.05.01-01.59.44:295][455]LogMemory: Physical Memory: 7277.17 MB used, 16321.41 MB total
[2017.05.01-01.59.44:295][455]LogMemory: Virtual Memory: 1794.54 MB used, 134217728.00 MB total
[2017.05.01-01.59.44:295][455]LogMemory: 
[2017.05.01-01.59.44:295][455]Allocator Stats for TBB: (not implemented)
[2017.05.01-01.59.44:893][455]LogLinker:Warning: CreateImport: Failed to load Outer for resource 'ArrowComponent0': tutorialOrbEnabler_C /Game/bluePrints/tutorialOrbEnabler.Default__tutorialOrbEnabler_C
[2017.05.01-01.59.45:338][455]LogMaterial: Missing cached shader map for material brick_texture_1_diffuse_Mat, compiling. 
[2017.05.01-01.59.45:338][455]LogMaterial:Warning: Failed to compile Material /Game/customMaterials/brick_texture_1_diffuse_Mat.brick_texture_1_diffuse_Mat for platform PCD3D_SM5, Default Material will be used in game.
[2017.05.01-01.59.45:338][455]LogMaterial:Warning: 	(Node TextureSample) TextureSample> Missing input texture
[2017.05.01-01.59.45:497][455]LogAIModule: Creating AISystem for world Level_1
[2017.05.01-01.59.45:497][455]LogWorld: Game class is 'SoulStrikerCampaign_C'
[2017.05.01-01.59.45:527][455]LogWorld: Bringing World /Game/Maps/Level_1.Level_1 up for play (max tick rate 0) at 2017.04.30-21.59.45
[2017.05.01-01.59.45:529][455]LogWorld: Bringing up level for play took: 0.031483
[2017.05.01-01.59.45:534][455]LogLoad: Took 1.309381 seconds to LoadMap(/Game/Maps/Level_1)
[2017.05.01-01.59.53:846][971]LogBlueprintUserMessages: [AI_TurretBullet_C_0] 9.0
[2017.05.01-01.59.54:847][ 33]LogBlueprintUserMessages: [AI_TurretBullet_C_1] 8.0
[2017.05.01-01.59.55:847][ 95]LogBlueprintUserMessages: [AI_TurretBullet_C_2] 7.0
[2017.05.01-01.59.56:847][157]LogBlueprintUserMessages: [AI_TurretBullet_C_3] 6.0
[2017.05.01-01.59.57:847][219]LogBlueprintUserMessages: [AI_TurretBullet_C_4] 5.0
[2017.05.01-01.59.58:847][281]LogBlueprintUserMessages: [AI_TurretBullet_C_5] 4.0
[2017.05.01-01.59.59:943][349]LogBlueprintUserMessages: [AI_TurretBullet_C_6] 3.0
[2017.05.01-02.00.01:026][416]LogBlueprintUserMessages: [AI_TurretBullet_C_7] 2.0
[2017.05.01-02.00.02:138][485]LogBlueprintUserMessages: [AI_TurretBullet_C_8] 1.0
[2017.05.01-02.00.03:300][557]LogBlueprintUserMessages: [AI_TurretBullet_C_9] 0.0
[2017.05.01-02.00.03:356][557]LogPackageName: SearchForPackageOnDisk took   0.056s to resolve DeathLevel.umap.
[2017.05.01-02.00.03:414][558]LogPackageName: SearchForPackageOnDisk took   0.056s to resolve DeathLevel.umap.
[2017.05.01-02.00.03:414][558]LogNet: Browse: /Game/Maps/DeathLevel
[2017.05.01-02.00.03:414][558]LogLoad: LoadMap: /Game/Maps/DeathLevel
[2017.05.01-02.00.03:501][558]LogMemory: Platform Memory Stats for Windows
[2017.05.01-02.00.03:501][558]LogMemory: Process Physical Memory: 796.67 MB used, 838.27 MB peak
[2017.05.01-02.00.03:501][558]LogMemory: Process Virtual Memory: 1082.75 MB used, 1190.16 MB peak
[2017.05.01-02.00.03:501][558]LogMemory: Physical Memory: 7349.45 MB used, 16321.41 MB total
[2017.05.01-02.00.03:501][558]LogMemory: Virtual Memory: 1780.14 MB used, 134217728.00 MB total
[2017.05.01-02.00.03:501][558]LogMemory: 
[2017.05.01-02.00.03:501][558]Allocator Stats for TBB: (not implemented)
[2017.05.01-02.00.03:615][558]LogAIModule: Creating AISystem for world DeathLevel
[2017.05.01-02.00.04:453][558]LogWorld: Game class is 'SoulStrikerCampaign_C'
[2017.05.01-02.00.04:454][558]LogWorld: Bringing World /Game/Maps/DeathLevel.DeathLevel up for play (max tick rate 0) at 2017.04.30-22.00.04
[2017.05.01-02.00.04:455][558]LogWorld: Bringing up level for play took: 0.000581
[2017.05.01-02.00.04:455][558]LogGameMode: Warning - PATHS NOT DEFINED or NO PLAYERSTART with positive rating
[2017.05.01-02.00.04:458][558]LogScript:Warning: Accessed None trying to read property HealthOverlay
	DeathLevel_C /Game/Maps/DeathLevel.DeathLevel:PersistentLevel.DeathLevel_C_1
	Function /Game/Maps/DeathLevel.DeathLevel_C:ExecuteUbergraph_DeathLevel:008F
[2017.05.01-02.00.04:458][558]LogScript:Warning: Script call stack:
	Function /Game/Maps/DeathLevel.DeathLevel_C:ReceiveBeginPlay
	Function /Game/Maps/DeathLevel.DeathLevel_C:ExecuteUbergraph_DeathLevel

[2017.05.01-02.00.04:459][558]LogLoad: Took 1.043760 seconds to LoadMap(/Game/Maps/DeathLevel)
[2017.05.01-02.00.11:260][977]LogPackageName: SearchForPackageOnDisk took   0.056s to resolve Level_1.umap.
[2017.05.01-02.00.11:316][977]LogPackageName: SearchForPackageOnDisk took   0.055s to resolve Level_1.umap.
[2017.05.01-02.00.11:316][977]LogNet: Browse: /Game/Maps/Level_1
[2017.05.01-02.00.11:316][977]LogLoad: LoadMap: /Game/Maps/Level_1
[2017.05.01-02.00.11:385][977]LogMemory: Platform Memory Stats for Windows
[2017.05.01-02.00.11:385][977]LogMemory: Process Physical Memory: 717.91 MB used, 838.27 MB peak
[2017.05.01-02.00.11:385][977]LogMemory: Process Virtual Memory: 1018.85 MB used, 1190.16 MB peak
[2017.05.01-02.00.11:385][977]LogMemory: Physical Memory: 7248.77 MB used, 16321.41 MB total
[2017.05.01-02.00.11:385][977]LogMemory: Virtual Memory: 1771.52 MB used, 134217728.00 MB total
[2017.05.01-02.00.11:385][977]LogMemory: 
[2017.05.01-02.00.11:385][977]Allocator Stats for TBB: (not implemented)
[2017.05.01-02.00.11:987][977]LogLinker:Warning: CreateImport: Failed to load Outer for resource 'ArrowComponent0': tutorialOrbEnabler_C /Game/bluePrints/tutorialOrbEnabler.Default__tutorialOrbEnabler_C
[2017.05.01-02.00.12:472][977]LogMaterial: Missing cached shader map for material brick_texture_1_diffuse_Mat, compiling. 
[2017.05.01-02.00.12:473][977]LogMaterial:Warning: Failed to compile Material /Game/customMaterials/brick_texture_1_diffuse_Mat.brick_texture_1_diffuse_Mat for platform PCD3D_SM5, Default Material will be used in game.
[2017.05.01-02.00.12:473][977]LogMaterial:Warning: 	(Node TextureSample) TextureSample> Missing input texture
[2017.05.01-02.00.12:586][977]LogAIModule: Creating AISystem for world Level_1
[2017.05.01-02.00.12:586][977]LogWorld: Game class is 'SoulStrikerCampaign_C'
[2017.05.01-02.00.12:615][977]LogWorld: Bringing World /Game/Maps/Level_1.Level_1 up for play (max tick rate 0) at 2017.04.30-22.00.12
[2017.05.01-02.00.12:617][977]LogWorld: Bringing up level for play took: 0.030024
[2017.05.01-02.00.12:621][977]LogLoad: Took 1.305420 seconds to LoadMap(/Game/Maps/Level_1)
[2017.05.01-02.00.13:630][ 40]LogBlueprintUserMessages: [skeletonOLD_365] DASH!@
[2017.05.01-02.00.17:630][288]LogBlueprintUserMessages: [skeletonOLD_365] DASH!@
[2017.05.01-02.00.20:307][454]LogScriptCore:Warning: Attempted to get an item from array CallFunc_GetOverlappingActors_OverlappingActors out of bounds [0/0]!

[2017.05.01-02.00.20:307][454]LogScriptCore:Warning: Attempted to get an item from array CallFunc_GetOverlappingActors_OverlappingActors2 out of bounds [0/0]!

[2017.05.01-02.00.20:630][474]LogBlueprintUserMessages: [skeletonOLD_365] SLASH! Slash! Slash!
[2017.05.01-02.00.20:679][477]LogBlueprintUserMessages: [KnightOfLight_C_0] knockedBack!
[2017.05.01-02.00.20:952][494]LogScriptCore:Warning: Attempted to get an item from array CallFunc_GetOverlappingActors_OverlappingActors out of bounds [0/0]!

[2017.05.01-02.00.20:952][494]LogScriptCore:Warning: Attempted to get an item from array CallFunc_GetOverlappingActors_OverlappingActors2 out of bounds [0/0]!

[2017.05.01-02.00.21:646][537]LogScriptCore:Warning: Attempted to get an item from array CallFunc_GetOverlappingActors_OverlappingActors2 out of bounds [0/0]!

[2017.05.01-02.00.22:275][576]LogScriptCore:Warning: Attempted to get an item from array CallFunc_GetOverlappingActors_OverlappingActors2 out of bounds [0/0]!

[2017.05.01-02.00.22:372][582]LogBlueprintUserMessages: [KnightOfLight_C_0] knockedBack!
[2017.05.01-02.00.22:985][620]LogScriptCore:Warning: Attempted to get an item from array CallFunc_GetOverlappingActors_OverlappingActors out of bounds [0/0]!

[2017.05.01-02.00.22:985][620]LogScriptCore:Warning: Attempted to get an item from array CallFunc_GetOverlappingActors_OverlappingActors2 out of bounds [0/0]!

[2017.05.01-02.00.23:484][651]LogScriptCore:Warning: Attempted to get an item from array CallFunc_GetOverlappingActors_OverlappingActors2 out of bounds [0/0]!

[2017.05.01-02.00.24:001][683]LogScriptCore:Warning: Attempted to get an item from array CallFunc_GetOverlappingActors_OverlappingActors2 out of bounds [0/0]!

[2017.05.01-02.00.25:017][746]LogScriptCore:Warning: Attempted to get an item from array CallFunc_GetOverlappingActors_OverlappingActors out of bounds [0/0]!

[2017.05.01-02.00.25:017][746]LogScriptCore:Warning: Attempted to get an item from array CallFunc_GetOverlappingActors_OverlappingActors2 out of bounds [0/0]!

[2017.05.01-02.00.25:823][796]LogScriptCore:Warning: Attempted to get an item from array CallFunc_GetOverlappingActors_OverlappingActors out of bounds [0/0]!

[2017.05.01-02.00.25:823][796]LogScriptCore:Warning: Attempted to get an item from array CallFunc_GetOverlappingActors_OverlappingActors2 out of bounds [0/0]!

[2017.05.01-02.00.27:227][883]LogScriptCore:Warning: Attempted to get an item from array CallFunc_GetOverlappingActors_OverlappingActors out of bounds [0/0]!

[2017.05.01-02.00.27:227][883]LogScriptCore:Warning: Attempted to get an item from array CallFunc_GetOverlappingActors_OverlappingActors2 out of bounds [0/0]!

[2017.05.01-02.00.28:404][956]LogBlueprintUserMessages: [doorSwtich_554] aaaaaaaaaaaaaaaaaaaaaaaaaaaaaaaaand OPEN!
[2017.05.01-02.00.28:404][956]LogScriptCore:Warning: Attempted to get an item from array CallFunc_GetOverlappingActors_OverlappingActors out of bounds [0/0]!

[2017.05.01-02.00.28:404][956]LogScriptCore:Warning: Attempted to get an item from array CallFunc_GetOverlappingActors_OverlappingActors2 out of bounds [0/0]!

[2017.05.01-02.00.32:550][213]LogBlueprintUserMessages: [tutorialOrbEnabler] true
[2017.05.01-02.00.32:550][213]LogBlueprintUserMessages: [tutorialOrbEnabler] true
[2017.05.01-02.00.33:373][264]LogScriptCore:Warning: Attempted to get an item from array CallFunc_GetOverlappingActors_OverlappingActors out of bounds [0/0]!

[2017.05.01-02.00.34:792][352]LogScriptCore:Warning: Attempted to get an item from array CallFunc_GetOverlappingActors_OverlappingActors out of bounds [0/0]!

[2017.05.01-02.00.47:068][113]LogScriptCore:Warning: Attempted to get an item from array CallFunc_GetOverlappingActors_OverlappingActors out of bounds [0/0]!

[2017.05.01-02.00.47:423][135]LogBlueprintUserMessages: [spiritOrbOG_C_5] -1260.144287
[2017.05.01-02.00.48:971][231]LogScriptCore:Warning: Attempted to get an item from array CallFunc_GetOverlappingActors_OverlappingActors out of bounds [0/0]!

[2017.05.01-02.00.49:312][252]LogBlueprintUserMessages: [spiritOrbOG_C_6] -1260.144287
[2017.05.01-02.00.49:358][255]LogScriptCore:Warning: Attempted to get an item from array CallFunc_GetOverlappingActors_OverlappingActors out of bounds [0/0]!

[2017.05.01-02.00.49:358][255]LogScriptCore:Warning: Attempted to get an item from array CallFunc_GetOverlappingActors_OverlappingActors2 out of bounds [0/0]!

[2017.05.01-02.00.49:874][287]LogScriptCore:Warning: Attempted to get an item from array CallFunc_GetOverlappingActors_OverlappingActors out of bounds [0/0]!

[2017.05.01-02.00.50:279][312]LogBlueprintUserMessages: [spiritOrbOG_C_6] -1080.0
[2017.05.01-02.00.51:019][358]LogScriptCore:Warning: Attempted to get an item from array CallFunc_GetOverlappingActors_OverlappingActors out of bounds [0/0]!

[2017.05.01-02.00.53:132][489]LogScriptCore:Warning: Attempted to get an item from array CallFunc_GetOverlappingActors_OverlappingActors out of bounds [0/0]!

[2017.05.01-02.00.53:408][506]LogBlueprintUserMessages: [spiritOrbOG_C_6] -1439.953735
[2017.05.01-02.00.55:634][644]LogBlueprintUserMessages: [skeletonOLD2] SLASH! Slash! Slash!
[2017.05.01-02.00.57:391][753]LogScriptCore:Warning: Attempted to get an item from array CallFunc_GetOverlappingActors_OverlappingActors out of bounds [0/0]!

[2017.05.01-02.00.58:635][830]LogBlueprintUserMessages: [skeletonOLD2] Slice!
[2017.05.01-02.01.01:264][993]LogScriptCore:Warning: Attempted to get an item from array CallFunc_GetOverlappingActors_OverlappingActors out of bounds [0/0]!

[2017.05.01-02.01.03:684][142]LogScript:Warning: Attempted to access spiritOrbOG_C_7 via property CallFunc_Array_Get_Item, but spiritOrbOG_C_7 is pending kill
	KnightOfLight_C /Game/Maps/Level_1.Level_1:PersistentLevel.KnightOfLight_C_0
	Function /Game/ThirdPersonBP/Blueprints/KnightOfLight.KnightOfLight_C:ExecuteUbergraph_KnightOfLight:0B1D
[2017.05.01-02.01.03:684][142]LogScript:Warning: Script call stack:
	Function /Game/ThirdPersonBP/Blueprints/KnightOfLight.KnightOfLight_C:InpActEvt_Teleport_K2Node_InputActionEvent_9
	Function /Game/ThirdPersonBP/Blueprints/KnightOfLight.KnightOfLight_C:ExecuteUbergraph_KnightOfLight

[2017.05.01-02.01.04:556][196]LogScriptCore:Warning: Attempted to get an item from array CallFunc_GetOverlappingActors_OverlappingActors out of bounds [0/0]!

[2017.05.01-02.01.06:639][325]LogBlueprintUserMessages: [skeletonOLD2] Slice!
[2017.05.01-02.01.08:637][449]LogScriptCore:Warning: Attempted to get an item from array CallFunc_GetOverlappingActors_OverlappingActors out of bounds [0/0]!

[2017.05.01-02.01.12:742][702]LogBlueprintUserMessages: [spiritOrbOG_C_8] -360.0
[2017.05.01-02.01.13:547][752]LogScript:Warning: Attempted to access spiritOrbOG_C_8 via property CallFunc_Array_Get_Item, but spiritOrbOG_C_8 is pending kill
	KnightOfLight_C /Game/Maps/Level_1.Level_1:PersistentLevel.KnightOfLight_C_0
	Function /Game/ThirdPersonBP/Blueprints/KnightOfLight.KnightOfLight_C:ExecuteUbergraph_KnightOfLight:0B1D
[2017.05.01-02.01.13:547][752]LogScript:Warning: Script call stack:
	Function /Game/ThirdPersonBP/Blueprints/KnightOfLight.KnightOfLight_C:InpActEvt_Teleport_K2Node_InputActionEvent_9
	Function /Game/ThirdPersonBP/Blueprints/KnightOfLight.KnightOfLight_C:ExecuteUbergraph_KnightOfLight

[2017.05.01-02.01.49:711][994]LogScriptCore:Warning: Attempted to get an item from array CallFunc_GetOverlappingActors_OverlappingActors out of bounds [0/0]!

[2017.05.01-02.01.50:211][ 25]LogBlueprintUserMessages: [spiritOrbOG_C_9] -1080.144287
[2017.05.01-02.01.50:212][ 25]LogBlueprintUserMessages: [doorSwtich2] aaaaaaaaaaaaaaaaaaaaaaaaaaaaaaaaand OPEN!
[2017.05.01-02.01.53:018][199]LogBlueprintUserMessages: [KnightOfLight_C_0] warping Animation!
[2017.05.01-02.01.53:614][236]LogBlueprintUserMessages: [KnightOfLight_C_0] warping Animation!
[2017.05.01-02.01.54:470][289]LogScriptCore:Warning: Attempted to get an item from array CallFunc_GetOverlappingActors_OverlappingActors out of bounds [0/0]!

[2017.05.01-02.01.54:760][307]LogBlueprintUserMessages: [spiritOrbOG_C_10] -1440.144287
[2017.05.01-02.01.54:760][307]LogBlueprintUserMessages: [spiritOrbOG_C_10] -1440.144287
[2017.05.01-02.02.02:471][785]LogScriptCore:Warning: Attempted to get an item from array CallFunc_GetOverlappingActors_OverlappingActors out of bounds [0/0]!

[2017.05.01-02.02.04:100][886]LogScriptCore:Warning: Attempted to get an item from array CallFunc_GetOverlappingActors_OverlappingActors out of bounds [0/0]!

[2017.05.01-02.02.10:262][268]LogScriptCore:Warning: Attempted to get an item from array CallFunc_GetOverlappingActors_OverlappingActors out of bounds [0/0]!

[2017.05.01-02.02.10:796][301]LogBlueprintUserMessages: [spiritOrbOG_C_13] 900.137207
[2017.05.01-02.02.11:794][363]LogScript:Warning: Attempted to access spiritOrbOG_C_13 via property CallFunc_Array_Get_Item, but spiritOrbOG_C_13 is pending kill
	KnightOfLight_C /Game/Maps/Level_1.Level_1:PersistentLevel.KnightOfLight_C_0
	Function /Game/ThirdPersonBP/Blueprints/KnightOfLight.KnightOfLight_C:ExecuteUbergraph_KnightOfLight:0B1D
[2017.05.01-02.02.11:794][363]LogScript:Warning: Script call stack:
	Function /Game/ThirdPersonBP/Blueprints/KnightOfLight.KnightOfLight_C:InpActEvt_Teleport_K2Node_InputActionEvent_9
	Function /Game/ThirdPersonBP/Blueprints/KnightOfLight.KnightOfLight_C:ExecuteUbergraph_KnightOfLight

[2017.05.01-02.02.42:371][255]LogPackageName: SearchForPackageOnDisk took   0.057s to resolve MainMenu.umap.
[2017.05.01-02.02.42:427][255]LogPackageName: SearchForPackageOnDisk took   0.056s to resolve MainMenu.umap.
[2017.05.01-02.02.42:427][255]LogNet: Browse: /Game/Maps/MainMenu
[2017.05.01-02.02.42:427][255]LogLoad: LoadMap: /Game/Maps/MainMenu
[2017.05.01-02.02.42:468][255]LogMemory: Platform Memory Stats for Windows
[2017.05.01-02.02.42:468][255]LogMemory: Process Physical Memory: 732.48 MB used, 838.27 MB peak
[2017.05.01-02.02.42:468][255]LogMemory: Process Virtual Memory: 1068.67 MB used, 1190.16 MB peak
[2017.05.01-02.02.42:468][255]LogMemory: Physical Memory: 7255.31 MB used, 16321.41 MB total
[2017.05.01-02.02.42:468][255]LogMemory: Virtual Memory: 1732.88 MB used, 134217728.00 MB total
[2017.05.01-02.02.42:468][255]LogMemory: 
[2017.05.01-02.02.42:468][255]Allocator Stats for TBB: (not implemented)
[2017.05.01-02.02.42:492][255]LogAIModule: Creating AISystem for world MainMenu
[2017.05.01-02.02.43:446][255]LogWorld: Game class is 'SoulStrikerCampaign_C'
[2017.05.01-02.02.43:447][255]LogWorld: Bringing World /Game/Maps/MainMenu.MainMenu up for play (max tick rate 0) at 2017.04.30-22.02.43
[2017.05.01-02.02.43:447][255]LogWorld: Bringing up level for play took: 0.000577
[2017.05.01-02.02.43:447][255]LogGameMode: Warning - PATHS NOT DEFINED or NO PLAYERSTART with positive rating
[2017.05.01-02.02.43:452][255]LogLoad: Took 1.024133 seconds to LoadMap(/Game/Maps/MainMenu)
[2017.05.01-02.02.44:938][348]Closing by request
[2017.05.01-02.02.44:938][348]LogWindows: FPlatformMisc::RequestExit(0)
[2017.05.01-02.02.44:940][349]LogMoviePlayer: Shutting down movie player
[2017.05.01-02.02.45:592][349]LogWindowsTextInputMethodSystem:Display: IME system now deactivated.
[2017.05.01-02.02.45:596][349]LogExit: Preparing to exit.
[2017.05.01-02.02.46:508][349]LogExit: Game engine shut down
[2017.05.01-02.02.46:626][349]LogObj: Freed 0b from 0 cluster array pools.
[2017.05.01-02.02.46:626][349]LogExit: Object subsystem successfully closed.
[2017.05.01-02.02.46:634][349]LogD3D11RHI: Shutdown
[2017.05.01-02.02.46:634][349]LogD3D11RHI: CleanupD3DDevice
[2017.05.01-02.02.46:693][349]LogD3D11RHI: ~FD3D11DynamicRHI
[2017.05.01-02.02.46:697][349]LogModuleManager: Shutting down and abandoning module SequenceRecorderSections (113)
[2017.05.01-02.02.46:697][349]LogModuleManager: Shutting down and abandoning module SequenceRecorder (112)
[2017.05.01-02.02.46:697][349]LogModuleManager: Shutting down and abandoning module AutomationController (111)
[2017.05.01-02.02.46:697][349]LogModuleManager: Shutting down and abandoning module AutomationWorker (110)
[2017.05.01-02.02.46:697][349]LogModuleManager: Shutting down and abandoning module CharacterAI (109)
[2017.05.01-02.02.46:697][349]LogModuleManager: Shutting down and abandoning module SessionServices (108)
[2017.05.01-02.02.46:697][349]LogModuleManager: Shutting down and abandoning module GameplayDebugger (107)
[2017.05.01-02.02.46:698][349]LogModuleManager: Shutting down and abandoning module AITestSuite (106)
[2017.05.01-02.02.46:698][349]LogModuleManager: Shutting down and abandoning module AIModule (105)
[2017.05.01-02.02.46:698][349]LogModuleManager: Shutting down and abandoning module MovieSceneCapture (104)
[2017.05.01-02.02.46:698][349]LogModuleManager: Shutting down and abandoning module StreamingPauseRendering (103)
[2017.05.01-02.02.46:698][349]LogModuleManager: Shutting down and abandoning module PortalServices (102)
[2017.05.01-02.02.46:698][349]LogModuleManager: Shutting down and abandoning module PortalRpc (101)
[2017.05.01-02.02.46:698][349]LogModuleManager: Shutting down and abandoning module MessagingRpc (100)
[2017.05.01-02.02.46:698][349]LogModuleManager: Shutting down and abandoning module ProfilerService (99)
[2017.05.01-02.02.46:946][349]LogModuleManager: Shutting down and abandoning module TaskGraph (98)
[2017.05.01-02.02.46:946][349]LogModuleManager: Shutting down and abandoning module SlateRemote (97)
[2017.05.01-02.02.46:947][349]LogModuleManager: Shutting down and abandoning module SteamVRController (96)
[2017.05.01-02.02.46:947][349]LogModuleManager: Shutting down and abandoning module SteamVR (95)
[2017.05.01-02.02.46:947][349]LogModuleManager: Shutting down and abandoning module ProceduralMeshComponent (94)
[2017.05.01-02.02.46:947][349]LogModuleManager: Shutting down and abandoning module OculusLibrary (93)
[2017.05.01-02.02.46:947][349]LogModuleManager: Shutting down and abandoning module OculusInput (92)
[2017.05.01-02.02.46:947][349]LogModuleManager: Shutting down and abandoning module CustomMeshComponent (91)
[2017.05.01-02.02.46:947][349]LogModuleManager: Shutting down and abandoning module CableComponent (90)
[2017.05.01-02.02.46:947][349]LogModuleManager: Shutting down and abandoning module ArchVisCharacter (89)
[2017.05.01-02.02.46:947][349]LogModuleManager: Shutting down and abandoning module HTML5Networking (88)
[2017.05.01-02.02.46:947][349]LogModuleManager: Shutting down and abandoning module DesktopPlatform (87)
[2017.05.01-02.02.46:947][349]LogModuleManager: Shutting down and abandoning module DirectoryWatcher (86)
[2017.05.01-02.02.46:947][349]LogModuleManager: Shutting down and abandoning module HotReload (85)
[2017.05.01-02.02.46:947][349]LogModuleManager: Shutting down and abandoning module VisualStudioSourceCodeAccess (84)
[2017.05.01-02.02.46:947][349]LogModuleManager: Shutting down and abandoning module UObjectPlugin (83)
[2017.05.01-02.02.46:947][349]LogModuleManager: Shutting down and abandoning module SubversionSourceControl (82)
[2017.05.01-02.02.46:947][349]LogModuleManager: Shutting down and abandoning module SourceControl (81)
[2017.05.01-02.02.46:947][349]LogModuleManager: Shutting down and abandoning module PerforceSourceControl (80)
[2017.05.01-02.02.46:947][349]LogModuleManager: Shutting down and abandoning module UdpMessaging (79)
[2017.05.01-02.02.47:048][349]LogModuleManager: Shutting down and abandoning module SubstanceCore (78)
[2017.05.01-02.02.47:048][349]LogModuleManager: Shutting down and abandoning module LightPropagationVolumeRuntime (77)
[2017.05.01-02.02.47:048][349]LogModuleManager: Shutting down and abandoning module Paper2D (76)
[2017.05.01-02.02.47:048][349]LogModuleManager: Shutting down and abandoning module WindowsMoviePlayer (75)
[2017.05.01-02.02.47:048][349]LogModuleManager: Shutting down and abandoning module Media (74)
[2017.05.01-02.02.47:048][349]LogModuleManager: Shutting down and abandoning module WmfMedia (73)
[2017.05.01-02.02.47:048][349]LogModuleManager: Shutting down and abandoning module MediaAssets (72)
[2017.05.01-02.02.47:048][349]LogModuleManager: Shutting down and abandoning module GameLiveStreaming (71)
[2017.05.01-02.02.47:048][349]LogModuleManager: Shutting down and abandoning module GameplayTagsEditor (70)
[2017.05.01-02.02.47:048][349]LogModuleManager: Shutting down and abandoning module OnlineBlueprintSupport (69)
[2017.05.01-02.02.47:048][349]LogModuleManager: Shutting down and abandoning module VREditor (68)
[2017.05.01-02.02.47:048][349]LogModuleManager: Shutting down and abandoning module GameplayTasksEditor (67)
[2017.05.01-02.02.47:048][349]LogModuleManager: Shutting down and abandoning module PropertyEditor (66)
[2017.05.01-02.02.47:048][349]LogModuleManager: Shutting down and abandoning module BehaviorTreeEditor (65)
[2017.05.01-02.02.47:048][349]LogModuleManager: Shutting down and abandoning module FunctionalTesting (64)
[2017.05.01-02.02.47:048][349]LogModuleManager: Shutting down and abandoning module CollisionAnalyzer (63)
[2017.05.01-02.02.47:048][349]LogModuleManager: Shutting down and abandoning module Sequencer (62)
[2017.05.01-02.02.47:048][349]LogModuleManager: Shutting down and abandoning module WorkspaceMenuStructure (61)
[2017.05.01-02.02.47:048][349]LogModuleManager: Shutting down and abandoning module MessageLog (60)
[2017.05.01-02.02.47:048][349]LogModuleManager: Shutting down and abandoning module AssetTools (59)
[2017.05.01-02.02.47:048][349]LogModuleManager: Shutting down and abandoning module UMGEditor (58)
[2017.05.01-02.02.47:048][349]LogModuleManager: Shutting down and abandoning module UMG (57)
[2017.05.01-02.02.47:048][349]LogModuleManager: Shutting down and abandoning module SlateReflector (56)
[2017.05.01-02.02.47:048][349]LogModuleManager: Shutting down and abandoning module Slate (55)
[2017.05.01-02.02.47:048][349]LogModuleManager: Shutting down and abandoning module EditorStyle (54)
[2017.05.01-02.02.47:049][349]LogModuleManager: Shutting down and abandoning module Messaging (53)
[2017.05.01-02.02.47:049][349]LogModuleManager: Shutting down and abandoning module SourceCodeAccess (52)
[2017.05.01-02.02.47:049][349]LogModuleManager: Shutting down and abandoning module HeadMountedDisplay (51)
[2017.05.01-02.02.47:049][349]LogModuleManager: Shutting down and abandoning module XAudio2 (50)
[2017.05.01-02.02.47:049][349]LogModuleManager: Shutting down and abandoning module Networking (48)
[2017.05.01-02.02.47:049][349]LogModuleManager: Shutting down and abandoning module Core (47)
[2017.05.01-02.02.47:049][349]LogModuleManager: Shutting down and abandoning module KismetCompiler (46)
[2017.05.01-02.02.47:049][349]LogModuleManager: Shutting down and abandoning module PhysXFormats (45)
[2017.05.01-02.02.47:049][349]LogModuleManager: Shutting down and abandoning module MeshUtilities (44)
[2017.05.01-02.02.47:049][349]LogModuleManager: Shutting down and abandoning module AssetRegistry (43)
[2017.05.01-02.02.47:050][349]LogModuleManager: Shutting down and abandoning module DerivedDataCache (42)
[2017.05.01-02.02.47:060][349]LogDerivedDataCache: Shutdown
[2017.05.01-02.02.47:060][349]LogModuleManager: Shutting down and abandoning module VulkanShaderFormat (41)
[2017.05.01-02.02.47:060][349]LogModuleManager: Shutting down and abandoning module ShaderFormatOpenGL (40)
[2017.05.01-02.02.47:060][349]LogModuleManager: Shutting down and abandoning module ShaderFormatD3D (39)
[2017.05.01-02.02.47:060][349]LogModuleManager: Shutting down and abandoning module MetalShaderFormat (38)
[2017.05.01-02.02.47:060][349]LogModuleManager: Shutting down and abandoning module TextureFormatUncompressed (37)
[2017.05.01-02.02.47:060][349]LogModuleManager: Shutting down and abandoning module TextureFormatPVR (36)
[2017.05.01-02.02.47:060][349]LogModuleManager: Shutting down and abandoning module TextureFormatIntelISPCTexComp (35)
[2017.05.01-02.02.47:061][349]LogModuleManager: Shutting down and abandoning module TextureFormatDXT (34)
[2017.05.01-02.02.47:061][349]LogModuleManager: Shutting down and abandoning module ImageWrapper (33)
[2017.05.01-02.02.47:061][349]LogModuleManager: Shutting down and abandoning module TextureFormatASTC (32)
[2017.05.01-02.02.47:061][349]LogModuleManager: Shutting down and abandoning module TextureFormatAndroid (31)
[2017.05.01-02.02.47:061][349]LogModuleManager: Shutting down and abandoning module AudioFormatOpus (30)
[2017.05.01-02.02.47:061][349]LogModuleManager: Shutting down and abandoning module AudioFormatOgg (29)
[2017.05.01-02.02.47:061][349]LogModuleManager: Shutting down and abandoning module AudioFormatADPCM (28)
[2017.05.01-02.02.47:061][349]LogModuleManager: Shutting down and abandoning module WindowsTargetPlatform (27)
[2017.05.01-02.02.47:061][349]LogModuleManager: Shutting down and abandoning module WindowsServerTargetPlatform (26)
[2017.05.01-02.02.47:061][349]LogModuleManager: Shutting down and abandoning module WindowsNoEditorTargetPlatform (25)
[2017.05.01-02.02.47:061][349]LogModuleManager: Shutting down and abandoning module WindowsClientTargetPlatform (24)
[2017.05.01-02.02.47:061][349]LogModuleManager: Shutting down and abandoning module TargetPlatform (23)
[2017.05.01-02.02.47:061][349]LogModuleManager: Shutting down and abandoning module InputCore (22)
[2017.05.01-02.02.47:061][349]LogModuleManager: Shutting down and abandoning module Settings (21)
[2017.05.01-02.02.47:061][349]LogModuleManager: Shutting down and abandoning module OnlineSubsystem (19)
[2017.05.01-02.02.47:061][349]LogModuleManager: Shutting down and abandoning module HTTP (18)
[2017.05.01-02.02.47:061][349]LogModuleManager: Shutting down and abandoning module XMPP (17)
[2017.05.01-02.02.47:061][349]LogModuleManager: Shutting down and abandoning module OculusRift (16)
[2017.05.01-02.02.47:061][349]LogModuleManager: Shutting down and abandoning module ExampleDeviceProfileSelector (15)
[2017.05.01-02.02.47:061][349]LogModuleManager: Shutting down and abandoning module TextureCompressor (14)
[2017.05.01-02.02.47:061][349]LogModuleManager: Shutting down and abandoning module ShaderCore (13)
[2017.05.01-02.02.47:061][349]LogModuleManager: Shutting down and abandoning module Landscape (12)
[2017.05.01-02.02.47:061][349]LogModuleManager: Shutting down and abandoning module SlateRHIRenderer (11)
[2017.05.01-02.02.47:061][349]LogModuleManager: Shutting down and abandoning module OpenGLDrv (10)
[2017.05.01-02.02.47:061][349]LogModuleManager: Shutting down and abandoning module D3D11RHI (9)
[2017.05.01-02.02.47:061][349]LogModuleManager: Shutting down and abandoning module AnimGraphRuntime (8)
[2017.05.01-02.02.47:061][349]LogModuleManager: Shutting down and abandoning module Renderer (7)
[2017.05.01-02.02.47:061][349]LogModuleManager: Shutting down and abandoning module Engine (6)
[2017.05.01-02.02.47:061][349]LogModuleManager: Shutting down and abandoning module CoreUObject (5)
[2017.05.01-02.02.47:061][349]LogModuleManager: Shutting down and abandoning module NetworkFile (4)
[2017.05.01-02.02.47:061][349]LogModuleManager: Shutting down and abandoning module StreamingFile (3)
[2017.05.01-02.02.47:061][349]LogModuleManager: Shutting down and abandoning module SandboxFile (2)
[2017.05.01-02.02.47:061][349]LogModuleManager: Shutting down and abandoning module PakFile (1)
[2017.05.01-02.02.47:063][349]LogExit: Exiting.
[2017.05.01-02.02.47:064][349]Log file closed, 04/30/17 22:02:47
