Log file open, 03/12/17 16:24:23
LogInit:Display: Running engine for game: SoulStriker
LogPlatformFile: Not using cached read wrapper
LogInit:Display: RandInit(-1317076083) SRandInit(-1317076079).
LogTaskGraph: Started task graph with 4 named threads and 7 total threads with 1 sets of task threads.
LogStats: Stats thread started at 0.431786
LogInit: Version: 4.12.5-3039270+++UE4+Release-4.12
LogInit: API Version: 2992821
LogInit: Net Version: 3039270
LogDevObjectVersion: Number of dev versions registered: 13
LogDevObjectVersion:   Dev-Blueprints (B0D832E4-1F89-4F0D-ACCF-7EB736FD4AA2): 3
LogDevObjectVersion:   Dev-Build (E1C64328-A22C-4D53-A36C-8E866417BD8C): 0
LogDevObjectVersion:   Dev-Core (375EC13C-06E4-48FB-B500-84F0262A717E): 1
LogDevObjectVersion:   Dev-Editor (E4B068ED-F494-42E9-A231-DA0B2E46BB41): 2
LogDevObjectVersion:   Dev-Framework (CFFC743F-43B0-4480-9391-14DF171D2073): 6
LogDevObjectVersion:   Dev-Mobile (B02B49B5-BB20-44E9-A304-32B752E40360): 0
LogDevObjectVersion:   Dev-Networking (A4E4105C-59A1-49B5-A7C5-40C4547EDFEE): 0
LogDevObjectVersion:   Dev-Online (39C831C9-5AE6-47DC-9A44-9C173E1C8E7C): 0
LogDevObjectVersion:   Dev-Physics (78F01B33-EBEA-4F98-B9B4-84EACCB95AA2): 0
LogDevObjectVersion:   Dev-Platform (6631380F-2D4D-43E0-8009-CF276956A95A): 0
LogDevObjectVersion:   Dev-Rendering (12F88B9F-8875-4AFC-A67C-D90C383ABD29): 2
LogDevObjectVersion:   Dev-Sequencer (7B5AE74C-D270-4C10-A958-57980B212A5A): 0
LogDevObjectVersion:   Dev-VR (D7296918-1DD6-4BDD-9DE2-64A83CC13884): 0
LogInit: Compiled (64-bit): Jul  6 2016 09:09:46
LogInit: Compiled with Visual C++: 19.00.23026.00
LogInit: Build Configuration: Development
LogInit: Branch Name: ++UE4+Release-4.12
LogInit: Command line:  
LogInit: Base directory: C:/Program Files (x86)/Epic Games/4.12/Engine/Binaries/Win64/
LogInit: Installed Engine Build: 1
LogInit: Using libcurl 7.41.0
LogInit:  - built for x86_64-pc-win32
LogInit:  - supports SSL with WinSSL
LogInit:  - other features:
LogInit:      CURL_VERSION_SSL
LogInit:      CURL_VERSION_IPV6
LogInit:      CURL_VERSION_ASYNCHDNS
LogInit:      CURL_VERSION_LARGEFILE
LogInit:      CURL_VERSION_IDN
LogInit:  CurlRequestOptions (configurable via config and command line):
LogInit:  - bVerifyPeer = true  - Libcurl will verify peer certificate
LogInit:  - bUseHttpProxy = false  - Libcurl will NOT use HTTP proxy
LogInit:  - bDontReuseConnections = false  - Libcurl will reuse connections
LogInit:  - CertBundlePath = nullptr  - Libcurl will use whatever was configured at build time.
LogInit: Presizing for max 8388607 objects, including 0 objects not considered by GC, pre-allocating 0 bytes for permanent pool.
LogInit: Object subsystem initialized
[2017.03.12-20.24.24:806][  0]LogInit: Selected Device Profile: [Windows]
[2017.03.12-20.24.24:806][  0]LogInit: Applying CVar settings loaded from the selected device profile: [Windows]
[2017.03.12-20.24.24:969][  0]LogInit: Computer: BMO
[2017.03.12-20.24.24:969][  0]LogInit: User: Steve
[2017.03.12-20.24.24:969][  0]LogInit: CPU Page size=65536, Cores=4
[2017.03.12-20.24.24:969][  0]LogInit: High frequency timer resolution =3.410074 MHz
[2017.03.12-20.24.24:969][  0]LogMemory: Memory total: Physical=8.0GB (8GB approx)
[2017.03.12-20.24.24:970][  0]LogMemory: Platform Memory Stats for Windows
[2017.03.12-20.24.24:970][  0]LogMemory: Process Physical Memory: 191.61 MB used, 191.61 MB peak
[2017.03.12-20.24.24:970][  0]LogMemory: Process Virtual Memory: 195.26 MB used, 195.26 MB peak
[2017.03.12-20.24.24:970][  0]LogMemory: Physical Memory: 4726.93 MB used, 8145.96 MB total
[2017.03.12-20.24.24:970][  0]LogMemory: Virtual Memory: 553.59 MB used, 134217728.00 MB total
[2017.03.12-20.24.25:785][  0]LogTextLocalizationManager: No specific translations for ('en-US') exist, so ('en') translations will be used.
[2017.03.12-20.24.26:240][  0]LogD3D11RHI: D3D11 adapters:
[2017.03.12-20.24.26:818][  0]LogD3D11RHI:    0. 'NVIDIA GeForce GTX 660' (Feature Level 11_0)
[2017.03.12-20.24.26:818][  0]LogD3D11RHI:       2016/0/4072 MB DedicatedVideo/DedicatedSystem/SharedSystem, Outputs:1, VendorId:0x10de
[2017.03.12-20.24.26:819][  0]LogD3D11RHI:    1. 'Microsoft Basic Render Driver' (Feature Level 11_0)
[2017.03.12-20.24.26:819][  0]LogD3D11RHI:       0/0/4072 MB DedicatedVideo/DedicatedSystem/SharedSystem, Outputs:0, VendorId:0x1414
[2017.03.12-20.24.26:819][  0]LogD3D11RHI: Chosen D3D11 Adapter: 0
[2017.03.12-20.24.26:861][  0]LogD3D11RHI: Creating new Direct3DDevice
[2017.03.12-20.24.26:861][  0]LogD3D11RHI:     GPU DeviceId: 0x11c0 (for the marketing name, search the web for "GPU Device Id")
[2017.03.12-20.24.26:861][  0]LogWindows: EnumDisplayDevices:
[2017.03.12-20.24.26:861][  0]LogWindows:    0. 'NVIDIA GeForce GTX 660' (P:1 D:1)
[2017.03.12-20.24.26:861][  0]LogWindows:    1. 'NVIDIA GeForce GTX 660' (P:0 D:0)
[2017.03.12-20.24.26:862][  0]LogWindows:    2. 'NVIDIA GeForce GTX 660' (P:0 D:0)
[2017.03.12-20.24.26:862][  0]LogWindows:    3. 'NVIDIA GeForce GTX 660' (P:0 D:0)
[2017.03.12-20.24.26:862][  0]LogWindows: DebugString: FoundDriverCount:4 
[2017.03.12-20.24.26:862][  0]LogD3D11RHI:     Adapter Name: NVIDIA GeForce GTX 660
[2017.03.12-20.24.26:862][  0]LogD3D11RHI:   Driver Version: 378.66 (internal:21.21.13.7866, unified:378.66)
[2017.03.12-20.24.26:862][  0]LogD3D11RHI:      Driver Date: 2-9-2017
[2017.03.12-20.24.26:862][  0]LogRHI: Texture pool is 1361 MB (70% of 1945 MB)
[2017.03.12-20.24.27:320][  0]LogD3D11RHI: Async texture creation enabled
[2017.03.12-20.24.28:170][  0]LogD3D11RHI: GPU Timing Frequency: 1000.000000 (Debug: 2 2)
[2017.03.12-20.24.28:170][  0]LogShaderCompilers: Guid format shader working directory is -5 characters bigger than the processId version (../../../../../../Users/Steve/Desktop/Soul Striker/Intermediate/Shaders/WorkingDirectory/39612/).
[2017.03.12-20.24.28:170][  0]LogShaderCompilers: Cleaned the shader compiler working directory 'C:/Users/Steve/AppData/Local/Temp/UnrealShaderWorkingDir/349F4DFD48962119EFC692ACE481D612/'.
[2017.03.12-20.24.28:170][  0]LogShaderCompilers:Display: Using Local Shader Compiler.
[2017.03.12-20.24.43:617][  0]LogTemp:Display: Loaded TP AllDesktopTargetPlatform
[2017.03.12-20.24.43:645][  0]LogTemp:Display: Loaded TP WindowsClientTargetPlatform
[2017.03.12-20.24.43:659][  0]LogTemp:Display: Loaded TP WindowsNoEditorTargetPlatform
[2017.03.12-20.24.43:673][  0]LogTemp:Display: Loaded TP WindowsServerTargetPlatform
[2017.03.12-20.24.43:688][  0]LogTemp:Display: Loaded TP WindowsTargetPlatform
[2017.03.12-20.24.43:754][  0]LogTemp:Display: Loaded TP AndroidTargetPlatform
[2017.03.12-20.24.43:790][  0]LogTemp:Display: Loaded TP Android_ASTCTargetPlatform
[2017.03.12-20.24.43:831][  0]LogTemp:Display: Loaded TP Android_ATCTargetPlatform
[2017.03.12-20.24.43:884][  0]LogTemp:Display: Loaded TP Android_DXTTargetPlatform
[2017.03.12-20.24.43:903][  0]LogTemp:Display: Loaded TP Android_ETC1TargetPlatform
[2017.03.12-20.24.43:914][  0]LogTemp:Display: Loaded TP Android_ETC2TargetPlatform
[2017.03.12-20.24.43:949][  0]LogTemp:Display: Loaded TP Android_MultiTargetPlatform
[2017.03.12-20.24.43:949][  0]LogTemp:Display: Loaded TP Android_PVRTCTargetPlatform
[2017.03.12-20.24.43:991][  0]LogTemp:Display: Loaded TP HTML5TargetPlatform
[2017.03.12-20.24.44:265][  0]LogTemp:Display: Loaded TP IOSTargetPlatform
[2017.03.12-20.24.44:283][  0]LogTemp:Display: Loaded TP TVOSTargetPlatform
[2017.03.12-20.24.44:329][  0]LogTemp:Display: Loaded TP LinuxNoEditorTargetPlatform
[2017.03.12-20.24.44:358][  0]LogTemp:Display: Loaded TP LinuxServerTargetPlatform
[2017.03.12-20.24.44:444][  0]LogTemp:Display: Loaded TP LinuxTargetPlatform
[2017.03.12-20.24.44:444][  0]LogTargetPlatformManager:Display: Building Assets For Windows
[2017.03.12-20.24.46:221][  0]LogDerivedDataCache:Display: Max Cache Size: 512 MB
[2017.03.12-20.24.46:828][  0]LogDerivedDataCache: Loaded boot cache 0.58s 48MB C:/Users/Steve/AppData/Local/UnrealEngine/4.12/DerivedDataCache/Boot.ddc.
[2017.03.12-20.24.46:830][  0]LogDerivedDataCache:Display: Loaded Boot cache: C:/Users/Steve/AppData/Local/UnrealEngine/4.12/DerivedDataCache/Boot.ddc
[2017.03.12-20.24.46:830][  0]LogDerivedDataCache: FDerivedDataBackendGraph:  Pak pak cache file ../../../../../../Users/Steve/Desktop/Soul Striker/DerivedDataCache/DDC.ddp not found, will not use a pak cache.
[2017.03.12-20.24.46:830][  0]LogDerivedDataCache: Unable to find inner node Pak for hierarchical cache Hierarchy.
[2017.03.12-20.24.46:830][  0]LogDerivedDataCache: FDerivedDataBackendGraph:  CompressedPak pak cache file ../../../../../../Users/Steve/Desktop/Soul Striker/DerivedDataCache/Compressed.ddp not found, will not use a pak cache.
[2017.03.12-20.24.46:830][  0]LogDerivedDataCache: Unable to find inner node CompressedPak for hierarchical cache Hierarchy.
[2017.03.12-20.24.46:962][  0]LogDerivedDataCache:Display: Pak cache opened for reading ../../../Engine/DerivedDataCache/Compressed.ddp.
[2017.03.12-20.24.47:043][  0]LogDerivedDataCache: Using Local data cache path C:/Users/Steve/AppData/Local/UnrealEngine/Common/DerivedDataCache: Writable
[2017.03.12-20.25.03:566][  0]LogInit: Selected Device Profile: [Windows]
[2017.03.12-20.25.03:806][  0]LogContentStreaming: Texture pool size is 0.00 MB
[2017.03.12-20.25.08:819][  0]LogMeshUtilities: No automatic mesh reduction module available
[2017.03.12-20.25.08:819][  0]LogMeshUtilities: No automatic mesh merging module available
[2017.03.12-20.25.08:819][  0]LogMeshUtilities: No distributed automatic mesh merging module available
[2017.03.12-20.25.16:689][  0]LogAssetRegistry: FAssetRegistry took 0.0367 seconds to start up
[2017.03.12-20.25.17:288][  0]LogPackageLocalizationCache: Processed 3 localized package path(s) for 2 prioritized culture(s) in 0.429190 seconds
[2017.03.12-20.25.17:425][  0]LogUObjectArray: 28739 objects as part of root set at end of initial load.
[2017.03.12-20.25.17:425][  0]LogUObjectAllocator: 5855632 out of 0 bytes used by permanent object pool.
[2017.03.12-20.25.17:425][  0]LogUObjectArray: CloseDisregardForGC: 0/0 objects in disregard for GC pool
[2017.03.12-20.25.17:495][  0]LogInit: WinSock: version 1.1 (2.2), MaxSocks=32767, MaxUdp=65467
[2017.03.12-20.25.26:303][  0]LogSlate: SlateFontCache - WITH_FREETYPE: 1, WITH_HARFBUZZ: 1
[2017.03.12-20.25.26:311][  0]LogSlate: SlateFontCache - WITH_FREETYPE: 1, WITH_HARFBUZZ: 1
[2017.03.12-20.25.59:101][  0]LogSubstanceCoreModule: Substance CPU Engine Loaded, Max Texture Size 2048
[2017.03.12-20.25.59:206][  0]LogUdpMessaging: Initializing bridge on interface 0.0.0.0:0 to multicast group 230.0.0.1:6666.
[2017.03.12-20.26.02:441][  0]SourceControl: Info Source control is disabled
[2017.03.12-20.26.02:512][  0]SourceControl: Info Source control is disabled
[2017.03.12-20.26.02:570][  0]SourceControl: Info Source control is disabled
[2017.03.12-20.26.02:603][  0]SourceControl: Info Source control is disabled
[2017.03.12-20.26.04:918][  0]LogEngine: Initializing Engine...
[2017.03.12-20.26.05:074][  0]LogHMD: SteamVR failed to initialize.  Err: 110
[2017.03.12-20.26.05:075][  0]LogHMD: SteamVR failed to initialize.  Err: 110
[2017.03.12-20.26.07:214][  0]LogAIModule: Creating AISystem for world NewWorld
[2017.03.12-20.26.07:523][  0]LogInit: XAudio2 using 'Speakers (Realtek High Definition Audio)' : 2 channels at 48 kHz using 32 bits per sample (channel mask 0x3)
[2017.03.12-20.26.07:813][  0]LogInit: FAudioDevice initialized.
[2017.03.12-20.26.07:871][  0]LogDerivedDataCache: Saved boot cache 0.06s 48MB C:/Users/Steve/AppData/Local/UnrealEngine/4.12/DerivedDataCache/Boot.ddc.
[2017.03.12-20.26.07:882][  0]LogInit: Texture streaming: Enabled
[2017.03.12-20.26.09:372][  0]LogWindowsTextInputMethodSystem:Display: IME system now deactivated.
[2017.03.12-20.26.10:025][  0]LogInit: Transaction tracking system initialized
[2017.03.12-20.26.11:429][  0]BlueprintLog: New page: Editor Load
[2017.03.12-20.26.15:247][  0]LocalizationService: Info Localization service is disabled
[2017.03.12-20.26.17:081][  0]LogConsoleResponse:Display: 
[2017.03.12-20.26.25:879][  0]LogCook:Display: Max memory allowance for cook 8192mb
[2017.03.12-20.26.25:879][  0]LogCook:Display: Mobile HDR setting 1
[2017.03.12-20.26.27:263][  0]LogFileCache: Scanning file cache for directory 'C:/Users/Steve/Desktop/Soul Striker/Content/' took 0.45s
[2017.03.12-20.26.31:760][  0]SourceControl: Info Source control is disabled
[2017.03.12-20.26.31:872][  0]Cmd: MAP LOAD FILE="../../../../../../Users/Steve/Desktop/Soul Striker/Content/ThirdPersonBP/Maps/ThirdPersonExampleMap.umap" TEMPLATE=0 SHOWPROGRESS=1 FEATURELEVEL=3
[2017.03.12-20.26.32:022][  0]LightingResults: New page: Lighting Build
[2017.03.12-20.26.32:341][  0]MapCheck: New page: Map Check
[2017.03.12-20.26.32:341][  0]LightingResults: New page: Lighting Build
[2017.03.12-20.26.46:459][  0]LogBlueprint:Warning: Compiler Warning Node  Unknown  is not referencing a valid level actor
[2017.03.12-20.26.46:461][  0]LogBlueprint:Warning: Compiler Warning [0151.78] Compile of PersistentLevel.ThirdPersonExampleMap successful, but with 1 Warning(s) [in 7 ms] (/Game/ThirdPersonBP/Maps/ThirdPersonExampleMap.ThirdPersonExampleMap:PersistentLevel.ThirdPersonExampleMap)
[2017.03.12-20.26.46:462][  0]LogBlueprint:Warning: Compiler Warning [0151.78] Compile of PersistentLevel.ThirdPersonExampleMap successful, but with 2 Warning(s) [in 0 ms] (/Game/ThirdPersonBP/Maps/ThirdPersonExampleMap.ThirdPersonExampleMap:PersistentLevel.ThirdPersonExampleMap)
[2017.03.12-20.26.46:462][  0]LogBlueprint:Warning: Compiler Warning [0151.78] Compile of PersistentLevel.ThirdPersonExampleMap successful, but with 3 Warning(s) [in 0 ms] (/Game/ThirdPersonBP/Maps/ThirdPersonExampleMap.ThirdPersonExampleMap:PersistentLevel.ThirdPersonExampleMap)
[2017.03.12-20.26.46:469][  0]LogBlueprint:Warning: Compiler Warning Node  Unknown  is not referencing a valid level actor
[2017.03.12-20.26.46:472][  0]LogBlueprint:Warning: Compiler Warning [0151.79] Compile of PersistentLevel.ThirdPersonExampleMap successful, but with 1 Warning(s) [in 6 ms] (/Game/ThirdPersonBP/Maps/ThirdPersonExampleMap.ThirdPersonExampleMap:PersistentLevel.ThirdPersonExampleMap)
[2017.03.12-20.26.46:472][  0]LogBlueprint:Warning: Compiler Warning [0151.79] Compile of PersistentLevel.ThirdPersonExampleMap successful, but with 2 Warning(s) [in 0 ms] (/Game/ThirdPersonBP/Maps/ThirdPersonExampleMap.ThirdPersonExampleMap:PersistentLevel.ThirdPersonExampleMap)
[2017.03.12-20.26.46:472][  0]LogBlueprint:Warning: Compiler Warning [0151.79] Compile of PersistentLevel.ThirdPersonExampleMap successful, but with 3 Warning(s) [in 0 ms] (/Game/ThirdPersonBP/Maps/ThirdPersonExampleMap.ThirdPersonExampleMap:PersistentLevel.ThirdPersonExampleMap)
[2017.03.12-20.26.56:567][  0]LogAIModule: Creating AISystem for world ThirdPersonExampleMap
[2017.03.12-20.26.57:981][  0]LogEditorServer: Finished looking for orphan Actors (0.000 secs)
[2017.03.12-20.26.58:056][  0]Cmd: MAP CHECKDEP NOCLEARLOG
[2017.03.12-20.26.58:113][  0]MapCheck: Info Map check complete: 0 Error(s), 0 Warning(s), took 57.571ms to complete.
[2017.03.12-20.26.58:113][  0]LogFileHelpers: Loading map 'ThirdPersonExampleMap' took 26.298
[2017.03.12-20.27.00:145][  0]LogCollectionManager: Loaded 0 collections in 0.032806 seconds
[2017.03.12-20.27.00:278][  0]LogFileCache: Scanning file cache for directory 'C:/Users/Steve/Desktop/Soul Striker/Saved/Collections/' took 0.01s
[2017.03.12-20.27.00:278][  0]LogFileCache: Scanning file cache for directory 'C:/Users/Steve/Desktop/Soul Striker/Content/Developers/Steve/Collections/' took 0.01s
[2017.03.12-20.27.00:278][  0]LogFileCache: Scanning file cache for directory 'C:/Users/Steve/Desktop/Soul Striker/Content/Collections/' took 0.01s
[2017.03.12-20.27.00:278][  0]LogCollectionManager: Rebuilt the GUID cache for 0 collections in 0.000002 seconds
[2017.03.12-20.27.00:300][  0]LogContentBrowser: Native class hierarchy populated in 0.0177 seconds. Added 2062 classes and 375 folders.
[2017.03.12-20.27.00:360][  0]LogStats: UGameplayTagsManager::ConstructGameplayTagTree: Construct from data asset -  0.000 s
[2017.03.12-20.27.00:361][  0]LogStats: UGameplayTagsManager::ConstructGameplayTagTree: GameplayTagTreeChangedEvent.Broadcast -  0.001 s
[2017.03.12-20.27.00:362][  0]LogContentBrowser: Native class hierarchy updated for 'GameplayTags' in 0.0004 seconds. Added 12 classes and 0 folders.
[2017.03.12-20.27.00:394][  0]LogContentBrowser: Native class hierarchy updated for 'WidgetCarousel' in 0.0003 seconds. Added 0 classes and 0 folders.
[2017.03.12-20.27.02:876][  0]LogContentBrowser: Native class hierarchy updated for 'AddContentDialog' in 0.0004 seconds. Added 0 classes and 0 folders.
[2017.03.12-20.27.02:943][  0]LogContentBrowser: Native class hierarchy updated for 'SceneOutliner' in 0.0004 seconds. Added 1 classes and 2 folders.
[2017.03.12-20.27.03:578][  0]LogCrashTracker: Crashtracker disabled due to settings.
[2017.03.12-20.27.03:779][  0]LogUObjectGlobals:Warning: Failed to find object 'Class None.'
[2017.03.12-20.27.03:889][  0]LogContentBrowser: Native class hierarchy updated for 'HierarchicalLODOutliner' in 0.0014 seconds. Added 1 classes and 2 folders.
[2017.03.12-20.27.03:890][  0]LogLoad: Full Startup: 169.21 seconds (BP compile: 2.01 seconds)
[2017.03.12-20.27.03:890][  0]LogExternalProfiler: Found external profiler: VSPerf
[2017.03.12-20.27.03:890][  0]LogExternalProfiler: Using external profiler: VSPerf
[2017.03.12-20.27.03:949][  0]LogOcInput: OculusInput pre-init called
[2017.03.12-20.27.04:440][  0]LogContentStreaming: Texture pool size now 1000 MB
[2017.03.12-20.27.06:166][  0]LogRenderer: Reallocating scene render targets to support 1292x604 (Frame:2).
[2017.03.12-20.27.06:835][  1]LogFileCache: Retrieving MD5 hashes for directory 'C:/Users/Steve/Desktop/Soul Striker/Content/' took 2.80s
[2017.03.12-20.27.07:324][  3]LogAssetRegistry: Asset discovery search completed in 110.6588 seconds
[2017.03.12-20.27.07:356][  3]LogCollectionManager: Rebuilt the object cache for 0 collections in 0.000001 seconds (found 0 objects)
[2017.03.12-20.27.07:356][  3]LogCollectionManager: Fixed up redirectors for 0 collections in 0.031759 seconds (updated 0 objects)
[2017.03.12-20.28.11:554][568]LogBlueprintUserMessages: Early PlayInEditor Detection: Level '/Game/ThirdPersonBP/Maps/ThirdPersonExampleMap.ThirdPersonExampleMap:PersistentLevel' has LevelScriptBlueprint '/Game/ThirdPersonBP/Maps/ThirdPersonExampleMap.ThirdPersonExampleMap:PersistentLevel.ThirdPersonExampleMap' with GeneratedClass '/Game/ThirdPersonBP/Maps/ThirdPersonExampleMap.ThirdPersonExampleMap_C' with ClassGeneratedBy '/Game/ThirdPersonBP/Maps/ThirdPersonExampleMap.ThirdPersonExampleMap:PersistentLevel.ThirdPersonExampleMap'
[2017.03.12-20.28.11:560][568]LogPlayLevel: PlayLevel: No blueprints needed recompiling
[2017.03.12-20.28.11:861][568]PIE: New page: PIE session: ThirdPersonExampleMap (Mar 12, 2017, 11:28:11 AM)
[2017.03.12-20.28.11:861][568]LogPlayLevel: Creating play world package: /Game/ThirdPersonBP/Maps/UEDPIE_0_ThirdPersonExampleMap
[2017.03.12-20.28.11:951][568]LogPlayLevel: PIE: StaticDuplicateObject took: (0.089396s)
[2017.03.12-20.28.11:952][568]LogAIModule: Creating AISystem for world ThirdPersonExampleMap
[2017.03.12-20.28.11:952][568]LogPlayLevel: PIE: World Init took: (0.001316s)
[2017.03.12-20.28.11:952][568]LogPlayLevel: PIE: Created PIE world by copying editor world from /Game/ThirdPersonBP/Maps/ThirdPersonExampleMap.ThirdPersonExampleMap to /Game/ThirdPersonBP/Maps/UEDPIE_0_ThirdPersonExampleMap.ThirdPersonExampleMap (0.091243s)
[2017.03.12-20.28.12:385][568]LogInit: XAudio2 using 'Speakers (Realtek High Definition Audio)' : 2 channels at 48 kHz using 32 bits per sample (channel mask 0x3)
[2017.03.12-20.28.12:393][568]LogInit: FAudioDevice initialized.
[2017.03.12-20.28.12:631][568]LogWorld: Game class is 'SoulStrikerCampaign_C'
[2017.03.12-20.28.12:765][568]LogWorld: Bringing World /Game/ThirdPersonBP/Maps/UEDPIE_0_ThirdPersonExampleMap.ThirdPersonExampleMap up for play (max tick rate 0) at 2017.03.12-16.28.12
[2017.03.12-20.28.13:001][568]LogWorld: Bringing up level for play took: 0.285465
[2017.03.12-20.28.13:056][568]LogContentBrowser: Native class hierarchy updated for 'MovieSceneCapture' in 0.0017 seconds. Added 11 classes and 0 folders.
[2017.03.12-20.28.13:124][568]LogScript:Warning: Accessed None trying to read property None_ExecuteUbergraph_ThirdPersonExampleMap_RefProperty
	ThirdPersonExampleMap_C /Game/ThirdPersonBP/Maps/UEDPIE_0_ThirdPersonExampleMap.ThirdPersonExampleMap:PersistentLevel.ThirdPersonExampleMap_C_0
	Function /Game/ThirdPersonBP/Maps/ThirdPersonExampleMap.ThirdPersonExampleMap_C:ExecuteUbergraph_ThirdPersonExampleMap:0045
[2017.03.12-20.28.13:124][568]PIE:Error: Error Blueprint Runtime Error: Accessed None trying to read property None_ExecuteUbergraph_ThirdPersonExampleMap_RefProperty from function: 'ExecuteUbergraph_ThirdPersonExampleMap' from node: AttachToActor in graph: EventGraph in object: ThirdPersonExampleMap with description: Accessed None trying to read property None_ExecuteUbergraph_ThirdPersonExampleMap_RefProperty
[2017.03.12-20.28.13:201][568]PIE: Info Play in editor start time for /Game/ThirdPersonBP/Maps/UEDPIE_0_ThirdPersonExampleMap 1.615
[2017.03.12-20.28.13:201][568]LogBlueprintUserMessages: Late PlayInEditor Detection: Level '/Game/ThirdPersonBP/Maps/ThirdPersonExampleMap.ThirdPersonExampleMap:PersistentLevel' has LevelScriptBlueprint '/Game/ThirdPersonBP/Maps/ThirdPersonExampleMap.ThirdPersonExampleMap:PersistentLevel.ThirdPersonExampleMap' with GeneratedClass '/Game/ThirdPersonBP/Maps/ThirdPersonExampleMap.ThirdPersonExampleMap_C' with ClassGeneratedBy '/Game/ThirdPersonBP/Maps/ThirdPersonExampleMap.ThirdPersonExampleMap:PersistentLevel.ThirdPersonExampleMap'
[2017.03.12-20.28.13:329][568]LogRenderer: Reallocating scene render targets to support 1932x1116 (Frame:7568).
[2017.03.12-20.28.20:831][ 12]LogBlueprintUserMessages: Early EndPlayMap Detection: Level '/Game/ThirdPersonBP/Maps/ThirdPersonExampleMap.ThirdPersonExampleMap:PersistentLevel' has LevelScriptBlueprint '/Game/ThirdPersonBP/Maps/ThirdPersonExampleMap.ThirdPersonExampleMap:PersistentLevel.ThirdPersonExampleMap' with GeneratedClass '/Game/ThirdPersonBP/Maps/ThirdPersonExampleMap.ThirdPersonExampleMap_C' with ClassGeneratedBy '/Game/ThirdPersonBP/Maps/ThirdPersonExampleMap.ThirdPersonExampleMap:PersistentLevel.ThirdPersonExampleMap'
[2017.03.12-20.28.21:031][ 12]LogBlueprintUserMessages: Late EndPlayMap Detection: Level '/Game/ThirdPersonBP/Maps/ThirdPersonExampleMap.ThirdPersonExampleMap:PersistentLevel' has LevelScriptBlueprint '/Game/ThirdPersonBP/Maps/ThirdPersonExampleMap.ThirdPersonExampleMap:PersistentLevel.ThirdPersonExampleMap' with GeneratedClass '/Game/ThirdPersonBP/Maps/ThirdPersonExampleMap.ThirdPersonExampleMap_C' with ClassGeneratedBy '/Game/ThirdPersonBP/Maps/ThirdPersonExampleMap.ThirdPersonExampleMap:PersistentLevel.ThirdPersonExampleMap'
[2017.03.12-20.28.28:943][840]Cmd: MAP LOAD FILE="../../../../../../Users/Steve/Desktop/Soul Striker/Content/Maps/TestLevel.umap" TEMPLATE=0 SHOWPROGRESS=1 FEATURELEVEL=3
[2017.03.12-20.28.28:982][840]LightingResults: New page: Lighting Build
[2017.03.12-20.28.28:985][840]LoadErrors: New page: Loading map: TestLevel.umap
[2017.03.12-20.28.29:019][840]MapCheck: New page: Map Check
[2017.03.12-20.28.29:019][840]LightingResults: New page: Lighting Build
[2017.03.12-20.28.31:218][840]LogAIModule: Creating AISystem for world TestLevel
[2017.03.12-20.28.31:331][840]LogEditorServer: Finished looking for orphan Actors (0.000 secs)
[2017.03.12-20.28.31:401][840]Cmd: MAP CHECKDEP NOCLEARLOG
[2017.03.12-20.28.31:451][840]MapCheck: Info Map check complete: 0 Error(s), 0 Warning(s), took 49.203ms to complete.
[2017.03.12-20.28.31:451][840]LogFileHelpers: Loading map 'TestLevel' took 2.532
[2017.03.12-20.28.35:741][298]LogBlueprintUserMessages: Early PlayInEditor Detection: Level '/Game/Maps/TestLevel.TestLevel:PersistentLevel' has LevelScriptBlueprint '/Game/Maps/TestLevel.TestLevel:PersistentLevel.TestLevel' with GeneratedClass '/Game/Maps/TestLevel.TestLevel_C' with ClassGeneratedBy '/Game/Maps/TestLevel.TestLevel:PersistentLevel.TestLevel'
[2017.03.12-20.28.35:741][298]LogPlayLevel: PlayLevel: No blueprints needed recompiling
[2017.03.12-20.28.35:741][298]PIE: New page: PIE session: TestLevel (Mar 12, 2017, 11:28:35 AM)
[2017.03.12-20.28.35:742][298]LogPlayLevel: Creating play world package: /Game/Maps/UEDPIE_0_TestLevel
[2017.03.12-20.28.35:753][298]LogPlayLevel: PIE: StaticDuplicateObject took: (0.011214s)
[2017.03.12-20.28.35:753][298]LogAIModule: Creating AISystem for world TestLevel
[2017.03.12-20.28.35:753][298]LogPlayLevel: PIE: World Init took: (0.000618s)
[2017.03.12-20.28.35:754][298]LogPlayLevel: PIE: Created PIE world by copying editor world from /Game/Maps/TestLevel.TestLevel to /Game/Maps/UEDPIE_0_TestLevel.TestLevel (0.012101s)
[2017.03.12-20.28.35:775][298]LogInit: XAudio2 using 'Speakers (Realtek High Definition Audio)' : 2 channels at 48 kHz using 32 bits per sample (channel mask 0x3)
[2017.03.12-20.28.35:783][298]LogInit: FAudioDevice initialized.
[2017.03.12-20.28.35:821][298]LogWorld: Game class is 'SoulStrikerCampaign_C'
[2017.03.12-20.28.35:842][298]LogWorld: Bringing World /Game/Maps/UEDPIE_0_TestLevel.TestLevel up for play (max tick rate 0) at 2017.03.12-16.28.35
[2017.03.12-20.28.35:844][298]LogWorld: Bringing up level for play took: 0.020930
[2017.03.12-20.28.36:041][298]PIE: Info Play in editor start time for /Game/Maps/UEDPIE_0_TestLevel 0.455
[2017.03.12-20.28.36:041][298]LogBlueprintUserMessages: Late PlayInEditor Detection: Level '/Game/Maps/TestLevel.TestLevel:PersistentLevel' has LevelScriptBlueprint '/Game/Maps/TestLevel.TestLevel:PersistentLevel.TestLevel' with GeneratedClass '/Game/Maps/TestLevel.TestLevel_C' with ClassGeneratedBy '/Game/Maps/TestLevel.TestLevel:PersistentLevel.TestLevel'
[2017.03.12-20.28.42:682][777]LogScriptCore:Warning: Attempted to get an item from array CallFunc_GetOverlappingActors_OverlappingActors out of bounds [0/0]!

[2017.03.12-20.28.42:683][777]LogScriptCore:Warning: Attempted to get an item from array CallFunc_GetOverlappingActors_OverlappingActors2 out of bounds [0/0]!

[2017.03.12-20.28.45:293][969]LogScriptCore:Warning: Attempted to get an item from array CallFunc_GetOverlappingActors_OverlappingActors out of bounds [0/0]!

[2017.03.12-20.28.45:293][969]LogScriptCore:Warning: Attempted to get an item from array CallFunc_GetOverlappingActors_OverlappingActors2 out of bounds [0/0]!

[2017.03.12-20.28.46:074][ 26]LogScriptCore:Warning: Attempted to get an item from array CallFunc_GetOverlappingActors_OverlappingActors out of bounds [0/0]!

[2017.03.12-20.28.46:074][ 26]LogScriptCore:Warning: Attempted to get an item from array CallFunc_GetOverlappingActors_OverlappingActors2 out of bounds [0/0]!

[2017.03.12-20.28.47:051][ 96]LogBlueprintUserMessages: [KnightOfLight_C_0] started blocking
[2017.03.12-20.28.50:342][337]LogBlueprintUserMessages: [KnightOfLight_C_0] finished blocking
[2017.03.12-20.29.03:008][249]LogScriptCore:Warning: Attempted to get an item from array CallFunc_GetOverlappingActors_OverlappingActors out of bounds [0/0]!

[2017.03.12-20.29.03:008][249]LogScriptCore:Warning: Attempted to get an item from array CallFunc_GetOverlappingActors_OverlappingActors2 out of bounds [0/0]!

[2017.03.12-20.29.03:234][265]LogScriptCore:Warning: Attempted to get an item from array CallFunc_GetOverlappingActors_OverlappingActors out of bounds [0/0]!

[2017.03.12-20.29.03:234][265]LogScriptCore:Warning: Attempted to get an item from array CallFunc_GetOverlappingActors_OverlappingActors2 out of bounds [0/0]!

[2017.03.12-20.29.03:439][280]LogScriptCore:Warning: Attempted to get an item from array CallFunc_GetOverlappingActors_OverlappingActors out of bounds [0/0]!

[2017.03.12-20.29.03:440][280]LogScriptCore:Warning: Attempted to get an item from array CallFunc_GetOverlappingActors_OverlappingActors2 out of bounds [0/0]!

[2017.03.12-20.29.04:012][322]LogBlueprintUserMessages: [KnightOfLight_C_0] started blocking
[2017.03.12-20.29.04:448][354]LogBlueprintUserMessages: [KnightOfLight_C_0] finished blocking
[2017.03.12-20.29.05:523][431]LogScriptCore:Warning: Attempted to get an item from array CallFunc_GetOverlappingActors_OverlappingActors out of bounds [0/0]!

[2017.03.12-20.29.05:523][431]LogScriptCore:Warning: Attempted to get an item from array CallFunc_GetOverlappingActors_OverlappingActors2 out of bounds [0/0]!

[2017.03.12-20.29.06:312][489]LogScriptCore:Warning: Attempted to get an item from array CallFunc_GetOverlappingActors_OverlappingActors out of bounds [0/0]!

[2017.03.12-20.29.06:312][489]LogScriptCore:Warning: Attempted to get an item from array CallFunc_GetOverlappingActors_OverlappingActors2 out of bounds [0/0]!

[2017.03.12-20.29.06:559][507]LogScriptCore:Warning: Attempted to get an item from array CallFunc_GetOverlappingActors_OverlappingActors out of bounds [0/0]!

[2017.03.12-20.29.06:559][507]LogScriptCore:Warning: Attempted to get an item from array CallFunc_GetOverlappingActors_OverlappingActors2 out of bounds [0/0]!

[2017.03.12-20.29.07:299][561]LogScriptCore:Warning: Attempted to get an item from array CallFunc_GetOverlappingActors_OverlappingActors out of bounds [0/0]!

[2017.03.12-20.29.09:585][725]LogBlueprintUserMessages: [KnightOfLight_C_0] warping Animation!
[2017.03.12-20.29.10:376][782]LogBlueprintUserMessages: [spiritOrbOG_C_0] -304.365906
[2017.03.12-20.29.12:025][902]LogScriptCore:Warning: Attempted to get an item from array CallFunc_GetOverlappingActors_OverlappingActors out of bounds [0/0]!

[2017.03.12-20.29.12:756][955]LogBlueprintUserMessages: [spiritOrbOG_C_1] 1037.559326
[2017.03.12-20.29.13:956][ 43]LogBlueprintUserMessages: [KnightOfLight_C_0] warping Animation!
[2017.03.12-20.29.16:190][205]LogScriptCore:Warning: Attempted to get an item from array CallFunc_GetOverlappingActors_OverlappingActors out of bounds [0/0]!

[2017.03.12-20.29.18:221][354]LogBlueprintUserMessages: [KnightOfLight_C_0] warping Animation!
[2017.03.12-20.29.27:812][ 59]LogScriptCore:Warning: Attempted to get an item from array CallFunc_GetOverlappingActors_OverlappingActors out of bounds [0/0]!

[2017.03.12-20.29.39:614][910]LogScriptCore:Warning: Attempted to get an item from array CallFunc_GetOverlappingActors_OverlappingActors out of bounds [0/0]!

[2017.03.12-20.29.46:484][407]LogScript:Warning: Attempted to access spiritOrbOG_C_4 via property CallFunc_Array_Get_Item, but spiritOrbOG_C_4 is pending kill
	KnightOfLight_C /Game/Maps/UEDPIE_0_TestLevel.TestLevel:PersistentLevel.KnightOfLight_C_0
	Function /Game/ThirdPersonBP/Blueprints/KnightOfLight.KnightOfLight_C:ExecuteUbergraph_KnightOfLight:0995
[2017.03.12-20.29.46:485][407]PIE:Error: Error Blueprint Runtime Error: Attempted to access spiritOrbOG_C_4 via property CallFunc_Array_Get_Item, but spiritOrbOG_C_4 is pending kill from function: 'ExecuteUbergraph_KnightOfLight' from node: DestroyActor in graph: EventGraph in object: KnightOfLight with description: Attempted to access spiritOrbOG_C_4 via property CallFunc_Array_Get_Item, but spiritOrbOG_C_4 is pending kill
[2017.03.12-20.29.50:916][722]LogScriptCore:Warning: Attempted to get an item from array CallFunc_GetOverlappingActors_OverlappingActors out of bounds [0/0]!

[2017.03.12-20.29.51:539][767]LogBlueprintUserMessages: [spiritOrbOG_C_5] 661.273254
[2017.03.12-20.30.06:733][851]LogScriptCore:Warning: Attempted to get an item from array CallFunc_GetOverlappingActors_OverlappingActors out of bounds [0/0]!

[2017.03.12-20.30.08:371][968]LogScriptCore:Warning: Attempted to get an item from array CallFunc_GetOverlappingActors_OverlappingActors out of bounds [0/0]!

[2017.03.12-20.30.08:620][986]LogBlueprintUserMessages: [spiritOrbOG_C_7] -1044.536987
[2017.03.12-20.30.09:493][ 44]LogBlueprintUserMessages: [KnightOfLight_C_0] warping Animation!
[2017.03.12-20.30.12:500][203]LogScriptCore:Warning: Attempted to get an item from array CallFunc_GetOverlappingActors_OverlappingActors out of bounds [0/0]!

[2017.03.12-20.30.12:725][219]LogBlueprintUserMessages: [spiritOrbOG_C_8] 1286.213135
[2017.03.12-20.30.12:794][224]LogBlueprintUserMessages: [spiritOrbOG_C_8] 1286.213135
[2017.03.12-20.30.14:335][333]LogScriptCore:Warning: Attempted to get an item from array CallFunc_GetOverlappingActors_OverlappingActors out of bounds [0/0]!

[2017.03.12-20.30.15:801][437]LogScriptCore:Warning: Attempted to get an item from array CallFunc_GetOverlappingActors_OverlappingActors out of bounds [0/0]!

[2017.03.12-20.30.17:571][559]LogScriptCore:Warning: Attempted to get an item from array CallFunc_GetOverlappingActors_OverlappingActors out of bounds [0/0]!

[2017.03.12-20.30.18:083][589]LogBlueprintUserMessages: [spiritOrbOG_C_11] 855.646729
[2017.03.12-20.30.18:245][600]LogBlueprintUserMessages: [spiritOrbOG_C_11] 748.70752
[2017.03.12-20.30.18:469][615]LogBlueprintUserMessages: [spiritOrbOG_C_11] 641.768311
[2017.03.12-20.30.18:678][629]LogBlueprintUserMessages: [KnightOfLight_C_0] started blocking
[2017.03.12-20.30.18:765][635]LogBlueprintUserMessages: [spiritOrbOG_C_11] -481.359497
[2017.03.12-20.30.18:794][637]LogBlueprintUserMessages: [spiritOrbOG_C_11] -481.359497
[2017.03.12-20.30.19:233][668]LogBlueprintUserMessages: [spiritOrbOG_C_11] -267.481079
[2017.03.12-20.30.20:003][721]LogBlueprintUserMessages: [KnightOfLight_C_0] warping Animation!
[2017.03.12-20.30.21:118][797]LogBlueprintUserMessages: [KnightOfLight_C_0] AI_TurretBullet6
[2017.03.12-20.30.21:517][826]LogBlueprintUserMessages: [KnightOfLight_C_0] KnightOfLight
[2017.03.12-20.30.21:517][826]LogScriptCore:Warning: Attempted to get an item from array CallFunc_GetOverlappingActors_OverlappingActors out of bounds [0/0]!

[2017.03.12-20.30.21:828][848]LogBlueprintUserMessages: [spiritOrbOG_C_12] -1440.122803
[2017.03.12-20.30.22:154][871]LogBlueprintUserMessages: [KnightOfLight_C_0] KnightOfLight
[2017.03.12-20.30.22:154][871]LogScriptCore:Warning: Attempted to get an item from array CallFunc_GetOverlappingActors_OverlappingActors out of bounds [0/0]!

[2017.03.12-20.30.22:514][896]LogBlueprintUserMessages: [spiritOrbOG_C_12] -1259.310791
[2017.03.12-20.30.23:092][937]LogBlueprintUserMessages: [KnightOfLight_C_0] AI_TurretBullet7
[2017.03.12-20.30.23:663][977]LogBlueprintUserMessages: [KnightOfLight_C_0] finished blocking
[2017.03.12-20.31.17:750][799]LogScriptCore:Warning: Attempted to get an item from array CallFunc_GetOverlappingActors_OverlappingActors out of bounds [0/0]!

[2017.03.12-20.31.18:200][831]LogBlueprintUserMessages: [spiritOrbOG_C_13] -1048.088501
[2017.03.12-20.31.18:851][877]LogBlueprintUserMessages: [spiritOrbOG_C_13] 655.088867
[2017.03.12-20.31.20:474][992]LogBlueprintUserMessages: [KnightOfLight_C_0] warping Animation!
[2017.03.12-20.31.22:077][105]LogScriptCore:Warning: Attempted to get an item from array CallFunc_GetOverlappingActors_OverlappingActors out of bounds [0/0]!

[2017.03.12-20.31.22:427][130]LogBlueprintUserMessages: [spiritOrbOG_C_14] -1575.397339
[2017.03.12-20.31.22:850][160]LogBlueprintUserMessages: [spiritOrbOG_C_14] 1312.857056
[2017.03.12-20.31.23:119][179]LogBlueprintUserMessages: [KnightOfLight_C_0] warping Animation!
[2017.03.12-20.31.23:320][193]LogBlueprintUserMessages: [spiritOrbOG_C_14] -875.289917
[2017.03.12-20.31.25:739][364]LogScriptCore:Warning: Attempted to get an item from array CallFunc_GetOverlappingActors_OverlappingActors out of bounds [0/0]!

[2017.03.12-20.31.26:105][390]LogBlueprintUserMessages: [spiritOrbOG_C_15] -1352.84729
[2017.03.12-20.31.26:613][426]LogBlueprintUserMessages: [spiritOrbOG_C_15] 1034.555786
[2017.03.12-20.31.27:786][509]LogBlueprintUserMessages: [KnightOfLight_C_0] warping Animation!
[2017.03.12-20.31.29:982][662]LogScriptCore:Warning: Attempted to get an item from array CallFunc_GetOverlappingActors_OverlappingActors out of bounds [0/0]!

[2017.03.12-20.31.31:227][750]LogBlueprintUserMessages: [KnightOfLight_C_0] warping Animation!
[2017.03.12-20.31.33:877][938]LogScriptCore:Warning: Attempted to get an item from array CallFunc_GetOverlappingActors_OverlappingActors out of bounds [0/0]!

[2017.03.12-20.31.34:270][966]LogBlueprintUserMessages: [spiritOrbOG_C_17] -1181.101929
[2017.03.12-20.31.35:023][ 19]LogBlueprintUserMessages: [spiritOrbOG_C_17] -625.333008
[2017.03.12-20.31.35:650][ 63]LogBlueprintUserMessages: [BTT_Attack_C_0] Hello
[2017.03.12-20.31.35:650][ 63]LogBlueprintUserMessages: [BTT_Attack_C_0] Hello
[2017.03.12-20.31.35:651][ 63]LogBlueprintUserMessages: [BTT_Attack_C_0] 0
[2017.03.12-20.31.35:651][ 63]LogBlueprintUserMessages: [BTT_Attack_C_0] Hello
[2017.03.12-20.31.35:651][ 63]LogBlueprintUserMessages: [BTT_Attack_C_0] Hello
[2017.03.12-20.31.35:651][ 63]LogBlueprintUserMessages: [BTT_Attack_C_0] 0
[2017.03.12-20.31.35:741][ 70]LogBlueprintUserMessages: [BTT_Attack_C_0] Hello
[2017.03.12-20.31.35:741][ 70]LogBlueprintUserMessages: [BTT_Attack_C_0] Hello
[2017.03.12-20.31.35:741][ 70]LogBlueprintUserMessages: [BTT_Attack_C_0] 0
[2017.03.12-20.31.35:755][ 71]LogBlueprintUserMessages: [BTT_Attack_C_0] Hello
[2017.03.12-20.31.35:755][ 71]LogBlueprintUserMessages: [BTT_Attack_C_0] Hello
[2017.03.12-20.31.35:755][ 71]LogBlueprintUserMessages: [BTT_Attack_C_0] 0
[2017.03.12-20.31.35:840][ 77]LogBlueprintUserMessages: [BTT_Attack_C_0] Hello
[2017.03.12-20.31.35:840][ 77]LogBlueprintUserMessages: [BTT_Attack_C_0] Hello
[2017.03.12-20.31.35:840][ 77]LogBlueprintUserMessages: [BTT_Attack_C_0] 0
[2017.03.12-20.31.35:855][ 78]LogBlueprintUserMessages: [BTT_Attack_C_0] Hello
[2017.03.12-20.31.35:855][ 78]LogBlueprintUserMessages: [BTT_Attack_C_0] Hello
[2017.03.12-20.31.35:855][ 78]LogBlueprintUserMessages: [BTT_Attack_C_0] 0
[2017.03.12-20.31.35:941][ 84]LogBlueprintUserMessages: [BTT_Attack_C_0] Hello
[2017.03.12-20.31.35:941][ 84]LogBlueprintUserMessages: [BTT_Attack_C_0] Hello
[2017.03.12-20.31.35:941][ 84]LogBlueprintUserMessages: [BTT_Attack_C_0] 0
[2017.03.12-20.31.35:954][ 85]LogBlueprintUserMessages: [BTT_Attack_C_0] Hello
[2017.03.12-20.31.35:954][ 85]LogBlueprintUserMessages: [BTT_Attack_C_0] Hello
[2017.03.12-20.31.35:954][ 85]LogBlueprintUserMessages: [BTT_Attack_C_0] 0
[2017.03.12-20.31.36:098][ 95]LogBlueprintUserMessages: [BTT_Attack_C_0] Hello
[2017.03.12-20.31.36:098][ 95]LogBlueprintUserMessages: [BTT_Attack_C_0] Hello
[2017.03.12-20.31.36:098][ 95]LogBlueprintUserMessages: [BTT_Attack_C_0] 0
[2017.03.12-20.31.36:112][ 96]LogBlueprintUserMessages: [BTT_Attack_C_0] Hello
[2017.03.12-20.31.36:112][ 96]LogBlueprintUserMessages: [BTT_Attack_C_0] Hello
[2017.03.12-20.31.36:112][ 96]LogBlueprintUserMessages: [BTT_Attack_C_0] 0
[2017.03.12-20.31.36:170][100]LogBlueprintUserMessages: [BTT_Attack_C_0] Hello
[2017.03.12-20.31.36:170][100]LogBlueprintUserMessages: [BTT_Attack_C_0] Hello
[2017.03.12-20.31.36:170][100]LogBlueprintUserMessages: [BTT_Attack_C_0] 0
[2017.03.12-20.31.36:184][101]LogBlueprintUserMessages: [BTT_Attack_C_0] Hello
[2017.03.12-20.31.36:184][101]LogBlueprintUserMessages: [BTT_Attack_C_0] Hello
[2017.03.12-20.31.36:184][101]LogBlueprintUserMessages: [BTT_Attack_C_0] 0
[2017.03.12-20.31.36:243][105]LogBlueprintUserMessages: [BTT_Attack_C_0] Hello
[2017.03.12-20.31.36:243][105]LogBlueprintUserMessages: [BTT_Attack_C_0] Hello
[2017.03.12-20.31.36:243][105]LogBlueprintUserMessages: [BTT_Attack_C_0] 0
[2017.03.12-20.31.36:258][106]LogBlueprintUserMessages: [BTT_Attack_C_0] Hello
[2017.03.12-20.31.36:258][106]LogBlueprintUserMessages: [BTT_Attack_C_0] Hello
[2017.03.12-20.31.36:258][106]LogBlueprintUserMessages: [BTT_Attack_C_0] 0
[2017.03.12-20.31.36:318][110]LogBlueprintUserMessages: [BTT_Attack_C_0] Hello
[2017.03.12-20.31.36:318][110]LogBlueprintUserMessages: [BTT_Attack_C_0] Hello
[2017.03.12-20.31.36:318][110]LogBlueprintUserMessages: [BTT_Attack_C_0] 0
[2017.03.12-20.31.36:333][111]LogBlueprintUserMessages: [BTT_Attack_C_0] Hello
[2017.03.12-20.31.36:333][111]LogBlueprintUserMessages: [BTT_Attack_C_0] Hello
[2017.03.12-20.31.36:333][111]LogBlueprintUserMessages: [BTT_Attack_C_0] 0
[2017.03.12-20.31.36:422][117]LogBlueprintUserMessages: [BTT_Attack_C_0] Hello
[2017.03.12-20.31.36:422][117]LogBlueprintUserMessages: [BTT_Attack_C_0] Hello
[2017.03.12-20.31.36:422][117]LogBlueprintUserMessages: [BTT_Attack_C_0] 0
[2017.03.12-20.31.36:437][118]LogBlueprintUserMessages: [BTT_Attack_C_0] Hello
[2017.03.12-20.31.36:437][118]LogBlueprintUserMessages: [BTT_Attack_C_0] Hello
[2017.03.12-20.31.36:437][118]LogBlueprintUserMessages: [BTT_Attack_C_0] 0
[2017.03.12-20.31.38:843][281]LogBlueprintUserMessages: [BTT_Attack_C_0] Hello
[2017.03.12-20.31.38:843][281]LogBlueprintUserMessages: [BTT_Attack_C_0] Hello
[2017.03.12-20.31.38:843][281]LogBlueprintUserMessages: [BTT_Attack_C_0] 0
[2017.03.12-20.31.38:870][283]LogBlueprintUserMessages: [BTT_Attack_C_0] Hello
[2017.03.12-20.31.38:870][283]LogBlueprintUserMessages: [BTT_Attack_C_0] Hello
[2017.03.12-20.31.38:870][283]LogBlueprintUserMessages: [BTT_Attack_C_0] 0
[2017.03.12-20.31.38:961][289]LogBlueprintUserMessages: [BTT_Attack_C_0] Hello
[2017.03.12-20.31.38:961][289]LogBlueprintUserMessages: [BTT_Attack_C_0] Hello
[2017.03.12-20.31.38:961][289]LogBlueprintUserMessages: [BTT_Attack_C_0] 0
[2017.03.12-20.31.38:976][290]LogBlueprintUserMessages: [BTT_Attack_C_0] Hello
[2017.03.12-20.31.38:976][290]LogBlueprintUserMessages: [BTT_Attack_C_0] Hello
[2017.03.12-20.31.38:976][290]LogBlueprintUserMessages: [BTT_Attack_C_0] 0
[2017.03.12-20.31.39:097][298]LogBlueprintUserMessages: [BTT_Attack_C_0] Hello
[2017.03.12-20.31.39:097][298]LogBlueprintUserMessages: [BTT_Attack_C_0] Hello
[2017.03.12-20.31.39:097][298]LogBlueprintUserMessages: [BTT_Attack_C_0] 0
[2017.03.12-20.31.39:111][299]LogBlueprintUserMessages: [BTT_Attack_C_0] Hello
[2017.03.12-20.31.39:111][299]LogBlueprintUserMessages: [BTT_Attack_C_0] Hello
[2017.03.12-20.31.39:111][299]LogBlueprintUserMessages: [BTT_Attack_C_0] 0
[2017.03.12-20.31.39:170][303]LogBlueprintUserMessages: [BTT_Attack_C_0] Hello
[2017.03.12-20.31.39:170][303]LogBlueprintUserMessages: [BTT_Attack_C_0] Hello
[2017.03.12-20.31.39:170][303]LogBlueprintUserMessages: [BTT_Attack_C_0] 0
[2017.03.12-20.31.39:200][305]LogBlueprintUserMessages: [BTT_Attack_C_0] Hello
[2017.03.12-20.31.39:200][305]LogBlueprintUserMessages: [BTT_Attack_C_0] Hello
[2017.03.12-20.31.39:200][305]LogBlueprintUserMessages: [BTT_Attack_C_0] 0
[2017.03.12-20.31.39:333][314]LogBlueprintUserMessages: [BTT_Attack_C_0] Hello
[2017.03.12-20.31.39:333][314]LogBlueprintUserMessages: [BTT_Attack_C_0] Hello
[2017.03.12-20.31.39:333][314]LogBlueprintUserMessages: [BTT_Attack_C_0] 0
[2017.03.12-20.31.39:363][316]LogBlueprintUserMessages: [BTT_Attack_C_0] Hello
[2017.03.12-20.31.39:363][316]LogBlueprintUserMessages: [BTT_Attack_C_0] Hello
[2017.03.12-20.31.39:363][316]LogBlueprintUserMessages: [BTT_Attack_C_0] 0
[2017.03.12-20.31.39:363][316]LogBlueprintUserMessages: [BTT_Attack_C_0] Hello
[2017.03.12-20.31.39:363][316]LogBlueprintUserMessages: [BTT_Attack_C_0] Hello
[2017.03.12-20.31.39:363][316]LogBlueprintUserMessages: [BTT_Attack_C_0] 0
[2017.03.12-20.31.39:532][327]LogBlueprintUserMessages: [BTT_Attack_C_0] Hello
[2017.03.12-20.31.39:532][327]LogBlueprintUserMessages: [BTT_Attack_C_0] Hello
[2017.03.12-20.31.39:532][327]LogBlueprintUserMessages: [BTT_Attack_C_0] 0
[2017.03.12-20.31.39:595][332]LogBlueprintUserMessages: [BTT_Attack_C_0] Hello
[2017.03.12-20.31.39:595][332]LogBlueprintUserMessages: [BTT_Attack_C_0] Hello
[2017.03.12-20.31.39:595][332]LogBlueprintUserMessages: [BTT_Attack_C_0] 0
[2017.03.12-20.31.39:609][333]LogBlueprintUserMessages: [BTT_Attack_C_0] Hello
[2017.03.12-20.31.39:609][333]LogBlueprintUserMessages: [BTT_Attack_C_0] Hello
[2017.03.12-20.31.39:609][333]LogBlueprintUserMessages: [BTT_Attack_C_0] 0
[2017.03.12-20.31.39:652][336]LogBlueprintUserMessages: [BTT_Attack_C_0] Hello
[2017.03.12-20.31.39:652][336]LogBlueprintUserMessages: [BTT_Attack_C_0] Hello
[2017.03.12-20.31.39:652][336]LogBlueprintUserMessages: [BTT_Attack_C_0] 0
[2017.03.12-20.31.39:667][337]LogBlueprintUserMessages: [BTT_Attack_C_0] Hello
[2017.03.12-20.31.39:667][337]LogBlueprintUserMessages: [BTT_Attack_C_0] Hello
[2017.03.12-20.31.39:667][337]LogBlueprintUserMessages: [BTT_Attack_C_0] 0
[2017.03.12-20.31.39:752][343]LogBlueprintUserMessages: [BTT_Attack_C_0] Hello
[2017.03.12-20.31.39:752][343]LogBlueprintUserMessages: [BTT_Attack_C_0] Hello
[2017.03.12-20.31.39:752][343]LogBlueprintUserMessages: [BTT_Attack_C_0] 0
[2017.03.12-20.31.39:766][344]LogBlueprintUserMessages: [BTT_Attack_C_0] Hello
[2017.03.12-20.31.39:766][344]LogBlueprintUserMessages: [BTT_Attack_C_0] Hello
[2017.03.12-20.31.39:766][344]LogBlueprintUserMessages: [BTT_Attack_C_0] 0
[2017.03.12-20.31.39:839][349]LogBlueprintUserMessages: [BTT_Attack_C_0] Hello
[2017.03.12-20.31.39:839][349]LogBlueprintUserMessages: [BTT_Attack_C_0] Hello
[2017.03.12-20.31.39:839][349]LogBlueprintUserMessages: [BTT_Attack_C_0] 0
[2017.03.12-20.31.40:030][362]LogBlueprintUserMessages: [BTT_Attack_C_0] Hello
[2017.03.12-20.31.40:030][362]LogBlueprintUserMessages: [BTT_Attack_C_0] Hello
[2017.03.12-20.31.40:030][362]LogBlueprintUserMessages: [BTT_Attack_C_0] 0
[2017.03.12-20.31.40:087][366]LogBlueprintUserMessages: [BTT_Attack_C_0] Hello
[2017.03.12-20.31.40:087][366]LogBlueprintUserMessages: [BTT_Attack_C_0] Hello
[2017.03.12-20.31.40:087][366]LogBlueprintUserMessages: [BTT_Attack_C_0] 0
[2017.03.12-20.31.40:116][368]LogBlueprintUserMessages: [BTT_Attack_C_0] Hello
[2017.03.12-20.31.40:116][368]LogBlueprintUserMessages: [BTT_Attack_C_0] Hello
[2017.03.12-20.31.40:116][368]LogBlueprintUserMessages: [BTT_Attack_C_0] 0
[2017.03.12-20.31.40:258][378]LogBlueprintUserMessages: [BTT_Attack_C_0] Hello
[2017.03.12-20.31.40:258][378]LogBlueprintUserMessages: [BTT_Attack_C_0] Hello
[2017.03.12-20.31.40:259][378]LogBlueprintUserMessages: [BTT_Attack_C_0] 0
[2017.03.12-20.31.40:273][379]LogBlueprintUserMessages: [BTT_Attack_C_0] Hello
[2017.03.12-20.31.40:273][379]LogBlueprintUserMessages: [BTT_Attack_C_0] Hello
[2017.03.12-20.31.40:273][379]LogBlueprintUserMessages: [BTT_Attack_C_0] 0
[2017.03.12-20.31.40:358][385]LogBlueprintUserMessages: [BTT_Attack_C_0] Hello
[2017.03.12-20.31.40:358][385]LogBlueprintUserMessages: [BTT_Attack_C_0] Hello
[2017.03.12-20.31.40:358][385]LogBlueprintUserMessages: [BTT_Attack_C_0] 0
[2017.03.12-20.31.40:401][388]LogBlueprintUserMessages: [BTT_Attack_C_0] Hello
[2017.03.12-20.31.40:401][388]LogBlueprintUserMessages: [BTT_Attack_C_0] Hello
[2017.03.12-20.31.40:401][388]LogBlueprintUserMessages: [BTT_Attack_C_0] 0
[2017.03.12-20.31.40:415][389]LogBlueprintUserMessages: [BTT_Attack_C_0] Hello
[2017.03.12-20.31.40:415][389]LogBlueprintUserMessages: [BTT_Attack_C_0] Hello
[2017.03.12-20.31.40:415][389]LogBlueprintUserMessages: [BTT_Attack_C_0] 0
[2017.03.12-20.31.40:491][394]LogScriptCore:Warning: Attempted to get an item from array CallFunc_GetOverlappingActors_OverlappingActors out of bounds [0/0]!

[2017.03.12-20.31.40:491][394]LogBlueprintUserMessages: [BTT_Attack_C_0] Hello
[2017.03.12-20.31.40:491][394]LogBlueprintUserMessages: [BTT_Attack_C_0] Hello
[2017.03.12-20.31.40:491][394]LogBlueprintUserMessages: [BTT_Attack_C_0] 0
[2017.03.12-20.31.40:502][395]LogBlueprintUserMessages: [BTT_Attack_C_0] Hello
[2017.03.12-20.31.40:502][395]LogBlueprintUserMessages: [BTT_Attack_C_0] Hello
[2017.03.12-20.31.40:502][395]LogBlueprintUserMessages: [BTT_Attack_C_0] 0
[2017.03.12-20.31.40:621][403]LogBlueprintUserMessages: [BTT_Attack_C_0] Hello
[2017.03.12-20.31.40:621][403]LogBlueprintUserMessages: [BTT_Attack_C_0] Hello
[2017.03.12-20.31.40:621][403]LogBlueprintUserMessages: [BTT_Attack_C_0] 0
[2017.03.12-20.31.40:647][405]LogBlueprintUserMessages: [BTT_Attack_C_0] Hello
[2017.03.12-20.31.40:647][405]LogBlueprintUserMessages: [BTT_Attack_C_0] Hello
[2017.03.12-20.31.40:647][405]LogBlueprintUserMessages: [BTT_Attack_C_0] 0
[2017.03.12-20.31.40:735][411]LogBlueprintUserMessages: [BTT_Attack_C_0] Hello
[2017.03.12-20.31.40:735][411]LogBlueprintUserMessages: [BTT_Attack_C_0] Hello
[2017.03.12-20.31.40:735][411]LogBlueprintUserMessages: [BTT_Attack_C_0] 0
[2017.03.12-20.31.40:752][412]LogBlueprintUserMessages: [BTT_Attack_C_0] Hello
[2017.03.12-20.31.40:752][412]LogBlueprintUserMessages: [BTT_Attack_C_0] Hello
[2017.03.12-20.31.40:752][412]LogBlueprintUserMessages: [BTT_Attack_C_0] 0
[2017.03.12-20.31.40:806][416]LogBlueprintUserMessages: [BTT_Attack_C_0] Hello
[2017.03.12-20.31.40:806][416]LogBlueprintUserMessages: [BTT_Attack_C_0] Hello
[2017.03.12-20.31.40:806][416]LogBlueprintUserMessages: [BTT_Attack_C_0] 0
[2017.03.12-20.31.40:821][417]LogBlueprintUserMessages: [BTT_Attack_C_0] Hello
[2017.03.12-20.31.40:821][417]LogBlueprintUserMessages: [BTT_Attack_C_0] Hello
[2017.03.12-20.31.40:821][417]LogBlueprintUserMessages: [BTT_Attack_C_0] 0
[2017.03.12-20.31.40:937][422]LogBlueprintUserMessages: [BTT_Attack_C_0] Hello
[2017.03.12-20.31.40:937][422]LogBlueprintUserMessages: [BTT_Attack_C_0] Hello
[2017.03.12-20.31.40:937][422]LogBlueprintUserMessages: [BTT_Attack_C_0] 0
[2017.03.12-20.31.43:208][578]LogBlueprintUserMessages: [BTT_Attack_C_0] Hello
[2017.03.12-20.31.43:208][578]LogBlueprintUserMessages: [BTT_Attack_C_0] Hello
[2017.03.12-20.31.43:208][578]LogBlueprintUserMessages: [BTT_Attack_C_0] 0
[2017.03.12-20.31.44:986][697]LogBlueprintUserMessages: [BTT_Attack_C_0] Hello
[2017.03.12-20.31.44:986][697]LogBlueprintUserMessages: [BTT_Attack_C_0] Hello
[2017.03.12-20.31.44:986][697]LogBlueprintUserMessages: [BTT_Attack_C_0] 0
[2017.03.12-20.31.45:108][705]LogBlueprintUserMessages: [BTT_Attack_C_0] Hello
[2017.03.12-20.31.45:108][705]LogBlueprintUserMessages: [BTT_Attack_C_0] Hello
[2017.03.12-20.31.45:108][705]LogBlueprintUserMessages: [BTT_Attack_C_0] 0
[2017.03.12-20.31.45:122][706]LogBlueprintUserMessages: [BTT_Attack_C_0] Hello
[2017.03.12-20.31.45:122][706]LogBlueprintUserMessages: [BTT_Attack_C_0] Hello
[2017.03.12-20.31.45:122][706]LogBlueprintUserMessages: [BTT_Attack_C_0] 0
[2017.03.12-20.31.45:228][713]LogBlueprintUserMessages: [BTT_Attack_C_0] Hello
[2017.03.12-20.31.45:228][713]LogBlueprintUserMessages: [BTT_Attack_C_0] Hello
[2017.03.12-20.31.45:228][713]LogBlueprintUserMessages: [BTT_Attack_C_0] 0
[2017.03.12-20.31.45:348][721]LogBlueprintUserMessages: [BTT_Attack_C_0] Hello
[2017.03.12-20.31.45:348][721]LogBlueprintUserMessages: [BTT_Attack_C_0] Hello
[2017.03.12-20.31.45:348][721]LogBlueprintUserMessages: [BTT_Attack_C_0] 0
[2017.03.12-20.31.45:442][727]LogBlueprintUserMessages: [BTT_Attack_C_0] Hello
[2017.03.12-20.31.45:442][727]LogBlueprintUserMessages: [BTT_Attack_C_0] Hello
[2017.03.12-20.31.45:442][727]LogBlueprintUserMessages: [BTT_Attack_C_0] 0
[2017.03.12-20.31.45:542][734]LogBlueprintUserMessages: [BTT_Attack_C_0] Hello
[2017.03.12-20.31.45:542][734]LogBlueprintUserMessages: [BTT_Attack_C_0] Hello
[2017.03.12-20.31.45:542][734]LogBlueprintUserMessages: [BTT_Attack_C_0] 0
[2017.03.12-20.31.45:572][736]LogBlueprintUserMessages: [BTT_Attack_C_0] Hello
[2017.03.12-20.31.45:572][736]LogBlueprintUserMessages: [BTT_Attack_C_0] Hello
[2017.03.12-20.31.45:572][736]LogBlueprintUserMessages: [BTT_Attack_C_0] 0
[2017.03.12-20.31.45:705][745]LogBlueprintUserMessages: [BTT_Attack_C_0] Hello
[2017.03.12-20.31.45:705][745]LogBlueprintUserMessages: [BTT_Attack_C_0] Hello
[2017.03.12-20.31.45:705][745]LogBlueprintUserMessages: [BTT_Attack_C_0] 0
[2017.03.12-20.31.45:776][750]LogBlueprintUserMessages: [BTT_Attack_C_0] Hello
[2017.03.12-20.31.45:776][750]LogBlueprintUserMessages: [BTT_Attack_C_0] Hello
[2017.03.12-20.31.45:776][750]LogBlueprintUserMessages: [BTT_Attack_C_0] 0
[2017.03.12-20.31.45:910][759]LogBlueprintUserMessages: [BTT_Attack_C_0] Hello
[2017.03.12-20.31.45:910][759]LogBlueprintUserMessages: [BTT_Attack_C_0] Hello
[2017.03.12-20.31.45:910][759]LogBlueprintUserMessages: [BTT_Attack_C_0] 0
[2017.03.12-20.31.45:954][762]LogBlueprintUserMessages: [BTT_Attack_C_0] Hello
[2017.03.12-20.31.45:954][762]LogBlueprintUserMessages: [BTT_Attack_C_0] Hello
[2017.03.12-20.31.45:954][762]LogBlueprintUserMessages: [BTT_Attack_C_0] 0
[2017.03.12-20.31.46:046][768]LogBlueprintUserMessages: [BTT_Attack_C_0] Hello
[2017.03.12-20.31.46:046][768]LogBlueprintUserMessages: [BTT_Attack_C_0] Hello
[2017.03.12-20.31.46:046][768]LogBlueprintUserMessages: [BTT_Attack_C_0] 0
[2017.03.12-20.31.46:135][774]LogBlueprintUserMessages: [BTT_Attack_C_0] Hello
[2017.03.12-20.31.46:136][774]LogBlueprintUserMessages: [BTT_Attack_C_0] Hello
[2017.03.12-20.31.46:136][774]LogBlueprintUserMessages: [BTT_Attack_C_0] 0
[2017.03.12-20.31.46:254][782]LogScript:Warning: Accessed None trying to read property CallFunc_GetBlackboardValueAsActor_ReturnValue
	BTT_DestroyMemory_C /Game/Maps/UEDPIE_0_TestLevel.TestLevel:PersistentLevel.AI_Controller_C_0.BTComponent.BTT_DestroyMemory_C_0
	Function /Game/bluePrints/AI_Blueprints/BTT_DestroyMemory.BTT_DestroyMemory_C:ExecuteUbergraph_BTT_DestroyMemory:0049
[2017.03.12-20.31.46:255][782]PIE:Error: Error Blueprint Runtime Error: Accessed None trying to read property CallFunc_GetBlackboardValueAsActor_ReturnValue from function: 'ExecuteUbergraph_BTT_DestroyMemory' from node: DestroyActor in graph: EventGraph in object: BTT_DestroyMemory with description: Accessed None trying to read property CallFunc_GetBlackboardValueAsActor_ReturnValue
[2017.03.12-20.31.46:270][783]LogBlueprintUserMessages: [BTT_Attack_C_0] Hello
[2017.03.12-20.31.46:270][783]LogBlueprintUserMessages: [BTT_Attack_C_0] Hello
[2017.03.12-20.31.46:270][783]LogBlueprintUserMessages: [BTT_Attack_C_0] 1
[2017.03.12-20.31.46:359][789]LogBlueprintUserMessages: [BTT_Attack_C_0] Hello
[2017.03.12-20.31.46:359][789]LogBlueprintUserMessages: [BTT_Attack_C_0] Hello
[2017.03.12-20.31.46:359][789]LogBlueprintUserMessages: [BTT_Attack_C_0] 1
[2017.03.12-20.31.46:478][797]LogBlueprintUserMessages: [BTT_Attack_C_0] Hello
[2017.03.12-20.31.46:478][797]LogBlueprintUserMessages: [BTT_Attack_C_0] Hello
[2017.03.12-20.31.46:478][797]LogBlueprintUserMessages: [BTT_Attack_C_0] 0
[2017.03.12-20.31.46:809][819]LogBlueprintUserMessages: [BTT_Attack_C_0] Hello
[2017.03.12-20.31.46:809][819]LogBlueprintUserMessages: [BTT_Attack_C_0] Hello
[2017.03.12-20.31.46:809][819]LogBlueprintUserMessages: [BTT_Attack_C_0] 0
[2017.03.12-20.31.47:276][850]LogBlueprintUserMessages: [BTT_Attack_C_0] Hello
[2017.03.12-20.31.47:276][850]LogBlueprintUserMessages: [BTT_Attack_C_0] Hello
[2017.03.12-20.31.47:276][850]LogBlueprintUserMessages: [BTT_Attack_C_0] 0
[2017.03.12-20.31.47:654][875]LogBlueprintUserMessages: [BTT_Attack_C_0] Hello
[2017.03.12-20.31.47:654][875]LogBlueprintUserMessages: [BTT_Attack_C_0] Hello
[2017.03.12-20.31.47:654][875]LogBlueprintUserMessages: [BTT_Attack_C_0] 0
[2017.03.12-20.31.47:668][876]LogBlueprintUserMessages: [BTT_Attack_C_0] Hello
[2017.03.12-20.31.47:668][876]LogBlueprintUserMessages: [BTT_Attack_C_0] Hello
[2017.03.12-20.31.47:668][876]LogBlueprintUserMessages: [BTT_Attack_C_0] 0
[2017.03.12-20.31.48:686][947]LogBlueprintUserMessages: [AI_TurretBullet_C_10] 2.0
[2017.03.12-20.31.48:965][966]LogBlueprintUserMessages: [BTT_Attack_C_0] Hello
[2017.03.12-20.31.48:965][966]LogBlueprintUserMessages: [BTT_Attack_C_0] Hello
[2017.03.12-20.31.48:965][966]LogBlueprintUserMessages: [BTT_Attack_C_0] 0
[2017.03.12-20.31.49:008][969]LogBlueprintUserMessages: [BTT_Attack_C_0] Hello
[2017.03.12-20.31.49:008][969]LogBlueprintUserMessages: [BTT_Attack_C_0] Hello
[2017.03.12-20.31.49:008][969]LogBlueprintUserMessages: [BTT_Attack_C_0] 0
[2017.03.12-20.31.49:039][971]LogBlueprintUserMessages: [BTT_Attack_C_0] Hello
[2017.03.12-20.31.49:039][971]LogBlueprintUserMessages: [BTT_Attack_C_0] Hello
[2017.03.12-20.31.49:039][971]LogBlueprintUserMessages: [BTT_Attack_C_0] 0
[2017.03.12-20.32.04:691][ 33]LogBlueprintUserMessages: [AI_TurretBullet_C_15] 1.0
[2017.03.12-20.32.09:974][392]LogScriptCore:Warning: Attempted to get an item from array CallFunc_GetOverlappingActors_OverlappingActors2 out of bounds [0/0]!

[2017.03.12-20.32.10:187][407]LogScriptCore:Warning: Attempted to get an item from array CallFunc_GetOverlappingActors_OverlappingActors2 out of bounds [0/0]!

[2017.03.12-20.32.10:785][449]LogScriptCore:Warning: Attempted to get an item from array CallFunc_GetOverlappingActors_OverlappingActors2 out of bounds [0/0]!

[2017.03.12-20.32.11:329][487]LogScriptCore:Warning: Attempted to get an item from array CallFunc_GetOverlappingActors_OverlappingActors2 out of bounds [0/0]!

[2017.03.12-20.32.11:878][525]LogScriptCore:Warning: Attempted to get an item from array CallFunc_GetOverlappingActors_OverlappingActors2 out of bounds [0/0]!

[2017.03.12-20.32.12:444][565]LogBlueprintUserMessages: [AI_TurretBullet_C_18] 0.0
[2017.03.12-20.32.14:560][710]LogScriptCore:Warning: Attempted to get an item from array CallFunc_GetOverlappingActors_OverlappingActors out of bounds [0/0]!

[2017.03.12-20.32.14:801][727]LogBlueprintUserMessages: [spiritOrbOG_C_19] -0.000515
[2017.03.12-20.32.21:922][211]LogScriptCore:Warning: Attempted to get an item from array CallFunc_GetOverlappingActors_OverlappingActors out of bounds [0/0]!

[2017.03.12-20.32.22:586][257]LogScriptCore:Warning: Attempted to get an item from array CallFunc_GetOverlappingActors_OverlappingActors out of bounds [0/0]!

[2017.03.12-20.32.23:034][288]LogScriptCore:Warning: Attempted to get an item from array CallFunc_GetOverlappingActors_OverlappingActors out of bounds [0/0]!

[2017.03.12-20.32.23:745][337]LogScriptCore:Warning: Attempted to get an item from array CallFunc_GetOverlappingActors_OverlappingActors out of bounds [0/0]!

[2017.03.12-20.32.26:860][549]LogScriptCore:Warning: Attempted to get an item from array CallFunc_GetOverlappingActors_OverlappingActors out of bounds [0/0]!

[2017.03.12-20.32.27:198][572]LogBlueprintUserMessages: [spiritOrbOG_C_24] 0.000451
[2017.03.12-20.32.32:689][948]LogScriptCore:Warning: Attempted to get an item from array CallFunc_GetOverlappingActors_OverlappingActors out of bounds [0/0]!

[2017.03.12-20.32.32:985][969]LogBlueprintUserMessages: [spiritOrbOG_C_25] -1440.134033
[2017.03.12-20.32.37:483][279]LogScriptCore:Warning: Attempted to get an item from array CallFunc_GetOverlappingActors_OverlappingActors out of bounds [0/0]!

[2017.03.12-20.32.37:672][292]LogBlueprintUserMessages: [spiritOrbOG_C_26] 0.000579
[2017.03.12-20.32.40:994][518]LogScriptCore:Warning: Attempted to get an item from array CallFunc_GetOverlappingActors_OverlappingActors out of bounds [0/0]!

[2017.03.12-20.32.41:249][536]LogBlueprintUserMessages: [spiritOrbOG_C_27] -1440.123535
[2017.03.12-20.32.43:466][686]LogScriptCore:Warning: Attempted to get an item from array CallFunc_GetOverlappingActors_OverlappingActors out of bounds [0/0]!

[2017.03.12-20.32.43:642][698]LogBlueprintUserMessages: [spiritOrbOG_C_28] -0.000579
[2017.03.12-20.33.13:004][742]LogScriptCore:Warning: Attempted to get an item from array CallFunc_GetOverlappingActors_OverlappingActors out of bounds [0/0]!

[2017.03.12-20.33.13:310][763]LogBlueprintUserMessages: [spiritOrbOG_C_29] 1471.548706
[2017.03.12-20.33.15:662][925]LogBlueprintUserMessages: [BTT_Attack_C_0] Hello
[2017.03.12-20.33.15:662][925]LogBlueprintUserMessages: [BTT_Attack_C_0] Hello
[2017.03.12-20.33.15:662][925]LogBlueprintUserMessages: [BTT_Attack_C_0] 0
[2017.03.12-20.34.05:085][432]LogScriptCore:Warning: Attempted to get an item from array CallFunc_GetOverlappingActors_OverlappingActors out of bounds [0/0]!

[2017.03.12-20.34.05:549][465]LogBlueprintUserMessages: [BTT_Attack_C_0] Hello
[2017.03.12-20.34.05:549][465]LogBlueprintUserMessages: [BTT_Attack_C_0] Hello
[2017.03.12-20.34.05:549][465]LogBlueprintUserMessages: [BTT_Attack_C_0] 0
[2017.03.12-20.34.06:351][522]LogScriptCore:Warning: Attempted to get an item from array CallFunc_GetOverlappingActors_OverlappingActors2 out of bounds [0/0]!

[2017.03.12-20.34.06:730][549]LogScriptCore:Warning: Attempted to get an item from array CallFunc_GetOverlappingActors_OverlappingActors2 out of bounds [0/0]!

[2017.03.12-20.34.21:353][603]LogScriptCore:Warning: Attempted to get an item from array CallFunc_GetOverlappingActors_OverlappingActors out of bounds [0/0]!

[2017.03.12-20.34.22:344][674]LogScriptCore:Warning: Attempted to get an item from array CallFunc_GetOverlappingActors_OverlappingActors out of bounds [0/0]!

[2017.03.12-20.34.22:344][674]LogScriptCore:Warning: Attempted to get an item from array CallFunc_GetOverlappingActors_OverlappingActors2 out of bounds [0/0]!

[2017.03.12-20.34.22:539][688]LogScriptCore:Warning: Attempted to get an item from array CallFunc_GetOverlappingActors_OverlappingActors out of bounds [0/0]!

[2017.03.12-20.34.22:540][688]LogScriptCore:Warning: Attempted to get an item from array CallFunc_GetOverlappingActors_OverlappingActors2 out of bounds [0/0]!

[2017.03.12-20.34.22:735][702]LogScriptCore:Warning: Attempted to get an item from array CallFunc_GetOverlappingActors_OverlappingActors out of bounds [0/0]!

[2017.03.12-20.34.22:735][702]LogScriptCore:Warning: Attempted to get an item from array CallFunc_GetOverlappingActors_OverlappingActors2 out of bounds [0/0]!

[2017.03.12-20.34.23:801][778]LogScriptCore:Warning: Attempted to get an item from array CallFunc_GetOverlappingActors_OverlappingActors out of bounds [0/0]!

[2017.03.12-20.34.26:763][987]LogBlueprintUserMessages: [KnightOfLight_C_0] started blocking
[2017.03.12-20.34.27:993][ 74]LogBlueprintUserMessages: [KnightOfLight_C_0] finished blocking
[2017.03.12-20.34.28:333][ 98]LogScriptCore:Warning: Attempted to get an item from array CallFunc_GetOverlappingActors_OverlappingActors out of bounds [0/0]!

[2017.03.12-20.34.29:141][154]LogScriptCore:Warning: Attempted to get an item from array CallFunc_GetOverlappingActors_OverlappingActors out of bounds [0/0]!

[2017.03.12-20.34.29:141][154]LogScriptCore:Warning: Attempted to get an item from array CallFunc_GetOverlappingActors_OverlappingActors2 out of bounds [0/0]!

[2017.03.12-20.34.29:333][167]LogScriptCore:Warning: Attempted to get an item from array CallFunc_GetOverlappingActors_OverlappingActors out of bounds [0/0]!

[2017.03.12-20.34.29:333][167]LogScriptCore:Warning: Attempted to get an item from array CallFunc_GetOverlappingActors_OverlappingActors2 out of bounds [0/0]!

[2017.03.12-20.34.29:519][180]LogScriptCore:Warning: Attempted to get an item from array CallFunc_GetOverlappingActors_OverlappingActors out of bounds [0/0]!

[2017.03.12-20.34.29:520][180]LogScriptCore:Warning: Attempted to get an item from array CallFunc_GetOverlappingActors_OverlappingActors2 out of bounds [0/0]!

[2017.03.12-20.34.32:349][380]LogScriptCore:Warning: Attempted to get an item from array CallFunc_GetOverlappingActors_OverlappingActors out of bounds [0/0]!

[2017.03.12-20.34.33:663][474]LogScriptCore:Warning: Attempted to get an item from array CallFunc_GetOverlappingActors_OverlappingActors out of bounds [0/0]!

[2017.03.12-20.34.35:031][572]LogScriptCore:Warning: Attempted to get an item from array CallFunc_GetOverlappingActors_OverlappingActors out of bounds [0/0]!

[2017.03.12-20.34.41:870][ 55]LogBlueprintUserMessages: Early EndPlayMap Detection: Level '/Game/Maps/TestLevel.TestLevel:PersistentLevel' has LevelScriptBlueprint '/Game/Maps/TestLevel.TestLevel:PersistentLevel.TestLevel' with GeneratedClass '/Game/Maps/TestLevel.TestLevel_C' with ClassGeneratedBy '/Game/Maps/TestLevel.TestLevel:PersistentLevel.TestLevel'
[2017.03.12-20.34.42:023][ 55]LogBlueprintUserMessages: Late EndPlayMap Detection: Level '/Game/Maps/TestLevel.TestLevel:PersistentLevel' has LevelScriptBlueprint '/Game/Maps/TestLevel.TestLevel:PersistentLevel.TestLevel' with GeneratedClass '/Game/Maps/TestLevel.TestLevel_C' with ClassGeneratedBy '/Game/Maps/TestLevel.TestLevel:PersistentLevel.TestLevel'
[2017.03.12-20.34.46:089][499]LogWindowsTextInputMethodSystem:Display: IME system now deactivated.
[2017.03.12-20.34.46:515][500]Cmd: QUIT_EDITOR
[2017.03.12-20.34.47:741][500]LogExit: Preparing to exit.
[2017.03.12-20.34.48:870][500]LogExit: Editor shut down
[2017.03.12-20.34.48:870][500]LogExit: Transaction tracking system shut down
[2017.03.12-20.34.49:402][500]LogObj: Freed 0b from 0 cluster array pools.
[2017.03.12-20.34.49:402][500]LogExit: Object subsystem successfully closed.
[2017.03.12-20.34.49:594][500]LogD3D11RHI: Shutdown
[2017.03.12-20.34.49:595][500]LogD3D11RHI: CleanupD3DDevice
[2017.03.12-20.34.49:789][500]LogD3D11RHI: ~FD3D11DynamicRHI
[2017.03.12-20.34.50:053][500]LogModuleManager: Shutting down and abandoning module MovieSceneCapture (216)
[2017.03.12-20.34.50:053][500]LogModuleManager: Shutting down and abandoning module HierarchicalLODOutliner (215)
[2017.03.12-20.34.50:058][500]LogModuleManager: Shutting down and abandoning module CrashTracker (214)
[2017.03.12-20.34.50:058][500]LogModuleManager: Shutting down and abandoning module SceneOutliner (213)
[2017.03.12-20.34.50:059][500]LogModuleManager: Shutting down and abandoning module WidgetCarousel (212)
[2017.03.12-20.34.50:059][500]LogModuleManager: Shutting down and abandoning module AddContentDialog (211)
[2017.03.12-20.34.50:061][500]LogModuleManager: Shutting down and abandoning module GameplayTags (210)
[2017.03.12-20.34.50:061][500]LogModuleManager: Shutting down and abandoning module EditorWidgets (209)
[2017.03.12-20.34.50:061][500]LogModuleManager: Shutting down and abandoning module CollectionManager (208)
[2017.03.12-20.34.50:062][500]LogModuleManager: Shutting down and abandoning module StatsViewer (207)
[2017.03.12-20.34.50:071][500]LogModuleManager: Shutting down and abandoning module FoliageEdit (206)
[2017.03.12-20.34.50:071][500]LogModuleManager: Shutting down and abandoning module LandscapeEditor (205)
[2017.03.12-20.34.50:080][500]LogModuleManager: Shutting down and abandoning module SceneDepthPickerMode (204)
[2017.03.12-20.34.50:080][500]LogModuleManager: Shutting down and abandoning module ActorPickerMode (203)
[2017.03.12-20.34.50:080][500]LogModuleManager: Shutting down and abandoning module GeometryMode (202)
[2017.03.12-20.34.50:080][500]LogModuleManager: Shutting down and abandoning module TextureAlignMode (201)
[2017.03.12-20.34.50:080][500]LogModuleManager: Shutting down and abandoning module BspMode (200)
[2017.03.12-20.34.50:080][500]LogModuleManager: Shutting down and abandoning module HardwareSurvey (199)
[2017.03.12-20.34.50:080][500]LogModuleManager: Shutting down and abandoning module SequenceRecorderSections (198)
[2017.03.12-20.34.50:080][500]LogModuleManager: Shutting down and abandoning module SequenceRecorder (197)
[2017.03.12-20.34.50:080][500]LogModuleManager: Shutting down and abandoning module AutomationWorker (196)
[2017.03.12-20.34.50:080][500]LogModuleManager: Shutting down and abandoning module MatineeToLevelSequence (195)
[2017.03.12-20.34.50:080][500]LogModuleManager: Shutting down and abandoning module PlacementMode (194)
[2017.03.12-20.34.50:089][500]LogModuleManager: Shutting down and abandoning module LevelSequenceEditor (193)
[2017.03.12-20.34.50:101][500]LogModuleManager: Shutting down and abandoning module CharacterAI (192)
[2017.03.12-20.34.50:101][500]LogModuleManager: Shutting down and abandoning module SmartSnapping (191)
[2017.03.12-20.34.50:101][500]LogModuleManager: Shutting down and abandoning module SessionServices (190)
[2017.03.12-20.34.50:101][500]LogModuleManager: Shutting down and abandoning module ViewportSnapping (189)
[2017.03.12-20.34.50:101][500]LogModuleManager: Shutting down and abandoning module LogVisualizer (188)
[2017.03.12-20.34.50:152][500]LogModuleManager: Shutting down and abandoning module GameProjectGeneration (187)
[2017.03.12-20.34.50:163][500]LogModuleManager: Shutting down and abandoning module IntroTutorials (186)
[2017.03.12-20.34.50:163][500]LogModuleManager: Shutting down and abandoning module EditorLiveStreaming (185)
[2017.03.12-20.34.50:163][500]LogModuleManager: Shutting down and abandoning module IOSPlatformEditor (184)
[2017.03.12-20.34.50:163][500]LogModuleManager: Shutting down and abandoning module HTML5PlatformEditor (183)
[2017.03.12-20.34.50:163][500]LogModuleManager: Shutting down and abandoning module AndroidDeviceDetection (182)
[2017.03.12-20.34.51:115][500]LogModuleManager: Shutting down and abandoning module AndroidPlatformEditor (181)
[2017.03.12-20.34.51:115][500]LogModuleManager: Shutting down and abandoning module IOSRuntimeSettings (180)
[2017.03.12-20.34.51:115][500]LogModuleManager: Shutting down and abandoning module AndroidRuntimeSettings (179)
[2017.03.12-20.34.51:115][500]LogModuleManager: Shutting down and abandoning module MergeActors (178)
[2017.03.12-20.34.51:127][500]LogModuleManager: Shutting down and abandoning module SizeMap (177)
[2017.03.12-20.34.51:127][500]LogModuleManager: Shutting down and abandoning module TreeMap (176)
[2017.03.12-20.34.51:131][500]LogModuleManager: Shutting down and abandoning module ReferenceViewer (175)
[2017.03.12-20.34.51:131][500]LogModuleManager: Shutting down and abandoning module LocalizationService (174)
[2017.03.12-20.34.51:137][500]LogModuleManager: Shutting down and abandoning module LocalizationDashboard (173)
[2017.03.12-20.34.51:146][500]LogModuleManager: Shutting down and abandoning module HardwareTargeting (172)
[2017.03.12-20.34.51:146][500]LogModuleManager: Shutting down and abandoning module DeviceProfileEditor (171)
[2017.03.12-20.34.51:156][500]LogModuleManager: Shutting down and abandoning module UndoHistory (170)
[2017.03.12-20.34.51:159][500]LogModuleManager: Shutting down and abandoning module UserFeedback (169)
[2017.03.12-20.34.51:159][500]LogModuleManager: Shutting down and abandoning module XmlParser (168)
[2017.03.12-20.34.51:159][500]LogModuleManager: Shutting down and abandoning module Blutility (167)
[2017.03.12-20.34.51:159][500]LogModuleManager: Shutting down and abandoning module ProjectTargetPlatformEditor (166)
[2017.03.12-20.34.51:160][500]LogModuleManager: Shutting down and abandoning module ProjectSettingsViewer (165)
[2017.03.12-20.34.51:160][500]LogModuleManager: Shutting down and abandoning module InputBindingEditor (164)
[2017.03.12-20.34.51:160][500]LogModuleManager: Shutting down and abandoning module EditorSettingsViewer (163)
[2017.03.12-20.34.51:160][500]LogModuleManager: Shutting down and abandoning module SettingsEditor (162)
[2017.03.12-20.34.51:164][500]LogModuleManager: Shutting down and abandoning module ProjectLauncher (161)
[2017.03.12-20.34.51:180][500]LogModuleManager: Shutting down and abandoning module SessionFrontend (160)
[2017.03.12-20.34.51:188][500]LogModuleManager: Shutting down and abandoning module ProfilerClient (159)
[2017.03.12-20.34.51:193][500]LogModuleManager: Shutting down and abandoning module TargetDeviceServices (158)
[2017.03.12-20.34.51:193][500]LogModuleManager: Shutting down and abandoning module DeviceManager (157)
[2017.03.12-20.34.51:282][500]LogModuleManager: Shutting down and abandoning module AutomationController (156)
[2017.03.12-20.34.51:288][500]LogModuleManager: Shutting down and abandoning module AutomationWindow (155)
[2017.03.12-20.34.51:305][500]LogModuleManager: Shutting down and abandoning module Layers (154)
[2017.03.12-20.34.51:385][500]LogModuleManager: Shutting down and abandoning module ComponentVisualizers (153)
[2017.03.12-20.34.51:385][500]LogModuleManager: Shutting down and abandoning module DetailCustomizations (152)
[2017.03.12-20.34.51:404][500]LogModuleManager: Shutting down and abandoning module PackagesDialog (151)
[2017.03.12-20.34.51:413][500]LogModuleManager: Shutting down and abandoning module Persona (150)
[2017.03.12-20.34.51:508][500]LogModuleManager: Shutting down and abandoning module Kismet (149)
[2017.03.12-20.34.51:508][500]LogModuleManager: Shutting down and abandoning module GraphEditor (148)
[2017.03.12-20.34.51:575][500]LogModuleManager: Shutting down and abandoning module ClassViewer (147)
[2017.03.12-20.34.51:593][500]LogModuleManager: Shutting down and abandoning module Toolbox (146)
[2017.03.12-20.34.51:615][500]LogModuleManager: Shutting down and abandoning module ModuleUI (145)
[2017.03.12-20.34.51:618][500]LogModuleManager: Shutting down and abandoning module MovieSceneTools (144)
[2017.03.12-20.34.51:621][500]LogModuleManager: Shutting down and abandoning module OutputLog (143)
[2017.03.12-20.34.51:621][500]LogModuleManager: Shutting down and abandoning module GammaUI (142)
[2017.03.12-20.34.51:631][500]LogModuleManager: Shutting down and abandoning module Documentation (141)
[2017.03.12-20.34.51:631][500]LogModuleManager: Shutting down and abandoning module StreamingPauseRendering (140)
[2017.03.12-20.34.51:631][500]LogModuleManager: Shutting down and abandoning module AnalyticsET (139)
[2017.03.12-20.34.51:631][500]LogModuleManager: Shutting down and abandoning module Analytics (138)
[2017.03.12-20.34.51:631][500]LogModuleManager: Shutting down and abandoning module PortalServices (137)
[2017.03.12-20.34.51:631][500]LogModuleManager: Shutting down and abandoning module PortalRpc (136)
[2017.03.12-20.34.51:631][500]LogModuleManager: Shutting down and abandoning module MessagingRpc (135)
[2017.03.12-20.34.51:631][500]LogModuleManager: Shutting down and abandoning module GameplayDebugger (134)
[2017.03.12-20.34.51:631][500]LogModuleManager: Shutting down and abandoning module AITestSuite (133)
[2017.03.12-20.34.51:631][500]LogModuleManager: Shutting down and abandoning module AIModule (132)
[2017.03.12-20.34.51:631][500]LogModuleManager: Shutting down and abandoning module ProfilerService (131)
[2017.03.12-20.34.51:648][500]LogModuleManager: Shutting down and abandoning module TaskGraph (130)
[2017.03.12-20.34.51:690][500]LogModuleManager: Shutting down and abandoning module SubstanceEditor (129)
[2017.03.12-20.34.51:691][500]LogModuleManager: Shutting down and abandoning module SlateRemote (128)
[2017.03.12-20.34.51:691][500]LogModuleManager: Shutting down and abandoning module SteamVRController (127)
[2017.03.12-20.34.51:691][500]LogModuleManager: Shutting down and abandoning module SteamVR (126)
[2017.03.12-20.34.51:691][500]LogModuleManager: Shutting down and abandoning module ProceduralMeshComponent (125)
[2017.03.12-20.34.51:691][500]LogModuleManager: Shutting down and abandoning module OculusLibrary (124)
[2017.03.12-20.34.51:691][500]LogModuleManager: Shutting down and abandoning module OculusInput (123)
[2017.03.12-20.34.51:691][500]LogModuleManager: Shutting down and abandoning module CustomMeshComponent (122)
[2017.03.12-20.34.51:691][500]LogModuleManager: Shutting down and abandoning module CableComponent (121)
[2017.03.12-20.34.51:691][500]LogModuleManager: Shutting down and abandoning module ArchVisCharacter (120)
[2017.03.12-20.34.51:691][500]LogModuleManager: Shutting down and abandoning module MediaPlayerEditor (119)
[2017.03.12-20.34.51:725][500]LogModuleManager: Shutting down and abandoning module HTML5Networking (118)
[2017.03.12-20.34.51:725][500]LogModuleManager: Shutting down and abandoning module SuperSearch (117)
[2017.03.12-20.34.51:725][500]LogModuleManager: Shutting down and abandoning module SuperSearchEditor (116)
[2017.03.12-20.34.51:725][500]LogModuleManager: Shutting down and abandoning module SpeedTreeImporter (115)
[2017.03.12-20.34.51:725][500]LogModuleManager: Shutting down and abandoning module PluginBrowser (114)
[2017.03.12-20.34.51:726][500]LogModuleManager: Shutting down and abandoning module EpicSurvey (113)
[2017.03.12-20.34.51:726][500]LogModuleManager: Shutting down and abandoning module DesktopPlatform (112)
[2017.03.12-20.34.51:749][500]LogModuleManager: Shutting down and abandoning module VisualStudioSourceCodeAccess (111)
[2017.03.12-20.34.51:749][500]LogModuleManager: Shutting down and abandoning module UObjectPlugin (110)
[2017.03.12-20.34.51:749][500]LogModuleManager: Shutting down and abandoning module SubversionSourceControl (109)
[2017.03.12-20.34.51:749][500]LogModuleManager: Shutting down and abandoning module PerforceSourceControl (108)
[2017.03.12-20.34.51:749][500]LogModuleManager: Shutting down and abandoning module SourceControl (107)
[2017.03.12-20.34.51:765][500]LogModuleManager: Shutting down and abandoning module GitSourceControl (106)
[2017.03.12-20.34.51:765][500]LogModuleManager: Shutting down and abandoning module LightPropagationVolumeEditor (105)
[2017.03.12-20.34.51:765][500]LogModuleManager: Shutting down and abandoning module PaperTiledImporter (104)
[2017.03.12-20.34.51:765][500]LogModuleManager: Shutting down and abandoning module PaperSpriteSheetImporter (103)
[2017.03.12-20.34.51:765][500]LogModuleManager: Shutting down and abandoning module MeshPaint (102)
[2017.03.12-20.34.51:765][500]LogModuleManager: Shutting down and abandoning module PixelInspectorModule (101)
[2017.03.12-20.34.51:765][500]LogModuleManager: Shutting down and abandoning module HotReload (100)
[2017.03.12-20.34.51:766][500]LogModuleManager: Shutting down and abandoning module MainFrame (99)
[2017.03.12-20.34.51:767][500]LogModuleManager: Shutting down and abandoning module LevelEditor (98)
[2017.03.12-20.34.51:768][500]LogModuleManager: Shutting down and abandoning module ContentBrowser (97)
[2017.03.12-20.34.51:770][500]LogModuleManager: Shutting down and abandoning module Paper2DEditor (96)
[2017.03.12-20.34.51:801][500]LogModuleManager: Shutting down and abandoning module UdpMessaging (95)
[2017.03.12-20.34.51:902][500]LogModuleManager: Shutting down and abandoning module SubstanceCore (94)
[2017.03.12-20.34.51:911][500]LogModuleManager: Shutting down and abandoning module LightPropagationVolumeRuntime (93)
[2017.03.12-20.34.51:911][500]LogModuleManager: Shutting down and abandoning module Paper2D (92)
[2017.03.12-20.34.51:924][500]LogModuleManager: Shutting down and abandoning module WindowsMoviePlayer (91)
[2017.03.12-20.34.51:924][500]LogModuleManager: Shutting down and abandoning module Media (90)
[2017.03.12-20.34.51:924][500]LogModuleManager: Shutting down and abandoning module WmfMedia (89)
[2017.03.12-20.34.51:933][500]LogModuleManager: Shutting down and abandoning module MediaAssets (88)
[2017.03.12-20.34.51:933][500]LogModuleManager: Shutting down and abandoning module GameLiveStreaming (87)
[2017.03.12-20.34.51:933][500]LogModuleManager: Shutting down and abandoning module GameplayTagsEditor (86)
[2017.03.12-20.34.51:933][500]LogModuleManager: Shutting down and abandoning module OnlineBlueprintSupport (85)
[2017.03.12-20.34.51:933][500]LogModuleManager: Shutting down and abandoning module VREditor (84)
[2017.03.12-20.34.51:941][500]LogModuleManager: Shutting down and abandoning module GameplayTasksEditor (83)
[2017.03.12-20.34.51:941][500]LogModuleManager: Shutting down and abandoning module PropertyEditor (82)
[2017.03.12-20.34.51:950][500]LogModuleManager: Shutting down and abandoning module BehaviorTreeEditor (81)
[2017.03.12-20.34.51:958][500]LogModuleManager: Shutting down and abandoning module FunctionalTesting (80)
[2017.03.12-20.34.52:003][500]LogModuleManager: Shutting down and abandoning module CollisionAnalyzer (79)
[2017.03.12-20.34.52:013][500]LogModuleManager: Shutting down and abandoning module Sequencer (78)
[2017.03.12-20.34.52:062][500]LogModuleManager: Shutting down and abandoning module WorkspaceMenuStructure (77)
[2017.03.12-20.34.52:062][500]LogModuleManager: Shutting down and abandoning module MessageLog (76)
[2017.03.12-20.34.52:062][500]LogModuleManager: Shutting down and abandoning module AssetTools (75)
[2017.03.12-20.34.52:131][500]LogModuleManager: Shutting down and abandoning module UMGEditor (74)
[2017.03.12-20.34.52:148][500]LogModuleManager: Shutting down and abandoning module UMG (73)
[2017.03.12-20.34.52:148][500]LogModuleManager: Shutting down and abandoning module SlateReflector (72)
[2017.03.12-20.34.52:169][500]LogModuleManager: Shutting down and abandoning module Slate (71)
[2017.03.12-20.34.52:169][500]LogModuleManager: Shutting down and abandoning module EditorStyle (70)
[2017.03.12-20.34.52:171][500]LogModuleManager: Shutting down and abandoning module SourceCodeAccess (69)
[2017.03.12-20.34.52:171][500]LogModuleManager: Shutting down and abandoning module HeadMountedDisplay (68)
[2017.03.12-20.34.52:171][500]LogModuleManager: Shutting down and abandoning module XAudio2 (67)
[2017.03.12-20.34.52:171][500]LogModuleManager: Shutting down and abandoning module Networking (65)
[2017.03.12-20.34.52:171][500]LogModuleManager: Shutting down and abandoning module Core (64)
[2017.03.12-20.34.52:171][500]LogModuleManager: Shutting down and abandoning module DirectoryWatcher (63)
[2017.03.12-20.34.52:172][500]LogModuleManager: Shutting down and abandoning module AssetRegistry (62)
[2017.03.12-20.34.52:275][500]LogModuleManager: Shutting down and abandoning module KismetCompiler (61)
[2017.03.12-20.34.52:275][500]LogModuleManager: Shutting down and abandoning module PhysXFormats (60)
[2017.03.12-20.34.52:275][500]LogModuleManager: Shutting down and abandoning module MeshUtilities (59)
[2017.03.12-20.34.52:286][500]LogModuleManager: Shutting down and abandoning module DerivedDataCache (58)
[2017.03.12-20.34.52:348][500]LogDerivedDataCache: Shutdown
[2017.03.12-20.34.52:348][500]LogModuleManager: Shutting down and abandoning module VulkanShaderFormat (57)
[2017.03.12-20.34.52:348][500]LogModuleManager: Shutting down and abandoning module ShaderFormatOpenGL (56)
[2017.03.12-20.34.52:357][500]LogModuleManager: Shutting down and abandoning module ShaderFormatD3D (55)
[2017.03.12-20.34.52:358][500]LogModuleManager: Shutting down and abandoning module MetalShaderFormat (54)
[2017.03.12-20.34.52:368][500]LogModuleManager: Shutting down and abandoning module TextureFormatUncompressed (53)
[2017.03.12-20.34.52:368][500]LogModuleManager: Shutting down and abandoning module TextureFormatPVR (52)
[2017.03.12-20.34.52:369][500]LogModuleManager: Shutting down and abandoning module TextureFormatIntelISPCTexComp (51)
[2017.03.12-20.34.52:369][500]LogModuleManager: Shutting down and abandoning module TextureFormatDXT (50)
[2017.03.12-20.34.52:369][500]LogModuleManager: Shutting down and abandoning module ImageWrapper (49)
[2017.03.12-20.34.52:369][500]LogModuleManager: Shutting down and abandoning module TextureFormatASTC (48)
[2017.03.12-20.34.52:369][500]LogModuleManager: Shutting down and abandoning module TextureFormatAndroid (47)
[2017.03.12-20.34.52:369][500]LogModuleManager: Shutting down and abandoning module AudioFormatOpus (46)
[2017.03.12-20.34.52:369][500]LogModuleManager: Shutting down and abandoning module AudioFormatOgg (45)
[2017.03.12-20.34.52:369][500]LogModuleManager: Shutting down and abandoning module AudioFormatADPCM (44)
[2017.03.12-20.34.52:369][500]LogModuleManager: Shutting down and abandoning module LinuxTargetPlatform (43)
[2017.03.12-20.34.52:369][500]LogModuleManager: Shutting down and abandoning module LinuxServerTargetPlatform (42)
[2017.03.12-20.34.52:369][500]LogModuleManager: Shutting down and abandoning module LinuxNoEditorTargetPlatform (41)
[2017.03.12-20.34.52:369][500]LogModuleManager: Shutting down and abandoning module TVOSTargetPlatform (40)
[2017.03.12-20.34.52:370][500]LogModuleManager: Shutting down and abandoning module Messaging (39)
[2017.03.12-20.34.52:370][500]LogModuleManager: Shutting down and abandoning module IOSTargetPlatform (38)
[2017.03.12-20.34.52:370][500]LogModuleManager: Shutting down and abandoning module HTML5TargetPlatform (37)
[2017.03.12-20.34.52:370][500]LogModuleManager: Shutting down and abandoning module Android_PVRTCTargetPlatform (36)
[2017.03.12-20.34.52:370][500]LogModuleManager: Shutting down and abandoning module Android_MultiTargetPlatform (35)
[2017.03.12-20.34.52:370][500]LogModuleManager: Shutting down and abandoning module Android_ETC2TargetPlatform (34)
[2017.03.12-20.34.52:370][500]LogModuleManager: Shutting down and abandoning module Android_ETC1TargetPlatform (33)
[2017.03.12-20.34.52:370][500]LogModuleManager: Shutting down and abandoning module Android_DXTTargetPlatform (32)
[2017.03.12-20.34.52:370][500]LogModuleManager: Shutting down and abandoning module Android_ATCTargetPlatform (31)
[2017.03.12-20.34.52:370][500]LogModuleManager: Shutting down and abandoning module Android_ASTCTargetPlatform (30)
[2017.03.12-20.34.52:370][500]LogModuleManager: Shutting down and abandoning module AndroidTargetPlatform (29)
[2017.03.12-20.34.52:370][500]LogModuleManager: Shutting down and abandoning module WindowsTargetPlatform (28)
[2017.03.12-20.34.52:370][500]LogModuleManager: Shutting down and abandoning module WindowsServerTargetPlatform (27)
[2017.03.12-20.34.52:370][500]LogModuleManager: Shutting down and abandoning module WindowsNoEditorTargetPlatform (26)
[2017.03.12-20.34.52:370][500]LogModuleManager: Shutting down and abandoning module WindowsClientTargetPlatform (25)
[2017.03.12-20.34.52:370][500]LogModuleManager: Shutting down and abandoning module AllDesktopTargetPlatform (24)
[2017.03.12-20.34.52:370][500]LogModuleManager: Shutting down and abandoning module TargetPlatform (23)
[2017.03.12-20.34.52:370][500]LogModuleManager: Shutting down and abandoning module InputCore (22)
[2017.03.12-20.34.52:370][500]LogModuleManager: Shutting down and abandoning module Settings (21)
[2017.03.12-20.34.52:370][500]LogModuleManager: Shutting down and abandoning module OnlineSubsystem (19)
[2017.03.12-20.34.52:370][500]LogModuleManager: Shutting down and abandoning module HTTP (18)
[2017.03.12-20.34.53:872][500]LogModuleManager: Shutting down and abandoning module XMPP (17)
[2017.03.12-20.34.53:998][500]LogModuleManager: Shutting down and abandoning module OculusRift (16)
[2017.03.12-20.34.54:028][500]LogModuleManager: Shutting down and abandoning module ExampleDeviceProfileSelector (15)
[2017.03.12-20.34.54:028][500]LogModuleManager: Shutting down and abandoning module TextureCompressor (14)
[2017.03.12-20.34.54:038][500]LogModuleManager: Shutting down and abandoning module ShaderCore (13)
[2017.03.12-20.34.54:038][500]LogModuleManager: Shutting down and abandoning module Landscape (12)
[2017.03.12-20.34.54:038][500]LogModuleManager: Shutting down and abandoning module SlateRHIRenderer (11)
[2017.03.12-20.34.54:057][500]LogModuleManager: Shutting down and abandoning module OpenGLDrv (10)
[2017.03.12-20.34.54:070][500]LogModuleManager: Shutting down and abandoning module D3D11RHI (9)
[2017.03.12-20.34.54:070][500]LogModuleManager: Shutting down and abandoning module AnimGraphRuntime (8)
[2017.03.12-20.34.54:070][500]LogModuleManager: Shutting down and abandoning module Renderer (7)
[2017.03.12-20.34.54:070][500]LogModuleManager: Shutting down and abandoning module Engine (6)
[2017.03.12-20.34.54:070][500]LogModuleManager: Shutting down and abandoning module CoreUObject (5)
[2017.03.12-20.34.54:070][500]LogModuleManager: Shutting down and abandoning module NetworkFile (4)
[2017.03.12-20.34.54:078][500]LogModuleManager: Shutting down and abandoning module StreamingFile (3)
[2017.03.12-20.34.54:078][500]LogModuleManager: Shutting down and abandoning module SandboxFile (2)
[2017.03.12-20.34.54:078][500]LogModuleManager: Shutting down and abandoning module PakFile (1)
[2017.03.12-20.34.54:131][500]LogExit: Exiting.
[2017.03.12-20.34.54:135][500]Log file closed, 03/12/17 16:34:54
