Log file open, 04/13/17 05:57:53
LogInit:Display: Running engine for game: SoulStriker
LogPlatformFile: Not using cached read wrapper
LogInit:Display: RandInit(-150212271) SRandInit(-150212269).
LogTaskGraph: Started task graph with 4 named threads and 7 total threads with 1 sets of task threads.
LogStats: Stats thread started at 0.097457
LogInit: Version: 4.12.5-3039270+++UE4+Release-4.12
LogInit: API Version: 2992821
LogInit: Net Version: 3039270
LogDevObjectVersion: Number of dev versions registered: 13
LogDevObjectVersion:   Dev-Blueprints (B0D832E4-1F89-4F0D-ACCF-7EB736FD4AA2): 3
LogDevObjectVersion:   Dev-Build (E1C64328-A22C-4D53-A36C-8E866417BD8C): 0
LogDevObjectVersion:   Dev-Core (375EC13C-06E4-48FB-B500-84F0262A717E): 1
LogDevObjectVersion:   Dev-Editor (E4B068ED-F494-42E9-A231-DA0B2E46BB41): 2
LogDevObjectVersion:   Dev-Framework (CFFC743F-43B0-4480-9391-14DF171D2073): 6
LogDevObjectVersion:   Dev-Mobile (B02B49B5-BB20-44E9-A304-32B752E40360): 0
LogDevObjectVersion:   Dev-Networking (A4E4105C-59A1-49B5-A7C5-40C4547EDFEE): 0
LogDevObjectVersion:   Dev-Online (39C831C9-5AE6-47DC-9A44-9C173E1C8E7C): 0
LogDevObjectVersion:   Dev-Physics (78F01B33-EBEA-4F98-B9B4-84EACCB95AA2): 0
LogDevObjectVersion:   Dev-Platform (6631380F-2D4D-43E0-8009-CF276956A95A): 0
LogDevObjectVersion:   Dev-Rendering (12F88B9F-8875-4AFC-A67C-D90C383ABD29): 2
LogDevObjectVersion:   Dev-Sequencer (7B5AE74C-D270-4C10-A958-57980B212A5A): 0
LogDevObjectVersion:   Dev-VR (D7296918-1DD6-4BDD-9DE2-64A83CC13884): 0
LogInit: Compiled (64-bit): Jul  6 2016 09:09:46
LogInit: Compiled with Visual C++: 19.00.23026.00
LogInit: Build Configuration: Development
LogInit: Branch Name: ++UE4+Release-4.12
LogInit: Command line:  
LogInit: Base directory: C:/Program Files (x86)/Epic Games/4.12/Engine/Binaries/Win64/
LogInit: Installed Engine Build: 1
LogInit: Using libcurl 7.41.0
LogInit:  - built for x86_64-pc-win32
LogInit:  - supports SSL with WinSSL
LogInit:  - other features:
LogInit:      CURL_VERSION_SSL
LogInit:      CURL_VERSION_IPV6
LogInit:      CURL_VERSION_ASYNCHDNS
LogInit:      CURL_VERSION_LARGEFILE
LogInit:      CURL_VERSION_IDN
LogInit:  CurlRequestOptions (configurable via config and command line):
LogInit:  - bVerifyPeer = true  - Libcurl will verify peer certificate
LogInit:  - bUseHttpProxy = false  - Libcurl will NOT use HTTP proxy
LogInit:  - bDontReuseConnections = false  - Libcurl will reuse connections
LogInit:  - CertBundlePath = nullptr  - Libcurl will use whatever was configured at build time.
LogInit: Presizing for max 8388607 objects, including 0 objects not considered by GC, pre-allocating 0 bytes for permanent pool.
LogInit: Object subsystem initialized
[2017.04.13-09.57.54:299][  0]LogInit: Selected Device Profile: [Windows]
[2017.04.13-09.57.54:299][  0]LogInit: Applying CVar settings loaded from the selected device profile: [Windows]
[2017.04.13-09.57.54:747][  0]LogInit: Computer: BMO
[2017.04.13-09.57.54:747][  0]LogInit: User: Steve
[2017.04.13-09.57.54:747][  0]LogInit: CPU Page size=65536, Cores=4
[2017.04.13-09.57.54:747][  0]LogInit: High frequency timer resolution =3.410070 MHz
[2017.04.13-09.57.54:747][  0]LogMemory: Memory total: Physical=8.0GB (8GB approx)
[2017.04.13-09.57.54:747][  0]LogMemory: Platform Memory Stats for Windows
[2017.04.13-09.57.54:747][  0]LogMemory: Process Physical Memory: 192.22 MB used, 192.22 MB peak
[2017.04.13-09.57.54:747][  0]LogMemory: Process Virtual Memory: 195.24 MB used, 195.24 MB peak
[2017.04.13-09.57.54:747][  0]LogMemory: Physical Memory: 2667.11 MB used, 8145.96 MB total
[2017.04.13-09.57.54:747][  0]LogMemory: Virtual Memory: 553.79 MB used, 134217728.00 MB total
[2017.04.13-09.57.55:824][  0]LogTextLocalizationManager: No specific translations for ('en-US') exist, so ('en') translations will be used.
[2017.04.13-09.57.58:056][  0]LogD3D11RHI: D3D11 adapters:
[2017.04.13-09.57.58:558][  0]LogD3D11RHI:    0. 'NVIDIA GeForce GTX 660' (Feature Level 11_0)
[2017.04.13-09.57.58:558][  0]LogD3D11RHI:       2016/0/4072 MB DedicatedVideo/DedicatedSystem/SharedSystem, Outputs:2, VendorId:0x10de
[2017.04.13-09.57.58:559][  0]LogD3D11RHI:    1. 'Microsoft Basic Render Driver' (Feature Level 11_0)
[2017.04.13-09.57.58:559][  0]LogD3D11RHI:       0/0/4072 MB DedicatedVideo/DedicatedSystem/SharedSystem, Outputs:0, VendorId:0x1414
[2017.04.13-09.57.58:559][  0]LogD3D11RHI: Chosen D3D11 Adapter: 0
[2017.04.13-09.57.58:568][  0]LogD3D11RHI: Creating new Direct3DDevice
[2017.04.13-09.57.58:568][  0]LogD3D11RHI:     GPU DeviceId: 0x11c0 (for the marketing name, search the web for "GPU Device Id")
[2017.04.13-09.57.58:568][  0]LogWindows: EnumDisplayDevices:
[2017.04.13-09.57.58:568][  0]LogWindows:    0. 'NVIDIA GeForce GTX 660' (P:1 D:1)
[2017.04.13-09.57.58:568][  0]LogWindows:    1. 'NVIDIA GeForce GTX 660' (P:0 D:1)
[2017.04.13-09.57.58:569][  0]LogWindows:    2. 'NVIDIA GeForce GTX 660' (P:0 D:0)
[2017.04.13-09.57.58:569][  0]LogWindows:    3. 'NVIDIA GeForce GTX 660' (P:0 D:0)
[2017.04.13-09.57.58:569][  0]LogWindows: DebugString: FoundDriverCount:4 
[2017.04.13-09.57.58:569][  0]LogD3D11RHI:     Adapter Name: NVIDIA GeForce GTX 660
[2017.04.13-09.57.58:569][  0]LogD3D11RHI:   Driver Version: 378.92 (internal:21.21.13.7892, unified:378.92)
[2017.04.13-09.57.58:569][  0]LogD3D11RHI:      Driver Date: 3-16-2017
[2017.04.13-09.57.58:569][  0]LogRHI: Texture pool is 1361 MB (70% of 1945 MB)
[2017.04.13-09.57.59:019][  0]LogD3D11RHI: Async texture creation enabled
[2017.04.13-09.57.59:117][  0]LogD3D11RHI: GPU Timing Frequency: 1000.000000 (Debug: 2 2)
[2017.04.13-09.57.59:117][  0]LogShaderCompilers: Guid format shader working directory is -38 characters bigger than the processId version (../../../../../../Users/Steve/Documents/SSRepository/Soul-Striker-Main/Soul Striker/Intermediate/Shaders/WorkingDirectory/15004/).
[2017.04.13-09.57.59:118][  0]LogShaderCompilers: Cleaned the shader compiler working directory 'C:/Users/Steve/AppData/Local/Temp/UnrealShaderWorkingDir/295A1DBD4419038974F8BF9FDC959FEF/'.
[2017.04.13-09.57.59:118][  0]LogShaderCompilers:Display: Using Local Shader Compiler.
[2017.04.13-09.58.13:645][  0]LogTemp:Display: Loaded TP AllDesktopTargetPlatform
[2017.04.13-09.58.13:749][  0]LogTemp:Display: Loaded TP WindowsClientTargetPlatform
[2017.04.13-09.58.13:807][  0]LogTemp:Display: Loaded TP WindowsNoEditorTargetPlatform
[2017.04.13-09.58.13:859][  0]LogTemp:Display: Loaded TP WindowsServerTargetPlatform
[2017.04.13-09.58.13:946][  0]LogTemp:Display: Loaded TP WindowsTargetPlatform
[2017.04.13-09.58.14:144][  0]LogTemp:Display: Loaded TP AndroidTargetPlatform
[2017.04.13-09.58.14:180][  0]LogTemp:Display: Loaded TP Android_ASTCTargetPlatform
[2017.04.13-09.58.14:259][  0]LogTemp:Display: Loaded TP Android_ATCTargetPlatform
[2017.04.13-09.58.14:331][  0]LogTemp:Display: Loaded TP Android_DXTTargetPlatform
[2017.04.13-09.58.14:431][  0]LogTemp:Display: Loaded TP Android_ETC1TargetPlatform
[2017.04.13-09.58.14:584][  0]LogTemp:Display: Loaded TP Android_ETC2TargetPlatform
[2017.04.13-09.58.14:774][  0]LogTemp:Display: Loaded TP Android_MultiTargetPlatform
[2017.04.13-09.58.14:774][  0]LogTemp:Display: Loaded TP Android_PVRTCTargetPlatform
[2017.04.13-09.58.14:886][  0]LogTemp:Display: Loaded TP HTML5TargetPlatform
[2017.04.13-09.58.15:115][  0]LogTemp:Display: Loaded TP IOSTargetPlatform
[2017.04.13-09.58.15:142][  0]LogTemp:Display: Loaded TP TVOSTargetPlatform
[2017.04.13-09.58.15:210][  0]LogTemp:Display: Loaded TP LinuxNoEditorTargetPlatform
[2017.04.13-09.58.15:274][  0]LogTemp:Display: Loaded TP LinuxServerTargetPlatform
[2017.04.13-09.58.15:380][  0]LogTemp:Display: Loaded TP LinuxTargetPlatform
[2017.04.13-09.58.15:380][  0]LogTargetPlatformManager:Display: Building Assets For Windows
[2017.04.13-09.58.16:825][  0]LogDerivedDataCache:Display: Max Cache Size: 512 MB
[2017.04.13-09.58.35:096][  0]LogDerivedDataCache: Loaded boot cache 18.27s 48MB C:/Users/Steve/AppData/Local/UnrealEngine/4.12/DerivedDataCache/Boot.ddc.
[2017.04.13-09.58.35:096][  0]LogDerivedDataCache:Display: Loaded Boot cache: C:/Users/Steve/AppData/Local/UnrealEngine/4.12/DerivedDataCache/Boot.ddc
[2017.04.13-09.58.35:096][  0]LogDerivedDataCache: FDerivedDataBackendGraph:  Pak pak cache file ../../../../../../Users/Steve/Documents/SSRepository/Soul-Striker-Main/Soul Striker/DerivedDataCache/DDC.ddp not found, will not use a pak cache.
[2017.04.13-09.58.35:096][  0]LogDerivedDataCache: Unable to find inner node Pak for hierarchical cache Hierarchy.
[2017.04.13-09.58.35:096][  0]LogDerivedDataCache: FDerivedDataBackendGraph:  CompressedPak pak cache file ../../../../../../Users/Steve/Documents/SSRepository/Soul-Striker-Main/Soul Striker/DerivedDataCache/Compressed.ddp not found, will not use a pak cache.
[2017.04.13-09.58.35:096][  0]LogDerivedDataCache: Unable to find inner node CompressedPak for hierarchical cache Hierarchy.
[2017.04.13-09.58.35:111][  0]LogDerivedDataCache:Display: Pak cache opened for reading ../../../Engine/DerivedDataCache/Compressed.ddp.
[2017.04.13-09.58.35:151][  0]LogDerivedDataCache: Using Local data cache path C:/Users/Steve/AppData/Local/UnrealEngine/Common/DerivedDataCache: Writable
[2017.04.13-09.58.42:544][  0]LogInit: Selected Device Profile: [Windows]
[2017.04.13-09.58.42:545][  0]LogContentStreaming: Texture pool size is 0.00 MB
[2017.04.13-09.58.42:819][  0]LogMeshUtilities: No automatic mesh reduction module available
[2017.04.13-09.58.42:819][  0]LogMeshUtilities: No automatic mesh merging module available
[2017.04.13-09.58.42:819][  0]LogMeshUtilities: No distributed automatic mesh merging module available
[2017.04.13-09.58.44:292][  0]LogAssetRegistry: FAssetRegistry took 0.0216 seconds to start up
[2017.04.13-09.58.44:594][  0]LogPackageLocalizationCache: Processed 3 localized package path(s) for 2 prioritized culture(s) in 0.293948 seconds
[2017.04.13-09.58.44:603][  0]LogUObjectArray: 28739 objects as part of root set at end of initial load.
[2017.04.13-09.58.44:603][  0]LogUObjectAllocator: 5855632 out of 0 bytes used by permanent object pool.
[2017.04.13-09.58.44:603][  0]LogUObjectArray: CloseDisregardForGC: 0/0 objects in disregard for GC pool
[2017.04.13-09.58.44:612][  0]LogInit: WinSock: version 1.1 (2.2), MaxSocks=32767, MaxUdp=65467
[2017.04.13-09.58.46:999][  0]LogSlate: SlateFontCache - WITH_FREETYPE: 1, WITH_HARFBUZZ: 1
[2017.04.13-09.58.46:999][  0]LogSlate: SlateFontCache - WITH_FREETYPE: 1, WITH_HARFBUZZ: 1
[2017.04.13-09.59.20:417][  0]LogSubstanceCoreModule: Substance CPU Engine Loaded, Max Texture Size 2048
[2017.04.13-09.59.20:514][  0]LogUdpMessaging: Initializing bridge on interface 0.0.0.0:0 to multicast group 230.0.0.1:6666.
[2017.04.13-09.59.21:609][  0]SourceControl: Info Source control is disabled
[2017.04.13-09.59.21:619][  0]SourceControl: Info Source control is disabled
[2017.04.13-09.59.21:652][  0]SourceControl: Info Source control is disabled
[2017.04.13-09.59.21:706][  0]SourceControl: Info Source control is disabled
[2017.04.13-09.59.22:675][  0]LogEngine: Initializing Engine...
[2017.04.13-09.59.22:745][  0]LogHMD: SteamVR failed to initialize.  Err: 110
[2017.04.13-09.59.22:745][  0]LogHMD: SteamVR failed to initialize.  Err: 110
[2017.04.13-09.59.23:175][  0]LogAIModule: Creating AISystem for world NewWorld
[2017.04.13-09.59.23:198][  0]LogInit: XAudio2 using 'Speakers (Realtek High Definition Audio)' : 2 channels at 48 kHz using 32 bits per sample (channel mask 0x3)
[2017.04.13-09.59.23:214][  0]LogInit: FAudioDevice initialized.
[2017.04.13-09.59.23:242][  0]LogDerivedDataCache: Saved boot cache 0.03s 48MB C:/Users/Steve/AppData/Local/UnrealEngine/4.12/DerivedDataCache/Boot.ddc.
[2017.04.13-09.59.23:248][  0]LogInit: Texture streaming: Enabled
[2017.04.13-09.59.23:836][  0]LogInit: Transaction tracking system initialized
[2017.04.13-09.59.23:983][  0]BlueprintLog: New page: Editor Load
[2017.04.13-09.59.26:605][  0]LocalizationService: Info Localization service is disabled
[2017.04.13-09.59.28:228][  0]LogConsoleResponse:Display: 
[2017.04.13-09.59.31:817][  0]LogCook:Display: Max memory allowance for cook 8192mb
[2017.04.13-09.59.31:817][  0]LogCook:Display: Mobile HDR setting 1
[2017.04.13-09.59.32:972][  0]LogFileCache: Scanning file cache for directory 'C:/Users/Steve/Documents/SSRepository/Soul-Striker-Main/Soul Striker/Content/' took 0.16s
[2017.04.13-09.59.35:005][  0]SourceControl: Info Source control is disabled
[2017.04.13-09.59.35:005][  0]Cmd: MAP LOAD FILE="../../../../../../Users/Steve/Documents/SSRepository/Soul-Striker-Main/Soul Striker/Content/ThirdPersonBP/Maps/ThirdPersonExampleMap.umap" TEMPLATE=0 SHOWPROGRESS=1 FEATURELEVEL=3
[2017.04.13-09.59.35:147][  0]LightingResults: New page: Lighting Build
[2017.04.13-09.59.35:150][  0]MapCheck: New page: Map Check
[2017.04.13-09.59.35:150][  0]LightingResults: New page: Lighting Build
[2017.04.13-09.59.36:969][  0]LogBlueprint:Warning: Compiler Warning Node  Unknown  is not referencing a valid level actor
[2017.04.13-09.59.36:969][  0]LogBlueprint:Warning: Compiler Warning [0104.77] Compile of PersistentLevel.ThirdPersonExampleMap successful, but with 1 Warning(s) [in 1 ms] (/Game/ThirdPersonBP/Maps/ThirdPersonExampleMap.ThirdPersonExampleMap:PersistentLevel.ThirdPersonExampleMap)
[2017.04.13-09.59.36:969][  0]LogBlueprint:Warning: Compiler Warning [0104.77] Compile of PersistentLevel.ThirdPersonExampleMap successful, but with 2 Warning(s) [in 0 ms] (/Game/ThirdPersonBP/Maps/ThirdPersonExampleMap.ThirdPersonExampleMap:PersistentLevel.ThirdPersonExampleMap)
[2017.04.13-09.59.36:969][  0]LogBlueprint:Warning: Compiler Warning [0104.77] Compile of PersistentLevel.ThirdPersonExampleMap successful, but with 3 Warning(s) [in 0 ms] (/Game/ThirdPersonBP/Maps/ThirdPersonExampleMap.ThirdPersonExampleMap:PersistentLevel.ThirdPersonExampleMap)
[2017.04.13-09.59.36:973][  0]LogBlueprint:Warning: Compiler Warning Node  Unknown  is not referencing a valid level actor
[2017.04.13-09.59.36:974][  0]LogBlueprint:Warning: Compiler Warning [0104.77] Compile of PersistentLevel.ThirdPersonExampleMap successful, but with 1 Warning(s) [in 3 ms] (/Game/ThirdPersonBP/Maps/ThirdPersonExampleMap.ThirdPersonExampleMap:PersistentLevel.ThirdPersonExampleMap)
[2017.04.13-09.59.36:974][  0]LogBlueprint:Warning: Compiler Warning [0104.77] Compile of PersistentLevel.ThirdPersonExampleMap successful, but with 2 Warning(s) [in 0 ms] (/Game/ThirdPersonBP/Maps/ThirdPersonExampleMap.ThirdPersonExampleMap:PersistentLevel.ThirdPersonExampleMap)
[2017.04.13-09.59.36:974][  0]LogBlueprint:Warning: Compiler Warning [0104.77] Compile of PersistentLevel.ThirdPersonExampleMap successful, but with 3 Warning(s) [in 0 ms] (/Game/ThirdPersonBP/Maps/ThirdPersonExampleMap.ThirdPersonExampleMap:PersistentLevel.ThirdPersonExampleMap)
[2017.04.13-09.59.45:524][  0]LogAIModule: Creating AISystem for world ThirdPersonExampleMap
[2017.04.13-09.59.45:812][  0]LogEditorServer: Finished looking for orphan Actors (0.000 secs)
[2017.04.13-09.59.45:813][  0]Cmd: MAP CHECKDEP NOCLEARLOG
[2017.04.13-09.59.45:867][  0]MapCheck: Info Map check complete: 0 Error(s), 0 Warning(s), took 53.962ms to complete.
[2017.04.13-09.59.45:867][  0]LogFileHelpers: Loading map 'ThirdPersonExampleMap' took 10.862
[2017.04.13-09.59.46:571][  0]LogCollectionManager: Loaded 0 collections in 0.032101 seconds
[2017.04.13-09.59.46:626][  0]LogFileCache: Scanning file cache for directory 'C:/Users/Steve/Documents/SSRepository/Soul-Striker-Main/Soul Striker/Saved/Collections/' took 0.01s
[2017.04.13-09.59.46:626][  0]LogFileCache: Scanning file cache for directory 'C:/Users/Steve/Documents/SSRepository/Soul-Striker-Main/Soul Striker/Content/Developers/Steve/Collections/' took 0.01s
[2017.04.13-09.59.46:626][  0]LogFileCache: Scanning file cache for directory 'C:/Users/Steve/Documents/SSRepository/Soul-Striker-Main/Soul Striker/Content/Collections/' took 0.01s
[2017.04.13-09.59.46:626][  0]LogCollectionManager: Rebuilt the GUID cache for 0 collections in 0.000002 seconds
[2017.04.13-09.59.46:633][  0]LogContentBrowser: Native class hierarchy populated in 0.0069 seconds. Added 2062 classes and 375 folders.
[2017.04.13-09.59.46:636][  0]LogStats: UGameplayTagsManager::ConstructGameplayTagTree: Construct from data asset -  0.000 s
[2017.04.13-09.59.46:636][  0]LogStats: UGameplayTagsManager::ConstructGameplayTagTree: GameplayTagTreeChangedEvent.Broadcast -  0.000 s
[2017.04.13-09.59.46:636][  0]LogContentBrowser: Native class hierarchy updated for 'GameplayTags' in 0.0004 seconds. Added 12 classes and 0 folders.
[2017.04.13-09.59.46:640][  0]LogContentBrowser: Native class hierarchy updated for 'WidgetCarousel' in 0.0003 seconds. Added 0 classes and 0 folders.
[2017.04.13-09.59.49:785][  0]LogContentBrowser: Native class hierarchy updated for 'AddContentDialog' in 0.0015 seconds. Added 0 classes and 0 folders.
[2017.04.13-09.59.49:841][  0]LogContentBrowser: Native class hierarchy updated for 'SceneOutliner' in 0.0009 seconds. Added 1 classes and 2 folders.
[2017.04.13-09.59.49:917][  0]LogCrashTracker: Crashtracker disabled due to settings.
[2017.04.13-09.59.49:924][  0]LogUObjectGlobals:Warning: Failed to find object 'Class None.'
[2017.04.13-09.59.49:980][  0]LogContentBrowser: Native class hierarchy updated for 'HierarchicalLODOutliner' in 0.0006 seconds. Added 1 classes and 2 folders.
[2017.04.13-09.59.49:980][  0]LogLoad: Full Startup: 117.78 seconds (BP compile: 0.72 seconds)
[2017.04.13-09.59.49:980][  0]LogExternalProfiler: Found external profiler: VSPerf
[2017.04.13-09.59.49:980][  0]LogExternalProfiler: Using external profiler: VSPerf
[2017.04.13-09.59.50:321][  0]LogOcInput: OculusInput pre-init called
[2017.04.13-09.59.50:381][  0]LogContentStreaming: Texture pool size now 1000 MB
[2017.04.13-09.59.51:331][  0]LogRenderer: Reallocating scene render targets to support 1272x604 (Frame:2).
[2017.04.13-09.59.51:396][  1]LogFileCache: Retrieving MD5 hashes for directory 'C:/Users/Steve/Documents/SSRepository/Soul-Striker-Main/Soul Striker/Content/' took 1.06s
[2017.04.13-09.59.51:415][  1]LogAssetRegistry: Asset discovery search completed in 67.1449 seconds
[2017.04.13-09.59.51:415][  1]LogCollectionManager: Rebuilt the object cache for 0 collections in 0.000001 seconds (found 0 objects)
[2017.04.13-09.59.51:415][  1]LogCollectionManager: Fixed up redirectors for 0 collections in 0.000017 seconds (updated 0 objects)
[2017.04.13-10.00.30:957][367]LogBlueprintUserMessages: Early PlayInEditor Detection: Level '/Game/ThirdPersonBP/Maps/ThirdPersonExampleMap.ThirdPersonExampleMap:PersistentLevel' has LevelScriptBlueprint '/Game/ThirdPersonBP/Maps/ThirdPersonExampleMap.ThirdPersonExampleMap:PersistentLevel.ThirdPersonExampleMap' with GeneratedClass '/Game/ThirdPersonBP/Maps/ThirdPersonExampleMap.ThirdPersonExampleMap_C' with ClassGeneratedBy '/Game/ThirdPersonBP/Maps/ThirdPersonExampleMap.ThirdPersonExampleMap:PersistentLevel.ThirdPersonExampleMap'
[2017.04.13-10.00.30:957][367]LogPlayLevel: PlayLevel: No blueprints needed recompiling
[2017.04.13-10.00.30:999][367]PIE: New page: PIE session: ThirdPersonExampleMap (Apr 13, 2017, 1:00:30 AM)
[2017.04.13-10.00.30:999][367]LogPlayLevel: Creating play world package: /Game/ThirdPersonBP/Maps/UEDPIE_0_ThirdPersonExampleMap
[2017.04.13-10.00.31:212][367]LogPlayLevel: PIE: StaticDuplicateObject took: (0.213036s)
[2017.04.13-10.00.31:213][367]LogAIModule: Creating AISystem for world ThirdPersonExampleMap
[2017.04.13-10.00.31:213][367]LogPlayLevel: PIE: World Init took: (0.001269s)
[2017.04.13-10.00.31:213][367]LogPlayLevel: PIE: Created PIE world by copying editor world from /Game/ThirdPersonBP/Maps/ThirdPersonExampleMap.ThirdPersonExampleMap to /Game/ThirdPersonBP/Maps/UEDPIE_0_ThirdPersonExampleMap.ThirdPersonExampleMap (0.214801s)
[2017.04.13-10.00.31:300][367]LogInit: XAudio2 using 'Speakers (Realtek High Definition Audio)' : 2 channels at 48 kHz using 32 bits per sample (channel mask 0x3)
[2017.04.13-10.00.31:309][367]LogInit: FAudioDevice initialized.
[2017.04.13-10.00.31:447][367]LogWorld: Game class is 'SoulStrikerCampaign_C'
[2017.04.13-10.00.31:497][367]LogWorld: Bringing World /Game/ThirdPersonBP/Maps/UEDPIE_0_ThirdPersonExampleMap.ThirdPersonExampleMap up for play (max tick rate 0) at 2017.04.13-06.00.31
[2017.04.13-10.00.31:500][367]LogWorld: Bringing up level for play took: 0.051655
[2017.04.13-10.00.31:504][367]LogContentBrowser: Native class hierarchy updated for 'MovieSceneCapture' in 0.0004 seconds. Added 11 classes and 0 folders.
[2017.04.13-10.00.31:505][367]LogScript:Warning: Accessed None trying to read property None_ExecuteUbergraph_ThirdPersonExampleMap_RefProperty
	ThirdPersonExampleMap_C /Game/ThirdPersonBP/Maps/UEDPIE_0_ThirdPersonExampleMap.ThirdPersonExampleMap:PersistentLevel.ThirdPersonExampleMap_C_1
	Function /Game/ThirdPersonBP/Maps/ThirdPersonExampleMap.ThirdPersonExampleMap_C:ExecuteUbergraph_ThirdPersonExampleMap:0045
[2017.04.13-10.00.31:506][367]PIE:Error: Error Blueprint Runtime Error: Accessed None trying to read property None_ExecuteUbergraph_ThirdPersonExampleMap_RefProperty from function: 'ExecuteUbergraph_ThirdPersonExampleMap' from node: AttachToActor in graph: EventGraph in object: ThirdPersonExampleMap with description: Accessed None trying to read property None_ExecuteUbergraph_ThirdPersonExampleMap_RefProperty
[2017.04.13-10.00.31:506][367]PIE: Info Play in editor start time for /Game/ThirdPersonBP/Maps/UEDPIE_0_ThirdPersonExampleMap 1.301
[2017.04.13-10.00.31:506][367]LogBlueprintUserMessages: Late PlayInEditor Detection: Level '/Game/ThirdPersonBP/Maps/ThirdPersonExampleMap.ThirdPersonExampleMap:PersistentLevel' has LevelScriptBlueprint '/Game/ThirdPersonBP/Maps/ThirdPersonExampleMap.ThirdPersonExampleMap:PersistentLevel.ThirdPersonExampleMap' with GeneratedClass '/Game/ThirdPersonBP/Maps/ThirdPersonExampleMap.ThirdPersonExampleMap_C' with ClassGeneratedBy '/Game/ThirdPersonBP/Maps/ThirdPersonExampleMap.ThirdPersonExampleMap:PersistentLevel.ThirdPersonExampleMap'
[2017.04.13-10.00.33:671][615]LogBlueprintUserMessages: Early EndPlayMap Detection: Level '/Game/ThirdPersonBP/Maps/ThirdPersonExampleMap.ThirdPersonExampleMap:PersistentLevel' has LevelScriptBlueprint '/Game/ThirdPersonBP/Maps/ThirdPersonExampleMap.ThirdPersonExampleMap:PersistentLevel.ThirdPersonExampleMap' with GeneratedClass '/Game/ThirdPersonBP/Maps/ThirdPersonExampleMap.ThirdPersonExampleMap_C' with ClassGeneratedBy '/Game/ThirdPersonBP/Maps/ThirdPersonExampleMap.ThirdPersonExampleMap:PersistentLevel.ThirdPersonExampleMap'
[2017.04.13-10.00.33:809][615]LogBlueprintUserMessages: Late EndPlayMap Detection: Level '/Game/ThirdPersonBP/Maps/ThirdPersonExampleMap.ThirdPersonExampleMap:PersistentLevel' has LevelScriptBlueprint '/Game/ThirdPersonBP/Maps/ThirdPersonExampleMap.ThirdPersonExampleMap:PersistentLevel.ThirdPersonExampleMap' with GeneratedClass '/Game/ThirdPersonBP/Maps/ThirdPersonExampleMap.ThirdPersonExampleMap_C' with ClassGeneratedBy '/Game/ThirdPersonBP/Maps/ThirdPersonExampleMap.ThirdPersonExampleMap:PersistentLevel.ThirdPersonExampleMap'
[2017.04.13-10.00.40:275][ 97]Cmd: MAP LOAD FILE="../../../../../../Users/Steve/Documents/SSRepository/Soul-Striker-Main/Soul Striker/Content/Maps/Level_1.umap" TEMPLATE=0 SHOWPROGRESS=1 FEATURELEVEL=3
[2017.04.13-10.00.40:347][ 97]LightingResults: New page: Lighting Build
[2017.04.13-10.00.40:347][ 97]LoadErrors: New page: Loading map: Level_1.umap
[2017.04.13-10.00.40:399][ 97]MapCheck: New page: Map Check
[2017.04.13-10.00.40:399][ 97]LightingResults: New page: Lighting Build
[2017.04.13-10.00.43:430][ 97]LogAIModule: Creating AISystem for world Level_1
[2017.04.13-10.00.43:506][ 97]LogEditorServer: Finished looking for orphan Actors (0.000 secs)
[2017.04.13-10.00.43:575][ 97]Cmd: MAP CHECKDEP NOCLEARLOG
[2017.04.13-10.00.43:633][ 97]MapCheck: Info Map check complete: 0 Error(s), 0 Warning(s), took 58.153ms to complete.
[2017.04.13-10.00.43:633][ 97]LogFileHelpers: Loading map 'Level_1' took 3.358
[2017.04.13-10.00.58:486][762]LogContentBrowser: Native class hierarchy updated for 'BlueprintGraph' in 0.0007 seconds. Added 111 classes and 0 folders.
[2017.04.13-10.01.24:036][ 66]BlueprintLog: New page: Compile skeletonOLD
[2017.04.13-10.01.24:195][ 66]BlueprintEditorCompileResults: Info [0211.99] Compile of skeletonOLD successful! [in 158 ms] (/Game/ThirdPersonBP/Blueprints/skeletonOLD.skeletonOLD)
[2017.04.13-10.01.24:665][ 99]LogSavePackage: Save=82.75ms
[2017.04.13-10.01.24:665][ 99]LogSavePackage: Moving '../../../../../../Users/Steve/Documents/SSRepository/Soul-Striker-Main/Soul Striker/Saved/skeletonOLD5E9C40A7439DE0C2AA20AE82CB80CBA0.tmp' to '../../../../../../Users/Steve/Documents/SSRepository/Soul-Striker-Main/Soul Striker/Content/ThirdPersonBP/Blueprints/skeletonOLD.uasset'
[2017.04.13-10.01.24:670][ 99]LogSavePackage:Display: Finished SavePackage ../../../../../../Users/Steve/Documents/SSRepository/Soul-Striker-Main/Soul Striker/Content/ThirdPersonBP/Blueprints/skeletonOLD.uasset
[2017.04.13-10.01.46:049][726]BlueprintLog: New page: Compile KnightOfLight
[2017.04.13-10.01.46:547][726]BlueprintEditorCompileResults: Info [0234.35] Compile of KnightOfLight successful! [in 497 ms] (/Game/ThirdPersonBP/Blueprints/KnightOfLight.KnightOfLight)
[2017.04.13-10.01.47:223][753]LogSavePackage: Save=229.43ms
[2017.04.13-10.01.47:223][753]LogSavePackage: Moving '../../../../../../Users/Steve/Documents/SSRepository/Soul-Striker-Main/Soul Striker/Saved/KnightOfLight7FCDBDFA468ECEAFC505608BC8477756.tmp' to '../../../../../../Users/Steve/Documents/SSRepository/Soul-Striker-Main/Soul Striker/Content/ThirdPersonBP/Blueprints/KnightOfLight.uasset'
[2017.04.13-10.01.47:225][753]LogSavePackage:Display: Finished SavePackage ../../../../../../Users/Steve/Documents/SSRepository/Soul-Striker-Main/Soul Striker/Content/ThirdPersonBP/Blueprints/KnightOfLight.uasset
[2017.04.13-10.01.49:746][892]LogSavePackage: Save=1079.75ms
[2017.04.13-10.01.49:746][892]LogSavePackage: Moving '../../../../../../Users/Steve/Documents/SSRepository/Soul-Striker-Main/Soul Striker/Saved/Level_1593714CF49A3663E5C02218CA5CD5CA3.tmp' to '../../../../../../Users/Steve/Documents/SSRepository/Soul-Striker-Main/Soul Striker/Content/Maps/Level_1.umap'
[2017.04.13-10.01.49:750][892]LogSavePackage:Display: Finished SavePackage ../../../../../../Users/Steve/Documents/SSRepository/Soul-Striker-Main/Soul Striker/Content/Maps/Level_1.umap
[2017.04.13-10.02.04:737][790]LogSavePackage: Save=863.45ms
[2017.04.13-10.02.04:737][790]LogSavePackage: Moving '../../../../../../Users/Steve/Documents/SSRepository/Soul-Striker-Main/Soul Striker/Saved/UEDPCLevel_1BC63ADBD44377F50F46F7AA0A4150B92.tmp' to '../../../../../../Users/Steve/Documents/SSRepository/Soul-Striker-Main/Soul Striker/Saved/Autosaves/Game/Maps/UEDPCLevel_1.umap'
[2017.04.13-10.02.04:773][790]LogSavePackage:Display: Finished SavePackage ../../../../../../Users/Steve/Documents/SSRepository/Soul-Striker-Main/Soul Striker/Saved/Autosaves/Game/Maps/UEDPCLevel_1.umap
[2017.04.13-10.02.04:778][790]LogEditorTransaction: Undo Spawn Play From Here Start
[2017.04.13-10.03.00:384][ 90]LogSavePackage: Save=887.31ms
[2017.04.13-10.03.00:384][ 90]LogSavePackage: Moving '../../../../../../Users/Steve/Documents/SSRepository/Soul-Striker-Main/Soul Striker/Saved/UEDPCLevel_198256436428839690231318EF725B1F0.tmp' to '../../../../../../Users/Steve/Documents/SSRepository/Soul-Striker-Main/Soul Striker/Saved/Autosaves/Game/Maps/UEDPCLevel_1.umap'
[2017.04.13-10.03.00:387][ 90]LogSavePackage:Display: Finished SavePackage ../../../../../../Users/Steve/Documents/SSRepository/Soul-Striker-Main/Soul Striker/Saved/Autosaves/Game/Maps/UEDPCLevel_1.umap
[2017.04.13-10.03.00:393][ 90]LogEditorTransaction: Undo Spawn Play From Here Start
[2017.04.13-10.03.37:205][792]LogSavePackage: Save=810.46ms
[2017.04.13-10.03.37:205][792]LogSavePackage: Moving '../../../../../../Users/Steve/Documents/SSRepository/Soul-Striker-Main/Soul Striker/Saved/UEDPCLevel_1F9A14D0D40478796FDF0D39012E3B808.tmp' to '../../../../../../Users/Steve/Documents/SSRepository/Soul-Striker-Main/Soul Striker/Saved/Autosaves/Game/Maps/UEDPCLevel_1.umap'
[2017.04.13-10.03.37:208][792]LogSavePackage:Display: Finished SavePackage ../../../../../../Users/Steve/Documents/SSRepository/Soul-Striker-Main/Soul Striker/Saved/Autosaves/Game/Maps/UEDPCLevel_1.umap
[2017.04.13-10.03.37:212][792]LogEditorTransaction: Undo Spawn Play From Here Start
[2017.04.13-10.06.33:249][308]LogEditorViewport: Clicking on Actor (LMB): superWallTop_C (superWallTop27)
[2017.04.13-10.06.45:705][755]LogEditorViewport: Clicking on Actor (LMB): superWallTop_C (superWallTop22)
[2017.04.13-10.06.53:442][610]LogEditorViewport: Clicking on Actor (LMB): StaticMeshActor (Floor19)
[2017.04.13-10.07.03:675][819]LogEditorViewport: Clicking on Actor (LMB): StaticMeshActor (Floor13)
[2017.04.13-10.07.14:177][ 57]LogEditorViewport: Clicking on Actor (LMB): NavMeshBoundsVolume (NavMeshBoundsVolume)
[2017.04.13-10.07.15:060][155]LogEditorViewport: Clicking on Actor (LMB): doorSwtich_C (doorSwtich2)
[2017.04.13-10.07.20:354][784]LogEditorViewport: Clicking on Actor (LMB): superWallTop_C (superWallTop22)
[2017.04.13-10.07.55:080][864]LogEditorViewport: Clicking on Actor (LMB): doorSwtich_C (doorSwtich2)
[2017.04.13-10.07.58:892][315]LogEditorViewport: Clicking on Actor (LMB): StaticMeshActor (Floor13)
[2017.04.13-10.08.16:404][387]Cmd: TRANSACTION UNDO
[2017.04.13-10.08.16:404][387]LogEditorTransaction: Undo Move Actors
[2017.04.13-10.08.16:678][412]Cmd: TRANSACTION UNDO
[2017.04.13-10.08.16:678][412]LogEditorTransaction: Undo Scale Actors
[2017.04.13-10.08.17:299][478]Cmd: TRANSACTION UNDO
[2017.04.13-10.08.17:299][478]LogEditorTransaction: Undo Move Actors
[2017.04.13-10.08.17:701][526]Cmd: TRANSACTION UNDO
[2017.04.13-10.08.17:701][526]LogEditorTransaction: Undo Scale Actors
[2017.04.13-10.08.18:510][623]Cmd: TRANSACTION UNDO
[2017.04.13-10.08.18:510][623]LogEditorTransaction: Undo Move Actors
[2017.04.13-10.08.18:945][675]Cmd: TRANSACTION UNDO
[2017.04.13-10.08.18:945][675]LogEditorTransaction: Undo Scale Actors
[2017.04.13-10.08.19:537][746]Cmd: TRANSACTION UNDO
[2017.04.13-10.08.19:537][746]LogEditorTransaction: Undo Clicking on Actors
[2017.04.13-10.08.21:476][970]LogEditorViewport: Clicking on Actor (LMB): superWallTop_C (superWallTop42)
[2017.04.13-10.08.31:479][158]Cmd: TRANSACTION UNDO
[2017.04.13-10.08.31:479][158]LogEditorTransaction: Undo Scale Actors
[2017.04.13-10.08.34:671][526]Cmd: TRANSACTION UNDO
[2017.04.13-10.08.34:671][526]LogEditorTransaction: Undo Clicking on Actors
[2017.04.13-10.08.35:384][596]LogEditorViewport: Clicking on Actor (LMB): superWallTop_C (superWallTop42)
[2017.04.13-10.08.36:170][684]Cmd: DELETE
[2017.04.13-10.08.36:170][684]Cmd: ACTOR DELETE
[2017.04.13-10.08.36:181][684]LogEditorActor: Deleted Actor: superWallTop_C
[2017.04.13-10.08.36:202][684]LogEditorActor: Deleted 1 Actors (0.031 secs)
[2017.04.13-10.08.38:526][963]LogEditorViewport: Clicking on Actor (LMB): doorSwtich_C (doorSwtich2)
[2017.04.13-10.08.43:862][399]LogSavePackage: Save=825.33ms
[2017.04.13-10.08.43:862][399]LogSavePackage: Moving '../../../../../../Users/Steve/Documents/SSRepository/Soul-Striker-Main/Soul Striker/Saved/Level_1AD89CE7A4CA5DACD390D838BEBFCC754.tmp' to '../../../../../../Users/Steve/Documents/SSRepository/Soul-Striker-Main/Soul Striker/Content/Maps/Level_1.umap'
[2017.04.13-10.08.43:868][399]LogSavePackage:Display: Finished SavePackage ../../../../../../Users/Steve/Documents/SSRepository/Soul-Striker-Main/Soul Striker/Content/Maps/Level_1.umap
[2017.04.13-10.08.50:712][ 86]LogSavePackage: Save=812.47ms
[2017.04.13-10.08.50:712][ 86]LogSavePackage: Moving '../../../../../../Users/Steve/Documents/SSRepository/Soul-Striker-Main/Soul Striker/Saved/UEDPCLevel_191166AFC48134C23DDB7B6A1F51CD2CC.tmp' to '../../../../../../Users/Steve/Documents/SSRepository/Soul-Striker-Main/Soul Striker/Saved/Autosaves/Game/Maps/UEDPCLevel_1.umap'
[2017.04.13-10.08.50:715][ 86]LogSavePackage:Display: Finished SavePackage ../../../../../../Users/Steve/Documents/SSRepository/Soul-Striker-Main/Soul Striker/Saved/Autosaves/Game/Maps/UEDPCLevel_1.umap
[2017.04.13-10.08.50:720][ 86]LogEditorTransaction: Undo Spawn Play From Here Start
[2017.04.13-10.09.17:726][712]LogSavePackage: Save=860.66ms
[2017.04.13-10.09.17:726][712]LogSavePackage: Moving '../../../../../../Users/Steve/Documents/SSRepository/Soul-Striker-Main/Soul Striker/Saved/UEDPCLevel_146F9958248499055278EBFB6FD028F75.tmp' to '../../../../../../Users/Steve/Documents/SSRepository/Soul-Striker-Main/Soul Striker/Saved/Autosaves/Game/Maps/UEDPCLevel_1.umap'
[2017.04.13-10.09.17:729][712]LogSavePackage:Display: Finished SavePackage ../../../../../../Users/Steve/Documents/SSRepository/Soul-Striker-Main/Soul Striker/Saved/Autosaves/Game/Maps/UEDPCLevel_1.umap
[2017.04.13-10.09.17:734][712]LogEditorTransaction: Undo Spawn Play From Here Start
[2017.04.13-10.10.52:699][488]LogSavePackage: Save=836.20ms
[2017.04.13-10.10.52:699][488]LogSavePackage: Moving '../../../../../../Users/Steve/Documents/SSRepository/Soul-Striker-Main/Soul Striker/Saved/UEDPCLevel_182B6FE484B364F4343E770BFB1978FC4.tmp' to '../../../../../../Users/Steve/Documents/SSRepository/Soul-Striker-Main/Soul Striker/Saved/Autosaves/Game/Maps/UEDPCLevel_1.umap'
[2017.04.13-10.10.52:702][488]LogSavePackage:Display: Finished SavePackage ../../../../../../Users/Steve/Documents/SSRepository/Soul-Striker-Main/Soul Striker/Saved/Autosaves/Game/Maps/UEDPCLevel_1.umap
[2017.04.13-10.10.52:708][488]LogEditorTransaction: Undo Spawn Play From Here Start
[2017.04.13-10.12.03:790][933]LogSavePackage: Save=842.23ms
[2017.04.13-10.12.03:790][933]LogSavePackage: Moving '../../../../../../Users/Steve/Documents/SSRepository/Soul-Striker-Main/Soul Striker/Saved/UEDPCLevel_1506F39C545AADDC551B802BE0321101F.tmp' to '../../../../../../Users/Steve/Documents/SSRepository/Soul-Striker-Main/Soul Striker/Saved/Autosaves/Game/Maps/UEDPCLevel_1.umap'
[2017.04.13-10.12.03:793][933]LogSavePackage:Display: Finished SavePackage ../../../../../../Users/Steve/Documents/SSRepository/Soul-Striker-Main/Soul Striker/Saved/Autosaves/Game/Maps/UEDPCLevel_1.umap
[2017.04.13-10.12.03:798][933]LogEditorTransaction: Undo Spawn Play From Here Start
[2017.04.13-10.13.11:152][399]LogSavePackage: Save=845.69ms
[2017.04.13-10.13.11:152][399]LogSavePackage: Moving '../../../../../../Users/Steve/Documents/SSRepository/Soul-Striker-Main/Soul Striker/Saved/UEDPCLevel_107101567452B20FDF190648F167D488A.tmp' to '../../../../../../Users/Steve/Documents/SSRepository/Soul-Striker-Main/Soul Striker/Saved/Autosaves/Game/Maps/UEDPCLevel_1.umap'
[2017.04.13-10.13.11:155][399]LogSavePackage:Display: Finished SavePackage ../../../../../../Users/Steve/Documents/SSRepository/Soul-Striker-Main/Soul Striker/Saved/Autosaves/Game/Maps/UEDPCLevel_1.umap
[2017.04.13-10.13.11:161][399]LogEditorTransaction: Undo Spawn Play From Here Start
[2017.04.13-10.14.16:172][845]LogSavePackage: Save=841.46ms
[2017.04.13-10.14.16:172][845]LogSavePackage: Moving '../../../../../../Users/Steve/Documents/SSRepository/Soul-Striker-Main/Soul Striker/Saved/UEDPCLevel_15CE6FCC844884A48F3880BBF828E9FE7.tmp' to '../../../../../../Users/Steve/Documents/SSRepository/Soul-Striker-Main/Soul Striker/Saved/Autosaves/Game/Maps/UEDPCLevel_1.umap'
[2017.04.13-10.14.16:175][845]LogSavePackage:Display: Finished SavePackage ../../../../../../Users/Steve/Documents/SSRepository/Soul-Striker-Main/Soul Striker/Saved/Autosaves/Game/Maps/UEDPCLevel_1.umap
[2017.04.13-10.14.16:180][845]LogEditorTransaction: Undo Spawn Play From Here Start
[2017.04.13-10.14.40:797][149]LogSavePackage: Save=850.10ms
[2017.04.13-10.14.40:797][149]LogSavePackage: Moving '../../../../../../Users/Steve/Documents/SSRepository/Soul-Striker-Main/Soul Striker/Saved/Level_1DD113CD947BBE1514E038C8CB8537371.tmp' to '../../../../../../Users/Steve/Documents/SSRepository/Soul-Striker-Main/Soul Striker/Content/Maps/Level_1.umap'
[2017.04.13-10.14.40:800][149]LogSavePackage:Display: Finished SavePackage ../../../../../../Users/Steve/Documents/SSRepository/Soul-Striker-Main/Soul Striker/Content/Maps/Level_1.umap
[2017.04.13-10.14.42:406][203]LogSavePackage: Save=922.59ms
[2017.04.13-10.14.42:406][203]LogSavePackage: Moving '../../../../../../Users/Steve/Documents/SSRepository/Soul-Striker-Main/Soul Striker/Saved/UEDPCLevel_12419C6AA421BC45DE329E19460DE6040.tmp' to '../../../../../../Users/Steve/Documents/SSRepository/Soul-Striker-Main/Soul Striker/Saved/Autosaves/Game/Maps/UEDPCLevel_1.umap'
[2017.04.13-10.14.42:410][203]LogSavePackage:Display: Finished SavePackage ../../../../../../Users/Steve/Documents/SSRepository/Soul-Striker-Main/Soul Striker/Saved/Autosaves/Game/Maps/UEDPCLevel_1.umap
[2017.04.13-10.14.42:418][203]LogEditorTransaction: Undo Spawn Play From Here Start
[2017.04.13-10.15.28:420][752]LogSavePackage: Save=842.40ms
[2017.04.13-10.15.28:420][752]LogSavePackage: Moving '../../../../../../Users/Steve/Documents/SSRepository/Soul-Striker-Main/Soul Striker/Saved/UEDPCLevel_19A2440D741947BC62164FEAEAFF64AB5.tmp' to '../../../../../../Users/Steve/Documents/SSRepository/Soul-Striker-Main/Soul Striker/Saved/Autosaves/Game/Maps/UEDPCLevel_1.umap'
[2017.04.13-10.15.28:423][752]LogSavePackage:Display: Finished SavePackage ../../../../../../Users/Steve/Documents/SSRepository/Soul-Striker-Main/Soul Striker/Saved/Autosaves/Game/Maps/UEDPCLevel_1.umap
[2017.04.13-10.15.28:428][752]LogEditorTransaction: Undo Spawn Play From Here Start
[2017.04.13-10.16.30:312][136]Cmd: QUIT_EDITOR
[2017.04.13-10.16.31:109][136]LogWindowsTextInputMethodSystem:Display: IME system now deactivated.
[2017.04.13-10.16.31:175][136]LogExit: Preparing to exit.
[2017.04.13-10.16.32:115][136]LogExit: Editor shut down
[2017.04.13-10.16.32:116][136]LogExit: Transaction tracking system shut down
[2017.04.13-10.16.32:310][136]LogObj: Freed 0b from 0 cluster array pools.
[2017.04.13-10.16.32:310][136]LogExit: Object subsystem successfully closed.
[2017.04.13-10.16.32:339][136]LogD3D11RHI: Shutdown
[2017.04.13-10.16.32:339][136]LogD3D11RHI: CleanupD3DDevice
[2017.04.13-10.16.32:437][136]LogD3D11RHI: ~FD3D11DynamicRHI
[2017.04.13-10.16.32:449][136]LogModuleManager: Shutting down and abandoning module BlueprintGraph (217)
[2017.04.13-10.16.32:449][136]LogModuleManager: Shutting down and abandoning module MovieSceneCapture (216)
[2017.04.13-10.16.32:449][136]LogModuleManager: Shutting down and abandoning module HierarchicalLODOutliner (215)
[2017.04.13-10.16.32:449][136]LogModuleManager: Shutting down and abandoning module CrashTracker (214)
[2017.04.13-10.16.32:449][136]LogModuleManager: Shutting down and abandoning module SceneOutliner (213)
[2017.04.13-10.16.32:449][136]LogModuleManager: Shutting down and abandoning module WidgetCarousel (212)
[2017.04.13-10.16.32:449][136]LogModuleManager: Shutting down and abandoning module AddContentDialog (211)
[2017.04.13-10.16.32:454][136]LogModuleManager: Shutting down and abandoning module GameplayTags (210)
[2017.04.13-10.16.32:454][136]LogModuleManager: Shutting down and abandoning module EditorWidgets (209)
[2017.04.13-10.16.32:454][136]LogModuleManager: Shutting down and abandoning module CollectionManager (208)
[2017.04.13-10.16.32:454][136]LogModuleManager: Shutting down and abandoning module StatsViewer (207)
[2017.04.13-10.16.32:454][136]LogModuleManager: Shutting down and abandoning module FoliageEdit (206)
[2017.04.13-10.16.32:454][136]LogModuleManager: Shutting down and abandoning module LandscapeEditor (205)
[2017.04.13-10.16.32:454][136]LogModuleManager: Shutting down and abandoning module SceneDepthPickerMode (204)
[2017.04.13-10.16.32:454][136]LogModuleManager: Shutting down and abandoning module ActorPickerMode (203)
[2017.04.13-10.16.32:454][136]LogModuleManager: Shutting down and abandoning module GeometryMode (202)
[2017.04.13-10.16.32:454][136]LogModuleManager: Shutting down and abandoning module TextureAlignMode (201)
[2017.04.13-10.16.32:454][136]LogModuleManager: Shutting down and abandoning module BspMode (200)
[2017.04.13-10.16.32:454][136]LogModuleManager: Shutting down and abandoning module HardwareSurvey (199)
[2017.04.13-10.16.32:454][136]LogModuleManager: Shutting down and abandoning module SequenceRecorderSections (198)
[2017.04.13-10.16.32:454][136]LogModuleManager: Shutting down and abandoning module SequenceRecorder (197)
[2017.04.13-10.16.32:454][136]LogModuleManager: Shutting down and abandoning module AutomationWorker (196)
[2017.04.13-10.16.32:454][136]LogModuleManager: Shutting down and abandoning module MatineeToLevelSequence (195)
[2017.04.13-10.16.32:454][136]LogModuleManager: Shutting down and abandoning module PlacementMode (194)
[2017.04.13-10.16.32:454][136]LogModuleManager: Shutting down and abandoning module LevelSequenceEditor (193)
[2017.04.13-10.16.32:455][136]LogModuleManager: Shutting down and abandoning module CharacterAI (192)
[2017.04.13-10.16.32:455][136]LogModuleManager: Shutting down and abandoning module SmartSnapping (191)
[2017.04.13-10.16.32:455][136]LogModuleManager: Shutting down and abandoning module SessionServices (190)
[2017.04.13-10.16.32:455][136]LogModuleManager: Shutting down and abandoning module ViewportSnapping (189)
[2017.04.13-10.16.32:455][136]LogModuleManager: Shutting down and abandoning module LogVisualizer (188)
[2017.04.13-10.16.32:455][136]LogModuleManager: Shutting down and abandoning module GameProjectGeneration (187)
[2017.04.13-10.16.32:455][136]LogModuleManager: Shutting down and abandoning module IntroTutorials (186)
[2017.04.13-10.16.32:455][136]LogModuleManager: Shutting down and abandoning module EditorLiveStreaming (185)
[2017.04.13-10.16.32:455][136]LogModuleManager: Shutting down and abandoning module IOSPlatformEditor (184)
[2017.04.13-10.16.32:455][136]LogModuleManager: Shutting down and abandoning module HTML5PlatformEditor (183)
[2017.04.13-10.16.32:455][136]LogModuleManager: Shutting down and abandoning module AndroidDeviceDetection (182)
[2017.04.13-10.16.32:991][136]LogModuleManager: Shutting down and abandoning module AndroidPlatformEditor (181)
[2017.04.13-10.16.32:991][136]LogModuleManager: Shutting down and abandoning module IOSRuntimeSettings (180)
[2017.04.13-10.16.32:992][136]LogModuleManager: Shutting down and abandoning module AndroidRuntimeSettings (179)
[2017.04.13-10.16.32:992][136]LogModuleManager: Shutting down and abandoning module MergeActors (178)
[2017.04.13-10.16.32:992][136]LogModuleManager: Shutting down and abandoning module SizeMap (177)
[2017.04.13-10.16.32:992][136]LogModuleManager: Shutting down and abandoning module TreeMap (176)
[2017.04.13-10.16.32:992][136]LogModuleManager: Shutting down and abandoning module ReferenceViewer (175)
[2017.04.13-10.16.32:992][136]LogModuleManager: Shutting down and abandoning module LocalizationService (174)
[2017.04.13-10.16.32:992][136]LogModuleManager: Shutting down and abandoning module LocalizationDashboard (173)
[2017.04.13-10.16.32:992][136]LogModuleManager: Shutting down and abandoning module HardwareTargeting (172)
[2017.04.13-10.16.32:992][136]LogModuleManager: Shutting down and abandoning module DeviceProfileEditor (171)
[2017.04.13-10.16.32:992][136]LogModuleManager: Shutting down and abandoning module UndoHistory (170)
[2017.04.13-10.16.32:992][136]LogModuleManager: Shutting down and abandoning module UserFeedback (169)
[2017.04.13-10.16.32:992][136]LogModuleManager: Shutting down and abandoning module XmlParser (168)
[2017.04.13-10.16.32:992][136]LogModuleManager: Shutting down and abandoning module Blutility (167)
[2017.04.13-10.16.32:992][136]LogModuleManager: Shutting down and abandoning module ProjectTargetPlatformEditor (166)
[2017.04.13-10.16.32:993][136]LogModuleManager: Shutting down and abandoning module ProjectSettingsViewer (165)
[2017.04.13-10.16.32:993][136]LogModuleManager: Shutting down and abandoning module InputBindingEditor (164)
[2017.04.13-10.16.32:993][136]LogModuleManager: Shutting down and abandoning module EditorSettingsViewer (163)
[2017.04.13-10.16.32:994][136]LogModuleManager: Shutting down and abandoning module SettingsEditor (162)
[2017.04.13-10.16.32:994][136]LogModuleManager: Shutting down and abandoning module ProjectLauncher (161)
[2017.04.13-10.16.32:994][136]LogModuleManager: Shutting down and abandoning module SessionFrontend (160)
[2017.04.13-10.16.32:994][136]LogModuleManager: Shutting down and abandoning module ProfilerClient (159)
[2017.04.13-10.16.32:994][136]LogModuleManager: Shutting down and abandoning module TargetDeviceServices (158)
[2017.04.13-10.16.32:994][136]LogModuleManager: Shutting down and abandoning module DeviceManager (157)
[2017.04.13-10.16.33:047][136]LogModuleManager: Shutting down and abandoning module AutomationController (156)
[2017.04.13-10.16.33:047][136]LogModuleManager: Shutting down and abandoning module AutomationWindow (155)
[2017.04.13-10.16.33:047][136]LogModuleManager: Shutting down and abandoning module Layers (154)
[2017.04.13-10.16.33:047][136]LogModuleManager: Shutting down and abandoning module ComponentVisualizers (153)
[2017.04.13-10.16.33:047][136]LogModuleManager: Shutting down and abandoning module DetailCustomizations (152)
[2017.04.13-10.16.33:047][136]LogModuleManager: Shutting down and abandoning module PackagesDialog (151)
[2017.04.13-10.16.33:047][136]LogModuleManager: Shutting down and abandoning module Persona (150)
[2017.04.13-10.16.33:047][136]LogModuleManager: Shutting down and abandoning module Kismet (149)
[2017.04.13-10.16.33:048][136]LogModuleManager: Shutting down and abandoning module GraphEditor (148)
[2017.04.13-10.16.33:048][136]LogModuleManager: Shutting down and abandoning module ClassViewer (147)
[2017.04.13-10.16.33:048][136]LogModuleManager: Shutting down and abandoning module Toolbox (146)
[2017.04.13-10.16.33:048][136]LogModuleManager: Shutting down and abandoning module ModuleUI (145)
[2017.04.13-10.16.33:048][136]LogModuleManager: Shutting down and abandoning module MovieSceneTools (144)
[2017.04.13-10.16.33:048][136]LogModuleManager: Shutting down and abandoning module OutputLog (143)
[2017.04.13-10.16.33:048][136]LogModuleManager: Shutting down and abandoning module GammaUI (142)
[2017.04.13-10.16.33:048][136]LogModuleManager: Shutting down and abandoning module Documentation (141)
[2017.04.13-10.16.33:048][136]LogModuleManager: Shutting down and abandoning module StreamingPauseRendering (140)
[2017.04.13-10.16.33:048][136]LogModuleManager: Shutting down and abandoning module AnalyticsET (139)
[2017.04.13-10.16.33:048][136]LogModuleManager: Shutting down and abandoning module Analytics (138)
[2017.04.13-10.16.33:048][136]LogModuleManager: Shutting down and abandoning module PortalServices (137)
[2017.04.13-10.16.33:048][136]LogModuleManager: Shutting down and abandoning module PortalRpc (136)
[2017.04.13-10.16.33:048][136]LogModuleManager: Shutting down and abandoning module MessagingRpc (135)
[2017.04.13-10.16.33:048][136]LogModuleManager: Shutting down and abandoning module GameplayDebugger (134)
[2017.04.13-10.16.33:048][136]LogModuleManager: Shutting down and abandoning module AITestSuite (133)
[2017.04.13-10.16.33:048][136]LogModuleManager: Shutting down and abandoning module AIModule (132)
[2017.04.13-10.16.33:048][136]LogModuleManager: Shutting down and abandoning module ProfilerService (131)
[2017.04.13-10.16.33:215][136]LogModuleManager: Shutting down and abandoning module TaskGraph (130)
[2017.04.13-10.16.33:215][136]LogModuleManager: Shutting down and abandoning module SubstanceEditor (129)
[2017.04.13-10.16.33:216][136]LogModuleManager: Shutting down and abandoning module SlateRemote (128)
[2017.04.13-10.16.33:216][136]LogModuleManager: Shutting down and abandoning module SteamVRController (127)
[2017.04.13-10.16.33:216][136]LogModuleManager: Shutting down and abandoning module SteamVR (126)
[2017.04.13-10.16.33:216][136]LogModuleManager: Shutting down and abandoning module ProceduralMeshComponent (125)
[2017.04.13-10.16.33:216][136]LogModuleManager: Shutting down and abandoning module OculusLibrary (124)
[2017.04.13-10.16.33:216][136]LogModuleManager: Shutting down and abandoning module OculusInput (123)
[2017.04.13-10.16.33:216][136]LogModuleManager: Shutting down and abandoning module CustomMeshComponent (122)
[2017.04.13-10.16.33:216][136]LogModuleManager: Shutting down and abandoning module CableComponent (121)
[2017.04.13-10.16.33:216][136]LogModuleManager: Shutting down and abandoning module ArchVisCharacter (120)
[2017.04.13-10.16.33:216][136]LogModuleManager: Shutting down and abandoning module MediaPlayerEditor (119)
[2017.04.13-10.16.33:216][136]LogModuleManager: Shutting down and abandoning module HTML5Networking (118)
[2017.04.13-10.16.33:216][136]LogModuleManager: Shutting down and abandoning module SuperSearch (117)
[2017.04.13-10.16.33:216][136]LogModuleManager: Shutting down and abandoning module SuperSearchEditor (116)
[2017.04.13-10.16.33:216][136]LogModuleManager: Shutting down and abandoning module SpeedTreeImporter (115)
[2017.04.13-10.16.33:216][136]LogModuleManager: Shutting down and abandoning module PluginBrowser (114)
[2017.04.13-10.16.33:217][136]LogModuleManager: Shutting down and abandoning module EpicSurvey (113)
[2017.04.13-10.16.33:217][136]LogModuleManager: Shutting down and abandoning module DesktopPlatform (112)
[2017.04.13-10.16.33:217][136]LogModuleManager: Shutting down and abandoning module VisualStudioSourceCodeAccess (111)
[2017.04.13-10.16.33:217][136]LogModuleManager: Shutting down and abandoning module UObjectPlugin (110)
[2017.04.13-10.16.33:217][136]LogModuleManager: Shutting down and abandoning module SubversionSourceControl (109)
[2017.04.13-10.16.33:217][136]LogModuleManager: Shutting down and abandoning module PerforceSourceControl (108)
[2017.04.13-10.16.33:217][136]LogModuleManager: Shutting down and abandoning module SourceControl (107)
[2017.04.13-10.16.33:217][136]LogModuleManager: Shutting down and abandoning module GitSourceControl (106)
[2017.04.13-10.16.33:217][136]LogModuleManager: Shutting down and abandoning module LightPropagationVolumeEditor (105)
[2017.04.13-10.16.33:217][136]LogModuleManager: Shutting down and abandoning module PaperTiledImporter (104)
[2017.04.13-10.16.33:217][136]LogModuleManager: Shutting down and abandoning module PaperSpriteSheetImporter (103)
[2017.04.13-10.16.33:217][136]LogModuleManager: Shutting down and abandoning module MeshPaint (102)
[2017.04.13-10.16.33:217][136]LogModuleManager: Shutting down and abandoning module PixelInspectorModule (101)
[2017.04.13-10.16.33:218][136]LogModuleManager: Shutting down and abandoning module HotReload (100)
[2017.04.13-10.16.33:241][136]LogModuleManager: Shutting down and abandoning module MainFrame (99)
[2017.04.13-10.16.33:241][136]LogModuleManager: Shutting down and abandoning module LevelEditor (98)
[2017.04.13-10.16.33:245][136]LogModuleManager: Shutting down and abandoning module ContentBrowser (97)
[2017.04.13-10.16.33:250][136]LogModuleManager: Shutting down and abandoning module Paper2DEditor (96)
[2017.04.13-10.16.33:250][136]LogModuleManager: Shutting down and abandoning module UdpMessaging (95)
[2017.04.13-10.16.33:351][136]LogModuleManager: Shutting down and abandoning module SubstanceCore (94)
[2017.04.13-10.16.33:351][136]LogModuleManager: Shutting down and abandoning module LightPropagationVolumeRuntime (93)
[2017.04.13-10.16.33:351][136]LogModuleManager: Shutting down and abandoning module Paper2D (92)
[2017.04.13-10.16.33:351][136]LogModuleManager: Shutting down and abandoning module WindowsMoviePlayer (91)
[2017.04.13-10.16.33:351][136]LogModuleManager: Shutting down and abandoning module Media (90)
[2017.04.13-10.16.33:351][136]LogModuleManager: Shutting down and abandoning module WmfMedia (89)
[2017.04.13-10.16.33:352][136]LogModuleManager: Shutting down and abandoning module MediaAssets (88)
[2017.04.13-10.16.33:352][136]LogModuleManager: Shutting down and abandoning module GameLiveStreaming (87)
[2017.04.13-10.16.33:353][136]LogModuleManager: Shutting down and abandoning module GameplayTagsEditor (86)
[2017.04.13-10.16.33:353][136]LogModuleManager: Shutting down and abandoning module OnlineBlueprintSupport (85)
[2017.04.13-10.16.33:353][136]LogModuleManager: Shutting down and abandoning module VREditor (84)
[2017.04.13-10.16.33:353][136]LogModuleManager: Shutting down and abandoning module GameplayTasksEditor (83)
[2017.04.13-10.16.33:353][136]LogModuleManager: Shutting down and abandoning module PropertyEditor (82)
[2017.04.13-10.16.33:353][136]LogModuleManager: Shutting down and abandoning module BehaviorTreeEditor (81)
[2017.04.13-10.16.33:353][136]LogModuleManager: Shutting down and abandoning module FunctionalTesting (80)
[2017.04.13-10.16.33:353][136]LogModuleManager: Shutting down and abandoning module CollisionAnalyzer (79)
[2017.04.13-10.16.33:353][136]LogModuleManager: Shutting down and abandoning module Sequencer (78)
[2017.04.13-10.16.33:354][136]LogModuleManager: Shutting down and abandoning module WorkspaceMenuStructure (77)
[2017.04.13-10.16.33:354][136]LogModuleManager: Shutting down and abandoning module MessageLog (76)
[2017.04.13-10.16.33:354][136]LogModuleManager: Shutting down and abandoning module AssetTools (75)
[2017.04.13-10.16.33:354][136]LogModuleManager: Shutting down and abandoning module UMGEditor (74)
[2017.04.13-10.16.33:354][136]LogModuleManager: Shutting down and abandoning module UMG (73)
[2017.04.13-10.16.33:354][136]LogModuleManager: Shutting down and abandoning module SlateReflector (72)
[2017.04.13-10.16.33:354][136]LogModuleManager: Shutting down and abandoning module Slate (71)
[2017.04.13-10.16.33:354][136]LogModuleManager: Shutting down and abandoning module EditorStyle (70)
[2017.04.13-10.16.33:365][136]LogModuleManager: Shutting down and abandoning module SourceCodeAccess (69)
[2017.04.13-10.16.33:365][136]LogModuleManager: Shutting down and abandoning module HeadMountedDisplay (68)
[2017.04.13-10.16.33:365][136]LogModuleManager: Shutting down and abandoning module XAudio2 (67)
[2017.04.13-10.16.33:365][136]LogModuleManager: Shutting down and abandoning module Networking (65)
[2017.04.13-10.16.33:365][136]LogModuleManager: Shutting down and abandoning module Core (64)
[2017.04.13-10.16.33:365][136]LogModuleManager: Shutting down and abandoning module DirectoryWatcher (63)
[2017.04.13-10.16.33:375][136]LogModuleManager: Shutting down and abandoning module AssetRegistry (62)
[2017.04.13-10.16.33:517][136]LogModuleManager: Shutting down and abandoning module KismetCompiler (61)
[2017.04.13-10.16.33:517][136]LogModuleManager: Shutting down and abandoning module PhysXFormats (60)
[2017.04.13-10.16.33:517][136]LogModuleManager: Shutting down and abandoning module MeshUtilities (59)
[2017.04.13-10.16.33:517][136]LogModuleManager: Shutting down and abandoning module DerivedDataCache (58)
[2017.04.13-10.16.33:562][136]LogDerivedDataCache: Shutdown
[2017.04.13-10.16.33:562][136]LogModuleManager: Shutting down and abandoning module VulkanShaderFormat (57)
[2017.04.13-10.16.33:562][136]LogModuleManager: Shutting down and abandoning module ShaderFormatOpenGL (56)
[2017.04.13-10.16.33:562][136]LogModuleManager: Shutting down and abandoning module ShaderFormatD3D (55)
[2017.04.13-10.16.33:562][136]LogModuleManager: Shutting down and abandoning module MetalShaderFormat (54)
[2017.04.13-10.16.33:562][136]LogModuleManager: Shutting down and abandoning module TextureFormatUncompressed (53)
[2017.04.13-10.16.33:562][136]LogModuleManager: Shutting down and abandoning module TextureFormatPVR (52)
[2017.04.13-10.16.33:562][136]LogModuleManager: Shutting down and abandoning module TextureFormatIntelISPCTexComp (51)
[2017.04.13-10.16.33:562][136]LogModuleManager: Shutting down and abandoning module TextureFormatDXT (50)
[2017.04.13-10.16.33:562][136]LogModuleManager: Shutting down and abandoning module ImageWrapper (49)
[2017.04.13-10.16.33:563][136]LogModuleManager: Shutting down and abandoning module TextureFormatASTC (48)
[2017.04.13-10.16.33:563][136]LogModuleManager: Shutting down and abandoning module TextureFormatAndroid (47)
[2017.04.13-10.16.33:563][136]LogModuleManager: Shutting down and abandoning module AudioFormatOpus (46)
[2017.04.13-10.16.33:563][136]LogModuleManager: Shutting down and abandoning module AudioFormatOgg (45)
[2017.04.13-10.16.33:563][136]LogModuleManager: Shutting down and abandoning module AudioFormatADPCM (44)
[2017.04.13-10.16.33:563][136]LogModuleManager: Shutting down and abandoning module LinuxTargetPlatform (43)
[2017.04.13-10.16.33:563][136]LogModuleManager: Shutting down and abandoning module LinuxServerTargetPlatform (42)
[2017.04.13-10.16.33:563][136]LogModuleManager: Shutting down and abandoning module LinuxNoEditorTargetPlatform (41)
[2017.04.13-10.16.33:563][136]LogModuleManager: Shutting down and abandoning module TVOSTargetPlatform (40)
[2017.04.13-10.16.33:563][136]LogModuleManager: Shutting down and abandoning module Messaging (39)
[2017.04.13-10.16.33:563][136]LogModuleManager: Shutting down and abandoning module IOSTargetPlatform (38)
[2017.04.13-10.16.33:563][136]LogModuleManager: Shutting down and abandoning module HTML5TargetPlatform (37)
[2017.04.13-10.16.33:563][136]LogModuleManager: Shutting down and abandoning module Android_PVRTCTargetPlatform (36)
[2017.04.13-10.16.33:563][136]LogModuleManager: Shutting down and abandoning module Android_MultiTargetPlatform (35)
[2017.04.13-10.16.33:563][136]LogModuleManager: Shutting down and abandoning module Android_ETC2TargetPlatform (34)
[2017.04.13-10.16.33:563][136]LogModuleManager: Shutting down and abandoning module Android_ETC1TargetPlatform (33)
[2017.04.13-10.16.33:563][136]LogModuleManager: Shutting down and abandoning module Android_DXTTargetPlatform (32)
[2017.04.13-10.16.33:563][136]LogModuleManager: Shutting down and abandoning module Android_ATCTargetPlatform (31)
[2017.04.13-10.16.33:563][136]LogModuleManager: Shutting down and abandoning module Android_ASTCTargetPlatform (30)
[2017.04.13-10.16.33:563][136]LogModuleManager: Shutting down and abandoning module AndroidTargetPlatform (29)
[2017.04.13-10.16.33:563][136]LogModuleManager: Shutting down and abandoning module WindowsTargetPlatform (28)
[2017.04.13-10.16.33:563][136]LogModuleManager: Shutting down and abandoning module WindowsServerTargetPlatform (27)
[2017.04.13-10.16.33:563][136]LogModuleManager: Shutting down and abandoning module WindowsNoEditorTargetPlatform (26)
[2017.04.13-10.16.33:563][136]LogModuleManager: Shutting down and abandoning module WindowsClientTargetPlatform (25)
[2017.04.13-10.16.33:563][136]LogModuleManager: Shutting down and abandoning module AllDesktopTargetPlatform (24)
[2017.04.13-10.16.33:563][136]LogModuleManager: Shutting down and abandoning module TargetPlatform (23)
[2017.04.13-10.16.33:564][136]LogModuleManager: Shutting down and abandoning module InputCore (22)
[2017.04.13-10.16.33:564][136]LogModuleManager: Shutting down and abandoning module Settings (21)
[2017.04.13-10.16.33:564][136]LogModuleManager: Shutting down and abandoning module OnlineSubsystem (19)
[2017.04.13-10.16.33:564][136]LogModuleManager: Shutting down and abandoning module HTTP (18)
[2017.04.13-10.16.35:067][136]LogModuleManager: Shutting down and abandoning module XMPP (17)
[2017.04.13-10.16.35:067][136]LogModuleManager: Shutting down and abandoning module OculusRift (16)
[2017.04.13-10.16.35:067][136]LogModuleManager: Shutting down and abandoning module ExampleDeviceProfileSelector (15)
[2017.04.13-10.16.35:067][136]LogModuleManager: Shutting down and abandoning module TextureCompressor (14)
[2017.04.13-10.16.35:068][136]LogModuleManager: Shutting down and abandoning module ShaderCore (13)
[2017.04.13-10.16.35:068][136]LogModuleManager: Shutting down and abandoning module Landscape (12)
[2017.04.13-10.16.35:068][136]LogModuleManager: Shutting down and abandoning module SlateRHIRenderer (11)
[2017.04.13-10.16.35:091][136]LogModuleManager: Shutting down and abandoning module OpenGLDrv (10)
[2017.04.13-10.16.35:091][136]LogModuleManager: Shutting down and abandoning module D3D11RHI (9)
[2017.04.13-10.16.35:091][136]LogModuleManager: Shutting down and abandoning module AnimGraphRuntime (8)
[2017.04.13-10.16.35:091][136]LogModuleManager: Shutting down and abandoning module Renderer (7)
[2017.04.13-10.16.35:091][136]LogModuleManager: Shutting down and abandoning module Engine (6)
[2017.04.13-10.16.35:091][136]LogModuleManager: Shutting down and abandoning module CoreUObject (5)
[2017.04.13-10.16.35:091][136]LogModuleManager: Shutting down and abandoning module NetworkFile (4)
[2017.04.13-10.16.35:091][136]LogModuleManager: Shutting down and abandoning module StreamingFile (3)
[2017.04.13-10.16.35:091][136]LogModuleManager: Shutting down and abandoning module SandboxFile (2)
[2017.04.13-10.16.35:091][136]LogModuleManager: Shutting down and abandoning module PakFile (1)
[2017.04.13-10.16.35:094][136]LogExit: Exiting.
[2017.04.13-10.16.35:104][136]Log file closed, 04/13/17 06:16:35
