Log file open, 03/30/17 03:28:21
LogInit:Display: Running engine for game: SoulStriker
LogPlatformFile: Not using cached read wrapper
LogInit:Display: RandInit(1709521373) SRandInit(1709521375).
LogTaskGraph: Started task graph with 4 named threads and 7 total threads with 1 sets of task threads.
LogStats: Stats thread started at 0.078564
LogInit: Version: 4.12.5-3039270+++UE4+Release-4.12
LogInit: API Version: 2992821
LogInit: Net Version: 3039270
LogDevObjectVersion: Number of dev versions registered: 13
LogDevObjectVersion:   Dev-Blueprints (B0D832E4-1F89-4F0D-ACCF-7EB736FD4AA2): 3
LogDevObjectVersion:   Dev-Build (E1C64328-A22C-4D53-A36C-8E866417BD8C): 0
LogDevObjectVersion:   Dev-Core (375EC13C-06E4-48FB-B500-84F0262A717E): 1
LogDevObjectVersion:   Dev-Editor (E4B068ED-F494-42E9-A231-DA0B2E46BB41): 2
LogDevObjectVersion:   Dev-Framework (CFFC743F-43B0-4480-9391-14DF171D2073): 6
LogDevObjectVersion:   Dev-Mobile (B02B49B5-BB20-44E9-A304-32B752E40360): 0
LogDevObjectVersion:   Dev-Networking (A4E4105C-59A1-49B5-A7C5-40C4547EDFEE): 0
LogDevObjectVersion:   Dev-Online (39C831C9-5AE6-47DC-9A44-9C173E1C8E7C): 0
LogDevObjectVersion:   Dev-Physics (78F01B33-EBEA-4F98-B9B4-84EACCB95AA2): 0
LogDevObjectVersion:   Dev-Platform (6631380F-2D4D-43E0-8009-CF276956A95A): 0
LogDevObjectVersion:   Dev-Rendering (12F88B9F-8875-4AFC-A67C-D90C383ABD29): 2
LogDevObjectVersion:   Dev-Sequencer (7B5AE74C-D270-4C10-A958-57980B212A5A): 0
LogDevObjectVersion:   Dev-VR (D7296918-1DD6-4BDD-9DE2-64A83CC13884): 0
LogInit: Compiled (64-bit): Jul  6 2016 09:09:46
LogInit: Compiled with Visual C++: 19.00.23026.00
LogInit: Build Configuration: Development
LogInit: Branch Name: ++UE4+Release-4.12
LogInit: Command line: -EpicPortal 
LogInit: Base directory: C:/Program Files (x86)/Epic Games/4.12/Engine/Binaries/Win64/
LogInit: Installed Engine Build: 1
LogInit: Using libcurl 7.41.0
LogInit:  - built for x86_64-pc-win32
LogInit:  - supports SSL with WinSSL
LogInit:  - other features:
LogInit:      CURL_VERSION_SSL
LogInit:      CURL_VERSION_IPV6
LogInit:      CURL_VERSION_ASYNCHDNS
LogInit:      CURL_VERSION_LARGEFILE
LogInit:      CURL_VERSION_IDN
LogInit:  CurlRequestOptions (configurable via config and command line):
LogInit:  - bVerifyPeer = true  - Libcurl will verify peer certificate
LogInit:  - bUseHttpProxy = false  - Libcurl will NOT use HTTP proxy
LogInit:  - bDontReuseConnections = false  - Libcurl will reuse connections
LogInit:  - CertBundlePath = nullptr  - Libcurl will use whatever was configured at build time.
LogInit: Presizing for max 8388607 objects, including 0 objects not considered by GC, pre-allocating 0 bytes for permanent pool.
LogInit: Object subsystem initialized
[2017.03.30-07.28.21:229][  0]LogInit: Selected Device Profile: [Windows]
[2017.03.30-07.28.21:229][  0]LogInit: Applying CVar settings loaded from the selected device profile: [Windows]
[2017.03.30-07.28.21:239][  0]LogInit: Computer: MSI
[2017.03.30-07.28.21:239][  0]LogInit: User: armorias
[2017.03.30-07.28.21:239][  0]LogInit: CPU Page size=65536, Cores=4
[2017.03.30-07.28.21:239][  0]LogInit: High frequency timer resolution =2.531247 MHz
[2017.03.30-07.28.21:240][  0]LogMemory: Memory total: Physical=11.9GB (12GB approx)
[2017.03.30-07.28.21:240][  0]LogMemory: Platform Memory Stats for Windows
[2017.03.30-07.28.21:240][  0]LogMemory: Process Physical Memory: 191.88 MB used, 191.88 MB peak
[2017.03.30-07.28.21:240][  0]LogMemory: Process Virtual Memory: 195.29 MB used, 195.29 MB peak
[2017.03.30-07.28.21:240][  0]LogMemory: Physical Memory: 6223.36 MB used, 12166.60 MB total
[2017.03.30-07.28.21:240][  0]LogMemory: Virtual Memory: 553.81 MB used, 134217728.00 MB total
[2017.03.30-07.28.21:285][  0]LogTextLocalizationManager: No specific translations for ('en-US') exist, so ('en') translations will be used.
[2017.03.30-07.28.21:752][  0]LogD3D11RHI: D3D11 adapters:
[2017.03.30-07.28.22:356][  0]LogD3D11RHI:    0. 'NVIDIA GeForce GTX 960M' (Feature Level 11_0)
[2017.03.30-07.28.22:356][  0]LogD3D11RHI:       2018/0/6083 MB DedicatedVideo/DedicatedSystem/SharedSystem, Outputs:2, VendorId:0x10de
[2017.03.30-07.28.22:365][  0]LogD3D11RHI:    1. 'Intel(R) HD Graphics 530' (Feature Level 11_0)
[2017.03.30-07.28.22:365][  0]LogD3D11RHI:       128/0/6083 MB DedicatedVideo/DedicatedSystem/SharedSystem, Outputs:0, VendorId:0x8086
[2017.03.30-07.28.22:367][  0]LogD3D11RHI:    2. 'Microsoft Basic Render Driver' (Feature Level 11_0)
[2017.03.30-07.28.22:367][  0]LogD3D11RHI:       0/0/6083 MB DedicatedVideo/DedicatedSystem/SharedSystem, Outputs:0, VendorId:0x1414
[2017.03.30-07.28.22:367][  0]LogD3D11RHI: Chosen D3D11 Adapter: 0
[2017.03.30-07.28.22:377][  0]LogD3D11RHI: Creating new Direct3DDevice
[2017.03.30-07.28.22:377][  0]LogD3D11RHI:     GPU DeviceId: 0x139b (for the marketing name, search the web for "GPU Device Id")
[2017.03.30-07.28.22:377][  0]LogWindows: EnumDisplayDevices:
[2017.03.30-07.28.22:377][  0]LogWindows:    0. 'Intel(R) HD Graphics 530' (P:0 D:1)
[2017.03.30-07.28.22:378][  0]LogWindows:    1. 'Intel(R) HD Graphics 530' (P:1 D:1)
[2017.03.30-07.28.22:378][  0]LogWindows:    2. 'Intel(R) HD Graphics 530' (P:0 D:0)
[2017.03.30-07.28.22:378][  0]LogWindows: DebugString: PrimaryIsNotTheChoosenAdapter PrimaryIsNotTheChoosenAdapter PrimaryIsNotTheChoosenAdapter FoundDriverCount:0 
[2017.03.30-07.28.22:378][  0]LogD3D11RHI:     Adapter Name: NVIDIA GeForce GTX 960M
[2017.03.30-07.28.22:378][  0]LogD3D11RHI:   Driver Version: Unknown (internal:Unknown, unified:Unknown)
[2017.03.30-07.28.22:379][  0]LogD3D11RHI:      Driver Date: Unknown
[2017.03.30-07.28.22:379][  0]LogRHI: Texture pool is 1361 MB (70% of 1945 MB)
[2017.03.30-07.28.22:935][  0]LogD3D11RHI: Async texture creation enabled
[2017.03.30-07.28.22:970][  0]LogD3D11RHI: GPU Timing Frequency: 1000.000000 (Debug: 2 1)
[2017.03.30-07.28.22:970][  0]LogShaderCompilers: Guid format shader working directory is -8 characters bigger than the processId version (D:/SoulStriker_MainFolder/Soul-Striker-Main/Soul Striker/Intermediate/Shaders/WorkingDirectory/13560/).
[2017.03.30-07.28.22:970][  0]LogShaderCompilers: Cleaned the shader compiler working directory 'C:/Users/armorias/AppData/Local/Temp/UnrealShaderWorkingDir/E3BC347542628FF6421935AFFD550E61/'.
[2017.03.30-07.28.22:970][  0]LogShaderCompilers:Display: Using Local Shader Compiler.
[2017.03.30-07.28.23:877][  0]LogTemp:Display: Loaded TP AllDesktopTargetPlatform
[2017.03.30-07.28.23:887][  0]LogTemp:Display: Loaded TP WindowsClientTargetPlatform
[2017.03.30-07.28.23:897][  0]LogTemp:Display: Loaded TP WindowsNoEditorTargetPlatform
[2017.03.30-07.28.23:907][  0]LogTemp:Display: Loaded TP WindowsServerTargetPlatform
[2017.03.30-07.28.23:916][  0]LogTemp:Display: Loaded TP WindowsTargetPlatform
[2017.03.30-07.28.23:924][  0]LogTemp:Display: Loaded TP AndroidTargetPlatform
[2017.03.30-07.28.23:932][  0]LogTemp:Display: Loaded TP Android_ASTCTargetPlatform
[2017.03.30-07.28.23:939][  0]LogTemp:Display: Loaded TP Android_ATCTargetPlatform
[2017.03.30-07.28.23:947][  0]LogTemp:Display: Loaded TP Android_DXTTargetPlatform
[2017.03.30-07.28.23:954][  0]LogTemp:Display: Loaded TP Android_ETC1TargetPlatform
[2017.03.30-07.28.23:961][  0]LogTemp:Display: Loaded TP Android_ETC2TargetPlatform
[2017.03.30-07.28.23:976][  0]LogTemp:Display: Loaded TP Android_MultiTargetPlatform
[2017.03.30-07.28.23:976][  0]LogTemp:Display: Loaded TP Android_PVRTCTargetPlatform
[2017.03.30-07.28.23:977][  0]LogTemp:Display: Loaded TP HTML5TargetPlatform
[2017.03.30-07.28.23:998][  0]LogTemp:Display: Loaded TP IOSTargetPlatform
[2017.03.30-07.28.24:006][  0]LogTemp:Display: Loaded TP TVOSTargetPlatform
[2017.03.30-07.28.24:020][  0]LogTemp:Display: Loaded TP LinuxNoEditorTargetPlatform
[2017.03.30-07.28.24:035][  0]LogTemp:Display: Loaded TP LinuxServerTargetPlatform
[2017.03.30-07.28.24:044][  0]LogTemp:Display: Loaded TP LinuxTargetPlatform
[2017.03.30-07.28.24:044][  0]LogTargetPlatformManager:Display: Building Assets For Windows
[2017.03.30-07.28.24:118][  0]LogDerivedDataCache:Display: Max Cache Size: 512 MB
[2017.03.30-07.28.24:167][  0]LogDerivedDataCache: Loaded boot cache 0.05s 48MB C:/Users/armorias/AppData/Local/UnrealEngine/4.12/DerivedDataCache/Boot.ddc.
[2017.03.30-07.28.24:168][  0]LogDerivedDataCache:Display: Loaded Boot cache: C:/Users/armorias/AppData/Local/UnrealEngine/4.12/DerivedDataCache/Boot.ddc
[2017.03.30-07.28.24:168][  0]LogDerivedDataCache: FDerivedDataBackendGraph:  Pak pak cache file D:/SoulStriker_MainFolder/Soul-Striker-Main/Soul Striker/DerivedDataCache/DDC.ddp not found, will not use a pak cache.
[2017.03.30-07.28.24:168][  0]LogDerivedDataCache: Unable to find inner node Pak for hierarchical cache Hierarchy.
[2017.03.30-07.28.24:168][  0]LogDerivedDataCache: FDerivedDataBackendGraph:  CompressedPak pak cache file D:/SoulStriker_MainFolder/Soul-Striker-Main/Soul Striker/DerivedDataCache/Compressed.ddp not found, will not use a pak cache.
[2017.03.30-07.28.24:168][  0]LogDerivedDataCache: Unable to find inner node CompressedPak for hierarchical cache Hierarchy.
[2017.03.30-07.28.24:185][  0]LogDerivedDataCache:Display: Pak cache opened for reading ../../../Engine/DerivedDataCache/Compressed.ddp.
[2017.03.30-07.28.24:197][  0]LogDerivedDataCache: Using Local data cache path C:/Users/armorias/AppData/Local/UnrealEngine/Common/DerivedDataCache: Writable
[2017.03.30-07.28.24:367][  0]LogInit: Selected Device Profile: [Windows]
[2017.03.30-07.28.24:367][  0]LogContentStreaming: Texture pool size is 0.00 MB
[2017.03.30-07.28.24:529][  0]LogMeshUtilities: No automatic mesh reduction module available
[2017.03.30-07.28.24:529][  0]LogMeshUtilities: No automatic mesh merging module available
[2017.03.30-07.28.24:529][  0]LogMeshUtilities: No distributed automatic mesh merging module available
[2017.03.30-07.28.24:767][  0]LogAssetRegistry: FAssetRegistry took 0.0219 seconds to start up
[2017.03.30-07.28.24:792][  0]LogPackageLocalizationCache: Processed 3 localized package path(s) for 2 prioritized culture(s) in 0.021893 seconds
[2017.03.30-07.28.24:798][  0]LogUObjectArray: 28739 objects as part of root set at end of initial load.
[2017.03.30-07.28.24:798][  0]LogUObjectAllocator: 5855624 out of 0 bytes used by permanent object pool.
[2017.03.30-07.28.24:798][  0]LogUObjectArray: CloseDisregardForGC: 0/0 objects in disregard for GC pool
[2017.03.30-07.28.24:806][  0]LogInit: WinSock: version 1.1 (2.2), MaxSocks=32767, MaxUdp=65467
[2017.03.30-07.28.24:973][  0]LogSlate: SlateFontCache - WITH_FREETYPE: 1, WITH_HARFBUZZ: 1
[2017.03.30-07.28.24:973][  0]LogSlate: SlateFontCache - WITH_FREETYPE: 1, WITH_HARFBUZZ: 1
[2017.03.30-07.28.25:585][  0]LogSubstanceCoreModule: Substance CPU Engine Loaded, Max Texture Size 2048
[2017.03.30-07.28.25:594][  0]LogUdpMessaging: Initializing bridge on interface 0.0.0.0:0 to multicast group 230.0.0.1:6666.
[2017.03.30-07.28.25:854][  0]SourceControl: Info Source control is disabled
[2017.03.30-07.28.25:855][  0]SourceControl: Info Source control is disabled
[2017.03.30-07.28.25:864][  0]SourceControl: Info Source control is disabled
[2017.03.30-07.28.25:874][  0]SourceControl: Info Source control is disabled
[2017.03.30-07.28.26:120][  0]LogEngine: Initializing Engine...
[2017.03.30-07.28.26:121][  0]LogHMD: SteamVR failed to initialize.  Err: 110
[2017.03.30-07.28.26:122][  0]LogHMD: SteamVR failed to initialize.  Err: 110
[2017.03.30-07.28.26:258][  0]LogAIModule: Creating AISystem for world NewWorld
[2017.03.30-07.28.26:263][  0]LogInit: XAudio2 using 'Speakers (Realtek High Definition Audio)' : 2 channels at 48 kHz using 32 bits per sample (channel mask 0x3)
[2017.03.30-07.28.26:331][  0]LogInit: FAudioDevice initialized.
[2017.03.30-07.28.26:356][  0]LogDerivedDataCache: Saved boot cache 0.02s 48MB C:/Users/armorias/AppData/Local/UnrealEngine/4.12/DerivedDataCache/Boot.ddc.
[2017.03.30-07.28.26:364][  0]LogInit: Texture streaming: Enabled
[2017.03.30-07.28.26:389][  0]LogInit: Transaction tracking system initialized
[2017.03.30-07.28.26:411][  0]BlueprintLog: New page: Editor Load
[2017.03.30-07.28.26:480][  0]LocalizationService: Info Localization service is disabled
[2017.03.30-07.28.26:555][  0]LogConsoleResponse:Display: 
[2017.03.30-07.28.26:652][  0]LogCook:Display: Max memory allowance for cook 8192mb
[2017.03.30-07.28.26:652][  0]LogCook:Display: Mobile HDR setting 1
[2017.03.30-07.28.26:756][  0]LogFileCache: Scanning file cache for directory 'D:/SoulStriker_MainFolder/Soul-Striker-Main/Soul Striker/Content/' took 0.01s
[2017.03.30-07.28.26:756][  0]SourceControl: Info Source control is disabled
[2017.03.30-07.28.26:757][  0]Cmd: MAP LOAD FILE="D:/SoulStriker_MainFolder/Soul-Striker-Main/Soul Striker/Content/ThirdPersonBP/Maps/ThirdPersonExampleMap.umap" TEMPLATE=0 SHOWPROGRESS=1 FEATURELEVEL=3
[2017.03.30-07.28.26:757][  0]LightingResults: New page: Lighting Build
[2017.03.30-07.28.26:760][  0]MapCheck: New page: Map Check
[2017.03.30-07.28.26:760][  0]LightingResults: New page: Lighting Build
[2017.03.30-07.28.27:841][  0]LogBlueprint:Warning: Compiler Warning Node  Unknown  is not referencing a valid level actor
[2017.03.30-07.28.27:842][  0]LogBlueprint:Warning: Compiler Warning [0007.55] Compile of PersistentLevel.ThirdPersonExampleMap successful, but with 1 Warning(s) [in 1 ms] (/Game/ThirdPersonBP/Maps/ThirdPersonExampleMap.ThirdPersonExampleMap:PersistentLevel.ThirdPersonExampleMap)
[2017.03.30-07.28.27:842][  0]LogBlueprint:Warning: Compiler Warning [0007.55] Compile of PersistentLevel.ThirdPersonExampleMap successful, but with 2 Warning(s) [in 0 ms] (/Game/ThirdPersonBP/Maps/ThirdPersonExampleMap.ThirdPersonExampleMap:PersistentLevel.ThirdPersonExampleMap)
[2017.03.30-07.28.27:842][  0]LogBlueprint:Warning: Compiler Warning [0007.55] Compile of PersistentLevel.ThirdPersonExampleMap successful, but with 3 Warning(s) [in 0 ms] (/Game/ThirdPersonBP/Maps/ThirdPersonExampleMap.ThirdPersonExampleMap:PersistentLevel.ThirdPersonExampleMap)
[2017.03.30-07.28.27:844][  0]LogBlueprint:Warning: Compiler Warning Node  Unknown  is not referencing a valid level actor
[2017.03.30-07.28.27:845][  0]LogBlueprint:Warning: Compiler Warning [0007.56] Compile of PersistentLevel.ThirdPersonExampleMap successful, but with 1 Warning(s) [in 1 ms] (/Game/ThirdPersonBP/Maps/ThirdPersonExampleMap.ThirdPersonExampleMap:PersistentLevel.ThirdPersonExampleMap)
[2017.03.30-07.28.27:845][  0]LogBlueprint:Warning: Compiler Warning [0007.56] Compile of PersistentLevel.ThirdPersonExampleMap successful, but with 2 Warning(s) [in 0 ms] (/Game/ThirdPersonBP/Maps/ThirdPersonExampleMap.ThirdPersonExampleMap:PersistentLevel.ThirdPersonExampleMap)
[2017.03.30-07.28.27:845][  0]LogBlueprint:Warning: Compiler Warning [0007.56] Compile of PersistentLevel.ThirdPersonExampleMap successful, but with 3 Warning(s) [in 0 ms] (/Game/ThirdPersonBP/Maps/ThirdPersonExampleMap.ThirdPersonExampleMap:PersistentLevel.ThirdPersonExampleMap)
[2017.03.30-07.28.28:404][  0]LogAIModule: Creating AISystem for world ThirdPersonExampleMap
[2017.03.30-07.28.28:494][  0]LogEditorServer: Finished looking for orphan Actors (0.000 secs)
[2017.03.30-07.28.28:496][  0]Cmd: MAP CHECKDEP NOCLEARLOG
[2017.03.30-07.28.28:561][  0]MapCheck: Info Map check complete: 0 Error(s), 0 Warning(s), took 65.665ms to complete.
[2017.03.30-07.28.28:561][  0]LogFileHelpers: Loading map 'ThirdPersonExampleMap' took 1.805
[2017.03.30-07.28.28:859][  0]LogCollectionManager: Loaded 0 collections in 0.001888 seconds
[2017.03.30-07.28.28:905][  0]LogFileCache: Scanning file cache for directory 'D:/SoulStriker_MainFolder/Soul-Striker-Main/Soul Striker/Saved/Collections/' took 0.01s
[2017.03.30-07.28.28:905][  0]LogFileCache: Scanning file cache for directory 'D:/SoulStriker_MainFolder/Soul-Striker-Main/Soul Striker/Content/Developers/armorias/Collections/' took 0.01s
[2017.03.30-07.28.28:906][  0]LogFileCache: Scanning file cache for directory 'D:/SoulStriker_MainFolder/Soul-Striker-Main/Soul Striker/Content/Collections/' took 0.01s
[2017.03.30-07.28.28:906][  0]LogCollectionManager: Rebuilt the GUID cache for 0 collections in 0.000004 seconds
[2017.03.30-07.28.28:921][  0]LogContentBrowser: Native class hierarchy populated in 0.0150 seconds. Added 2062 classes and 375 folders.
[2017.03.30-07.28.28:927][  0]LogStats: UGameplayTagsManager::ConstructGameplayTagTree: Construct from data asset -  0.000 s
[2017.03.30-07.28.28:927][  0]LogStats: UGameplayTagsManager::ConstructGameplayTagTree: GameplayTagTreeChangedEvent.Broadcast -  0.000 s
[2017.03.30-07.28.28:928][  0]LogContentBrowser: Native class hierarchy updated for 'GameplayTags' in 0.0008 seconds. Added 12 classes and 0 folders.
[2017.03.30-07.28.28:933][  0]LogContentBrowser: Native class hierarchy updated for 'WidgetCarousel' in 0.0004 seconds. Added 0 classes and 0 folders.
[2017.03.30-07.28.28:975][  0]LogContentBrowser: Native class hierarchy updated for 'AddContentDialog' in 0.0004 seconds. Added 0 classes and 0 folders.
[2017.03.30-07.28.28:978][  0]LogContentBrowser: Native class hierarchy updated for 'SceneOutliner' in 0.0003 seconds. Added 1 classes and 2 folders.
[2017.03.30-07.28.29:051][  0]LogCrashTracker: Crashtracker disabled due to settings.
[2017.03.30-07.28.29:059][  0]LogUObjectGlobals:Warning: Failed to find object 'Class None.'
[2017.03.30-07.28.29:086][  0]LogContentBrowser: Native class hierarchy updated for 'HierarchicalLODOutliner' in 0.0004 seconds. Added 1 classes and 2 folders.
[2017.03.30-07.28.29:086][  0]LogLoad: Full Startup: 8.80 seconds (BP compile: 0.45 seconds)
[2017.03.30-07.28.29:086][  0]LogExternalProfiler: Found external profiler: VSPerf
[2017.03.30-07.28.29:086][  0]LogExternalProfiler: Using external profiler: VSPerf
[2017.03.30-07.28.29:439][  0]LogWindowsTextInputMethodSystem:Display: IME system now deactivated.
[2017.03.30-07.28.29:439][  0]LogWindowsTextInputMethodSystem:Display: IME system now deactivated.
[2017.03.30-07.28.29:440][  0]LogOcInput: OculusInput pre-init called
[2017.03.30-07.28.29:471][  0]LogContentStreaming: Texture pool size now 700 MB
[2017.03.30-07.28.29:629][  0]LogRenderer: Reallocating scene render targets to support 1116x576 (Frame:2).
[2017.03.30-07.28.29:688][  1]LogFileCache: Retrieving MD5 hashes for directory 'D:/SoulStriker_MainFolder/Soul-Striker-Main/Soul Striker/Content/' took 0.24s
[2017.03.30-07.28.29:711][  1]LogAssetRegistry: Asset discovery search completed in 4.9659 seconds
[2017.03.30-07.28.29:711][  1]LogCollectionManager: Rebuilt the object cache for 0 collections in 0.000000 seconds (found 0 objects)
[2017.03.30-07.28.29:711][  1]LogCollectionManager: Fixed up redirectors for 0 collections in 0.000021 seconds (updated 0 objects)
[2017.03.30-07.28.44:476][744]LogEditorViewport: Clicking on Actor (LMB): KnightOfLight_C (KnightOfLight)
[2017.03.30-07.28.47:946][833]LogContentBrowser: Native class hierarchy updated for 'BlueprintGraph' in 0.0007 seconds. Added 111 classes and 0 folders.
[2017.03.30-07.29.21:154][ 57]LogRenderer: Reallocating scene render targets to support 1144x712 (Frame:1246).
[2017.03.30-07.29.49:422][227]BlueprintLog: New page: Compile KnightOfLight
[2017.03.30-07.29.49:906][227]BlueprintEditorCompileResults: Info [0089.62] Compile of KnightOfLight successful! [in 483 ms] (/Game/ThirdPersonBP/Blueprints/KnightOfLight.KnightOfLight)
[2017.03.30-07.29.51:638][234]LogSavePackage: Save=224.26ms
[2017.03.30-07.29.51:638][234]LogSavePackage: Moving 'D:/SoulStriker_MainFolder/Soul-Striker-Main/Soul Striker/Saved/KnightOfLight612DF81348F5A40F6750179964A61909.tmp' to 'D:/SoulStriker_MainFolder/Soul-Striker-Main/Soul Striker/Content/ThirdPersonBP/Blueprints/KnightOfLight.uasset'
[2017.03.30-07.29.51:639][234]LogSavePackage:Display: Finished SavePackage D:/SoulStriker_MainFolder/Soul-Striker-Main/Soul Striker/Content/ThirdPersonBP/Blueprints/KnightOfLight.uasset
[2017.03.30-07.30.15:944][253]LogFactory: FactoryCreateFile: StaticMesh with FbxFactory (0 0 D:/Paladin_1/scenes/shoulderplate.obj)
[2017.03.30-07.30.16:017][253]LogFbx: Loading FBX Scene from D:/Paladin_1/scenes/shoulderplate.obj
[2017.03.30-07.30.16:022][253]LogFbx: FBX Scene Loaded Succesfully
[2017.03.30-07.30.29:147][253]LogFbx: Loading FBX Scene from D:/Paladin_1/scenes/shoulderplate.obj
[2017.03.30-07.30.29:152][253]LogFbx: FBX Scene Loaded Succesfully
[2017.03.30-07.30.29:157][253]LogFbx:Warning: Triangulating static mesh shoulderplate:polySurface15
[2017.03.30-07.30.29:184][253]LogStaticMesh: Building static mesh shoulderplate...
[2017.03.30-07.30.29:194][253]LogStaticMesh: Built static mesh [0.01s] /Game/Geometry/Meshes/shoulderplate.shoulderplate
[2017.03.30-07.30.29:201][253]FBXImport:Warning: Warning Warning: No smoothing group information was found in this FBX scene.  Please make sure to enable the 'Export Smoothing Groups' option in the FBX Exporter plug-in before exporting the file.  Even for tools that don't support smoothing groups, the FBX Exporter will generate appropriate smoothing data at export-time so that correct vertex normals can be inferred while importing. 
[2017.03.30-07.30.36:437][283]Cmd: OBJ SAVEPACKAGE PACKAGE="/Game/Geometry/Meshes/shoulderplate" FILE="D:/SoulStriker_MainFolder/Soul-Striker-Main/Soul Striker/Content/Geometry/Meshes/shoulderplate.uasset" SILENT=true
[2017.03.30-07.30.36:458][283]LogSavePackage: Save=14.66ms
[2017.03.30-07.30.36:458][283]LogSavePackage: Moving 'D:/SoulStriker_MainFolder/Soul-Striker-Main/Soul Striker/Saved/shoulderplateFEA6C3844F90851EB0EEB29A93C95EFF.tmp' to 'D:/SoulStriker_MainFolder/Soul-Striker-Main/Soul Striker/Content/Geometry/Meshes/shoulderplate.uasset'
[2017.03.30-07.30.36:460][283]LogSavePackage:Display: Finished SavePackage D:/SoulStriker_MainFolder/Soul-Striker-Main/Soul Striker/Content/Geometry/Meshes/shoulderplate.uasset
[2017.03.30-07.30.36:571][283]LogBlueprint:Warning: Compiler Warning Node  Unknown  is not referencing a valid level actor
[2017.03.30-07.30.36:572][283]LogBlueprint:Warning: Compiler Warning [0136.28] Compile of PersistentLevel.ThirdPersonExampleMap successful, but with 1 Warning(s) [in 10 ms] (/Game/ThirdPersonBP/Maps/ThirdPersonExampleMap.ThirdPersonExampleMap:PersistentLevel.ThirdPersonExampleMap)
[2017.03.30-07.30.36:572][283]LogBlueprint:Warning: Compiler Warning [0136.28] Compile of PersistentLevel.ThirdPersonExampleMap successful, but with 2 Warning(s) [in 0 ms] (/Game/ThirdPersonBP/Maps/ThirdPersonExampleMap.ThirdPersonExampleMap:PersistentLevel.ThirdPersonExampleMap)
[2017.03.30-07.30.36:572][283]LogBlueprint:Warning: Compiler Warning [0136.28] Compile of PersistentLevel.ThirdPersonExampleMap successful, but with 3 Warning(s) [in 0 ms] (/Game/ThirdPersonBP/Maps/ThirdPersonExampleMap.ThirdPersonExampleMap:PersistentLevel.ThirdPersonExampleMap)
[2017.03.30-07.30.36:653][283]LogBlueprint:Warning: Compiler Warning [0136.36] Compile of PersistentLevel.ThirdPersonExampleMap successful, but with 4 Warning(s) [in 80 ms] (/Game/ThirdPersonBP/Maps/ThirdPersonExampleMap.ThirdPersonExampleMap:PersistentLevel.ThirdPersonExampleMap)
[2017.03.30-07.30.36:654][283]LogBlueprint:Warning: Compiler Warning [0136.37] Compile of PersistentLevel.ThirdPersonExampleMap successful, but with 5 Warning(s) [in 0 ms] (/Game/ThirdPersonBP/Maps/ThirdPersonExampleMap.ThirdPersonExampleMap:PersistentLevel.ThirdPersonExampleMap)
[2017.03.30-07.30.36:654][283]LogBlueprint:Warning: Compiler Warning [0136.37] Compile of PersistentLevel.ThirdPersonExampleMap successful, but with 6 Warning(s) [in 0 ms] (/Game/ThirdPersonBP/Maps/ThirdPersonExampleMap.ThirdPersonExampleMap:PersistentLevel.ThirdPersonExampleMap)
[2017.03.30-07.30.36:925][283]LogSavePackage: Save=366.44ms
[2017.03.30-07.30.36:925][283]LogSavePackage: Moving 'D:/SoulStriker_MainFolder/Soul-Striker-Main/Soul Striker/Saved/ThirdPersonExampleMapA8A4B8B74F234DF19E43DA949425D871.tmp' to 'D:/SoulStriker_MainFolder/Soul-Striker-Main/Soul Striker/Content/ThirdPersonBP/Maps/ThirdPersonExampleMap.umap'
[2017.03.30-07.30.36:927][283]LogSavePackage:Display: Finished SavePackage D:/SoulStriker_MainFolder/Soul-Striker-Main/Soul Striker/Content/ThirdPersonBP/Maps/ThirdPersonExampleMap.umap
[2017.03.30-07.30.36:977][283]LogFileHelpers: Saving map 'ThirdPersonExampleMap' took 0.512
[2017.03.30-07.31.03:903][443]BlueprintLog: New page: Compile KnightOfLight
[2017.03.30-07.31.04:661][443]BlueprintEditorCompileResults: Info [0164.37] Compile of KnightOfLight successful! [in 758 ms] (/Game/ThirdPersonBP/Blueprints/KnightOfLight.KnightOfLight)
[2017.03.30-07.31.06:055][448]LogSavePackage: Save=189.73ms
[2017.03.30-07.31.06:055][448]LogSavePackage: Moving 'D:/SoulStriker_MainFolder/Soul-Striker-Main/Soul Striker/Saved/KnightOfLight8C1DFD1B478259361367378BB747C7DB.tmp' to 'D:/SoulStriker_MainFolder/Soul-Striker-Main/Soul Striker/Content/ThirdPersonBP/Blueprints/KnightOfLight.uasset'
[2017.03.30-07.31.06:057][448]LogSavePackage:Display: Finished SavePackage D:/SoulStriker_MainFolder/Soul-Striker-Main/Soul Striker/Content/ThirdPersonBP/Blueprints/KnightOfLight.uasset
[2017.03.30-07.32.12:398][872]LogEditorTransaction: Undo Modify Component(s)
[2017.03.30-07.32.14:172][881]LogEditorTransaction: Undo Modify Component(s)
[2017.03.30-07.32.16:365][892]LogEditorTransaction: Undo Rename Component Variable
[2017.03.30-07.32.16:741][893]LogEditorTransaction: Undo Attach Component
[2017.03.30-07.32.16:752][893]LogActorComponent: ~FComponentReregisterContext: (/Engine/Transient.World_5:PersistentLevel.KnightOfLight_C_61.CharacterMesh0) Component already registered.
[2017.03.30-07.32.16:755][893]LogActorComponent: ~FComponentReregisterContext: (/Engine/Transient.World_5:PersistentLevel.KnightOfLight_C_61.CharMoveComp) Component already registered.
[2017.03.30-07.32.16:756][893]LogActorComponent: ~FComponentReregisterContext: (/Engine/Transient.World_5:PersistentLevel.KnightOfLight_C_61.Arrow) Component already registered.
[2017.03.30-07.32.16:762][893]LogActorComponent: ~FComponentReregisterContext: (/Game/ThirdPersonBP/Maps/ThirdPersonExampleMap.ThirdPersonExampleMap:PersistentLevel.KnightOfLight_167.CharacterMesh0) Component already registered.
[2017.03.30-07.32.16:764][893]LogActorComponent: ~FComponentReregisterContext: (/Game/ThirdPersonBP/Maps/ThirdPersonExampleMap.ThirdPersonExampleMap:PersistentLevel.KnightOfLight_167.CharMoveComp) Component already registered.
[2017.03.30-07.32.16:765][893]LogActorComponent: ~FComponentReregisterContext: (/Game/ThirdPersonBP/Maps/ThirdPersonExampleMap.ThirdPersonExampleMap:PersistentLevel.KnightOfLight_167.Arrow) Component already registered.
[2017.03.30-07.35.21:790][207]BlueprintLog: New page: Compile KnightOfLight
[2017.03.30-07.35.22:200][207]BlueprintEditorCompileResults: Info [0421.91] Compile of KnightOfLight successful! [in 410 ms] (/Game/ThirdPersonBP/Blueprints/KnightOfLight.KnightOfLight)
[2017.03.30-07.35.23:706][213]LogSavePackage: Save=188.84ms
[2017.03.30-07.35.23:706][213]LogSavePackage: Moving 'D:/SoulStriker_MainFolder/Soul-Striker-Main/Soul Striker/Saved/KnightOfLightF11B08C9445066A1A571CC9C37D6EF07.tmp' to 'D:/SoulStriker_MainFolder/Soul-Striker-Main/Soul Striker/Content/ThirdPersonBP/Blueprints/KnightOfLight.uasset'
[2017.03.30-07.35.23:708][213]LogSavePackage:Display: Finished SavePackage D:/SoulStriker_MainFolder/Soul-Striker-Main/Soul Striker/Content/ThirdPersonBP/Blueprints/KnightOfLight.uasset
[2017.03.30-07.38.16:791][431]BlueprintLog: New page: Compile KnightOfLight
[2017.03.30-07.38.17:814][431]BlueprintEditorCompileResults: Info [0597.53] Compile of KnightOfLight successful! [in 1,023 ms] (/Game/ThirdPersonBP/Blueprints/KnightOfLight.KnightOfLight)
[2017.03.30-07.38.19:690][438]LogSavePackage: Save=192.01ms
[2017.03.30-07.38.19:690][438]LogSavePackage: Moving 'D:/SoulStriker_MainFolder/Soul-Striker-Main/Soul Striker/Saved/KnightOfLight5F9D91C14D23D2D5DAE58F8FBE55CC26.tmp' to 'D:/SoulStriker_MainFolder/Soul-Striker-Main/Soul Striker/Content/ThirdPersonBP/Blueprints/KnightOfLight.uasset'
[2017.03.30-07.38.19:692][438]LogSavePackage:Display: Finished SavePackage D:/SoulStriker_MainFolder/Soul-Striker-Main/Soul Striker/Content/ThirdPersonBP/Blueprints/KnightOfLight.uasset
[2017.03.30-07.40.36:044][144]LogBlueprint:Warning: Compiler Warning Node  Unknown  is not referencing a valid level actor
[2017.03.30-07.40.36:045][144]LogBlueprint:Warning: Compiler Warning [0735.76] Compile of PersistentLevel.ThirdPersonExampleMap successful, but with 1 Warning(s) [in 4 ms] (/Game/ThirdPersonBP/Maps/ThirdPersonExampleMap.ThirdPersonExampleMap:PersistentLevel.ThirdPersonExampleMap)
[2017.03.30-07.40.36:045][144]LogBlueprint:Warning: Compiler Warning [0735.76] Compile of PersistentLevel.ThirdPersonExampleMap successful, but with 2 Warning(s) [in 0 ms] (/Game/ThirdPersonBP/Maps/ThirdPersonExampleMap.ThirdPersonExampleMap:PersistentLevel.ThirdPersonExampleMap)
[2017.03.30-07.40.36:045][144]LogBlueprint:Warning: Compiler Warning [0735.76] Compile of PersistentLevel.ThirdPersonExampleMap successful, but with 3 Warning(s) [in 0 ms] (/Game/ThirdPersonBP/Maps/ThirdPersonExampleMap.ThirdPersonExampleMap:PersistentLevel.ThirdPersonExampleMap)
[2017.03.30-07.40.36:126][144]LogBlueprint:Warning: Compiler Warning [0735.84] Compile of PersistentLevel.ThirdPersonExampleMap successful, but with 4 Warning(s) [in 80 ms] (/Game/ThirdPersonBP/Maps/ThirdPersonExampleMap.ThirdPersonExampleMap:PersistentLevel.ThirdPersonExampleMap)
[2017.03.30-07.40.36:127][144]LogBlueprint:Warning: Compiler Warning [0735.84] Compile of PersistentLevel.ThirdPersonExampleMap successful, but with 5 Warning(s) [in 0 ms] (/Game/ThirdPersonBP/Maps/ThirdPersonExampleMap.ThirdPersonExampleMap:PersistentLevel.ThirdPersonExampleMap)
[2017.03.30-07.40.36:127][144]LogBlueprint:Warning: Compiler Warning [0735.84] Compile of PersistentLevel.ThirdPersonExampleMap successful, but with 6 Warning(s) [in 0 ms] (/Game/ThirdPersonBP/Maps/ThirdPersonExampleMap.ThirdPersonExampleMap:PersistentLevel.ThirdPersonExampleMap)
[2017.03.30-07.40.36:327][144]LogSavePackage: Save=289.13ms
[2017.03.30-07.40.36:328][144]LogSavePackage: Moving 'D:/SoulStriker_MainFolder/Soul-Striker-Main/Soul Striker/Saved/ThirdPersonExampleMap_Auto10081888C4845A6EB30370294D966D946.tmp' to 'D:/SoulStriker_MainFolder/Soul-Striker-Main/Soul Striker/Saved/Autosaves/Game/ThirdPersonBP/Maps/ThirdPersonExampleMap_Auto1.umap'
[2017.03.30-07.40.36:329][144]LogSavePackage:Display: Finished SavePackage D:/SoulStriker_MainFolder/Soul-Striker-Main/Soul Striker/Saved/Autosaves/Game/ThirdPersonBP/Maps/ThirdPersonExampleMap_Auto1.umap
[2017.03.30-07.40.36:443][144]LogFileHelpers: Editor autosave (incl. sublevels) for '/Game/ThirdPersonBP/Maps/ThirdPersonExampleMap' took 0.542
[2017.03.30-07.40.36:443][144]LogFileHelpers: Editor autosave (incl. sublevels) for all levels took 0.542
[2017.03.30-07.48.08:489][947]LogSavePackage: Save=182.06ms
[2017.03.30-07.48.08:489][947]LogSavePackage: Moving 'D:/SoulStriker_MainFolder/Soul-Striker-Main/Soul Striker/Saved/KnightOfLightACCAD70D4CD78D9263D435B798100BDF.tmp' to 'D:/SoulStriker_MainFolder/Soul-Striker-Main/Soul Striker/Content/ThirdPersonBP/Blueprints/KnightOfLight.uasset'
[2017.03.30-07.48.08:490][947]LogSavePackage:Display: Finished SavePackage D:/SoulStriker_MainFolder/Soul-Striker-Main/Soul Striker/Content/ThirdPersonBP/Blueprints/KnightOfLight.uasset
[2017.03.30-07.48.13:735][ 46]LogBlueprint:Warning: Compiler Warning Node  Unknown  is not referencing a valid level actor
[2017.03.30-07.48.13:736][ 46]LogBlueprint:Warning: Compiler Warning [1193.45] Compile of PersistentLevel.ThirdPersonExampleMap successful, but with 1 Warning(s) [in 4 ms] (/Game/ThirdPersonBP/Maps/ThirdPersonExampleMap.ThirdPersonExampleMap:PersistentLevel.ThirdPersonExampleMap)
[2017.03.30-07.48.13:736][ 46]LogBlueprint:Warning: Compiler Warning [1193.45] Compile of PersistentLevel.ThirdPersonExampleMap successful, but with 2 Warning(s) [in 0 ms] (/Game/ThirdPersonBP/Maps/ThirdPersonExampleMap.ThirdPersonExampleMap:PersistentLevel.ThirdPersonExampleMap)
[2017.03.30-07.48.13:736][ 46]LogBlueprint:Warning: Compiler Warning [1193.45] Compile of PersistentLevel.ThirdPersonExampleMap successful, but with 3 Warning(s) [in 0 ms] (/Game/ThirdPersonBP/Maps/ThirdPersonExampleMap.ThirdPersonExampleMap:PersistentLevel.ThirdPersonExampleMap)
[2017.03.30-07.48.13:804][ 46]LogBlueprint:Warning: Compiler Warning [1193.52] Compile of PersistentLevel.ThirdPersonExampleMap successful, but with 4 Warning(s) [in 68 ms] (/Game/ThirdPersonBP/Maps/ThirdPersonExampleMap.ThirdPersonExampleMap:PersistentLevel.ThirdPersonExampleMap)
[2017.03.30-07.48.13:805][ 46]LogBlueprint:Warning: Compiler Warning [1193.52] Compile of PersistentLevel.ThirdPersonExampleMap successful, but with 5 Warning(s) [in 0 ms] (/Game/ThirdPersonBP/Maps/ThirdPersonExampleMap.ThirdPersonExampleMap:PersistentLevel.ThirdPersonExampleMap)
[2017.03.30-07.48.13:805][ 46]LogBlueprint:Warning: Compiler Warning [1193.52] Compile of PersistentLevel.ThirdPersonExampleMap successful, but with 6 Warning(s) [in 0 ms] (/Game/ThirdPersonBP/Maps/ThirdPersonExampleMap.ThirdPersonExampleMap:PersistentLevel.ThirdPersonExampleMap)
[2017.03.30-07.48.14:017][ 46]LogSavePackage: Save=288.60ms
[2017.03.30-07.48.14:017][ 46]LogSavePackage: Moving 'D:/SoulStriker_MainFolder/Soul-Striker-Main/Soul Striker/Saved/ThirdPersonExampleMap6E4ED6EA4CC8E9977EC335A3A3D1DC59.tmp' to 'D:/SoulStriker_MainFolder/Soul-Striker-Main/Soul Striker/Content/ThirdPersonBP/Maps/ThirdPersonExampleMap.umap'
[2017.03.30-07.48.14:021][ 46]LogSavePackage:Display: Finished SavePackage D:/SoulStriker_MainFolder/Soul-Striker-Main/Soul Striker/Content/ThirdPersonBP/Maps/ThirdPersonExampleMap.umap
[2017.03.30-07.58.14:067][421]LogBlueprint:Warning: Compiler Warning Node  Unknown  is not referencing a valid level actor
[2017.03.30-07.58.14:068][421]LogBlueprint:Warning: Compiler Warning [1793.78] Compile of PersistentLevel.ThirdPersonExampleMap successful, but with 1 Warning(s) [in 3 ms] (/Game/ThirdPersonBP/Maps/ThirdPersonExampleMap.ThirdPersonExampleMap:PersistentLevel.ThirdPersonExampleMap)
[2017.03.30-07.58.14:068][421]LogBlueprint:Warning: Compiler Warning [1793.78] Compile of PersistentLevel.ThirdPersonExampleMap successful, but with 2 Warning(s) [in 0 ms] (/Game/ThirdPersonBP/Maps/ThirdPersonExampleMap.ThirdPersonExampleMap:PersistentLevel.ThirdPersonExampleMap)
[2017.03.30-07.58.14:068][421]LogBlueprint:Warning: Compiler Warning [1793.78] Compile of PersistentLevel.ThirdPersonExampleMap successful, but with 3 Warning(s) [in 0 ms] (/Game/ThirdPersonBP/Maps/ThirdPersonExampleMap.ThirdPersonExampleMap:PersistentLevel.ThirdPersonExampleMap)
[2017.03.30-07.58.14:129][421]LogBlueprint:Warning: Compiler Warning [1793.84] Compile of PersistentLevel.ThirdPersonExampleMap successful, but with 4 Warning(s) [in 60 ms] (/Game/ThirdPersonBP/Maps/ThirdPersonExampleMap.ThirdPersonExampleMap:PersistentLevel.ThirdPersonExampleMap)
[2017.03.30-07.58.14:130][421]LogBlueprint:Warning: Compiler Warning [1793.84] Compile of PersistentLevel.ThirdPersonExampleMap successful, but with 5 Warning(s) [in 0 ms] (/Game/ThirdPersonBP/Maps/ThirdPersonExampleMap.ThirdPersonExampleMap:PersistentLevel.ThirdPersonExampleMap)
[2017.03.30-07.58.14:130][421]LogBlueprint:Warning: Compiler Warning [1793.84] Compile of PersistentLevel.ThirdPersonExampleMap successful, but with 6 Warning(s) [in 0 ms] (/Game/ThirdPersonBP/Maps/ThirdPersonExampleMap.ThirdPersonExampleMap:PersistentLevel.ThirdPersonExampleMap)
[2017.03.30-07.58.14:330][421]LogSavePackage: Save=267.80ms
[2017.03.30-07.58.14:330][421]LogSavePackage: Moving 'D:/SoulStriker_MainFolder/Soul-Striker-Main/Soul Striker/Saved/ThirdPersonExampleMap6D45F5E54849143EFE3EF5AF3BDC40A5.tmp' to 'D:/SoulStriker_MainFolder/Soul-Striker-Main/Soul Striker/Content/ThirdPersonBP/Maps/ThirdPersonExampleMap.umap'
[2017.03.30-07.58.14:332][421]LogSavePackage:Display: Finished SavePackage D:/SoulStriker_MainFolder/Soul-Striker-Main/Soul Striker/Content/ThirdPersonBP/Maps/ThirdPersonExampleMap.umap
[2017.03.30-07.59.18:537][502]LogFactory: FactoryCreateFile: StaticMesh with FbxFactory (0 0 D:/Paladin_1/scenes/slime_anim.fbx)
[2017.03.30-07.59.18:553][502]LogFbx: ItemName: GlobalSettings, ItemCount : 1
[2017.03.30-07.59.18:553][502]LogFbx: ItemName: AnimationStack, ItemCount : 1
[2017.03.30-07.59.18:554][502]LogFbx: ItemName: AnimationLayer, ItemCount : 1
[2017.03.30-07.59.18:554][502]LogFbx: ItemName: NodeAttribute, ItemCount : 3
[2017.03.30-07.59.18:554][502]LogFbx: ItemName: Model, ItemCount : 3
[2017.03.30-07.59.18:554][502]LogFbx: ItemName: AnimationCurveNode, ItemCount : 14
[2017.03.30-07.59.18:554][502]LogFbx: ItemName: AnimationCurve, ItemCount : 22
[2017.03.30-07.59.18:559][502]LogFbx: Loading FBX Scene from D:/Paladin_1/scenes/slime_anim.fbx
[2017.03.30-07.59.18:567][502]LogFbx: FBX Scene Loaded Succesfully
[2017.03.30-07.59.28:369][502]LogFbx: Loading FBX Scene from D:/Paladin_1/scenes/slime_anim.fbx
[2017.03.30-07.59.28:375][502]LogFbx: FBX Scene Loaded Succesfully
[2017.03.30-07.59.28:380][502]FBXImport:Error: Error Mesh contains pCube1 bone as root but animation doesn't contain the root track.
Import failed. 
[2017.03.30-07.59.28:380][502]FBXImport:Error: Error Import failed. 
[2017.03.30-07.59.31:888][502]LogAssetTools:Warning: Failed to import 'D:/Paladin_1/scenes/slime_anim.fbx'. Failed to create asset '/Game/bluePrints/Animations/slime_anim'
[2017.03.30-07.59.48:545][670]LogSkeletalMesh: InitArticulated: Bodies already created (/Engine/Transient.DebugSkelMeshComponent_0) - call TermArticulated first.
[2017.03.30-07.59.48:636][670]LogRenderer: Reallocating scene render targets to support 1144x880 (Frame:23316).
[2017.03.30-08.00.48:682][998]LogFactory: FactoryCreateFile: StaticMesh with FbxFactory (0 0 D:/Paladin_1/scenes/slime_anim.fbx)
[2017.03.30-08.00.48:686][998]LogFbx: ItemName: GlobalSettings, ItemCount : 1
[2017.03.30-08.00.48:686][998]LogFbx: ItemName: AnimationStack, ItemCount : 1
[2017.03.30-08.00.48:686][998]LogFbx: ItemName: AnimationLayer, ItemCount : 1
[2017.03.30-08.00.48:686][998]LogFbx: ItemName: Material, ItemCount : 1
[2017.03.30-08.00.48:686][998]LogFbx: ItemName: Model, ItemCount : 4
[2017.03.30-08.00.48:686][998]LogFbx: ItemName: Geometry, ItemCount : 1
[2017.03.30-08.00.48:686][998]LogFbx: ItemName: NodeAttribute, ItemCount : 3
[2017.03.30-08.00.48:686][998]LogFbx: ItemName: AnimationCurveNode, ItemCount : 14
[2017.03.30-08.00.48:686][998]LogFbx: ItemName: AnimationCurve, ItemCount : 22
[2017.03.30-08.00.48:692][998]LogFbx: Loading FBX Scene from D:/Paladin_1/scenes/slime_anim.fbx
[2017.03.30-08.00.48:700][998]LogFbx: FBX Scene Loaded Succesfully
[2017.03.30-08.01.06:575][998]LogFbx: Loading FBX Scene from D:/Paladin_1/scenes/slime_anim.fbx
[2017.03.30-08.01.06:584][998]LogFbx: FBX Scene Loaded Succesfully
[2017.03.30-08.01.06:586][998]LogFbx: =================================================
[2017.03.30-08.01.06:586][998]LogFbx: Dumping Node START [pCube1] 
[2017.03.30-08.01.06:586][998]LogFbx: 	Total Deformer Count -1893064128.
[2017.03.30-08.01.06:586][998]LogFbx: 	Attribute () Type (4).
[2017.03.30-08.01.06:586][998]LogFbx: 		[Node Attribute Child 1] pCube1 (Type Mesh).
[2017.03.30-08.01.06:586][998]LogFbx: Dumping Node END [pCube1]
[2017.03.30-08.01.06:586][998]LogFbx: =================================================
[2017.03.30-08.01.06:586][998]LogFbx: Dumping Node START [pCube1] 
[2017.03.30-08.01.06:586][998]LogFbx: 	Total Deformer Count -1893064184.
[2017.03.30-08.01.06:586][998]LogFbx: 	Attribute () Type (4).
[2017.03.30-08.01.06:586][998]LogFbx: 		[Node Attribute Child 1] pCube1 (Type Mesh).
[2017.03.30-08.01.06:586][998]LogFbx: Dumping Node END [pCube1]
[2017.03.30-08.01.06:587][998]LogLinker:Warning: Can't find file '/Game/bluePrints/Animations/lambert4'
[2017.03.30-08.01.06:588][998]LogLinker:Warning: Can't find file '/Game/bluePrints/Animations/lambert4'
[2017.03.30-08.01.06:591][998]LogMaterial: Missing cached shader map for material lambert4, compiling. 
[2017.03.30-08.01.06:618][998]LogFbx:Warning: Bones digested - 1  Depth of hierarchy - 1
[2017.03.30-08.01.06:624][998]LogSkeletalMesh: Chunk 0: 273 rigid vertices, 0 soft vertices, 1 active bones
[2017.03.30-08.01.06:624][998]LogSkeletalMesh: Section 0: Material=0, Chunk=0, 288 triangles
[2017.03.30-08.01.06:625][998]LogLinker:Warning: Can't find file '/Game/bluePrints/Animations/slime_anim_PhysicsAsset'
[2017.03.30-08.01.06:625][998]LogLinker:Warning: Can't find file '/Game/bluePrints/Animations/slime_anim_PhysicsAsset'
[2017.03.30-08.01.06:625][998]LogUObjectGlobals:Warning: Failed to find object 'Object /Game/bluePrints/Animations/slime_anim_PhysicsAsset.slime_anim_PhysicsAsset'
[2017.03.30-08.01.06:628][998]LogFbx: =================================================
[2017.03.30-08.01.06:628][998]LogFbx: Dumping Node START [pCube1] 
[2017.03.30-08.01.06:628][998]LogFbx: 	Total Deformer Count -1923377104.
[2017.03.30-08.01.06:628][998]LogFbx: 	Attribute () Type (4).
[2017.03.30-08.01.06:628][998]LogFbx: 		[Node Attribute Child 1] pCube1 (Type Mesh).
[2017.03.30-08.01.06:628][998]LogFbx: Dumping Node END [pCube1]
[2017.03.30-08.01.06:628][998]LogFbx: =================================================
[2017.03.30-08.01.06:628][998]LogFbx: Dumping Node START [pCube1] 
[2017.03.30-08.01.06:628][998]LogFbx: 	Total Deformer Count -1923376936.
[2017.03.30-08.01.06:628][998]LogFbx: 	Attribute () Type (4).
[2017.03.30-08.01.06:628][998]LogFbx: 		[Node Attribute Child 1] pCube1 (Type Mesh).
[2017.03.30-08.01.06:628][998]LogFbx: Dumping Node END [pCube1]
[2017.03.30-08.01.06:629][998]LogFbx: SortedLinks :(0) pCube1
[2017.03.30-08.01.06:630][998]LogFbx: Parsing AnimStack Take 001
[2017.03.30-08.01.06:632][998]LogLinker:Warning: Can't find file '/Game/bluePrints/Animations/slime_anim_Anim'
[2017.03.30-08.01.06:632][998]LogLinker:Warning: Can't find file '/Game/bluePrints/Animations/slime_anim_Anim'
[2017.03.30-08.01.06:632][998]LogUObjectGlobals:Warning: Failed to find object 'Object /Game/bluePrints/Animations/slime_anim_Anim.slime_anim_Anim'
[2017.03.30-08.01.06:638][998]LogAnimationCompression: Building Anim DDC data for AnimSequence /Game/bluePrints/Animations/slime_anim_Anim.slime_anim_Anim
[2017.03.30-08.01.06:783][999]LogMaterial:Warning: Material /Game/bluePrints/Animations/lambert4.lambert4 needed to have new flag set bUsedWithSkeletalMesh !
[2017.03.30-08.01.06:786][999]LogMaterial: Missing cached shader map for material lambert4, compiling. 
[2017.03.30-08.01.06:820][999]LogMaterial: 0.00 seconds spent updating 1 materials, 1 interfaces, 0 instances, 0 with static permutations.
[2017.03.30-08.01.11:497][ 61]Cmd: OBJ SAVEPACKAGE PACKAGE="/Game/bluePrints/AI_Slime/slime_Skeleton" FILE="D:/SoulStriker_MainFolder/Soul-Striker-Main/Soul Striker/Content/bluePrints/AI_Slime/slime_Skeleton.uasset" SILENT=true
[2017.03.30-08.01.11:642][ 61]LogSavePackage: Save=6.67ms
[2017.03.30-08.01.11:642][ 61]LogSavePackage: Moving 'D:/SoulStriker_MainFolder/Soul-Striker-Main/Soul Striker/Saved/slime_SkeletonBA2670394C7E8F2F7260578E479BFF6C.tmp' to 'D:/SoulStriker_MainFolder/Soul-Striker-Main/Soul Striker/Content/bluePrints/AI_Slime/slime_Skeleton.uasset'
[2017.03.30-08.01.11:644][ 61]LogSavePackage:Display: Finished SavePackage D:/SoulStriker_MainFolder/Soul-Striker-Main/Soul Striker/Content/bluePrints/AI_Slime/slime_Skeleton.uasset
[2017.03.30-08.01.13:573][ 61]Cmd: OBJ SAVEPACKAGE PACKAGE="/Game/bluePrints/Animations/lambert4" FILE="D:/SoulStriker_MainFolder/Soul-Striker-Main/Soul Striker/Content/bluePrints/Animations/lambert4.uasset" SILENT=true
[2017.03.30-08.01.13:704][ 61]LogSavePackage: Save=16.72ms
[2017.03.30-08.01.13:704][ 61]LogSavePackage: Moving 'D:/SoulStriker_MainFolder/Soul-Striker-Main/Soul Striker/Saved/lambert49D57542C403D18A9E6282881947BEB5B.tmp' to 'D:/SoulStriker_MainFolder/Soul-Striker-Main/Soul Striker/Content/bluePrints/Animations/lambert4.uasset'
[2017.03.30-08.01.13:705][ 61]LogSavePackage:Display: Finished SavePackage D:/SoulStriker_MainFolder/Soul-Striker-Main/Soul Striker/Content/bluePrints/Animations/lambert4.uasset
[2017.03.30-08.01.14:064][ 61]Cmd: OBJ SAVEPACKAGE PACKAGE="/Game/bluePrints/Animations/slime_anim" FILE="D:/SoulStriker_MainFolder/Soul-Striker-Main/Soul Striker/Content/bluePrints/Animations/slime_anim.uasset" SILENT=true
[2017.03.30-08.01.14:198][ 61]LogSavePackage: Save=14.12ms
[2017.03.30-08.01.14:198][ 61]LogSavePackage: Moving 'D:/SoulStriker_MainFolder/Soul-Striker-Main/Soul Striker/Saved/slime_anim7E74E0BF48AE5624592F4F8F507F7354.tmp' to 'D:/SoulStriker_MainFolder/Soul-Striker-Main/Soul Striker/Content/bluePrints/Animations/slime_anim.uasset'
[2017.03.30-08.01.14:199][ 61]LogSavePackage:Display: Finished SavePackage D:/SoulStriker_MainFolder/Soul-Striker-Main/Soul Striker/Content/bluePrints/Animations/slime_anim.uasset
[2017.03.30-08.01.14:557][ 61]Cmd: OBJ SAVEPACKAGE PACKAGE="/Game/bluePrints/Animations/slime_anim_Anim" FILE="D:/SoulStriker_MainFolder/Soul-Striker-Main/Soul Striker/Content/bluePrints/Animations/slime_anim_Anim.uasset" SILENT=true
[2017.03.30-08.01.14:680][ 61]LogSavePackage: Save=7.31ms
[2017.03.30-08.01.14:680][ 61]LogSavePackage: Moving 'D:/SoulStriker_MainFolder/Soul-Striker-Main/Soul Striker/Saved/slime_anim_AnimC2FA0C8D4F9B4DA7B2D83DB5EE718E83.tmp' to 'D:/SoulStriker_MainFolder/Soul-Striker-Main/Soul Striker/Content/bluePrints/Animations/slime_anim_Anim.uasset'
[2017.03.30-08.01.14:682][ 61]LogSavePackage:Display: Finished SavePackage D:/SoulStriker_MainFolder/Soul-Striker-Main/Soul Striker/Content/bluePrints/Animations/slime_anim_Anim.uasset
[2017.03.30-08.01.15:075][ 61]LogSavePackage: Save=5.48ms
[2017.03.30-08.01.15:075][ 61]LogSavePackage: Moving 'D:/SoulStriker_MainFolder/Soul-Striker-Main/Soul Striker/Saved/slime_anim_PhysicsAsset79F7551245DCF7DFFF8DDA8BC6CB88A0.tmp' to 'D:/SoulStriker_MainFolder/Soul-Striker-Main/Soul Striker/Content/bluePrints/Animations/slime_anim_PhysicsAsset.uasset'
[2017.03.30-08.01.15:076][ 61]LogSavePackage:Display: Finished SavePackage D:/SoulStriker_MainFolder/Soul-Striker-Main/Soul Striker/Content/bluePrints/Animations/slime_anim_PhysicsAsset.uasset
[2017.03.30-08.01.18:332][163]LogSkeletalMesh: InitArticulated: Bodies already created (/Engine/Transient.DebugSkelMeshComponent_1) - call TermArticulated first.
[2017.03.30-08.01.18:554][163]LogContentBrowser:Verbose: The majority of assets in the view are of type: AnimSequence
[2017.03.30-08.02.41:734][736]LogFactory: FactoryCreateFile: StaticMesh with FbxFactory (0 0 D:/Paladin_1/scenes/slime_anim.fbx)
[2017.03.30-08.02.41:739][736]LogFbx: ItemName: GlobalSettings, ItemCount : 1
[2017.03.30-08.02.41:739][736]LogFbx: ItemName: AnimationStack, ItemCount : 1
[2017.03.30-08.02.41:739][736]LogFbx: ItemName: AnimationLayer, ItemCount : 1
[2017.03.30-08.02.41:739][736]LogFbx: ItemName: NodeAttribute, ItemCount : 3
[2017.03.30-08.02.41:740][736]LogFbx: ItemName: Model, ItemCount : 3
[2017.03.30-08.02.41:740][736]LogFbx: ItemName: AnimationCurveNode, ItemCount : 18
[2017.03.30-08.02.41:740][736]LogFbx: ItemName: AnimationCurve, ItemCount : 33
[2017.03.30-08.02.41:744][736]LogFbx: Loading FBX Scene from D:/Paladin_1/scenes/slime_anim.fbx
[2017.03.30-08.02.41:752][736]LogFbx: FBX Scene Loaded Succesfully
[2017.03.30-08.02.47:421][736]LogFbx: Loading FBX Scene from D:/Paladin_1/scenes/slime_anim.fbx
[2017.03.30-08.02.47:429][736]LogFbx: FBX Scene Loaded Succesfully
[2017.03.30-08.02.47:433][736]FBXImport:Error: Error Mesh contains pCube1 bone as root but animation doesn't contain the root track.
Import failed. 
[2017.03.30-08.02.47:433][736]FBXImport:Error: Error Import failed. 
[2017.03.30-08.02.48:695][736]LogAssetTools:Warning: Failed to import 'D:/Paladin_1/scenes/slime_anim.fbx'. Failed to create asset '/Game/bluePrints/Animations/slime_anim'
[2017.03.30-08.02.52:286][800]LogWindowsTextInputMethodSystem:Display: IME system now deactivated.
[2017.03.30-08.02.52:287][800]LogWindowsTextInputMethodSystem:Display: IME system now deactivated.
[2017.03.30-08.02.52:533][801]Cmd: QUIT_EDITOR
[2017.03.30-08.02.52:631][801]LogExit: Preparing to exit.
[2017.03.30-08.02.53:671][801]LogExit: Editor shut down
[2017.03.30-08.02.53:672][801]LogExit: Transaction tracking system shut down
[2017.03.30-08.02.53:963][801]LogObj: Freed 0b from 0 cluster array pools.
[2017.03.30-08.02.53:963][801]LogExit: Object subsystem successfully closed.
[2017.03.30-08.02.54:004][801]LogD3D11RHI: Shutdown
[2017.03.30-08.02.54:004][801]LogD3D11RHI: CleanupD3DDevice
[2017.03.30-08.02.54:132][801]LogD3D11RHI: ~FD3D11DynamicRHI
[2017.03.30-08.02.54:146][801]LogModuleManager: Shutting down and abandoning module BlueprintGraph (216)
[2017.03.30-08.02.54:146][801]LogModuleManager: Shutting down and abandoning module HierarchicalLODOutliner (215)
[2017.03.30-08.02.54:146][801]LogModuleManager: Shutting down and abandoning module CrashTracker (214)
[2017.03.30-08.02.54:146][801]LogModuleManager: Shutting down and abandoning module SceneOutliner (213)
[2017.03.30-08.02.54:146][801]LogModuleManager: Shutting down and abandoning module WidgetCarousel (212)
[2017.03.30-08.02.54:146][801]LogModuleManager: Shutting down and abandoning module AddContentDialog (211)
[2017.03.30-08.02.54:153][801]LogModuleManager: Shutting down and abandoning module GameplayTags (210)
[2017.03.30-08.02.54:153][801]LogModuleManager: Shutting down and abandoning module EditorWidgets (209)
[2017.03.30-08.02.54:153][801]LogModuleManager: Shutting down and abandoning module CollectionManager (208)
[2017.03.30-08.02.54:154][801]LogModuleManager: Shutting down and abandoning module StatsViewer (207)
[2017.03.30-08.02.54:154][801]LogModuleManager: Shutting down and abandoning module FoliageEdit (206)
[2017.03.30-08.02.54:154][801]LogModuleManager: Shutting down and abandoning module LandscapeEditor (205)
[2017.03.30-08.02.54:154][801]LogModuleManager: Shutting down and abandoning module SceneDepthPickerMode (204)
[2017.03.30-08.02.54:154][801]LogModuleManager: Shutting down and abandoning module ActorPickerMode (203)
[2017.03.30-08.02.54:154][801]LogModuleManager: Shutting down and abandoning module GeometryMode (202)
[2017.03.30-08.02.54:154][801]LogModuleManager: Shutting down and abandoning module TextureAlignMode (201)
[2017.03.30-08.02.54:154][801]LogModuleManager: Shutting down and abandoning module BspMode (200)
[2017.03.30-08.02.54:154][801]LogModuleManager: Shutting down and abandoning module HardwareSurvey (199)
[2017.03.30-08.02.54:154][801]LogModuleManager: Shutting down and abandoning module SequenceRecorderSections (198)
[2017.03.30-08.02.54:154][801]LogModuleManager: Shutting down and abandoning module SequenceRecorder (197)
[2017.03.30-08.02.54:154][801]LogModuleManager: Shutting down and abandoning module AutomationWorker (196)
[2017.03.30-08.02.54:154][801]LogModuleManager: Shutting down and abandoning module MatineeToLevelSequence (195)
[2017.03.30-08.02.54:154][801]LogModuleManager: Shutting down and abandoning module PlacementMode (194)
[2017.03.30-08.02.54:154][801]LogModuleManager: Shutting down and abandoning module LevelSequenceEditor (193)
[2017.03.30-08.02.54:155][801]LogModuleManager: Shutting down and abandoning module CharacterAI (192)
[2017.03.30-08.02.54:155][801]LogModuleManager: Shutting down and abandoning module SmartSnapping (191)
[2017.03.30-08.02.54:155][801]LogModuleManager: Shutting down and abandoning module SessionServices (190)
[2017.03.30-08.02.54:155][801]LogModuleManager: Shutting down and abandoning module ViewportSnapping (189)
[2017.03.30-08.02.54:155][801]LogModuleManager: Shutting down and abandoning module LogVisualizer (188)
[2017.03.30-08.02.54:155][801]LogModuleManager: Shutting down and abandoning module GameProjectGeneration (187)
[2017.03.30-08.02.54:155][801]LogModuleManager: Shutting down and abandoning module IntroTutorials (186)
[2017.03.30-08.02.54:155][801]LogModuleManager: Shutting down and abandoning module EditorLiveStreaming (185)
[2017.03.30-08.02.54:155][801]LogModuleManager: Shutting down and abandoning module IOSPlatformEditor (184)
[2017.03.30-08.02.54:155][801]LogModuleManager: Shutting down and abandoning module HTML5PlatformEditor (183)
[2017.03.30-08.02.54:155][801]LogModuleManager: Shutting down and abandoning module AndroidDeviceDetection (182)
[2017.03.30-08.02.54:259][801]LogModuleManager: Shutting down and abandoning module AndroidPlatformEditor (181)
[2017.03.30-08.02.54:259][801]LogModuleManager: Shutting down and abandoning module IOSRuntimeSettings (180)
[2017.03.30-08.02.54:259][801]LogModuleManager: Shutting down and abandoning module AndroidRuntimeSettings (179)
[2017.03.30-08.02.54:260][801]LogModuleManager: Shutting down and abandoning module MergeActors (178)
[2017.03.30-08.02.54:260][801]LogModuleManager: Shutting down and abandoning module SizeMap (177)
[2017.03.30-08.02.54:260][801]LogModuleManager: Shutting down and abandoning module TreeMap (176)
[2017.03.30-08.02.54:260][801]LogModuleManager: Shutting down and abandoning module ReferenceViewer (175)
[2017.03.30-08.02.54:260][801]LogModuleManager: Shutting down and abandoning module LocalizationService (174)
[2017.03.30-08.02.54:260][801]LogModuleManager: Shutting down and abandoning module LocalizationDashboard (173)
[2017.03.30-08.02.54:260][801]LogModuleManager: Shutting down and abandoning module HardwareTargeting (172)
[2017.03.30-08.02.54:260][801]LogModuleManager: Shutting down and abandoning module DeviceProfileEditor (171)
[2017.03.30-08.02.54:260][801]LogModuleManager: Shutting down and abandoning module UndoHistory (170)
[2017.03.30-08.02.54:260][801]LogModuleManager: Shutting down and abandoning module UserFeedback (169)
[2017.03.30-08.02.54:260][801]LogModuleManager: Shutting down and abandoning module XmlParser (168)
[2017.03.30-08.02.54:260][801]LogModuleManager: Shutting down and abandoning module Blutility (167)
[2017.03.30-08.02.54:260][801]LogModuleManager: Shutting down and abandoning module ProjectTargetPlatformEditor (166)
[2017.03.30-08.02.54:261][801]LogModuleManager: Shutting down and abandoning module ProjectSettingsViewer (165)
[2017.03.30-08.02.54:261][801]LogModuleManager: Shutting down and abandoning module InputBindingEditor (164)
[2017.03.30-08.02.54:262][801]LogModuleManager: Shutting down and abandoning module EditorSettingsViewer (163)
[2017.03.30-08.02.54:262][801]LogModuleManager: Shutting down and abandoning module SettingsEditor (162)
[2017.03.30-08.02.54:262][801]LogModuleManager: Shutting down and abandoning module ProjectLauncher (161)
[2017.03.30-08.02.54:262][801]LogModuleManager: Shutting down and abandoning module SessionFrontend (160)
[2017.03.30-08.02.54:262][801]LogModuleManager: Shutting down and abandoning module ProfilerClient (159)
[2017.03.30-08.02.54:262][801]LogModuleManager: Shutting down and abandoning module TargetDeviceServices (158)
[2017.03.30-08.02.54:262][801]LogModuleManager: Shutting down and abandoning module DeviceManager (157)
[2017.03.30-08.02.54:318][801]LogModuleManager: Shutting down and abandoning module AutomationController (156)
[2017.03.30-08.02.54:318][801]LogModuleManager: Shutting down and abandoning module AutomationWindow (155)
[2017.03.30-08.02.54:318][801]LogModuleManager: Shutting down and abandoning module Layers (154)
[2017.03.30-08.02.54:318][801]LogModuleManager: Shutting down and abandoning module ComponentVisualizers (153)
[2017.03.30-08.02.54:318][801]LogModuleManager: Shutting down and abandoning module DetailCustomizations (152)
[2017.03.30-08.02.54:318][801]LogModuleManager: Shutting down and abandoning module PackagesDialog (151)
[2017.03.30-08.02.54:318][801]LogModuleManager: Shutting down and abandoning module Persona (150)
[2017.03.30-08.02.54:318][801]LogModuleManager: Shutting down and abandoning module Kismet (149)
[2017.03.30-08.02.54:318][801]LogModuleManager: Shutting down and abandoning module GraphEditor (148)
[2017.03.30-08.02.54:318][801]LogModuleManager: Shutting down and abandoning module ClassViewer (147)
[2017.03.30-08.02.54:318][801]LogModuleManager: Shutting down and abandoning module Toolbox (146)
[2017.03.30-08.02.54:319][801]LogModuleManager: Shutting down and abandoning module ModuleUI (145)
[2017.03.30-08.02.54:319][801]LogModuleManager: Shutting down and abandoning module MovieSceneTools (144)
[2017.03.30-08.02.54:319][801]LogModuleManager: Shutting down and abandoning module OutputLog (143)
[2017.03.30-08.02.54:319][801]LogModuleManager: Shutting down and abandoning module GammaUI (142)
[2017.03.30-08.02.54:319][801]LogModuleManager: Shutting down and abandoning module Documentation (141)
[2017.03.30-08.02.54:319][801]LogModuleManager: Shutting down and abandoning module StreamingPauseRendering (140)
[2017.03.30-08.02.54:319][801]LogModuleManager: Shutting down and abandoning module AnalyticsET (139)
[2017.03.30-08.02.54:319][801]LogModuleManager: Shutting down and abandoning module Analytics (138)
[2017.03.30-08.02.54:319][801]LogModuleManager: Shutting down and abandoning module PortalServices (137)
[2017.03.30-08.02.54:319][801]LogModuleManager: Shutting down and abandoning module PortalRpc (136)
[2017.03.30-08.02.54:319][801]LogModuleManager: Shutting down and abandoning module MessagingRpc (135)
[2017.03.30-08.02.54:319][801]LogModuleManager: Shutting down and abandoning module GameplayDebugger (134)
[2017.03.30-08.02.54:319][801]LogModuleManager: Shutting down and abandoning module AITestSuite (133)
[2017.03.30-08.02.54:319][801]LogModuleManager: Shutting down and abandoning module AIModule (132)
[2017.03.30-08.02.54:319][801]LogModuleManager: Shutting down and abandoning module ProfilerService (131)
[2017.03.30-08.02.54:345][801]LogModuleManager: Shutting down and abandoning module TaskGraph (130)
[2017.03.30-08.02.54:345][801]LogModuleManager: Shutting down and abandoning module SubstanceEditor (129)
[2017.03.30-08.02.54:345][801]LogModuleManager: Shutting down and abandoning module SlateRemote (128)
[2017.03.30-08.02.54:345][801]LogModuleManager: Shutting down and abandoning module SteamVRController (127)
[2017.03.30-08.02.54:345][801]LogModuleManager: Shutting down and abandoning module SteamVR (126)
[2017.03.30-08.02.54:345][801]LogModuleManager: Shutting down and abandoning module ProceduralMeshComponent (125)
[2017.03.30-08.02.54:345][801]LogModuleManager: Shutting down and abandoning module OculusLibrary (124)
[2017.03.30-08.02.54:345][801]LogModuleManager: Shutting down and abandoning module OculusInput (123)
[2017.03.30-08.02.54:345][801]LogModuleManager: Shutting down and abandoning module CustomMeshComponent (122)
[2017.03.30-08.02.54:345][801]LogModuleManager: Shutting down and abandoning module CableComponent (121)
[2017.03.30-08.02.54:345][801]LogModuleManager: Shutting down and abandoning module ArchVisCharacter (120)
[2017.03.30-08.02.54:345][801]LogModuleManager: Shutting down and abandoning module MediaPlayerEditor (119)
[2017.03.30-08.02.54:346][801]LogModuleManager: Shutting down and abandoning module HTML5Networking (118)
[2017.03.30-08.02.54:346][801]LogModuleManager: Shutting down and abandoning module SuperSearch (117)
[2017.03.30-08.02.54:346][801]LogModuleManager: Shutting down and abandoning module SuperSearchEditor (116)
[2017.03.30-08.02.54:346][801]LogModuleManager: Shutting down and abandoning module SpeedTreeImporter (115)
[2017.03.30-08.02.54:346][801]LogModuleManager: Shutting down and abandoning module PluginBrowser (114)
[2017.03.30-08.02.54:346][801]LogModuleManager: Shutting down and abandoning module EpicSurvey (113)
[2017.03.30-08.02.54:346][801]LogModuleManager: Shutting down and abandoning module DesktopPlatform (112)
[2017.03.30-08.02.54:346][801]LogModuleManager: Shutting down and abandoning module VisualStudioSourceCodeAccess (111)
[2017.03.30-08.02.54:346][801]LogModuleManager: Shutting down and abandoning module UObjectPlugin (110)
[2017.03.30-08.02.54:346][801]LogModuleManager: Shutting down and abandoning module SubversionSourceControl (109)
[2017.03.30-08.02.54:346][801]LogModuleManager: Shutting down and abandoning module PerforceSourceControl (108)
[2017.03.30-08.02.54:347][801]LogModuleManager: Shutting down and abandoning module SourceControl (107)
[2017.03.30-08.02.54:347][801]LogModuleManager: Shutting down and abandoning module GitSourceControl (106)
[2017.03.30-08.02.54:347][801]LogModuleManager: Shutting down and abandoning module LightPropagationVolumeEditor (105)
[2017.03.30-08.02.54:347][801]LogModuleManager: Shutting down and abandoning module PaperTiledImporter (104)
[2017.03.30-08.02.54:347][801]LogModuleManager: Shutting down and abandoning module PaperSpriteSheetImporter (103)
[2017.03.30-08.02.54:347][801]LogModuleManager: Shutting down and abandoning module MeshPaint (102)
[2017.03.30-08.02.54:347][801]LogModuleManager: Shutting down and abandoning module PixelInspectorModule (101)
[2017.03.30-08.02.54:347][801]LogModuleManager: Shutting down and abandoning module HotReload (100)
[2017.03.30-08.02.54:348][801]LogModuleManager: Shutting down and abandoning module MainFrame (99)
[2017.03.30-08.02.54:349][801]LogModuleManager: Shutting down and abandoning module LevelEditor (98)
[2017.03.30-08.02.54:352][801]LogModuleManager: Shutting down and abandoning module ContentBrowser (97)
[2017.03.30-08.02.54:356][801]LogModuleManager: Shutting down and abandoning module Paper2DEditor (96)
[2017.03.30-08.02.54:356][801]LogModuleManager: Shutting down and abandoning module UdpMessaging (95)
[2017.03.30-08.02.54:458][801]LogModuleManager: Shutting down and abandoning module SubstanceCore (94)
[2017.03.30-08.02.54:458][801]LogModuleManager: Shutting down and abandoning module LightPropagationVolumeRuntime (93)
[2017.03.30-08.02.54:458][801]LogModuleManager: Shutting down and abandoning module Paper2D (92)
[2017.03.30-08.02.54:458][801]LogModuleManager: Shutting down and abandoning module WindowsMoviePlayer (91)
[2017.03.30-08.02.54:458][801]LogModuleManager: Shutting down and abandoning module Media (90)
[2017.03.30-08.02.54:458][801]LogModuleManager: Shutting down and abandoning module WmfMedia (89)
[2017.03.30-08.02.54:459][801]LogModuleManager: Shutting down and abandoning module MediaAssets (88)
[2017.03.30-08.02.54:459][801]LogModuleManager: Shutting down and abandoning module GameLiveStreaming (87)
[2017.03.30-08.02.54:459][801]LogModuleManager: Shutting down and abandoning module GameplayTagsEditor (86)
[2017.03.30-08.02.54:459][801]LogModuleManager: Shutting down and abandoning module OnlineBlueprintSupport (85)
[2017.03.30-08.02.54:459][801]LogModuleManager: Shutting down and abandoning module VREditor (84)
[2017.03.30-08.02.54:459][801]LogModuleManager: Shutting down and abandoning module GameplayTasksEditor (83)
[2017.03.30-08.02.54:459][801]LogModuleManager: Shutting down and abandoning module PropertyEditor (82)
[2017.03.30-08.02.54:459][801]LogModuleManager: Shutting down and abandoning module BehaviorTreeEditor (81)
[2017.03.30-08.02.54:459][801]LogModuleManager: Shutting down and abandoning module FunctionalTesting (80)
[2017.03.30-08.02.54:459][801]LogModuleManager: Shutting down and abandoning module CollisionAnalyzer (79)
[2017.03.30-08.02.54:460][801]LogModuleManager: Shutting down and abandoning module Sequencer (78)
[2017.03.30-08.02.54:460][801]LogModuleManager: Shutting down and abandoning module WorkspaceMenuStructure (77)
[2017.03.30-08.02.54:460][801]LogModuleManager: Shutting down and abandoning module MessageLog (76)
[2017.03.30-08.02.54:460][801]LogModuleManager: Shutting down and abandoning module AssetTools (75)
[2017.03.30-08.02.54:461][801]LogModuleManager: Shutting down and abandoning module UMGEditor (74)
[2017.03.30-08.02.54:461][801]LogModuleManager: Shutting down and abandoning module UMG (73)
[2017.03.30-08.02.54:461][801]LogModuleManager: Shutting down and abandoning module SlateReflector (72)
[2017.03.30-08.02.54:461][801]LogModuleManager: Shutting down and abandoning module Slate (71)
[2017.03.30-08.02.54:461][801]LogModuleManager: Shutting down and abandoning module EditorStyle (70)
[2017.03.30-08.02.54:471][801]LogModuleManager: Shutting down and abandoning module SourceCodeAccess (69)
[2017.03.30-08.02.54:471][801]LogModuleManager: Shutting down and abandoning module HeadMountedDisplay (68)
[2017.03.30-08.02.54:471][801]LogModuleManager: Shutting down and abandoning module XAudio2 (67)
[2017.03.30-08.02.54:471][801]LogModuleManager: Shutting down and abandoning module Networking (65)
[2017.03.30-08.02.54:472][801]LogModuleManager: Shutting down and abandoning module Core (64)
[2017.03.30-08.02.54:472][801]LogModuleManager: Shutting down and abandoning module DirectoryWatcher (63)
[2017.03.30-08.02.54:487][801]LogModuleManager: Shutting down and abandoning module AssetRegistry (62)
[2017.03.30-08.02.54:743][801]LogModuleManager: Shutting down and abandoning module KismetCompiler (61)
[2017.03.30-08.02.54:743][801]LogModuleManager: Shutting down and abandoning module PhysXFormats (60)
[2017.03.30-08.02.54:743][801]LogModuleManager: Shutting down and abandoning module MeshUtilities (59)
[2017.03.30-08.02.54:743][801]LogModuleManager: Shutting down and abandoning module DerivedDataCache (58)
[2017.03.30-08.02.54:751][801]LogDerivedDataCache: Shutdown
[2017.03.30-08.02.54:751][801]LogModuleManager: Shutting down and abandoning module VulkanShaderFormat (57)
[2017.03.30-08.02.54:751][801]LogModuleManager: Shutting down and abandoning module ShaderFormatOpenGL (56)
[2017.03.30-08.02.54:751][801]LogModuleManager: Shutting down and abandoning module ShaderFormatD3D (55)
[2017.03.30-08.02.54:751][801]LogModuleManager: Shutting down and abandoning module MetalShaderFormat (54)
[2017.03.30-08.02.54:751][801]LogModuleManager: Shutting down and abandoning module TextureFormatUncompressed (53)
[2017.03.30-08.02.54:751][801]LogModuleManager: Shutting down and abandoning module TextureFormatPVR (52)
[2017.03.30-08.02.54:751][801]LogModuleManager: Shutting down and abandoning module TextureFormatIntelISPCTexComp (51)
[2017.03.30-08.02.54:751][801]LogModuleManager: Shutting down and abandoning module TextureFormatDXT (50)
[2017.03.30-08.02.54:751][801]LogModuleManager: Shutting down and abandoning module ImageWrapper (49)
[2017.03.30-08.02.54:751][801]LogModuleManager: Shutting down and abandoning module TextureFormatASTC (48)
[2017.03.30-08.02.54:751][801]LogModuleManager: Shutting down and abandoning module TextureFormatAndroid (47)
[2017.03.30-08.02.54:751][801]LogModuleManager: Shutting down and abandoning module AudioFormatOpus (46)
[2017.03.30-08.02.54:751][801]LogModuleManager: Shutting down and abandoning module AudioFormatOgg (45)
[2017.03.30-08.02.54:752][801]LogModuleManager: Shutting down and abandoning module AudioFormatADPCM (44)
[2017.03.30-08.02.54:752][801]LogModuleManager: Shutting down and abandoning module LinuxTargetPlatform (43)
[2017.03.30-08.02.54:752][801]LogModuleManager: Shutting down and abandoning module LinuxServerTargetPlatform (42)
[2017.03.30-08.02.54:752][801]LogModuleManager: Shutting down and abandoning module LinuxNoEditorTargetPlatform (41)
[2017.03.30-08.02.54:752][801]LogModuleManager: Shutting down and abandoning module TVOSTargetPlatform (40)
[2017.03.30-08.02.54:752][801]LogModuleManager: Shutting down and abandoning module Messaging (39)
[2017.03.30-08.02.54:752][801]LogModuleManager: Shutting down and abandoning module IOSTargetPlatform (38)
[2017.03.30-08.02.54:752][801]LogModuleManager: Shutting down and abandoning module HTML5TargetPlatform (37)
[2017.03.30-08.02.54:752][801]LogModuleManager: Shutting down and abandoning module Android_PVRTCTargetPlatform (36)
[2017.03.30-08.02.54:752][801]LogModuleManager: Shutting down and abandoning module Android_MultiTargetPlatform (35)
[2017.03.30-08.02.54:752][801]LogModuleManager: Shutting down and abandoning module Android_ETC2TargetPlatform (34)
[2017.03.30-08.02.54:752][801]LogModuleManager: Shutting down and abandoning module Android_ETC1TargetPlatform (33)
[2017.03.30-08.02.54:752][801]LogModuleManager: Shutting down and abandoning module Android_DXTTargetPlatform (32)
[2017.03.30-08.02.54:752][801]LogModuleManager: Shutting down and abandoning module Android_ATCTargetPlatform (31)
[2017.03.30-08.02.54:752][801]LogModuleManager: Shutting down and abandoning module Android_ASTCTargetPlatform (30)
[2017.03.30-08.02.54:752][801]LogModuleManager: Shutting down and abandoning module AndroidTargetPlatform (29)
[2017.03.30-08.02.54:752][801]LogModuleManager: Shutting down and abandoning module WindowsTargetPlatform (28)
[2017.03.30-08.02.54:752][801]LogModuleManager: Shutting down and abandoning module WindowsServerTargetPlatform (27)
[2017.03.30-08.02.54:752][801]LogModuleManager: Shutting down and abandoning module WindowsNoEditorTargetPlatform (26)
[2017.03.30-08.02.54:752][801]LogModuleManager: Shutting down and abandoning module WindowsClientTargetPlatform (25)
[2017.03.30-08.02.54:752][801]LogModuleManager: Shutting down and abandoning module AllDesktopTargetPlatform (24)
[2017.03.30-08.02.54:752][801]LogModuleManager: Shutting down and abandoning module TargetPlatform (23)
[2017.03.30-08.02.54:753][801]LogModuleManager: Shutting down and abandoning module InputCore (22)
[2017.03.30-08.02.54:753][801]LogModuleManager: Shutting down and abandoning module Settings (21)
[2017.03.30-08.02.54:753][801]LogModuleManager: Shutting down and abandoning module OnlineSubsystem (19)
[2017.03.30-08.02.54:753][801]LogModuleManager: Shutting down and abandoning module HTTP (18)
[2017.03.30-08.02.57:761][801]LogModuleManager: Shutting down and abandoning module XMPP (17)
[2017.03.30-08.02.57:761][801]LogModuleManager: Shutting down and abandoning module OculusRift (16)
[2017.03.30-08.02.57:761][801]LogModuleManager: Shutting down and abandoning module ExampleDeviceProfileSelector (15)
[2017.03.30-08.02.57:761][801]LogModuleManager: Shutting down and abandoning module TextureCompressor (14)
[2017.03.30-08.02.57:762][801]LogModuleManager: Shutting down and abandoning module ShaderCore (13)
[2017.03.30-08.02.57:762][801]LogModuleManager: Shutting down and abandoning module Landscape (12)
[2017.03.30-08.02.57:762][801]LogModuleManager: Shutting down and abandoning module SlateRHIRenderer (11)
[2017.03.30-08.02.57:783][801]LogModuleManager: Shutting down and abandoning module OpenGLDrv (10)
[2017.03.30-08.02.57:783][801]LogModuleManager: Shutting down and abandoning module D3D11RHI (9)
[2017.03.30-08.02.57:783][801]LogModuleManager: Shutting down and abandoning module AnimGraphRuntime (8)
[2017.03.30-08.02.57:783][801]LogModuleManager: Shutting down and abandoning module Renderer (7)
[2017.03.30-08.02.57:783][801]LogModuleManager: Shutting down and abandoning module Engine (6)
[2017.03.30-08.02.57:784][801]LogModuleManager: Shutting down and abandoning module CoreUObject (5)
[2017.03.30-08.02.57:784][801]LogModuleManager: Shutting down and abandoning module NetworkFile (4)
[2017.03.30-08.02.57:784][801]LogModuleManager: Shutting down and abandoning module StreamingFile (3)
[2017.03.30-08.02.57:784][801]LogModuleManager: Shutting down and abandoning module SandboxFile (2)
[2017.03.30-08.02.57:784][801]LogModuleManager: Shutting down and abandoning module PakFile (1)
[2017.03.30-08.02.57:789][801]LogExit: Exiting.
[2017.03.30-08.02.57:844][801]Log file closed, 03/30/17 04:02:57
