Log file open, 04/23/17 23:44:42
LogInit:Display: Running engine for game: SoulStriker
LogPlatformFile: Not using cached read wrapper
LogInit:Display: RandInit(-1821752870) SRandInit(-1821752868).
LogTaskGraph: Started task graph with 4 named threads and 7 total threads with 1 sets of task threads.
LogStats: Stats thread started at 0.386235
LogInit: Version: 4.12.5-3039270+++UE4+Release-4.12
LogInit: API Version: 2992821
LogInit: Net Version: 3039270
LogDevObjectVersion: Number of dev versions registered: 13
LogDevObjectVersion:   Dev-Blueprints (B0D832E4-1F89-4F0D-ACCF-7EB736FD4AA2): 3
LogDevObjectVersion:   Dev-Build (E1C64328-A22C-4D53-A36C-8E866417BD8C): 0
LogDevObjectVersion:   Dev-Core (375EC13C-06E4-48FB-B500-84F0262A717E): 1
LogDevObjectVersion:   Dev-Editor (E4B068ED-F494-42E9-A231-DA0B2E46BB41): 2
LogDevObjectVersion:   Dev-Framework (CFFC743F-43B0-4480-9391-14DF171D2073): 6
LogDevObjectVersion:   Dev-Mobile (B02B49B5-BB20-44E9-A304-32B752E40360): 0
LogDevObjectVersion:   Dev-Networking (A4E4105C-59A1-49B5-A7C5-40C4547EDFEE): 0
LogDevObjectVersion:   Dev-Online (39C831C9-5AE6-47DC-9A44-9C173E1C8E7C): 0
LogDevObjectVersion:   Dev-Physics (78F01B33-EBEA-4F98-B9B4-84EACCB95AA2): 0
LogDevObjectVersion:   Dev-Platform (6631380F-2D4D-43E0-8009-CF276956A95A): 0
LogDevObjectVersion:   Dev-Rendering (12F88B9F-8875-4AFC-A67C-D90C383ABD29): 2
LogDevObjectVersion:   Dev-Sequencer (7B5AE74C-D270-4C10-A958-57980B212A5A): 0
LogDevObjectVersion:   Dev-VR (D7296918-1DD6-4BDD-9DE2-64A83CC13884): 0
LogInit: Compiled (64-bit): Jul  6 2016 09:09:46
LogInit: Compiled with Visual C++: 19.00.23026.00
LogInit: Build Configuration: Development
LogInit: Branch Name: ++UE4+Release-4.12
LogInit: Command line:  
LogInit: Base directory: C:/Program Files (x86)/Epic Games/4.12/Engine/Binaries/Win64/
LogInit: Installed Engine Build: 1
LogInit: Using libcurl 7.41.0
LogInit:  - built for x86_64-pc-win32
LogInit:  - supports SSL with WinSSL
LogInit:  - other features:
LogInit:      CURL_VERSION_SSL
LogInit:      CURL_VERSION_IPV6
LogInit:      CURL_VERSION_ASYNCHDNS
LogInit:      CURL_VERSION_LARGEFILE
LogInit:      CURL_VERSION_IDN
LogInit:  CurlRequestOptions (configurable via config and command line):
LogInit:  - bVerifyPeer = true  - Libcurl will verify peer certificate
LogInit:  - bUseHttpProxy = false  - Libcurl will NOT use HTTP proxy
LogInit:  - bDontReuseConnections = false  - Libcurl will reuse connections
LogInit:  - CertBundlePath = nullptr  - Libcurl will use whatever was configured at build time.
LogInit: Presizing for max 8388607 objects, including 0 objects not considered by GC, pre-allocating 0 bytes for permanent pool.
LogInit: Object subsystem initialized
[2017.04.24-03.44.42:994][  0]LogInit: Selected Device Profile: [Windows]
[2017.04.24-03.44.42:995][  0]LogInit: Applying CVar settings loaded from the selected device profile: [Windows]
[2017.04.24-03.44.43:072][  0]LogInit: Computer: BMO
[2017.04.24-03.44.43:072][  0]LogInit: User: Steve
[2017.04.24-03.44.43:072][  0]LogInit: CPU Page size=65536, Cores=4
[2017.04.24-03.44.43:072][  0]LogInit: High frequency timer resolution =3.410077 MHz
[2017.04.24-03.44.43:072][  0]LogMemory: Memory total: Physical=8.0GB (8GB approx)
[2017.04.24-03.44.43:072][  0]LogMemory: Platform Memory Stats for Windows
[2017.04.24-03.44.43:072][  0]LogMemory: Process Physical Memory: 192.23 MB used, 192.23 MB peak
[2017.04.24-03.44.43:072][  0]LogMemory: Process Virtual Memory: 195.22 MB used, 195.22 MB peak
[2017.04.24-03.44.43:072][  0]LogMemory: Physical Memory: 4077.24 MB used, 8145.96 MB total
[2017.04.24-03.44.43:072][  0]LogMemory: Virtual Memory: 553.80 MB used, 134217728.00 MB total
[2017.04.24-03.44.43:811][  0]LogTextLocalizationManager: No specific translations for ('en-US') exist, so ('en') translations will be used.
[2017.04.24-03.44.44:451][  0]LogD3D11RHI: D3D11 adapters:
[2017.04.24-03.44.44:967][  0]LogD3D11RHI:    0. 'NVIDIA GeForce GTX 660' (Feature Level 11_0)
[2017.04.24-03.44.44:967][  0]LogD3D11RHI:       2016/0/4072 MB DedicatedVideo/DedicatedSystem/SharedSystem, Outputs:2, VendorId:0x10de
[2017.04.24-03.44.44:968][  0]LogD3D11RHI:    1. 'Microsoft Basic Render Driver' (Feature Level 11_0)
[2017.04.24-03.44.44:968][  0]LogD3D11RHI:       0/0/4072 MB DedicatedVideo/DedicatedSystem/SharedSystem, Outputs:0, VendorId:0x1414
[2017.04.24-03.44.44:968][  0]LogD3D11RHI: Chosen D3D11 Adapter: 0
[2017.04.24-03.44.44:979][  0]LogD3D11RHI: Creating new Direct3DDevice
[2017.04.24-03.44.44:979][  0]LogD3D11RHI:     GPU DeviceId: 0x11c0 (for the marketing name, search the web for "GPU Device Id")
[2017.04.24-03.44.44:979][  0]LogWindows: EnumDisplayDevices:
[2017.04.24-03.44.44:979][  0]LogWindows:    0. 'NVIDIA GeForce GTX 660' (P:1 D:1)
[2017.04.24-03.44.44:979][  0]LogWindows:    1. 'NVIDIA GeForce GTX 660' (P:0 D:1)
[2017.04.24-03.44.44:979][  0]LogWindows:    2. 'NVIDIA GeForce GTX 660' (P:0 D:0)
[2017.04.24-03.44.44:979][  0]LogWindows:    3. 'NVIDIA GeForce GTX 660' (P:0 D:0)
[2017.04.24-03.44.44:980][  0]LogWindows: DebugString: FoundDriverCount:4 
[2017.04.24-03.44.44:980][  0]LogD3D11RHI:     Adapter Name: NVIDIA GeForce GTX 660
[2017.04.24-03.44.44:980][  0]LogD3D11RHI:   Driver Version: 378.92 (internal:21.21.13.7892, unified:378.92)
[2017.04.24-03.44.44:980][  0]LogD3D11RHI:      Driver Date: 3-16-2017
[2017.04.24-03.44.44:980][  0]LogRHI: Texture pool is 1361 MB (70% of 1945 MB)
[2017.04.24-03.44.45:458][  0]LogD3D11RHI: Async texture creation enabled
[2017.04.24-03.44.45:702][  0]LogD3D11RHI: GPU Timing Frequency: 1000.000000 (Debug: 2 1)
[2017.04.24-03.44.45:703][  0]LogShaderCompilers: Guid format shader working directory is -38 characters bigger than the processId version (../../../../../../Users/Steve/Documents/SSRepository/Soul-Striker-Main/Soul Striker/Intermediate/Shaders/WorkingDirectory/59404/).
[2017.04.24-03.44.45:703][  0]LogShaderCompilers: Cleaned the shader compiler working directory 'C:/Users/Steve/AppData/Local/Temp/UnrealShaderWorkingDir/DAC62B2348DFF6997221C485FBB97029/'.
[2017.04.24-03.44.45:703][  0]LogShaderCompilers:Display: Using Local Shader Compiler.
[2017.04.24-03.44.55:468][  0]LogTemp:Display: Loaded TP AllDesktopTargetPlatform
[2017.04.24-03.44.55:504][  0]LogTemp:Display: Loaded TP WindowsClientTargetPlatform
[2017.04.24-03.44.55:523][  0]LogTemp:Display: Loaded TP WindowsNoEditorTargetPlatform
[2017.04.24-03.44.55:536][  0]LogTemp:Display: Loaded TP WindowsServerTargetPlatform
[2017.04.24-03.44.55:547][  0]LogTemp:Display: Loaded TP WindowsTargetPlatform
[2017.04.24-03.44.55:605][  0]LogTemp:Display: Loaded TP AndroidTargetPlatform
[2017.04.24-03.44.55:647][  0]LogTemp:Display: Loaded TP Android_ASTCTargetPlatform
[2017.04.24-03.44.55:657][  0]LogTemp:Display: Loaded TP Android_ATCTargetPlatform
[2017.04.24-03.44.55:665][  0]LogTemp:Display: Loaded TP Android_DXTTargetPlatform
[2017.04.24-03.44.55:672][  0]LogTemp:Display: Loaded TP Android_ETC1TargetPlatform
[2017.04.24-03.44.55:679][  0]LogTemp:Display: Loaded TP Android_ETC2TargetPlatform
[2017.04.24-03.44.55:703][  0]LogTemp:Display: Loaded TP Android_MultiTargetPlatform
[2017.04.24-03.44.55:703][  0]LogTemp:Display: Loaded TP Android_PVRTCTargetPlatform
[2017.04.24-03.44.55:745][  0]LogTemp:Display: Loaded TP HTML5TargetPlatform
[2017.04.24-03.44.55:897][  0]LogTemp:Display: Loaded TP IOSTargetPlatform
[2017.04.24-03.44.55:904][  0]LogTemp:Display: Loaded TP TVOSTargetPlatform
[2017.04.24-03.44.55:929][  0]LogTemp:Display: Loaded TP LinuxNoEditorTargetPlatform
[2017.04.24-03.44.55:942][  0]LogTemp:Display: Loaded TP LinuxServerTargetPlatform
[2017.04.24-03.44.55:976][  0]LogTemp:Display: Loaded TP LinuxTargetPlatform
[2017.04.24-03.44.55:976][  0]LogTargetPlatformManager:Display: Building Assets For Windows
[2017.04.24-03.44.57:729][  0]LogDerivedDataCache:Display: Max Cache Size: 512 MB
[2017.04.24-03.44.58:351][  0]LogDerivedDataCache: Loaded boot cache 0.60s 48MB C:/Users/Steve/AppData/Local/UnrealEngine/4.12/DerivedDataCache/Boot.ddc.
[2017.04.24-03.44.58:353][  0]LogDerivedDataCache:Display: Loaded Boot cache: C:/Users/Steve/AppData/Local/UnrealEngine/4.12/DerivedDataCache/Boot.ddc
[2017.04.24-03.44.58:353][  0]LogDerivedDataCache: FDerivedDataBackendGraph:  Pak pak cache file ../../../../../../Users/Steve/Documents/SSRepository/Soul-Striker-Main/Soul Striker/DerivedDataCache/DDC.ddp not found, will not use a pak cache.
[2017.04.24-03.44.58:353][  0]LogDerivedDataCache: Unable to find inner node Pak for hierarchical cache Hierarchy.
[2017.04.24-03.44.58:353][  0]LogDerivedDataCache: FDerivedDataBackendGraph:  CompressedPak pak cache file ../../../../../../Users/Steve/Documents/SSRepository/Soul-Striker-Main/Soul Striker/DerivedDataCache/Compressed.ddp not found, will not use a pak cache.
[2017.04.24-03.44.58:353][  0]LogDerivedDataCache: Unable to find inner node CompressedPak for hierarchical cache Hierarchy.
[2017.04.24-03.44.58:454][  0]LogDerivedDataCache:Display: Pak cache opened for reading ../../../Engine/DerivedDataCache/Compressed.ddp.
[2017.04.24-03.44.58:502][  0]LogDerivedDataCache: Using Local data cache path C:/Users/Steve/AppData/Local/UnrealEngine/Common/DerivedDataCache: Writable
[2017.04.24-03.45.12:217][  0]LogInit: Selected Device Profile: [Windows]
[2017.04.24-03.45.12:341][  0]LogContentStreaming: Texture pool size is 0.00 MB
[2017.04.24-03.45.16:516][  0]LogMeshUtilities: No automatic mesh reduction module available
[2017.04.24-03.45.16:516][  0]LogMeshUtilities: No automatic mesh merging module available
[2017.04.24-03.45.16:516][  0]LogMeshUtilities: No distributed automatic mesh merging module available
[2017.04.24-03.45.24:882][  0]LogAssetRegistry: FAssetRegistry took 0.0958 seconds to start up
[2017.04.24-03.45.25:275][  0]LogPackageLocalizationCache: Processed 3 localized package path(s) for 2 prioritized culture(s) in 0.216129 seconds
[2017.04.24-03.45.25:350][  0]LogUObjectArray: 28739 objects as part of root set at end of initial load.
[2017.04.24-03.45.25:350][  0]LogUObjectAllocator: 5855624 out of 0 bytes used by permanent object pool.
[2017.04.24-03.45.25:350][  0]LogUObjectArray: CloseDisregardForGC: 0/0 objects in disregard for GC pool
[2017.04.24-03.45.25:488][  0]LogInit: WinSock: version 1.1 (2.2), MaxSocks=32767, MaxUdp=65467
[2017.04.24-03.45.38:668][  0]LogSlate: SlateFontCache - WITH_FREETYPE: 1, WITH_HARFBUZZ: 1
[2017.04.24-03.45.38:675][  0]LogSlate: SlateFontCache - WITH_FREETYPE: 1, WITH_HARFBUZZ: 1
[2017.04.24-03.46.10:293][  0]LogSubstanceCoreModule: Substance CPU Engine Loaded, Max Texture Size 2048
[2017.04.24-03.46.10:607][  0]LogUdpMessaging: Initializing bridge on interface 0.0.0.0:0 to multicast group 230.0.0.1:6666.
[2017.04.24-03.46.13:676][  0]SourceControl: Info Source control is disabled
[2017.04.24-03.46.13:702][  0]SourceControl: Info Source control is disabled
[2017.04.24-03.46.13:773][  0]SourceControl: Info Source control is disabled
[2017.04.24-03.46.13:814][  0]SourceControl: Info Source control is disabled
[2017.04.24-03.46.16:350][  0]LogEngine: Initializing Engine...
[2017.04.24-03.46.16:563][  0]LogHMD: SteamVR failed to initialize.  Err: 110
[2017.04.24-03.46.16:569][  0]LogHMD: SteamVR failed to initialize.  Err: 110
[2017.04.24-03.46.19:388][  0]LogAIModule: Creating AISystem for world NewWorld
[2017.04.24-03.46.19:779][  0]LogInit: XAudio2 using 'Speakers (Realtek High Definition Audio)' : 2 channels at 48 kHz using 32 bits per sample (channel mask 0x3)
[2017.04.24-03.46.19:850][  0]LogInit: FAudioDevice initialized.
[2017.04.24-03.46.19:958][  0]LogDerivedDataCache: Saved boot cache 0.11s 48MB C:/Users/Steve/AppData/Local/UnrealEngine/4.12/DerivedDataCache/Boot.ddc.
[2017.04.24-03.46.19:970][  0]LogInit: Texture streaming: Enabled
[2017.04.24-03.46.21:106][  0]LogInit: Transaction tracking system initialized
[2017.04.24-03.46.23:407][  0]BlueprintLog: New page: Editor Load
[2017.04.24-03.46.28:904][  0]LocalizationService: Info Localization service is disabled
[2017.04.24-03.46.31:855][  0]LogConsoleResponse:Display: 
[2017.04.24-03.46.40:492][  0]LogCook:Display: Max memory allowance for cook 8192mb
[2017.04.24-03.46.40:493][  0]LogCook:Display: Mobile HDR setting 1
[2017.04.24-03.46.43:318][  0]LogFileCache: Scanning file cache for directory 'C:/Users/Steve/Documents/SSRepository/Soul-Striker-Main/Soul Striker/Content/' took 0.17s
[2017.04.24-03.46.50:303][  0]SourceControl: Info Source control is disabled
[2017.04.24-03.46.50:548][  0]Cmd: MAP LOAD FILE="../../../../../../Users/Steve/Documents/SSRepository/Soul-Striker-Main/Soul Striker/Content/ThirdPersonBP/Maps/ThirdPersonExampleMap.umap" TEMPLATE=0 SHOWPROGRESS=1 FEATURELEVEL=3
[2017.04.24-03.46.50:796][  0]LightingResults: New page: Lighting Build
[2017.04.24-03.46.52:219][  0]MapCheck: New page: Map Check
[2017.04.24-03.46.52:219][  0]LightingResults: New page: Lighting Build
[2017.04.24-03.47.11:817][  0]LogBlueprint:Warning: Compiler Warning Node  Unknown  is not referencing a valid level actor
[2017.04.24-03.47.11:817][  0]LogBlueprint:Warning: Compiler Warning [0154.16] Compile of PersistentLevel.ThirdPersonExampleMap successful, but with 1 Warning(s) [in 21 ms] (/Game/ThirdPersonBP/Maps/ThirdPersonExampleMap.ThirdPersonExampleMap:PersistentLevel.ThirdPersonExampleMap)
[2017.04.24-03.47.11:851][  0]LogBlueprint:Warning: Compiler Warning [0154.19] Compile of PersistentLevel.ThirdPersonExampleMap successful, but with 2 Warning(s) [in 0 ms] (/Game/ThirdPersonBP/Maps/ThirdPersonExampleMap.ThirdPersonExampleMap:PersistentLevel.ThirdPersonExampleMap)
[2017.04.24-03.47.11:851][  0]LogBlueprint:Warning: Compiler Warning [0154.19] Compile of PersistentLevel.ThirdPersonExampleMap successful, but with 3 Warning(s) [in 0 ms] (/Game/ThirdPersonBP/Maps/ThirdPersonExampleMap.ThirdPersonExampleMap:PersistentLevel.ThirdPersonExampleMap)
[2017.04.24-03.47.11:876][  0]LogBlueprint:Warning: Compiler Warning Node  Unknown  is not referencing a valid level actor
[2017.04.24-03.47.11:876][  0]LogBlueprint:Warning: Compiler Warning [0154.22] Compile of PersistentLevel.ThirdPersonExampleMap successful, but with 1 Warning(s) [in 2 ms] (/Game/ThirdPersonBP/Maps/ThirdPersonExampleMap.ThirdPersonExampleMap:PersistentLevel.ThirdPersonExampleMap)
[2017.04.24-03.47.11:876][  0]LogBlueprint:Warning: Compiler Warning [0154.22] Compile of PersistentLevel.ThirdPersonExampleMap successful, but with 2 Warning(s) [in 0 ms] (/Game/ThirdPersonBP/Maps/ThirdPersonExampleMap.ThirdPersonExampleMap:PersistentLevel.ThirdPersonExampleMap)
[2017.04.24-03.47.11:876][  0]LogBlueprint:Warning: Compiler Warning [0154.22] Compile of PersistentLevel.ThirdPersonExampleMap successful, but with 3 Warning(s) [in 0 ms] (/Game/ThirdPersonBP/Maps/ThirdPersonExampleMap.ThirdPersonExampleMap:PersistentLevel.ThirdPersonExampleMap)
[2017.04.24-03.47.31:191][  0]LogAIModule: Creating AISystem for world ThirdPersonExampleMap
[2017.04.24-03.47.36:374][  0]LogEditorServer: Finished looking for orphan Actors (0.001 secs)
[2017.04.24-03.47.36:652][  0]Cmd: MAP CHECKDEP NOCLEARLOG
[2017.04.24-03.47.36:775][  0]MapCheck: Info Map check complete: 0 Error(s), 0 Warning(s), took 122.029ms to complete.
[2017.04.24-03.47.36:775][  0]LogFileHelpers: Loading map 'ThirdPersonExampleMap' took 46.257
[2017.04.24-03.47.46:469][  0]LogCollectionManager: Loaded 0 collections in 0.003848 seconds
[2017.04.24-03.47.47:213][  0]LogFileCache: Scanning file cache for directory 'C:/Users/Steve/Documents/SSRepository/Soul-Striker-Main/Soul Striker/Saved/Collections/' took 0.01s
[2017.04.24-03.47.47:213][  0]LogFileCache: Scanning file cache for directory 'C:/Users/Steve/Documents/SSRepository/Soul-Striker-Main/Soul Striker/Content/Developers/Steve/Collections/' took 0.01s
[2017.04.24-03.47.47:213][  0]LogFileCache: Scanning file cache for directory 'C:/Users/Steve/Documents/SSRepository/Soul-Striker-Main/Soul Striker/Content/Collections/' took 0.01s
[2017.04.24-03.47.47:213][  0]LogCollectionManager: Rebuilt the GUID cache for 0 collections in 0.000009 seconds
[2017.04.24-03.47.47:298][  0]LogContentBrowser: Native class hierarchy populated in 0.0811 seconds. Added 2062 classes and 375 folders.
[2017.04.24-03.47.47:814][  0]LogStats: UGameplayTagsManager::ConstructGameplayTagTree: Construct from data asset -  0.043 s
[2017.04.24-03.47.47:815][  0]LogStats: UGameplayTagsManager::ConstructGameplayTagTree: GameplayTagTreeChangedEvent.Broadcast -  0.001 s
[2017.04.24-03.47.47:818][  0]LogContentBrowser: Native class hierarchy updated for 'GameplayTags' in 0.0011 seconds. Added 12 classes and 0 folders.
[2017.04.24-03.47.47:965][  0]LogContentBrowser: Native class hierarchy updated for 'WidgetCarousel' in 0.0014 seconds. Added 0 classes and 0 folders.
[2017.04.24-03.47.53:677][  0]LogContentBrowser: Native class hierarchy updated for 'AddContentDialog' in 0.0007 seconds. Added 0 classes and 0 folders.
[2017.04.24-03.47.54:137][  0]LogContentBrowser: Native class hierarchy updated for 'SceneOutliner' in 0.0015 seconds. Added 1 classes and 2 folders.
[2017.04.24-03.47.57:111][  0]LogCrashTracker: Crashtracker disabled due to settings.
[2017.04.24-03.47.57:557][  0]LogUObjectGlobals:Warning: Failed to find object 'Class None.'
[2017.04.24-03.47.57:690][  0]LogContentBrowser: Native class hierarchy updated for 'HierarchicalLODOutliner' in 0.0015 seconds. Added 1 classes and 2 folders.
[2017.04.24-03.47.57:691][  0]LogLoad: Full Startup: 200.03 seconds (BP compile: 4.39 seconds)
[2017.04.24-03.47.57:691][  0]LogExternalProfiler: Found external profiler: VSPerf
[2017.04.24-03.47.57:691][  0]LogExternalProfiler: Using external profiler: VSPerf
[2017.04.24-03.47.58:213][  0]LogOcInput: OculusInput pre-init called
[2017.04.24-03.47.59:234][  0]LogContentStreaming: Texture pool size now 1000 MB
[2017.04.24-03.48.02:169][  0]LogRenderer: Reallocating scene render targets to support 1272x604 (Frame:2).
[2017.04.24-03.48.03:542][  1]LogFileCache: Retrieving MD5 hashes for directory 'C:/Users/Steve/Documents/SSRepository/Soul-Striker-Main/Soul Striker/Content/' took 5.10s
[2017.04.24-03.48.04:960][  4]LogAssetRegistry: Asset discovery search completed in 160.1003 seconds
[2017.04.24-03.48.04:965][  4]LogCollectionManager: Rebuilt the object cache for 0 collections in 0.000001 seconds (found 0 objects)
[2017.04.24-03.48.04:967][  4]LogCollectionManager: Fixed up redirectors for 0 collections in 0.006539 seconds (updated 0 objects)
[2017.04.24-03.50.07:956][787]Cmd: MAP LOAD FILE="../../../../../../Users/Steve/Documents/SSRepository/Soul-Striker-Main/Soul Striker/Content/Maps/Level_1.umap" TEMPLATE=0 SHOWPROGRESS=1 FEATURELEVEL=3
[2017.04.24-03.50.08:105][787]LightingResults: New page: Lighting Build
[2017.04.24-03.50.08:107][787]LoadErrors: New page: Loading map: Level_1.umap
[2017.04.24-03.50.08:219][787]MapCheck: New page: Map Check
[2017.04.24-03.50.08:219][787]LightingResults: New page: Lighting Build
[2017.04.24-03.50.12:651][787]LogMaterial: Missing cached shader map for material brick_texture_1_diffuse_Mat, compiling. 
[2017.04.24-03.50.12:719][787]LogMaterial:Warning: Failed to compile Material /Game/customMaterials/brick_texture_1_diffuse_Mat.brick_texture_1_diffuse_Mat for platform PCD3D_SM5, Default Material will be used in game.
[2017.04.24-03.50.12:719][787]LogMaterial:Warning: 	(Node TextureSample) TextureSample> Missing input texture
[2017.04.24-03.50.13:370][787]LogAIModule: Creating AISystem for world Level_1
[2017.04.24-03.50.13:626][787]LogEditorServer: Finished looking for orphan Actors (0.000 secs)
[2017.04.24-03.50.13:911][787]Cmd: MAP CHECKDEP NOCLEARLOG
[2017.04.24-03.50.13:986][787]MapCheck: Info Map check complete: 0 Error(s), 0 Warning(s), took 74.28ms to complete.
[2017.04.24-03.50.13:986][787]LogFileHelpers: Loading map 'Level_1' took 6.148
[2017.04.24-04.09.38:839][ 61]LogSavePackage: Save=1507.05ms
[2017.04.24-04.09.38:839][ 61]LogSavePackage: Moving '../../../../../../Users/Steve/Documents/SSRepository/Soul-Striker-Main/Soul Striker/Saved/Level_1C12960E94833FBE5E08CE4A3C06FA358.tmp' to '../../../../../../Users/Steve/Documents/SSRepository/Soul-Striker-Main/Soul Striker/Content/Maps/Level_1.umap'
[2017.04.24-04.09.38:868][ 61]LogSavePackage:Display: Finished SavePackage ../../../../../../Users/Steve/Documents/SSRepository/Soul-Striker-Main/Soul Striker/Content/Maps/Level_1.umap
[2017.04.24-04.11.13:438][680]LogBlueprintUserMessages: Early PlayInEditor Detection: Level '/Game/Maps/Level_1.Level_1:PersistentLevel' has LevelScriptBlueprint '/Game/Maps/Level_1.Level_1:PersistentLevel.Level_1' with GeneratedClass '/Game/Maps/Level_1.Level_1_C' with ClassGeneratedBy '/Game/Maps/Level_1.Level_1:PersistentLevel.Level_1'
[2017.04.24-04.11.13:458][680]LogPlayLevel: PlayLevel: No blueprints needed recompiling
[2017.04.24-04.11.13:533][680]PIE: New page: PIE session: Level_1 (Apr 23, 2017, 7:11:13 PM)
[2017.04.24-04.11.13:533][680]LogPlayLevel: Creating play world package: /Game/Maps/UEDPIE_0_Level_1
[2017.04.24-04.11.13:699][680]LogPlayLevel: PIE: StaticDuplicateObject took: (0.166173s)
[2017.04.24-04.11.13:700][680]LogAIModule: Creating AISystem for world Level_1
[2017.04.24-04.11.13:700][680]LogPlayLevel: PIE: World Init took: (0.000672s)
[2017.04.24-04.11.13:703][680]LogPlayLevel: PIE: Created PIE world by copying editor world from /Game/Maps/Level_1.Level_1 to /Game/Maps/UEDPIE_0_Level_1.Level_1 (0.169794s)
[2017.04.24-04.11.13:784][680]LogInit: XAudio2 using 'Speakers (Realtek High Definition Audio)' : 2 channels at 48 kHz using 32 bits per sample (channel mask 0x3)
[2017.04.24-04.11.13:799][680]LogInit: FAudioDevice initialized.
[2017.04.24-04.11.14:063][680]LogWorld: Game class is 'SoulStrikerCampaign_C'
[2017.04.24-04.11.14:247][680]LogWorld: Bringing World /Game/Maps/UEDPIE_0_Level_1.Level_1 up for play (max tick rate 0) at 2017.04.24-00.11.14
[2017.04.24-04.11.14:372][680]LogWorld: Bringing up level for play took: 0.167993
[2017.04.24-04.11.14:583][680]LogContentBrowser: Native class hierarchy updated for 'MovieSceneCapture' in 0.0020 seconds. Added 11 classes and 0 folders.
[2017.04.24-04.11.14:683][680]PIE: Info Play in editor start time for /Game/Maps/UEDPIE_0_Level_1 2.127
[2017.04.24-04.11.14:683][680]LogBlueprintUserMessages: Late PlayInEditor Detection: Level '/Game/Maps/Level_1.Level_1:PersistentLevel' has LevelScriptBlueprint '/Game/Maps/Level_1.Level_1:PersistentLevel.Level_1' with GeneratedClass '/Game/Maps/Level_1.Level_1_C' with ClassGeneratedBy '/Game/Maps/Level_1.Level_1:PersistentLevel.Level_1'
[2017.04.24-04.11.30:485][447]LogBlueprintUserMessages: [AI_TurretBullet_C_6] 9.0
[2017.04.24-04.11.40:801][685]LogBlueprintUserMessages: [AI_TurretBullet_C_17] 8.0
[2017.04.24-04.11.55:425][393]LogBlueprintUserMessages: [skeletonOLD_365] DASH!@
[2017.04.24-04.11.57:425][633]LogBlueprintUserMessages: [skeletonOLD_365] Stab...Stab!
[2017.04.24-04.11.57:433][634]LogBlueprintUserMessages: [skeletonOLD_365] blocked!
[2017.04.24-04.11.57:433][634]LogBlueprintUserMessages: [skeletonOLD_365] Not the good guy!
[2017.04.24-04.11.57:433][634]LogBlueprintUserMessages: [skeletonOLD_365] blocked!
[2017.04.24-04.11.57:442][635]LogBlueprintUserMessages: [skeletonOLD_365] blocked!
[2017.04.24-04.11.57:450][636]LogBlueprintUserMessages: [skeletonOLD_365] blocked!
[2017.04.24-04.11.59:799][918]LogBlueprintUserMessages: [skeletonOLD_365] blocked!
[2017.04.24-04.11.59:808][919]LogBlueprintUserMessages: [skeletonOLD_365] blocked!
[2017.04.24-04.11.59:816][920]LogBlueprintUserMessages: [skeletonOLD_365] blocked!
[2017.04.24-04.11.59:824][921]LogBlueprintUserMessages: [skeletonOLD_365] blocked!
[2017.04.24-04.11.59:833][922]LogBlueprintUserMessages: [skeletonOLD_365] blocked!
[2017.04.24-04.11.59:842][923]LogBlueprintUserMessages: [skeletonOLD_365] blocked!
[2017.04.24-04.11.59:850][924]LogBlueprintUserMessages: [skeletonOLD_365] blocked!
[2017.04.24-04.11.59:858][925]LogBlueprintUserMessages: [skeletonOLD_365] blocked!
[2017.04.24-04.11.59:866][926]LogBlueprintUserMessages: [skeletonOLD_365] blocked!
[2017.04.24-04.12.00:192][965]LogBlueprintUserMessages: [skeletonOLD_365] blocked!
[2017.04.24-04.12.00:200][966]LogBlueprintUserMessages: [skeletonOLD_365] blocked!
[2017.04.24-04.12.00:208][967]LogBlueprintUserMessages: [skeletonOLD_365] blocked!
[2017.04.24-04.12.00:216][968]LogBlueprintUserMessages: [skeletonOLD_365] blocked!
[2017.04.24-04.12.00:225][969]LogBlueprintUserMessages: [skeletonOLD_365] blocked!
[2017.04.24-04.12.00:233][970]LogBlueprintUserMessages: [skeletonOLD_365] blocked!
[2017.04.24-04.12.00:241][971]LogBlueprintUserMessages: [skeletonOLD_365] blocked!
[2017.04.24-04.12.00:250][972]LogBlueprintUserMessages: [skeletonOLD_365] blocked!
[2017.04.24-04.12.00:258][973]LogBlueprintUserMessages: [skeletonOLD_365] blocked!
[2017.04.24-04.12.00:266][974]LogBlueprintUserMessages: [skeletonOLD_365] blocked!
[2017.04.24-04.12.00:275][975]LogBlueprintUserMessages: [skeletonOLD_365] blocked!
[2017.04.24-04.12.00:283][976]LogBlueprintUserMessages: [skeletonOLD_365] blocked!
[2017.04.24-04.12.00:291][977]LogBlueprintUserMessages: [skeletonOLD_365] blocked!
[2017.04.24-04.12.00:300][978]LogBlueprintUserMessages: [skeletonOLD_365] blocked!
[2017.04.24-04.12.00:308][979]LogBlueprintUserMessages: [skeletonOLD_365] blocked!
[2017.04.24-04.12.00:316][980]LogBlueprintUserMessages: [skeletonOLD_365] blocked!
[2017.04.24-04.12.00:316][980]LogBlueprintUserMessages: [skeletonOLD_365] blocked!
[2017.04.24-04.12.00:325][981]LogBlueprintUserMessages: [skeletonOLD_365] blocked!
[2017.04.24-04.12.00:333][982]LogBlueprintUserMessages: [skeletonOLD_365] blocked!
[2017.04.24-04.12.00:342][983]LogBlueprintUserMessages: [skeletonOLD_365] blocked!
[2017.04.24-04.12.00:350][984]LogBlueprintUserMessages: [skeletonOLD_365] blocked!
[2017.04.24-04.12.00:358][985]LogBlueprintUserMessages: [skeletonOLD_365] blocked!
[2017.04.24-04.12.00:366][986]LogBlueprintUserMessages: [skeletonOLD_365] blocked!
[2017.04.24-04.12.00:375][987]LogBlueprintUserMessages: [skeletonOLD_365] blocked!
[2017.04.24-04.12.00:383][988]LogBlueprintUserMessages: [skeletonOLD_365] blocked!
[2017.04.24-04.12.00:391][989]LogBlueprintUserMessages: [skeletonOLD_365] blocked!
[2017.04.24-04.12.00:400][990]LogBlueprintUserMessages: [skeletonOLD_365] blocked!
[2017.04.24-04.12.00:408][991]LogBlueprintUserMessages: [skeletonOLD_365] blocked!
[2017.04.24-04.12.00:416][992]LogBlueprintUserMessages: [skeletonOLD_365] blocked!
[2017.04.24-04.12.00:425][993]LogBlueprintUserMessages: [skeletonOLD_365] blocked!
[2017.04.24-04.12.00:433][994]LogBlueprintUserMessages: [skeletonOLD_365] blocked!
[2017.04.24-04.12.00:441][995]LogBlueprintUserMessages: [skeletonOLD_365] blocked!
[2017.04.24-04.12.00:450][996]LogBlueprintUserMessages: [skeletonOLD_365] blocked!
[2017.04.24-04.12.00:458][997]LogBlueprintUserMessages: [skeletonOLD_365] blocked!
[2017.04.24-04.12.00:466][998]LogBlueprintUserMessages: [skeletonOLD_365] blocked!
[2017.04.24-04.12.00:475][999]LogBlueprintUserMessages: [skeletonOLD_365] blocked!
[2017.04.24-04.12.00:483][  0]LogBlueprintUserMessages: [skeletonOLD_365] blocked!
[2017.04.24-04.12.00:491][  1]LogBlueprintUserMessages: [skeletonOLD_365] blocked!
[2017.04.24-04.12.00:499][  2]LogBlueprintUserMessages: [skeletonOLD_365] blocked!
[2017.04.24-04.12.00:508][  3]LogBlueprintUserMessages: [skeletonOLD_365] blocked!
[2017.04.24-04.12.00:516][  4]LogBlueprintUserMessages: [skeletonOLD_365] blocked!
[2017.04.24-04.12.00:525][  5]LogBlueprintUserMessages: [skeletonOLD_365] blocked!
[2017.04.24-04.12.00:533][  6]LogBlueprintUserMessages: [skeletonOLD_365] blocked!
[2017.04.24-04.12.00:541][  7]LogBlueprintUserMessages: [skeletonOLD_365] blocked!
[2017.04.24-04.12.00:550][  8]LogBlueprintUserMessages: [skeletonOLD_365] blocked!
[2017.04.24-04.12.00:558][  9]LogBlueprintUserMessages: [skeletonOLD_365] blocked!
[2017.04.24-04.12.00:566][ 10]LogBlueprintUserMessages: [skeletonOLD_365] blocked!
[2017.04.24-04.12.00:575][ 11]LogBlueprintUserMessages: [skeletonOLD_365] blocked!
[2017.04.24-04.12.00:583][ 12]LogBlueprintUserMessages: [skeletonOLD_365] blocked!
[2017.04.24-04.12.00:591][ 13]LogBlueprintUserMessages: [skeletonOLD_365] blocked!
[2017.04.24-04.12.00:599][ 14]LogBlueprintUserMessages: [skeletonOLD_365] blocked!
[2017.04.24-04.12.00:608][ 15]LogBlueprintUserMessages: [skeletonOLD_365] blocked!
[2017.04.24-04.12.00:616][ 16]LogBlueprintUserMessages: [skeletonOLD_365] blocked!
[2017.04.24-04.12.00:625][ 17]LogBlueprintUserMessages: [skeletonOLD_365] blocked!
[2017.04.24-04.12.00:633][ 18]LogBlueprintUserMessages: [skeletonOLD_365] blocked!
[2017.04.24-04.12.00:642][ 19]LogBlueprintUserMessages: [skeletonOLD_365] blocked!
[2017.04.24-04.12.00:650][ 20]LogBlueprintUserMessages: [skeletonOLD_365] blocked!
[2017.04.24-04.12.00:658][ 21]LogBlueprintUserMessages: [skeletonOLD_365] blocked!
[2017.04.24-04.12.00:666][ 22]LogBlueprintUserMessages: [skeletonOLD_365] blocked!
[2017.04.24-04.12.00:675][ 23]LogBlueprintUserMessages: [skeletonOLD_365] blocked!
[2017.04.24-04.12.00:683][ 24]LogBlueprintUserMessages: [skeletonOLD_365] blocked!
[2017.04.24-04.12.00:692][ 25]LogBlueprintUserMessages: [skeletonOLD_365] blocked!
[2017.04.24-04.12.00:700][ 26]LogBlueprintUserMessages: [skeletonOLD_365] blocked!
[2017.04.24-04.12.00:708][ 27]LogBlueprintUserMessages: [skeletonOLD_365] blocked!
[2017.04.24-04.12.00:716][ 28]LogBlueprintUserMessages: [skeletonOLD_365] blocked!
[2017.04.24-04.12.00:725][ 29]LogBlueprintUserMessages: [skeletonOLD_365] blocked!
[2017.04.24-04.12.00:733][ 30]LogBlueprintUserMessages: [skeletonOLD_365] blocked!
[2017.04.24-04.12.00:741][ 31]LogBlueprintUserMessages: [skeletonOLD_365] blocked!
[2017.04.24-04.12.00:750][ 32]LogBlueprintUserMessages: [skeletonOLD_365] blocked!
[2017.04.24-04.12.00:758][ 33]LogBlueprintUserMessages: [skeletonOLD_365] blocked!
[2017.04.24-04.12.00:766][ 34]LogBlueprintUserMessages: [skeletonOLD_365] blocked!
[2017.04.24-04.12.00:775][ 35]LogBlueprintUserMessages: [skeletonOLD_365] blocked!
[2017.04.24-04.12.00:783][ 36]LogBlueprintUserMessages: [skeletonOLD_365] blocked!
[2017.04.24-04.12.00:792][ 37]LogBlueprintUserMessages: [skeletonOLD_365] blocked!
[2017.04.24-04.12.00:800][ 38]LogBlueprintUserMessages: [skeletonOLD_365] blocked!
[2017.04.24-04.12.00:808][ 39]LogBlueprintUserMessages: [skeletonOLD_365] blocked!
[2017.04.24-04.12.00:816][ 40]LogBlueprintUserMessages: [skeletonOLD_365] blocked!
[2017.04.24-04.12.00:825][ 41]LogBlueprintUserMessages: [skeletonOLD_365] blocked!
[2017.04.24-04.12.00:833][ 42]LogBlueprintUserMessages: [skeletonOLD_365] blocked!
[2017.04.24-04.12.00:842][ 43]LogBlueprintUserMessages: [skeletonOLD_365] blocked!
[2017.04.24-04.12.00:850][ 44]LogBlueprintUserMessages: [skeletonOLD_365] blocked!
[2017.04.24-04.12.00:858][ 45]LogBlueprintUserMessages: [skeletonOLD_365] blocked!
[2017.04.24-04.12.00:866][ 46]LogBlueprintUserMessages: [skeletonOLD_365] blocked!
[2017.04.24-04.12.00:875][ 47]LogBlueprintUserMessages: [skeletonOLD_365] blocked!
[2017.04.24-04.12.00:883][ 48]LogBlueprintUserMessages: [skeletonOLD_365] blocked!
[2017.04.24-04.12.00:892][ 49]LogBlueprintUserMessages: [skeletonOLD_365] blocked!
[2017.04.24-04.12.00:900][ 50]LogBlueprintUserMessages: [skeletonOLD_365] blocked!
[2017.04.24-04.12.00:908][ 51]LogBlueprintUserMessages: [skeletonOLD_365] blocked!
[2017.04.24-04.12.00:916][ 52]LogBlueprintUserMessages: [skeletonOLD_365] blocked!
[2017.04.24-04.12.00:925][ 53]LogBlueprintUserMessages: [skeletonOLD_365] blocked!
[2017.04.24-04.12.00:933][ 54]LogBlueprintUserMessages: [skeletonOLD_365] blocked!
[2017.04.24-04.12.00:942][ 55]LogBlueprintUserMessages: [skeletonOLD_365] blocked!
[2017.04.24-04.12.00:950][ 56]LogBlueprintUserMessages: [skeletonOLD_365] blocked!
[2017.04.24-04.12.00:958][ 57]LogBlueprintUserMessages: [skeletonOLD_365] blocked!
[2017.04.24-04.12.00:966][ 58]LogBlueprintUserMessages: [skeletonOLD_365] blocked!
[2017.04.24-04.12.00:975][ 59]LogBlueprintUserMessages: [skeletonOLD_365] blocked!
[2017.04.24-04.12.00:983][ 60]LogBlueprintUserMessages: [skeletonOLD_365] blocked!
[2017.04.24-04.12.00:991][ 61]LogBlueprintUserMessages: [skeletonOLD_365] blocked!
[2017.04.24-04.12.01:000][ 62]LogBlueprintUserMessages: [skeletonOLD_365] blocked!
[2017.04.24-04.12.01:008][ 63]LogBlueprintUserMessages: [skeletonOLD_365] blocked!
[2017.04.24-04.12.01:016][ 64]LogBlueprintUserMessages: [skeletonOLD_365] blocked!
[2017.04.24-04.12.01:025][ 65]LogBlueprintUserMessages: [skeletonOLD_365] blocked!
[2017.04.24-04.12.01:033][ 66]LogBlueprintUserMessages: [skeletonOLD_365] blocked!
[2017.04.24-04.12.01:041][ 67]LogBlueprintUserMessages: [skeletonOLD_365] blocked!
[2017.04.24-04.12.01:050][ 68]LogBlueprintUserMessages: [skeletonOLD_365] blocked!
[2017.04.24-04.12.01:058][ 69]LogBlueprintUserMessages: [skeletonOLD_365] blocked!
[2017.04.24-04.12.01:066][ 70]LogBlueprintUserMessages: [skeletonOLD_365] blocked!
[2017.04.24-04.12.01:075][ 71]LogBlueprintUserMessages: [skeletonOLD_365] blocked!
[2017.04.24-04.12.01:083][ 72]LogBlueprintUserMessages: [skeletonOLD_365] blocked!
[2017.04.24-04.12.01:091][ 73]LogBlueprintUserMessages: [skeletonOLD_365] blocked!
[2017.04.24-04.12.01:099][ 74]LogBlueprintUserMessages: [skeletonOLD_365] blocked!
[2017.04.24-04.12.01:108][ 75]LogBlueprintUserMessages: [skeletonOLD_365] blocked!
[2017.04.24-04.12.01:116][ 76]LogBlueprintUserMessages: [skeletonOLD_365] blocked!
[2017.04.24-04.12.01:125][ 77]LogBlueprintUserMessages: [skeletonOLD_365] blocked!
[2017.04.24-04.12.01:133][ 78]LogBlueprintUserMessages: [skeletonOLD_365] blocked!
[2017.04.24-04.12.01:141][ 79]LogBlueprintUserMessages: [skeletonOLD_365] blocked!
[2017.04.24-04.12.01:150][ 80]LogBlueprintUserMessages: [skeletonOLD_365] blocked!
[2017.04.24-04.12.01:158][ 81]LogBlueprintUserMessages: [skeletonOLD_365] blocked!
[2017.04.24-04.12.01:166][ 82]LogBlueprintUserMessages: [skeletonOLD_365] blocked!
[2017.04.24-04.12.01:175][ 83]LogBlueprintUserMessages: [skeletonOLD_365] blocked!
[2017.04.24-04.12.01:183][ 84]LogBlueprintUserMessages: [skeletonOLD_365] blocked!
[2017.04.24-04.12.01:192][ 85]LogBlueprintUserMessages: [skeletonOLD_365] blocked!
[2017.04.24-04.12.01:200][ 86]LogBlueprintUserMessages: [skeletonOLD_365] blocked!
[2017.04.24-04.12.01:208][ 87]LogBlueprintUserMessages: [skeletonOLD_365] blocked!
[2017.04.24-04.12.01:217][ 88]LogBlueprintUserMessages: [skeletonOLD_365] blocked!
[2017.04.24-04.12.01:225][ 89]LogBlueprintUserMessages: [skeletonOLD_365] blocked!
[2017.04.24-04.12.01:233][ 90]LogBlueprintUserMessages: [skeletonOLD_365] blocked!
[2017.04.24-04.12.01:242][ 91]LogBlueprintUserMessages: [skeletonOLD_365] blocked!
[2017.04.24-04.12.01:250][ 92]LogBlueprintUserMessages: [skeletonOLD_365] blocked!
[2017.04.24-04.12.01:259][ 93]LogBlueprintUserMessages: [skeletonOLD_365] blocked!
[2017.04.24-04.12.01:267][ 94]LogBlueprintUserMessages: [skeletonOLD_365] blocked!
[2017.04.24-04.12.01:275][ 95]LogBlueprintUserMessages: [skeletonOLD_365] blocked!
[2017.04.24-04.12.03:050][308]LogBlueprintUserMessages: [skeletonOLD_365] blocked!
[2017.04.24-04.12.03:058][309]LogBlueprintUserMessages: [skeletonOLD_365] blocked!
[2017.04.24-04.12.03:067][310]LogBlueprintUserMessages: [skeletonOLD_365] blocked!
[2017.04.24-04.12.03:075][311]LogBlueprintUserMessages: [skeletonOLD_365] blocked!
[2017.04.24-04.12.03:075][311]LogBlueprintUserMessages: [skeletonOLD_365] blocked!
[2017.04.24-04.12.03:084][312]LogBlueprintUserMessages: [skeletonOLD_365] blocked!
[2017.04.24-04.12.03:092][313]LogBlueprintUserMessages: [skeletonOLD_365] blocked!
[2017.04.24-04.12.03:100][314]LogBlueprintUserMessages: [skeletonOLD_365] blocked!
[2017.04.24-04.12.03:108][315]LogBlueprintUserMessages: [skeletonOLD_365] blocked!
[2017.04.24-04.12.03:117][316]LogBlueprintUserMessages: [skeletonOLD_365] blocked!
[2017.04.24-04.12.03:125][317]LogBlueprintUserMessages: [skeletonOLD_365] blocked!
[2017.04.24-04.12.03:133][318]LogBlueprintUserMessages: [skeletonOLD_365] blocked!
[2017.04.24-04.12.03:142][319]LogBlueprintUserMessages: [skeletonOLD_365] blocked!
[2017.04.24-04.12.03:150][320]LogBlueprintUserMessages: [skeletonOLD_365] blocked!
[2017.04.24-04.12.03:159][321]LogBlueprintUserMessages: [skeletonOLD_365] blocked!
[2017.04.24-04.12.03:167][322]LogBlueprintUserMessages: [skeletonOLD_365] blocked!
[2017.04.24-04.12.03:175][323]LogBlueprintUserMessages: [skeletonOLD_365] blocked!
[2017.04.24-04.12.03:183][324]LogBlueprintUserMessages: [skeletonOLD_365] blocked!
[2017.04.24-04.12.03:192][325]LogBlueprintUserMessages: [skeletonOLD_365] blocked!
[2017.04.24-04.12.03:200][326]LogBlueprintUserMessages: [skeletonOLD_365] blocked!
[2017.04.24-04.12.03:209][327]LogBlueprintUserMessages: [skeletonOLD_365] blocked!
[2017.04.24-04.12.03:217][328]LogBlueprintUserMessages: [skeletonOLD_365] Hit!
[2017.04.24-04.12.03:225][329]LogBlueprintUserMessages: [skeletonOLD_365] Hit!
[2017.04.24-04.12.03:233][330]LogBlueprintUserMessages: [skeletonOLD_365] Hit!
[2017.04.24-04.12.03:242][331]LogBlueprintUserMessages: [skeletonOLD_365] Hit!
[2017.04.24-04.12.03:250][332]LogBlueprintUserMessages: [skeletonOLD_365] Hit!
[2017.04.24-04.12.03:258][333]LogBlueprintUserMessages: [skeletonOLD_365] Hit!
[2017.04.24-04.12.03:267][334]LogBlueprintUserMessages: [skeletonOLD_365] Hit!
[2017.04.24-04.12.03:275][335]LogBlueprintUserMessages: [skeletonOLD_365] Hit!
[2017.04.24-04.12.03:283][336]LogBlueprintUserMessages: [skeletonOLD_365] Hit!
[2017.04.24-04.12.03:292][337]LogBlueprintUserMessages: [skeletonOLD_365] Hit!
[2017.04.24-04.12.03:300][338]LogBlueprintUserMessages: [skeletonOLD_365] Hit!
[2017.04.24-04.12.03:308][339]LogBlueprintUserMessages: [skeletonOLD_365] Hit!
[2017.04.24-04.12.03:317][340]LogBlueprintUserMessages: [skeletonOLD_365] Hit!
[2017.04.24-04.12.03:325][341]LogBlueprintUserMessages: [skeletonOLD_365] Hit!
[2017.04.24-04.12.03:333][342]LogBlueprintUserMessages: [skeletonOLD_365] Hit!
[2017.04.24-04.12.03:342][343]LogBlueprintUserMessages: [skeletonOLD_365] Hit!
[2017.04.24-04.12.03:367][344]LogNet: Browse: /Game/Maps/Level_1
[2017.04.24-04.12.03:377][344]LogLoad: LoadMap: /Game/Maps/Level_1
[2017.04.24-04.12.03:554][344]Cmd: MEM
[2017.04.24-04.12.03:823][344]LogMemory: Platform Memory Stats for Windows
[2017.04.24-04.12.03:823][344]LogMemory: Process Physical Memory: 899.02 MB used, 978.68 MB peak
[2017.04.24-04.12.03:824][344]LogMemory: Process Virtual Memory: 1529.79 MB used, 1537.79 MB peak
[2017.04.24-04.12.03:824][344]LogMemory: Physical Memory: 4748.55 MB used, 8145.96 MB total
[2017.04.24-04.12.03:824][344]LogMemory: Virtual Memory: 2304.40 MB used, 134217728.00 MB total
[2017.04.24-04.12.03:824][344]LogMemory: 
[2017.04.24-04.12.03:824][344]Allocator Stats for TBB: (not implemented)
[2017.04.24-04.12.03:867][344]LogPlayLevel: Creating play world package: /Game/Maps/UEDPIE_0_Level_1
[2017.04.24-04.12.03:956][344]LogPlayLevel: PIE: StaticDuplicateObject took: (0.088490s)
[2017.04.24-04.12.03:957][344]LogAIModule: Creating AISystem for world Level_1
[2017.04.24-04.12.03:957][344]LogPlayLevel: PIE: World Init took: (0.000812s)
[2017.04.24-04.12.03:957][344]LogPlayLevel: PIE: Created PIE world by copying editor world from /Game/Maps/Level_1.Level_1 to /Game/Maps/UEDPIE_0_Level_1.Level_1 (0.089777s)
[2017.04.24-04.12.03:957][344]LogWorld: Game class is 'SoulStrikerCampaign_C'
[2017.04.24-04.12.03:988][344]LogWorld: Bringing World /Game/Maps/UEDPIE_0_Level_1.Level_1 up for play (max tick rate 0) at 2017.04.24-00.12.03
[2017.04.24-04.12.03:991][344]LogWorld: Bringing up level for play took: 0.021126
[2017.04.24-04.12.03:995][344]LogLoad: Took 0.619016 seconds to LoadMap(/Game/Maps/UEDPIE_0_Level_1)
[2017.04.24-04.12.07:618][779]LogBlueprintUserMessages: [AI_TurretBullet_C_0] 9.0
[2017.04.24-04.12.08:169][845]LogBlueprintUserMessages: [AI_TurretBullet_C_1] 8.0
[2017.04.24-04.12.08:719][911]LogBlueprintUserMessages: [AI_TurretBullet_C_2] 7.0
[2017.04.24-04.12.18:003][ 25]LogBlueprintUserMessages: [skeletonOLD_365] SLASH! Slash! Slash!
[2017.04.24-04.12.18:010][ 26]LogBlueprintUserMessages: [skeletonOLD_365] blocked!
[2017.04.24-04.12.20:411][314]LogBlueprintUserMessages: [skeletonOLD_365] Not the good guy!
[2017.04.24-04.12.20:636][341]LogBlueprintUserMessages: [skeletonOLD_365] blocked!
[2017.04.24-04.12.21:003][385]LogBlueprintUserMessages: [skeletonOLD_365] Slice!
[2017.04.24-04.12.23:086][635]LogBlueprintUserMessages: [skeletonOLD_365] Hit!
[2017.04.24-04.12.24:253][775]LogBlueprintUserMessages: [skeletonOLD_365] blocked!
[2017.04.24-04.12.24:595][816]LogBlueprintUserMessages: [skeletonOLD_365] blocked!
[2017.04.24-04.12.25:004][865]LogBlueprintUserMessages: [skeletonOLD_365] Stab...Stab!
[2017.04.24-04.12.26:786][ 79]LogBlueprintUserMessages: [skeletonOLD_365] Hit!
[2017.04.24-04.12.27:004][105]LogBlueprintUserMessages: [skeletonOLD_365] Slice!
[2017.04.24-04.12.28:004][225]LogBlueprintUserMessages: [skeletonOLD_365] Stab...Stab!
[2017.04.24-04.12.29:004][345]LogBlueprintUserMessages: [skeletonOLD_365] SLASH! Slash! Slash!
[2017.04.24-04.12.30:004][465]LogBlueprintUserMessages: [skeletonOLD_365] Slice!
[2017.04.24-04.12.31:004][585]LogBlueprintUserMessages: [skeletonOLD_365] Stab...Stab!
[2017.04.24-04.12.32:004][705]LogBlueprintUserMessages: [skeletonOLD_365] Slice!
[2017.04.24-04.12.33:012][826]LogBlueprintUserMessages: [skeletonOLD_365] Hit!
[2017.04.24-04.12.34:004][945]LogBlueprintUserMessages: [skeletonOLD_365] Stab...Stab!
[2017.04.24-04.12.35:695][148]LogBlueprintUserMessages: [skeletonOLD_365] Hit!
[2017.04.24-04.12.36:879][290]LogBlueprintUserMessages: [skeletonOLD_365] Hit!
[2017.04.24-04.12.37:562][372]LogBlueprintUserMessages: [skeletonOLD_365] Hit!
[2017.04.24-04.12.38:005][425]LogBlueprintUserMessages: [skeletonOLD_365] Slice!
[2017.04.24-04.12.38:871][529]LogBlueprintUserMessages: [skeletonOLD_365] Hit!
[2017.04.24-04.12.40:004][665]LogBlueprintUserMessages: [skeletonOLD_365] Stab...Stab!
[2017.04.24-04.12.41:629][860]LogBlueprintUserMessages: [skeletonOLD_365] blocked!
[2017.04.24-04.12.42:006][905]LogBlueprintUserMessages: [skeletonOLD_365] Slice!
[2017.04.24-04.12.43:529][ 88]LogBlueprintUserMessages: [skeletonOLD_365] Hit!
[2017.04.24-04.12.44:006][145]LogBlueprintUserMessages: [skeletonOLD_365] SLASH! Slash! Slash!
[2017.04.24-04.12.45:463][320]LogBlueprintUserMessages: [skeletonOLD_365] Hit!
[2017.04.24-04.12.47:271][537]LogBlueprintUserMessages: [skeletonOLD_365] blocked!
[2017.04.24-04.12.48:746][714]LogBlueprintUserMessages: [skeletonOLD_365] blocked!
[2017.04.24-04.12.49:006][745]LogBlueprintUserMessages: [skeletonOLD_365] Stab...Stab!
[2017.04.24-04.12.50:830][964]LogBlueprintUserMessages: [skeletonOLD_365] blocked!
[2017.04.24-04.12.51:006][985]LogBlueprintUserMessages: [skeletonOLD_365] Slice!
[2017.04.24-04.12.51:972][101]LogBlueprintUserMessages: [skeletonOLD_365] blocked!
[2017.04.24-04.12.52:247][134]LogBlueprintUserMessages: [skeletonOLD_365] blocked!
[2017.04.24-04.12.55:205][487]LogBlueprintUserMessages: [skeletonOLD_365] blocked!
[2017.04.24-04.12.55:210][487]LogScriptCore:Warning: Attempted to get an item from array CallFunc_GetOverlappingActors_OverlappingActors2 out of bounds [0/0]!

[2017.04.24-04.12.56:008][583]LogBlueprintUserMessages: [skeletonOLD_365] SLASH! Slash! Slash!
[2017.04.24-04.12.56:299][618]LogBlueprintUserMessages: [skeletonOLD_365] blocked!
[2017.04.24-04.12.56:300][618]LogScriptCore:Warning: Attempted to get an item from array CallFunc_GetOverlappingActors_OverlappingActors2 out of bounds [0/0]!

[2017.04.24-04.12.59:166][962]LogBlueprintUserMessages: [doorSwtich_554] aaaaaaaaaaaaaaaaaaaaaaaaaaaaaaaaand OPEN!
[2017.04.24-04.12.59:166][962]LogScriptCore:Warning: Attempted to get an item from array CallFunc_GetOverlappingActors_OverlappingActors out of bounds [0/0]!

[2017.04.24-04.12.59:166][962]LogScriptCore:Warning: Attempted to get an item from array CallFunc_GetOverlappingActors_OverlappingActors2 out of bounds [0/0]!

[2017.04.24-04.13.03:084][432]LogScriptCore:Warning: Attempted to get an item from array CallFunc_GetOverlappingActors_OverlappingActors out of bounds [0/0]!

[2017.04.24-04.13.03:530][479]LogBlueprintUserMessages: [spiritOrbOG_C_0] -1260.145508
[2017.04.24-04.13.05:480][712]LogScriptCore:Warning: Attempted to get an item from array CallFunc_GetOverlappingActors_OverlappingActors out of bounds [0/0]!

[2017.04.24-04.13.05:905][763]LogBlueprintUserMessages: [spiritOrbOG_C_1] -1080.145508
[2017.04.24-04.13.05:906][763]LogBlueprintUserMessages: [spiritOrbOG_C_1] -1080.145508
[2017.04.24-04.13.07:663][974]LogScriptCore:Warning: Attempted to get an item from array CallFunc_GetOverlappingActors_OverlappingActors out of bounds [0/0]!

[2017.04.24-04.13.08:072][ 23]LogBlueprintUserMessages: [spiritOrbOG_C_2] -1260.145508
[2017.04.24-04.13.10:006][255]LogBlueprintUserMessages: [skeletonOLD2] DASH!@
[2017.04.24-04.13.10:739][343]LogScriptCore:Warning: Attempted to get an item from array CallFunc_GetOverlappingActors_OverlappingActors out of bounds [0/0]!

[2017.04.24-04.13.12:005][492]LogBlueprintUserMessages: [skeletonOLD2] DASH!@
[2017.04.24-04.13.12:079][501]LogScript:Warning: Attempted to access spiritOrbOG_C_3 via property CallFunc_Array_Get_Item, but spiritOrbOG_C_3 is pending kill
	KnightOfLight_C /Game/Maps/UEDPIE_0_Level_1.Level_1:PersistentLevel.KnightOfLight_C_0
	Function /Game/ThirdPersonBP/Blueprints/KnightOfLight.KnightOfLight_C:ExecuteUbergraph_KnightOfLight:0856
[2017.04.24-04.13.12:079][501]PIE:Error: Error Blueprint Runtime Error: Attempted to access spiritOrbOG_C_3 via property CallFunc_Array_Get_Item, but spiritOrbOG_C_3 is pending kill from function: 'ExecuteUbergraph_KnightOfLight' from node: DestroyActor in graph: EventGraph in object: KnightOfLight with description: Attempted to access spiritOrbOG_C_3 via property CallFunc_Array_Get_Item, but spiritOrbOG_C_3 is pending kill
[2017.04.24-04.13.12:604][564]LogScriptCore:Warning: Attempted to get an item from array CallFunc_GetOverlappingActors_OverlappingActors out of bounds [0/0]!

[2017.04.24-04.13.12:604][564]LogScriptCore:Warning: Attempted to get an item from array CallFunc_GetOverlappingActors_OverlappingActors2 out of bounds [0/0]!

[2017.04.24-04.13.13:004][612]LogBlueprintUserMessages: [skeletonOLD2] Slice!
[2017.04.24-04.13.13:362][655]LogScriptCore:Warning: Attempted to get an item from array CallFunc_GetOverlappingActors_OverlappingActors2 out of bounds [0/0]!

[2017.04.24-04.13.13:837][712]LogBlueprintUserMessages: [skeletonOLD2] Not the good guy!
[2017.04.24-04.13.14:413][781]LogScriptCore:Warning: Attempted to get an item from array CallFunc_GetOverlappingActors_OverlappingActors2 out of bounds [0/0]!

[2017.04.24-04.13.17:347][133]LogScriptCore:Warning: Attempted to get an item from array CallFunc_GetOverlappingActors_OverlappingActors out of bounds [0/0]!

[2017.04.24-04.13.17:872][196]LogBlueprintUserMessages: [spiritOrbOG_C_4] -900.577026
[2017.04.24-04.13.17:872][196]LogBlueprintUserMessages: [doorSwtich2] aaaaaaaaaaaaaaaaaaaaaaaaaaaaaaaaand OPEN!
[2017.04.24-04.13.21:713][657]LogBlueprintUserMessages: [KnightOfLight_C_0] warping Animation!
[2017.04.24-04.13.23:173][832]LogScriptCore:Warning: Attempted to get an item from array CallFunc_GetOverlappingActors_OverlappingActors out of bounds [0/0]!

[2017.04.24-04.13.23:506][872]LogBlueprintUserMessages: [spiritOrbOG_C_5] -1260.145508
[2017.04.24-04.13.34:257][162]LogScriptCore:Warning: Attempted to get an item from array CallFunc_GetOverlappingActors_OverlappingActors out of bounds [0/0]!

[2017.04.24-04.13.34:865][235]LogBlueprintUserMessages: [spiritOrbOG_C_6] 900.145508
[2017.04.24-04.13.37:248][521]LogScriptCore:Warning: Attempted to get an item from array CallFunc_GetOverlappingActors_OverlappingActors out of bounds [0/0]!

[2017.04.24-04.13.37:707][576]LogBlueprintUserMessages: [spiritOrbOG_C_7] 847.848267
[2017.04.24-04.13.40:824][950]LogScriptCore:Warning: Attempted to get an item from array CallFunc_GetOverlappingActors_OverlappingActors out of bounds [0/0]!

[2017.04.24-04.13.42:232][119]LogScriptCore:Warning: Attempted to get an item from array CallFunc_GetOverlappingActors_OverlappingActors out of bounds [0/0]!

[2017.04.24-04.13.42:232][119]LogScriptCore:Warning: Attempted to get an item from array CallFunc_GetOverlappingActors_OverlappingActors2 out of bounds [0/0]!

[2017.04.24-04.13.42:940][204]LogScriptCore:Warning: Attempted to get an item from array CallFunc_GetOverlappingActors_OverlappingActors out of bounds [0/0]!

[2017.04.24-04.13.43:424][262]LogBlueprintUserMessages: [spiritOrbOG_C_8] 1080.0
[2017.04.24-04.13.45:649][529]LogScriptCore:Warning: Attempted to get an item from array CallFunc_GetOverlappingActors_OverlappingActors out of bounds [0/0]!

[2017.04.24-04.13.48:508][872]LogScriptCore:Warning: Attempted to get an item from array CallFunc_GetOverlappingActors_OverlappingActors out of bounds [0/0]!

[2017.04.24-04.13.51:232][199]LogScriptCore:Warning: Attempted to get an item from array CallFunc_GetOverlappingActors_OverlappingActors out of bounds [0/0]!

[2017.04.24-04.13.51:232][199]LogScriptCore:Warning: Attempted to get an item from array CallFunc_GetOverlappingActors_OverlappingActors2 out of bounds [0/0]!

[2017.04.24-04.13.52:091][302]LogBlueprintUserMessages: [doorSwtich3] aaaaaaaaaaaaaaaaaaaaaaaaaaaaaaaaand OPEN!
[2017.04.24-04.13.52:091][302]LogScriptCore:Warning: Attempted to get an item from array CallFunc_GetOverlappingActors_OverlappingActors out of bounds [0/0]!

[2017.04.24-04.13.52:091][302]LogScriptCore:Warning: Attempted to get an item from array CallFunc_GetOverlappingActors_OverlappingActors2 out of bounds [0/0]!

[2017.04.24-04.13.53:399][459]LogBlueprintUserMessages: [doorSwtich4] aaaaaaaaaaaaaaaaaaaaaaaaaaaaaaaaand OPEN!
[2017.04.24-04.13.53:399][459]LogScriptCore:Warning: Attempted to get an item from array CallFunc_GetOverlappingActors_OverlappingActors out of bounds [0/0]!

[2017.04.24-04.13.53:399][459]LogScriptCore:Warning: Attempted to get an item from array CallFunc_GetOverlappingActors_OverlappingActors2 out of bounds [0/0]!

[2017.04.24-04.13.55:766][743]LogBlueprintUserMessages: [AI_TurretBullet_C_4] 0.0
[2017.04.24-04.13.55:774][744]LogNet: Browse: /Game/Maps/Level_1
[2017.04.24-04.13.55:775][744]LogLoad: LoadMap: /Game/Maps/Level_1
[2017.04.24-04.13.55:794][744]Cmd: MEM
[2017.04.24-04.13.55:806][744]LogMemory: Platform Memory Stats for Windows
[2017.04.24-04.13.55:806][744]LogMemory: Process Physical Memory: 899.45 MB used, 978.68 MB peak
[2017.04.24-04.13.55:806][744]LogMemory: Process Virtual Memory: 1534.38 MB used, 1591.90 MB peak
[2017.04.24-04.13.55:806][744]LogMemory: Physical Memory: 4754.52 MB used, 8145.96 MB total
[2017.04.24-04.13.55:806][744]LogMemory: Virtual Memory: 2304.40 MB used, 134217728.00 MB total
[2017.04.24-04.13.55:806][744]LogMemory: 
[2017.04.24-04.13.55:806][744]Allocator Stats for TBB: (not implemented)
[2017.04.24-04.13.55:806][744]LogPlayLevel: Creating play world package: /Game/Maps/UEDPIE_0_Level_1
[2017.04.24-04.13.55:846][744]LogPlayLevel: PIE: StaticDuplicateObject took: (0.039833s)
[2017.04.24-04.13.55:846][744]LogAIModule: Creating AISystem for world Level_1
[2017.04.24-04.13.55:847][744]LogPlayLevel: PIE: World Init took: (0.000705s)
[2017.04.24-04.13.55:847][744]LogPlayLevel: PIE: Created PIE world by copying editor world from /Game/Maps/Level_1.Level_1 to /Game/Maps/UEDPIE_0_Level_1.Level_1 (0.040944s)
[2017.04.24-04.13.55:847][744]LogWorld: Game class is 'SoulStrikerCampaign_C'
[2017.04.24-04.13.55:865][744]LogWorld: Bringing World /Game/Maps/UEDPIE_0_Level_1.Level_1 up for play (max tick rate 0) at 2017.04.24-00.13.55
[2017.04.24-04.13.55:867][744]LogWorld: Bringing up level for play took: 0.019110
[2017.04.24-04.13.55:872][744]LogLoad: Took 0.097831 seconds to LoadMap(/Game/Maps/UEDPIE_0_Level_1)
[2017.04.24-04.14.00:252][264]LogBlueprintUserMessages: Early EndPlayMap Detection: Level '/Game/Maps/Level_1.Level_1:PersistentLevel' has LevelScriptBlueprint '/Game/Maps/Level_1.Level_1:PersistentLevel.Level_1' with GeneratedClass '/Game/Maps/Level_1.Level_1_C' with ClassGeneratedBy '/Game/Maps/Level_1.Level_1:PersistentLevel.Level_1'
[2017.04.24-04.14.00:569][264]LogBlueprintUserMessages: Late EndPlayMap Detection: Level '/Game/Maps/Level_1.Level_1:PersistentLevel' has LevelScriptBlueprint '/Game/Maps/Level_1.Level_1:PersistentLevel.Level_1' with GeneratedClass '/Game/Maps/Level_1.Level_1_C' with ClassGeneratedBy '/Game/Maps/Level_1.Level_1:PersistentLevel.Level_1'
[2017.04.24-04.14.04:798][445]LogContentBrowser: Native class hierarchy updated for 'BlueprintGraph' in 0.0034 seconds. Added 111 classes and 0 folders.
[2017.04.24-04.15.07:649][471]LogStats: FPlatformStackWalk::StackWalkAndDump -  0.103 s
[2017.04.24-04.15.07:649][471]LogOutputDevice:Warning: === Handled error: ===

Ensure condition failed: TabBeingDraggedPtr.IsValid() [File:D:\Build\++UE4+Release-4.12+Compile\Sync\Engine\Source\Runtime\Slate\Private\Framework\Docking\SDockingTabWell.cpp] [Line: 374]

Stack: 
UE4Editor-Core.dll
UE4Editor-Core.dll
UE4Editor-Core.dll
UE4Editor-Slate.dll
UE4Editor-Slate.dll
UE4Editor-Slate.dll
UE4Editor-Slate.dll
UE4Editor-Slate.dll
UE4Editor-Slate.dll
UE4Editor-Core.dll
UE4Editor-Core.dll
UE4Editor-Core.dll
UE4Editor-Core.dll
USER32.dll
USER32.dll
UE4Editor-Core.dll
UE4Editor.exe
UE4Editor.exe
UE4Editor.exe
UE4Editor.exe
UE4Editor.exe
KERNEL32.DLL
ntdll.dll
ntdll.dll

[2017.04.24-04.15.07:658][471]LogStats:                SubmitErrorReport -  0.008 s
[2017.04.24-04.15.19:083][471]LogStats:                    SendNewReport - 11.425 s
[2017.04.24-04.15.19:083][471]LogStats:             FDebug::EnsureFailed - 11.544 s
[2017.04.24-04.15.19:542][472]LogRenderer: Reallocating scene render targets to support 1272x720 (Frame:35855).
[2017.04.24-04.15.35:578][691]BlueprintLog: New page: Compile skeletonOLD
[2017.04.24-04.15.36:039][691]BlueprintEditorCompileResults: Info [1858.36] Compile of skeletonOLD successful! [in 439 ms] (/Game/ThirdPersonBP/Blueprints/skeletonOLD.skeletonOLD)
[2017.04.24-04.15.37:214][744]LogSavePackage: Save=292.83ms
[2017.04.24-04.15.37:214][744]LogSavePackage: Moving '../../../../../../Users/Steve/Documents/SSRepository/Soul-Striker-Main/Soul Striker/Saved/skeletonOLD7E94F187487205DD47DD149463497933.tmp' to '../../../../../../Users/Steve/Documents/SSRepository/Soul-Striker-Main/Soul Striker/Content/ThirdPersonBP/Blueprints/skeletonOLD.uasset'
[2017.04.24-04.15.37:217][744]LogSavePackage:Display: Finished SavePackage ../../../../../../Users/Steve/Documents/SSRepository/Soul-Striker-Main/Soul Striker/Content/ThirdPersonBP/Blueprints/skeletonOLD.uasset
[2017.04.24-04.15.54:891][380]BlueprintLog: New page: Compile skeletonOLD
[2017.04.24-04.15.55:045][380]BlueprintEditorCompileResults: Info [1877.39] Compile of skeletonOLD successful! [in 153 ms] (/Game/ThirdPersonBP/Blueprints/skeletonOLD.skeletonOLD)
[2017.04.24-04.15.55:657][421]LogSavePackage: Save=120.85ms
[2017.04.24-04.15.55:657][421]LogSavePackage: Moving '../../../../../../Users/Steve/Documents/SSRepository/Soul-Striker-Main/Soul Striker/Saved/skeletonOLDC70990724F073A64655BC690B4C96E13.tmp' to '../../../../../../Users/Steve/Documents/SSRepository/Soul-Striker-Main/Soul Striker/Content/ThirdPersonBP/Blueprints/skeletonOLD.uasset'
[2017.04.24-04.15.55:660][421]LogSavePackage:Display: Finished SavePackage ../../../../../../Users/Steve/Documents/SSRepository/Soul-Striker-Main/Soul Striker/Content/ThirdPersonBP/Blueprints/skeletonOLD.uasset
[2017.04.24-04.18.01:789][692]BlueprintLog: New page: Compile KnightOfLight
[2017.04.24-04.18.02:337][692]BlueprintEditorCompileResults: Info [2004.68] Compile of KnightOfLight successful! [in 548 ms] (/Game/ThirdPersonBP/Blueprints/KnightOfLight.KnightOfLight)
[2017.04.24-04.18.03:262][739]LogSavePackage: Save=225.23ms
[2017.04.24-04.18.03:262][739]LogSavePackage: Moving '../../../../../../Users/Steve/Documents/SSRepository/Soul-Striker-Main/Soul Striker/Saved/KnightOfLight74F3419F4D5614B1D32547841C2150DF.tmp' to '../../../../../../Users/Steve/Documents/SSRepository/Soul-Striker-Main/Soul Striker/Content/ThirdPersonBP/Blueprints/KnightOfLight.uasset'
[2017.04.24-04.18.03:265][739]LogSavePackage:Display: Finished SavePackage ../../../../../../Users/Steve/Documents/SSRepository/Soul-Striker-Main/Soul Striker/Content/ThirdPersonBP/Blueprints/KnightOfLight.uasset
[2017.04.24-04.19.42:690][308]LogEditorTransaction: Undo Create Pin Link
[2017.04.24-04.19.43:004][327]LogEditorTransaction: Undo Delete current selection
[2017.04.24-04.19.43:274][330]LogEditorTransaction: Undo Move Nodes
[2017.04.24-04.19.43:582][342]LogEditorTransaction: Undo Add Node
[2017.04.24-04.19.43:913][346]LogEditorTransaction: Undo Delete current selection
[2017.04.24-04.19.44:192][356]LogEditorTransaction: Undo Delete current selection
[2017.04.24-04.19.44:521][370]LogEditorTransaction: Undo Move Node
[2017.04.24-04.20.11:865][895]BlueprintLog: New page: Compile KnightOfLight
[2017.04.24-04.20.12:415][895]BlueprintEditorCompileResults: Info [2134.76] Compile of KnightOfLight successful! [in 549 ms] (/Game/ThirdPersonBP/Blueprints/KnightOfLight.KnightOfLight)
[2017.04.24-04.20.14:113][ 11]LogSavePackage: Save=222.76ms
[2017.04.24-04.20.14:113][ 11]LogSavePackage: Moving '../../../../../../Users/Steve/Documents/SSRepository/Soul-Striker-Main/Soul Striker/Saved/KnightOfLightE69B0CB84A4881FFF2F0E1B4A14C0FDC.tmp' to '../../../../../../Users/Steve/Documents/SSRepository/Soul-Striker-Main/Soul Striker/Content/ThirdPersonBP/Blueprints/KnightOfLight.uasset'
[2017.04.24-04.20.14:116][ 11]LogSavePackage:Display: Finished SavePackage ../../../../../../Users/Steve/Documents/SSRepository/Soul-Striker-Main/Soul Striker/Content/ThirdPersonBP/Blueprints/KnightOfLight.uasset
[2017.04.24-04.22.20:989][705]LogEditorTransaction: Undo Delete current selection
[2017.04.24-04.22.27:201][298]BlueprintLog: New page: Compile KnightOfLight
[2017.04.24-04.22.27:709][298]BlueprintEditorCompileResults: Info [2270.05] Compile of KnightOfLight successful! [in 508 ms] (/Game/ThirdPersonBP/Blueprints/KnightOfLight.KnightOfLight)
[2017.04.24-04.22.28:505][332]LogSavePackage: Save=234.94ms
[2017.04.24-04.22.28:505][332]LogSavePackage: Moving '../../../../../../Users/Steve/Documents/SSRepository/Soul-Striker-Main/Soul Striker/Saved/KnightOfLightB9DFC0E3484CFB6C19C9BF9905DDE51C.tmp' to '../../../../../../Users/Steve/Documents/SSRepository/Soul-Striker-Main/Soul Striker/Content/ThirdPersonBP/Blueprints/KnightOfLight.uasset'
[2017.04.24-04.22.28:508][332]LogSavePackage:Display: Finished SavePackage ../../../../../../Users/Steve/Documents/SSRepository/Soul-Striker-Main/Soul Striker/Content/ThirdPersonBP/Blueprints/KnightOfLight.uasset
[2017.04.24-04.22.33:243][773]LogEditorTransaction: Undo Delete current selection
[2017.04.24-04.22.34:201][838]LogEditorTransaction: Undo Move Nodes
[2017.04.24-04.22.34:246][838]LogWindows: Windows GetLastError: The operation completed successfully. (0)
[2017.04.24-04.22.35:799][838]LogCrashTracker: 


[2017.04.24-04.22.35:799][838]LogCrashTracker: 


[2017.04.24-04.22.35:799][838]LogWindows:Error: === Critical error: ===
Fatal error: [File:D:\Build\++UE4+Release-4.12+Compile\Sync\Engine\Source\Runtime\CoreUObject\Private\Templates\Casts.cpp] [Line: 11] 
Cast of Package /Engine/Transient to EdGraphNode failed




[2017.04.24-04.22.35:869][838]LogExit: Executing StaticShutdownAfterError
[2017.04.24-04.22.36:068][838]LogWindows: FPlatformMisc::RequestExit(1)
[2017.04.24-04.22.36:068][838]Log file closed, 04/24/17 00:22:36
