Log file open, 04/11/17 13:58:54
LogInit:Display: Running engine for game: SoulStriker
LogPlatformFile: Not using cached read wrapper
LogInit:Display: RandInit(1979280545) SRandInit(1979280549).
LogTaskGraph: Started task graph with 4 named threads and 7 total threads with 1 sets of task threads.
LogStats: Stats thread started at 0.083487
LogInit: Version: 4.12.5-3039270+++UE4+Release-4.12
LogInit: API Version: 2992821
LogInit: Net Version: 3039270
LogDevObjectVersion: Number of dev versions registered: 13
LogDevObjectVersion:   Dev-Blueprints (B0D832E4-1F89-4F0D-ACCF-7EB736FD4AA2): 3
LogDevObjectVersion:   Dev-Build (E1C64328-A22C-4D53-A36C-8E866417BD8C): 0
LogDevObjectVersion:   Dev-Core (375EC13C-06E4-48FB-B500-84F0262A717E): 1
LogDevObjectVersion:   Dev-Editor (E4B068ED-F494-42E9-A231-DA0B2E46BB41): 2
LogDevObjectVersion:   Dev-Framework (CFFC743F-43B0-4480-9391-14DF171D2073): 6
LogDevObjectVersion:   Dev-Mobile (B02B49B5-BB20-44E9-A304-32B752E40360): 0
LogDevObjectVersion:   Dev-Networking (A4E4105C-59A1-49B5-A7C5-40C4547EDFEE): 0
LogDevObjectVersion:   Dev-Online (39C831C9-5AE6-47DC-9A44-9C173E1C8E7C): 0
LogDevObjectVersion:   Dev-Physics (78F01B33-EBEA-4F98-B9B4-84EACCB95AA2): 0
LogDevObjectVersion:   Dev-Platform (6631380F-2D4D-43E0-8009-CF276956A95A): 0
LogDevObjectVersion:   Dev-Rendering (12F88B9F-8875-4AFC-A67C-D90C383ABD29): 2
LogDevObjectVersion:   Dev-Sequencer (7B5AE74C-D270-4C10-A958-57980B212A5A): 0
LogDevObjectVersion:   Dev-VR (D7296918-1DD6-4BDD-9DE2-64A83CC13884): 0
LogInit: Compiled (64-bit): Jul  6 2016 09:09:46
LogInit: Compiled with Visual C++: 19.00.23026.00
LogInit: Build Configuration: Development
LogInit: Branch Name: ++UE4+Release-4.12
LogInit: Command line: -EpicPortal 
LogInit: Base directory: C:/Program Files (x86)/Epic Games/4.12/Engine/Binaries/Win64/
LogInit: Installed Engine Build: 1
LogInit: Using libcurl 7.41.0
LogInit:  - built for x86_64-pc-win32
LogInit:  - supports SSL with WinSSL
LogInit:  - other features:
LogInit:      CURL_VERSION_SSL
LogInit:      CURL_VERSION_IPV6
LogInit:      CURL_VERSION_ASYNCHDNS
LogInit:      CURL_VERSION_LARGEFILE
LogInit:      CURL_VERSION_IDN
LogInit:  CurlRequestOptions (configurable via config and command line):
LogInit:  - bVerifyPeer = true  - Libcurl will verify peer certificate
LogInit:  - bUseHttpProxy = false  - Libcurl will NOT use HTTP proxy
LogInit:  - bDontReuseConnections = false  - Libcurl will reuse connections
LogInit:  - CertBundlePath = nullptr  - Libcurl will use whatever was configured at build time.
LogInit: Presizing for max 8388607 objects, including 0 objects not considered by GC, pre-allocating 0 bytes for permanent pool.
LogInit: Object subsystem initialized
[2017.04.11-17.58.54:582][  0]LogInit: Selected Device Profile: [Windows]
[2017.04.11-17.58.54:582][  0]LogInit: Applying CVar settings loaded from the selected device profile: [Windows]
[2017.04.11-17.58.54:594][  0]LogInit: Computer: MSI
[2017.04.11-17.58.54:594][  0]LogInit: User: armorias
[2017.04.11-17.58.54:594][  0]LogInit: CPU Page size=65536, Cores=4
[2017.04.11-17.58.54:594][  0]LogInit: High frequency timer resolution =2.531247 MHz
[2017.04.11-17.58.54:596][  0]LogMemory: Memory total: Physical=11.9GB (12GB approx)
[2017.04.11-17.58.54:596][  0]LogMemory: Platform Memory Stats for Windows
[2017.04.11-17.58.54:596][  0]LogMemory: Process Physical Memory: 192.13 MB used, 192.13 MB peak
[2017.04.11-17.58.54:596][  0]LogMemory: Process Virtual Memory: 195.27 MB used, 195.27 MB peak
[2017.04.11-17.58.54:596][  0]LogMemory: Physical Memory: 7125.68 MB used, 12166.60 MB total
[2017.04.11-17.58.54:596][  0]LogMemory: Virtual Memory: 553.81 MB used, 134217728.00 MB total
[2017.04.11-17.58.54:629][  0]LogTextLocalizationManager: No specific translations for ('en-US') exist, so ('en') translations will be used.
[2017.04.11-17.58.55:058][  0]LogD3D11RHI: D3D11 adapters:
[2017.04.11-17.58.55:726][  0]LogD3D11RHI:    0. 'NVIDIA GeForce GTX 960M' (Feature Level 11_0)
[2017.04.11-17.58.55:726][  0]LogD3D11RHI:       2018/0/6083 MB DedicatedVideo/DedicatedSystem/SharedSystem, Outputs:1, VendorId:0x10de
[2017.04.11-17.58.55:734][  0]LogD3D11RHI:    1. 'Intel(R) HD Graphics 530' (Feature Level 11_0)
[2017.04.11-17.58.55:734][  0]LogD3D11RHI:       128/0/6083 MB DedicatedVideo/DedicatedSystem/SharedSystem, Outputs:0, VendorId:0x8086
[2017.04.11-17.58.55:735][  0]LogD3D11RHI:    2. 'Microsoft Basic Render Driver' (Feature Level 11_0)
[2017.04.11-17.58.55:735][  0]LogD3D11RHI:       0/0/6083 MB DedicatedVideo/DedicatedSystem/SharedSystem, Outputs:0, VendorId:0x1414
[2017.04.11-17.58.55:735][  0]LogD3D11RHI: Chosen D3D11 Adapter: 0
[2017.04.11-17.58.55:742][  0]LogD3D11RHI: Creating new Direct3DDevice
[2017.04.11-17.58.55:742][  0]LogD3D11RHI:     GPU DeviceId: 0x139b (for the marketing name, search the web for "GPU Device Id")
[2017.04.11-17.58.55:742][  0]LogWindows: EnumDisplayDevices:
[2017.04.11-17.58.55:743][  0]LogWindows:    0. 'Intel(R) HD Graphics 530' (P:1 D:1)
[2017.04.11-17.58.55:743][  0]LogWindows:    1. 'Intel(R) HD Graphics 530' (P:0 D:0)
[2017.04.11-17.58.55:743][  0]LogWindows:    2. 'Intel(R) HD Graphics 530' (P:0 D:0)
[2017.04.11-17.58.55:743][  0]LogWindows: DebugString: PrimaryIsNotTheChoosenAdapter PrimaryIsNotTheChoosenAdapter PrimaryIsNotTheChoosenAdapter FoundDriverCount:0 
[2017.04.11-17.58.55:743][  0]LogD3D11RHI:     Adapter Name: NVIDIA GeForce GTX 960M
[2017.04.11-17.58.55:743][  0]LogD3D11RHI:   Driver Version: Unknown (internal:Unknown, unified:Unknown)
[2017.04.11-17.58.55:743][  0]LogD3D11RHI:      Driver Date: Unknown
[2017.04.11-17.58.55:743][  0]LogRHI: Texture pool is 1361 MB (70% of 1945 MB)
[2017.04.11-17.58.56:360][  0]LogD3D11RHI: Async texture creation enabled
[2017.04.11-17.58.56:407][  0]LogD3D11RHI: GPU Timing Frequency: 1000.000000 (Debug: 2 1)
[2017.04.11-17.58.56:407][  0]LogShaderCompilers: Guid format shader working directory is -8 characters bigger than the processId version (D:/SoulStriker_MainFolder/Soul-Striker-Main/Soul Striker/Intermediate/Shaders/WorkingDirectory/17984/).
[2017.04.11-17.58.56:408][  0]LogShaderCompilers: Cleaned the shader compiler working directory 'C:/Users/armorias/AppData/Local/Temp/UnrealShaderWorkingDir/BF0A9519484FA53297F0CD9E34A0B114/'.
[2017.04.11-17.58.56:408][  0]LogShaderCompilers:Display: Using Local Shader Compiler.
[2017.04.11-17.58.57:376][  0]LogTemp:Display: Loaded TP AllDesktopTargetPlatform
[2017.04.11-17.58.57:387][  0]LogTemp:Display: Loaded TP WindowsClientTargetPlatform
[2017.04.11-17.58.57:397][  0]LogTemp:Display: Loaded TP WindowsNoEditorTargetPlatform
[2017.04.11-17.58.57:409][  0]LogTemp:Display: Loaded TP WindowsServerTargetPlatform
[2017.04.11-17.58.57:419][  0]LogTemp:Display: Loaded TP WindowsTargetPlatform
[2017.04.11-17.58.57:428][  0]LogTemp:Display: Loaded TP AndroidTargetPlatform
[2017.04.11-17.58.57:435][  0]LogTemp:Display: Loaded TP Android_ASTCTargetPlatform
[2017.04.11-17.58.57:444][  0]LogTemp:Display: Loaded TP Android_ATCTargetPlatform
[2017.04.11-17.58.57:452][  0]LogTemp:Display: Loaded TP Android_DXTTargetPlatform
[2017.04.11-17.58.57:461][  0]LogTemp:Display: Loaded TP Android_ETC1TargetPlatform
[2017.04.11-17.58.57:469][  0]LogTemp:Display: Loaded TP Android_ETC2TargetPlatform
[2017.04.11-17.58.57:485][  0]LogTemp:Display: Loaded TP Android_MultiTargetPlatform
[2017.04.11-17.58.57:485][  0]LogTemp:Display: Loaded TP Android_PVRTCTargetPlatform
[2017.04.11-17.58.57:486][  0]LogTemp:Display: Loaded TP HTML5TargetPlatform
[2017.04.11-17.58.57:510][  0]LogTemp:Display: Loaded TP IOSTargetPlatform
[2017.04.11-17.58.57:517][  0]LogTemp:Display: Loaded TP TVOSTargetPlatform
[2017.04.11-17.58.57:526][  0]LogTemp:Display: Loaded TP LinuxNoEditorTargetPlatform
[2017.04.11-17.58.57:534][  0]LogTemp:Display: Loaded TP LinuxServerTargetPlatform
[2017.04.11-17.58.57:542][  0]LogTemp:Display: Loaded TP LinuxTargetPlatform
[2017.04.11-17.58.57:542][  0]LogTargetPlatformManager:Display: Building Assets For Windows
[2017.04.11-17.58.57:623][  0]LogDerivedDataCache:Display: Max Cache Size: 512 MB
[2017.04.11-17.58.57:682][  0]LogDerivedDataCache: Loaded boot cache 0.06s 48MB C:/Users/armorias/AppData/Local/UnrealEngine/4.12/DerivedDataCache/Boot.ddc.
[2017.04.11-17.58.57:682][  0]LogDerivedDataCache:Display: Loaded Boot cache: C:/Users/armorias/AppData/Local/UnrealEngine/4.12/DerivedDataCache/Boot.ddc
[2017.04.11-17.58.57:683][  0]LogDerivedDataCache: FDerivedDataBackendGraph:  Pak pak cache file D:/SoulStriker_MainFolder/Soul-Striker-Main/Soul Striker/DerivedDataCache/DDC.ddp not found, will not use a pak cache.
[2017.04.11-17.58.57:683][  0]LogDerivedDataCache: Unable to find inner node Pak for hierarchical cache Hierarchy.
[2017.04.11-17.58.57:683][  0]LogDerivedDataCache: FDerivedDataBackendGraph:  CompressedPak pak cache file D:/SoulStriker_MainFolder/Soul-Striker-Main/Soul Striker/DerivedDataCache/Compressed.ddp not found, will not use a pak cache.
[2017.04.11-17.58.57:683][  0]LogDerivedDataCache: Unable to find inner node CompressedPak for hierarchical cache Hierarchy.
[2017.04.11-17.58.57:702][  0]LogDerivedDataCache:Display: Pak cache opened for reading ../../../Engine/DerivedDataCache/Compressed.ddp.
[2017.04.11-17.58.57:714][  0]LogDerivedDataCache: Using Local data cache path C:/Users/armorias/AppData/Local/UnrealEngine/Common/DerivedDataCache: Writable
[2017.04.11-17.58.57:897][  0]LogInit: Selected Device Profile: [Windows]
[2017.04.11-17.58.57:898][  0]LogContentStreaming: Texture pool size is 0.00 MB
[2017.04.11-17.58.58:078][  0]LogMeshUtilities: No automatic mesh reduction module available
[2017.04.11-17.58.58:078][  0]LogMeshUtilities: No automatic mesh merging module available
[2017.04.11-17.58.58:078][  0]LogMeshUtilities: No distributed automatic mesh merging module available
[2017.04.11-17.58.58:345][  0]LogAssetRegistry: FAssetRegistry took 0.0223 seconds to start up
[2017.04.11-17.58.58:371][  0]LogPackageLocalizationCache: Processed 3 localized package path(s) for 2 prioritized culture(s) in 0.023726 seconds
[2017.04.11-17.58.58:377][  0]LogUObjectArray: 28739 objects as part of root set at end of initial load.
[2017.04.11-17.58.58:377][  0]LogUObjectAllocator: 5855624 out of 0 bytes used by permanent object pool.
[2017.04.11-17.58.58:377][  0]LogUObjectArray: CloseDisregardForGC: 0/0 objects in disregard for GC pool
[2017.04.11-17.58.58:384][  0]LogInit: WinSock: version 1.1 (2.2), MaxSocks=32767, MaxUdp=65467
[2017.04.11-17.58.58:576][  0]LogSlate: SlateFontCache - WITH_FREETYPE: 1, WITH_HARFBUZZ: 1
[2017.04.11-17.58.58:576][  0]LogSlate: SlateFontCache - WITH_FREETYPE: 1, WITH_HARFBUZZ: 1
[2017.04.11-17.58.59:240][  0]LogSubstanceCoreModule: Substance CPU Engine Loaded, Max Texture Size 2048
[2017.04.11-17.58.59:249][  0]LogUdpMessaging: Initializing bridge on interface 0.0.0.0:0 to multicast group 230.0.0.1:6666.
[2017.04.11-17.58.59:477][  0]SourceControl: Info Source control is disabled
[2017.04.11-17.58.59:479][  0]SourceControl: Info Source control is disabled
[2017.04.11-17.58.59:486][  0]SourceControl: Info Source control is disabled
[2017.04.11-17.58.59:498][  0]SourceControl: Info Source control is disabled
[2017.04.11-17.58.59:769][  0]LogEngine: Initializing Engine...
[2017.04.11-17.58.59:770][  0]LogHMD: SteamVR failed to initialize.  Err: 110
[2017.04.11-17.58.59:770][  0]LogHMD: SteamVR failed to initialize.  Err: 110
[2017.04.11-17.58.59:925][  0]LogAIModule: Creating AISystem for world NewWorld
[2017.04.11-17.58.59:932][  0]LogInit: XAudio2 using 'Speakers (Realtek High Definition Audio)' : 2 channels at 48 kHz using 32 bits per sample (channel mask 0x3)
[2017.04.11-17.59.01:017][  0]LogInit: FAudioDevice initialized.
[2017.04.11-17.59.01:049][  0]LogDerivedDataCache: Saved boot cache 0.03s 48MB C:/Users/armorias/AppData/Local/UnrealEngine/4.12/DerivedDataCache/Boot.ddc.
[2017.04.11-17.59.01:059][  0]LogInit: Texture streaming: Enabled
[2017.04.11-17.59.01:089][  0]LogInit: Transaction tracking system initialized
[2017.04.11-17.59.01:115][  0]BlueprintLog: New page: Editor Load
[2017.04.11-17.59.01:195][  0]LocalizationService: Info Localization service is disabled
[2017.04.11-17.59.01:263][  0]LogConsoleResponse:Display: 
[2017.04.11-17.59.01:375][  0]LogCook:Display: Max memory allowance for cook 8192mb
[2017.04.11-17.59.01:375][  0]LogCook:Display: Mobile HDR setting 1
[2017.04.11-17.59.01:495][  0]LogFileCache: Scanning file cache for directory 'D:/SoulStriker_MainFolder/Soul-Striker-Main/Soul Striker/Content/' took 0.01s
[2017.04.11-17.59.01:495][  0]SourceControl: Info Source control is disabled
[2017.04.11-17.59.01:495][  0]Cmd: MAP LOAD FILE="D:/SoulStriker_MainFolder/Soul-Striker-Main/Soul Striker/Content/ThirdPersonBP/Maps/ThirdPersonExampleMap.umap" TEMPLATE=0 SHOWPROGRESS=1 FEATURELEVEL=3
[2017.04.11-17.59.01:495][  0]LightingResults: New page: Lighting Build
[2017.04.11-17.59.01:498][  0]MapCheck: New page: Map Check
[2017.04.11-17.59.01:498][  0]LightingResults: New page: Lighting Build
[2017.04.11-17.59.02:838][  0]LogBlueprint:Warning: Compiler Warning Node  Unknown  is not referencing a valid level actor
[2017.04.11-17.59.02:839][  0]LogBlueprint:Warning: Compiler Warning [0009.11] Compile of PersistentLevel.ThirdPersonExampleMap successful, but with 1 Warning(s) [in 1 ms] (/Game/ThirdPersonBP/Maps/ThirdPersonExampleMap.ThirdPersonExampleMap:PersistentLevel.ThirdPersonExampleMap)
[2017.04.11-17.59.02:839][  0]LogBlueprint:Warning: Compiler Warning [0009.11] Compile of PersistentLevel.ThirdPersonExampleMap successful, but with 2 Warning(s) [in 0 ms] (/Game/ThirdPersonBP/Maps/ThirdPersonExampleMap.ThirdPersonExampleMap:PersistentLevel.ThirdPersonExampleMap)
[2017.04.11-17.59.02:839][  0]LogBlueprint:Warning: Compiler Warning [0009.11] Compile of PersistentLevel.ThirdPersonExampleMap successful, but with 3 Warning(s) [in 0 ms] (/Game/ThirdPersonBP/Maps/ThirdPersonExampleMap.ThirdPersonExampleMap:PersistentLevel.ThirdPersonExampleMap)
[2017.04.11-17.59.02:841][  0]LogBlueprint:Warning: Compiler Warning Node  Unknown  is not referencing a valid level actor
[2017.04.11-17.59.02:842][  0]LogBlueprint:Warning: Compiler Warning [0009.12] Compile of PersistentLevel.ThirdPersonExampleMap successful, but with 1 Warning(s) [in 1 ms] (/Game/ThirdPersonBP/Maps/ThirdPersonExampleMap.ThirdPersonExampleMap:PersistentLevel.ThirdPersonExampleMap)
[2017.04.11-17.59.02:842][  0]LogBlueprint:Warning: Compiler Warning [0009.12] Compile of PersistentLevel.ThirdPersonExampleMap successful, but with 2 Warning(s) [in 0 ms] (/Game/ThirdPersonBP/Maps/ThirdPersonExampleMap.ThirdPersonExampleMap:PersistentLevel.ThirdPersonExampleMap)
[2017.04.11-17.59.02:842][  0]LogBlueprint:Warning: Compiler Warning [0009.12] Compile of PersistentLevel.ThirdPersonExampleMap successful, but with 3 Warning(s) [in 0 ms] (/Game/ThirdPersonBP/Maps/ThirdPersonExampleMap.ThirdPersonExampleMap:PersistentLevel.ThirdPersonExampleMap)
[2017.04.11-17.59.03:503][  0]LogAIModule: Creating AISystem for world ThirdPersonExampleMap
[2017.04.11-17.59.03:632][  0]LogEditorServer: Finished looking for orphan Actors (0.000 secs)
[2017.04.11-17.59.03:634][  0]Cmd: MAP CHECKDEP NOCLEARLOG
[2017.04.11-17.59.03:692][  0]MapCheck: Info Map check complete: 0 Error(s), 0 Warning(s), took 58.124ms to complete.
[2017.04.11-17.59.03:693][  0]LogFileHelpers: Loading map 'ThirdPersonExampleMap' took 2.198
[2017.04.11-17.59.03:917][  0]LogCollectionManager: Loaded 0 collections in 0.001675 seconds
[2017.04.11-17.59.03:957][  0]LogFileCache: Scanning file cache for directory 'D:/SoulStriker_MainFolder/Soul-Striker-Main/Soul Striker/Saved/Collections/' took 0.01s
[2017.04.11-17.59.03:957][  0]LogFileCache: Scanning file cache for directory 'D:/SoulStriker_MainFolder/Soul-Striker-Main/Soul Striker/Content/Developers/armorias/Collections/' took 0.01s
[2017.04.11-17.59.03:957][  0]LogFileCache: Scanning file cache for directory 'D:/SoulStriker_MainFolder/Soul-Striker-Main/Soul Striker/Content/Collections/' took 0.01s
[2017.04.11-17.59.03:957][  0]LogCollectionManager: Rebuilt the GUID cache for 0 collections in 0.000003 seconds
[2017.04.11-17.59.03:967][  0]LogContentBrowser: Native class hierarchy populated in 0.0090 seconds. Added 2062 classes and 375 folders.
[2017.04.11-17.59.03:970][  0]LogStats: UGameplayTagsManager::ConstructGameplayTagTree: Construct from data asset -  0.000 s
[2017.04.11-17.59.03:970][  0]LogStats: UGameplayTagsManager::ConstructGameplayTagTree: GameplayTagTreeChangedEvent.Broadcast -  0.000 s
[2017.04.11-17.59.03:970][  0]LogContentBrowser: Native class hierarchy updated for 'GameplayTags' in 0.0004 seconds. Added 12 classes and 0 folders.
[2017.04.11-17.59.03:974][  0]LogContentBrowser: Native class hierarchy updated for 'WidgetCarousel' in 0.0003 seconds. Added 0 classes and 0 folders.
[2017.04.11-17.59.04:018][  0]LogContentBrowser: Native class hierarchy updated for 'AddContentDialog' in 0.0003 seconds. Added 0 classes and 0 folders.
[2017.04.11-17.59.04:023][  0]LogContentBrowser: Native class hierarchy updated for 'SceneOutliner' in 0.0006 seconds. Added 1 classes and 2 folders.
[2017.04.11-17.59.04:100][  0]LogCrashTracker: Crashtracker disabled due to settings.
[2017.04.11-17.59.04:112][  0]LogUObjectGlobals:Warning: Failed to find object 'Class None.'
[2017.04.11-17.59.04:140][  0]LogContentBrowser: Native class hierarchy updated for 'HierarchicalLODOutliner' in 0.0004 seconds. Added 1 classes and 2 folders.
[2017.04.11-17.59.04:141][  0]LogLoad: Full Startup: 10.42 seconds (BP compile: 0.56 seconds)
[2017.04.11-17.59.04:141][  0]LogExternalProfiler: Found external profiler: VSPerf
[2017.04.11-17.59.04:141][  0]LogExternalProfiler: Using external profiler: VSPerf
[2017.04.11-17.59.04:899][  0]LogOcInput: OculusInput pre-init called
[2017.04.11-17.59.04:930][  0]LogContentStreaming: Texture pool size now 700 MB
[2017.04.11-17.59.05:101][  0]LogRenderer: Reallocating scene render targets to support 892x436 (Frame:2).
[2017.04.11-17.59.05:188][  1]LogFileCache: Retrieving MD5 hashes for directory 'D:/SoulStriker_MainFolder/Soul-Striker-Main/Soul Striker/Content/' took 0.28s
[2017.04.11-17.59.05:527][  2]LogAssetRegistry: Asset discovery search completed in 7.2044 seconds
[2017.04.11-17.59.05:527][  2]LogCollectionManager: Rebuilt the object cache for 0 collections in 0.000000 seconds (found 0 objects)
[2017.04.11-17.59.05:527][  2]LogCollectionManager: Fixed up redirectors for 0 collections in 0.000020 seconds (updated 0 objects)
[2017.04.11-17.59.28:735][147]LogAIModule: Creating AISystem for world Level_1
[2017.04.11-17.59.28:867][147]Cmd: MAP LOAD FILE="D:/SoulStriker_MainFolder/Soul-Striker-Main/Soul Striker/Content/Maps/Level_1.umap" TEMPLATE=0 SHOWPROGRESS=1 FEATURELEVEL=3
[2017.04.11-17.59.28:867][147]LightingResults: New page: Lighting Build
[2017.04.11-17.59.28:867][147]LoadErrors: New page: Loading map: Level_1.umap
[2017.04.11-17.59.28:872][147]MapCheck: New page: Map Check
[2017.04.11-17.59.28:872][147]LightingResults: New page: Lighting Build
[2017.04.11-17.59.28:994][147]LogEditorServer: Finished looking for orphan Actors (0.000 secs)
[2017.04.11-17.59.29:057][147]Cmd: MAP CHECKDEP NOCLEARLOG
[2017.04.11-17.59.29:122][147]MapCheck: Info Map check complete: 0 Error(s), 0 Warning(s), took 64.988ms to complete.
[2017.04.11-17.59.29:122][147]LogFileHelpers: Loading map 'Level_1' took 0.256
[2017.04.11-17.59.32:770][256]LogEditorViewport: Clicking on Actor (LMB): StaticMeshActor (Sphere)
[2017.04.11-17.59.53:755][832]LogScriptCore:Warning: Attempted to get an item from array CallFunc_GetAllActorsOfClass_OutActors out of bounds [0/0]!

[2017.04.11-17.59.53:755][832]LogScript:Warning: Accessed None trying to read property CallFunc_Array_Get_Item
	spiritOrbOG_C /Engine/Transient.World_1:PersistentLevel.spiritOrbOG_C_0
	Function /Game/bluePrints/spiritOrbOG.spiritOrbOG_C:ExecuteUbergraph_spiritOrbOG:011E
[2017.04.11-17.59.53:755][832]LogScript:Warning: Attempted to assign to None
	spiritOrbOG_C /Engine/Transient.World_1:PersistentLevel.spiritOrbOG_C_0
	Function /Game/bluePrints/spiritOrbOG.spiritOrbOG_C:ExecuteUbergraph_spiritOrbOG:0133
[2017.04.11-17.59.53:936][835]LogScriptCore:Warning: Attempted to get an item from array CallFunc_GetAllActorsOfClass_OutActors out of bounds [0/0]!

[2017.04.11-17.59.53:936][835]LogScript:Warning: Accessed None trying to read property CallFunc_Array_Get_Item
	spiritOrbOG_C /Engine/Transient.World_1:PersistentLevel.spiritOrbOG_C_1
	Function /Game/bluePrints/spiritOrbOG.spiritOrbOG_C:ExecuteUbergraph_spiritOrbOG:011E
[2017.04.11-17.59.53:936][835]LogScript:Warning: Attempted to assign to None
	spiritOrbOG_C /Engine/Transient.World_1:PersistentLevel.spiritOrbOG_C_1
	Function /Game/bluePrints/spiritOrbOG.spiritOrbOG_C:ExecuteUbergraph_spiritOrbOG:0133
[2017.04.11-17.59.54:022][837]LogScriptCore:Warning: Attempted to get an item from array CallFunc_GetAllActorsOfClass_OutActors out of bounds [0/0]!

[2017.04.11-17.59.54:022][837]LogScript:Warning: Accessed None trying to read property CallFunc_Array_Get_Item
	spiritOrbOG_C /Engine/Transient.World_1:PersistentLevel.spiritOrbOG_C_2
	Function /Game/bluePrints/spiritOrbOG.spiritOrbOG_C:ExecuteUbergraph_spiritOrbOG:011E
[2017.04.11-17.59.54:022][837]LogScript:Warning: Attempted to assign to None
	spiritOrbOG_C /Engine/Transient.World_1:PersistentLevel.spiritOrbOG_C_2
	Function /Game/bluePrints/spiritOrbOG.spiritOrbOG_C:ExecuteUbergraph_spiritOrbOG:0133
[2017.04.11-17.59.54:253][841]LogScriptCore:Warning: Attempted to get an item from array CallFunc_GetAllActorsOfClass_OutActors out of bounds [0/0]!

[2017.04.11-17.59.54:253][841]LogScript:Warning: Accessed None trying to read property CallFunc_Array_Get_Item
	spiritOrbOG_C /Engine/Transient.World_1:PersistentLevel.spiritOrbOG_C_3
	Function /Game/bluePrints/spiritOrbOG.spiritOrbOG_C:ExecuteUbergraph_spiritOrbOG:011E
[2017.04.11-17.59.54:253][841]LogScript:Warning: Attempted to assign to None
	spiritOrbOG_C /Engine/Transient.World_1:PersistentLevel.spiritOrbOG_C_3
	Function /Game/bluePrints/spiritOrbOG.spiritOrbOG_C:ExecuteUbergraph_spiritOrbOG:0133
[2017.04.11-17.59.54:522][845]LogScriptCore:Warning: Attempted to get an item from array CallFunc_GetAllActorsOfClass_OutActors out of bounds [0/0]!

[2017.04.11-17.59.54:522][845]LogScript:Warning: Accessed None trying to read property CallFunc_Array_Get_Item
	spiritOrbOG_C /Engine/Transient.World_1:PersistentLevel.spiritOrbOG_C_4
	Function /Game/bluePrints/spiritOrbOG.spiritOrbOG_C:ExecuteUbergraph_spiritOrbOG:011E
[2017.04.11-17.59.54:522][845]LogScript:Warning: Attempted to assign to None
	spiritOrbOG_C /Engine/Transient.World_1:PersistentLevel.spiritOrbOG_C_4
	Function /Game/bluePrints/spiritOrbOG.spiritOrbOG_C:ExecuteUbergraph_spiritOrbOG:0133
[2017.04.11-17.59.54:785][849]LogScriptCore:Warning: Attempted to get an item from array CallFunc_GetAllActorsOfClass_OutActors out of bounds [0/0]!

[2017.04.11-17.59.54:785][849]LogScript:Warning: Accessed None trying to read property CallFunc_Array_Get_Item
	spiritOrbOG_C /Engine/Transient.World_1:PersistentLevel.spiritOrbOG_C_5
	Function /Game/bluePrints/spiritOrbOG.spiritOrbOG_C:ExecuteUbergraph_spiritOrbOG:011E
[2017.04.11-17.59.54:785][849]LogScript:Warning: Attempted to assign to None
	spiritOrbOG_C /Engine/Transient.World_1:PersistentLevel.spiritOrbOG_C_5
	Function /Game/bluePrints/spiritOrbOG.spiritOrbOG_C:ExecuteUbergraph_spiritOrbOG:0133
[2017.04.11-17.59.54:986][853]LogScriptCore:Warning: Attempted to get an item from array CallFunc_GetAllActorsOfClass_OutActors out of bounds [0/0]!

[2017.04.11-17.59.54:986][853]LogScript:Warning: Accessed None trying to read property CallFunc_Array_Get_Item
	spiritOrbOG_C /Engine/Transient.World_1:PersistentLevel.spiritOrbOG_C_6
	Function /Game/bluePrints/spiritOrbOG.spiritOrbOG_C:ExecuteUbergraph_spiritOrbOG:011E
[2017.04.11-17.59.54:986][853]LogScript:Warning: Attempted to assign to None
	spiritOrbOG_C /Engine/Transient.World_1:PersistentLevel.spiritOrbOG_C_6
	Function /Game/bluePrints/spiritOrbOG.spiritOrbOG_C:ExecuteUbergraph_spiritOrbOG:0133
[2017.04.11-17.59.55:119][857]LogScriptCore:Warning: Attempted to get an item from array CallFunc_GetAllActorsOfClass_OutActors out of bounds [0/0]!

[2017.04.11-17.59.55:119][857]LogScript:Warning: Accessed None trying to read property CallFunc_Array_Get_Item
	spiritOrbOG_C /Engine/Transient.World_1:PersistentLevel.spiritOrbOG_C_7
	Function /Game/bluePrints/spiritOrbOG.spiritOrbOG_C:ExecuteUbergraph_spiritOrbOG:011E
[2017.04.11-17.59.55:119][857]LogScript:Warning: Attempted to assign to None
	spiritOrbOG_C /Engine/Transient.World_1:PersistentLevel.spiritOrbOG_C_7
	Function /Game/bluePrints/spiritOrbOG.spiritOrbOG_C:ExecuteUbergraph_spiritOrbOG:0133
[2017.04.11-17.59.55:320][861]LogScriptCore:Warning: Attempted to get an item from array CallFunc_GetAllActorsOfClass_OutActors out of bounds [0/0]!

[2017.04.11-17.59.55:320][861]LogScript:Warning: Accessed None trying to read property CallFunc_Array_Get_Item
	spiritOrbOG_C /Engine/Transient.World_1:PersistentLevel.spiritOrbOG_C_8
	Function /Game/bluePrints/spiritOrbOG.spiritOrbOG_C:ExecuteUbergraph_spiritOrbOG:011E
[2017.04.11-17.59.55:320][861]LogScript:Warning: Attempted to assign to None
	spiritOrbOG_C /Engine/Transient.World_1:PersistentLevel.spiritOrbOG_C_8
	Function /Game/bluePrints/spiritOrbOG.spiritOrbOG_C:ExecuteUbergraph_spiritOrbOG:0133
[2017.04.11-17.59.55:586][865]LogScriptCore:Warning: Attempted to get an item from array CallFunc_GetAllActorsOfClass_OutActors out of bounds [0/0]!

[2017.04.11-17.59.55:586][865]LogScript:Warning: Accessed None trying to read property CallFunc_Array_Get_Item
	spiritOrbOG_C /Engine/Transient.World_1:PersistentLevel.spiritOrbOG_C_9
	Function /Game/bluePrints/spiritOrbOG.spiritOrbOG_C:ExecuteUbergraph_spiritOrbOG:011E
[2017.04.11-17.59.55:586][865]LogScript:Warning: Attempted to assign to None
	spiritOrbOG_C /Engine/Transient.World_1:PersistentLevel.spiritOrbOG_C_9
	Function /Game/bluePrints/spiritOrbOG.spiritOrbOG_C:ExecuteUbergraph_spiritOrbOG:0133
[2017.04.11-17.59.55:852][869]LogScriptCore:Warning: Attempted to get an item from array CallFunc_GetAllActorsOfClass_OutActors out of bounds [0/0]!

[2017.04.11-17.59.55:852][869]LogScript:Warning: Accessed None trying to read property CallFunc_Array_Get_Item
	spiritOrbOG_C /Engine/Transient.World_1:PersistentLevel.spiritOrbOG_C_10
	Function /Game/bluePrints/spiritOrbOG.spiritOrbOG_C:ExecuteUbergraph_spiritOrbOG:011E
[2017.04.11-17.59.55:852][869]LogScript:Warning: Attempted to assign to None
	spiritOrbOG_C /Engine/Transient.World_1:PersistentLevel.spiritOrbOG_C_10
	Function /Game/bluePrints/spiritOrbOG.spiritOrbOG_C:ExecuteUbergraph_spiritOrbOG:0133
[2017.04.11-17.59.56:119][873]LogScriptCore:Warning: Attempted to get an item from array CallFunc_GetAllActorsOfClass_OutActors out of bounds [0/0]!

[2017.04.11-17.59.56:119][873]LogScript:Warning: Accessed None trying to read property CallFunc_Array_Get_Item
	spiritOrbOG_C /Engine/Transient.World_1:PersistentLevel.spiritOrbOG_C_11
	Function /Game/bluePrints/spiritOrbOG.spiritOrbOG_C:ExecuteUbergraph_spiritOrbOG:011E
[2017.04.11-17.59.56:119][873]LogScript:Warning: Attempted to assign to None
	spiritOrbOG_C /Engine/Transient.World_1:PersistentLevel.spiritOrbOG_C_11
	Function /Game/bluePrints/spiritOrbOG.spiritOrbOG_C:ExecuteUbergraph_spiritOrbOG:0133
[2017.04.11-17.59.56:310][877]LogScriptCore:Warning: Attempted to get an item from array CallFunc_GetAllActorsOfClass_OutActors out of bounds [0/0]!

[2017.04.11-17.59.56:310][877]LogScript:Warning: Accessed None trying to read property CallFunc_Array_Get_Item
	spiritOrbOG_C /Engine/Transient.World_1:PersistentLevel.spiritOrbOG_C_12
	Function /Game/bluePrints/spiritOrbOG.spiritOrbOG_C:ExecuteUbergraph_spiritOrbOG:011E
[2017.04.11-17.59.56:310][877]LogScript:Warning: Attempted to assign to None
	spiritOrbOG_C /Engine/Transient.World_1:PersistentLevel.spiritOrbOG_C_12
	Function /Game/bluePrints/spiritOrbOG.spiritOrbOG_C:ExecuteUbergraph_spiritOrbOG:0133
[2017.04.11-17.59.56:557][881]LogScriptCore:Warning: Attempted to get an item from array CallFunc_GetAllActorsOfClass_OutActors out of bounds [0/0]!

[2017.04.11-17.59.56:557][881]LogScript:Warning: Accessed None trying to read property CallFunc_Array_Get_Item
	spiritOrbOG_C /Engine/Transient.World_1:PersistentLevel.spiritOrbOG_C_13
	Function /Game/bluePrints/spiritOrbOG.spiritOrbOG_C:ExecuteUbergraph_spiritOrbOG:011E
[2017.04.11-17.59.56:557][881]LogScript:Warning: Attempted to assign to None
	spiritOrbOG_C /Engine/Transient.World_1:PersistentLevel.spiritOrbOG_C_13
	Function /Game/bluePrints/spiritOrbOG.spiritOrbOG_C:ExecuteUbergraph_spiritOrbOG:0133
[2017.04.11-17.59.56:819][885]LogScriptCore:Warning: Attempted to get an item from array CallFunc_GetAllActorsOfClass_OutActors out of bounds [0/0]!

[2017.04.11-17.59.56:819][885]LogScript:Warning: Accessed None trying to read property CallFunc_Array_Get_Item
	spiritOrbOG_C /Engine/Transient.World_1:PersistentLevel.spiritOrbOG_C_14
	Function /Game/bluePrints/spiritOrbOG.spiritOrbOG_C:ExecuteUbergraph_spiritOrbOG:011E
[2017.04.11-17.59.56:819][885]LogScript:Warning: Attempted to assign to None
	spiritOrbOG_C /Engine/Transient.World_1:PersistentLevel.spiritOrbOG_C_14
	Function /Game/bluePrints/spiritOrbOG.spiritOrbOG_C:ExecuteUbergraph_spiritOrbOG:0133
[2017.04.11-17.59.57:352][893]LogScriptCore:Warning: Attempted to get an item from array CallFunc_GetAllActorsOfClass_OutActors out of bounds [0/0]!

[2017.04.11-17.59.57:352][893]LogScript:Warning: Accessed None trying to read property CallFunc_Array_Get_Item
	spiritOrbOG_C /Engine/Transient.World_1:PersistentLevel.spiritOrbOG_C_15
	Function /Game/bluePrints/spiritOrbOG.spiritOrbOG_C:ExecuteUbergraph_spiritOrbOG:011E
[2017.04.11-17.59.57:352][893]LogScript:Warning: Attempted to assign to None
	spiritOrbOG_C /Engine/Transient.World_1:PersistentLevel.spiritOrbOG_C_15
	Function /Game/bluePrints/spiritOrbOG.spiritOrbOG_C:ExecuteUbergraph_spiritOrbOG:0133
[2017.04.11-17.59.58:051][894]LogContentBrowser: Native class hierarchy updated for 'BlueprintGraph' in 0.0008 seconds. Added 111 classes and 0 folders.
[2017.04.11-18.00.01:693][940]LogRenderer: Reallocating scene render targets to support 912x540 (Frame:1093).
[2017.04.11-18.00.15:459][124]LogScriptCore:Warning: Attempted to get an item from array CallFunc_GetAllActorsOfClass_OutActors out of bounds [0/0]!

[2017.04.11-18.00.15:459][124]LogScript:Warning: Accessed None trying to read property CallFunc_Array_Get_Item
	spiritOrbOG_C /Engine/Transient.World_1:PersistentLevel.spiritOrbOG_C_23
	Function /Game/bluePrints/spiritOrbOG.spiritOrbOG_C:ExecuteUbergraph_spiritOrbOG:011E
[2017.04.11-18.00.15:459][124]LogScript:Warning: Attempted to assign to None
	spiritOrbOG_C /Engine/Transient.World_1:PersistentLevel.spiritOrbOG_C_23
	Function /Game/bluePrints/spiritOrbOG.spiritOrbOG_C:ExecuteUbergraph_spiritOrbOG:0133
[2017.04.11-18.00.15:510][125]LogScriptCore:Warning: Attempted to get an item from array CallFunc_GetAllActorsOfClass_OutActors out of bounds [0/0]!

[2017.04.11-18.00.15:511][125]LogScript:Warning: Accessed None trying to read property CallFunc_Array_Get_Item
	spiritOrbOG_C /Engine/Transient.World_1:PersistentLevel.spiritOrbOG_C_28
	Function /Game/bluePrints/spiritOrbOG.spiritOrbOG_C:ExecuteUbergraph_spiritOrbOG:011E
[2017.04.11-18.00.15:511][125]LogScript:Warning: Attempted to assign to None
	spiritOrbOG_C /Engine/Transient.World_1:PersistentLevel.spiritOrbOG_C_28
	Function /Game/bluePrints/spiritOrbOG.spiritOrbOG_C:ExecuteUbergraph_spiritOrbOG:0133
[2017.04.11-18.00.15:722][129]LogScriptCore:Warning: Attempted to get an item from array CallFunc_GetAllActorsOfClass_OutActors out of bounds [0/0]!

[2017.04.11-18.00.15:722][129]LogScript:Warning: Accessed None trying to read property CallFunc_Array_Get_Item
	spiritOrbOG_C /Engine/Transient.World_1:PersistentLevel.spiritOrbOG_C_29
	Function /Game/bluePrints/spiritOrbOG.spiritOrbOG_C:ExecuteUbergraph_spiritOrbOG:011E
[2017.04.11-18.00.15:722][129]LogScript:Warning: Attempted to assign to None
	spiritOrbOG_C /Engine/Transient.World_1:PersistentLevel.spiritOrbOG_C_29
	Function /Game/bluePrints/spiritOrbOG.spiritOrbOG_C:ExecuteUbergraph_spiritOrbOG:0133
[2017.04.11-18.00.16:059][134]LogScriptCore:Warning: Attempted to get an item from array CallFunc_GetAllActorsOfClass_OutActors out of bounds [0/0]!

[2017.04.11-18.00.16:059][134]LogScript:Warning: Accessed None trying to read property CallFunc_Array_Get_Item
	spiritOrbOG_C /Engine/Transient.World_1:PersistentLevel.spiritOrbOG_C_30
	Function /Game/bluePrints/spiritOrbOG.spiritOrbOG_C:ExecuteUbergraph_spiritOrbOG:011E
[2017.04.11-18.00.16:059][134]LogScript:Warning: Attempted to assign to None
	spiritOrbOG_C /Engine/Transient.World_1:PersistentLevel.spiritOrbOG_C_30
	Function /Game/bluePrints/spiritOrbOG.spiritOrbOG_C:ExecuteUbergraph_spiritOrbOG:0133
[2017.04.11-18.00.19:886][194]LogContentBrowser: Native class hierarchy updated for 'Cascade' in 0.0007 seconds. Added 2 classes and 2 folders.
[2017.04.11-18.03.04:261][345]Cmd: OBJ SAVEPACKAGE PACKAGE="/Game/customMaterials/magic_location" FILE="D:/SoulStriker_MainFolder/Soul-Striker-Main/Soul Striker/Content/customMaterials/magic_location.uasset" SILENT=true
[2017.04.11-18.03.04:280][345]LogSavePackage: Save=17.93ms
[2017.04.11-18.03.04:280][345]LogSavePackage: Moving 'D:/SoulStriker_MainFolder/Soul-Striker-Main/Soul Striker/Saved/magic_location3F54640747C3F8E3CBC55086031C088C.tmp' to 'D:/SoulStriker_MainFolder/Soul-Striker-Main/Soul Striker/Content/customMaterials/magic_location.uasset'
[2017.04.11-18.03.04:284][345]LogSavePackage:Display: Finished SavePackage D:/SoulStriker_MainFolder/Soul-Striker-Main/Soul Striker/Content/customMaterials/magic_location.uasset
[2017.04.11-18.03.04:463][345]LogCascade: Quitting Cascade. FXSystem=0x000001254DD6AD40
[2017.04.11-18.03.54:325][ 31]BlueprintLog: New page: Compile spiritOrbOG
[2017.04.11-18.03.54:960][ 31]BlueprintEditorCompileResults: Info [0301.23] Compile of spiritOrbOG successful! [in 635 ms] (/Game/bluePrints/spiritOrbOG.spiritOrbOG)
[2017.04.11-18.04.02:552][168]Cmd: OBJ SAVEPACKAGE PACKAGE="/Game/bluePrints/spiritOrbOG" FILE="D:/SoulStriker_MainFolder/Soul-Striker-Main/Soul Striker/Content/bluePrints/spiritOrbOG.uasset" SILENT=true
[2017.04.11-18.04.03:005][168]LogSavePackage: Save=434.17ms
[2017.04.11-18.04.03:005][168]LogSavePackage: Moving 'D:/SoulStriker_MainFolder/Soul-Striker-Main/Soul Striker/Saved/spiritOrbOG3804D96047A47C99636DB1906DF84E81.tmp' to 'D:/SoulStriker_MainFolder/Soul-Striker-Main/Soul Striker/Content/bluePrints/spiritOrbOG.uasset'
[2017.04.11-18.04.03:008][168]LogSavePackage:Display: Finished SavePackage D:/SoulStriker_MainFolder/Soul-Striker-Main/Soul Striker/Content/bluePrints/spiritOrbOG.uasset
[2017.04.11-18.04.14:039][359]LogScriptCore:Warning: Attempted to get an item from array CallFunc_GetAllActorsOfClass_OutActors out of bounds [0/0]!

[2017.04.11-18.04.14:039][359]LogScript:Warning: Accessed None trying to read property CallFunc_Array_Get_Item
	spiritOrbOG_C /Engine/Transient.World_1:PersistentLevel.spiritOrbOG_C_12
	Function /Game/bluePrints/spiritOrbOG.spiritOrbOG_C:ExecuteUbergraph_spiritOrbOG:011E
[2017.04.11-18.04.14:039][359]LogScript:Warning: Attempted to assign to None
	spiritOrbOG_C /Engine/Transient.World_1:PersistentLevel.spiritOrbOG_C_12
	Function /Game/bluePrints/spiritOrbOG.spiritOrbOG_C:ExecuteUbergraph_spiritOrbOG:0133
[2017.04.11-18.04.14:041][359]LogScriptCore:Warning: Attempted to get an item from array CallFunc_GetAllActorsOfClass_OutActors out of bounds [0/0]!

[2017.04.11-18.04.14:041][359]LogScript:Warning: Accessed None trying to read property CallFunc_Array_Get_Item
	spiritOrbOG_C /Engine/Transient.World_1:PersistentLevel.spiritOrbOG_C_13
	Function /Game/bluePrints/spiritOrbOG.spiritOrbOG_C:ExecuteUbergraph_spiritOrbOG:011E
[2017.04.11-18.04.14:041][359]LogScript:Warning: Attempted to assign to None
	spiritOrbOG_C /Engine/Transient.World_1:PersistentLevel.spiritOrbOG_C_13
	Function /Game/bluePrints/spiritOrbOG.spiritOrbOG_C:ExecuteUbergraph_spiritOrbOG:0133
[2017.04.11-18.04.14:241][362]LogScriptCore:Warning: Attempted to get an item from array CallFunc_GetAllActorsOfClass_OutActors out of bounds [0/0]!

[2017.04.11-18.04.14:241][362]LogScript:Warning: Accessed None trying to read property CallFunc_Array_Get_Item
	spiritOrbOG_C /Engine/Transient.World_1:PersistentLevel.spiritOrbOG_C_14
	Function /Game/bluePrints/spiritOrbOG.spiritOrbOG_C:ExecuteUbergraph_spiritOrbOG:011E
[2017.04.11-18.04.14:241][362]LogScript:Warning: Attempted to assign to None
	spiritOrbOG_C /Engine/Transient.World_1:PersistentLevel.spiritOrbOG_C_14
	Function /Game/bluePrints/spiritOrbOG.spiritOrbOG_C:ExecuteUbergraph_spiritOrbOG:0133
[2017.04.11-18.04.14:458][366]LogScriptCore:Warning: Attempted to get an item from array CallFunc_GetAllActorsOfClass_OutActors out of bounds [0/0]!

[2017.04.11-18.04.14:458][366]LogScript:Warning: Accessed None trying to read property CallFunc_Array_Get_Item
	spiritOrbOG_C /Engine/Transient.World_1:PersistentLevel.spiritOrbOG_C_15
	Function /Game/bluePrints/spiritOrbOG.spiritOrbOG_C:ExecuteUbergraph_spiritOrbOG:011E
[2017.04.11-18.04.14:458][366]LogScript:Warning: Attempted to assign to None
	spiritOrbOG_C /Engine/Transient.World_1:PersistentLevel.spiritOrbOG_C_15
	Function /Game/bluePrints/spiritOrbOG.spiritOrbOG_C:ExecuteUbergraph_spiritOrbOG:0133
[2017.04.11-18.04.14:705][370]LogScriptCore:Warning: Attempted to get an item from array CallFunc_GetAllActorsOfClass_OutActors out of bounds [0/0]!

[2017.04.11-18.04.14:705][370]LogScript:Warning: Accessed None trying to read property CallFunc_Array_Get_Item
	spiritOrbOG_C /Engine/Transient.World_1:PersistentLevel.spiritOrbOG_C_16
	Function /Game/bluePrints/spiritOrbOG.spiritOrbOG_C:ExecuteUbergraph_spiritOrbOG:011E
[2017.04.11-18.04.14:705][370]LogScript:Warning: Attempted to assign to None
	spiritOrbOG_C /Engine/Transient.World_1:PersistentLevel.spiritOrbOG_C_16
	Function /Game/bluePrints/spiritOrbOG.spiritOrbOG_C:ExecuteUbergraph_spiritOrbOG:0133
[2017.04.11-18.04.14:943][374]LogScriptCore:Warning: Attempted to get an item from array CallFunc_GetAllActorsOfClass_OutActors out of bounds [0/0]!

[2017.04.11-18.04.14:943][374]LogScript:Warning: Accessed None trying to read property CallFunc_Array_Get_Item
	spiritOrbOG_C /Engine/Transient.World_1:PersistentLevel.spiritOrbOG_C_17
	Function /Game/bluePrints/spiritOrbOG.spiritOrbOG_C:ExecuteUbergraph_spiritOrbOG:011E
[2017.04.11-18.04.14:943][374]LogScript:Warning: Attempted to assign to None
	spiritOrbOG_C /Engine/Transient.World_1:PersistentLevel.spiritOrbOG_C_17
	Function /Game/bluePrints/spiritOrbOG.spiritOrbOG_C:ExecuteUbergraph_spiritOrbOG:0133
[2017.04.11-18.04.15:139][378]LogScriptCore:Warning: Attempted to get an item from array CallFunc_GetAllActorsOfClass_OutActors out of bounds [0/0]!

[2017.04.11-18.04.15:139][378]LogScript:Warning: Accessed None trying to read property CallFunc_Array_Get_Item
	spiritOrbOG_C /Engine/Transient.World_1:PersistentLevel.spiritOrbOG_C_18
	Function /Game/bluePrints/spiritOrbOG.spiritOrbOG_C:ExecuteUbergraph_spiritOrbOG:011E
[2017.04.11-18.04.15:139][378]LogScript:Warning: Attempted to assign to None
	spiritOrbOG_C /Engine/Transient.World_1:PersistentLevel.spiritOrbOG_C_18
	Function /Game/bluePrints/spiritOrbOG.spiritOrbOG_C:ExecuteUbergraph_spiritOrbOG:0133
[2017.04.11-18.04.15:409][382]LogScriptCore:Warning: Attempted to get an item from array CallFunc_GetAllActorsOfClass_OutActors out of bounds [0/0]!

[2017.04.11-18.04.15:409][382]LogScript:Warning: Accessed None trying to read property CallFunc_Array_Get_Item
	spiritOrbOG_C /Engine/Transient.World_1:PersistentLevel.spiritOrbOG_C_19
	Function /Game/bluePrints/spiritOrbOG.spiritOrbOG_C:ExecuteUbergraph_spiritOrbOG:011E
[2017.04.11-18.04.15:409][382]LogScript:Warning: Attempted to assign to None
	spiritOrbOG_C /Engine/Transient.World_1:PersistentLevel.spiritOrbOG_C_19
	Function /Game/bluePrints/spiritOrbOG.spiritOrbOG_C:ExecuteUbergraph_spiritOrbOG:0133
[2017.04.11-18.04.15:675][386]LogScriptCore:Warning: Attempted to get an item from array CallFunc_GetAllActorsOfClass_OutActors out of bounds [0/0]!

[2017.04.11-18.04.15:675][386]LogScript:Warning: Accessed None trying to read property CallFunc_Array_Get_Item
	spiritOrbOG_C /Engine/Transient.World_1:PersistentLevel.spiritOrbOG_C_20
	Function /Game/bluePrints/spiritOrbOG.spiritOrbOG_C:ExecuteUbergraph_spiritOrbOG:011E
[2017.04.11-18.04.15:675][386]LogScript:Warning: Attempted to assign to None
	spiritOrbOG_C /Engine/Transient.World_1:PersistentLevel.spiritOrbOG_C_20
	Function /Game/bluePrints/spiritOrbOG.spiritOrbOG_C:ExecuteUbergraph_spiritOrbOG:0133
[2017.04.11-18.04.15:939][390]LogScriptCore:Warning: Attempted to get an item from array CallFunc_GetAllActorsOfClass_OutActors out of bounds [0/0]!

[2017.04.11-18.04.15:939][390]LogScript:Warning: Accessed None trying to read property CallFunc_Array_Get_Item
	spiritOrbOG_C /Engine/Transient.World_1:PersistentLevel.spiritOrbOG_C_21
	Function /Game/bluePrints/spiritOrbOG.spiritOrbOG_C:ExecuteUbergraph_spiritOrbOG:011E
[2017.04.11-18.04.15:939][390]LogScript:Warning: Attempted to assign to None
	spiritOrbOG_C /Engine/Transient.World_1:PersistentLevel.spiritOrbOG_C_21
	Function /Game/bluePrints/spiritOrbOG.spiritOrbOG_C:ExecuteUbergraph_spiritOrbOG:0133
[2017.04.11-18.04.16:211][394]LogScriptCore:Warning: Attempted to get an item from array CallFunc_GetAllActorsOfClass_OutActors out of bounds [0/0]!

[2017.04.11-18.04.16:211][394]LogScript:Warning: Accessed None trying to read property CallFunc_Array_Get_Item
	spiritOrbOG_C /Engine/Transient.World_1:PersistentLevel.spiritOrbOG_C_22
	Function /Game/bluePrints/spiritOrbOG.spiritOrbOG_C:ExecuteUbergraph_spiritOrbOG:011E
[2017.04.11-18.04.16:211][394]LogScript:Warning: Attempted to assign to None
	spiritOrbOG_C /Engine/Transient.World_1:PersistentLevel.spiritOrbOG_C_22
	Function /Game/bluePrints/spiritOrbOG.spiritOrbOG_C:ExecuteUbergraph_spiritOrbOG:0133
[2017.04.11-18.04.16:410][398]LogScriptCore:Warning: Attempted to get an item from array CallFunc_GetAllActorsOfClass_OutActors out of bounds [0/0]!

[2017.04.11-18.04.16:410][398]LogScript:Warning: Accessed None trying to read property CallFunc_Array_Get_Item
	spiritOrbOG_C /Engine/Transient.World_1:PersistentLevel.spiritOrbOG_C_23
	Function /Game/bluePrints/spiritOrbOG.spiritOrbOG_C:ExecuteUbergraph_spiritOrbOG:011E
[2017.04.11-18.04.16:410][398]LogScript:Warning: Attempted to assign to None
	spiritOrbOG_C /Engine/Transient.World_1:PersistentLevel.spiritOrbOG_C_23
	Function /Game/bluePrints/spiritOrbOG.spiritOrbOG_C:ExecuteUbergraph_spiritOrbOG:0133
[2017.04.11-18.04.16:613][402]LogScriptCore:Warning: Attempted to get an item from array CallFunc_GetAllActorsOfClass_OutActors out of bounds [0/0]!

[2017.04.11-18.04.16:613][402]LogScript:Warning: Accessed None trying to read property CallFunc_Array_Get_Item
	spiritOrbOG_C /Engine/Transient.World_1:PersistentLevel.spiritOrbOG_C_24
	Function /Game/bluePrints/spiritOrbOG.spiritOrbOG_C:ExecuteUbergraph_spiritOrbOG:011E
[2017.04.11-18.04.16:613][402]LogScript:Warning: Attempted to assign to None
	spiritOrbOG_C /Engine/Transient.World_1:PersistentLevel.spiritOrbOG_C_24
	Function /Game/bluePrints/spiritOrbOG.spiritOrbOG_C:ExecuteUbergraph_spiritOrbOG:0133
[2017.04.11-18.04.16:840][406]LogScriptCore:Warning: Attempted to get an item from array CallFunc_GetAllActorsOfClass_OutActors out of bounds [0/0]!

[2017.04.11-18.04.16:840][406]LogScript:Warning: Accessed None trying to read property CallFunc_Array_Get_Item
	spiritOrbOG_C /Engine/Transient.World_1:PersistentLevel.spiritOrbOG_C_25
	Function /Game/bluePrints/spiritOrbOG.spiritOrbOG_C:ExecuteUbergraph_spiritOrbOG:011E
[2017.04.11-18.04.16:840][406]LogScript:Warning: Attempted to assign to None
	spiritOrbOG_C /Engine/Transient.World_1:PersistentLevel.spiritOrbOG_C_25
	Function /Game/bluePrints/spiritOrbOG.spiritOrbOG_C:ExecuteUbergraph_spiritOrbOG:0133
[2017.04.11-18.04.17:007][410]LogScriptCore:Warning: Attempted to get an item from array CallFunc_GetAllActorsOfClass_OutActors out of bounds [0/0]!

[2017.04.11-18.04.17:007][410]LogScript:Warning: Accessed None trying to read property CallFunc_Array_Get_Item
	spiritOrbOG_C /Engine/Transient.World_1:PersistentLevel.spiritOrbOG_C_26
	Function /Game/bluePrints/spiritOrbOG.spiritOrbOG_C:ExecuteUbergraph_spiritOrbOG:011E
[2017.04.11-18.04.17:007][410]LogScript:Warning: Attempted to assign to None
	spiritOrbOG_C /Engine/Transient.World_1:PersistentLevel.spiritOrbOG_C_26
	Function /Game/bluePrints/spiritOrbOG.spiritOrbOG_C:ExecuteUbergraph_spiritOrbOG:0133
[2017.04.11-18.04.17:200][414]LogScriptCore:Warning: Attempted to get an item from array CallFunc_GetAllActorsOfClass_OutActors out of bounds [0/0]!

[2017.04.11-18.04.17:200][414]LogScript:Warning: Accessed None trying to read property CallFunc_Array_Get_Item
	spiritOrbOG_C /Engine/Transient.World_1:PersistentLevel.spiritOrbOG_C_27
	Function /Game/bluePrints/spiritOrbOG.spiritOrbOG_C:ExecuteUbergraph_spiritOrbOG:011E
[2017.04.11-18.04.17:200][414]LogScript:Warning: Attempted to assign to None
	spiritOrbOG_C /Engine/Transient.World_1:PersistentLevel.spiritOrbOG_C_27
	Function /Game/bluePrints/spiritOrbOG.spiritOrbOG_C:ExecuteUbergraph_spiritOrbOG:0133
[2017.04.11-18.04.17:362][418]LogScriptCore:Warning: Attempted to get an item from array CallFunc_GetAllActorsOfClass_OutActors out of bounds [0/0]!

[2017.04.11-18.04.17:362][418]LogScript:Warning: Accessed None trying to read property CallFunc_Array_Get_Item
	spiritOrbOG_C /Engine/Transient.World_1:PersistentLevel.spiritOrbOG_C_28
	Function /Game/bluePrints/spiritOrbOG.spiritOrbOG_C:ExecuteUbergraph_spiritOrbOG:011E
[2017.04.11-18.04.17:362][418]LogScript:Warning: Attempted to assign to None
	spiritOrbOG_C /Engine/Transient.World_1:PersistentLevel.spiritOrbOG_C_28
	Function /Game/bluePrints/spiritOrbOG.spiritOrbOG_C:ExecuteUbergraph_spiritOrbOG:0133
[2017.04.11-18.04.17:608][422]LogScriptCore:Warning: Attempted to get an item from array CallFunc_GetAllActorsOfClass_OutActors out of bounds [0/0]!

[2017.04.11-18.04.17:608][422]LogScript:Warning: Accessed None trying to read property CallFunc_Array_Get_Item
	spiritOrbOG_C /Engine/Transient.World_1:PersistentLevel.spiritOrbOG_C_29
	Function /Game/bluePrints/spiritOrbOG.spiritOrbOG_C:ExecuteUbergraph_spiritOrbOG:011E
[2017.04.11-18.04.17:608][422]LogScript:Warning: Attempted to assign to None
	spiritOrbOG_C /Engine/Transient.World_1:PersistentLevel.spiritOrbOG_C_29
	Function /Game/bluePrints/spiritOrbOG.spiritOrbOG_C:ExecuteUbergraph_spiritOrbOG:0133
[2017.04.11-18.04.18:727][440]LogScriptCore:Warning: Attempted to get an item from array CallFunc_GetAllActorsOfClass_OutActors out of bounds [0/0]!

[2017.04.11-18.04.18:727][440]LogScript:Warning: Accessed None trying to read property CallFunc_Array_Get_Item
	spiritOrbOG_C /Engine/Transient.World_1:PersistentLevel.spiritOrbOG_C_30
	Function /Game/bluePrints/spiritOrbOG.spiritOrbOG_C:ExecuteUbergraph_spiritOrbOG:011E
[2017.04.11-18.04.18:727][440]LogScript:Warning: Attempted to assign to None
	spiritOrbOG_C /Engine/Transient.World_1:PersistentLevel.spiritOrbOG_C_30
	Function /Game/bluePrints/spiritOrbOG.spiritOrbOG_C:ExecuteUbergraph_spiritOrbOG:0133
[2017.04.11-18.04.18:774][441]LogScriptCore:Warning: Attempted to get an item from array CallFunc_GetAllActorsOfClass_OutActors out of bounds [0/0]!

[2017.04.11-18.04.18:774][441]LogScript:Warning: Accessed None trying to read property CallFunc_Array_Get_Item
	spiritOrbOG_C /Engine/Transient.World_1:PersistentLevel.spiritOrbOG_C_31
	Function /Game/bluePrints/spiritOrbOG.spiritOrbOG_C:ExecuteUbergraph_spiritOrbOG:011E
[2017.04.11-18.04.18:774][441]LogScript:Warning: Attempted to assign to None
	spiritOrbOG_C /Engine/Transient.World_1:PersistentLevel.spiritOrbOG_C_31
	Function /Game/bluePrints/spiritOrbOG.spiritOrbOG_C:ExecuteUbergraph_spiritOrbOG:0133
[2017.04.11-18.04.39:601][ 68]Cmd: CAMERA ALIGN ACTIVEVIEWPORTONLY
[2017.04.11-18.04.47:382][288]LogBlueprintUserMessages: Early PlayInEditor Detection: Level '/Game/Maps/Level_1.Level_1:PersistentLevel' has LevelScriptBlueprint '/Game/Maps/Level_1.Level_1:PersistentLevel.Level_1' with GeneratedClass '/Game/Maps/Level_1.Level_1_C' with ClassGeneratedBy '/Game/Maps/Level_1.Level_1:PersistentLevel.Level_1'
[2017.04.11-18.04.47:384][288]LogPlayLevel: PlayLevel: No blueprints needed recompiling
[2017.04.11-18.04.47:387][288]PIE: New page: PIE session: Level_1 (Apr 11, 2017, 9:04:47 AM)
[2017.04.11-18.04.47:387][288]LogPlayLevel: Creating play world package: /Game/Maps/UEDPIE_0_Level_1
[2017.04.11-18.04.47:410][288]LogPlayLevel: PIE: StaticDuplicateObject took: (0.022256s)
[2017.04.11-18.04.47:411][288]LogAIModule: Creating AISystem for world Level_1
[2017.04.11-18.04.47:411][288]LogPlayLevel: PIE: World Init took: (0.001605s)
[2017.04.11-18.04.47:413][288]LogPlayLevel: PIE: Created PIE world by copying editor world from /Game/Maps/Level_1.Level_1 to /Game/Maps/UEDPIE_0_Level_1.Level_1 (0.025230s)
[2017.04.11-18.04.47:453][288]LogInit: XAudio2 using 'Speakers (Realtek High Definition Audio)' : 8 channels at 48 kHz using 32 bits per sample (channel mask 0x63f)
[2017.04.11-18.04.47:502][288]LogInit: FAudioDevice initialized.
[2017.04.11-18.04.47:594][288]LogWorld: Game class is 'SoulStrikerCampaign_C'
[2017.04.11-18.04.47:611][288]LogWorld: Bringing World /Game/Maps/UEDPIE_0_Level_1.Level_1 up for play (max tick rate 60) at 2017.04.11-14.04.47
[2017.04.11-18.04.47:629][288]LogWorld: Bringing up level for play took: 0.034221
[2017.04.11-18.04.47:650][288]LogContentBrowser: Native class hierarchy updated for 'MovieSceneCapture' in 0.0005 seconds. Added 11 classes and 0 folders.
[2017.04.11-18.04.47:680][288]PIE: Info Play in editor start time for /Game/Maps/UEDPIE_0_Level_1 0.607
[2017.04.11-18.04.47:680][288]LogBlueprintUserMessages: Late PlayInEditor Detection: Level '/Game/Maps/Level_1.Level_1:PersistentLevel' has LevelScriptBlueprint '/Game/Maps/Level_1.Level_1:PersistentLevel.Level_1' with GeneratedClass '/Game/Maps/Level_1.Level_1_C' with ClassGeneratedBy '/Game/Maps/Level_1.Level_1:PersistentLevel.Level_1'
[2017.04.11-18.04.52:750][440]LogBlueprintUserMessages: [skeletonOLD_365] Stab...Stab!
[2017.04.11-18.04.54:747][500]LogBlueprintUserMessages: [skeletonOLD_365] DASH!@
[2017.04.11-18.04.55:747][530]LogBlueprintUserMessages: [skeletonOLD_365] DASH!@
[2017.04.11-18.04.59:745][650]LogBlueprintUserMessages: [skeletonOLD_365] Stab...Stab!
[2017.04.11-18.05.00:746][680]LogBlueprintUserMessages: [skeletonOLD_365] SLASH! Slash! Slash!
[2017.04.11-18.05.00:792][681]LogBlueprintUserMessages: Early EndPlayMap Detection: Level '/Game/Maps/Level_1.Level_1:PersistentLevel' has LevelScriptBlueprint '/Game/Maps/Level_1.Level_1:PersistentLevel.Level_1' with GeneratedClass '/Game/Maps/Level_1.Level_1_C' with ClassGeneratedBy '/Game/Maps/Level_1.Level_1:PersistentLevel.Level_1'
[2017.04.11-18.05.00:900][681]LogBlueprintUserMessages: Late EndPlayMap Detection: Level '/Game/Maps/Level_1.Level_1:PersistentLevel' has LevelScriptBlueprint '/Game/Maps/Level_1.Level_1:PersistentLevel.Level_1' with GeneratedClass '/Game/Maps/Level_1.Level_1_C' with ClassGeneratedBy '/Game/Maps/Level_1.Level_1:PersistentLevel.Level_1'
[2017.04.11-18.05.17:940][192]Cmd: DELETE
[2017.04.11-18.05.17:940][192]Cmd: ACTOR DELETE
[2017.04.11-18.05.17:949][192]LogEditorActor: Deleted Actor: spiritOrbOG_C
[2017.04.11-18.05.17:975][192]LogEditorActor: Deleted 1 Actors (0.028 secs)
[2017.04.11-18.05.41:192][889]LogScriptCore:Warning: Attempted to get an item from array CallFunc_GetAllActorsOfClass_OutActors out of bounds [0/0]!

[2017.04.11-18.05.41:192][889]LogScript:Warning: Accessed None trying to read property CallFunc_Array_Get_Item
	spiritOrbOG_C /Engine/Transient.World_1:PersistentLevel.spiritOrbOG_C_32
	Function /Game/bluePrints/spiritOrbOG.spiritOrbOG_C:ExecuteUbergraph_spiritOrbOG:011E
[2017.04.11-18.05.41:192][889]LogScript:Warning: Attempted to assign to None
	spiritOrbOG_C /Engine/Transient.World_1:PersistentLevel.spiritOrbOG_C_32
	Function /Game/bluePrints/spiritOrbOG.spiritOrbOG_C:ExecuteUbergraph_spiritOrbOG:0133
[2017.04.11-18.05.41:302][893]LogScriptCore:Warning: Attempted to get an item from array CallFunc_GetAllActorsOfClass_OutActors out of bounds [0/0]!

[2017.04.11-18.05.41:302][893]LogScript:Warning: Accessed None trying to read property CallFunc_Array_Get_Item
	spiritOrbOG_C /Engine/Transient.World_1:PersistentLevel.spiritOrbOG_C_33
	Function /Game/bluePrints/spiritOrbOG.spiritOrbOG_C:ExecuteUbergraph_spiritOrbOG:011E
[2017.04.11-18.05.41:302][893]LogScript:Warning: Attempted to assign to None
	spiritOrbOG_C /Engine/Transient.World_1:PersistentLevel.spiritOrbOG_C_33
	Function /Game/bluePrints/spiritOrbOG.spiritOrbOG_C:ExecuteUbergraph_spiritOrbOG:0133
[2017.04.11-18.05.41:437][897]LogScriptCore:Warning: Attempted to get an item from array CallFunc_GetAllActorsOfClass_OutActors out of bounds [0/0]!

[2017.04.11-18.05.41:437][897]LogScript:Warning: Accessed None trying to read property CallFunc_Array_Get_Item
	spiritOrbOG_C /Engine/Transient.World_1:PersistentLevel.spiritOrbOG_C_34
	Function /Game/bluePrints/spiritOrbOG.spiritOrbOG_C:ExecuteUbergraph_spiritOrbOG:011E
[2017.04.11-18.05.41:437][897]LogScript:Warning: Attempted to assign to None
	spiritOrbOG_C /Engine/Transient.World_1:PersistentLevel.spiritOrbOG_C_34
	Function /Game/bluePrints/spiritOrbOG.spiritOrbOG_C:ExecuteUbergraph_spiritOrbOG:0133
[2017.04.11-18.05.41:634][901]LogScriptCore:Warning: Attempted to get an item from array CallFunc_GetAllActorsOfClass_OutActors out of bounds [0/0]!

[2017.04.11-18.05.41:634][901]LogScript:Warning: Accessed None trying to read property CallFunc_Array_Get_Item
	spiritOrbOG_C /Engine/Transient.World_1:PersistentLevel.spiritOrbOG_C_35
	Function /Game/bluePrints/spiritOrbOG.spiritOrbOG_C:ExecuteUbergraph_spiritOrbOG:011E
[2017.04.11-18.05.41:634][901]LogScript:Warning: Attempted to assign to None
	spiritOrbOG_C /Engine/Transient.World_1:PersistentLevel.spiritOrbOG_C_35
	Function /Game/bluePrints/spiritOrbOG.spiritOrbOG_C:ExecuteUbergraph_spiritOrbOG:0133
[2017.04.11-18.05.43:634][932]LogScriptCore:Warning: Attempted to get an item from array CallFunc_GetAllActorsOfClass_OutActors out of bounds [0/0]!

[2017.04.11-18.05.43:634][932]LogScript:Warning: Accessed None trying to read property CallFunc_Array_Get_Item
	spiritOrbOG_C /Engine/Transient.World_1:PersistentLevel.spiritOrbOG_C_36
	Function /Game/bluePrints/spiritOrbOG.spiritOrbOG_C:ExecuteUbergraph_spiritOrbOG:011E
[2017.04.11-18.05.43:634][932]LogScript:Warning: Attempted to assign to None
	spiritOrbOG_C /Engine/Transient.World_1:PersistentLevel.spiritOrbOG_C_36
	Function /Game/bluePrints/spiritOrbOG.spiritOrbOG_C:ExecuteUbergraph_spiritOrbOG:0133
[2017.04.11-18.05.43:768][934]LogScriptCore:Warning: Attempted to get an item from array CallFunc_GetAllActorsOfClass_OutActors out of bounds [0/0]!

[2017.04.11-18.05.43:768][934]LogScript:Warning: Accessed None trying to read property CallFunc_Array_Get_Item
	spiritOrbOG_C /Engine/Transient.World_1:PersistentLevel.spiritOrbOG_C_37
	Function /Game/bluePrints/spiritOrbOG.spiritOrbOG_C:ExecuteUbergraph_spiritOrbOG:011E
[2017.04.11-18.05.43:768][934]LogScript:Warning: Attempted to assign to None
	spiritOrbOG_C /Engine/Transient.World_1:PersistentLevel.spiritOrbOG_C_37
	Function /Game/bluePrints/spiritOrbOG.spiritOrbOG_C:ExecuteUbergraph_spiritOrbOG:0133
[2017.04.11-18.05.43:967][937]LogScriptCore:Warning: Attempted to get an item from array CallFunc_GetAllActorsOfClass_OutActors out of bounds [0/0]!

[2017.04.11-18.05.43:967][937]LogScript:Warning: Accessed None trying to read property CallFunc_Array_Get_Item
	spiritOrbOG_C /Engine/Transient.World_1:PersistentLevel.spiritOrbOG_C_38
	Function /Game/bluePrints/spiritOrbOG.spiritOrbOG_C:ExecuteUbergraph_spiritOrbOG:011E
[2017.04.11-18.05.43:967][937]LogScript:Warning: Attempted to assign to None
	spiritOrbOG_C /Engine/Transient.World_1:PersistentLevel.spiritOrbOG_C_38
	Function /Game/bluePrints/spiritOrbOG.spiritOrbOG_C:ExecuteUbergraph_spiritOrbOG:0133
[2017.04.11-18.05.44:235][941]LogScriptCore:Warning: Attempted to get an item from array CallFunc_GetAllActorsOfClass_OutActors out of bounds [0/0]!

[2017.04.11-18.05.44:235][941]LogScript:Warning: Accessed None trying to read property CallFunc_Array_Get_Item
	spiritOrbOG_C /Engine/Transient.World_1:PersistentLevel.spiritOrbOG_C_39
	Function /Game/bluePrints/spiritOrbOG.spiritOrbOG_C:ExecuteUbergraph_spiritOrbOG:011E
[2017.04.11-18.05.44:235][941]LogScript:Warning: Attempted to assign to None
	spiritOrbOG_C /Engine/Transient.World_1:PersistentLevel.spiritOrbOG_C_39
	Function /Game/bluePrints/spiritOrbOG.spiritOrbOG_C:ExecuteUbergraph_spiritOrbOG:0133
[2017.04.11-18.05.44:468][945]LogScriptCore:Warning: Attempted to get an item from array CallFunc_GetAllActorsOfClass_OutActors out of bounds [0/0]!

[2017.04.11-18.05.44:468][945]LogScript:Warning: Accessed None trying to read property CallFunc_Array_Get_Item
	spiritOrbOG_C /Engine/Transient.World_1:PersistentLevel.spiritOrbOG_C_40
	Function /Game/bluePrints/spiritOrbOG.spiritOrbOG_C:ExecuteUbergraph_spiritOrbOG:011E
[2017.04.11-18.05.44:468][945]LogScript:Warning: Attempted to assign to None
	spiritOrbOG_C /Engine/Transient.World_1:PersistentLevel.spiritOrbOG_C_40
	Function /Game/bluePrints/spiritOrbOG.spiritOrbOG_C:ExecuteUbergraph_spiritOrbOG:0133
[2017.04.11-18.05.44:671][949]LogScriptCore:Warning: Attempted to get an item from array CallFunc_GetAllActorsOfClass_OutActors out of bounds [0/0]!

[2017.04.11-18.05.44:671][949]LogScript:Warning: Accessed None trying to read property CallFunc_Array_Get_Item
	spiritOrbOG_C /Engine/Transient.World_1:PersistentLevel.spiritOrbOG_C_41
	Function /Game/bluePrints/spiritOrbOG.spiritOrbOG_C:ExecuteUbergraph_spiritOrbOG:011E
[2017.04.11-18.05.44:671][949]LogScript:Warning: Attempted to assign to None
	spiritOrbOG_C /Engine/Transient.World_1:PersistentLevel.spiritOrbOG_C_41
	Function /Game/bluePrints/spiritOrbOG.spiritOrbOG_C:ExecuteUbergraph_spiritOrbOG:0133
[2017.04.11-18.05.44:937][953]LogScriptCore:Warning: Attempted to get an item from array CallFunc_GetAllActorsOfClass_OutActors out of bounds [0/0]!

[2017.04.11-18.05.44:937][953]LogScript:Warning: Accessed None trying to read property CallFunc_Array_Get_Item
	spiritOrbOG_C /Engine/Transient.World_1:PersistentLevel.spiritOrbOG_C_42
	Function /Game/bluePrints/spiritOrbOG.spiritOrbOG_C:ExecuteUbergraph_spiritOrbOG:011E
[2017.04.11-18.05.44:937][953]LogScript:Warning: Attempted to assign to None
	spiritOrbOG_C /Engine/Transient.World_1:PersistentLevel.spiritOrbOG_C_42
	Function /Game/bluePrints/spiritOrbOG.spiritOrbOG_C:ExecuteUbergraph_spiritOrbOG:0133
[2017.04.11-18.05.45:200][957]LogScriptCore:Warning: Attempted to get an item from array CallFunc_GetAllActorsOfClass_OutActors out of bounds [0/0]!

[2017.04.11-18.05.45:200][957]LogScript:Warning: Accessed None trying to read property CallFunc_Array_Get_Item
	spiritOrbOG_C /Engine/Transient.World_1:PersistentLevel.spiritOrbOG_C_43
	Function /Game/bluePrints/spiritOrbOG.spiritOrbOG_C:ExecuteUbergraph_spiritOrbOG:011E
[2017.04.11-18.05.45:200][957]LogScript:Warning: Attempted to assign to None
	spiritOrbOG_C /Engine/Transient.World_1:PersistentLevel.spiritOrbOG_C_43
	Function /Game/bluePrints/spiritOrbOG.spiritOrbOG_C:ExecuteUbergraph_spiritOrbOG:0133
[2017.04.11-18.05.45:468][961]LogScriptCore:Warning: Attempted to get an item from array CallFunc_GetAllActorsOfClass_OutActors out of bounds [0/0]!

[2017.04.11-18.05.45:468][961]LogScript:Warning: Accessed None trying to read property CallFunc_Array_Get_Item
	spiritOrbOG_C /Engine/Transient.World_1:PersistentLevel.spiritOrbOG_C_44
	Function /Game/bluePrints/spiritOrbOG.spiritOrbOG_C:ExecuteUbergraph_spiritOrbOG:011E
[2017.04.11-18.05.45:468][961]LogScript:Warning: Attempted to assign to None
	spiritOrbOG_C /Engine/Transient.World_1:PersistentLevel.spiritOrbOG_C_44
	Function /Game/bluePrints/spiritOrbOG.spiritOrbOG_C:ExecuteUbergraph_spiritOrbOG:0133
[2017.04.11-18.05.45:701][965]LogScriptCore:Warning: Attempted to get an item from array CallFunc_GetAllActorsOfClass_OutActors out of bounds [0/0]!

[2017.04.11-18.05.45:702][965]LogScript:Warning: Accessed None trying to read property CallFunc_Array_Get_Item
	spiritOrbOG_C /Engine/Transient.World_1:PersistentLevel.spiritOrbOG_C_45
	Function /Game/bluePrints/spiritOrbOG.spiritOrbOG_C:ExecuteUbergraph_spiritOrbOG:011E
[2017.04.11-18.05.45:702][965]LogScript:Warning: Attempted to assign to None
	spiritOrbOG_C /Engine/Transient.World_1:PersistentLevel.spiritOrbOG_C_45
	Function /Game/bluePrints/spiritOrbOG.spiritOrbOG_C:ExecuteUbergraph_spiritOrbOG:0133
[2017.04.11-18.05.45:867][969]LogScriptCore:Warning: Attempted to get an item from array CallFunc_GetAllActorsOfClass_OutActors out of bounds [0/0]!

[2017.04.11-18.05.45:868][969]LogScript:Warning: Accessed None trying to read property CallFunc_Array_Get_Item
	spiritOrbOG_C /Engine/Transient.World_1:PersistentLevel.spiritOrbOG_C_46
	Function /Game/bluePrints/spiritOrbOG.spiritOrbOG_C:ExecuteUbergraph_spiritOrbOG:011E
[2017.04.11-18.05.45:868][969]LogScript:Warning: Attempted to assign to None
	spiritOrbOG_C /Engine/Transient.World_1:PersistentLevel.spiritOrbOG_C_46
	Function /Game/bluePrints/spiritOrbOG.spiritOrbOG_C:ExecuteUbergraph_spiritOrbOG:0133
[2017.04.11-18.05.46:002][973]LogScriptCore:Warning: Attempted to get an item from array CallFunc_GetAllActorsOfClass_OutActors out of bounds [0/0]!

[2017.04.11-18.05.46:002][973]LogScript:Warning: Accessed None trying to read property CallFunc_Array_Get_Item
	spiritOrbOG_C /Engine/Transient.World_1:PersistentLevel.spiritOrbOG_C_47
	Function /Game/bluePrints/spiritOrbOG.spiritOrbOG_C:ExecuteUbergraph_spiritOrbOG:011E
[2017.04.11-18.05.46:002][973]LogScript:Warning: Attempted to assign to None
	spiritOrbOG_C /Engine/Transient.World_1:PersistentLevel.spiritOrbOG_C_47
	Function /Game/bluePrints/spiritOrbOG.spiritOrbOG_C:ExecuteUbergraph_spiritOrbOG:0133
[2017.04.11-18.05.46:233][977]LogScriptCore:Warning: Attempted to get an item from array CallFunc_GetAllActorsOfClass_OutActors out of bounds [0/0]!

[2017.04.11-18.05.46:233][977]LogScript:Warning: Accessed None trying to read property CallFunc_Array_Get_Item
	spiritOrbOG_C /Engine/Transient.World_1:PersistentLevel.spiritOrbOG_C_48
	Function /Game/bluePrints/spiritOrbOG.spiritOrbOG_C:ExecuteUbergraph_spiritOrbOG:011E
[2017.04.11-18.05.46:233][977]LogScript:Warning: Attempted to assign to None
	spiritOrbOG_C /Engine/Transient.World_1:PersistentLevel.spiritOrbOG_C_48
	Function /Game/bluePrints/spiritOrbOG.spiritOrbOG_C:ExecuteUbergraph_spiritOrbOG:0133
[2017.04.11-18.05.46:500][981]LogScriptCore:Warning: Attempted to get an item from array CallFunc_GetAllActorsOfClass_OutActors out of bounds [0/0]!

[2017.04.11-18.05.46:500][981]LogScript:Warning: Accessed None trying to read property CallFunc_Array_Get_Item
	spiritOrbOG_C /Engine/Transient.World_1:PersistentLevel.spiritOrbOG_C_49
	Function /Game/bluePrints/spiritOrbOG.spiritOrbOG_C:ExecuteUbergraph_spiritOrbOG:011E
[2017.04.11-18.05.46:500][981]LogScript:Warning: Attempted to assign to None
	spiritOrbOG_C /Engine/Transient.World_1:PersistentLevel.spiritOrbOG_C_49
	Function /Game/bluePrints/spiritOrbOG.spiritOrbOG_C:ExecuteUbergraph_spiritOrbOG:0133
[2017.04.11-18.06.03:789][327]Cmd: OBJ SAVEPACKAGE PACKAGE="/Game/Maps/Level_1" FILE="D:/SoulStriker_MainFolder/Soul-Striker-Main/Soul Striker/Content/Maps/Level_1.umap" SILENT=true AUTOSAVING=false KEEPDIRTY=false
[2017.04.11-18.06.04:636][327]LogSavePackage: Save=786.25ms
[2017.04.11-18.06.04:636][327]LogSavePackage: Moving 'D:/SoulStriker_MainFolder/Soul-Striker-Main/Soul Striker/Saved/Level_1E56346B6425FEF3B1C662480BFA135CB.tmp' to 'D:/SoulStriker_MainFolder/Soul-Striker-Main/Soul Striker/Content/Maps/Level_1.umap'
[2017.04.11-18.06.04:640][327]LogSavePackage:Display: Finished SavePackage D:/SoulStriker_MainFolder/Soul-Striker-Main/Soul Striker/Content/Maps/Level_1.umap
[2017.04.11-18.06.04:706][327]LogFileHelpers: Saving map 'Level_1' took 0.992
[2017.04.11-18.06.04:800][327]Cmd: OBJ SAVEPACKAGE PACKAGE="/Game/customMaterials/magic_circle_P" FILE="D:/SoulStriker_MainFolder/Soul-Striker-Main/Soul Striker/Content/customMaterials/magic_circle_P.uasset" SILENT=true
[2017.04.11-18.06.04:819][327]LogSavePackage: Save=12.03ms
[2017.04.11-18.06.04:819][327]LogSavePackage: Moving 'D:/SoulStriker_MainFolder/Soul-Striker-Main/Soul Striker/Saved/magic_circle_P2F34B71649B93C52D779DFAAEE9F0B87.tmp' to 'D:/SoulStriker_MainFolder/Soul-Striker-Main/Soul Striker/Content/customMaterials/magic_circle_P.uasset'
[2017.04.11-18.06.04:837][327]LogSavePackage:Display: Finished SavePackage D:/SoulStriker_MainFolder/Soul-Striker-Main/Soul Striker/Content/customMaterials/magic_circle_P.uasset
[2017.04.11-18.06.19:460][736]Cmd: BRUSH ADD SELECTNEWBRUSH
[2017.04.11-18.06.20:926][781]LogEditorViewport: Clicking on Actor (LMB): Brush (Box Brush)
[2017.04.11-18.06.57:351][874]LogEditorViewport: Clicking Background
[2017.04.11-18.07.54:051][390]Cmd: POLY TEXSCALE  UU=0.002000 VV=0.002000
[2017.04.11-18.08.02:083][618]Cmd: POLY TEXSCALE  UU=0.020000 VV=0.020000
[2017.04.11-18.08.13:447][941]Cmd: POLY TEXSCALE  UU=1.000000 VV=1.000000
[2017.04.11-18.08.20:863][153]LogBlueprintUserMessages: Early PlayInEditor Detection: Level '/Game/Maps/Level_1.Level_1:PersistentLevel' has LevelScriptBlueprint '/Game/Maps/Level_1.Level_1:PersistentLevel.Level_1' with GeneratedClass '/Game/Maps/Level_1.Level_1_C' with ClassGeneratedBy '/Game/Maps/Level_1.Level_1:PersistentLevel.Level_1'
[2017.04.11-18.08.20:863][153]LogPlayLevel: PlayLevel: No blueprints needed recompiling
[2017.04.11-18.08.20:863][153]PIE: New page: PIE session: Level_1 (Apr 11, 2017, 9:08:20 AM)
[2017.04.11-18.08.20:863][153]LogPlayLevel: Creating play world package: /Game/Maps/UEDPIE_0_Level_1
[2017.04.11-18.08.20:885][153]LogPlayLevel: PIE: StaticDuplicateObject took: (0.022125s)
[2017.04.11-18.08.20:886][153]LogAIModule: Creating AISystem for world Level_1
[2017.04.11-18.08.20:886][153]LogPlayLevel: PIE: World Init took: (0.000821s)
[2017.04.11-18.08.20:886][153]LogPlayLevel: PIE: Created PIE world by copying editor world from /Game/Maps/Level_1.Level_1 to /Game/Maps/UEDPIE_0_Level_1.Level_1 (0.023222s)
[2017.04.11-18.08.20:925][153]LogInit: XAudio2 using 'Speakers (Realtek High Definition Audio)' : 8 channels at 48 kHz using 32 bits per sample (channel mask 0x63f)
[2017.04.11-18.08.20:972][153]LogInit: FAudioDevice initialized.
[2017.04.11-18.08.21:022][153]LogWorld: Game class is 'SoulStrikerCampaign_C'
[2017.04.11-18.08.21:038][153]LogWorld: Bringing World /Game/Maps/UEDPIE_0_Level_1.Level_1 up for play (max tick rate 60) at 2017.04.11-14.08.21
[2017.04.11-18.08.21:041][153]LogWorld: Bringing up level for play took: 0.018229
[2017.04.11-18.08.21:047][153]PIE: Info Play in editor start time for /Game/Maps/UEDPIE_0_Level_1 -0.026
[2017.04.11-18.08.21:056][153]LogBlueprintUserMessages: Late PlayInEditor Detection: Level '/Game/Maps/Level_1.Level_1:PersistentLevel' has LevelScriptBlueprint '/Game/Maps/Level_1.Level_1:PersistentLevel.Level_1' with GeneratedClass '/Game/Maps/Level_1.Level_1_C' with ClassGeneratedBy '/Game/Maps/Level_1.Level_1:PersistentLevel.Level_1'
[2017.04.11-18.08.27:113][336]LogBlueprintUserMessages: [skeletonOLD_365] Stab...Stab!
[2017.04.11-18.08.29:112][396]LogBlueprintUserMessages: [skeletonOLD_365] DASH!@
[2017.04.11-18.08.30:113][426]LogBlueprintUserMessages: [skeletonOLD_365] DASH!@
[2017.04.11-18.08.31:111][456]LogBlueprintUserMessages: [skeletonOLD_365] DASH!@
[2017.04.11-18.08.33:111][516]LogBlueprintUserMessages: [skeletonOLD_365] Slice!
[2017.04.11-18.08.34:111][546]LogBlueprintUserMessages: [skeletonOLD_365] SLASH! Slash! Slash!
[2017.04.11-18.08.34:976][572]LogBlueprintUserMessages: Early EndPlayMap Detection: Level '/Game/Maps/Level_1.Level_1:PersistentLevel' has LevelScriptBlueprint '/Game/Maps/Level_1.Level_1:PersistentLevel.Level_1' with GeneratedClass '/Game/Maps/Level_1.Level_1_C' with ClassGeneratedBy '/Game/Maps/Level_1.Level_1:PersistentLevel.Level_1'
[2017.04.11-18.08.35:045][572]LogBlueprintUserMessages: Late EndPlayMap Detection: Level '/Game/Maps/Level_1.Level_1:PersistentLevel' has LevelScriptBlueprint '/Game/Maps/Level_1.Level_1:PersistentLevel.Level_1' with GeneratedClass '/Game/Maps/Level_1.Level_1_C' with ClassGeneratedBy '/Game/Maps/Level_1.Level_1:PersistentLevel.Level_1'
[2017.04.11-18.08.58:373][256]Cmd: OBJ SAVEPACKAGE PACKAGE="/Game/Maps/Level_1" FILE="D:/SoulStriker_MainFolder/Soul-Striker-Main/Soul Striker/Content/Maps/Level_1.umap" SILENT=true AUTOSAVING=false KEEPDIRTY=false
[2017.04.11-18.08.59:141][256]LogSavePackage: Save=738.43ms
[2017.04.11-18.08.59:141][256]LogSavePackage: Moving 'D:/SoulStriker_MainFolder/Soul-Striker-Main/Soul Striker/Saved/Level_16D8CBCA04DC5EF4BF1357595412E29B2.tmp' to 'D:/SoulStriker_MainFolder/Soul-Striker-Main/Soul Striker/Content/Maps/Level_1.umap'
[2017.04.11-18.08.59:144][256]LogSavePackage:Display: Finished SavePackage D:/SoulStriker_MainFolder/Soul-Striker-Main/Soul Striker/Content/Maps/Level_1.umap
[2017.04.11-18.15.34:807][ 29]Cmd: OBJ SAVEPACKAGE PACKAGE="/Game/Maps/Level_1" FILE="D:/SoulStriker_MainFolder/Soul-Striker-Main/Soul Striker/Content/Maps/Level_1.umap" SILENT=true AUTOSAVING=false KEEPDIRTY=false
[2017.04.11-18.15.35:919][ 29]LogSavePackage: Save=764.64ms
[2017.04.11-18.15.35:919][ 29]LogSavePackage: Moving 'D:/SoulStriker_MainFolder/Soul-Striker-Main/Soul Striker/Saved/Level_1517CD253435AE991A17767A35D308067.tmp' to 'D:/SoulStriker_MainFolder/Soul-Striker-Main/Soul Striker/Content/Maps/Level_1.umap'
[2017.04.11-18.15.35:921][ 29]LogSavePackage:Display: Finished SavePackage D:/SoulStriker_MainFolder/Soul-Striker-Main/Soul Striker/Content/Maps/Level_1.umap
[2017.04.11-21.03.08:520][259]LogScriptCore:Warning: Attempted to get an item from array CallFunc_GetAllActorsOfClass_OutActors out of bounds [0/0]!

[2017.04.11-21.03.08:520][259]LogScript:Warning: Accessed None trying to read property CallFunc_Array_Get_Item
	spiritOrbOG_C /Engine/Transient.World_4:PersistentLevel.spiritOrbOG_C_16
	Function /Game/bluePrints/spiritOrbOG.spiritOrbOG_C:ExecuteUbergraph_spiritOrbOG:011E
[2017.04.11-21.03.08:520][259]LogScript:Warning: Attempted to assign to None
	spiritOrbOG_C /Engine/Transient.World_4:PersistentLevel.spiritOrbOG_C_16
	Function /Game/bluePrints/spiritOrbOG.spiritOrbOG_C:ExecuteUbergraph_spiritOrbOG:0133
[2017.04.11-21.03.08:647][259]LogCascade: Quitting Cascade. FXSystem=0x000001250A1AD1C0
[2017.04.11-21.03.08:721][259]LogActorComponent: UnregisterComponent: (/Engine/Transient.FloorComponent) Not registered. Aborting.
[2017.04.11-21.03.08:758][259]LogWindowsTextInputMethodSystem:Display: IME system now deactivated.
[2017.04.11-21.03.08:997][260]Cmd: QUIT_EDITOR
[2017.04.11-21.03.09:940][260]LogExit: Preparing to exit.
[2017.04.11-21.03.10:773][260]LogExit: Editor shut down
[2017.04.11-21.03.10:775][260]LogExit: Transaction tracking system shut down
[2017.04.11-21.03.11:042][260]LogObj: Freed 0b from 0 cluster array pools.
[2017.04.11-21.03.11:042][260]LogExit: Object subsystem successfully closed.
[2017.04.11-21.03.11:068][260]LogD3D11RHI: Shutdown
[2017.04.11-21.03.11:068][260]LogD3D11RHI: CleanupD3DDevice
[2017.04.11-21.03.11:240][260]LogD3D11RHI: ~FD3D11DynamicRHI
[2017.04.11-21.03.11:254][260]LogModuleManager: Shutting down and abandoning module MovieSceneCapture (219)
[2017.04.11-21.03.11:255][260]LogModuleManager: Shutting down and abandoning module DistCurveEditor (218)
[2017.04.11-21.03.11:255][260]LogModuleManager: Shutting down and abandoning module Cascade (217)
[2017.04.11-21.03.11:255][260]LogModuleManager: Shutting down and abandoning module BlueprintGraph (216)
[2017.04.11-21.03.11:255][260]LogModuleManager: Shutting down and abandoning module HierarchicalLODOutliner (215)
[2017.04.11-21.03.11:255][260]LogModuleManager: Shutting down and abandoning module CrashTracker (214)
[2017.04.11-21.03.11:255][260]LogModuleManager: Shutting down and abandoning module SceneOutliner (213)
[2017.04.11-21.03.11:255][260]LogModuleManager: Shutting down and abandoning module WidgetCarousel (212)
[2017.04.11-21.03.11:255][260]LogModuleManager: Shutting down and abandoning module AddContentDialog (211)
[2017.04.11-21.03.11:263][260]LogModuleManager: Shutting down and abandoning module GameplayTags (210)
[2017.04.11-21.03.11:263][260]LogModuleManager: Shutting down and abandoning module EditorWidgets (209)
[2017.04.11-21.03.11:263][260]LogModuleManager: Shutting down and abandoning module CollectionManager (208)
[2017.04.11-21.03.11:264][260]LogModuleManager: Shutting down and abandoning module StatsViewer (207)
[2017.04.11-21.03.11:264][260]LogModuleManager: Shutting down and abandoning module FoliageEdit (206)
[2017.04.11-21.03.11:264][260]LogModuleManager: Shutting down and abandoning module LandscapeEditor (205)
[2017.04.11-21.03.11:264][260]LogModuleManager: Shutting down and abandoning module SceneDepthPickerMode (204)
[2017.04.11-21.03.11:264][260]LogModuleManager: Shutting down and abandoning module ActorPickerMode (203)
[2017.04.11-21.03.11:264][260]LogModuleManager: Shutting down and abandoning module GeometryMode (202)
[2017.04.11-21.03.11:264][260]LogModuleManager: Shutting down and abandoning module TextureAlignMode (201)
[2017.04.11-21.03.11:264][260]LogModuleManager: Shutting down and abandoning module BspMode (200)
[2017.04.11-21.03.11:264][260]LogModuleManager: Shutting down and abandoning module HardwareSurvey (199)
[2017.04.11-21.03.11:264][260]LogModuleManager: Shutting down and abandoning module SequenceRecorderSections (198)
[2017.04.11-21.03.11:264][260]LogModuleManager: Shutting down and abandoning module SequenceRecorder (197)
[2017.04.11-21.03.11:264][260]LogModuleManager: Shutting down and abandoning module AutomationWorker (196)
[2017.04.11-21.03.11:264][260]LogModuleManager: Shutting down and abandoning module MatineeToLevelSequence (195)
[2017.04.11-21.03.11:264][260]LogModuleManager: Shutting down and abandoning module PlacementMode (194)
[2017.04.11-21.03.11:265][260]LogModuleManager: Shutting down and abandoning module LevelSequenceEditor (193)
[2017.04.11-21.03.11:265][260]LogModuleManager: Shutting down and abandoning module CharacterAI (192)
[2017.04.11-21.03.11:265][260]LogModuleManager: Shutting down and abandoning module SmartSnapping (191)
[2017.04.11-21.03.11:265][260]LogModuleManager: Shutting down and abandoning module SessionServices (190)
[2017.04.11-21.03.11:265][260]LogModuleManager: Shutting down and abandoning module ViewportSnapping (189)
[2017.04.11-21.03.11:265][260]LogModuleManager: Shutting down and abandoning module LogVisualizer (188)
[2017.04.11-21.03.11:266][260]LogModuleManager: Shutting down and abandoning module GameProjectGeneration (187)
[2017.04.11-21.03.11:266][260]LogModuleManager: Shutting down and abandoning module IntroTutorials (186)
[2017.04.11-21.03.11:266][260]LogModuleManager: Shutting down and abandoning module EditorLiveStreaming (185)
[2017.04.11-21.03.11:266][260]LogModuleManager: Shutting down and abandoning module IOSPlatformEditor (184)
[2017.04.11-21.03.11:266][260]LogModuleManager: Shutting down and abandoning module HTML5PlatformEditor (183)
[2017.04.11-21.03.11:266][260]LogModuleManager: Shutting down and abandoning module AndroidDeviceDetection (182)
[2017.04.11-21.03.11:451][260]LogModuleManager: Shutting down and abandoning module AndroidPlatformEditor (181)
[2017.04.11-21.03.11:451][260]LogModuleManager: Shutting down and abandoning module IOSRuntimeSettings (180)
[2017.04.11-21.03.11:451][260]LogModuleManager: Shutting down and abandoning module AndroidRuntimeSettings (179)
[2017.04.11-21.03.11:451][260]LogModuleManager: Shutting down and abandoning module MergeActors (178)
[2017.04.11-21.03.11:451][260]LogModuleManager: Shutting down and abandoning module SizeMap (177)
[2017.04.11-21.03.11:451][260]LogModuleManager: Shutting down and abandoning module TreeMap (176)
[2017.04.11-21.03.11:451][260]LogModuleManager: Shutting down and abandoning module ReferenceViewer (175)
[2017.04.11-21.03.11:451][260]LogModuleManager: Shutting down and abandoning module LocalizationService (174)
[2017.04.11-21.03.11:451][260]LogModuleManager: Shutting down and abandoning module LocalizationDashboard (173)
[2017.04.11-21.03.11:451][260]LogModuleManager: Shutting down and abandoning module HardwareTargeting (172)
[2017.04.11-21.03.11:451][260]LogModuleManager: Shutting down and abandoning module DeviceProfileEditor (171)
[2017.04.11-21.03.11:451][260]LogModuleManager: Shutting down and abandoning module UndoHistory (170)
[2017.04.11-21.03.11:452][260]LogModuleManager: Shutting down and abandoning module UserFeedback (169)
[2017.04.11-21.03.11:452][260]LogModuleManager: Shutting down and abandoning module XmlParser (168)
[2017.04.11-21.03.11:452][260]LogModuleManager: Shutting down and abandoning module Blutility (167)
[2017.04.11-21.03.11:452][260]LogModuleManager: Shutting down and abandoning module ProjectTargetPlatformEditor (166)
[2017.04.11-21.03.11:452][260]LogModuleManager: Shutting down and abandoning module ProjectSettingsViewer (165)
[2017.04.11-21.03.11:452][260]LogModuleManager: Shutting down and abandoning module InputBindingEditor (164)
[2017.04.11-21.03.11:452][260]LogModuleManager: Shutting down and abandoning module EditorSettingsViewer (163)
[2017.04.11-21.03.11:452][260]LogModuleManager: Shutting down and abandoning module SettingsEditor (162)
[2017.04.11-21.03.11:453][260]LogModuleManager: Shutting down and abandoning module ProjectLauncher (161)
[2017.04.11-21.03.11:453][260]LogModuleManager: Shutting down and abandoning module SessionFrontend (160)
[2017.04.11-21.03.11:453][260]LogModuleManager: Shutting down and abandoning module ProfilerClient (159)
[2017.04.11-21.03.11:453][260]LogModuleManager: Shutting down and abandoning module TargetDeviceServices (158)
[2017.04.11-21.03.11:453][260]LogModuleManager: Shutting down and abandoning module DeviceManager (157)
[2017.04.11-21.03.11:507][260]LogModuleManager: Shutting down and abandoning module AutomationController (156)
[2017.04.11-21.03.11:507][260]LogModuleManager: Shutting down and abandoning module AutomationWindow (155)
[2017.04.11-21.03.11:507][260]LogModuleManager: Shutting down and abandoning module Layers (154)
[2017.04.11-21.03.11:507][260]LogModuleManager: Shutting down and abandoning module ComponentVisualizers (153)
[2017.04.11-21.03.11:507][260]LogModuleManager: Shutting down and abandoning module DetailCustomizations (152)
[2017.04.11-21.03.11:507][260]LogModuleManager: Shutting down and abandoning module PackagesDialog (151)
[2017.04.11-21.03.11:507][260]LogModuleManager: Shutting down and abandoning module Persona (150)
[2017.04.11-21.03.11:507][260]LogModuleManager: Shutting down and abandoning module Kismet (149)
[2017.04.11-21.03.11:507][260]LogModuleManager: Shutting down and abandoning module GraphEditor (148)
[2017.04.11-21.03.11:507][260]LogModuleManager: Shutting down and abandoning module ClassViewer (147)
[2017.04.11-21.03.11:507][260]LogModuleManager: Shutting down and abandoning module Toolbox (146)
[2017.04.11-21.03.11:507][260]LogModuleManager: Shutting down and abandoning module ModuleUI (145)
[2017.04.11-21.03.11:507][260]LogModuleManager: Shutting down and abandoning module MovieSceneTools (144)
[2017.04.11-21.03.11:507][260]LogModuleManager: Shutting down and abandoning module OutputLog (143)
[2017.04.11-21.03.11:507][260]LogModuleManager: Shutting down and abandoning module GammaUI (142)
[2017.04.11-21.03.11:507][260]LogModuleManager: Shutting down and abandoning module Documentation (141)
[2017.04.11-21.03.11:507][260]LogModuleManager: Shutting down and abandoning module StreamingPauseRendering (140)
[2017.04.11-21.03.11:507][260]LogModuleManager: Shutting down and abandoning module AnalyticsET (139)
[2017.04.11-21.03.11:507][260]LogModuleManager: Shutting down and abandoning module Analytics (138)
[2017.04.11-21.03.11:508][260]LogModuleManager: Shutting down and abandoning module PortalServices (137)
[2017.04.11-21.03.11:508][260]LogModuleManager: Shutting down and abandoning module PortalRpc (136)
[2017.04.11-21.03.11:508][260]LogModuleManager: Shutting down and abandoning module MessagingRpc (135)
[2017.04.11-21.03.11:508][260]LogModuleManager: Shutting down and abandoning module GameplayDebugger (134)
[2017.04.11-21.03.11:508][260]LogModuleManager: Shutting down and abandoning module AITestSuite (133)
[2017.04.11-21.03.11:508][260]LogModuleManager: Shutting down and abandoning module AIModule (132)
[2017.04.11-21.03.11:508][260]LogModuleManager: Shutting down and abandoning module ProfilerService (131)
[2017.04.11-21.03.11:618][260]LogModuleManager: Shutting down and abandoning module TaskGraph (130)
[2017.04.11-21.03.11:618][260]LogModuleManager: Shutting down and abandoning module SubstanceEditor (129)
[2017.04.11-21.03.11:618][260]LogModuleManager: Shutting down and abandoning module SlateRemote (128)
[2017.04.11-21.03.11:618][260]LogModuleManager: Shutting down and abandoning module SteamVRController (127)
[2017.04.11-21.03.11:618][260]LogModuleManager: Shutting down and abandoning module SteamVR (126)
[2017.04.11-21.03.11:618][260]LogModuleManager: Shutting down and abandoning module ProceduralMeshComponent (125)
[2017.04.11-21.03.11:618][260]LogModuleManager: Shutting down and abandoning module OculusLibrary (124)
[2017.04.11-21.03.11:618][260]LogModuleManager: Shutting down and abandoning module OculusInput (123)
[2017.04.11-21.03.11:618][260]LogModuleManager: Shutting down and abandoning module CustomMeshComponent (122)
[2017.04.11-21.03.11:619][260]LogModuleManager: Shutting down and abandoning module CableComponent (121)
[2017.04.11-21.03.11:619][260]LogModuleManager: Shutting down and abandoning module ArchVisCharacter (120)
[2017.04.11-21.03.11:619][260]LogModuleManager: Shutting down and abandoning module MediaPlayerEditor (119)
[2017.04.11-21.03.11:619][260]LogModuleManager: Shutting down and abandoning module HTML5Networking (118)
[2017.04.11-21.03.11:619][260]LogModuleManager: Shutting down and abandoning module SuperSearch (117)
[2017.04.11-21.03.11:619][260]LogModuleManager: Shutting down and abandoning module SuperSearchEditor (116)
[2017.04.11-21.03.11:619][260]LogModuleManager: Shutting down and abandoning module SpeedTreeImporter (115)
[2017.04.11-21.03.11:619][260]LogModuleManager: Shutting down and abandoning module PluginBrowser (114)
[2017.04.11-21.03.11:619][260]LogModuleManager: Shutting down and abandoning module EpicSurvey (113)
[2017.04.11-21.03.11:619][260]LogModuleManager: Shutting down and abandoning module DesktopPlatform (112)
[2017.04.11-21.03.11:619][260]LogModuleManager: Shutting down and abandoning module VisualStudioSourceCodeAccess (111)
[2017.04.11-21.03.11:619][260]LogModuleManager: Shutting down and abandoning module UObjectPlugin (110)
[2017.04.11-21.03.11:619][260]LogModuleManager: Shutting down and abandoning module SubversionSourceControl (109)
[2017.04.11-21.03.11:619][260]LogModuleManager: Shutting down and abandoning module PerforceSourceControl (108)
[2017.04.11-21.03.11:619][260]LogModuleManager: Shutting down and abandoning module SourceControl (107)
[2017.04.11-21.03.11:619][260]LogModuleManager: Shutting down and abandoning module GitSourceControl (106)
[2017.04.11-21.03.11:619][260]LogModuleManager: Shutting down and abandoning module LightPropagationVolumeEditor (105)
[2017.04.11-21.03.11:619][260]LogModuleManager: Shutting down and abandoning module PaperTiledImporter (104)
[2017.04.11-21.03.11:619][260]LogModuleManager: Shutting down and abandoning module PaperSpriteSheetImporter (103)
[2017.04.11-21.03.11:619][260]LogModuleManager: Shutting down and abandoning module MeshPaint (102)
[2017.04.11-21.03.11:619][260]LogModuleManager: Shutting down and abandoning module PixelInspectorModule (101)
[2017.04.11-21.03.11:619][260]LogModuleManager: Shutting down and abandoning module HotReload (100)
[2017.04.11-21.03.11:620][260]LogModuleManager: Shutting down and abandoning module MainFrame (99)
[2017.04.11-21.03.11:620][260]LogModuleManager: Shutting down and abandoning module LevelEditor (98)
[2017.04.11-21.03.11:621][260]LogModuleManager: Shutting down and abandoning module ContentBrowser (97)
[2017.04.11-21.03.11:624][260]LogModuleManager: Shutting down and abandoning module Paper2DEditor (96)
[2017.04.11-21.03.11:624][260]LogModuleManager: Shutting down and abandoning module UdpMessaging (95)
[2017.04.11-21.03.11:725][260]LogModuleManager: Shutting down and abandoning module SubstanceCore (94)
[2017.04.11-21.03.11:725][260]LogModuleManager: Shutting down and abandoning module LightPropagationVolumeRuntime (93)
[2017.04.11-21.03.11:725][260]LogModuleManager: Shutting down and abandoning module Paper2D (92)
[2017.04.11-21.03.11:725][260]LogModuleManager: Shutting down and abandoning module WindowsMoviePlayer (91)
[2017.04.11-21.03.11:725][260]LogModuleManager: Shutting down and abandoning module Media (90)
[2017.04.11-21.03.11:725][260]LogModuleManager: Shutting down and abandoning module WmfMedia (89)
[2017.04.11-21.03.11:725][260]LogModuleManager: Shutting down and abandoning module MediaAssets (88)
[2017.04.11-21.03.11:726][260]LogModuleManager: Shutting down and abandoning module GameLiveStreaming (87)
[2017.04.11-21.03.11:726][260]LogModuleManager: Shutting down and abandoning module GameplayTagsEditor (86)
[2017.04.11-21.03.11:726][260]LogModuleManager: Shutting down and abandoning module OnlineBlueprintSupport (85)
[2017.04.11-21.03.11:726][260]LogModuleManager: Shutting down and abandoning module VREditor (84)
[2017.04.11-21.03.11:726][260]LogModuleManager: Shutting down and abandoning module GameplayTasksEditor (83)
[2017.04.11-21.03.11:726][260]LogModuleManager: Shutting down and abandoning module PropertyEditor (82)
[2017.04.11-21.03.11:726][260]LogModuleManager: Shutting down and abandoning module BehaviorTreeEditor (81)
[2017.04.11-21.03.11:726][260]LogModuleManager: Shutting down and abandoning module FunctionalTesting (80)
[2017.04.11-21.03.11:726][260]LogModuleManager: Shutting down and abandoning module CollisionAnalyzer (79)
[2017.04.11-21.03.11:726][260]LogModuleManager: Shutting down and abandoning module Sequencer (78)
[2017.04.11-21.03.11:726][260]LogModuleManager: Shutting down and abandoning module WorkspaceMenuStructure (77)
[2017.04.11-21.03.11:726][260]LogModuleManager: Shutting down and abandoning module MessageLog (76)
[2017.04.11-21.03.11:726][260]LogModuleManager: Shutting down and abandoning module AssetTools (75)
[2017.04.11-21.03.11:726][260]LogModuleManager: Shutting down and abandoning module UMGEditor (74)
[2017.04.11-21.03.11:726][260]LogModuleManager: Shutting down and abandoning module UMG (73)
[2017.04.11-21.03.11:726][260]LogModuleManager: Shutting down and abandoning module SlateReflector (72)
[2017.04.11-21.03.11:726][260]LogModuleManager: Shutting down and abandoning module Slate (71)
[2017.04.11-21.03.11:726][260]LogModuleManager: Shutting down and abandoning module EditorStyle (70)
[2017.04.11-21.03.11:730][260]LogModuleManager: Shutting down and abandoning module SourceCodeAccess (69)
[2017.04.11-21.03.11:730][260]LogModuleManager: Shutting down and abandoning module HeadMountedDisplay (68)
[2017.04.11-21.03.11:730][260]LogModuleManager: Shutting down and abandoning module XAudio2 (67)
[2017.04.11-21.03.11:730][260]LogModuleManager: Shutting down and abandoning module Networking (65)
[2017.04.11-21.03.11:731][260]LogModuleManager: Shutting down and abandoning module Core (64)
[2017.04.11-21.03.11:731][260]LogModuleManager: Shutting down and abandoning module DirectoryWatcher (63)
[2017.04.11-21.03.11:736][260]LogModuleManager: Shutting down and abandoning module AssetRegistry (62)
[2017.04.11-21.03.11:836][260]LogModuleManager: Shutting down and abandoning module KismetCompiler (61)
[2017.04.11-21.03.11:836][260]LogModuleManager: Shutting down and abandoning module PhysXFormats (60)
[2017.04.11-21.03.11:836][260]LogModuleManager: Shutting down and abandoning module MeshUtilities (59)
[2017.04.11-21.03.11:836][260]LogModuleManager: Shutting down and abandoning module DerivedDataCache (58)
[2017.04.11-21.03.11:892][260]LogDerivedDataCache: Shutdown
[2017.04.11-21.03.11:892][260]LogModuleManager: Shutting down and abandoning module VulkanShaderFormat (57)
[2017.04.11-21.03.11:892][260]LogModuleManager: Shutting down and abandoning module ShaderFormatOpenGL (56)
[2017.04.11-21.03.11:892][260]LogModuleManager: Shutting down and abandoning module ShaderFormatD3D (55)
[2017.04.11-21.03.11:892][260]LogModuleManager: Shutting down and abandoning module MetalShaderFormat (54)
[2017.04.11-21.03.11:892][260]LogModuleManager: Shutting down and abandoning module TextureFormatUncompressed (53)
[2017.04.11-21.03.11:892][260]LogModuleManager: Shutting down and abandoning module TextureFormatPVR (52)
[2017.04.11-21.03.11:892][260]LogModuleManager: Shutting down and abandoning module TextureFormatIntelISPCTexComp (51)
[2017.04.11-21.03.11:892][260]LogModuleManager: Shutting down and abandoning module TextureFormatDXT (50)
[2017.04.11-21.03.11:892][260]LogModuleManager: Shutting down and abandoning module ImageWrapper (49)
[2017.04.11-21.03.11:892][260]LogModuleManager: Shutting down and abandoning module TextureFormatASTC (48)
[2017.04.11-21.03.11:892][260]LogModuleManager: Shutting down and abandoning module TextureFormatAndroid (47)
[2017.04.11-21.03.11:892][260]LogModuleManager: Shutting down and abandoning module AudioFormatOpus (46)
[2017.04.11-21.03.11:892][260]LogModuleManager: Shutting down and abandoning module AudioFormatOgg (45)
[2017.04.11-21.03.11:893][260]LogModuleManager: Shutting down and abandoning module AudioFormatADPCM (44)
[2017.04.11-21.03.11:893][260]LogModuleManager: Shutting down and abandoning module LinuxTargetPlatform (43)
[2017.04.11-21.03.11:893][260]LogModuleManager: Shutting down and abandoning module LinuxServerTargetPlatform (42)
[2017.04.11-21.03.11:893][260]LogModuleManager: Shutting down and abandoning module LinuxNoEditorTargetPlatform (41)
[2017.04.11-21.03.11:893][260]LogModuleManager: Shutting down and abandoning module TVOSTargetPlatform (40)
[2017.04.11-21.03.11:893][260]LogModuleManager: Shutting down and abandoning module Messaging (39)
[2017.04.11-21.03.11:893][260]LogModuleManager: Shutting down and abandoning module IOSTargetPlatform (38)
[2017.04.11-21.03.11:893][260]LogModuleManager: Shutting down and abandoning module HTML5TargetPlatform (37)
[2017.04.11-21.03.11:893][260]LogModuleManager: Shutting down and abandoning module Android_PVRTCTargetPlatform (36)
[2017.04.11-21.03.11:893][260]LogModuleManager: Shutting down and abandoning module Android_MultiTargetPlatform (35)
[2017.04.11-21.03.11:893][260]LogModuleManager: Shutting down and abandoning module Android_ETC2TargetPlatform (34)
[2017.04.11-21.03.11:893][260]LogModuleManager: Shutting down and abandoning module Android_ETC1TargetPlatform (33)
[2017.04.11-21.03.11:893][260]LogModuleManager: Shutting down and abandoning module Android_DXTTargetPlatform (32)
[2017.04.11-21.03.11:893][260]LogModuleManager: Shutting down and abandoning module Android_ATCTargetPlatform (31)
[2017.04.11-21.03.11:893][260]LogModuleManager: Shutting down and abandoning module Android_ASTCTargetPlatform (30)
[2017.04.11-21.03.11:893][260]LogModuleManager: Shutting down and abandoning module AndroidTargetPlatform (29)
[2017.04.11-21.03.11:893][260]LogModuleManager: Shutting down and abandoning module WindowsTargetPlatform (28)
[2017.04.11-21.03.11:893][260]LogModuleManager: Shutting down and abandoning module WindowsServerTargetPlatform (27)
[2017.04.11-21.03.11:893][260]LogModuleManager: Shutting down and abandoning module WindowsNoEditorTargetPlatform (26)
[2017.04.11-21.03.11:893][260]LogModuleManager: Shutting down and abandoning module WindowsClientTargetPlatform (25)
[2017.04.11-21.03.11:893][260]LogModuleManager: Shutting down and abandoning module AllDesktopTargetPlatform (24)
[2017.04.11-21.03.11:893][260]LogModuleManager: Shutting down and abandoning module TargetPlatform (23)
[2017.04.11-21.03.11:893][260]LogModuleManager: Shutting down and abandoning module InputCore (22)
[2017.04.11-21.03.11:893][260]LogModuleManager: Shutting down and abandoning module Settings (21)
[2017.04.11-21.03.11:893][260]LogModuleManager: Shutting down and abandoning module OnlineSubsystem (19)
[2017.04.11-21.03.11:893][260]LogModuleManager: Shutting down and abandoning module HTTP (18)
[2017.04.11-21.03.15:905][260]LogModuleManager: Shutting down and abandoning module XMPP (17)
[2017.04.11-21.03.15:905][260]LogModuleManager: Shutting down and abandoning module OculusRift (16)
[2017.04.11-21.03.15:905][260]LogModuleManager: Shutting down and abandoning module ExampleDeviceProfileSelector (15)
[2017.04.11-21.03.15:905][260]LogModuleManager: Shutting down and abandoning module TextureCompressor (14)
[2017.04.11-21.03.15:906][260]LogModuleManager: Shutting down and abandoning module ShaderCore (13)
[2017.04.11-21.03.15:906][260]LogModuleManager: Shutting down and abandoning module Landscape (12)
[2017.04.11-21.03.15:906][260]LogModuleManager: Shutting down and abandoning module SlateRHIRenderer (11)
[2017.04.11-21.03.15:918][260]LogModuleManager: Shutting down and abandoning module OpenGLDrv (10)
[2017.04.11-21.03.15:918][260]LogModuleManager: Shutting down and abandoning module D3D11RHI (9)
[2017.04.11-21.03.15:918][260]LogModuleManager: Shutting down and abandoning module AnimGraphRuntime (8)
[2017.04.11-21.03.15:918][260]LogModuleManager: Shutting down and abandoning module Renderer (7)
[2017.04.11-21.03.15:918][260]LogModuleManager: Shutting down and abandoning module Engine (6)
[2017.04.11-21.03.15:918][260]LogModuleManager: Shutting down and abandoning module CoreUObject (5)
[2017.04.11-21.03.15:918][260]LogModuleManager: Shutting down and abandoning module NetworkFile (4)
[2017.04.11-21.03.15:918][260]LogModuleManager: Shutting down and abandoning module StreamingFile (3)
[2017.04.11-21.03.15:918][260]LogModuleManager: Shutting down and abandoning module SandboxFile (2)
[2017.04.11-21.03.15:918][260]LogModuleManager: Shutting down and abandoning module PakFile (1)
[2017.04.11-21.03.15:921][260]LogExit: Exiting.
[2017.04.11-21.03.15:926][260]Log file closed, 04/11/17 17:03:15
