Log file open, 03/28/17 18:44:30
LogInit:Display: Running engine for game: SoulStriker
LogPlatformFile: Not using cached read wrapper
LogInit:Display: RandInit(2064681857) SRandInit(2064681858).
LogTaskGraph: Started task graph with 4 named threads and 7 total threads with 1 sets of task threads.
LogStats: Stats thread started at 0.120308
LogInit: Version: 4.12.5-3039270+++UE4+Release-4.12
LogInit: API Version: 2992821
LogInit: Net Version: 3039270
LogDevObjectVersion: Number of dev versions registered: 13
LogDevObjectVersion:   Dev-Blueprints (B0D832E4-1F89-4F0D-ACCF-7EB736FD4AA2): 3
LogDevObjectVersion:   Dev-Build (E1C64328-A22C-4D53-A36C-8E866417BD8C): 0
LogDevObjectVersion:   Dev-Core (375EC13C-06E4-48FB-B500-84F0262A717E): 1
LogDevObjectVersion:   Dev-Editor (E4B068ED-F494-42E9-A231-DA0B2E46BB41): 2
LogDevObjectVersion:   Dev-Framework (CFFC743F-43B0-4480-9391-14DF171D2073): 6
LogDevObjectVersion:   Dev-Mobile (B02B49B5-BB20-44E9-A304-32B752E40360): 0
LogDevObjectVersion:   Dev-Networking (A4E4105C-59A1-49B5-A7C5-40C4547EDFEE): 0
LogDevObjectVersion:   Dev-Online (39C831C9-5AE6-47DC-9A44-9C173E1C8E7C): 0
LogDevObjectVersion:   Dev-Physics (78F01B33-EBEA-4F98-B9B4-84EACCB95AA2): 0
LogDevObjectVersion:   Dev-Platform (6631380F-2D4D-43E0-8009-CF276956A95A): 0
LogDevObjectVersion:   Dev-Rendering (12F88B9F-8875-4AFC-A67C-D90C383ABD29): 2
LogDevObjectVersion:   Dev-Sequencer (7B5AE74C-D270-4C10-A958-57980B212A5A): 0
LogDevObjectVersion:   Dev-VR (D7296918-1DD6-4BDD-9DE2-64A83CC13884): 0
LogInit: Compiled (64-bit): Jul  6 2016 09:09:46
LogInit: Compiled with Visual C++: 19.00.23026.00
LogInit: Build Configuration: Development
LogInit: Branch Name: ++UE4+Release-4.12
LogInit: Command line:  
LogInit: Base directory: G:/Program Files (x86)/Epic Games/4.12/Engine/Binaries/Win64/
LogInit: Installed Engine Build: 1
LogInit: Using libcurl 7.41.0
LogInit:  - built for x86_64-pc-win32
LogInit:  - supports SSL with WinSSL
LogInit:  - other features:
LogInit:      CURL_VERSION_SSL
LogInit:      CURL_VERSION_IPV6
LogInit:      CURL_VERSION_ASYNCHDNS
LogInit:      CURL_VERSION_LARGEFILE
LogInit:      CURL_VERSION_IDN
LogInit:  CurlRequestOptions (configurable via config and command line):
LogInit:  - bVerifyPeer = true  - Libcurl will verify peer certificate
LogInit:  - bUseHttpProxy = false  - Libcurl will NOT use HTTP proxy
LogInit:  - bDontReuseConnections = false  - Libcurl will reuse connections
LogInit:  - CertBundlePath = nullptr  - Libcurl will use whatever was configured at build time.
LogInit: Presizing for max 8388607 objects, including 0 objects not considered by GC, pre-allocating 0 bytes for permanent pool.
LogInit: Object subsystem initialized
[2017.03.28-22.44.31:088][  0]LogInit: Selected Device Profile: [Windows]
[2017.03.28-22.44.31:088][  0]LogInit: Applying CVar settings loaded from the selected device profile: [Windows]
[2017.03.28-22.44.31:095][  0]LogInit: Computer: DEREK-DESKTOP
[2017.03.28-22.44.31:095][  0]LogInit: User: Derek
[2017.03.28-22.44.31:095][  0]LogInit: CPU Page size=65536, Cores=4
[2017.03.28-22.44.31:095][  0]LogInit: High frequency timer resolution =3.415992 MHz
[2017.03.28-22.44.31:095][  0]LogMemory: Memory total: Physical=15.9GB (16GB approx)
[2017.03.28-22.44.31:095][  0]LogMemory: Platform Memory Stats for Windows
[2017.03.28-22.44.31:095][  0]LogMemory: Process Physical Memory: 192.58 MB used, 192.58 MB peak
[2017.03.28-22.44.31:095][  0]LogMemory: Process Virtual Memory: 195.04 MB used, 195.04 MB peak
[2017.03.28-22.44.31:095][  0]LogMemory: Physical Memory: 8406.92 MB used, 16321.41 MB total
[2017.03.28-22.44.31:095][  0]LogMemory: Virtual Memory: 552.91 MB used, 134217728.00 MB total
[2017.03.28-22.44.31:141][  0]LogTextLocalizationManager: No specific translations for ('en-US') exist, so ('en') translations will be used.
[2017.03.28-22.44.31:545][  0]LogD3D11RHI: D3D11 adapters:
[2017.03.28-22.44.31:572][  0]LogD3D11RHI:    0. 'NVIDIA GeForce GTX 750 Ti' (Feature Level 11_0)
[2017.03.28-22.44.31:573][  0]LogD3D11RHI:       2016/0/8160 MB DedicatedVideo/DedicatedSystem/SharedSystem, Outputs:3, VendorId:0x10de
[2017.03.28-22.44.31:575][  0]LogD3D11RHI:    1. 'Microsoft Basic Render Driver' (Feature Level 11_0)
[2017.03.28-22.44.31:575][  0]LogD3D11RHI:       0/0/8160 MB DedicatedVideo/DedicatedSystem/SharedSystem, Outputs:0, VendorId:0x1414
[2017.03.28-22.44.31:575][  0]LogD3D11RHI: Chosen D3D11 Adapter: 0
[2017.03.28-22.44.31:589][  0]LogD3D11RHI: Creating new Direct3DDevice
[2017.03.28-22.44.31:589][  0]LogD3D11RHI:     GPU DeviceId: 0x1380 (for the marketing name, search the web for "GPU Device Id")
[2017.03.28-22.44.31:589][  0]LogWindows: EnumDisplayDevices:
[2017.03.28-22.44.31:589][  0]LogWindows:    0. 'NVIDIA GeForce GTX 750 Ti' (P:1 D:1)
[2017.03.28-22.44.31:590][  0]LogWindows:    1. 'NVIDIA GeForce GTX 750 Ti' (P:0 D:1)
[2017.03.28-22.44.31:590][  0]LogWindows:    2. 'NVIDIA GeForce GTX 750 Ti' (P:0 D:1)
[2017.03.28-22.44.31:590][  0]LogWindows:    3. 'Radmin Mirror Driver V3' (P:0 D:0)
[2017.03.28-22.44.31:590][  0]LogWindows: DebugString: GetVideoDriverDetailsInvalid PrimaryIsNotTheChoosenAdapter FoundDriverCount:3 
[2017.03.28-22.44.31:590][  0]LogD3D11RHI:     Adapter Name: NVIDIA GeForce GTX 750 Ti
[2017.03.28-22.44.31:590][  0]LogD3D11RHI:   Driver Version: 376.53 (internal:21.21.13.7653, unified:376.53)
[2017.03.28-22.44.31:590][  0]LogD3D11RHI:      Driver Date: 12-29-2016
[2017.03.28-22.44.31:590][  0]LogRHI: Texture pool is 1361 MB (70% of 1945 MB)
[2017.03.28-22.44.31:604][  0]LogD3D11RHI: Async texture creation enabled
[2017.03.28-22.44.31:613][  0]LogD3D11RHI: GPU Timing Frequency: 1000.000000 (Debug: 2 1)
[2017.03.28-22.44.31:614][  0]LogShaderCompilers: Guid format shader working directory is -26 characters bigger than the processId version (C:/Users/Derek/Documents/Unreal Projects/Soul-Striker-Main/Soul Striker/Intermediate/Shaders/WorkingDirectory/65988/).
[2017.03.28-22.44.31:614][  0]LogShaderCompilers: Cleaned the shader compiler working directory 'C:/Users/Derek/AppData/Local/Temp/UnrealShaderWorkingDir/820231354F4189F67C9AF1B1028EC91C/'.
[2017.03.28-22.44.31:614][  0]LogShaderCompilers:Display: Using Local Shader Compiler.
[2017.03.28-22.44.32:766][  0]LogTemp:Display: Loaded TP AllDesktopTargetPlatform
[2017.03.28-22.44.32:775][  0]LogTemp:Display: Loaded TP WindowsClientTargetPlatform
[2017.03.28-22.44.32:783][  0]LogTemp:Display: Loaded TP WindowsNoEditorTargetPlatform
[2017.03.28-22.44.32:792][  0]LogTemp:Display: Loaded TP WindowsServerTargetPlatform
[2017.03.28-22.44.32:800][  0]LogTemp:Display: Loaded TP WindowsTargetPlatform
[2017.03.28-22.44.32:808][  0]LogTemp:Display: Loaded TP AndroidTargetPlatform
[2017.03.28-22.44.32:815][  0]LogTemp:Display: Loaded TP Android_ASTCTargetPlatform
[2017.03.28-22.44.32:823][  0]LogTemp:Display: Loaded TP Android_ATCTargetPlatform
[2017.03.28-22.44.32:830][  0]LogTemp:Display: Loaded TP Android_DXTTargetPlatform
[2017.03.28-22.44.32:837][  0]LogTemp:Display: Loaded TP Android_ETC1TargetPlatform
[2017.03.28-22.44.32:848][  0]LogTemp:Display: Loaded TP Android_ETC2TargetPlatform
[2017.03.28-22.44.32:862][  0]LogTemp:Display: Loaded TP Android_MultiTargetPlatform
[2017.03.28-22.44.32:862][  0]LogTemp:Display: Loaded TP Android_PVRTCTargetPlatform
[2017.03.28-22.44.32:864][  0]LogTemp:Display: Loaded TP HTML5TargetPlatform
[2017.03.28-22.44.32:885][  0]LogTemp:Display: Loaded TP IOSTargetPlatform
[2017.03.28-22.44.32:891][  0]LogTemp:Display: Loaded TP TVOSTargetPlatform
[2017.03.28-22.44.32:898][  0]LogTemp:Display: Loaded TP LinuxNoEditorTargetPlatform
[2017.03.28-22.44.32:914][  0]LogTemp:Display: Loaded TP LinuxServerTargetPlatform
[2017.03.28-22.44.32:922][  0]LogTemp:Display: Loaded TP LinuxTargetPlatform
[2017.03.28-22.44.32:922][  0]LogTargetPlatformManager:Display: Building Assets For Windows
[2017.03.28-22.44.32:999][  0]LogDerivedDataCache:Display: Max Cache Size: 512 MB
[2017.03.28-22.44.33:059][  0]LogDerivedDataCache: Loaded boot cache 0.06s 48MB C:/Users/Derek/AppData/Local/UnrealEngine/4.12/DerivedDataCache/Boot.ddc.
[2017.03.28-22.44.33:059][  0]LogDerivedDataCache:Display: Loaded Boot cache: C:/Users/Derek/AppData/Local/UnrealEngine/4.12/DerivedDataCache/Boot.ddc
[2017.03.28-22.44.33:059][  0]LogDerivedDataCache: FDerivedDataBackendGraph:  Pak pak cache file C:/Users/Derek/Documents/Unreal Projects/Soul-Striker-Main/Soul Striker/DerivedDataCache/DDC.ddp not found, will not use a pak cache.
[2017.03.28-22.44.33:059][  0]LogDerivedDataCache: Unable to find inner node Pak for hierarchical cache Hierarchy.
[2017.03.28-22.44.33:059][  0]LogDerivedDataCache: FDerivedDataBackendGraph:  CompressedPak pak cache file C:/Users/Derek/Documents/Unreal Projects/Soul-Striker-Main/Soul Striker/DerivedDataCache/Compressed.ddp not found, will not use a pak cache.
[2017.03.28-22.44.33:059][  0]LogDerivedDataCache: Unable to find inner node CompressedPak for hierarchical cache Hierarchy.
[2017.03.28-22.44.33:074][  0]LogDerivedDataCache:Display: Pak cache opened for reading ../../../Engine/DerivedDataCache/Compressed.ddp.
[2017.03.28-22.44.33:086][  0]LogDerivedDataCache: Using Local data cache path C:/Users/Derek/AppData/Local/UnrealEngine/Common/DerivedDataCache: Writable
[2017.03.28-22.44.33:326][  0]LogInit: Selected Device Profile: [Windows]
[2017.03.28-22.44.33:326][  0]LogContentStreaming: Texture pool size is 0.00 MB
[2017.03.28-22.44.33:468][  0]LogMeshUtilities: No automatic mesh reduction module available
[2017.03.28-22.44.33:468][  0]LogMeshUtilities: No automatic mesh merging module available
[2017.03.28-22.44.33:468][  0]LogMeshUtilities: No distributed automatic mesh merging module available
[2017.03.28-22.44.33:698][  0]LogAssetRegistry: FAssetRegistry took 0.0213 seconds to start up
[2017.03.28-22.44.33:718][  0]LogPackageLocalizationCache: Processed 3 localized package path(s) for 2 prioritized culture(s) in 0.017715 seconds
[2017.03.28-22.44.33:724][  0]LogUObjectArray: 28739 objects as part of root set at end of initial load.
[2017.03.28-22.44.33:724][  0]LogUObjectAllocator: 5855632 out of 0 bytes used by permanent object pool.
[2017.03.28-22.44.33:724][  0]LogUObjectArray: CloseDisregardForGC: 0/0 objects in disregard for GC pool
[2017.03.28-22.44.33:730][  0]LogInit: WinSock: version 1.1 (2.2), MaxSocks=32767, MaxUdp=65467
[2017.03.28-22.44.33:955][  0]LogSlate: SlateFontCache - WITH_FREETYPE: 1, WITH_HARFBUZZ: 1
[2017.03.28-22.44.33:955][  0]LogSlate: SlateFontCache - WITH_FREETYPE: 1, WITH_HARFBUZZ: 1
[2017.03.28-22.44.34:542][  0]LogSubstanceCoreModule: Substance CPU Engine Loaded, Max Texture Size 2048
[2017.03.28-22.44.34:549][  0]LogUdpMessaging: Initializing bridge on interface 0.0.0.0:0 to multicast group 230.0.0.1:6666.
[2017.03.28-22.44.34:764][  0]SourceControl: Info Source control is disabled
[2017.03.28-22.44.34:765][  0]SourceControl: Info Source control is disabled
[2017.03.28-22.44.34:771][  0]SourceControl: Info Source control is disabled
[2017.03.28-22.44.34:777][  0]SourceControl: Info Source control is disabled
[2017.03.28-22.44.34:980][  0]LogEngine: Initializing Engine...
[2017.03.28-22.44.34:988][  0]LogHMD: SteamVR failed to initialize.  Err: 108
[2017.03.28-22.44.34:996][  0]LogHMD: SteamVR failed to initialize.  Err: 108
[2017.03.28-22.44.35:128][  0]LogAIModule: Creating AISystem for world NewWorld
[2017.03.28-22.44.35:152][  0]LogInit: XAudio2 using 'Speakers (Turtle Beach PX21 Headset)' : 2 channels at 48 kHz using 16 bits per sample (channel mask 0x3)
[2017.03.28-22.44.35:172][  0]LogInit: FAudioDevice initialized.
[2017.03.28-22.44.35:196][  0]LogDerivedDataCache: Saved boot cache 0.02s 48MB C:/Users/Derek/AppData/Local/UnrealEngine/4.12/DerivedDataCache/Boot.ddc.
[2017.03.28-22.44.35:202][  0]LogInit: Texture streaming: Enabled
[2017.03.28-22.44.35:252][  0]LogInit: Transaction tracking system initialized
[2017.03.28-22.44.35:279][  0]BlueprintLog: New page: Editor Load
[2017.03.28-22.44.35:372][  0]LocalizationService: Info Localization service is disabled
[2017.03.28-22.44.35:442][  0]LogConsoleResponse:Display: 
[2017.03.28-22.44.35:524][  0]LogCook:Display: Max memory allowance for cook 8192mb
[2017.03.28-22.44.35:524][  0]LogCook:Display: Mobile HDR setting 1
[2017.03.28-22.44.35:632][  0]LogFileCache: Scanning file cache for directory 'C:/Users/Derek/Documents/Unreal Projects/Soul-Striker-Main/Soul Striker/Content/' took 0.01s
[2017.03.28-22.44.35:632][  0]SourceControl: Info Source control is disabled
[2017.03.28-22.44.35:632][  0]Cmd: MAP LOAD FILE="C:/Users/Derek/Documents/Unreal Projects/Soul-Striker-Main/Soul Striker/Content/ThirdPersonBP/Maps/ThirdPersonExampleMap.umap" TEMPLATE=0 SHOWPROGRESS=1 FEATURELEVEL=3
[2017.03.28-22.44.35:633][  0]LightingResults: New page: Lighting Build
[2017.03.28-22.44.35:636][  0]MapCheck: New page: Map Check
[2017.03.28-22.44.35:636][  0]LightingResults: New page: Lighting Build
[2017.03.28-22.44.36:135][  0]LogBlueprint:Warning: [spiritOrbOG] CreatePinForVariable: 'marked' variable not found. Base class was probably changed.
[2017.03.28-22.44.36:135][  0]LogBlueprint:Warning: [spiritOrbOG] CreatePinForVariable: 'marked' variable not found. Base class was probably changed.
[2017.03.28-22.44.36:157][  0]LogBlueprint:Warning: Compiler Warning Could not find a variable named "marked" in 'AI_SimpleCharacter_C'.
Make sure 'AI_SimpleCharacter_C' has been compiled for  Set marked 
[2017.03.28-22.44.36:209][  0]LogBlueprint:Error: Compiler Error The property associated with  Marked  could not be found
[2017.03.28-22.44.36:244][  0]LogBlueprint:Warning: Compiler Warning [0005.88] Compile of spiritOrbOG failed. 1 Fatal Issue(s) 1 Warning(s) [in 91 ms] (/Game/bluePrints/spiritOrbOG.spiritOrbOG)
[2017.03.28-22.44.36:245][  0]LogBlueprint:Warning: Compiler Warning [0005.88] Compile of spiritOrbOG failed. 1 Fatal Issue(s) 2 Warning(s) [in 0 ms] (/Game/bluePrints/spiritOrbOG.spiritOrbOG)
[2017.03.28-22.44.36:245][  0]LogBlueprint:Warning: Compiler Warning [0005.88] Compile of spiritOrbOG failed. 1 Fatal Issue(s) 3 Warning(s) [in 0 ms] (/Game/bluePrints/spiritOrbOG.spiritOrbOG)
[2017.03.28-22.44.36:425][  0]LogBlueprint:Warning: [spiritOrbOG] CreatePinForVariable: 'marked' variable not found. Base class was probably changed.
[2017.03.28-22.44.36:425][  0]LogBlueprint:Warning: [spiritOrbOG] CreatePinForVariable: 'marked' variable not found. Base class was probably changed.
[2017.03.28-22.44.36:430][  0]LogBlueprint:Warning: Compiler Warning Could not find a variable named "marked" in 'AI_SimpleCharacter_C'.
Make sure 'AI_SimpleCharacter_C' has been compiled for  Set marked 
[2017.03.28-22.44.36:455][  0]LogBlueprint:Error: Compiler Error The property associated with  Marked  could not be found
[2017.03.28-22.44.36:493][  0]LogBlueprint:Warning: Compiler Warning [0006.13] Compile of spiritOrbOG failed. 1 Fatal Issue(s) 1 Warning(s) [in 65 ms] (/Game/bluePrints/spiritOrbOG.spiritOrbOG)
[2017.03.28-22.44.36:493][  0]LogBlueprint:Warning: Compiler Warning [0006.13] Compile of spiritOrbOG failed. 1 Fatal Issue(s) 2 Warning(s) [in 0 ms] (/Game/bluePrints/spiritOrbOG.spiritOrbOG)
[2017.03.28-22.44.36:494][  0]LogBlueprint:Warning: Compiler Warning [0006.13] Compile of spiritOrbOG failed. 1 Fatal Issue(s) 3 Warning(s) [in 0 ms] (/Game/bluePrints/spiritOrbOG.spiritOrbOG)
[2017.03.28-22.44.36:761][  0]LogBlueprint:Warning: Compiler Warning Node  Unknown  is not referencing a valid level actor
[2017.03.28-22.44.36:761][  0]LogBlueprint:Warning: Compiler Warning [0006.39] Compile of PersistentLevel.ThirdPersonExampleMap successful, but with 1 Warning(s) [in 1 ms] (/Game/ThirdPersonBP/Maps/ThirdPersonExampleMap.ThirdPersonExampleMap:PersistentLevel.ThirdPersonExampleMap)
[2017.03.28-22.44.36:761][  0]LogBlueprint:Warning: Compiler Warning [0006.39] Compile of PersistentLevel.ThirdPersonExampleMap successful, but with 2 Warning(s) [in 0 ms] (/Game/ThirdPersonBP/Maps/ThirdPersonExampleMap.ThirdPersonExampleMap:PersistentLevel.ThirdPersonExampleMap)
[2017.03.28-22.44.36:761][  0]LogBlueprint:Warning: Compiler Warning [0006.39] Compile of PersistentLevel.ThirdPersonExampleMap successful, but with 3 Warning(s) [in 0 ms] (/Game/ThirdPersonBP/Maps/ThirdPersonExampleMap.ThirdPersonExampleMap:PersistentLevel.ThirdPersonExampleMap)
[2017.03.28-22.44.36:764][  0]LogBlueprint:Warning: Compiler Warning Node  Unknown  is not referencing a valid level actor
[2017.03.28-22.44.36:764][  0]LogBlueprint:Warning: Compiler Warning [0006.40] Compile of PersistentLevel.ThirdPersonExampleMap successful, but with 1 Warning(s) [in 1 ms] (/Game/ThirdPersonBP/Maps/ThirdPersonExampleMap.ThirdPersonExampleMap:PersistentLevel.ThirdPersonExampleMap)
[2017.03.28-22.44.36:764][  0]LogBlueprint:Warning: Compiler Warning [0006.40] Compile of PersistentLevel.ThirdPersonExampleMap successful, but with 2 Warning(s) [in 0 ms] (/Game/ThirdPersonBP/Maps/ThirdPersonExampleMap.ThirdPersonExampleMap:PersistentLevel.ThirdPersonExampleMap)
[2017.03.28-22.44.36:764][  0]LogBlueprint:Warning: Compiler Warning [0006.40] Compile of PersistentLevel.ThirdPersonExampleMap successful, but with 3 Warning(s) [in 0 ms] (/Game/ThirdPersonBP/Maps/ThirdPersonExampleMap.ThirdPersonExampleMap:PersistentLevel.ThirdPersonExampleMap)
[2017.03.28-22.44.37:271][  0]LogAIModule: Creating AISystem for world ThirdPersonExampleMap
[2017.03.28-22.44.37:357][  0]LogEditorServer: Finished looking for orphan Actors (0.000 secs)
[2017.03.28-22.44.37:358][  0]Cmd: MAP CHECKDEP NOCLEARLOG
[2017.03.28-22.44.37:415][  0]MapCheck: Info Map check complete: 0 Error(s), 0 Warning(s), took 56.841ms to complete.
[2017.03.28-22.44.37:415][  0]LogFileHelpers: Loading map 'ThirdPersonExampleMap' took 1.783
[2017.03.28-22.44.37:661][  0]LogCollectionManager: Loaded 0 collections in 0.001475 seconds
[2017.03.28-22.44.37:704][  0]LogFileCache: Scanning file cache for directory 'C:/Users/Derek/Documents/Unreal Projects/Soul-Striker-Main/Soul Striker/Saved/Collections/' took 0.01s
[2017.03.28-22.44.37:704][  0]LogFileCache: Scanning file cache for directory 'C:/Users/Derek/Documents/Unreal Projects/Soul-Striker-Main/Soul Striker/Content/Developers/Derek/Collections/' took 0.01s
[2017.03.28-22.44.37:704][  0]LogFileCache: Scanning file cache for directory 'C:/Users/Derek/Documents/Unreal Projects/Soul-Striker-Main/Soul Striker/Content/Collections/' took 0.01s
[2017.03.28-22.44.37:704][  0]LogCollectionManager: Rebuilt the GUID cache for 0 collections in 0.000002 seconds
[2017.03.28-22.44.37:711][  0]LogContentBrowser: Native class hierarchy populated in 0.0071 seconds. Added 2062 classes and 375 folders.
[2017.03.28-22.44.37:714][  0]LogStats: UGameplayTagsManager::ConstructGameplayTagTree: Construct from data asset -  0.000 s
[2017.03.28-22.44.37:714][  0]LogStats: UGameplayTagsManager::ConstructGameplayTagTree: GameplayTagTreeChangedEvent.Broadcast -  0.000 s
[2017.03.28-22.44.37:714][  0]LogContentBrowser: Native class hierarchy updated for 'GameplayTags' in 0.0004 seconds. Added 12 classes and 0 folders.
[2017.03.28-22.44.37:718][  0]LogContentBrowser: Native class hierarchy updated for 'WidgetCarousel' in 0.0004 seconds. Added 0 classes and 0 folders.
[2017.03.28-22.44.37:758][  0]LogContentBrowser: Native class hierarchy updated for 'AddContentDialog' in 0.0004 seconds. Added 0 classes and 0 folders.
[2017.03.28-22.44.37:762][  0]LogContentBrowser: Native class hierarchy updated for 'SceneOutliner' in 0.0003 seconds. Added 1 classes and 2 folders.
[2017.03.28-22.44.37:878][  0]LogCrashTracker: Crashtracker disabled due to settings.
[2017.03.28-22.44.37:883][  0]LogUObjectGlobals:Warning: Failed to find object 'Class None.'
[2017.03.28-22.44.37:943][  0]LogContentBrowser: Native class hierarchy updated for 'HierarchicalLODOutliner' in 0.0004 seconds. Added 1 classes and 2 folders.
[2017.03.28-22.44.37:944][  0]LogLoad: Full Startup: 7.58 seconds (BP compile: 0.50 seconds)
[2017.03.28-22.44.37:944][  0]LogExternalProfiler: No external profilers were discovered.  External profiling features will not be available.
[2017.03.28-22.44.37:953][  0]LogWindowsTextInputMethodSystem:Display: IME system now deactivated.
[2017.03.28-22.44.37:953][  0]LogOcInput: OculusInput pre-init called
[2017.03.28-22.44.37:986][  0]LogContentStreaming: Texture pool size now 1000 MB
[2017.03.28-22.44.38:192][  0]LogRenderer: Reallocating scene render targets to support 1220x608 (Frame:2).
[2017.03.28-22.44.38:210][  1]LogFileCache: Retrieving MD5 hashes for directory 'C:/Users/Derek/Documents/Unreal Projects/Soul-Striker-Main/Soul Striker/Content/' took 0.24s
[2017.03.28-22.44.38:226][  1]LogAssetRegistry: Asset discovery search completed in 4.5495 seconds
[2017.03.28-22.44.38:226][  1]LogCollectionManager: Rebuilt the object cache for 0 collections in 0.000001 seconds (found 0 objects)
[2017.03.28-22.44.38:226][  1]LogCollectionManager: Fixed up redirectors for 0 collections in 0.000020 seconds (updated 0 objects)
[2017.03.28-22.44.38:295][  3]LogTexture:Display: Building textures: BadBlueprintSprite (BGRA8)
[2017.03.28-22.44.41:824][365]LogBlueprintUserMessages: Early PlayInEditor Detection: Level '/Game/ThirdPersonBP/Maps/ThirdPersonExampleMap.ThirdPersonExampleMap:PersistentLevel' has LevelScriptBlueprint '/Game/ThirdPersonBP/Maps/ThirdPersonExampleMap.ThirdPersonExampleMap:PersistentLevel.ThirdPersonExampleMap' with GeneratedClass '/Game/ThirdPersonBP/Maps/ThirdPersonExampleMap.ThirdPersonExampleMap_C' with ClassGeneratedBy '/Game/ThirdPersonBP/Maps/ThirdPersonExampleMap.ThirdPersonExampleMap:PersistentLevel.ThirdPersonExampleMap'
[2017.03.28-22.44.41:824][365]LogPlayLevel: PlayLevel: No blueprints needed recompiling
[2017.03.28-22.44.52:382][662]LogContentBrowser: Native class hierarchy updated for 'BlueprintGraph' in 0.0008 seconds. Added 111 classes and 0 folders.
[2017.03.28-22.45.03:956][215]BlueprintLog: New page: Compile AI_Slime
[2017.03.28-22.45.04:350][215]BlueprintEditorCompileResults: Info [0033.98] Compile of AI_Slime successful! [in 393 ms] (/Game/bluePrints/AI_Slime/AI_Slime.AI_Slime)
[2017.03.28-22.45.04:883][239]Cmd: OBJ SAVEPACKAGE PACKAGE="/Game/bluePrints/AI_Slime/AI_Slime" FILE="C:/Users/Derek/Documents/Unreal Projects/Soul-Striker-Main/Soul Striker/Content/bluePrints/AI_Slime/AI_Slime.uasset" SILENT=true
[2017.03.28-22.45.05:020][239]LogSavePackage: Save=102.75ms
[2017.03.28-22.45.05:020][239]LogSavePackage: Moving 'C:/Users/Derek/Documents/Unreal Projects/Soul-Striker-Main/Soul Striker/Saved/AI_Slime0C04596D40F6A8FF8BB4FE833B14A893.tmp' to 'C:/Users/Derek/Documents/Unreal Projects/Soul-Striker-Main/Soul Striker/Content/bluePrints/AI_Slime/AI_Slime.uasset'
[2017.03.28-22.45.05:022][239]LogSavePackage:Display: Finished SavePackage C:/Users/Derek/Documents/Unreal Projects/Soul-Striker-Main/Soul Striker/Content/bluePrints/AI_Slime/AI_Slime.uasset
[2017.03.28-22.45.06:903][389]LogBlueprintUserMessages: Early PlayInEditor Detection: Level '/Game/ThirdPersonBP/Maps/ThirdPersonExampleMap.ThirdPersonExampleMap:PersistentLevel' has LevelScriptBlueprint '/Game/ThirdPersonBP/Maps/ThirdPersonExampleMap.ThirdPersonExampleMap:PersistentLevel.ThirdPersonExampleMap' with GeneratedClass '/Game/ThirdPersonBP/Maps/ThirdPersonExampleMap.ThirdPersonExampleMap_C' with ClassGeneratedBy '/Game/ThirdPersonBP/Maps/ThirdPersonExampleMap.ThirdPersonExampleMap:PersistentLevel.ThirdPersonExampleMap'
[2017.03.28-22.45.06:903][389]LogPlayLevel: PlayLevel: No blueprints needed recompiling
[2017.03.28-22.45.21:565][907]BlueprintLog: New page: Compile spiritOrbOG
[2017.03.28-22.45.21:691][907]LogBlueprint:Warning: Compiler Warning Could not find a variable named "marked" in 'AI_SimpleCharacter_C'.
Make sure 'AI_SimpleCharacter_C' has been compiled for  Set marked 
[2017.03.28-22.45.21:714][907]LogBlueprint:Error: Compiler Error The property associated with  Marked  could not be found
[2017.03.28-22.45.21:942][907]LogBlueprint:Warning: Compiler Warning [0051.57] Compile of spiritOrbOG failed. 1 Fatal Issue(s) 1 Warning(s) [in 377 ms] (/Game/bluePrints/spiritOrbOG.spiritOrbOG)
[2017.03.28-22.45.21:942][907]BlueprintEditorCompileResults:Warning: Warning Could not find a variable named "marked" in 'AI_SimpleCharacter_C'.
Make sure 'AI_SimpleCharacter_C' has been compiled for  Set marked 
[2017.03.28-22.45.21:942][907]BlueprintEditorCompileResults:Error: Error The property associated with  Marked  could not be found
[2017.03.28-22.45.21:942][907]BlueprintEditorCompileResults:Warning: Warning [0051.57] Compile of spiritOrbOG failed. 1 Fatal Issue(s) 1 Warning(s) [in 377 ms] (/Game/bluePrints/spiritOrbOG.spiritOrbOG)
[2017.03.28-22.45.34:477][553]LogRenderer: Reallocating scene render targets to support 1220x696 (Frame:3208).
[2017.03.28-22.45.41:128][  7]BlueprintLog: New page: Compile spiritOrbOG
[2017.03.28-22.45.41:251][  7]LogBlueprint:Warning: Compiler Warning Could not find a variable named "marked" in 'AI_SimpleCharacter_C'.
Make sure 'AI_SimpleCharacter_C' has been compiled for  Set marked 
[2017.03.28-22.45.41:277][  7]LogBlueprint:Error: Compiler Error The property associated with  Marked  could not be found
[2017.03.28-22.45.41:487][  7]LogBlueprint:Warning: Compiler Warning [0071.12] Compile of spiritOrbOG failed. 1 Fatal Issue(s) 1 Warning(s) [in 359 ms] (/Game/bluePrints/spiritOrbOG.spiritOrbOG)
[2017.03.28-22.45.41:487][  7]BlueprintEditorCompileResults:Warning: Warning Could not find a variable named "marked" in 'AI_SimpleCharacter_C'.
Make sure 'AI_SimpleCharacter_C' has been compiled for  Set marked 
[2017.03.28-22.45.41:487][  7]BlueprintEditorCompileResults:Error: Error The property associated with  Marked  could not be found
[2017.03.28-22.45.41:487][  7]BlueprintEditorCompileResults:Warning: Warning [0071.12] Compile of spiritOrbOG failed. 1 Fatal Issue(s) 1 Warning(s) [in 359 ms] (/Game/bluePrints/spiritOrbOG.spiritOrbOG)
[2017.03.28-22.45.55:954][118]LogAIModule: Creating AISystem for world TestLevel
[2017.03.28-22.45.56:024][118]Cmd: MAP LOAD FILE="C:/Users/Derek/Documents/Unreal Projects/Soul-Striker-Main/Soul Striker/Content/Maps/TestLevel.umap" TEMPLATE=0 SHOWPROGRESS=1 FEATURELEVEL=3
[2017.03.28-22.45.56:024][118]LightingResults: New page: Lighting Build
[2017.03.28-22.45.56:024][118]LoadErrors: New page: Loading map: TestLevel.umap
[2017.03.28-22.45.56:027][118]MapCheck: New page: Map Check
[2017.03.28-22.45.56:027][118]LightingResults: New page: Lighting Build
[2017.03.28-22.45.56:161][118]LogEditorServer: Finished looking for orphan Actors (0.000 secs)
[2017.03.28-22.45.56:198][118]Cmd: MAP CHECKDEP NOCLEARLOG
[2017.03.28-22.45.56:253][118]MapCheck: Info Map check complete: 0 Error(s), 0 Warning(s), took 55.195ms to complete.
[2017.03.28-22.45.56:253][118]LogFileHelpers: Loading map 'TestLevel' took 0.237
[2017.03.28-22.45.57:475][239]LogBlueprintUserMessages: Early PlayInEditor Detection: Level '/Game/Maps/TestLevel.TestLevel:PersistentLevel' has LevelScriptBlueprint '/Game/Maps/TestLevel.TestLevel:PersistentLevel.TestLevel' with GeneratedClass '/Game/Maps/TestLevel.TestLevel_C' with ClassGeneratedBy '/Game/Maps/TestLevel.TestLevel:PersistentLevel.TestLevel'
[2017.03.28-22.45.57:475][239]LogPlayLevel: PlayLevel: No blueprints needed recompiling
[2017.03.28-22.47.11:629][808]LogWindowsTextInputMethodSystem:Display: IME system now deactivated.
[2017.03.28-22.47.11:867][809]Cmd: QUIT_EDITOR
[2017.03.28-22.47.11:932][809]LogExit: Preparing to exit.
[2017.03.28-22.47.12:688][809]LogExit: Editor shut down
[2017.03.28-22.47.12:688][809]LogExit: Transaction tracking system shut down
[2017.03.28-22.47.12:858][809]LogObj: Freed 0b from 0 cluster array pools.
[2017.03.28-22.47.12:858][809]LogExit: Object subsystem successfully closed.
[2017.03.28-22.47.12:879][809]LogD3D11RHI: Shutdown
[2017.03.28-22.47.12:879][809]LogD3D11RHI: CleanupD3DDevice
[2017.03.28-22.47.12:978][809]LogD3D11RHI: ~FD3D11DynamicRHI
[2017.03.28-22.47.12:993][809]LogModuleManager: Shutting down and abandoning module BlueprintGraph (216)
[2017.03.28-22.47.12:993][809]LogModuleManager: Shutting down and abandoning module HierarchicalLODOutliner (215)
[2017.03.28-22.47.12:993][809]LogModuleManager: Shutting down and abandoning module CrashTracker (214)
[2017.03.28-22.47.12:993][809]LogModuleManager: Shutting down and abandoning module SceneOutliner (213)
[2017.03.28-22.47.12:993][809]LogModuleManager: Shutting down and abandoning module WidgetCarousel (212)
[2017.03.28-22.47.12:994][809]LogModuleManager: Shutting down and abandoning module AddContentDialog (211)
[2017.03.28-22.47.13:009][809]LogModuleManager: Shutting down and abandoning module GameplayTags (210)
[2017.03.28-22.47.13:009][809]LogModuleManager: Shutting down and abandoning module EditorWidgets (209)
[2017.03.28-22.47.13:009][809]LogModuleManager: Shutting down and abandoning module CollectionManager (208)
[2017.03.28-22.47.13:009][809]LogModuleManager: Shutting down and abandoning module StatsViewer (207)
[2017.03.28-22.47.13:009][809]LogModuleManager: Shutting down and abandoning module FoliageEdit (206)
[2017.03.28-22.47.13:009][809]LogModuleManager: Shutting down and abandoning module LandscapeEditor (205)
[2017.03.28-22.47.13:010][809]LogModuleManager: Shutting down and abandoning module SceneDepthPickerMode (204)
[2017.03.28-22.47.13:010][809]LogModuleManager: Shutting down and abandoning module ActorPickerMode (203)
[2017.03.28-22.47.13:010][809]LogModuleManager: Shutting down and abandoning module GeometryMode (202)
[2017.03.28-22.47.13:010][809]LogModuleManager: Shutting down and abandoning module TextureAlignMode (201)
[2017.03.28-22.47.13:010][809]LogModuleManager: Shutting down and abandoning module BspMode (200)
[2017.03.28-22.47.13:010][809]LogModuleManager: Shutting down and abandoning module HardwareSurvey (199)
[2017.03.28-22.47.13:010][809]LogModuleManager: Shutting down and abandoning module SequenceRecorderSections (198)
[2017.03.28-22.47.13:010][809]LogModuleManager: Shutting down and abandoning module SequenceRecorder (197)
[2017.03.28-22.47.13:010][809]LogModuleManager: Shutting down and abandoning module AutomationWorker (196)
[2017.03.28-22.47.13:010][809]LogModuleManager: Shutting down and abandoning module MatineeToLevelSequence (195)
[2017.03.28-22.47.13:010][809]LogModuleManager: Shutting down and abandoning module PlacementMode (194)
[2017.03.28-22.47.13:010][809]LogModuleManager: Shutting down and abandoning module LevelSequenceEditor (193)
[2017.03.28-22.47.13:010][809]LogModuleManager: Shutting down and abandoning module CharacterAI (192)
[2017.03.28-22.47.13:010][809]LogModuleManager: Shutting down and abandoning module SmartSnapping (191)
[2017.03.28-22.47.13:010][809]LogModuleManager: Shutting down and abandoning module SessionServices (190)
[2017.03.28-22.47.13:010][809]LogModuleManager: Shutting down and abandoning module ViewportSnapping (189)
[2017.03.28-22.47.13:010][809]LogModuleManager: Shutting down and abandoning module LogVisualizer (188)
[2017.03.28-22.47.13:010][809]LogModuleManager: Shutting down and abandoning module GameProjectGeneration (187)
[2017.03.28-22.47.13:010][809]LogModuleManager: Shutting down and abandoning module IntroTutorials (186)
[2017.03.28-22.47.13:010][809]LogModuleManager: Shutting down and abandoning module EditorLiveStreaming (185)
[2017.03.28-22.47.13:010][809]LogModuleManager: Shutting down and abandoning module IOSPlatformEditor (184)
[2017.03.28-22.47.13:010][809]LogModuleManager: Shutting down and abandoning module HTML5PlatformEditor (183)
[2017.03.28-22.47.13:010][809]LogModuleManager: Shutting down and abandoning module AndroidDeviceDetection (182)
[2017.03.28-22.47.13:470][809]LogModuleManager: Shutting down and abandoning module AndroidPlatformEditor (181)
[2017.03.28-22.47.13:470][809]LogModuleManager: Shutting down and abandoning module IOSRuntimeSettings (180)
[2017.03.28-22.47.13:470][809]LogModuleManager: Shutting down and abandoning module AndroidRuntimeSettings (179)
[2017.03.28-22.47.13:470][809]LogModuleManager: Shutting down and abandoning module MergeActors (178)
[2017.03.28-22.47.13:470][809]LogModuleManager: Shutting down and abandoning module SizeMap (177)
[2017.03.28-22.47.13:470][809]LogModuleManager: Shutting down and abandoning module TreeMap (176)
[2017.03.28-22.47.13:470][809]LogModuleManager: Shutting down and abandoning module ReferenceViewer (175)
[2017.03.28-22.47.13:470][809]LogModuleManager: Shutting down and abandoning module LocalizationService (174)
[2017.03.28-22.47.13:470][809]LogModuleManager: Shutting down and abandoning module LocalizationDashboard (173)
[2017.03.28-22.47.13:470][809]LogModuleManager: Shutting down and abandoning module HardwareTargeting (172)
[2017.03.28-22.47.13:470][809]LogModuleManager: Shutting down and abandoning module DeviceProfileEditor (171)
[2017.03.28-22.47.13:470][809]LogModuleManager: Shutting down and abandoning module UndoHistory (170)
[2017.03.28-22.47.13:470][809]LogModuleManager: Shutting down and abandoning module UserFeedback (169)
[2017.03.28-22.47.13:470][809]LogModuleManager: Shutting down and abandoning module XmlParser (168)
[2017.03.28-22.47.13:470][809]LogModuleManager: Shutting down and abandoning module Blutility (167)
[2017.03.28-22.47.13:470][809]LogModuleManager: Shutting down and abandoning module ProjectTargetPlatformEditor (166)
[2017.03.28-22.47.13:470][809]LogModuleManager: Shutting down and abandoning module ProjectSettingsViewer (165)
[2017.03.28-22.47.13:470][809]LogModuleManager: Shutting down and abandoning module InputBindingEditor (164)
[2017.03.28-22.47.13:471][809]LogModuleManager: Shutting down and abandoning module EditorSettingsViewer (163)
[2017.03.28-22.47.13:471][809]LogModuleManager: Shutting down and abandoning module SettingsEditor (162)
[2017.03.28-22.47.13:471][809]LogModuleManager: Shutting down and abandoning module ProjectLauncher (161)
[2017.03.28-22.47.13:471][809]LogModuleManager: Shutting down and abandoning module SessionFrontend (160)
[2017.03.28-22.47.13:471][809]LogModuleManager: Shutting down and abandoning module ProfilerClient (159)
[2017.03.28-22.47.13:471][809]LogModuleManager: Shutting down and abandoning module TargetDeviceServices (158)
[2017.03.28-22.47.13:471][809]LogModuleManager: Shutting down and abandoning module DeviceManager (157)
[2017.03.28-22.47.13:524][809]LogModuleManager: Shutting down and abandoning module AutomationController (156)
[2017.03.28-22.47.13:525][809]LogModuleManager: Shutting down and abandoning module AutomationWindow (155)
[2017.03.28-22.47.13:525][809]LogModuleManager: Shutting down and abandoning module Layers (154)
[2017.03.28-22.47.13:525][809]LogModuleManager: Shutting down and abandoning module ComponentVisualizers (153)
[2017.03.28-22.47.13:525][809]LogModuleManager: Shutting down and abandoning module DetailCustomizations (152)
[2017.03.28-22.47.13:525][809]LogModuleManager: Shutting down and abandoning module PackagesDialog (151)
[2017.03.28-22.47.13:531][809]LogModuleManager: Shutting down and abandoning module Persona (150)
[2017.03.28-22.47.13:531][809]LogModuleManager: Shutting down and abandoning module Kismet (149)
[2017.03.28-22.47.13:531][809]LogModuleManager: Shutting down and abandoning module GraphEditor (148)
[2017.03.28-22.47.13:531][809]LogModuleManager: Shutting down and abandoning module ClassViewer (147)
[2017.03.28-22.47.13:531][809]LogModuleManager: Shutting down and abandoning module Toolbox (146)
[2017.03.28-22.47.13:531][809]LogModuleManager: Shutting down and abandoning module ModuleUI (145)
[2017.03.28-22.47.13:531][809]LogModuleManager: Shutting down and abandoning module MovieSceneTools (144)
[2017.03.28-22.47.13:531][809]LogModuleManager: Shutting down and abandoning module OutputLog (143)
[2017.03.28-22.47.13:531][809]LogModuleManager: Shutting down and abandoning module GammaUI (142)
[2017.03.28-22.47.13:531][809]LogModuleManager: Shutting down and abandoning module Documentation (141)
[2017.03.28-22.47.13:531][809]LogModuleManager: Shutting down and abandoning module StreamingPauseRendering (140)
[2017.03.28-22.47.13:531][809]LogModuleManager: Shutting down and abandoning module AnalyticsET (139)
[2017.03.28-22.47.13:531][809]LogModuleManager: Shutting down and abandoning module Analytics (138)
[2017.03.28-22.47.13:531][809]LogModuleManager: Shutting down and abandoning module PortalServices (137)
[2017.03.28-22.47.13:531][809]LogModuleManager: Shutting down and abandoning module PortalRpc (136)
[2017.03.28-22.47.13:531][809]LogModuleManager: Shutting down and abandoning module MessagingRpc (135)
[2017.03.28-22.47.13:531][809]LogModuleManager: Shutting down and abandoning module GameplayDebugger (134)
[2017.03.28-22.47.13:531][809]LogModuleManager: Shutting down and abandoning module AITestSuite (133)
[2017.03.28-22.47.13:531][809]LogModuleManager: Shutting down and abandoning module AIModule (132)
[2017.03.28-22.47.13:531][809]LogModuleManager: Shutting down and abandoning module ProfilerService (131)
[2017.03.28-22.47.13:737][809]LogModuleManager: Shutting down and abandoning module TaskGraph (130)
[2017.03.28-22.47.13:737][809]LogModuleManager: Shutting down and abandoning module SubstanceEditor (129)
[2017.03.28-22.47.13:737][809]LogModuleManager: Shutting down and abandoning module SlateRemote (128)
[2017.03.28-22.47.13:737][809]LogModuleManager: Shutting down and abandoning module SteamVRController (127)
[2017.03.28-22.47.13:737][809]LogModuleManager: Shutting down and abandoning module SteamVR (126)
[2017.03.28-22.47.13:737][809]LogModuleManager: Shutting down and abandoning module ProceduralMeshComponent (125)
[2017.03.28-22.47.13:737][809]LogModuleManager: Shutting down and abandoning module OculusLibrary (124)
[2017.03.28-22.47.13:737][809]LogModuleManager: Shutting down and abandoning module OculusInput (123)
[2017.03.28-22.47.13:737][809]LogModuleManager: Shutting down and abandoning module CustomMeshComponent (122)
[2017.03.28-22.47.13:737][809]LogModuleManager: Shutting down and abandoning module CableComponent (121)
[2017.03.28-22.47.13:737][809]LogModuleManager: Shutting down and abandoning module ArchVisCharacter (120)
[2017.03.28-22.47.13:737][809]LogModuleManager: Shutting down and abandoning module MediaPlayerEditor (119)
[2017.03.28-22.47.13:737][809]LogModuleManager: Shutting down and abandoning module HTML5Networking (118)
[2017.03.28-22.47.13:737][809]LogModuleManager: Shutting down and abandoning module SuperSearch (117)
[2017.03.28-22.47.13:737][809]LogModuleManager: Shutting down and abandoning module SuperSearchEditor (116)
[2017.03.28-22.47.13:737][809]LogModuleManager: Shutting down and abandoning module SpeedTreeImporter (115)
[2017.03.28-22.47.13:737][809]LogModuleManager: Shutting down and abandoning module PluginBrowser (114)
[2017.03.28-22.47.13:737][809]LogModuleManager: Shutting down and abandoning module EpicSurvey (113)
[2017.03.28-22.47.13:737][809]LogModuleManager: Shutting down and abandoning module DesktopPlatform (112)
[2017.03.28-22.47.13:737][809]LogModuleManager: Shutting down and abandoning module VisualStudioSourceCodeAccess (111)
[2017.03.28-22.47.13:737][809]LogModuleManager: Shutting down and abandoning module UObjectPlugin (110)
[2017.03.28-22.47.13:737][809]LogModuleManager: Shutting down and abandoning module SubversionSourceControl (109)
[2017.03.28-22.47.13:738][809]LogModuleManager: Shutting down and abandoning module PerforceSourceControl (108)
[2017.03.28-22.47.13:738][809]LogModuleManager: Shutting down and abandoning module SourceControl (107)
[2017.03.28-22.47.13:738][809]LogModuleManager: Shutting down and abandoning module GitSourceControl (106)
[2017.03.28-22.47.13:738][809]LogModuleManager: Shutting down and abandoning module LightPropagationVolumeEditor (105)
[2017.03.28-22.47.13:738][809]LogModuleManager: Shutting down and abandoning module PaperTiledImporter (104)
[2017.03.28-22.47.13:738][809]LogModuleManager: Shutting down and abandoning module PaperSpriteSheetImporter (103)
[2017.03.28-22.47.13:738][809]LogModuleManager: Shutting down and abandoning module MeshPaint (102)
[2017.03.28-22.47.13:738][809]LogModuleManager: Shutting down and abandoning module PixelInspectorModule (101)
[2017.03.28-22.47.13:738][809]LogModuleManager: Shutting down and abandoning module HotReload (100)
[2017.03.28-22.47.13:738][809]LogModuleManager: Shutting down and abandoning module MainFrame (99)
[2017.03.28-22.47.13:738][809]LogModuleManager: Shutting down and abandoning module LevelEditor (98)
[2017.03.28-22.47.13:738][809]LogModuleManager: Shutting down and abandoning module ContentBrowser (97)
[2017.03.28-22.47.13:739][809]LogModuleManager: Shutting down and abandoning module Paper2DEditor (96)
[2017.03.28-22.47.13:739][809]LogModuleManager: Shutting down and abandoning module UdpMessaging (95)
[2017.03.28-22.47.13:853][809]LogModuleManager: Shutting down and abandoning module SubstanceCore (94)
[2017.03.28-22.47.13:854][809]LogModuleManager: Shutting down and abandoning module LightPropagationVolumeRuntime (93)
[2017.03.28-22.47.13:854][809]LogModuleManager: Shutting down and abandoning module Paper2D (92)
[2017.03.28-22.47.13:854][809]LogModuleManager: Shutting down and abandoning module WindowsMoviePlayer (91)
[2017.03.28-22.47.13:854][809]LogModuleManager: Shutting down and abandoning module Media (90)
[2017.03.28-22.47.13:854][809]LogModuleManager: Shutting down and abandoning module WmfMedia (89)
[2017.03.28-22.47.13:855][809]LogModuleManager: Shutting down and abandoning module MediaAssets (88)
[2017.03.28-22.47.13:855][809]LogModuleManager: Shutting down and abandoning module GameLiveStreaming (87)
[2017.03.28-22.47.13:855][809]LogModuleManager: Shutting down and abandoning module GameplayTagsEditor (86)
[2017.03.28-22.47.13:855][809]LogModuleManager: Shutting down and abandoning module OnlineBlueprintSupport (85)
[2017.03.28-22.47.13:855][809]LogModuleManager: Shutting down and abandoning module VREditor (84)
[2017.03.28-22.47.13:855][809]LogModuleManager: Shutting down and abandoning module GameplayTasksEditor (83)
[2017.03.28-22.47.13:855][809]LogModuleManager: Shutting down and abandoning module PropertyEditor (82)
[2017.03.28-22.47.13:855][809]LogModuleManager: Shutting down and abandoning module BehaviorTreeEditor (81)
[2017.03.28-22.47.13:855][809]LogModuleManager: Shutting down and abandoning module FunctionalTesting (80)
[2017.03.28-22.47.13:855][809]LogModuleManager: Shutting down and abandoning module CollisionAnalyzer (79)
[2017.03.28-22.47.13:855][809]LogModuleManager: Shutting down and abandoning module Sequencer (78)
[2017.03.28-22.47.13:855][809]LogModuleManager: Shutting down and abandoning module WorkspaceMenuStructure (77)
[2017.03.28-22.47.13:856][809]LogModuleManager: Shutting down and abandoning module MessageLog (76)
[2017.03.28-22.47.13:856][809]LogModuleManager: Shutting down and abandoning module AssetTools (75)
[2017.03.28-22.47.13:868][809]LogModuleManager: Shutting down and abandoning module UMGEditor (74)
[2017.03.28-22.47.13:868][809]LogModuleManager: Shutting down and abandoning module UMG (73)
[2017.03.28-22.47.13:868][809]LogModuleManager: Shutting down and abandoning module SlateReflector (72)
[2017.03.28-22.47.13:868][809]LogModuleManager: Shutting down and abandoning module Slate (71)
[2017.03.28-22.47.13:868][809]LogModuleManager: Shutting down and abandoning module EditorStyle (70)
[2017.03.28-22.47.13:870][809]LogModuleManager: Shutting down and abandoning module SourceCodeAccess (69)
[2017.03.28-22.47.13:870][809]LogModuleManager: Shutting down and abandoning module HeadMountedDisplay (68)
[2017.03.28-22.47.13:870][809]LogModuleManager: Shutting down and abandoning module XAudio2 (67)
[2017.03.28-22.47.13:870][809]LogModuleManager: Shutting down and abandoning module Networking (65)
[2017.03.28-22.47.13:870][809]LogModuleManager: Shutting down and abandoning module Core (64)
[2017.03.28-22.47.13:870][809]LogModuleManager: Shutting down and abandoning module DirectoryWatcher (63)
[2017.03.28-22.47.13:871][809]LogModuleManager: Shutting down and abandoning module AssetRegistry (62)
[2017.03.28-22.47.13:980][809]LogModuleManager: Shutting down and abandoning module KismetCompiler (61)
[2017.03.28-22.47.13:980][809]LogModuleManager: Shutting down and abandoning module PhysXFormats (60)
[2017.03.28-22.47.13:980][809]LogModuleManager: Shutting down and abandoning module MeshUtilities (59)
[2017.03.28-22.47.13:980][809]LogModuleManager: Shutting down and abandoning module DerivedDataCache (58)
[2017.03.28-22.47.14:056][809]LogDerivedDataCache: Shutdown
[2017.03.28-22.47.14:056][809]LogModuleManager: Shutting down and abandoning module VulkanShaderFormat (57)
[2017.03.28-22.47.14:056][809]LogModuleManager: Shutting down and abandoning module ShaderFormatOpenGL (56)
[2017.03.28-22.47.14:056][809]LogModuleManager: Shutting down and abandoning module ShaderFormatD3D (55)
[2017.03.28-22.47.14:056][809]LogModuleManager: Shutting down and abandoning module MetalShaderFormat (54)
[2017.03.28-22.47.14:056][809]LogModuleManager: Shutting down and abandoning module TextureFormatUncompressed (53)
[2017.03.28-22.47.14:056][809]LogModuleManager: Shutting down and abandoning module TextureFormatPVR (52)
[2017.03.28-22.47.14:056][809]LogModuleManager: Shutting down and abandoning module TextureFormatIntelISPCTexComp (51)
[2017.03.28-22.47.14:056][809]LogModuleManager: Shutting down and abandoning module TextureFormatDXT (50)
[2017.03.28-22.47.14:056][809]LogModuleManager: Shutting down and abandoning module ImageWrapper (49)
[2017.03.28-22.47.14:056][809]LogModuleManager: Shutting down and abandoning module TextureFormatASTC (48)
[2017.03.28-22.47.14:056][809]LogModuleManager: Shutting down and abandoning module TextureFormatAndroid (47)
[2017.03.28-22.47.14:056][809]LogModuleManager: Shutting down and abandoning module AudioFormatOpus (46)
[2017.03.28-22.47.14:056][809]LogModuleManager: Shutting down and abandoning module AudioFormatOgg (45)
[2017.03.28-22.47.14:056][809]LogModuleManager: Shutting down and abandoning module AudioFormatADPCM (44)
[2017.03.28-22.47.14:056][809]LogModuleManager: Shutting down and abandoning module LinuxTargetPlatform (43)
[2017.03.28-22.47.14:056][809]LogModuleManager: Shutting down and abandoning module LinuxServerTargetPlatform (42)
[2017.03.28-22.47.14:056][809]LogModuleManager: Shutting down and abandoning module LinuxNoEditorTargetPlatform (41)
[2017.03.28-22.47.14:056][809]LogModuleManager: Shutting down and abandoning module TVOSTargetPlatform (40)
[2017.03.28-22.47.14:056][809]LogModuleManager: Shutting down and abandoning module Messaging (39)
[2017.03.28-22.47.14:056][809]LogModuleManager: Shutting down and abandoning module IOSTargetPlatform (38)
[2017.03.28-22.47.14:056][809]LogModuleManager: Shutting down and abandoning module HTML5TargetPlatform (37)
[2017.03.28-22.47.14:056][809]LogModuleManager: Shutting down and abandoning module Android_PVRTCTargetPlatform (36)
[2017.03.28-22.47.14:056][809]LogModuleManager: Shutting down and abandoning module Android_MultiTargetPlatform (35)
[2017.03.28-22.47.14:056][809]LogModuleManager: Shutting down and abandoning module Android_ETC2TargetPlatform (34)
[2017.03.28-22.47.14:056][809]LogModuleManager: Shutting down and abandoning module Android_ETC1TargetPlatform (33)
[2017.03.28-22.47.14:056][809]LogModuleManager: Shutting down and abandoning module Android_DXTTargetPlatform (32)
[2017.03.28-22.47.14:057][809]LogModuleManager: Shutting down and abandoning module Android_ATCTargetPlatform (31)
[2017.03.28-22.47.14:057][809]LogModuleManager: Shutting down and abandoning module Android_ASTCTargetPlatform (30)
[2017.03.28-22.47.14:057][809]LogModuleManager: Shutting down and abandoning module AndroidTargetPlatform (29)
[2017.03.28-22.47.14:057][809]LogModuleManager: Shutting down and abandoning module WindowsTargetPlatform (28)
[2017.03.28-22.47.14:057][809]LogModuleManager: Shutting down and abandoning module WindowsServerTargetPlatform (27)
[2017.03.28-22.47.14:057][809]LogModuleManager: Shutting down and abandoning module WindowsNoEditorTargetPlatform (26)
[2017.03.28-22.47.14:057][809]LogModuleManager: Shutting down and abandoning module WindowsClientTargetPlatform (25)
[2017.03.28-22.47.14:057][809]LogModuleManager: Shutting down and abandoning module AllDesktopTargetPlatform (24)
[2017.03.28-22.47.14:057][809]LogModuleManager: Shutting down and abandoning module TargetPlatform (23)
[2017.03.28-22.47.14:057][809]LogModuleManager: Shutting down and abandoning module InputCore (22)
[2017.03.28-22.47.14:057][809]LogModuleManager: Shutting down and abandoning module Settings (21)
[2017.03.28-22.47.14:057][809]LogModuleManager: Shutting down and abandoning module OnlineSubsystem (19)
[2017.03.28-22.47.14:057][809]LogModuleManager: Shutting down and abandoning module HTTP (18)
[2017.03.28-22.47.15:560][809]LogModuleManager: Shutting down and abandoning module XMPP (17)
[2017.03.28-22.47.15:560][809]LogModuleManager: Shutting down and abandoning module OculusRift (16)
[2017.03.28-22.47.15:560][809]LogModuleManager: Shutting down and abandoning module ExampleDeviceProfileSelector (15)
[2017.03.28-22.47.15:560][809]LogModuleManager: Shutting down and abandoning module TextureCompressor (14)
[2017.03.28-22.47.15:560][809]LogModuleManager: Shutting down and abandoning module ShaderCore (13)
[2017.03.28-22.47.15:560][809]LogModuleManager: Shutting down and abandoning module Landscape (12)
[2017.03.28-22.47.15:560][809]LogModuleManager: Shutting down and abandoning module SlateRHIRenderer (11)
[2017.03.28-22.47.15:563][809]LogModuleManager: Shutting down and abandoning module OpenGLDrv (10)
[2017.03.28-22.47.15:563][809]LogModuleManager: Shutting down and abandoning module D3D11RHI (9)
[2017.03.28-22.47.15:563][809]LogModuleManager: Shutting down and abandoning module AnimGraphRuntime (8)
[2017.03.28-22.47.15:563][809]LogModuleManager: Shutting down and abandoning module Renderer (7)
[2017.03.28-22.47.15:563][809]LogModuleManager: Shutting down and abandoning module Engine (6)
[2017.03.28-22.47.15:563][809]LogModuleManager: Shutting down and abandoning module CoreUObject (5)
[2017.03.28-22.47.15:563][809]LogModuleManager: Shutting down and abandoning module NetworkFile (4)
[2017.03.28-22.47.15:563][809]LogModuleManager: Shutting down and abandoning module StreamingFile (3)
[2017.03.28-22.47.15:563][809]LogModuleManager: Shutting down and abandoning module SandboxFile (2)
[2017.03.28-22.47.15:563][809]LogModuleManager: Shutting down and abandoning module PakFile (1)
[2017.03.28-22.47.15:565][809]LogExit: Exiting.
[2017.03.28-22.47.15:586][809]Log file closed, 03/28/17 18:47:15
