Log file open, 04/30/17 21:48:30
LogInit:Display: Running engine for game: SoulStriker
LogPlatformFile: Not using cached read wrapper
LogInit:Display: RandInit(-1803306185) SRandInit(-1803306183).
LogTaskGraph: Started task graph with 4 named threads and 7 total threads with 1 sets of task threads.
LogStats: Stats thread started at 0.069369
LogInit: Version: 4.12.5-3039270+++UE4+Release-4.12
LogInit: API Version: 2992821
LogInit: Net Version: 3039270
LogDevObjectVersion: Number of dev versions registered: 13
LogDevObjectVersion:   Dev-Blueprints (B0D832E4-1F89-4F0D-ACCF-7EB736FD4AA2): 3
LogDevObjectVersion:   Dev-Build (E1C64328-A22C-4D53-A36C-8E866417BD8C): 0
LogDevObjectVersion:   Dev-Core (375EC13C-06E4-48FB-B500-84F0262A717E): 1
LogDevObjectVersion:   Dev-Editor (E4B068ED-F494-42E9-A231-DA0B2E46BB41): 2
LogDevObjectVersion:   Dev-Framework (CFFC743F-43B0-4480-9391-14DF171D2073): 6
LogDevObjectVersion:   Dev-Mobile (B02B49B5-BB20-44E9-A304-32B752E40360): 0
LogDevObjectVersion:   Dev-Networking (A4E4105C-59A1-49B5-A7C5-40C4547EDFEE): 0
LogDevObjectVersion:   Dev-Online (39C831C9-5AE6-47DC-9A44-9C173E1C8E7C): 0
LogDevObjectVersion:   Dev-Physics (78F01B33-EBEA-4F98-B9B4-84EACCB95AA2): 0
LogDevObjectVersion:   Dev-Platform (6631380F-2D4D-43E0-8009-CF276956A95A): 0
LogDevObjectVersion:   Dev-Rendering (12F88B9F-8875-4AFC-A67C-D90C383ABD29): 2
LogDevObjectVersion:   Dev-Sequencer (7B5AE74C-D270-4C10-A958-57980B212A5A): 0
LogDevObjectVersion:   Dev-VR (D7296918-1DD6-4BDD-9DE2-64A83CC13884): 0
LogInit: Compiled (64-bit): Jul  6 2016 09:09:46
LogInit: Compiled with Visual C++: 19.00.23026.00
LogInit: Build Configuration: Development
LogInit: Branch Name: ++UE4+Release-4.12
LogInit: Command line:  /Temp/Autosaves/Game/Maps/UEDPCMainMenu -game -PIEVIACONSOLE -ResX=1920 -ResY=1080  -Multiprocess -windowed -messaging -SessionName="Play in Standalone Game" 
LogInit: Base directory: G:/Program Files (x86)/Epic Games/4.12/Engine/Binaries/Win64/
LogInit: Installed Engine Build: 1
LogFileManager:Warning: Error deleting file: C:/Users/Derek/Documents/Unreal Projects/Soul-Striker-Main/Soul Striker/Saved/Logs/SoulStriker.log (Error Code 32)
LogInit: Using libcurl 7.41.0
LogInit:  - built for x86_64-pc-win32
LogInit:  - supports SSL with WinSSL
LogInit:  - other features:
LogInit:      CURL_VERSION_SSL
LogInit:      CURL_VERSION_IPV6
LogInit:      CURL_VERSION_ASYNCHDNS
LogInit:      CURL_VERSION_LARGEFILE
LogInit:      CURL_VERSION_IDN
LogInit:  CurlRequestOptions (configurable via config and command line):
LogInit:  - bVerifyPeer = true  - Libcurl will verify peer certificate
LogInit:  - bUseHttpProxy = false  - Libcurl will NOT use HTTP proxy
LogInit:  - bDontReuseConnections = false  - Libcurl will reuse connections
LogInit:  - CertBundlePath = nullptr  - Libcurl will use whatever was configured at build time.
LogInit: Presizing for max 8388607 objects, including 0 objects not considered by GC, pre-allocating 0 bytes for permanent pool.
LogInit: Object subsystem initialized
[2017.05.01-01.48.30:314][  0]LogInit: Selected Device Profile: [Windows]
[2017.05.01-01.48.30:314][  0]LogInit: Applying CVar settings loaded from the selected device profile: [Windows]
[2017.05.01-01.48.30:317][  0]LogInit: Computer: DEREK-DESKTOP
[2017.05.01-01.48.30:317][  0]LogInit: User: Derek
[2017.05.01-01.48.30:317][  0]LogInit: CPU Page size=65536, Cores=4
[2017.05.01-01.48.30:317][  0]LogInit: High frequency timer resolution =3.415987 MHz
[2017.05.01-01.48.30:318][  0]LogMemory: Memory total: Physical=15.9GB (16GB approx)
[2017.05.01-01.48.30:318][  0]LogMemory: Platform Memory Stats for Windows
[2017.05.01-01.48.30:318][  0]LogMemory: Process Physical Memory: 191.68 MB used, 191.68 MB peak
[2017.05.01-01.48.30:318][  0]LogMemory: Process Virtual Memory: 194.96 MB used, 194.96 MB peak
[2017.05.01-01.48.30:318][  0]LogMemory: Physical Memory: 6486.46 MB used, 16321.41 MB total
[2017.05.01-01.48.30:318][  0]LogMemory: Virtual Memory: 552.91 MB used, 134217728.00 MB total
[2017.05.01-01.48.30:354][  0]LogTextLocalizationManager: No specific translations for ('en-US') exist, so ('en') translations will be used.
[2017.05.01-01.48.30:688][  0]LogD3D11RHI: D3D11 adapters:
[2017.05.01-01.48.30:714][  0]LogD3D11RHI:    0. 'NVIDIA GeForce GTX 750 Ti' (Feature Level 11_0)
[2017.05.01-01.48.30:714][  0]LogD3D11RHI:       2016/0/8160 MB DedicatedVideo/DedicatedSystem/SharedSystem, Outputs:1, VendorId:0x10de
[2017.05.01-01.48.30:716][  0]LogD3D11RHI:    1. 'Microsoft Basic Render Driver' (Feature Level 11_0)
[2017.05.01-01.48.30:716][  0]LogD3D11RHI:       0/0/8160 MB DedicatedVideo/DedicatedSystem/SharedSystem, Outputs:0, VendorId:0x1414
[2017.05.01-01.48.30:716][  0]LogD3D11RHI: Chosen D3D11 Adapter: 0
[2017.05.01-01.48.30:721][  0]LogD3D11RHI: Creating new Direct3DDevice
[2017.05.01-01.48.30:721][  0]LogD3D11RHI:     GPU DeviceId: 0x1380 (for the marketing name, search the web for "GPU Device Id")
[2017.05.01-01.48.30:721][  0]LogWindows: EnumDisplayDevices:
[2017.05.01-01.48.30:721][  0]LogWindows:    0. 'NVIDIA GeForce GTX 750 Ti' (P:1 D:1)
[2017.05.01-01.48.30:721][  0]LogWindows:    1. 'NVIDIA GeForce GTX 750 Ti' (P:0 D:0)
[2017.05.01-01.48.30:721][  0]LogWindows:    2. 'NVIDIA GeForce GTX 750 Ti' (P:0 D:0)
[2017.05.01-01.48.30:721][  0]LogWindows:    3. 'Radmin Mirror Driver V3' (P:0 D:0)
[2017.05.01-01.48.30:721][  0]LogWindows: DebugString: GetVideoDriverDetailsInvalid PrimaryIsNotTheChoosenAdapter FoundDriverCount:3 
[2017.05.01-01.48.30:721][  0]LogD3D11RHI:     Adapter Name: NVIDIA GeForce GTX 750 Ti
[2017.05.01-01.48.30:721][  0]LogD3D11RHI:   Driver Version: 376.53 (internal:21.21.13.7653, unified:376.53)
[2017.05.01-01.48.30:721][  0]LogD3D11RHI:      Driver Date: 12-29-2016
[2017.05.01-01.48.30:721][  0]LogRHI: Texture pool is 1361 MB (70% of 1945 MB)
[2017.05.01-01.48.30:736][  0]LogD3D11RHI: Async texture creation enabled
[2017.05.01-01.48.30:745][  0]LogD3D11RHI: GPU Timing Frequency: 1000.000000 (Debug: 2 1)
[2017.05.01-01.48.30:745][  0]LogShaderCompilers: Guid format shader working directory is -26 characters bigger than the processId version (C:/Users/Derek/Documents/Unreal Projects/Soul-Striker-Main/Soul Striker/Intermediate/Shaders/WorkingDirectory/19280/).
[2017.05.01-01.48.30:745][  0]LogShaderCompilers: Cleaned the shader compiler working directory 'C:/Users/Derek/AppData/Local/Temp/UnrealShaderWorkingDir/1C578B62450F37E0B8FF7BA79BE2C50E/'.
[2017.05.01-01.48.30:745][  0]LogShaderCompilers:Display: Using Local Shader Compiler.
[2017.05.01-01.48.31:739][  0]LogTemp:Display: Loaded TP WindowsClientTargetPlatform
[2017.05.01-01.48.31:747][  0]LogTemp:Display: Loaded TP WindowsNoEditorTargetPlatform
[2017.05.01-01.48.31:755][  0]LogTemp:Display: Loaded TP WindowsServerTargetPlatform
[2017.05.01-01.48.31:763][  0]LogTemp:Display: Loaded TP WindowsTargetPlatform
[2017.05.01-01.48.31:763][  0]LogTargetPlatformManager:Display: Building Assets For Windows
[2017.05.01-01.48.31:832][  0]LogDerivedDataCache:Display: Max Cache Size: 512 MB
[2017.05.01-01.48.31:875][  0]LogDerivedDataCache: Loaded boot cache 0.04s 48MB C:/Users/Derek/AppData/Local/UnrealEngine/4.12/DerivedDataCache/Boot.ddc.
[2017.05.01-01.48.31:876][  0]LogDerivedDataCache:Display: Loaded Boot cache: C:/Users/Derek/AppData/Local/UnrealEngine/4.12/DerivedDataCache/Boot.ddc
[2017.05.01-01.48.31:876][  0]LogDerivedDataCache: FDerivedDataBackendGraph:  Pak pak cache file C:/Users/Derek/Documents/Unreal Projects/Soul-Striker-Main/Soul Striker/DerivedDataCache/DDC.ddp not found, will not use a pak cache.
[2017.05.01-01.48.31:876][  0]LogDerivedDataCache: Unable to find inner node Pak for hierarchical cache Hierarchy.
[2017.05.01-01.48.31:876][  0]LogDerivedDataCache: FDerivedDataBackendGraph:  CompressedPak pak cache file C:/Users/Derek/Documents/Unreal Projects/Soul-Striker-Main/Soul Striker/DerivedDataCache/Compressed.ddp not found, will not use a pak cache.
[2017.05.01-01.48.31:876][  0]LogDerivedDataCache: Unable to find inner node CompressedPak for hierarchical cache Hierarchy.
[2017.05.01-01.48.31:891][  0]LogDerivedDataCache:Display: Pak cache opened for reading ../../../Engine/DerivedDataCache/Compressed.ddp.
[2017.05.01-01.48.31:902][  0]LogDerivedDataCache: Using Local data cache path C:/Users/Derek/AppData/Local/UnrealEngine/Common/DerivedDataCache: Writable
[2017.05.01-01.48.32:049][  0]LogAssetRegistry: FAssetRegistry took 0.0001 seconds to start up
[2017.05.01-01.48.32:053][  0]LogPackageLocalizationCache: Processed 3 localized package path(s) for 2 prioritized culture(s) in 0.004489 seconds
[2017.05.01-01.48.32:057][  0]LogInit: Selected Device Profile: [Windows]
[2017.05.01-01.48.32:057][  0]LogContentStreaming: Texture pool size is 1000.00 MB
[2017.05.01-01.48.32:173][  0]LogMeshUtilities: No automatic mesh reduction module available
[2017.05.01-01.48.32:173][  0]LogMeshUtilities: No automatic mesh merging module available
[2017.05.01-01.48.32:173][  0]LogMeshUtilities: No distributed automatic mesh merging module available
[2017.05.01-01.48.32:338][  0]LogInit: WinSock: version 1.1 (2.2), MaxSocks=32767, MaxUdp=65467
[2017.05.01-01.48.32:473][  0]LogSlate: SlateFontCache - WITH_FREETYPE: 1, WITH_HARFBUZZ: 1
[2017.05.01-01.48.32:473][  0]LogSlate: SlateFontCache - WITH_FREETYPE: 1, WITH_HARFBUZZ: 1
[2017.05.01-01.48.32:526][  0]LogMoviePlayer: Initializing movie player
[2017.05.01-01.48.32:603][  0]LogWindowsMoviePlayer: Unable to load movie: C:/Users/Derek/Documents/Unreal Projects/Soul-Striker-Main/Soul Striker/Content/Movies/Default_Startup.mp4
[2017.05.01-01.48.32:668][  0]LogSubstanceCoreModule: Substance CPU Engine Loaded, Max Texture Size 2048
[2017.05.01-01.48.32:674][  0]LogUdpMessaging: Initializing bridge on interface 0.0.0.0:0 to multicast group 230.0.0.1:6666.
[2017.05.01-01.48.32:742][  0]SourceControl: Info Source control is disabled
[2017.05.01-01.48.32:742][  0]SourceControl: Info Source control is disabled
[2017.05.01-01.48.32:749][  0]SourceControl: Info Source control is disabled
[2017.05.01-01.48.32:838][  0]LogUObjectArray: 31128 objects as part of root set at end of initial load.
[2017.05.01-01.48.32:838][  0]LogUObjectAllocator: 6742600 out of 0 bytes used by permanent object pool.
[2017.05.01-01.48.32:838][  0]LogUObjectArray: CloseDisregardForGC: 0/0 objects in disregard for GC pool
[2017.05.01-01.48.32:885][  0]LogEngine: Initializing Engine...
[2017.05.01-01.48.32:892][  0]LogHMD: SteamVR failed to initialize.  Err: 108
[2017.05.01-01.48.32:899][  0]LogHMD: SteamVR failed to initialize.  Err: 108
[2017.05.01-01.48.33:020][  0]LogInit: XAudio2 using 'SCEI MONITOR-0 (NVIDIA High Definition Audio)' : 2 channels at 48 kHz using 16 bits per sample (channel mask 0x3)
[2017.05.01-01.48.33:031][  0]LogInit: FAudioDevice initialized.
[2017.05.01-01.48.33:036][  0]LogInit: Texture streaming: Enabled
[2017.05.01-01.48.33:099][  0]LogNet: Browse: /Temp/Autosaves/Game/Maps/UEDPCMainMenu?Name=Player
[2017.05.01-01.48.33:099][  0]LogLoad: LoadMap: /Temp/Autosaves/Game/Maps/UEDPCMainMenu?Name=Player
[2017.05.01-01.48.33:112][  0]LogMemory: Platform Memory Stats for Windows
[2017.05.01-01.48.33:112][  0]LogMemory: Process Physical Memory: 546.37 MB used, 576.50 MB peak
[2017.05.01-01.48.33:112][  0]LogMemory: Process Virtual Memory: 593.66 MB used, 593.66 MB peak
[2017.05.01-01.48.33:112][  0]LogMemory: Physical Memory: 6779.61 MB used, 16321.41 MB total
[2017.05.01-01.48.33:112][  0]LogMemory: Virtual Memory: 1222.51 MB used, 134217728.00 MB total
[2017.05.01-01.48.33:112][  0]LogMemory: 
[2017.05.01-01.48.33:112][  0]Allocator Stats for TBB: (not implemented)
[2017.05.01-01.48.33:146][  0]LogAIModule: Creating AISystem for world MainMenu
[2017.05.01-01.48.34:091][  0]LogWorld: Game class is 'SoulStrikerCampaign_C'
[2017.05.01-01.48.34:092][  0]LogWorld: Bringing World /Temp/Autosaves/Game/Maps/UEDPCMainMenu.MainMenu up for play (max tick rate 0) at 2017.04.30-21.48.34
[2017.05.01-01.48.34:093][  0]LogWorld: Bringing up level for play took: 0.000652
[2017.05.01-01.48.34:101][  0]LogLoad: Took 1.001579 seconds to LoadMap(/Temp/Autosaves/Game/Maps/UEDPCMainMenu)
[2017.05.01-01.48.34:101][  0]LogInit:Display: Game Engine Initialized.
[2017.05.01-01.48.34:324][  0]LogLoad: Full Startup: 4.50 seconds (BP compile: 0.33 seconds)
[2017.05.01-01.48.34:324][  0]LogExternalProfiler: No external profilers were discovered.  External profiling features will not be available.
[2017.05.01-01.48.34:340][  0]LogWindowsTextInputMethodSystem:Display: IME system now deactivated.
[2017.05.01-01.48.34:340][  0]LogOcInput: OculusInput pre-init called
[2017.05.01-01.48.34:431][  2]LogRenderer: Reallocating scene render targets to support 1600x900 (Frame:2).
[2017.05.01-01.48.36:877][132]LogPackageName: SearchForPackageOnDisk took   0.058s to resolve Level_1.umap.
[2017.05.01-01.48.36:933][132]LogPackageName: SearchForPackageOnDisk took   0.055s to resolve Level_1.umap.
[2017.05.01-01.48.36:933][132]LogNet: Browse: /Game/Maps/Level_1
[2017.05.01-01.48.36:934][132]LogLoad: LoadMap: /Game/Maps/Level_1
[2017.05.01-01.48.37:006][132]LogMemory: Platform Memory Stats for Windows
[2017.05.01-01.48.37:006][132]LogMemory: Process Physical Memory: 669.93 MB used, 691.11 MB peak
[2017.05.01-01.48.37:006][132]LogMemory: Process Virtual Memory: 953.80 MB used, 978.17 MB peak
[2017.05.01-01.48.37:006][132]LogMemory: Physical Memory: 6888.24 MB used, 16321.41 MB total
[2017.05.01-01.48.37:006][132]LogMemory: Virtual Memory: 1622.83 MB used, 134217728.00 MB total
[2017.05.01-01.48.37:006][132]LogMemory: 
[2017.05.01-01.48.37:006][132]Allocator Stats for TBB: (not implemented)
[2017.05.01-01.48.37:609][132]LogLinker:Warning: CreateImport: Failed to load Outer for resource 'ArrowComponent0': tutorialOrbEnabler_C /Game/bluePrints/tutorialOrbEnabler.Default__tutorialOrbEnabler_C
[2017.05.01-01.48.38:180][132]LogMaterial: Missing cached shader map for material brick_texture_1_diffuse_Mat, compiling. 
[2017.05.01-01.48.38:180][132]LogMaterial:Warning: Failed to compile Material /Game/customMaterials/brick_texture_1_diffuse_Mat.brick_texture_1_diffuse_Mat for platform PCD3D_SM5, Default Material will be used in game.
[2017.05.01-01.48.38:180][132]LogMaterial:Warning: 	(Node TextureSample) TextureSample> Missing input texture
[2017.05.01-01.48.38:222][132]LogAIModule: Creating AISystem for world Level_1
[2017.05.01-01.48.38:222][132]LogWorld: Game class is 'SoulStrikerCampaign_C'
[2017.05.01-01.48.38:255][132]LogWorld: Bringing World /Game/Maps/Level_1.Level_1 up for play (max tick rate 0) at 2017.04.30-21.48.38
[2017.05.01-01.48.38:257][132]LogWorld: Bringing up level for play took: 0.034073
[2017.05.01-01.48.38:261][132]LogLoad: Took 1.328032 seconds to LoadMap(/Game/Maps/Level_1)
[2017.05.01-01.48.47:377][697]LogBlueprintUserMessages: [AI_TurretBullet_C_0] 9.0
[2017.05.01-01.48.48:377][759]LogBlueprintUserMessages: [AI_TurretBullet_C_1] 8.0
[2017.05.01-01.48.49:378][821]LogBlueprintUserMessages: [AI_TurretBullet_C_2] 7.0
[2017.05.01-01.48.49:845][850]LogScriptCore:Warning: Attempted to get an item from array CallFunc_GetOverlappingActors_OverlappingActors out of bounds [0/0]!

[2017.05.01-01.48.49:845][850]LogScriptCore:Warning: Attempted to get an item from array CallFunc_GetOverlappingActors_OverlappingActors2 out of bounds [0/0]!

[2017.05.01-01.48.50:378][883]LogBlueprintUserMessages: [AI_TurretBullet_C_3] 6.0
[2017.05.01-01.48.50:539][893]LogScriptCore:Warning: Attempted to get an item from array CallFunc_GetOverlappingActors_OverlappingActors out of bounds [0/0]!

[2017.05.01-01.48.50:539][893]LogScriptCore:Warning: Attempted to get an item from array CallFunc_GetOverlappingActors_OverlappingActors2 out of bounds [0/0]!

[2017.05.01-01.48.51:184][933]LogScriptCore:Warning: Attempted to get an item from array CallFunc_GetOverlappingActors_OverlappingActors out of bounds [0/0]!

[2017.05.01-01.48.51:184][933]LogScriptCore:Warning: Attempted to get an item from array CallFunc_GetOverlappingActors_OverlappingActors2 out of bounds [0/0]!

[2017.05.01-01.48.51:377][945]LogBlueprintUserMessages: [AI_TurretBullet_C_4] 5.0
[2017.05.01-01.48.51:797][971]LogScriptCore:Warning: Attempted to get an item from array CallFunc_GetOverlappingActors_OverlappingActors out of bounds [0/0]!

[2017.05.01-01.48.51:797][971]LogScriptCore:Warning: Attempted to get an item from array CallFunc_GetOverlappingActors_OverlappingActors2 out of bounds [0/0]!

[2017.05.01-01.48.52:377][  7]LogScriptCore:Warning: Attempted to get an item from array CallFunc_GetOverlappingActors_OverlappingActors out of bounds [0/0]!

[2017.05.01-01.48.52:377][  7]LogScriptCore:Warning: Attempted to get an item from array CallFunc_GetOverlappingActors_OverlappingActors2 out of bounds [0/0]!

[2017.05.01-01.48.52:378][  7]LogBlueprintUserMessages: [AI_TurretBullet_C_5] 4.0
[2017.05.01-01.48.53:006][ 46]LogScriptCore:Warning: Attempted to get an item from array CallFunc_GetOverlappingActors_OverlappingActors out of bounds [0/0]!

[2017.05.01-01.48.53:007][ 46]LogScriptCore:Warning: Attempted to get an item from array CallFunc_GetOverlappingActors_OverlappingActors2 out of bounds [0/0]!

[2017.05.01-01.48.53:378][ 69]LogBlueprintUserMessages: [AI_TurretBullet_C_6] 3.0
[2017.05.01-01.48.53:878][100]LogScriptCore:Warning: Attempted to get an item from array CallFunc_GetOverlappingActors_OverlappingActors out of bounds [0/0]!

[2017.05.01-01.48.53:878][100]LogScriptCore:Warning: Attempted to get an item from array CallFunc_GetOverlappingActors_OverlappingActors2 out of bounds [0/0]!

[2017.05.01-01.48.54:378][131]LogBlueprintUserMessages: [AI_TurretBullet_C_7] 2.0
[2017.05.01-01.48.55:281][187]LogScriptCore:Warning: Attempted to get an item from array CallFunc_GetOverlappingActors_OverlappingActors out of bounds [0/0]!

[2017.05.01-01.48.55:281][187]LogScriptCore:Warning: Attempted to get an item from array CallFunc_GetOverlappingActors_OverlappingActors2 out of bounds [0/0]!

[2017.05.01-01.48.55:378][193]LogBlueprintUserMessages: [AI_TurretBullet_C_8] 1.0
[2017.05.01-01.48.55:926][227]LogScriptCore:Warning: Attempted to get an item from array CallFunc_GetOverlappingActors_OverlappingActors out of bounds [0/0]!

[2017.05.01-01.48.55:926][227]LogScriptCore:Warning: Attempted to get an item from array CallFunc_GetOverlappingActors_OverlappingActors2 out of bounds [0/0]!

[2017.05.01-01.48.56:378][255]LogBlueprintUserMessages: [AI_TurretBullet_C_9] 0.0
[2017.05.01-01.48.56:437][255]LogPackageName: SearchForPackageOnDisk took   0.059s, but failed to resolve DeathMenu.umap.
[2017.05.01-01.48.56:495][256]LogPackageName: SearchForPackageOnDisk took   0.055s, but failed to resolve DeathMenu.umap.
[2017.05.01-01.48.56:495][256]LogNet: Browse: /Game/Maps/MainMenu
[2017.05.01-01.48.56:495][256]LogNet:Warning: Travel Failure: [InvalidURL]: Invalid URL: /Game/Maps/MainMenu
[2017.05.01-01.48.56:495][256]LogNet: TravelFailure: InvalidURL, Reason for Failure: 'Invalid URL: /Game/Maps/MainMenu'
[2017.05.01-01.48.56:495][256]LogNet:Warning: Travel Failure: [ClientTravelFailure]: Invalid URL: /Game/Maps/MainMenu
[2017.05.01-01.48.56:495][256]LogNet: TravelFailure: ClientTravelFailure, Reason for Failure: 'Invalid URL: /Game/Maps/MainMenu'
[2017.05.01-01.48.56:552][256]LogPackageName: SearchForPackageOnDisk took   0.056s, but failed to resolve DeathMenu.umap.
[2017.05.01-01.48.56:608][257]LogPackageName: SearchForPackageOnDisk took   0.055s, but failed to resolve DeathMenu.umap.
[2017.05.01-01.48.56:608][257]LogNet: Browse: /Game/Maps/MainMenu
[2017.05.01-01.48.56:608][257]LogNet:Warning: Travel Failure: [InvalidURL]: Invalid URL: /Game/Maps/MainMenu
[2017.05.01-01.48.56:608][257]LogNet: TravelFailure: InvalidURL, Reason for Failure: 'Invalid URL: /Game/Maps/MainMenu'
[2017.05.01-01.48.56:608][257]LogNet:Warning: Travel Failure: [ClientTravelFailure]: Invalid URL: /Game/Maps/MainMenu
[2017.05.01-01.48.56:608][257]LogNet: TravelFailure: ClientTravelFailure, Reason for Failure: 'Invalid URL: /Game/Maps/MainMenu'
[2017.05.01-01.48.56:664][257]LogPackageName: SearchForPackageOnDisk took   0.055s, but failed to resolve DeathMenu.umap.
[2017.05.01-01.48.56:723][258]LogPackageName: SearchForPackageOnDisk took   0.058s, but failed to resolve DeathMenu.umap.
[2017.05.01-01.48.56:723][258]LogNet: Browse: /Game/Maps/MainMenu
[2017.05.01-01.48.56:723][258]LogNet:Warning: Travel Failure: [InvalidURL]: Invalid URL: /Game/Maps/MainMenu
[2017.05.01-01.48.56:723][258]LogNet: TravelFailure: InvalidURL, Reason for Failure: 'Invalid URL: /Game/Maps/MainMenu'
[2017.05.01-01.48.56:723][258]LogNet:Warning: Travel Failure: [ClientTravelFailure]: Invalid URL: /Game/Maps/MainMenu
[2017.05.01-01.48.56:723][258]LogNet: TravelFailure: ClientTravelFailure, Reason for Failure: 'Invalid URL: /Game/Maps/MainMenu'
[2017.05.01-01.48.56:781][258]LogPackageName: SearchForPackageOnDisk took   0.056s, but failed to resolve DeathMenu.umap.
[2017.05.01-01.48.56:838][259]LogPackageName: SearchForPackageOnDisk took   0.056s, but failed to resolve DeathMenu.umap.
[2017.05.01-01.48.56:838][259]LogNet: Browse: /Game/Maps/MainMenu
[2017.05.01-01.48.56:838][259]LogNet:Warning: Travel Failure: [InvalidURL]: Invalid URL: /Game/Maps/MainMenu
[2017.05.01-01.48.56:838][259]LogNet: TravelFailure: InvalidURL, Reason for Failure: 'Invalid URL: /Game/Maps/MainMenu'
[2017.05.01-01.48.56:838][259]LogNet:Warning: Travel Failure: [ClientTravelFailure]: Invalid URL: /Game/Maps/MainMenu
[2017.05.01-01.48.56:838][259]LogNet: TravelFailure: ClientTravelFailure, Reason for Failure: 'Invalid URL: /Game/Maps/MainMenu'
[2017.05.01-01.48.56:895][259]LogPackageName: SearchForPackageOnDisk took   0.056s, but failed to resolve DeathMenu.umap.
[2017.05.01-01.48.56:953][260]LogPackageName: SearchForPackageOnDisk took   0.056s, but failed to resolve DeathMenu.umap.
[2017.05.01-01.48.56:953][260]LogNet: Browse: /Game/Maps/MainMenu
[2017.05.01-01.48.56:953][260]LogNet:Warning: Travel Failure: [InvalidURL]: Invalid URL: /Game/Maps/MainMenu
[2017.05.01-01.48.56:953][260]LogNet: TravelFailure: InvalidURL, Reason for Failure: 'Invalid URL: /Game/Maps/MainMenu'
[2017.05.01-01.48.56:953][260]LogNet:Warning: Travel Failure: [ClientTravelFailure]: Invalid URL: /Game/Maps/MainMenu
[2017.05.01-01.48.56:953][260]LogNet: TravelFailure: ClientTravelFailure, Reason for Failure: 'Invalid URL: /Game/Maps/MainMenu'
[2017.05.01-01.48.57:009][260]LogPackageName: SearchForPackageOnDisk took   0.056s, but failed to resolve DeathMenu.umap.
[2017.05.01-01.48.57:067][261]LogPackageName: SearchForPackageOnDisk took   0.056s, but failed to resolve DeathMenu.umap.
[2017.05.01-01.48.57:067][261]LogNet: Browse: /Game/Maps/MainMenu
[2017.05.01-01.48.57:067][261]LogNet:Warning: Travel Failure: [InvalidURL]: Invalid URL: /Game/Maps/MainMenu
[2017.05.01-01.48.57:067][261]LogNet: TravelFailure: InvalidURL, Reason for Failure: 'Invalid URL: /Game/Maps/MainMenu'
[2017.05.01-01.48.57:067][261]LogNet:Warning: Travel Failure: [ClientTravelFailure]: Invalid URL: /Game/Maps/MainMenu
[2017.05.01-01.48.57:067][261]LogNet: TravelFailure: ClientTravelFailure, Reason for Failure: 'Invalid URL: /Game/Maps/MainMenu'
[2017.05.01-01.48.57:124][261]LogPackageName: SearchForPackageOnDisk took   0.056s, but failed to resolve DeathMenu.umap.
[2017.05.01-01.48.57:181][262]LogPackageName: SearchForPackageOnDisk took   0.055s, but failed to resolve DeathMenu.umap.
[2017.05.01-01.48.57:181][262]LogNet: Browse: /Game/Maps/MainMenu
[2017.05.01-01.48.57:181][262]LogNet:Warning: Travel Failure: [InvalidURL]: Invalid URL: /Game/Maps/MainMenu
[2017.05.01-01.48.57:181][262]LogNet: TravelFailure: InvalidURL, Reason for Failure: 'Invalid URL: /Game/Maps/MainMenu'
[2017.05.01-01.48.57:181][262]LogNet:Warning: Travel Failure: [ClientTravelFailure]: Invalid URL: /Game/Maps/MainMenu
[2017.05.01-01.48.57:181][262]LogNet: TravelFailure: ClientTravelFailure, Reason for Failure: 'Invalid URL: /Game/Maps/MainMenu'
[2017.05.01-01.48.57:238][262]LogPackageName: SearchForPackageOnDisk took   0.056s, but failed to resolve DeathMenu.umap.
[2017.05.01-01.48.57:295][263]LogPackageName: SearchForPackageOnDisk took   0.055s, but failed to resolve DeathMenu.umap.
[2017.05.01-01.48.57:295][263]LogNet: Browse: /Game/Maps/MainMenu
[2017.05.01-01.48.57:295][263]LogNet:Warning: Travel Failure: [InvalidURL]: Invalid URL: /Game/Maps/MainMenu
[2017.05.01-01.48.57:295][263]LogNet: TravelFailure: InvalidURL, Reason for Failure: 'Invalid URL: /Game/Maps/MainMenu'
[2017.05.01-01.48.57:295][263]LogNet:Warning: Travel Failure: [ClientTravelFailure]: Invalid URL: /Game/Maps/MainMenu
[2017.05.01-01.48.57:295][263]LogNet: TravelFailure: ClientTravelFailure, Reason for Failure: 'Invalid URL: /Game/Maps/MainMenu'
[2017.05.01-01.48.57:353][263]LogPackageName: SearchForPackageOnDisk took   0.057s, but failed to resolve DeathMenu.umap.
[2017.05.01-01.48.57:411][264]LogPackageName: SearchForPackageOnDisk took   0.056s, but failed to resolve DeathMenu.umap.
[2017.05.01-01.48.57:411][264]LogNet: Browse: /Game/Maps/MainMenu
[2017.05.01-01.48.57:411][264]LogNet:Warning: Travel Failure: [InvalidURL]: Invalid URL: /Game/Maps/MainMenu
[2017.05.01-01.48.57:411][264]LogNet: TravelFailure: InvalidURL, Reason for Failure: 'Invalid URL: /Game/Maps/MainMenu'
[2017.05.01-01.48.57:411][264]LogNet:Warning: Travel Failure: [ClientTravelFailure]: Invalid URL: /Game/Maps/MainMenu
[2017.05.01-01.48.57:411][264]LogNet: TravelFailure: ClientTravelFailure, Reason for Failure: 'Invalid URL: /Game/Maps/MainMenu'
[2017.05.01-01.48.57:411][264]LogBlueprintUserMessages: [AI_TurretBullet_C_10] -1.0
[2017.05.01-01.48.57:470][264]LogPackageName: SearchForPackageOnDisk took   0.058s, but failed to resolve DeathMenu.umap.
[2017.05.01-01.48.57:529][265]LogPackageName: SearchForPackageOnDisk took   0.056s, but failed to resolve DeathMenu.umap.
[2017.05.01-01.48.57:529][265]LogNet: Browse: /Game/Maps/MainMenu
[2017.05.01-01.48.57:529][265]LogNet:Warning: Travel Failure: [InvalidURL]: Invalid URL: /Game/Maps/MainMenu
[2017.05.01-01.48.57:529][265]LogNet: TravelFailure: InvalidURL, Reason for Failure: 'Invalid URL: /Game/Maps/MainMenu'
[2017.05.01-01.48.57:529][265]LogNet:Warning: Travel Failure: [ClientTravelFailure]: Invalid URL: /Game/Maps/MainMenu
[2017.05.01-01.48.57:529][265]LogNet: TravelFailure: ClientTravelFailure, Reason for Failure: 'Invalid URL: /Game/Maps/MainMenu'
[2017.05.01-01.48.57:585][265]LogPackageName: SearchForPackageOnDisk took   0.056s, but failed to resolve DeathMenu.umap.
[2017.05.01-01.48.57:643][266]LogPackageName: SearchForPackageOnDisk took   0.056s, but failed to resolve DeathMenu.umap.
[2017.05.01-01.48.57:643][266]LogNet: Browse: /Game/Maps/MainMenu
[2017.05.01-01.48.57:643][266]LogNet:Warning: Travel Failure: [InvalidURL]: Invalid URL: /Game/Maps/MainMenu
[2017.05.01-01.48.57:643][266]LogNet: TravelFailure: InvalidURL, Reason for Failure: 'Invalid URL: /Game/Maps/MainMenu'
[2017.05.01-01.48.57:643][266]LogNet:Warning: Travel Failure: [ClientTravelFailure]: Invalid URL: /Game/Maps/MainMenu
[2017.05.01-01.48.57:643][266]LogNet: TravelFailure: ClientTravelFailure, Reason for Failure: 'Invalid URL: /Game/Maps/MainMenu'
[2017.05.01-01.48.57:700][266]LogPackageName: SearchForPackageOnDisk took   0.056s, but failed to resolve DeathMenu.umap.
[2017.05.01-01.48.57:756][267]LogPackageName: SearchForPackageOnDisk took   0.055s, but failed to resolve DeathMenu.umap.
[2017.05.01-01.48.57:756][267]LogNet: Browse: /Game/Maps/MainMenu
[2017.05.01-01.48.57:756][267]LogNet:Warning: Travel Failure: [InvalidURL]: Invalid URL: /Game/Maps/MainMenu
[2017.05.01-01.48.57:756][267]LogNet: TravelFailure: InvalidURL, Reason for Failure: 'Invalid URL: /Game/Maps/MainMenu'
[2017.05.01-01.48.57:756][267]LogNet:Warning: Travel Failure: [ClientTravelFailure]: Invalid URL: /Game/Maps/MainMenu
[2017.05.01-01.48.57:756][267]LogNet: TravelFailure: ClientTravelFailure, Reason for Failure: 'Invalid URL: /Game/Maps/MainMenu'
[2017.05.01-01.48.57:812][267]LogPackageName: SearchForPackageOnDisk took   0.055s, but failed to resolve DeathMenu.umap.
[2017.05.01-01.48.57:871][268]LogPackageName: SearchForPackageOnDisk took   0.056s, but failed to resolve DeathMenu.umap.
[2017.05.01-01.48.57:871][268]LogNet: Browse: /Game/Maps/MainMenu
[2017.05.01-01.48.57:871][268]LogNet:Warning: Travel Failure: [InvalidURL]: Invalid URL: /Game/Maps/MainMenu
[2017.05.01-01.48.57:871][268]LogNet: TravelFailure: InvalidURL, Reason for Failure: 'Invalid URL: /Game/Maps/MainMenu'
[2017.05.01-01.48.57:871][268]LogNet:Warning: Travel Failure: [ClientTravelFailure]: Invalid URL: /Game/Maps/MainMenu
[2017.05.01-01.48.57:871][268]LogNet: TravelFailure: ClientTravelFailure, Reason for Failure: 'Invalid URL: /Game/Maps/MainMenu'
[2017.05.01-01.48.57:927][268]LogPackageName: SearchForPackageOnDisk took   0.055s, but failed to resolve DeathMenu.umap.
[2017.05.01-01.48.57:983][269]LogPackageName: SearchForPackageOnDisk took   0.055s, but failed to resolve DeathMenu.umap.
[2017.05.01-01.48.57:984][269]LogNet: Browse: /Game/Maps/MainMenu
[2017.05.01-01.48.57:984][269]LogNet:Warning: Travel Failure: [InvalidURL]: Invalid URL: /Game/Maps/MainMenu
[2017.05.01-01.48.57:984][269]LogNet: TravelFailure: InvalidURL, Reason for Failure: 'Invalid URL: /Game/Maps/MainMenu'
[2017.05.01-01.48.57:984][269]LogNet:Warning: Travel Failure: [ClientTravelFailure]: Invalid URL: /Game/Maps/MainMenu
[2017.05.01-01.48.57:984][269]LogNet: TravelFailure: ClientTravelFailure, Reason for Failure: 'Invalid URL: /Game/Maps/MainMenu'
[2017.05.01-01.48.58:049][269]LogPackageName: SearchForPackageOnDisk took   0.064s, but failed to resolve DeathMenu.umap.
[2017.05.01-01.48.58:105][270]LogPackageName: SearchForPackageOnDisk took   0.054s, but failed to resolve DeathMenu.umap.
[2017.05.01-01.48.58:105][270]LogNet: Browse: /Game/Maps/MainMenu
[2017.05.01-01.48.58:105][270]LogNet:Warning: Travel Failure: [InvalidURL]: Invalid URL: /Game/Maps/MainMenu
[2017.05.01-01.48.58:105][270]LogNet: TravelFailure: InvalidURL, Reason for Failure: 'Invalid URL: /Game/Maps/MainMenu'
[2017.05.01-01.48.58:105][270]LogNet:Warning: Travel Failure: [ClientTravelFailure]: Invalid URL: /Game/Maps/MainMenu
[2017.05.01-01.48.58:105][270]LogNet: TravelFailure: ClientTravelFailure, Reason for Failure: 'Invalid URL: /Game/Maps/MainMenu'
[2017.05.01-01.48.58:161][270]LogPackageName: SearchForPackageOnDisk took   0.055s, but failed to resolve DeathMenu.umap.
[2017.05.01-01.48.58:219][271]LogPackageName: SearchForPackageOnDisk took   0.056s, but failed to resolve DeathMenu.umap.
[2017.05.01-01.48.58:219][271]LogNet: Browse: /Game/Maps/MainMenu
[2017.05.01-01.48.58:219][271]LogNet:Warning: Travel Failure: [InvalidURL]: Invalid URL: /Game/Maps/MainMenu
[2017.05.01-01.48.58:219][271]LogNet: TravelFailure: InvalidURL, Reason for Failure: 'Invalid URL: /Game/Maps/MainMenu'
[2017.05.01-01.48.58:219][271]LogNet:Warning: Travel Failure: [ClientTravelFailure]: Invalid URL: /Game/Maps/MainMenu
[2017.05.01-01.48.58:219][271]LogNet: TravelFailure: ClientTravelFailure, Reason for Failure: 'Invalid URL: /Game/Maps/MainMenu'
[2017.05.01-01.48.58:275][271]LogPackageName: SearchForPackageOnDisk took   0.055s, but failed to resolve DeathMenu.umap.
[2017.05.01-01.48.58:333][272]LogPackageName: SearchForPackageOnDisk took   0.056s, but failed to resolve DeathMenu.umap.
[2017.05.01-01.48.58:333][272]LogNet: Browse: /Game/Maps/MainMenu
[2017.05.01-01.48.58:333][272]LogNet:Warning: Travel Failure: [InvalidURL]: Invalid URL: /Game/Maps/MainMenu
[2017.05.01-01.48.58:333][272]LogNet: TravelFailure: InvalidURL, Reason for Failure: 'Invalid URL: /Game/Maps/MainMenu'
[2017.05.01-01.48.58:333][272]LogNet:Warning: Travel Failure: [ClientTravelFailure]: Invalid URL: /Game/Maps/MainMenu
[2017.05.01-01.48.58:333][272]LogNet: TravelFailure: ClientTravelFailure, Reason for Failure: 'Invalid URL: /Game/Maps/MainMenu'
[2017.05.01-01.48.58:390][272]LogPackageName: SearchForPackageOnDisk took   0.056s, but failed to resolve DeathMenu.umap.
[2017.05.01-01.48.58:448][273]LogPackageName: SearchForPackageOnDisk took   0.056s, but failed to resolve DeathMenu.umap.
[2017.05.01-01.48.58:448][273]LogNet: Browse: /Game/Maps/MainMenu
[2017.05.01-01.48.58:448][273]LogNet:Warning: Travel Failure: [InvalidURL]: Invalid URL: /Game/Maps/MainMenu
[2017.05.01-01.48.58:448][273]LogNet: TravelFailure: InvalidURL, Reason for Failure: 'Invalid URL: /Game/Maps/MainMenu'
[2017.05.01-01.48.58:448][273]LogNet:Warning: Travel Failure: [ClientTravelFailure]: Invalid URL: /Game/Maps/MainMenu
[2017.05.01-01.48.58:448][273]LogNet: TravelFailure: ClientTravelFailure, Reason for Failure: 'Invalid URL: /Game/Maps/MainMenu'
[2017.05.01-01.48.58:503][273]LogPackageName: SearchForPackageOnDisk took   0.055s, but failed to resolve DeathMenu.umap.
[2017.05.01-01.48.58:562][274]LogPackageName: SearchForPackageOnDisk took   0.057s, but failed to resolve DeathMenu.umap.
[2017.05.01-01.48.58:562][274]LogNet: Browse: /Game/Maps/MainMenu
[2017.05.01-01.48.58:562][274]LogNet:Warning: Travel Failure: [InvalidURL]: Invalid URL: /Game/Maps/MainMenu
[2017.05.01-01.48.58:562][274]LogNet: TravelFailure: InvalidURL, Reason for Failure: 'Invalid URL: /Game/Maps/MainMenu'
[2017.05.01-01.48.58:562][274]LogNet:Warning: Travel Failure: [ClientTravelFailure]: Invalid URL: /Game/Maps/MainMenu
[2017.05.01-01.48.58:562][274]LogNet: TravelFailure: ClientTravelFailure, Reason for Failure: 'Invalid URL: /Game/Maps/MainMenu'
[2017.05.01-01.48.58:619][274]LogPackageName: SearchForPackageOnDisk took   0.055s, but failed to resolve DeathMenu.umap.
[2017.05.01-01.48.58:676][275]LogPackageName: SearchForPackageOnDisk took   0.056s, but failed to resolve DeathMenu.umap.
[2017.05.01-01.48.58:676][275]LogNet: Browse: /Game/Maps/MainMenu
[2017.05.01-01.48.58:677][275]LogNet:Warning: Travel Failure: [InvalidURL]: Invalid URL: /Game/Maps/MainMenu
[2017.05.01-01.48.58:677][275]LogNet: TravelFailure: InvalidURL, Reason for Failure: 'Invalid URL: /Game/Maps/MainMenu'
[2017.05.01-01.48.58:677][275]LogNet:Warning: Travel Failure: [ClientTravelFailure]: Invalid URL: /Game/Maps/MainMenu
[2017.05.01-01.48.58:677][275]LogNet: TravelFailure: ClientTravelFailure, Reason for Failure: 'Invalid URL: /Game/Maps/MainMenu'
[2017.05.01-01.48.58:734][275]LogPackageName: SearchForPackageOnDisk took   0.056s, but failed to resolve DeathMenu.umap.
[2017.05.01-01.48.58:791][276]LogPackageName: SearchForPackageOnDisk took   0.055s, but failed to resolve DeathMenu.umap.
[2017.05.01-01.48.58:791][276]LogNet: Browse: /Game/Maps/MainMenu
[2017.05.01-01.48.58:791][276]LogNet:Warning: Travel Failure: [InvalidURL]: Invalid URL: /Game/Maps/MainMenu
[2017.05.01-01.48.58:791][276]LogNet: TravelFailure: InvalidURL, Reason for Failure: 'Invalid URL: /Game/Maps/MainMenu'
[2017.05.01-01.48.58:791][276]LogNet:Warning: Travel Failure: [ClientTravelFailure]: Invalid URL: /Game/Maps/MainMenu
[2017.05.01-01.48.58:791][276]LogNet: TravelFailure: ClientTravelFailure, Reason for Failure: 'Invalid URL: /Game/Maps/MainMenu'
[2017.05.01-01.48.58:849][276]LogPackageName: SearchForPackageOnDisk took   0.056s, but failed to resolve DeathMenu.umap.
[2017.05.01-01.48.58:907][277]LogPackageName: SearchForPackageOnDisk took   0.057s, but failed to resolve DeathMenu.umap.
[2017.05.01-01.48.58:907][277]LogNet: Browse: /Game/Maps/MainMenu
[2017.05.01-01.48.58:907][277]LogNet:Warning: Travel Failure: [InvalidURL]: Invalid URL: /Game/Maps/MainMenu
[2017.05.01-01.48.58:907][277]LogNet: TravelFailure: InvalidURL, Reason for Failure: 'Invalid URL: /Game/Maps/MainMenu'
[2017.05.01-01.48.58:907][277]LogNet:Warning: Travel Failure: [ClientTravelFailure]: Invalid URL: /Game/Maps/MainMenu
[2017.05.01-01.48.58:907][277]LogNet: TravelFailure: ClientTravelFailure, Reason for Failure: 'Invalid URL: /Game/Maps/MainMenu'
[2017.05.01-01.48.58:964][277]LogPackageName: SearchForPackageOnDisk took   0.056s, but failed to resolve DeathMenu.umap.
[2017.05.01-01.48.59:023][278]LogPackageName: SearchForPackageOnDisk took   0.057s, but failed to resolve DeathMenu.umap.
[2017.05.01-01.48.59:023][278]LogNet: Browse: /Game/Maps/MainMenu
[2017.05.01-01.48.59:023][278]LogNet:Warning: Travel Failure: [InvalidURL]: Invalid URL: /Game/Maps/MainMenu
[2017.05.01-01.48.59:023][278]LogNet: TravelFailure: InvalidURL, Reason for Failure: 'Invalid URL: /Game/Maps/MainMenu'
[2017.05.01-01.48.59:023][278]LogNet:Warning: Travel Failure: [ClientTravelFailure]: Invalid URL: /Game/Maps/MainMenu
[2017.05.01-01.48.59:023][278]LogNet: TravelFailure: ClientTravelFailure, Reason for Failure: 'Invalid URL: /Game/Maps/MainMenu'
[2017.05.01-01.48.59:080][278]LogPackageName: SearchForPackageOnDisk took   0.056s, but failed to resolve DeathMenu.umap.
[2017.05.01-01.48.59:138][279]LogPackageName: SearchForPackageOnDisk took   0.056s, but failed to resolve DeathMenu.umap.
[2017.05.01-01.48.59:138][279]LogNet: Browse: /Game/Maps/MainMenu
[2017.05.01-01.48.59:138][279]LogNet:Warning: Travel Failure: [InvalidURL]: Invalid URL: /Game/Maps/MainMenu
[2017.05.01-01.48.59:138][279]LogNet: TravelFailure: InvalidURL, Reason for Failure: 'Invalid URL: /Game/Maps/MainMenu'
[2017.05.01-01.48.59:138][279]LogNet:Warning: Travel Failure: [ClientTravelFailure]: Invalid URL: /Game/Maps/MainMenu
[2017.05.01-01.48.59:138][279]LogNet: TravelFailure: ClientTravelFailure, Reason for Failure: 'Invalid URL: /Game/Maps/MainMenu'
[2017.05.01-01.48.59:196][279]LogPackageName: SearchForPackageOnDisk took   0.056s, but failed to resolve DeathMenu.umap.
[2017.05.01-01.48.59:255][280]LogPackageName: SearchForPackageOnDisk took   0.057s, but failed to resolve DeathMenu.umap.
[2017.05.01-01.48.59:255][280]LogNet: Browse: /Game/Maps/MainMenu
[2017.05.01-01.48.59:255][280]LogNet:Warning: Travel Failure: [InvalidURL]: Invalid URL: /Game/Maps/MainMenu
[2017.05.01-01.48.59:255][280]LogNet: TravelFailure: InvalidURL, Reason for Failure: 'Invalid URL: /Game/Maps/MainMenu'
[2017.05.01-01.48.59:255][280]LogNet:Warning: Travel Failure: [ClientTravelFailure]: Invalid URL: /Game/Maps/MainMenu
[2017.05.01-01.48.59:255][280]LogNet: TravelFailure: ClientTravelFailure, Reason for Failure: 'Invalid URL: /Game/Maps/MainMenu'
[2017.05.01-01.48.59:312][280]LogPackageName: SearchForPackageOnDisk took   0.056s, but failed to resolve DeathMenu.umap.
[2017.05.01-01.48.59:370][281]LogPackageName: SearchForPackageOnDisk took   0.056s, but failed to resolve DeathMenu.umap.
[2017.05.01-01.48.59:370][281]LogNet: Browse: /Game/Maps/MainMenu
[2017.05.01-01.48.59:370][281]LogNet:Warning: Travel Failure: [InvalidURL]: Invalid URL: /Game/Maps/MainMenu
[2017.05.01-01.48.59:370][281]LogNet: TravelFailure: InvalidURL, Reason for Failure: 'Invalid URL: /Game/Maps/MainMenu'
[2017.05.01-01.48.59:370][281]LogNet:Warning: Travel Failure: [ClientTravelFailure]: Invalid URL: /Game/Maps/MainMenu
[2017.05.01-01.48.59:370][281]LogNet: TravelFailure: ClientTravelFailure, Reason for Failure: 'Invalid URL: /Game/Maps/MainMenu'
[2017.05.01-01.48.59:427][281]LogPackageName: SearchForPackageOnDisk took   0.055s, but failed to resolve DeathMenu.umap.
[2017.05.01-01.48.59:486][282]LogPackageName: SearchForPackageOnDisk took   0.057s, but failed to resolve DeathMenu.umap.
[2017.05.01-01.48.59:486][282]LogNet: Browse: /Game/Maps/MainMenu
[2017.05.01-01.48.59:486][282]LogNet:Warning: Travel Failure: [InvalidURL]: Invalid URL: /Game/Maps/MainMenu
[2017.05.01-01.48.59:486][282]LogNet: TravelFailure: InvalidURL, Reason for Failure: 'Invalid URL: /Game/Maps/MainMenu'
[2017.05.01-01.48.59:486][282]LogNet:Warning: Travel Failure: [ClientTravelFailure]: Invalid URL: /Game/Maps/MainMenu
[2017.05.01-01.48.59:486][282]LogNet: TravelFailure: ClientTravelFailure, Reason for Failure: 'Invalid URL: /Game/Maps/MainMenu'
[2017.05.01-01.48.59:543][282]LogPackageName: SearchForPackageOnDisk took   0.056s, but failed to resolve DeathMenu.umap.
[2017.05.01-01.48.59:600][283]LogPackageName: SearchForPackageOnDisk took   0.056s, but failed to resolve DeathMenu.umap.
[2017.05.01-01.48.59:600][283]LogNet: Browse: /Game/Maps/MainMenu
[2017.05.01-01.48.59:600][283]LogNet:Warning: Travel Failure: [InvalidURL]: Invalid URL: /Game/Maps/MainMenu
[2017.05.01-01.48.59:600][283]LogNet: TravelFailure: InvalidURL, Reason for Failure: 'Invalid URL: /Game/Maps/MainMenu'
[2017.05.01-01.48.59:601][283]LogNet:Warning: Travel Failure: [ClientTravelFailure]: Invalid URL: /Game/Maps/MainMenu
[2017.05.01-01.48.59:601][283]LogNet: TravelFailure: ClientTravelFailure, Reason for Failure: 'Invalid URL: /Game/Maps/MainMenu'
[2017.05.01-01.48.59:658][283]LogPackageName: SearchForPackageOnDisk took   0.056s, but failed to resolve DeathMenu.umap.
[2017.05.01-01.48.59:717][284]LogPackageName: SearchForPackageOnDisk took   0.058s, but failed to resolve DeathMenu.umap.
[2017.05.01-01.48.59:717][284]LogNet: Browse: /Game/Maps/MainMenu
[2017.05.01-01.48.59:717][284]LogNet:Warning: Travel Failure: [InvalidURL]: Invalid URL: /Game/Maps/MainMenu
[2017.05.01-01.48.59:717][284]LogNet: TravelFailure: InvalidURL, Reason for Failure: 'Invalid URL: /Game/Maps/MainMenu'
[2017.05.01-01.48.59:717][284]LogNet:Warning: Travel Failure: [ClientTravelFailure]: Invalid URL: /Game/Maps/MainMenu
[2017.05.01-01.48.59:717][284]LogNet: TravelFailure: ClientTravelFailure, Reason for Failure: 'Invalid URL: /Game/Maps/MainMenu'
[2017.05.01-01.48.59:775][284]LogPackageName: SearchForPackageOnDisk took   0.056s, but failed to resolve DeathMenu.umap.
[2017.05.01-01.48.59:832][285]LogPackageName: SearchForPackageOnDisk took   0.055s, but failed to resolve DeathMenu.umap.
[2017.05.01-01.48.59:832][285]LogNet: Browse: /Game/Maps/MainMenu
[2017.05.01-01.48.59:832][285]LogNet:Warning: Travel Failure: [InvalidURL]: Invalid URL: /Game/Maps/MainMenu
[2017.05.01-01.48.59:832][285]LogNet: TravelFailure: InvalidURL, Reason for Failure: 'Invalid URL: /Game/Maps/MainMenu'
[2017.05.01-01.48.59:832][285]LogNet:Warning: Travel Failure: [ClientTravelFailure]: Invalid URL: /Game/Maps/MainMenu
[2017.05.01-01.48.59:832][285]LogNet: TravelFailure: ClientTravelFailure, Reason for Failure: 'Invalid URL: /Game/Maps/MainMenu'
[2017.05.01-01.48.59:888][285]LogPackageName: SearchForPackageOnDisk took   0.055s, but failed to resolve DeathMenu.umap.
[2017.05.01-01.48.59:945][286]LogPackageName: SearchForPackageOnDisk took   0.054s, but failed to resolve DeathMenu.umap.
[2017.05.01-01.48.59:945][286]LogNet: Browse: /Game/Maps/MainMenu
[2017.05.01-01.48.59:945][286]LogNet:Warning: Travel Failure: [InvalidURL]: Invalid URL: /Game/Maps/MainMenu
[2017.05.01-01.48.59:945][286]LogNet: TravelFailure: InvalidURL, Reason for Failure: 'Invalid URL: /Game/Maps/MainMenu'
[2017.05.01-01.48.59:945][286]LogNet:Warning: Travel Failure: [ClientTravelFailure]: Invalid URL: /Game/Maps/MainMenu
[2017.05.01-01.48.59:945][286]LogNet: TravelFailure: ClientTravelFailure, Reason for Failure: 'Invalid URL: /Game/Maps/MainMenu'
[2017.05.01-01.49.00:002][286]LogPackageName: SearchForPackageOnDisk took   0.056s, but failed to resolve DeathMenu.umap.
[2017.05.01-01.49.00:060][287]LogPackageName: SearchForPackageOnDisk took   0.056s, but failed to resolve DeathMenu.umap.
[2017.05.01-01.49.00:060][287]LogNet: Browse: /Game/Maps/MainMenu
[2017.05.01-01.49.00:060][287]LogNet:Warning: Travel Failure: [InvalidURL]: Invalid URL: /Game/Maps/MainMenu
[2017.05.01-01.49.00:060][287]LogNet: TravelFailure: InvalidURL, Reason for Failure: 'Invalid URL: /Game/Maps/MainMenu'
[2017.05.01-01.49.00:060][287]LogNet:Warning: Travel Failure: [ClientTravelFailure]: Invalid URL: /Game/Maps/MainMenu
[2017.05.01-01.49.00:060][287]LogNet: TravelFailure: ClientTravelFailure, Reason for Failure: 'Invalid URL: /Game/Maps/MainMenu'
[2017.05.01-01.49.00:117][287]LogPackageName: SearchForPackageOnDisk took   0.056s, but failed to resolve DeathMenu.umap.
[2017.05.01-01.49.00:174][288]LogPackageName: SearchForPackageOnDisk took   0.055s, but failed to resolve DeathMenu.umap.
[2017.05.01-01.49.00:174][288]LogNet: Browse: /Game/Maps/MainMenu
[2017.05.01-01.49.00:174][288]LogNet:Warning: Travel Failure: [InvalidURL]: Invalid URL: /Game/Maps/MainMenu
[2017.05.01-01.49.00:174][288]LogNet: TravelFailure: InvalidURL, Reason for Failure: 'Invalid URL: /Game/Maps/MainMenu'
[2017.05.01-01.49.00:174][288]LogNet:Warning: Travel Failure: [ClientTravelFailure]: Invalid URL: /Game/Maps/MainMenu
[2017.05.01-01.49.00:174][288]LogNet: TravelFailure: ClientTravelFailure, Reason for Failure: 'Invalid URL: /Game/Maps/MainMenu'
[2017.05.01-01.49.00:231][288]LogPackageName: SearchForPackageOnDisk took   0.056s, but failed to resolve DeathMenu.umap.
[2017.05.01-01.49.00:290][289]LogPackageName: SearchForPackageOnDisk took   0.056s, but failed to resolve DeathMenu.umap.
[2017.05.01-01.49.00:290][289]LogNet: Browse: /Game/Maps/MainMenu
[2017.05.01-01.49.00:290][289]LogNet:Warning: Travel Failure: [InvalidURL]: Invalid URL: /Game/Maps/MainMenu
[2017.05.01-01.49.00:290][289]LogNet: TravelFailure: InvalidURL, Reason for Failure: 'Invalid URL: /Game/Maps/MainMenu'
[2017.05.01-01.49.00:290][289]LogNet:Warning: Travel Failure: [ClientTravelFailure]: Invalid URL: /Game/Maps/MainMenu
[2017.05.01-01.49.00:290][289]LogNet: TravelFailure: ClientTravelFailure, Reason for Failure: 'Invalid URL: /Game/Maps/MainMenu'
[2017.05.01-01.49.00:347][289]LogPackageName: SearchForPackageOnDisk took   0.056s, but failed to resolve DeathMenu.umap.
[2017.05.01-01.49.00:404][290]LogPackageName: SearchForPackageOnDisk took   0.056s, but failed to resolve DeathMenu.umap.
[2017.05.01-01.49.00:404][290]LogNet: Browse: /Game/Maps/MainMenu
[2017.05.01-01.49.00:404][290]LogNet:Warning: Travel Failure: [InvalidURL]: Invalid URL: /Game/Maps/MainMenu
[2017.05.01-01.49.00:404][290]LogNet: TravelFailure: InvalidURL, Reason for Failure: 'Invalid URL: /Game/Maps/MainMenu'
[2017.05.01-01.49.00:404][290]LogNet:Warning: Travel Failure: [ClientTravelFailure]: Invalid URL: /Game/Maps/MainMenu
[2017.05.01-01.49.00:405][290]LogNet: TravelFailure: ClientTravelFailure, Reason for Failure: 'Invalid URL: /Game/Maps/MainMenu'
[2017.05.01-01.49.00:462][290]LogPackageName: SearchForPackageOnDisk took   0.056s, but failed to resolve DeathMenu.umap.
[2017.05.01-01.49.00:521][291]LogPackageName: SearchForPackageOnDisk took   0.056s, but failed to resolve DeathMenu.umap.
[2017.05.01-01.49.00:521][291]LogNet: Browse: /Game/Maps/MainMenu
[2017.05.01-01.49.00:521][291]LogNet:Warning: Travel Failure: [InvalidURL]: Invalid URL: /Game/Maps/MainMenu
[2017.05.01-01.49.00:521][291]LogNet: TravelFailure: InvalidURL, Reason for Failure: 'Invalid URL: /Game/Maps/MainMenu'
[2017.05.01-01.49.00:521][291]LogNet:Warning: Travel Failure: [ClientTravelFailure]: Invalid URL: /Game/Maps/MainMenu
[2017.05.01-01.49.00:521][291]LogNet: TravelFailure: ClientTravelFailure, Reason for Failure: 'Invalid URL: /Game/Maps/MainMenu'
[2017.05.01-01.49.00:577][291]LogPackageName: SearchForPackageOnDisk took   0.056s, but failed to resolve DeathMenu.umap.
[2017.05.01-01.49.00:635][292]LogPackageName: SearchForPackageOnDisk took   0.056s, but failed to resolve DeathMenu.umap.
[2017.05.01-01.49.00:635][292]LogNet: Browse: /Game/Maps/MainMenu
[2017.05.01-01.49.00:635][292]LogNet:Warning: Travel Failure: [InvalidURL]: Invalid URL: /Game/Maps/MainMenu
[2017.05.01-01.49.00:635][292]LogNet: TravelFailure: InvalidURL, Reason for Failure: 'Invalid URL: /Game/Maps/MainMenu'
[2017.05.01-01.49.00:635][292]LogNet:Warning: Travel Failure: [ClientTravelFailure]: Invalid URL: /Game/Maps/MainMenu
[2017.05.01-01.49.00:635][292]LogNet: TravelFailure: ClientTravelFailure, Reason for Failure: 'Invalid URL: /Game/Maps/MainMenu'
[2017.05.01-01.49.00:691][292]LogPackageName: SearchForPackageOnDisk took   0.056s, but failed to resolve DeathMenu.umap.
[2017.05.01-01.49.00:750][293]LogPackageName: SearchForPackageOnDisk took   0.057s, but failed to resolve DeathMenu.umap.
[2017.05.01-01.49.00:750][293]LogNet: Browse: /Game/Maps/MainMenu
[2017.05.01-01.49.00:750][293]LogNet:Warning: Travel Failure: [InvalidURL]: Invalid URL: /Game/Maps/MainMenu
[2017.05.01-01.49.00:750][293]LogNet: TravelFailure: InvalidURL, Reason for Failure: 'Invalid URL: /Game/Maps/MainMenu'
[2017.05.01-01.49.00:750][293]LogNet:Warning: Travel Failure: [ClientTravelFailure]: Invalid URL: /Game/Maps/MainMenu
[2017.05.01-01.49.00:750][293]LogNet: TravelFailure: ClientTravelFailure, Reason for Failure: 'Invalid URL: /Game/Maps/MainMenu'
[2017.05.01-01.49.00:807][293]LogPackageName: SearchForPackageOnDisk took   0.056s, but failed to resolve DeathMenu.umap.
[2017.05.01-01.49.00:865][294]LogPackageName: SearchForPackageOnDisk took   0.056s, but failed to resolve DeathMenu.umap.
[2017.05.01-01.49.00:865][294]LogNet: Browse: /Game/Maps/MainMenu
[2017.05.01-01.49.00:865][294]LogNet:Warning: Travel Failure: [InvalidURL]: Invalid URL: /Game/Maps/MainMenu
[2017.05.01-01.49.00:865][294]LogNet: TravelFailure: InvalidURL, Reason for Failure: 'Invalid URL: /Game/Maps/MainMenu'
[2017.05.01-01.49.00:865][294]LogNet:Warning: Travel Failure: [ClientTravelFailure]: Invalid URL: /Game/Maps/MainMenu
[2017.05.01-01.49.00:865][294]LogNet: TravelFailure: ClientTravelFailure, Reason for Failure: 'Invalid URL: /Game/Maps/MainMenu'
[2017.05.01-01.49.00:923][294]LogPackageName: SearchForPackageOnDisk took   0.056s, but failed to resolve DeathMenu.umap.
[2017.05.01-01.49.00:981][295]LogPackageName: SearchForPackageOnDisk took   0.056s, but failed to resolve DeathMenu.umap.
[2017.05.01-01.49.00:981][295]LogNet: Browse: /Game/Maps/MainMenu
[2017.05.01-01.49.00:981][295]LogNet:Warning: Travel Failure: [InvalidURL]: Invalid URL: /Game/Maps/MainMenu
[2017.05.01-01.49.00:981][295]LogNet: TravelFailure: InvalidURL, Reason for Failure: 'Invalid URL: /Game/Maps/MainMenu'
[2017.05.01-01.49.00:981][295]LogNet:Warning: Travel Failure: [ClientTravelFailure]: Invalid URL: /Game/Maps/MainMenu
[2017.05.01-01.49.00:981][295]LogNet: TravelFailure: ClientTravelFailure, Reason for Failure: 'Invalid URL: /Game/Maps/MainMenu'
[2017.05.01-01.49.01:046][295]LogPackageName: SearchForPackageOnDisk took   0.064s, but failed to resolve DeathMenu.umap.
[2017.05.01-01.49.01:104][296]LogPackageName: SearchForPackageOnDisk took   0.055s, but failed to resolve DeathMenu.umap.
[2017.05.01-01.49.01:104][296]LogNet: Browse: /Game/Maps/MainMenu
[2017.05.01-01.49.01:104][296]LogNet:Warning: Travel Failure: [InvalidURL]: Invalid URL: /Game/Maps/MainMenu
[2017.05.01-01.49.01:104][296]LogNet: TravelFailure: InvalidURL, Reason for Failure: 'Invalid URL: /Game/Maps/MainMenu'
[2017.05.01-01.49.01:104][296]LogNet:Warning: Travel Failure: [ClientTravelFailure]: Invalid URL: /Game/Maps/MainMenu
[2017.05.01-01.49.01:104][296]LogNet: TravelFailure: ClientTravelFailure, Reason for Failure: 'Invalid URL: /Game/Maps/MainMenu'
[2017.05.01-01.49.01:161][296]LogPackageName: SearchForPackageOnDisk took   0.056s, but failed to resolve DeathMenu.umap.
[2017.05.01-01.49.01:218][297]LogPackageName: SearchForPackageOnDisk took   0.055s, but failed to resolve DeathMenu.umap.
[2017.05.01-01.49.01:218][297]LogNet: Browse: /Game/Maps/MainMenu
[2017.05.01-01.49.01:218][297]LogNet:Warning: Travel Failure: [InvalidURL]: Invalid URL: /Game/Maps/MainMenu
[2017.05.01-01.49.01:218][297]LogNet: TravelFailure: InvalidURL, Reason for Failure: 'Invalid URL: /Game/Maps/MainMenu'
[2017.05.01-01.49.01:218][297]LogNet:Warning: Travel Failure: [ClientTravelFailure]: Invalid URL: /Game/Maps/MainMenu
[2017.05.01-01.49.01:218][297]LogNet: TravelFailure: ClientTravelFailure, Reason for Failure: 'Invalid URL: /Game/Maps/MainMenu'
[2017.05.01-01.49.01:275][297]LogPackageName: SearchForPackageOnDisk took   0.056s, but failed to resolve DeathMenu.umap.
[2017.05.01-01.49.01:332][298]LogPackageName: SearchForPackageOnDisk took   0.056s, but failed to resolve DeathMenu.umap.
[2017.05.01-01.49.01:332][298]LogNet: Browse: /Game/Maps/MainMenu
[2017.05.01-01.49.01:332][298]LogNet:Warning: Travel Failure: [InvalidURL]: Invalid URL: /Game/Maps/MainMenu
[2017.05.01-01.49.01:332][298]LogNet: TravelFailure: InvalidURL, Reason for Failure: 'Invalid URL: /Game/Maps/MainMenu'
[2017.05.01-01.49.01:332][298]LogNet:Warning: Travel Failure: [ClientTravelFailure]: Invalid URL: /Game/Maps/MainMenu
[2017.05.01-01.49.01:332][298]LogNet: TravelFailure: ClientTravelFailure, Reason for Failure: 'Invalid URL: /Game/Maps/MainMenu'
[2017.05.01-01.49.01:389][298]LogPackageName: SearchForPackageOnDisk took   0.056s, but failed to resolve DeathMenu.umap.
[2017.05.01-01.49.01:447][299]LogPackageName: SearchForPackageOnDisk took   0.056s, but failed to resolve DeathMenu.umap.
[2017.05.01-01.49.01:447][299]LogNet: Browse: /Game/Maps/MainMenu
[2017.05.01-01.49.01:447][299]LogNet:Warning: Travel Failure: [InvalidURL]: Invalid URL: /Game/Maps/MainMenu
[2017.05.01-01.49.01:447][299]LogNet: TravelFailure: InvalidURL, Reason for Failure: 'Invalid URL: /Game/Maps/MainMenu'
[2017.05.01-01.49.01:447][299]LogNet:Warning: Travel Failure: [ClientTravelFailure]: Invalid URL: /Game/Maps/MainMenu
[2017.05.01-01.49.01:447][299]LogNet: TravelFailure: ClientTravelFailure, Reason for Failure: 'Invalid URL: /Game/Maps/MainMenu'
[2017.05.01-01.49.01:504][299]LogPackageName: SearchForPackageOnDisk took   0.056s, but failed to resolve DeathMenu.umap.
[2017.05.01-01.49.01:562][300]LogPackageName: SearchForPackageOnDisk took   0.056s, but failed to resolve DeathMenu.umap.
[2017.05.01-01.49.01:562][300]LogNet: Browse: /Game/Maps/MainMenu
[2017.05.01-01.49.01:562][300]LogNet:Warning: Travel Failure: [InvalidURL]: Invalid URL: /Game/Maps/MainMenu
[2017.05.01-01.49.01:562][300]LogNet: TravelFailure: InvalidURL, Reason for Failure: 'Invalid URL: /Game/Maps/MainMenu'
[2017.05.01-01.49.01:562][300]LogNet:Warning: Travel Failure: [ClientTravelFailure]: Invalid URL: /Game/Maps/MainMenu
[2017.05.01-01.49.01:562][300]LogNet: TravelFailure: ClientTravelFailure, Reason for Failure: 'Invalid URL: /Game/Maps/MainMenu'
[2017.05.01-01.49.01:618][300]LogPackageName: SearchForPackageOnDisk took   0.056s, but failed to resolve DeathMenu.umap.
[2017.05.01-01.49.01:676][301]LogPackageName: SearchForPackageOnDisk took   0.056s, but failed to resolve DeathMenu.umap.
[2017.05.01-01.49.01:676][301]LogNet: Browse: /Game/Maps/MainMenu
[2017.05.01-01.49.01:676][301]LogNet:Warning: Travel Failure: [InvalidURL]: Invalid URL: /Game/Maps/MainMenu
[2017.05.01-01.49.01:676][301]LogNet: TravelFailure: InvalidURL, Reason for Failure: 'Invalid URL: /Game/Maps/MainMenu'
[2017.05.01-01.49.01:676][301]LogNet:Warning: Travel Failure: [ClientTravelFailure]: Invalid URL: /Game/Maps/MainMenu
[2017.05.01-01.49.01:676][301]LogNet: TravelFailure: ClientTravelFailure, Reason for Failure: 'Invalid URL: /Game/Maps/MainMenu'
[2017.05.01-01.49.01:734][301]LogPackageName: SearchForPackageOnDisk took   0.057s, but failed to resolve DeathMenu.umap.
[2017.05.01-01.49.01:792][302]LogPackageName: SearchForPackageOnDisk took   0.056s, but failed to resolve DeathMenu.umap.
[2017.05.01-01.49.01:792][302]LogNet: Browse: /Game/Maps/MainMenu
[2017.05.01-01.49.01:792][302]LogNet:Warning: Travel Failure: [InvalidURL]: Invalid URL: /Game/Maps/MainMenu
[2017.05.01-01.49.01:792][302]LogNet: TravelFailure: InvalidURL, Reason for Failure: 'Invalid URL: /Game/Maps/MainMenu'
[2017.05.01-01.49.01:792][302]LogNet:Warning: Travel Failure: [ClientTravelFailure]: Invalid URL: /Game/Maps/MainMenu
[2017.05.01-01.49.01:792][302]LogNet: TravelFailure: ClientTravelFailure, Reason for Failure: 'Invalid URL: /Game/Maps/MainMenu'
[2017.05.01-01.49.01:848][302]LogPackageName: SearchForPackageOnDisk took   0.056s, but failed to resolve DeathMenu.umap.
[2017.05.01-01.49.01:906][303]LogPackageName: SearchForPackageOnDisk took   0.055s, but failed to resolve DeathMenu.umap.
[2017.05.01-01.49.01:906][303]LogNet: Browse: /Game/Maps/MainMenu
[2017.05.01-01.49.01:906][303]LogNet:Warning: Travel Failure: [InvalidURL]: Invalid URL: /Game/Maps/MainMenu
[2017.05.01-01.49.01:906][303]LogNet: TravelFailure: InvalidURL, Reason for Failure: 'Invalid URL: /Game/Maps/MainMenu'
[2017.05.01-01.49.01:906][303]LogNet:Warning: Travel Failure: [ClientTravelFailure]: Invalid URL: /Game/Maps/MainMenu
[2017.05.01-01.49.01:906][303]LogNet: TravelFailure: ClientTravelFailure, Reason for Failure: 'Invalid URL: /Game/Maps/MainMenu'
[2017.05.01-01.49.01:963][303]LogPackageName: SearchForPackageOnDisk took   0.056s, but failed to resolve DeathMenu.umap.
[2017.05.01-01.49.02:022][304]LogPackageName: SearchForPackageOnDisk took   0.057s, but failed to resolve DeathMenu.umap.
[2017.05.01-01.49.02:022][304]LogNet: Browse: /Game/Maps/MainMenu
[2017.05.01-01.49.02:022][304]LogNet:Warning: Travel Failure: [InvalidURL]: Invalid URL: /Game/Maps/MainMenu
[2017.05.01-01.49.02:022][304]LogNet: TravelFailure: InvalidURL, Reason for Failure: 'Invalid URL: /Game/Maps/MainMenu'
[2017.05.01-01.49.02:022][304]LogNet:Warning: Travel Failure: [ClientTravelFailure]: Invalid URL: /Game/Maps/MainMenu
[2017.05.01-01.49.02:022][304]LogNet: TravelFailure: ClientTravelFailure, Reason for Failure: 'Invalid URL: /Game/Maps/MainMenu'
[2017.05.01-01.49.02:079][304]LogPackageName: SearchForPackageOnDisk took   0.056s, but failed to resolve DeathMenu.umap.
[2017.05.01-01.49.02:137][305]LogPackageName: SearchForPackageOnDisk took   0.056s, but failed to resolve DeathMenu.umap.
[2017.05.01-01.49.02:137][305]LogNet: Browse: /Game/Maps/MainMenu
[2017.05.01-01.49.02:137][305]LogNet:Warning: Travel Failure: [InvalidURL]: Invalid URL: /Game/Maps/MainMenu
[2017.05.01-01.49.02:137][305]LogNet: TravelFailure: InvalidURL, Reason for Failure: 'Invalid URL: /Game/Maps/MainMenu'
[2017.05.01-01.49.02:137][305]LogNet:Warning: Travel Failure: [ClientTravelFailure]: Invalid URL: /Game/Maps/MainMenu
[2017.05.01-01.49.02:137][305]LogNet: TravelFailure: ClientTravelFailure, Reason for Failure: 'Invalid URL: /Game/Maps/MainMenu'
[2017.05.01-01.49.02:194][305]LogPackageName: SearchForPackageOnDisk took   0.056s, but failed to resolve DeathMenu.umap.
[2017.05.01-01.49.02:253][306]LogPackageName: SearchForPackageOnDisk took   0.057s, but failed to resolve DeathMenu.umap.
[2017.05.01-01.49.02:253][306]LogNet: Browse: /Game/Maps/MainMenu
[2017.05.01-01.49.02:253][306]LogNet:Warning: Travel Failure: [InvalidURL]: Invalid URL: /Game/Maps/MainMenu
[2017.05.01-01.49.02:253][306]LogNet: TravelFailure: InvalidURL, Reason for Failure: 'Invalid URL: /Game/Maps/MainMenu'
[2017.05.01-01.49.02:253][306]LogNet:Warning: Travel Failure: [ClientTravelFailure]: Invalid URL: /Game/Maps/MainMenu
[2017.05.01-01.49.02:253][306]LogNet: TravelFailure: ClientTravelFailure, Reason for Failure: 'Invalid URL: /Game/Maps/MainMenu'
[2017.05.01-01.49.02:309][306]LogPackageName: SearchForPackageOnDisk took   0.056s, but failed to resolve DeathMenu.umap.
[2017.05.01-01.49.02:368][307]LogPackageName: SearchForPackageOnDisk took   0.057s, but failed to resolve DeathMenu.umap.
[2017.05.01-01.49.02:368][307]LogNet: Browse: /Game/Maps/MainMenu
[2017.05.01-01.49.02:368][307]LogNet:Warning: Travel Failure: [InvalidURL]: Invalid URL: /Game/Maps/MainMenu
[2017.05.01-01.49.02:368][307]LogNet: TravelFailure: InvalidURL, Reason for Failure: 'Invalid URL: /Game/Maps/MainMenu'
[2017.05.01-01.49.02:368][307]LogNet:Warning: Travel Failure: [ClientTravelFailure]: Invalid URL: /Game/Maps/MainMenu
[2017.05.01-01.49.02:368][307]LogNet: TravelFailure: ClientTravelFailure, Reason for Failure: 'Invalid URL: /Game/Maps/MainMenu'
[2017.05.01-01.49.02:425][307]LogPackageName: SearchForPackageOnDisk took   0.056s, but failed to resolve DeathMenu.umap.
[2017.05.01-01.49.02:483][308]LogPackageName: SearchForPackageOnDisk took   0.056s, but failed to resolve DeathMenu.umap.
[2017.05.01-01.49.02:483][308]LogNet: Browse: /Game/Maps/MainMenu
[2017.05.01-01.49.02:483][308]LogNet:Warning: Travel Failure: [InvalidURL]: Invalid URL: /Game/Maps/MainMenu
[2017.05.01-01.49.02:483][308]LogNet: TravelFailure: InvalidURL, Reason for Failure: 'Invalid URL: /Game/Maps/MainMenu'
[2017.05.01-01.49.02:483][308]LogNet:Warning: Travel Failure: [ClientTravelFailure]: Invalid URL: /Game/Maps/MainMenu
[2017.05.01-01.49.02:483][308]LogNet: TravelFailure: ClientTravelFailure, Reason for Failure: 'Invalid URL: /Game/Maps/MainMenu'
[2017.05.01-01.49.02:539][308]LogPackageName: SearchForPackageOnDisk took   0.056s, but failed to resolve DeathMenu.umap.
[2017.05.01-01.49.02:598][309]LogPackageName: SearchForPackageOnDisk took   0.057s, but failed to resolve DeathMenu.umap.
[2017.05.01-01.49.02:598][309]LogNet: Browse: /Game/Maps/MainMenu
[2017.05.01-01.49.02:598][309]LogNet:Warning: Travel Failure: [InvalidURL]: Invalid URL: /Game/Maps/MainMenu
[2017.05.01-01.49.02:598][309]LogNet: TravelFailure: InvalidURL, Reason for Failure: 'Invalid URL: /Game/Maps/MainMenu'
[2017.05.01-01.49.02:598][309]LogNet:Warning: Travel Failure: [ClientTravelFailure]: Invalid URL: /Game/Maps/MainMenu
[2017.05.01-01.49.02:598][309]LogNet: TravelFailure: ClientTravelFailure, Reason for Failure: 'Invalid URL: /Game/Maps/MainMenu'
[2017.05.01-01.49.02:655][309]LogPackageName: SearchForPackageOnDisk took   0.056s, but failed to resolve DeathMenu.umap.
[2017.05.01-01.49.02:713][310]LogPackageName: SearchForPackageOnDisk took   0.057s, but failed to resolve DeathMenu.umap.
[2017.05.01-01.49.02:713][310]LogNet: Browse: /Game/Maps/MainMenu
[2017.05.01-01.49.02:713][310]LogNet:Warning: Travel Failure: [InvalidURL]: Invalid URL: /Game/Maps/MainMenu
[2017.05.01-01.49.02:713][310]LogNet: TravelFailure: InvalidURL, Reason for Failure: 'Invalid URL: /Game/Maps/MainMenu'
[2017.05.01-01.49.02:713][310]LogNet:Warning: Travel Failure: [ClientTravelFailure]: Invalid URL: /Game/Maps/MainMenu
[2017.05.01-01.49.02:713][310]LogNet: TravelFailure: ClientTravelFailure, Reason for Failure: 'Invalid URL: /Game/Maps/MainMenu'
[2017.05.01-01.49.02:771][310]LogPackageName: SearchForPackageOnDisk took   0.057s, but failed to resolve DeathMenu.umap.
[2017.05.01-01.49.02:828][311]LogPackageName: SearchForPackageOnDisk took   0.055s, but failed to resolve DeathMenu.umap.
[2017.05.01-01.49.02:828][311]LogNet: Browse: /Game/Maps/MainMenu
[2017.05.01-01.49.02:828][311]LogNet:Warning: Travel Failure: [InvalidURL]: Invalid URL: /Game/Maps/MainMenu
[2017.05.01-01.49.02:828][311]LogNet: TravelFailure: InvalidURL, Reason for Failure: 'Invalid URL: /Game/Maps/MainMenu'
[2017.05.01-01.49.02:828][311]LogNet:Warning: Travel Failure: [ClientTravelFailure]: Invalid URL: /Game/Maps/MainMenu
[2017.05.01-01.49.02:828][311]LogNet: TravelFailure: ClientTravelFailure, Reason for Failure: 'Invalid URL: /Game/Maps/MainMenu'
[2017.05.01-01.49.02:885][311]LogPackageName: SearchForPackageOnDisk took   0.056s, but failed to resolve DeathMenu.umap.
[2017.05.01-01.49.02:943][312]LogPackageName: SearchForPackageOnDisk took   0.056s, but failed to resolve DeathMenu.umap.
[2017.05.01-01.49.02:943][312]LogNet: Browse: /Game/Maps/MainMenu
[2017.05.01-01.49.02:943][312]LogNet:Warning: Travel Failure: [InvalidURL]: Invalid URL: /Game/Maps/MainMenu
[2017.05.01-01.49.02:943][312]LogNet: TravelFailure: InvalidURL, Reason for Failure: 'Invalid URL: /Game/Maps/MainMenu'
[2017.05.01-01.49.02:943][312]LogNet:Warning: Travel Failure: [ClientTravelFailure]: Invalid URL: /Game/Maps/MainMenu
[2017.05.01-01.49.02:943][312]LogNet: TravelFailure: ClientTravelFailure, Reason for Failure: 'Invalid URL: /Game/Maps/MainMenu'
[2017.05.01-01.49.03:000][312]LogPackageName: SearchForPackageOnDisk took   0.056s, but failed to resolve DeathMenu.umap.
[2017.05.01-01.49.03:064][313]LogPackageName: SearchForPackageOnDisk took   0.061s, but failed to resolve DeathMenu.umap.
[2017.05.01-01.49.03:064][313]LogNet: Browse: /Game/Maps/MainMenu
[2017.05.01-01.49.03:064][313]LogNet:Warning: Travel Failure: [InvalidURL]: Invalid URL: /Game/Maps/MainMenu
[2017.05.01-01.49.03:064][313]LogNet: TravelFailure: InvalidURL, Reason for Failure: 'Invalid URL: /Game/Maps/MainMenu'
[2017.05.01-01.49.03:064][313]LogNet:Warning: Travel Failure: [ClientTravelFailure]: Invalid URL: /Game/Maps/MainMenu
[2017.05.01-01.49.03:064][313]LogNet: TravelFailure: ClientTravelFailure, Reason for Failure: 'Invalid URL: /Game/Maps/MainMenu'
[2017.05.01-01.49.03:121][313]LogPackageName: SearchForPackageOnDisk took   0.056s, but failed to resolve DeathMenu.umap.
[2017.05.01-01.49.03:178][314]LogPackageName: SearchForPackageOnDisk took   0.056s, but failed to resolve DeathMenu.umap.
[2017.05.01-01.49.03:178][314]LogNet: Browse: /Game/Maps/MainMenu
[2017.05.01-01.49.03:178][314]LogNet:Warning: Travel Failure: [InvalidURL]: Invalid URL: /Game/Maps/MainMenu
[2017.05.01-01.49.03:178][314]LogNet: TravelFailure: InvalidURL, Reason for Failure: 'Invalid URL: /Game/Maps/MainMenu'
[2017.05.01-01.49.03:178][314]LogNet:Warning: Travel Failure: [ClientTravelFailure]: Invalid URL: /Game/Maps/MainMenu
[2017.05.01-01.49.03:178][314]LogNet: TravelFailure: ClientTravelFailure, Reason for Failure: 'Invalid URL: /Game/Maps/MainMenu'
[2017.05.01-01.49.03:235][314]LogPackageName: SearchForPackageOnDisk took   0.056s, but failed to resolve DeathMenu.umap.
[2017.05.01-01.49.03:292][315]LogPackageName: SearchForPackageOnDisk took   0.056s, but failed to resolve DeathMenu.umap.
[2017.05.01-01.49.03:292][315]LogNet: Browse: /Game/Maps/MainMenu
[2017.05.01-01.49.03:292][315]LogNet:Warning: Travel Failure: [InvalidURL]: Invalid URL: /Game/Maps/MainMenu
[2017.05.01-01.49.03:292][315]LogNet: TravelFailure: InvalidURL, Reason for Failure: 'Invalid URL: /Game/Maps/MainMenu'
[2017.05.01-01.49.03:292][315]LogNet:Warning: Travel Failure: [ClientTravelFailure]: Invalid URL: /Game/Maps/MainMenu
[2017.05.01-01.49.03:292][315]LogNet: TravelFailure: ClientTravelFailure, Reason for Failure: 'Invalid URL: /Game/Maps/MainMenu'
[2017.05.01-01.49.03:350][315]LogPackageName: SearchForPackageOnDisk took   0.057s, but failed to resolve DeathMenu.umap.
[2017.05.01-01.49.03:407][316]LogPackageName: SearchForPackageOnDisk took   0.055s, but failed to resolve DeathMenu.umap.
[2017.05.01-01.49.03:408][316]LogNet: Browse: /Game/Maps/MainMenu
[2017.05.01-01.49.03:408][316]LogNet:Warning: Travel Failure: [InvalidURL]: Invalid URL: /Game/Maps/MainMenu
[2017.05.01-01.49.03:408][316]LogNet: TravelFailure: InvalidURL, Reason for Failure: 'Invalid URL: /Game/Maps/MainMenu'
[2017.05.01-01.49.03:408][316]LogNet:Warning: Travel Failure: [ClientTravelFailure]: Invalid URL: /Game/Maps/MainMenu
[2017.05.01-01.49.03:408][316]LogNet: TravelFailure: ClientTravelFailure, Reason for Failure: 'Invalid URL: /Game/Maps/MainMenu'
[2017.05.01-01.49.03:464][316]LogPackageName: SearchForPackageOnDisk took   0.056s, but failed to resolve DeathMenu.umap.
[2017.05.01-01.49.03:522][317]LogPackageName: SearchForPackageOnDisk took   0.056s, but failed to resolve DeathMenu.umap.
[2017.05.01-01.49.03:522][317]LogNet: Browse: /Game/Maps/MainMenu
[2017.05.01-01.49.03:522][317]LogNet:Warning: Travel Failure: [InvalidURL]: Invalid URL: /Game/Maps/MainMenu
[2017.05.01-01.49.03:522][317]LogNet: TravelFailure: InvalidURL, Reason for Failure: 'Invalid URL: /Game/Maps/MainMenu'
[2017.05.01-01.49.03:522][317]LogNet:Warning: Travel Failure: [ClientTravelFailure]: Invalid URL: /Game/Maps/MainMenu
[2017.05.01-01.49.03:522][317]LogNet: TravelFailure: ClientTravelFailure, Reason for Failure: 'Invalid URL: /Game/Maps/MainMenu'
[2017.05.01-01.49.03:577][317]LogPackageName: SearchForPackageOnDisk took   0.055s, but failed to resolve DeathMenu.umap.
[2017.05.01-01.49.03:635][318]LogPackageName: SearchForPackageOnDisk took   0.056s, but failed to resolve DeathMenu.umap.
[2017.05.01-01.49.03:635][318]LogNet: Browse: /Game/Maps/MainMenu
[2017.05.01-01.49.03:635][318]LogNet:Warning: Travel Failure: [InvalidURL]: Invalid URL: /Game/Maps/MainMenu
[2017.05.01-01.49.03:635][318]LogNet: TravelFailure: InvalidURL, Reason for Failure: 'Invalid URL: /Game/Maps/MainMenu'
[2017.05.01-01.49.03:635][318]LogNet:Warning: Travel Failure: [ClientTravelFailure]: Invalid URL: /Game/Maps/MainMenu
[2017.05.01-01.49.03:635][318]LogNet: TravelFailure: ClientTravelFailure, Reason for Failure: 'Invalid URL: /Game/Maps/MainMenu'
[2017.05.01-01.49.03:691][318]LogPackageName: SearchForPackageOnDisk took   0.055s, but failed to resolve DeathMenu.umap.
[2017.05.01-01.49.03:748][319]LogPackageName: SearchForPackageOnDisk took   0.055s, but failed to resolve DeathMenu.umap.
[2017.05.01-01.49.03:748][319]LogNet: Browse: /Game/Maps/MainMenu
[2017.05.01-01.49.03:748][319]LogNet:Warning: Travel Failure: [InvalidURL]: Invalid URL: /Game/Maps/MainMenu
[2017.05.01-01.49.03:748][319]LogNet: TravelFailure: InvalidURL, Reason for Failure: 'Invalid URL: /Game/Maps/MainMenu'
[2017.05.01-01.49.03:748][319]LogNet:Warning: Travel Failure: [ClientTravelFailure]: Invalid URL: /Game/Maps/MainMenu
[2017.05.01-01.49.03:748][319]LogNet: TravelFailure: ClientTravelFailure, Reason for Failure: 'Invalid URL: /Game/Maps/MainMenu'
[2017.05.01-01.49.03:805][319]LogPackageName: SearchForPackageOnDisk took   0.055s, but failed to resolve DeathMenu.umap.
[2017.05.01-01.49.03:862][320]LogPackageName: SearchForPackageOnDisk took   0.056s, but failed to resolve DeathMenu.umap.
[2017.05.01-01.49.03:862][320]LogNet: Browse: /Game/Maps/MainMenu
[2017.05.01-01.49.03:862][320]LogNet:Warning: Travel Failure: [InvalidURL]: Invalid URL: /Game/Maps/MainMenu
[2017.05.01-01.49.03:862][320]LogNet: TravelFailure: InvalidURL, Reason for Failure: 'Invalid URL: /Game/Maps/MainMenu'
[2017.05.01-01.49.03:862][320]LogNet:Warning: Travel Failure: [ClientTravelFailure]: Invalid URL: /Game/Maps/MainMenu
[2017.05.01-01.49.03:862][320]LogNet: TravelFailure: ClientTravelFailure, Reason for Failure: 'Invalid URL: /Game/Maps/MainMenu'
[2017.05.01-01.49.03:919][320]LogPackageName: SearchForPackageOnDisk took   0.056s, but failed to resolve DeathMenu.umap.
[2017.05.01-01.49.03:976][321]LogPackageName: SearchForPackageOnDisk took   0.056s, but failed to resolve DeathMenu.umap.
[2017.05.01-01.49.03:976][321]LogNet: Browse: /Game/Maps/MainMenu
[2017.05.01-01.49.03:976][321]LogNet:Warning: Travel Failure: [InvalidURL]: Invalid URL: /Game/Maps/MainMenu
[2017.05.01-01.49.03:976][321]LogNet: TravelFailure: InvalidURL, Reason for Failure: 'Invalid URL: /Game/Maps/MainMenu'
[2017.05.01-01.49.03:976][321]LogNet:Warning: Travel Failure: [ClientTravelFailure]: Invalid URL: /Game/Maps/MainMenu
[2017.05.01-01.49.03:976][321]LogNet: TravelFailure: ClientTravelFailure, Reason for Failure: 'Invalid URL: /Game/Maps/MainMenu'
[2017.05.01-01.49.04:037][321]LogPackageName: SearchForPackageOnDisk took   0.058s, but failed to resolve DeathMenu.umap.
[2017.05.01-01.49.04:096][322]LogPackageName: SearchForPackageOnDisk took   0.055s, but failed to resolve DeathMenu.umap.
[2017.05.01-01.49.04:096][322]LogNet: Browse: /Game/Maps/MainMenu
[2017.05.01-01.49.04:096][322]LogNet:Warning: Travel Failure: [InvalidURL]: Invalid URL: /Game/Maps/MainMenu
[2017.05.01-01.49.04:096][322]LogNet: TravelFailure: InvalidURL, Reason for Failure: 'Invalid URL: /Game/Maps/MainMenu'
[2017.05.01-01.49.04:096][322]LogNet:Warning: Travel Failure: [ClientTravelFailure]: Invalid URL: /Game/Maps/MainMenu
[2017.05.01-01.49.04:096][322]LogNet: TravelFailure: ClientTravelFailure, Reason for Failure: 'Invalid URL: /Game/Maps/MainMenu'
[2017.05.01-01.49.04:097][323]LogNet: Browse: /Game/Maps/MainMenu?closed
[2017.05.01-01.49.04:097][323]LogNet: Failed; returning to Entry
[2017.05.01-01.49.04:364][323]LogLoad: LoadMap: /Game/Maps/MainMenu?closed
[2017.05.01-01.49.04:464][323]LogMemory: Platform Memory Stats for Windows
[2017.05.01-01.49.04:464][323]LogMemory: Process Physical Memory: 814.11 MB used, 840.75 MB peak
[2017.05.01-01.49.04:464][323]LogMemory: Process Virtual Memory: 1148.79 MB used, 1175.78 MB peak
[2017.05.01-01.49.04:464][323]LogMemory: Physical Memory: 7040.17 MB used, 16321.41 MB total
[2017.05.01-01.49.04:464][323]LogMemory: Virtual Memory: 1823.70 MB used, 134217728.00 MB total
[2017.05.01-01.49.04:464][323]LogMemory: 
[2017.05.01-01.49.04:464][323]Allocator Stats for TBB: (not implemented)
[2017.05.01-01.49.04:489][323]LogAIModule: Creating AISystem for world MainMenu
[2017.05.01-01.49.05:426][323]LogWorld: Game class is 'SoulStrikerCampaign_C'
[2017.05.01-01.49.05:427][323]LogWorld: Bringing World /Game/Maps/MainMenu.MainMenu up for play (max tick rate 0) at 2017.04.30-21.49.05
[2017.05.01-01.49.05:427][323]LogWorld: Bringing up level for play took: 0.000613
[2017.05.01-01.49.05:428][323]LogGameMode: Warning - PATHS NOT DEFINED or NO PLAYERSTART with positive rating
[2017.05.01-01.49.05:432][323]LogLoad: Took 1.068006 seconds to LoadMap(/Game/Maps/MainMenu)
[2017.05.01-01.49.09:055][509]Closing by request
[2017.05.01-01.49.09:055][509]LogWindows: FPlatformMisc::RequestExit(0)
[2017.05.01-01.49.09:056][510]LogMoviePlayer: Shutting down movie player
[2017.05.01-01.49.09:936][510]LogWindowsTextInputMethodSystem:Display: IME system now deactivated.
[2017.05.01-01.49.09:940][510]LogExit: Preparing to exit.
[2017.05.01-01.49.10:815][510]LogExit: Game engine shut down
[2017.05.01-01.49.10:901][510]LogObj: Freed 0b from 0 cluster array pools.
[2017.05.01-01.49.10:902][510]LogExit: Object subsystem successfully closed.
[2017.05.01-01.49.10:914][510]LogD3D11RHI: Shutdown
[2017.05.01-01.49.10:914][510]LogD3D11RHI: CleanupD3DDevice
[2017.05.01-01.49.10:956][510]LogD3D11RHI: ~FD3D11DynamicRHI
[2017.05.01-01.49.10:960][510]LogModuleManager: Shutting down and abandoning module SequenceRecorderSections (113)
[2017.05.01-01.49.10:960][510]LogModuleManager: Shutting down and abandoning module SequenceRecorder (112)
[2017.05.01-01.49.10:960][510]LogModuleManager: Shutting down and abandoning module AutomationController (111)
[2017.05.01-01.49.10:960][510]LogModuleManager: Shutting down and abandoning module AutomationWorker (110)
[2017.05.01-01.49.10:960][510]LogModuleManager: Shutting down and abandoning module CharacterAI (109)
[2017.05.01-01.49.10:960][510]LogModuleManager: Shutting down and abandoning module SessionServices (108)
[2017.05.01-01.49.10:960][510]LogModuleManager: Shutting down and abandoning module GameplayDebugger (107)
[2017.05.01-01.49.10:960][510]LogModuleManager: Shutting down and abandoning module AITestSuite (106)
[2017.05.01-01.49.10:960][510]LogModuleManager: Shutting down and abandoning module AIModule (105)
[2017.05.01-01.49.10:960][510]LogModuleManager: Shutting down and abandoning module MovieSceneCapture (104)
[2017.05.01-01.49.10:960][510]LogModuleManager: Shutting down and abandoning module StreamingPauseRendering (103)
[2017.05.01-01.49.10:960][510]LogModuleManager: Shutting down and abandoning module PortalServices (102)
[2017.05.01-01.49.10:960][510]LogModuleManager: Shutting down and abandoning module PortalRpc (101)
[2017.05.01-01.49.10:960][510]LogModuleManager: Shutting down and abandoning module MessagingRpc (100)
[2017.05.01-01.49.10:960][510]LogModuleManager: Shutting down and abandoning module ProfilerService (99)
[2017.05.01-01.49.11:161][510]LogModuleManager: Shutting down and abandoning module TaskGraph (98)
[2017.05.01-01.49.11:161][510]LogModuleManager: Shutting down and abandoning module SlateRemote (97)
[2017.05.01-01.49.11:162][510]LogModuleManager: Shutting down and abandoning module SteamVRController (96)
[2017.05.01-01.49.11:162][510]LogModuleManager: Shutting down and abandoning module SteamVR (95)
[2017.05.01-01.49.11:162][510]LogModuleManager: Shutting down and abandoning module ProceduralMeshComponent (94)
[2017.05.01-01.49.11:162][510]LogModuleManager: Shutting down and abandoning module OculusLibrary (93)
[2017.05.01-01.49.11:162][510]LogModuleManager: Shutting down and abandoning module OculusInput (92)
[2017.05.01-01.49.11:162][510]LogModuleManager: Shutting down and abandoning module CustomMeshComponent (91)
[2017.05.01-01.49.11:162][510]LogModuleManager: Shutting down and abandoning module CableComponent (90)
[2017.05.01-01.49.11:162][510]LogModuleManager: Shutting down and abandoning module ArchVisCharacter (89)
[2017.05.01-01.49.11:162][510]LogModuleManager: Shutting down and abandoning module HTML5Networking (88)
[2017.05.01-01.49.11:162][510]LogModuleManager: Shutting down and abandoning module DesktopPlatform (87)
[2017.05.01-01.49.11:162][510]LogModuleManager: Shutting down and abandoning module DirectoryWatcher (86)
[2017.05.01-01.49.11:162][510]LogModuleManager: Shutting down and abandoning module HotReload (85)
[2017.05.01-01.49.11:162][510]LogModuleManager: Shutting down and abandoning module VisualStudioSourceCodeAccess (84)
[2017.05.01-01.49.11:162][510]LogModuleManager: Shutting down and abandoning module UObjectPlugin (83)
[2017.05.01-01.49.11:162][510]LogModuleManager: Shutting down and abandoning module SubversionSourceControl (82)
[2017.05.01-01.49.11:162][510]LogModuleManager: Shutting down and abandoning module SourceControl (81)
[2017.05.01-01.49.11:162][510]LogModuleManager: Shutting down and abandoning module PerforceSourceControl (80)
[2017.05.01-01.49.11:162][510]LogModuleManager: Shutting down and abandoning module UdpMessaging (79)
[2017.05.01-01.49.11:262][510]LogModuleManager: Shutting down and abandoning module SubstanceCore (78)
[2017.05.01-01.49.11:262][510]LogModuleManager: Shutting down and abandoning module LightPropagationVolumeRuntime (77)
[2017.05.01-01.49.11:262][510]LogModuleManager: Shutting down and abandoning module Paper2D (76)
[2017.05.01-01.49.11:262][510]LogModuleManager: Shutting down and abandoning module WindowsMoviePlayer (75)
[2017.05.01-01.49.11:262][510]LogModuleManager: Shutting down and abandoning module Media (74)
[2017.05.01-01.49.11:262][510]LogModuleManager: Shutting down and abandoning module WmfMedia (73)
[2017.05.01-01.49.11:262][510]LogModuleManager: Shutting down and abandoning module MediaAssets (72)
[2017.05.01-01.49.11:262][510]LogModuleManager: Shutting down and abandoning module GameLiveStreaming (71)
[2017.05.01-01.49.11:262][510]LogModuleManager: Shutting down and abandoning module GameplayTagsEditor (70)
[2017.05.01-01.49.11:262][510]LogModuleManager: Shutting down and abandoning module OnlineBlueprintSupport (69)
[2017.05.01-01.49.11:262][510]LogModuleManager: Shutting down and abandoning module VREditor (68)
[2017.05.01-01.49.11:262][510]LogModuleManager: Shutting down and abandoning module GameplayTasksEditor (67)
[2017.05.01-01.49.11:262][510]LogModuleManager: Shutting down and abandoning module PropertyEditor (66)
[2017.05.01-01.49.11:262][510]LogModuleManager: Shutting down and abandoning module BehaviorTreeEditor (65)
[2017.05.01-01.49.11:262][510]LogModuleManager: Shutting down and abandoning module FunctionalTesting (64)
[2017.05.01-01.49.11:262][510]LogModuleManager: Shutting down and abandoning module CollisionAnalyzer (63)
[2017.05.01-01.49.11:262][510]LogModuleManager: Shutting down and abandoning module Sequencer (62)
[2017.05.01-01.49.11:262][510]LogModuleManager: Shutting down and abandoning module WorkspaceMenuStructure (61)
[2017.05.01-01.49.11:262][510]LogModuleManager: Shutting down and abandoning module MessageLog (60)
[2017.05.01-01.49.11:262][510]LogModuleManager: Shutting down and abandoning module AssetTools (59)
[2017.05.01-01.49.11:263][510]LogModuleManager: Shutting down and abandoning module UMGEditor (58)
[2017.05.01-01.49.11:263][510]LogModuleManager: Shutting down and abandoning module UMG (57)
[2017.05.01-01.49.11:263][510]LogModuleManager: Shutting down and abandoning module SlateReflector (56)
[2017.05.01-01.49.11:263][510]LogModuleManager: Shutting down and abandoning module Slate (55)
[2017.05.01-01.49.11:263][510]LogModuleManager: Shutting down and abandoning module EditorStyle (54)
[2017.05.01-01.49.11:264][510]LogModuleManager: Shutting down and abandoning module Messaging (53)
[2017.05.01-01.49.11:264][510]LogModuleManager: Shutting down and abandoning module SourceCodeAccess (52)
[2017.05.01-01.49.11:264][510]LogModuleManager: Shutting down and abandoning module HeadMountedDisplay (51)
[2017.05.01-01.49.11:264][510]LogModuleManager: Shutting down and abandoning module XAudio2 (50)
[2017.05.01-01.49.11:264][510]LogModuleManager: Shutting down and abandoning module Networking (48)
[2017.05.01-01.49.11:264][510]LogModuleManager: Shutting down and abandoning module Core (47)
[2017.05.01-01.49.11:264][510]LogModuleManager: Shutting down and abandoning module KismetCompiler (46)
[2017.05.01-01.49.11:264][510]LogModuleManager: Shutting down and abandoning module PhysXFormats (45)
[2017.05.01-01.49.11:264][510]LogModuleManager: Shutting down and abandoning module MeshUtilities (44)
[2017.05.01-01.49.11:264][510]LogModuleManager: Shutting down and abandoning module AssetRegistry (43)
[2017.05.01-01.49.11:264][510]LogModuleManager: Shutting down and abandoning module DerivedDataCache (42)
[2017.05.01-01.49.11:422][510]LogDerivedDataCache: Shutdown
[2017.05.01-01.49.11:422][510]LogModuleManager: Shutting down and abandoning module VulkanShaderFormat (41)
[2017.05.01-01.49.11:422][510]LogModuleManager: Shutting down and abandoning module ShaderFormatOpenGL (40)
[2017.05.01-01.49.11:422][510]LogModuleManager: Shutting down and abandoning module ShaderFormatD3D (39)
[2017.05.01-01.49.11:422][510]LogModuleManager: Shutting down and abandoning module MetalShaderFormat (38)
[2017.05.01-01.49.11:422][510]LogModuleManager: Shutting down and abandoning module TextureFormatUncompressed (37)
[2017.05.01-01.49.11:422][510]LogModuleManager: Shutting down and abandoning module TextureFormatPVR (36)
[2017.05.01-01.49.11:422][510]LogModuleManager: Shutting down and abandoning module TextureFormatIntelISPCTexComp (35)
[2017.05.01-01.49.11:422][510]LogModuleManager: Shutting down and abandoning module TextureFormatDXT (34)
[2017.05.01-01.49.11:422][510]LogModuleManager: Shutting down and abandoning module ImageWrapper (33)
[2017.05.01-01.49.11:422][510]LogModuleManager: Shutting down and abandoning module TextureFormatASTC (32)
[2017.05.01-01.49.11:422][510]LogModuleManager: Shutting down and abandoning module TextureFormatAndroid (31)
[2017.05.01-01.49.11:422][510]LogModuleManager: Shutting down and abandoning module AudioFormatOpus (30)
[2017.05.01-01.49.11:422][510]LogModuleManager: Shutting down and abandoning module AudioFormatOgg (29)
[2017.05.01-01.49.11:422][510]LogModuleManager: Shutting down and abandoning module AudioFormatADPCM (28)
[2017.05.01-01.49.11:422][510]LogModuleManager: Shutting down and abandoning module WindowsTargetPlatform (27)
[2017.05.01-01.49.11:422][510]LogModuleManager: Shutting down and abandoning module WindowsServerTargetPlatform (26)
[2017.05.01-01.49.11:422][510]LogModuleManager: Shutting down and abandoning module WindowsNoEditorTargetPlatform (25)
[2017.05.01-01.49.11:422][510]LogModuleManager: Shutting down and abandoning module WindowsClientTargetPlatform (24)
[2017.05.01-01.49.11:422][510]LogModuleManager: Shutting down and abandoning module TargetPlatform (23)
[2017.05.01-01.49.11:422][510]LogModuleManager: Shutting down and abandoning module InputCore (22)
[2017.05.01-01.49.11:422][510]LogModuleManager: Shutting down and abandoning module Settings (21)
[2017.05.01-01.49.11:422][510]LogModuleManager: Shutting down and abandoning module OnlineSubsystem (19)
[2017.05.01-01.49.11:422][510]LogModuleManager: Shutting down and abandoning module HTTP (18)
[2017.05.01-01.49.11:422][510]LogModuleManager: Shutting down and abandoning module XMPP (17)
[2017.05.01-01.49.11:422][510]LogModuleManager: Shutting down and abandoning module OculusRift (16)
[2017.05.01-01.49.11:422][510]LogModuleManager: Shutting down and abandoning module ExampleDeviceProfileSelector (15)
[2017.05.01-01.49.11:422][510]LogModuleManager: Shutting down and abandoning module TextureCompressor (14)
[2017.05.01-01.49.11:422][510]LogModuleManager: Shutting down and abandoning module ShaderCore (13)
[2017.05.01-01.49.11:422][510]LogModuleManager: Shutting down and abandoning module Landscape (12)
[2017.05.01-01.49.11:422][510]LogModuleManager: Shutting down and abandoning module SlateRHIRenderer (11)
[2017.05.01-01.49.11:423][510]LogModuleManager: Shutting down and abandoning module OpenGLDrv (10)
[2017.05.01-01.49.11:423][510]LogModuleManager: Shutting down and abandoning module D3D11RHI (9)
[2017.05.01-01.49.11:423][510]LogModuleManager: Shutting down and abandoning module AnimGraphRuntime (8)
[2017.05.01-01.49.11:423][510]LogModuleManager: Shutting down and abandoning module Renderer (7)
[2017.05.01-01.49.11:423][510]LogModuleManager: Shutting down and abandoning module Engine (6)
[2017.05.01-01.49.11:423][510]LogModuleManager: Shutting down and abandoning module CoreUObject (5)
[2017.05.01-01.49.11:423][510]LogModuleManager: Shutting down and abandoning module NetworkFile (4)
[2017.05.01-01.49.11:423][510]LogModuleManager: Shutting down and abandoning module StreamingFile (3)
[2017.05.01-01.49.11:423][510]LogModuleManager: Shutting down and abandoning module SandboxFile (2)
[2017.05.01-01.49.11:423][510]LogModuleManager: Shutting down and abandoning module PakFile (1)
[2017.05.01-01.49.11:424][510]LogExit: Exiting.
[2017.05.01-01.49.11:425][510]Log file closed, 04/30/17 21:49:11
