Log file open, 03/28/17 21:55:56
LogInit:Display: Running engine for game: SoulStriker
LogPlatformFile: Not using cached read wrapper
LogInit:Display: RandInit(-1218460842) SRandInit(-1218460841).
LogTaskGraph: Started task graph with 4 named threads and 7 total threads with 1 sets of task threads.
LogStats: Stats thread started at 0.105414
LogInit: Version: 4.12.5-3039270+++UE4+Release-4.12
LogInit: API Version: 2992821
LogInit: Net Version: 3039270
LogDevObjectVersion: Number of dev versions registered: 13
LogDevObjectVersion:   Dev-Blueprints (B0D832E4-1F89-4F0D-ACCF-7EB736FD4AA2): 3
LogDevObjectVersion:   Dev-Build (E1C64328-A22C-4D53-A36C-8E866417BD8C): 0
LogDevObjectVersion:   Dev-Core (375EC13C-06E4-48FB-B500-84F0262A717E): 1
LogDevObjectVersion:   Dev-Editor (E4B068ED-F494-42E9-A231-DA0B2E46BB41): 2
LogDevObjectVersion:   Dev-Framework (CFFC743F-43B0-4480-9391-14DF171D2073): 6
LogDevObjectVersion:   Dev-Mobile (B02B49B5-BB20-44E9-A304-32B752E40360): 0
LogDevObjectVersion:   Dev-Networking (A4E4105C-59A1-49B5-A7C5-40C4547EDFEE): 0
LogDevObjectVersion:   Dev-Online (39C831C9-5AE6-47DC-9A44-9C173E1C8E7C): 0
LogDevObjectVersion:   Dev-Physics (78F01B33-EBEA-4F98-B9B4-84EACCB95AA2): 0
LogDevObjectVersion:   Dev-Platform (6631380F-2D4D-43E0-8009-CF276956A95A): 0
LogDevObjectVersion:   Dev-Rendering (12F88B9F-8875-4AFC-A67C-D90C383ABD29): 2
LogDevObjectVersion:   Dev-Sequencer (7B5AE74C-D270-4C10-A958-57980B212A5A): 0
LogDevObjectVersion:   Dev-VR (D7296918-1DD6-4BDD-9DE2-64A83CC13884): 0
LogInit: Compiled (64-bit): Jul  6 2016 09:09:46
LogInit: Compiled with Visual C++: 19.00.23026.00
LogInit: Build Configuration: Development
LogInit: Branch Name: ++UE4+Release-4.12
LogInit: Command line:  
LogInit: Base directory: C:/Program Files (x86)/Epic Games/4.12/Engine/Binaries/Win64/
LogInit: Installed Engine Build: 1
LogInit: Using libcurl 7.41.0
LogInit:  - built for x86_64-pc-win32
LogInit:  - supports SSL with WinSSL
LogInit:  - other features:
LogInit:      CURL_VERSION_SSL
LogInit:      CURL_VERSION_IPV6
LogInit:      CURL_VERSION_ASYNCHDNS
LogInit:      CURL_VERSION_LARGEFILE
LogInit:      CURL_VERSION_IDN
LogInit:  CurlRequestOptions (configurable via config and command line):
LogInit:  - bVerifyPeer = true  - Libcurl will verify peer certificate
LogInit:  - bUseHttpProxy = false  - Libcurl will NOT use HTTP proxy
LogInit:  - bDontReuseConnections = false  - Libcurl will reuse connections
LogInit:  - CertBundlePath = nullptr  - Libcurl will use whatever was configured at build time.
LogInit: Presizing for max 8388607 objects, including 0 objects not considered by GC, pre-allocating 0 bytes for permanent pool.
LogInit: Object subsystem initialized
[2017.03.29-01.55.56:978][  0]LogInit: Selected Device Profile: [Windows]
[2017.03.29-01.55.56:978][  0]LogInit: Applying CVar settings loaded from the selected device profile: [Windows]
[2017.03.29-01.55.57:000][  0]LogInit: Computer: MSI
[2017.03.29-01.55.57:000][  0]LogInit: User: armorias
[2017.03.29-01.55.57:000][  0]LogInit: CPU Page size=65536, Cores=4
[2017.03.29-01.55.57:000][  0]LogInit: High frequency timer resolution =2.531247 MHz
[2017.03.29-01.55.57:000][  0]LogMemory: Memory total: Physical=11.9GB (12GB approx)
[2017.03.29-01.55.57:000][  0]LogMemory: Platform Memory Stats for Windows
[2017.03.29-01.55.57:000][  0]LogMemory: Process Physical Memory: 191.38 MB used, 191.38 MB peak
[2017.03.29-01.55.57:000][  0]LogMemory: Process Virtual Memory: 195.38 MB used, 195.38 MB peak
[2017.03.29-01.55.57:000][  0]LogMemory: Physical Memory: 7476.32 MB used, 12166.60 MB total
[2017.03.29-01.55.57:000][  0]LogMemory: Virtual Memory: 553.81 MB used, 134217728.00 MB total
[2017.03.29-01.55.57:246][  0]LogTextLocalizationManager: No specific translations for ('en-US') exist, so ('en') translations will be used.
[2017.03.29-01.55.57:917][  0]LogD3D11RHI: D3D11 adapters:
[2017.03.29-01.55.58:510][  0]LogD3D11RHI:    0. 'NVIDIA GeForce GTX 960M' (Feature Level 11_0)
[2017.03.29-01.55.58:510][  0]LogD3D11RHI:       2018/0/6083 MB DedicatedVideo/DedicatedSystem/SharedSystem, Outputs:2, VendorId:0x10de
[2017.03.29-01.55.58:516][  0]LogD3D11RHI:    1. 'Intel(R) HD Graphics 530' (Feature Level 11_0)
[2017.03.29-01.55.58:516][  0]LogD3D11RHI:       128/0/6083 MB DedicatedVideo/DedicatedSystem/SharedSystem, Outputs:0, VendorId:0x8086
[2017.03.29-01.55.58:517][  0]LogD3D11RHI:    2. 'Microsoft Basic Render Driver' (Feature Level 11_0)
[2017.03.29-01.55.58:517][  0]LogD3D11RHI:       0/0/6083 MB DedicatedVideo/DedicatedSystem/SharedSystem, Outputs:0, VendorId:0x1414
[2017.03.29-01.55.58:517][  0]LogD3D11RHI: Chosen D3D11 Adapter: 0
[2017.03.29-01.55.58:523][  0]LogD3D11RHI: Creating new Direct3DDevice
[2017.03.29-01.55.58:523][  0]LogD3D11RHI:     GPU DeviceId: 0x139b (for the marketing name, search the web for "GPU Device Id")
[2017.03.29-01.55.58:523][  0]LogWindows: EnumDisplayDevices:
[2017.03.29-01.55.58:523][  0]LogWindows:    0. 'Intel(R) HD Graphics 530' (P:0 D:1)
[2017.03.29-01.55.58:523][  0]LogWindows:    1. 'Intel(R) HD Graphics 530' (P:1 D:1)
[2017.03.29-01.55.58:524][  0]LogWindows:    2. 'Intel(R) HD Graphics 530' (P:0 D:0)
[2017.03.29-01.55.58:524][  0]LogWindows: DebugString: PrimaryIsNotTheChoosenAdapter PrimaryIsNotTheChoosenAdapter PrimaryIsNotTheChoosenAdapter FoundDriverCount:0 
[2017.03.29-01.55.58:524][  0]LogD3D11RHI:     Adapter Name: NVIDIA GeForce GTX 960M
[2017.03.29-01.55.58:524][  0]LogD3D11RHI:   Driver Version: Unknown (internal:Unknown, unified:Unknown)
[2017.03.29-01.55.58:524][  0]LogD3D11RHI:      Driver Date: Unknown
[2017.03.29-01.55.58:524][  0]LogRHI: Texture pool is 1361 MB (70% of 1945 MB)
[2017.03.29-01.55.59:073][  0]LogD3D11RHI: Async texture creation enabled
[2017.03.29-01.55.59:119][  0]LogD3D11RHI: GPU Timing Frequency: 1000.000000 (Debug: 2 1)
[2017.03.29-01.55.59:119][  0]LogShaderCompilers: Guid format shader working directory is -7 characters bigger than the processId version (D:/SoulStriker_MainFolder/Soul-Striker-Main/Soul Striker/Intermediate/Shaders/WorkingDirectory/6408/).
[2017.03.29-01.55.59:120][  0]LogShaderCompilers: Cleaned the shader compiler working directory 'C:/Users/armorias/AppData/Local/Temp/UnrealShaderWorkingDir/DD220F6D4C1F059128B105B48149BE9F/'.
[2017.03.29-01.55.59:120][  0]LogShaderCompilers:Display: Using Local Shader Compiler.
[2017.03.29-01.56.01:219][  0]LogTemp:Display: Loaded TP AllDesktopTargetPlatform
[2017.03.29-01.56.01:229][  0]LogTemp:Display: Loaded TP WindowsClientTargetPlatform
[2017.03.29-01.56.01:237][  0]LogTemp:Display: Loaded TP WindowsNoEditorTargetPlatform
[2017.03.29-01.56.01:247][  0]LogTemp:Display: Loaded TP WindowsServerTargetPlatform
[2017.03.29-01.56.01:256][  0]LogTemp:Display: Loaded TP WindowsTargetPlatform
[2017.03.29-01.56.01:267][  0]LogTemp:Display: Loaded TP AndroidTargetPlatform
[2017.03.29-01.56.01:274][  0]LogTemp:Display: Loaded TP Android_ASTCTargetPlatform
[2017.03.29-01.56.01:281][  0]LogTemp:Display: Loaded TP Android_ATCTargetPlatform
[2017.03.29-01.56.01:289][  0]LogTemp:Display: Loaded TP Android_DXTTargetPlatform
[2017.03.29-01.56.01:296][  0]LogTemp:Display: Loaded TP Android_ETC1TargetPlatform
[2017.03.29-01.56.01:309][  0]LogTemp:Display: Loaded TP Android_ETC2TargetPlatform
[2017.03.29-01.56.01:335][  0]LogTemp:Display: Loaded TP Android_MultiTargetPlatform
[2017.03.29-01.56.01:335][  0]LogTemp:Display: Loaded TP Android_PVRTCTargetPlatform
[2017.03.29-01.56.01:336][  0]LogTemp:Display: Loaded TP HTML5TargetPlatform
[2017.03.29-01.56.01:400][  0]LogTemp:Display: Loaded TP IOSTargetPlatform
[2017.03.29-01.56.01:415][  0]LogTemp:Display: Loaded TP TVOSTargetPlatform
[2017.03.29-01.56.01:429][  0]LogTemp:Display: Loaded TP LinuxNoEditorTargetPlatform
[2017.03.29-01.56.01:444][  0]LogTemp:Display: Loaded TP LinuxServerTargetPlatform
[2017.03.29-01.56.01:457][  0]LogTemp:Display: Loaded TP LinuxTargetPlatform
[2017.03.29-01.56.01:458][  0]LogTargetPlatformManager:Display: Building Assets For Windows
[2017.03.29-01.56.01:966][  0]LogDerivedDataCache:Display: Max Cache Size: 512 MB
[2017.03.29-01.56.02:271][  0]LogDerivedDataCache: Loaded boot cache 0.30s 48MB C:/Users/armorias/AppData/Local/UnrealEngine/4.12/DerivedDataCache/Boot.ddc.
[2017.03.29-01.56.02:271][  0]LogDerivedDataCache:Display: Loaded Boot cache: C:/Users/armorias/AppData/Local/UnrealEngine/4.12/DerivedDataCache/Boot.ddc
[2017.03.29-01.56.02:271][  0]LogDerivedDataCache: FDerivedDataBackendGraph:  Pak pak cache file D:/SoulStriker_MainFolder/Soul-Striker-Main/Soul Striker/DerivedDataCache/DDC.ddp not found, will not use a pak cache.
[2017.03.29-01.56.02:271][  0]LogDerivedDataCache: Unable to find inner node Pak for hierarchical cache Hierarchy.
[2017.03.29-01.56.02:271][  0]LogDerivedDataCache: FDerivedDataBackendGraph:  CompressedPak pak cache file D:/SoulStriker_MainFolder/Soul-Striker-Main/Soul Striker/DerivedDataCache/Compressed.ddp not found, will not use a pak cache.
[2017.03.29-01.56.02:271][  0]LogDerivedDataCache: Unable to find inner node CompressedPak for hierarchical cache Hierarchy.
[2017.03.29-01.56.02:313][  0]LogDerivedDataCache:Display: Pak cache opened for reading ../../../Engine/DerivedDataCache/Compressed.ddp.
[2017.03.29-01.56.02:326][  0]LogDerivedDataCache: Using Local data cache path C:/Users/armorias/AppData/Local/UnrealEngine/Common/DerivedDataCache: Writable
[2017.03.29-01.56.05:462][  0]LogInit: Selected Device Profile: [Windows]
[2017.03.29-01.56.05:471][  0]LogContentStreaming: Texture pool size is 0.00 MB
[2017.03.29-01.56.06:226][  0]LogMeshUtilities: No automatic mesh reduction module available
[2017.03.29-01.56.06:226][  0]LogMeshUtilities: No automatic mesh merging module available
[2017.03.29-01.56.06:226][  0]LogMeshUtilities: No distributed automatic mesh merging module available
[2017.03.29-01.56.07:226][  0]LogAssetRegistry: FAssetRegistry took 0.0251 seconds to start up
[2017.03.29-01.56.07:261][  0]LogPackageLocalizationCache: Processed 3 localized package path(s) for 2 prioritized culture(s) in 0.024551 seconds
[2017.03.29-01.56.07:268][  0]LogUObjectArray: 28739 objects as part of root set at end of initial load.
[2017.03.29-01.56.07:268][  0]LogUObjectAllocator: 5855632 out of 0 bytes used by permanent object pool.
[2017.03.29-01.56.07:268][  0]LogUObjectArray: CloseDisregardForGC: 0/0 objects in disregard for GC pool
[2017.03.29-01.56.07:279][  0]LogInit: WinSock: version 1.1 (2.2), MaxSocks=32767, MaxUdp=65467
[2017.03.29-01.56.07:891][  0]LogSlate: SlateFontCache - WITH_FREETYPE: 1, WITH_HARFBUZZ: 1
[2017.03.29-01.56.07:891][  0]LogSlate: SlateFontCache - WITH_FREETYPE: 1, WITH_HARFBUZZ: 1
[2017.03.29-01.56.10:229][  0]LogSubstanceCoreModule: Substance CPU Engine Loaded, Max Texture Size 2048
[2017.03.29-01.56.10:247][  0]LogUdpMessaging: Initializing bridge on interface 0.0.0.0:0 to multicast group 230.0.0.1:6666.
[2017.03.29-01.56.10:643][  0]SourceControl: Info Source control is disabled
[2017.03.29-01.56.10:644][  0]SourceControl: Info Source control is disabled
[2017.03.29-01.56.10:662][  0]SourceControl: Info Source control is disabled
[2017.03.29-01.56.10:677][  0]SourceControl: Info Source control is disabled
[2017.03.29-01.56.11:124][  0]LogEngine: Initializing Engine...
[2017.03.29-01.56.11:149][  0]LogHMD: SteamVR failed to initialize.  Err: 110
[2017.03.29-01.56.11:150][  0]LogHMD: SteamVR failed to initialize.  Err: 110
[2017.03.29-01.56.11:348][  0]LogAIModule: Creating AISystem for world NewWorld
[2017.03.29-01.56.11:382][  0]LogInit: XAudio2 using 'Speakers (Realtek High Definition Audio)' : 8 channels at 48 kHz using 32 bits per sample (channel mask 0x63f)
[2017.03.29-01.56.11:477][  0]LogInit: FAudioDevice initialized.
[2017.03.29-01.56.11:505][  0]LogDerivedDataCache: Saved boot cache 0.03s 48MB C:/Users/armorias/AppData/Local/UnrealEngine/4.12/DerivedDataCache/Boot.ddc.
[2017.03.29-01.56.11:513][  0]LogInit: Texture streaming: Enabled
[2017.03.29-01.56.11:566][  0]LogInit: Transaction tracking system initialized
[2017.03.29-01.56.11:633][  0]BlueprintLog: New page: Editor Load
[2017.03.29-01.56.11:936][  0]LocalizationService: Info Localization service is disabled
[2017.03.29-01.56.12:806][  0]LogConsoleResponse:Display: 
[2017.03.29-01.56.13:544][  0]LogFileCache: Scanning file cache for directory 'D:/SoulStriker_MainFolder/Soul-Striker-Main/Soul Striker/Content/' took 0.01s
[2017.03.29-01.56.13:544][  0]LogCook:Display: Max memory allowance for cook 8192mb
[2017.03.29-01.56.13:544][  0]LogCook:Display: Mobile HDR setting 1
[2017.03.29-01.56.13:785][  0]SourceControl: Info Source control is disabled
[2017.03.29-01.56.13:789][  0]Cmd: MAP LOAD FILE="D:/SoulStriker_MainFolder/Soul-Striker-Main/Soul Striker/Content/ThirdPersonBP/Maps/ThirdPersonExampleMap.umap" TEMPLATE=0 SHOWPROGRESS=1 FEATURELEVEL=3
[2017.03.29-01.56.13:792][  0]LightingResults: New page: Lighting Build
[2017.03.29-01.56.13:836][  0]MapCheck: New page: Map Check
[2017.03.29-01.56.13:836][  0]LightingResults: New page: Lighting Build
[2017.03.29-01.56.15:090][  0]LogBlueprint:Warning: Compiler Warning Node  Unknown  is not referencing a valid level actor
[2017.03.29-01.56.15:090][  0]LogBlueprint:Warning: Compiler Warning [0019.93] Compile of PersistentLevel.ThirdPersonExampleMap successful, but with 1 Warning(s) [in 2 ms] (/Game/ThirdPersonBP/Maps/ThirdPersonExampleMap.ThirdPersonExampleMap:PersistentLevel.ThirdPersonExampleMap)
[2017.03.29-01.56.15:091][  0]LogBlueprint:Warning: Compiler Warning [0019.93] Compile of PersistentLevel.ThirdPersonExampleMap successful, but with 2 Warning(s) [in 0 ms] (/Game/ThirdPersonBP/Maps/ThirdPersonExampleMap.ThirdPersonExampleMap:PersistentLevel.ThirdPersonExampleMap)
[2017.03.29-01.56.15:091][  0]LogBlueprint:Warning: Compiler Warning [0019.93] Compile of PersistentLevel.ThirdPersonExampleMap successful, but with 3 Warning(s) [in 0 ms] (/Game/ThirdPersonBP/Maps/ThirdPersonExampleMap.ThirdPersonExampleMap:PersistentLevel.ThirdPersonExampleMap)
[2017.03.29-01.56.15:093][  0]LogBlueprint:Warning: Compiler Warning Node  Unknown  is not referencing a valid level actor
[2017.03.29-01.56.15:094][  0]LogBlueprint:Warning: Compiler Warning [0019.94] Compile of PersistentLevel.ThirdPersonExampleMap successful, but with 1 Warning(s) [in 2 ms] (/Game/ThirdPersonBP/Maps/ThirdPersonExampleMap.ThirdPersonExampleMap:PersistentLevel.ThirdPersonExampleMap)
[2017.03.29-01.56.15:094][  0]LogBlueprint:Warning: Compiler Warning [0019.94] Compile of PersistentLevel.ThirdPersonExampleMap successful, but with 2 Warning(s) [in 0 ms] (/Game/ThirdPersonBP/Maps/ThirdPersonExampleMap.ThirdPersonExampleMap:PersistentLevel.ThirdPersonExampleMap)
[2017.03.29-01.56.15:094][  0]LogBlueprint:Warning: Compiler Warning [0019.94] Compile of PersistentLevel.ThirdPersonExampleMap successful, but with 3 Warning(s) [in 0 ms] (/Game/ThirdPersonBP/Maps/ThirdPersonExampleMap.ThirdPersonExampleMap:PersistentLevel.ThirdPersonExampleMap)
[2017.03.29-01.56.15:243][  0]LogTexture:Display: Building textures: halfheart (AutoDXT)
[2017.03.29-01.56.16:263][  0]LogAIModule: Creating AISystem for world ThirdPersonExampleMap
[2017.03.29-01.56.16:589][  0]LogEditorServer: Finished looking for orphan Actors (0.000 secs)
[2017.03.29-01.56.16:597][  0]Cmd: MAP CHECKDEP NOCLEARLOG
[2017.03.29-01.56.16:650][  0]MapCheck: Info Map check complete: 0 Error(s), 0 Warning(s), took 52.533ms to complete.
[2017.03.29-01.56.16:651][  0]LogFileHelpers: Loading map 'ThirdPersonExampleMap' took 2.863
[2017.03.29-01.56.17:147][  0]LogCollectionManager: Loaded 0 collections in 0.002673 seconds
[2017.03.29-01.56.17:247][  0]LogFileCache: Scanning file cache for directory 'D:/SoulStriker_MainFolder/Soul-Striker-Main/Soul Striker/Saved/Collections/' took 0.01s
[2017.03.29-01.56.17:247][  0]LogFileCache: Scanning file cache for directory 'D:/SoulStriker_MainFolder/Soul-Striker-Main/Soul Striker/Content/Developers/armorias/Collections/' took 0.01s
[2017.03.29-01.56.17:247][  0]LogFileCache: Scanning file cache for directory 'D:/SoulStriker_MainFolder/Soul-Striker-Main/Soul Striker/Content/Collections/' took 0.01s
[2017.03.29-01.56.17:248][  0]LogCollectionManager: Rebuilt the GUID cache for 0 collections in 0.000294 seconds
[2017.03.29-01.56.17:277][  0]LogContentBrowser: Native class hierarchy populated in 0.0223 seconds. Added 2062 classes and 375 folders.
[2017.03.29-01.56.17:300][  0]LogStats: UGameplayTagsManager::ConstructGameplayTagTree: Construct from data asset -  0.000 s
[2017.03.29-01.56.17:301][  0]LogStats: UGameplayTagsManager::ConstructGameplayTagTree: GameplayTagTreeChangedEvent.Broadcast -  0.000 s
[2017.03.29-01.56.17:302][  0]LogContentBrowser: Native class hierarchy updated for 'GameplayTags' in 0.0007 seconds. Added 12 classes and 0 folders.
[2017.03.29-01.56.17:310][  0]LogContentBrowser: Native class hierarchy updated for 'WidgetCarousel' in 0.0004 seconds. Added 0 classes and 0 folders.
[2017.03.29-01.56.17:700][  0]LogContentBrowser: Native class hierarchy updated for 'AddContentDialog' in 0.0004 seconds. Added 0 classes and 0 folders.
[2017.03.29-01.56.17:716][  0]LogContentBrowser: Native class hierarchy updated for 'SceneOutliner' in 0.0004 seconds. Added 1 classes and 2 folders.
[2017.03.29-01.56.18:051][  0]LogCrashTracker: Crashtracker disabled due to settings.
[2017.03.29-01.56.18:090][  0]LogUObjectGlobals:Warning: Failed to find object 'Class None.'
[2017.03.29-01.56.18:136][  0]LogContentBrowser: Native class hierarchy updated for 'HierarchicalLODOutliner' in 0.0008 seconds. Added 1 classes and 2 folders.
[2017.03.29-01.56.18:137][  0]LogLoad: Full Startup: 22.98 seconds (BP compile: 0.61 seconds)
[2017.03.29-01.56.18:137][  0]LogExternalProfiler: Found external profiler: VSPerf
[2017.03.29-01.56.18:137][  0]LogExternalProfiler: Using external profiler: VSPerf
[2017.03.29-01.56.18:482][  0]LogOcInput: OculusInput pre-init called
[2017.03.29-01.56.18:548][  0]LogContentStreaming: Texture pool size now 700 MB
[2017.03.29-01.56.18:979][  0]LogRenderer: Reallocating scene render targets to support 1116x576 (Frame:2).
[2017.03.29-01.56.19:090][  1]LogFileCache: Retrieving MD5 hashes for directory 'D:/SoulStriker_MainFolder/Soul-Striker-Main/Soul Striker/Content/' took 0.59s
[2017.03.29-01.56.19:448][  2]LogAssetRegistry: Asset discovery search completed in 12.2448 seconds
[2017.03.29-01.56.19:448][  2]LogCollectionManager: Rebuilt the object cache for 0 collections in 0.000000 seconds (found 0 objects)
[2017.03.29-01.56.19:449][  2]LogCollectionManager: Fixed up redirectors for 0 collections in 0.000639 seconds (updated 0 objects)
[2017.03.29-01.57.33:982][705]LogAIModule: Creating AISystem for world Level_1
[2017.03.29-01.57.34:075][705]Cmd: MAP LOAD FILE="D:/SoulStriker_MainFolder/Soul-Striker-Main/Soul Striker/Content/Maps/Level_1.umap" TEMPLATE=0 SHOWPROGRESS=1 FEATURELEVEL=3
[2017.03.29-01.57.34:075][705]LightingResults: New page: Lighting Build
[2017.03.29-01.57.34:076][705]LoadErrors: New page: Loading map: Level_1.umap
[2017.03.29-01.57.34:079][705]MapCheck: New page: Map Check
[2017.03.29-01.57.34:079][705]LightingResults: New page: Lighting Build
[2017.03.29-01.57.34:178][705]LogEditorServer: Finished looking for orphan Actors (0.000 secs)
[2017.03.29-01.57.34:227][705]Cmd: MAP CHECKDEP NOCLEARLOG
[2017.03.29-01.57.34:281][705]MapCheck: Info Map check complete: 0 Error(s), 0 Warning(s), took 54.696ms to complete.
[2017.03.29-01.57.34:281][705]LogFileHelpers: Loading map 'Level_1' took 0.211
[2017.03.29-01.57.49:665][600]LogBlueprintUserMessages: Early PlayInEditor Detection: Level '/Game/Maps/Level_1.Level_1:PersistentLevel' has LevelScriptBlueprint '/Game/Maps/Level_1.Level_1:PersistentLevel.Level_1' with GeneratedClass '/Game/Maps/Level_1.Level_1_C' with ClassGeneratedBy '/Game/Maps/Level_1.Level_1:PersistentLevel.Level_1'
[2017.03.29-01.57.49:667][600]LogPlayLevel: PlayLevel: No blueprints needed recompiling
[2017.03.29-01.57.49:669][600]PIE: New page: PIE session: Level_1 (Mar 28, 2017, 4:57:49 PM)
[2017.03.29-01.57.49:669][600]LogPlayLevel: Creating play world package: /Game/Maps/UEDPIE_0_Level_1
[2017.03.29-01.57.49:673][600]LogPlayLevel: PIE: StaticDuplicateObject took: (0.003367s)
[2017.03.29-01.57.49:673][600]LogAIModule: Creating AISystem for world Level_1
[2017.03.29-01.57.49:673][600]LogPlayLevel: PIE: World Init took: (0.000632s)
[2017.03.29-01.57.49:674][600]LogPlayLevel: PIE: Created PIE world by copying editor world from /Game/Maps/Level_1.Level_1 to /Game/Maps/UEDPIE_0_Level_1.Level_1 (0.004824s)
[2017.03.29-01.57.49:747][600]LogInit: XAudio2 using 'Speakers (Realtek High Definition Audio)' : 8 channels at 48 kHz using 32 bits per sample (channel mask 0x63f)
[2017.03.29-01.57.49:788][600]LogInit: FAudioDevice initialized.
[2017.03.29-01.57.49:867][600]LogWorld: Game class is 'SoulStrikerCampaign_C'
[2017.03.29-01.57.49:882][600]LogWorld: Bringing World /Game/Maps/UEDPIE_0_Level_1.Level_1 up for play (max tick rate 60) at 2017.03.28-21.57.49
[2017.03.29-01.57.49:889][600]LogWorld: Bringing up level for play took: 0.009964
[2017.03.29-01.57.49:919][600]LogContentBrowser: Native class hierarchy updated for 'MovieSceneCapture' in 0.0013 seconds. Added 11 classes and 0 folders.
[2017.03.29-01.57.49:950][600]PIE: Info Play in editor start time for /Game/Maps/UEDPIE_0_Level_1 0.583
[2017.03.29-01.57.49:951][600]LogBlueprintUserMessages: Late PlayInEditor Detection: Level '/Game/Maps/Level_1.Level_1:PersistentLevel' has LevelScriptBlueprint '/Game/Maps/Level_1.Level_1:PersistentLevel.Level_1' with GeneratedClass '/Game/Maps/Level_1.Level_1_C' with ClassGeneratedBy '/Game/Maps/Level_1.Level_1:PersistentLevel.Level_1'
[2017.03.29-01.57.57:532][ 38]LogBlueprintUserMessages: Early EndPlayMap Detection: Level '/Game/Maps/Level_1.Level_1:PersistentLevel' has LevelScriptBlueprint '/Game/Maps/Level_1.Level_1:PersistentLevel.Level_1' with GeneratedClass '/Game/Maps/Level_1.Level_1_C' with ClassGeneratedBy '/Game/Maps/Level_1.Level_1:PersistentLevel.Level_1'
[2017.03.29-01.57.57:577][ 38]LogBlueprintUserMessages: Late EndPlayMap Detection: Level '/Game/Maps/Level_1.Level_1:PersistentLevel' has LevelScriptBlueprint '/Game/Maps/Level_1.Level_1:PersistentLevel.Level_1' with GeneratedClass '/Game/Maps/Level_1.Level_1_C' with ClassGeneratedBy '/Game/Maps/Level_1.Level_1:PersistentLevel.Level_1'
[2017.03.29-01.58.02:816][335]LogBlueprintUserMessages: Early PlayInEditor Detection: Level '/Game/Maps/Level_1.Level_1:PersistentLevel' has LevelScriptBlueprint '/Game/Maps/Level_1.Level_1:PersistentLevel.Level_1' with GeneratedClass '/Game/Maps/Level_1.Level_1_C' with ClassGeneratedBy '/Game/Maps/Level_1.Level_1:PersistentLevel.Level_1'
[2017.03.29-01.58.02:816][335]LogPlayLevel: PlayLevel: No blueprints needed recompiling
[2017.03.29-01.58.02:816][335]PIE: New page: PIE session: Level_1 (Mar 28, 2017, 4:58:02 PM)
[2017.03.29-01.58.02:816][335]LogPlayLevel: Creating play world package: /Game/Maps/UEDPIE_0_Level_1
[2017.03.29-01.58.02:818][335]LogPlayLevel: PIE: StaticDuplicateObject took: (0.001827s)
[2017.03.29-01.58.02:818][335]LogAIModule: Creating AISystem for world Level_1
[2017.03.29-01.58.02:818][335]LogPlayLevel: PIE: World Init took: (0.000549s)
[2017.03.29-01.58.02:819][335]LogPlayLevel: PIE: Created PIE world by copying editor world from /Game/Maps/Level_1.Level_1 to /Game/Maps/UEDPIE_0_Level_1.Level_1 (0.002559s)
[2017.03.29-01.58.02:843][335]LogInit: XAudio2 using 'Speakers (Realtek High Definition Audio)' : 8 channels at 48 kHz using 32 bits per sample (channel mask 0x63f)
[2017.03.29-01.58.02:892][335]LogInit: FAudioDevice initialized.
[2017.03.29-01.58.02:978][335]LogWorld: Game class is 'SoulStrikerCampaign_C'
[2017.03.29-01.58.02:981][335]LogWorld: Bringing World /Game/Maps/UEDPIE_0_Level_1.Level_1 up for play (max tick rate 60) at 2017.03.28-21.58.02
[2017.03.29-01.58.02:982][335]LogWorld: Bringing up level for play took: 0.002472
[2017.03.29-01.58.02:986][335]PIE: Info Play in editor start time for /Game/Maps/UEDPIE_0_Level_1 -0.381
[2017.03.29-01.58.02:986][335]LogBlueprintUserMessages: Late PlayInEditor Detection: Level '/Game/Maps/Level_1.Level_1:PersistentLevel' has LevelScriptBlueprint '/Game/Maps/Level_1.Level_1:PersistentLevel.Level_1' with GeneratedClass '/Game/Maps/Level_1.Level_1_C' with ClassGeneratedBy '/Game/Maps/Level_1.Level_1:PersistentLevel.Level_1'
[2017.03.29-01.58.21:699][454]LogBlueprintUserMessages: Early EndPlayMap Detection: Level '/Game/Maps/Level_1.Level_1:PersistentLevel' has LevelScriptBlueprint '/Game/Maps/Level_1.Level_1:PersistentLevel.Level_1' with GeneratedClass '/Game/Maps/Level_1.Level_1_C' with ClassGeneratedBy '/Game/Maps/Level_1.Level_1:PersistentLevel.Level_1'
[2017.03.29-01.58.21:736][454]LogBlueprintUserMessages: Late EndPlayMap Detection: Level '/Game/Maps/Level_1.Level_1:PersistentLevel' has LevelScriptBlueprint '/Game/Maps/Level_1.Level_1:PersistentLevel.Level_1' with GeneratedClass '/Game/Maps/Level_1.Level_1_C' with ClassGeneratedBy '/Game/Maps/Level_1.Level_1:PersistentLevel.Level_1'
[2017.03.29-01.58.39:368][947]LogLinker:Warning: Can't find file '/Game/Material_test/Alex_Stuff/brick_texture_bump'
[2017.03.29-01.58.39:368][947]LogLinker:Warning: Can't find file for asset '/Game/Material_test/Alex_Stuff/brick_texture_bump' while loading D:/SoulStriker_MainFolder/Soul-Striker-Main/Soul Striker/Content/customMaterials/floor_revised_2.uasset.
[2017.03.29-01.58.39:368][947]LoadErrors:Error: Error /Game/customMaterials/floor_revised_2 : Can't find file for asset. /Game/Material_test/Alex_Stuff/brick_texture_bump
[2017.03.29-01.58.39:368][947]LogLinker:Warning: Can't find file '/Game/Material_test/Alex_Stuff/brick_texture_handpainted'
[2017.03.29-01.58.39:368][947]LogLinker:Warning: Can't find file for asset '/Game/Material_test/Alex_Stuff/brick_texture_handpainted' while loading D:/SoulStriker_MainFolder/Soul-Striker-Main/Soul Striker/Content/customMaterials/floor_revised_2.uasset.
[2017.03.29-01.58.39:369][947]LoadErrors:Error: Error /Game/customMaterials/floor_revised_2 : Can't find file for asset. /Game/Material_test/Alex_Stuff/brick_texture_handpainted
[2017.03.29-01.58.39:369][947]LogLinker:Warning: Can't find file '/Game/Material_test/Alex_Stuff/brick_texture_normals'
[2017.03.29-01.58.39:369][947]LogLinker:Warning: Can't find file for asset '/Game/Material_test/Alex_Stuff/brick_texture_normals' while loading D:/SoulStriker_MainFolder/Soul-Striker-Main/Soul Striker/Content/customMaterials/floor_revised_2.uasset.
[2017.03.29-01.58.39:369][947]LoadErrors:Error: Error /Game/customMaterials/floor_revised_2 : Can't find file for asset. /Game/Material_test/Alex_Stuff/brick_texture_normals
[2017.03.29-01.58.39:369][947]LogLinker:Warning: Can't find file '/Game/Material_test/Alex_Stuff/brick_texture_bump'
[2017.03.29-01.58.39:369][947]LogLinker:Warning: Can't find file for asset '/Game/Material_test/Alex_Stuff/brick_texture_bump' while loading D:/SoulStriker_MainFolder/Soul-Striker-Main/Soul Striker/Content/customMaterials/floor_revised_2.uasset.
[2017.03.29-01.58.39:369][947]LogLinker:Warning: Can't find file '/Game/Material_test/Alex_Stuff/brick_texture_handpainted'
[2017.03.29-01.58.39:369][947]LogLinker:Warning: Can't find file for asset '/Game/Material_test/Alex_Stuff/brick_texture_handpainted' while loading D:/SoulStriker_MainFolder/Soul-Striker-Main/Soul Striker/Content/customMaterials/floor_revised_2.uasset.
[2017.03.29-01.58.39:370][947]LogLinker:Warning: Can't find file '/Game/Material_test/Alex_Stuff/brick_texture_normals'
[2017.03.29-01.58.39:370][947]LogLinker:Warning: Can't find file for asset '/Game/Material_test/Alex_Stuff/brick_texture_normals' while loading D:/SoulStriker_MainFolder/Soul-Striker-Main/Soul Striker/Content/customMaterials/floor_revised_2.uasset.
[2017.03.29-01.58.39:370][947]LogLinker:Warning: Can't find file '/Game/Material_test/Alex_Stuff/brick_texture_bump'
[2017.03.29-01.58.39:371][947]LoadErrors: Info Failed to load /Game/Material_test/Alex_Stuff/brick_texture_bump.brick_texture_bump Referenced by MaterialExpressionTextureSample_0
[2017.03.29-01.58.39:371][947]LogLinker:Warning: Can't find file for asset '/Game/Material_test/Alex_Stuff/brick_texture_bump' while loading NULL.
[2017.03.29-01.58.39:371][947]LogLinker:Warning: Can't find file '/Game/Material_test/Alex_Stuff/brick_texture_handpainted'
[2017.03.29-01.58.39:371][947]LoadErrors: Info Failed to load /Game/Material_test/Alex_Stuff/brick_texture_handpainted.brick_texture_handpainted Referenced by MaterialExpressionTextureSample_1
[2017.03.29-01.58.39:371][947]LogLinker:Warning: Can't find file for asset '/Game/Material_test/Alex_Stuff/brick_texture_handpainted' while loading NULL.
[2017.03.29-01.58.39:371][947]LogLinker:Warning: Can't find file '/Game/Material_test/Alex_Stuff/brick_texture_normals'
[2017.03.29-01.58.39:371][947]LoadErrors: Info Failed to load /Game/Material_test/Alex_Stuff/brick_texture_normals.brick_texture_normals Referenced by MaterialExpressionTextureSample_2
[2017.03.29-01.58.39:371][947]LogLinker:Warning: Can't find file for asset '/Game/Material_test/Alex_Stuff/brick_texture_normals' while loading NULL.
[2017.03.29-01.58.39:373][947]LogMaterial: Missing cached shader map for material floor_revised_2, compiling. 
[2017.03.29-01.58.39:377][947]LogMaterial:Warning: Failed to compile Material /Game/customMaterials/floor_revised_2.floor_revised_2 for platform PCD3D_SM5, Default Material will be used in game.
[2017.03.29-01.58.39:377][947]LogMaterial:Warning: 	(Node TextureSample) TextureSample> Missing input texture
[2017.03.29-01.58.49:240][256]LogEditorViewport: Clicking on Actor (LMB): superWallTop_C (superWallTop5)
[2017.03.29-01.58.51:319][368]LogEditorViewport: Clicking on Actor (LMB): superWallTop_C (superWallTop)
[2017.03.29-01.58.53:782][494]LogBlueprintUserMessages: Early PlayInEditor Detection: Level '/Game/Maps/Level_1.Level_1:PersistentLevel' has LevelScriptBlueprint '/Game/Maps/Level_1.Level_1:PersistentLevel.Level_1' with GeneratedClass '/Game/Maps/Level_1.Level_1_C' with ClassGeneratedBy '/Game/Maps/Level_1.Level_1:PersistentLevel.Level_1'
[2017.03.29-01.58.53:782][494]LogPlayLevel: PlayLevel: No blueprints needed recompiling
[2017.03.29-01.58.53:782][494]PIE: New page: PIE session: Level_1 (Mar 28, 2017, 4:58:53 PM)
[2017.03.29-01.58.53:782][494]LogPlayLevel: Creating play world package: /Game/Maps/UEDPIE_0_Level_1
[2017.03.29-01.58.53:784][494]LogPlayLevel: PIE: StaticDuplicateObject took: (0.001611s)
[2017.03.29-01.58.53:784][494]LogAIModule: Creating AISystem for world Level_1
[2017.03.29-01.58.53:784][494]LogPlayLevel: PIE: World Init took: (0.000514s)
[2017.03.29-01.58.53:784][494]LogPlayLevel: PIE: Created PIE world by copying editor world from /Game/Maps/Level_1.Level_1 to /Game/Maps/UEDPIE_0_Level_1.Level_1 (0.002284s)
[2017.03.29-01.58.53:805][494]LogInit: XAudio2 using 'Speakers (Realtek High Definition Audio)' : 8 channels at 48 kHz using 32 bits per sample (channel mask 0x63f)
[2017.03.29-01.58.53:848][494]LogInit: FAudioDevice initialized.
[2017.03.29-01.58.53:932][494]LogWorld: Game class is 'SoulStrikerCampaign_C'
[2017.03.29-01.58.53:936][494]LogWorld: Bringing World /Game/Maps/UEDPIE_0_Level_1.Level_1 up for play (max tick rate 60) at 2017.03.28-21.58.53
[2017.03.29-01.58.53:937][494]LogWorld: Bringing up level for play took: 0.003714
[2017.03.29-01.58.53:942][494]PIE: Info Play in editor start time for /Game/Maps/UEDPIE_0_Level_1 0.574
[2017.03.29-01.58.53:942][494]LogBlueprintUserMessages: Late PlayInEditor Detection: Level '/Game/Maps/Level_1.Level_1:PersistentLevel' has LevelScriptBlueprint '/Game/Maps/Level_1.Level_1:PersistentLevel.Level_1' with GeneratedClass '/Game/Maps/Level_1.Level_1_C' with ClassGeneratedBy '/Game/Maps/Level_1.Level_1:PersistentLevel.Level_1'
[2017.03.29-01.58.56:265][628]LogBlueprintUserMessages: Early EndPlayMap Detection: Level '/Game/Maps/Level_1.Level_1:PersistentLevel' has LevelScriptBlueprint '/Game/Maps/Level_1.Level_1:PersistentLevel.Level_1' with GeneratedClass '/Game/Maps/Level_1.Level_1_C' with ClassGeneratedBy '/Game/Maps/Level_1.Level_1:PersistentLevel.Level_1'
[2017.03.29-01.58.56:325][628]LogBlueprintUserMessages: Late EndPlayMap Detection: Level '/Game/Maps/Level_1.Level_1:PersistentLevel' has LevelScriptBlueprint '/Game/Maps/Level_1.Level_1:PersistentLevel.Level_1' with GeneratedClass '/Game/Maps/Level_1.Level_1_C' with ClassGeneratedBy '/Game/Maps/Level_1.Level_1:PersistentLevel.Level_1'
[2017.03.29-01.59.03:269][771]LogLinker:Warning: Can't find file '/Game/Material_test/Alex_Stuff/floor_redo_baked_maps_cavity'
[2017.03.29-01.59.03:269][771]LogLinker:Warning: Can't find file for asset '/Game/Material_test/Alex_Stuff/floor_redo_baked_maps_cavity' while loading D:/SoulStriker_MainFolder/Soul-Striker-Main/Soul Striker/Content/customMaterials/floor_revised.uasset.
[2017.03.29-01.59.03:269][771]LoadErrors:Error: Error /Game/customMaterials/floor_revised : Can't find file for asset. /Game/Material_test/Alex_Stuff/floor_redo_baked_maps_cavity
[2017.03.29-01.59.03:269][771]LogLinker:Warning: Can't find file '/Game/Material_test/Alex_Stuff/floor_redo_baked_maps_heights'
[2017.03.29-01.59.03:269][771]LogLinker:Warning: Can't find file for asset '/Game/Material_test/Alex_Stuff/floor_redo_baked_maps_heights' while loading D:/SoulStriker_MainFolder/Soul-Striker-Main/Soul Striker/Content/customMaterials/floor_revised.uasset.
[2017.03.29-01.59.03:269][771]LoadErrors:Error: Error /Game/customMaterials/floor_revised : Can't find file for asset. /Game/Material_test/Alex_Stuff/floor_redo_baked_maps_heights
[2017.03.29-01.59.03:269][771]LogLinker:Warning: Can't find file '/Game/Material_test/Alex_Stuff/floor_redo_baked_maps_normals'
[2017.03.29-01.59.03:269][771]LogLinker:Warning: Can't find file for asset '/Game/Material_test/Alex_Stuff/floor_redo_baked_maps_normals' while loading D:/SoulStriker_MainFolder/Soul-Striker-Main/Soul Striker/Content/customMaterials/floor_revised.uasset.
[2017.03.29-01.59.03:269][771]LoadErrors:Error: Error /Game/customMaterials/floor_revised : Can't find file for asset. /Game/Material_test/Alex_Stuff/floor_redo_baked_maps_normals
[2017.03.29-01.59.03:269][771]LogLinker:Warning: Can't find file '/Game/Material_test/Alex_Stuff/floor_redo_baked_maps_occlusion'
[2017.03.29-01.59.03:270][771]LogLinker:Warning: Can't find file for asset '/Game/Material_test/Alex_Stuff/floor_redo_baked_maps_occlusion' while loading D:/SoulStriker_MainFolder/Soul-Striker-Main/Soul Striker/Content/customMaterials/floor_revised.uasset.
[2017.03.29-01.59.03:270][771]LoadErrors:Error: Error /Game/customMaterials/floor_revised : Can't find file for asset. /Game/Material_test/Alex_Stuff/floor_redo_baked_maps_occlusion
[2017.03.29-01.59.03:270][771]LogLinker:Warning: Can't find file '/Game/Material_test/Alex_Stuff/floor_redo_baked_maps_cavity'
[2017.03.29-01.59.03:270][771]LogLinker:Warning: Can't find file for asset '/Game/Material_test/Alex_Stuff/floor_redo_baked_maps_cavity' while loading D:/SoulStriker_MainFolder/Soul-Striker-Main/Soul Striker/Content/customMaterials/floor_revised.uasset.
[2017.03.29-01.59.03:270][771]LogLinker:Warning: Can't find file '/Game/Material_test/Alex_Stuff/floor_redo_baked_maps_heights'
[2017.03.29-01.59.03:270][771]LogLinker:Warning: Can't find file for asset '/Game/Material_test/Alex_Stuff/floor_redo_baked_maps_heights' while loading D:/SoulStriker_MainFolder/Soul-Striker-Main/Soul Striker/Content/customMaterials/floor_revised.uasset.
[2017.03.29-01.59.03:270][771]LogLinker:Warning: Can't find file '/Game/Material_test/Alex_Stuff/floor_redo_baked_maps_normals'
[2017.03.29-01.59.03:270][771]LogLinker:Warning: Can't find file for asset '/Game/Material_test/Alex_Stuff/floor_redo_baked_maps_normals' while loading D:/SoulStriker_MainFolder/Soul-Striker-Main/Soul Striker/Content/customMaterials/floor_revised.uasset.
[2017.03.29-01.59.03:270][771]LogLinker:Warning: Can't find file '/Game/Material_test/Alex_Stuff/floor_redo_baked_maps_occlusion'
[2017.03.29-01.59.03:270][771]LogLinker:Warning: Can't find file for asset '/Game/Material_test/Alex_Stuff/floor_redo_baked_maps_occlusion' while loading D:/SoulStriker_MainFolder/Soul-Striker-Main/Soul Striker/Content/customMaterials/floor_revised.uasset.
[2017.03.29-01.59.03:271][771]LogLinker:Warning: Can't find file '/Game/Material_test/Alex_Stuff/floor_redo_baked_maps_normals'
[2017.03.29-01.59.03:271][771]LoadErrors: Info Failed to load /Game/Material_test/Alex_Stuff/floor_redo_baked_maps_normals.floor_redo_baked_maps_normals Referenced by MaterialExpressionTextureSample_0
[2017.03.29-01.59.03:271][771]LogLinker:Warning: Can't find file for asset '/Game/Material_test/Alex_Stuff/floor_redo_baked_maps_normals' while loading NULL.
[2017.03.29-01.59.03:271][771]LogLinker:Warning: Can't find file '/Game/Material_test/Alex_Stuff/floor_redo_baked_maps_occlusion'
[2017.03.29-01.59.03:271][771]LoadErrors: Info Failed to load /Game/Material_test/Alex_Stuff/floor_redo_baked_maps_occlusion.floor_redo_baked_maps_occlusion Referenced by MaterialExpressionTextureSample_1
[2017.03.29-01.59.03:271][771]LogLinker:Warning: Can't find file for asset '/Game/Material_test/Alex_Stuff/floor_redo_baked_maps_occlusion' while loading NULL.
[2017.03.29-01.59.03:271][771]LogLinker:Warning: Can't find file '/Game/Material_test/Alex_Stuff/floor_redo_baked_maps_heights'
[2017.03.29-01.59.03:272][771]LoadErrors: Info Failed to load /Game/Material_test/Alex_Stuff/floor_redo_baked_maps_heights.floor_redo_baked_maps_heights Referenced by MaterialExpressionTextureSample_2
[2017.03.29-01.59.03:272][771]LogLinker:Warning: Can't find file for asset '/Game/Material_test/Alex_Stuff/floor_redo_baked_maps_heights' while loading NULL.
[2017.03.29-01.59.03:272][771]LogLinker:Warning: Can't find file '/Game/Material_test/Alex_Stuff/floor_redo_baked_maps_cavity'
[2017.03.29-01.59.03:272][771]LoadErrors: Info Failed to load /Game/Material_test/Alex_Stuff/floor_redo_baked_maps_cavity.floor_redo_baked_maps_cavity Referenced by MaterialExpressionTextureSample_3
[2017.03.29-01.59.03:272][771]LogLinker:Warning: Can't find file for asset '/Game/Material_test/Alex_Stuff/floor_redo_baked_maps_cavity' while loading NULL.
[2017.03.29-01.59.03:274][771]LogMaterial: Missing cached shader map for material floor_revised, compiling. 
[2017.03.29-01.59.03:274][771]LogMaterial:Warning: Failed to compile Material /Game/customMaterials/floor_revised.floor_revised for platform PCD3D_SM5, Default Material will be used in game.
[2017.03.29-01.59.03:274][771]LogMaterial:Warning: 	(Node TextureSample) TextureSample> Missing input texture
[2017.03.29-01.59.07:650][857]LogMaterial: Missing cached shader map for material floor_revised_2, compiling. 
[2017.03.29-01.59.07:650][857]LogMaterial:Warning: Failed to compile Material /Engine/Transient.floor_revised_2 for platform PCD3D_SM5, Default Material will be used in game.
[2017.03.29-01.59.07:650][857]LogMaterial:Warning: 	(Node TextureSample) TextureSample> Missing input texture
[2017.03.29-01.59.07:902][857]LogMaterial: Missing cached shader map for material floor_revised_2, compiling. 
[2017.03.29-01.59.07:902][857]LogMaterial:Warning: Failed to compile Material /Engine/Transient.floor_revised_2 for platform PCD3D_SM5, Default Material will be used in game.
[2017.03.29-01.59.07:903][857]LogMaterial:Warning: 	(Node TextureSample) TextureSample> Missing input texture
[2017.03.29-01.59.07:903][857]LogMaterial: 0.00 seconds spent updating 1 materials, 1 interfaces, 0 instances, 0 with static permutations.
[2017.03.29-01.59.07:928][857]LogMaterial: Missing cached shader map for material FMatExpressionPreview MaterialExpressionTextureSample_1, compiling. 
[2017.03.29-01.59.07:929][857]LogMaterial: Missing cached shader map for material FMatExpressionPreview MaterialExpressionTextureSample_2, compiling. 
[2017.03.29-01.59.07:932][857]LogMaterial: Missing cached shader map for material FMatExpressionPreview MaterialExpressionTextureSample_0, compiling. 
[2017.03.29-01.59.07:945][857]MaterialEditorStats:Error: Error [SM5] (Node TextureSample) TextureSample> Missing input texture
[2017.03.29-01.59.31:109][254]LogMaterial: Missing cached shader map for material Magic_Circle_T_Mat, compiling. 
[2017.03.29-01.59.36:164][286]Cmd: TRANSACTION UNDO
[2017.03.29-01.59.36:165][286]LogEditorTransaction: Undo Create Actors
[2017.03.29-01.59.39:443][302]LogLinker:Warning: Can't find file '/Game/ThirdPersonBP/magic_circle_M'
[2017.03.29-01.59.39:443][302]LogLinker:Warning: Can't find file for asset '/Game/ThirdPersonBP/magic_circle_M' while loading D:/SoulStriker_MainFolder/Soul-Striker-Main/Soul Striker/Content/customMaterials/magic_circle_P.uasset.
[2017.03.29-01.59.39:443][302]LoadErrors:Error: Error /Game/customMaterials/magic_circle_P : Can't find file for asset. /Game/ThirdPersonBP/magic_circle_M
[2017.03.29-01.59.39:443][302]LogLinker:Warning: Can't find file '/Game/ThirdPersonBP/Magic_Dot_M'
[2017.03.29-01.59.39:443][302]LogLinker:Warning: Can't find file for asset '/Game/ThirdPersonBP/Magic_Dot_M' while loading D:/SoulStriker_MainFolder/Soul-Striker-Main/Soul Striker/Content/customMaterials/magic_circle_P.uasset.
[2017.03.29-01.59.39:444][302]LoadErrors:Error: Error /Game/customMaterials/magic_circle_P : Can't find file for asset. /Game/ThirdPersonBP/Magic_Dot_M
[2017.03.29-01.59.39:444][302]LogLinker:Warning: Can't find file '/Game/ThirdPersonBP/Magic_Ring_M'
[2017.03.29-01.59.39:444][302]LogLinker:Warning: Can't find file for asset '/Game/ThirdPersonBP/Magic_Ring_M' while loading D:/SoulStriker_MainFolder/Soul-Striker-Main/Soul Striker/Content/customMaterials/magic_circle_P.uasset.
[2017.03.29-01.59.39:444][302]LoadErrors:Error: Error /Game/customMaterials/magic_circle_P : Can't find file for asset. /Game/ThirdPersonBP/Magic_Ring_M
[2017.03.29-01.59.39:444][302]LogLinker:Warning: Can't find file '/Game/ThirdPersonBP/magic_circle_M'
[2017.03.29-01.59.39:444][302]LogLinker:Warning: Can't find file for asset '/Game/ThirdPersonBP/magic_circle_M' while loading D:/SoulStriker_MainFolder/Soul-Striker-Main/Soul Striker/Content/customMaterials/magic_circle_P.uasset.
[2017.03.29-01.59.39:444][302]LogLinker:Warning: Can't find file '/Game/ThirdPersonBP/Magic_Dot_M'
[2017.03.29-01.59.39:444][302]LogLinker:Warning: Can't find file for asset '/Game/ThirdPersonBP/Magic_Dot_M' while loading D:/SoulStriker_MainFolder/Soul-Striker-Main/Soul Striker/Content/customMaterials/magic_circle_P.uasset.
[2017.03.29-01.59.39:444][302]LogLinker:Warning: Can't find file '/Game/ThirdPersonBP/Magic_Ring_M'
[2017.03.29-01.59.39:444][302]LogLinker:Warning: Can't find file for asset '/Game/ThirdPersonBP/Magic_Ring_M' while loading D:/SoulStriker_MainFolder/Soul-Striker-Main/Soul Striker/Content/customMaterials/magic_circle_P.uasset.
[2017.03.29-01.59.39:446][302]LogLinker:Warning: Can't find file '/Game/ThirdPersonBP/magic_circle_M'
[2017.03.29-01.59.39:446][302]LoadErrors: Info Failed to load /Game/ThirdPersonBP/magic_circle_M.magic_circle_M Referenced by ParticleModuleRequired_0
[2017.03.29-01.59.39:446][302]LogLinker:Warning: Can't find file for asset '/Game/ThirdPersonBP/magic_circle_M' while loading NULL.
[2017.03.29-01.59.39:446][302]LogLinker:Warning: Can't find file '/Game/ThirdPersonBP/Magic_Ring_M'
[2017.03.29-01.59.39:446][302]LoadErrors: Info Failed to load /Game/ThirdPersonBP/Magic_Ring_M.Magic_Ring_M Referenced by ParticleModuleRequired_1
[2017.03.29-01.59.39:446][302]LogLinker:Warning: Can't find file for asset '/Game/ThirdPersonBP/Magic_Ring_M' while loading NULL.
[2017.03.29-01.59.39:446][302]LogLinker:Warning: Can't find file '/Game/ThirdPersonBP/Magic_Dot_M'
[2017.03.29-01.59.39:446][302]LoadErrors: Info Failed to load /Game/ThirdPersonBP/Magic_Dot_M.Magic_Dot_M Referenced by ParticleModuleRequired_2
[2017.03.29-01.59.39:447][302]LogLinker:Warning: Can't find file for asset '/Game/ThirdPersonBP/Magic_Dot_M' while loading NULL.
[2017.03.29-01.59.42:442][424]LogBlueprintUserMessages: Early PlayInEditor Detection: Level '/Game/Maps/Level_1.Level_1:PersistentLevel' has LevelScriptBlueprint '/Game/Maps/Level_1.Level_1:PersistentLevel.Level_1' with GeneratedClass '/Game/Maps/Level_1.Level_1_C' with ClassGeneratedBy '/Game/Maps/Level_1.Level_1:PersistentLevel.Level_1'
[2017.03.29-01.59.42:442][424]LogPlayLevel: PlayLevel: No blueprints needed recompiling
[2017.03.29-01.59.42:443][424]PIE: New page: PIE session: Level_1 (Mar 28, 2017, 4:59:42 PM)
[2017.03.29-01.59.42:443][424]LogPlayLevel: Creating play world package: /Game/Maps/UEDPIE_0_Level_1
[2017.03.29-01.59.42:444][424]LogPlayLevel: PIE: StaticDuplicateObject took: (0.001690s)
[2017.03.29-01.59.42:445][424]LogAIModule: Creating AISystem for world Level_1
[2017.03.29-01.59.42:445][424]LogPlayLevel: PIE: World Init took: (0.000455s)
[2017.03.29-01.59.42:445][424]LogPlayLevel: PIE: Created PIE world by copying editor world from /Game/Maps/Level_1.Level_1 to /Game/Maps/UEDPIE_0_Level_1.Level_1 (0.002292s)
[2017.03.29-01.59.42:543][424]LogInit: XAudio2 using 'Speakers (Realtek High Definition Audio)' : 8 channels at 48 kHz using 32 bits per sample (channel mask 0x63f)
[2017.03.29-01.59.42:583][424]LogInit: FAudioDevice initialized.
[2017.03.29-01.59.42:654][424]LogWorld: Game class is 'SoulStrikerCampaign_C'
[2017.03.29-01.59.42:658][424]LogWorld: Bringing World /Game/Maps/UEDPIE_0_Level_1.Level_1 up for play (max tick rate 60) at 2017.03.28-21.59.42
[2017.03.29-01.59.42:659][424]LogWorld: Bringing up level for play took: 0.002714
[2017.03.29-01.59.42:662][424]PIE: Info Play in editor start time for /Game/Maps/UEDPIE_0_Level_1 -0.706
[2017.03.29-01.59.42:662][424]LogBlueprintUserMessages: Late PlayInEditor Detection: Level '/Game/Maps/Level_1.Level_1:PersistentLevel' has LevelScriptBlueprint '/Game/Maps/Level_1.Level_1:PersistentLevel.Level_1' with GeneratedClass '/Game/Maps/Level_1.Level_1_C' with ClassGeneratedBy '/Game/Maps/Level_1.Level_1:PersistentLevel.Level_1'
[2017.03.29-01.59.44:123][508]LogBlueprintUserMessages: Early EndPlayMap Detection: Level '/Game/Maps/Level_1.Level_1:PersistentLevel' has LevelScriptBlueprint '/Game/Maps/Level_1.Level_1:PersistentLevel.Level_1' with GeneratedClass '/Game/Maps/Level_1.Level_1_C' with ClassGeneratedBy '/Game/Maps/Level_1.Level_1:PersistentLevel.Level_1'
[2017.03.29-01.59.44:164][508]LogBlueprintUserMessages: Late EndPlayMap Detection: Level '/Game/Maps/Level_1.Level_1:PersistentLevel' has LevelScriptBlueprint '/Game/Maps/Level_1.Level_1:PersistentLevel.Level_1' with GeneratedClass '/Game/Maps/Level_1.Level_1_C' with ClassGeneratedBy '/Game/Maps/Level_1.Level_1:PersistentLevel.Level_1'
[2017.03.29-01.59.46:806][612]LogContentBrowser: Native class hierarchy updated for 'Cascade' in 0.0004 seconds. Added 2 classes and 2 folders.
[2017.03.29-01.59.54:745][661]LogCascade: Non-seeded module ParticleModuleRequired
[2017.03.29-01.59.59:189][692]LogEditorTransaction: Undo Create Actors
[2017.03.29-02.00.00:309][698]LogEditorTransaction: Undo Move Node
[2017.03.29-02.00.01:255][703]LogEditorTransaction: Undo Create Actors
[2017.03.29-02.00.02:000][707]LogEditorTransaction: Undo Create Actors
[2017.03.29-02.00.04:488][718]LogCascade: Quitting Cascade. FXSystem=0x000002220E561800
[2017.03.29-02.00.36:292][898]LogLinker:Warning: Can't find file '/Game/ThirdPersonBP/Magic_Circle_T'
[2017.03.29-02.00.36:293][898]LogLinker:Warning: Can't find file for asset '/Game/ThirdPersonBP/Magic_Circle_T' while loading D:/SoulStriker_MainFolder/Soul-Striker-Main/Soul Striker/Content/customMaterials/magic_circle_M.uasset.
[2017.03.29-02.00.36:293][898]LoadErrors:Error: Error /Game/customMaterials/magic_circle_M : Can't find file for asset. /Game/ThirdPersonBP/Magic_Circle_T
[2017.03.29-02.00.36:293][898]LogLinker:Warning: Can't find file '/Game/ThirdPersonBP/Magic_Circle_T'
[2017.03.29-02.00.36:293][898]LogLinker:Warning: Can't find file for asset '/Game/ThirdPersonBP/Magic_Circle_T' while loading D:/SoulStriker_MainFolder/Soul-Striker-Main/Soul Striker/Content/customMaterials/magic_circle_M.uasset.
[2017.03.29-02.00.36:294][898]LogLinker:Warning: Can't find file '/Game/ThirdPersonBP/Magic_Circle_T'
[2017.03.29-02.00.36:294][898]LoadErrors: Info Failed to load /Game/ThirdPersonBP/Magic_Circle_T.Magic_Circle_T Referenced by MaterialExpressionTextureSample_0
[2017.03.29-02.00.36:294][898]LogLinker:Warning: Can't find file for asset '/Game/ThirdPersonBP/Magic_Circle_T' while loading NULL.
[2017.03.29-02.00.36:295][898]LogMaterial: Missing cached shader map for material magic_circle_M, compiling. 
[2017.03.29-02.00.36:295][898]LogMaterial:Warning: Failed to compile Material /Game/customMaterials/magic_circle_M.magic_circle_M for platform PCD3D_SM5, Default Material will be used in game.
[2017.03.29-02.00.36:295][898]LogMaterial:Warning: 	(Node TextureSample) TextureSample> Missing input texture
[2017.03.29-02.01.03:111][ 30]LogLinker:Warning: Can't find file '/Game/ThirdPersonBP/Ring_Gradient_T'
[2017.03.29-02.01.03:111][ 30]LogLinker:Warning: Can't find file for asset '/Game/ThirdPersonBP/Ring_Gradient_T' while loading D:/SoulStriker_MainFolder/Soul-Striker-Main/Soul Striker/Content/customMaterials/Magic_Ring_M.uasset.
[2017.03.29-02.01.03:111][ 30]LoadErrors:Error: Error /Game/customMaterials/Magic_Ring_M : Can't find file for asset. /Game/ThirdPersonBP/Ring_Gradient_T
[2017.03.29-02.01.03:111][ 30]LogLinker:Warning: Can't find file '/Game/ThirdPersonBP/Ring_Gradient_T'
[2017.03.29-02.01.03:111][ 30]LogLinker:Warning: Can't find file for asset '/Game/ThirdPersonBP/Ring_Gradient_T' while loading D:/SoulStriker_MainFolder/Soul-Striker-Main/Soul Striker/Content/customMaterials/Magic_Ring_M.uasset.
[2017.03.29-02.01.03:113][ 30]LogLinker:Warning: Can't find file '/Game/ThirdPersonBP/Ring_Gradient_T'
[2017.03.29-02.01.03:113][ 30]LoadErrors: Info Failed to load /Game/ThirdPersonBP/Ring_Gradient_T.Ring_Gradient_T Referenced by MaterialExpressionTextureSample_1
[2017.03.29-02.01.03:113][ 30]LogLinker:Warning: Can't find file for asset '/Game/ThirdPersonBP/Ring_Gradient_T' while loading NULL.
[2017.03.29-02.01.03:115][ 30]LogMaterial: Missing cached shader map for material Magic_Ring_M, compiling. 
[2017.03.29-02.01.03:116][ 30]LogMaterial:Warning: Failed to compile Material /Game/customMaterials/Magic_Ring_M.Magic_Ring_M for platform PCD3D_SM5, Default Material will be used in game.
[2017.03.29-02.01.03:116][ 30]LogMaterial:Warning: 	(Node TextureSample) TextureSample> Missing input texture
[2017.03.29-02.01.05:732][ 47]Cmd: OBJ SAVEPACKAGE PACKAGE="/Game/customMaterials/magic_circle_P" FILE="D:/SoulStriker_MainFolder/Soul-Striker-Main/Soul Striker/Content/customMaterials/magic_circle_P.uasset" SILENT=true
[2017.03.29-02.01.05:762][ 47]LogSavePackage: Save=21.94ms
[2017.03.29-02.01.05:762][ 47]LogSavePackage: Moving 'D:/SoulStriker_MainFolder/Soul-Striker-Main/Soul Striker/Saved/magic_circle_PD5E32B7C427D8FDA86D9A0B384926F29.tmp' to 'D:/SoulStriker_MainFolder/Soul-Striker-Main/Soul Striker/Content/customMaterials/magic_circle_P.uasset'
[2017.03.29-02.01.05:768][ 47]LogSavePackage:Display: Finished SavePackage D:/SoulStriker_MainFolder/Soul-Striker-Main/Soul Striker/Content/customMaterials/magic_circle_P.uasset
[2017.03.29-02.01.21:573][161]LogCascade: Quitting Cascade. FXSystem=0x000002220F15C360
[2017.03.29-02.01.24:394][209]LogContentBrowser: Native class hierarchy updated for 'TextureEditor' in 0.0004 seconds. Added 1 classes and 2 folders.
[2017.03.29-02.01.48:864][349]LogMaterial:Warning: Material /Game/customMaterials/Magic_Circle_T_Mat.Magic_Circle_T_Mat needed to have new flag set bUsedWithParticleSprites !
[2017.03.29-02.01.48:866][349]LogMaterial: Missing cached shader map for material Magic_Circle_T_Mat, compiling. 
[2017.03.29-02.01.48:893][349]LogMaterial: 0.00 seconds spent updating 1 materials, 1 interfaces, 0 instances, 0 with static permutations.
[2017.03.29-02.01.55:495][394]LogCascade: Quitting Cascade. FXSystem=0x000002220F3298A0
[2017.03.29-02.02.15:705][669]LogCascade: Non-seeded module ParticleModuleRequired
[2017.03.29-02.03.17:650][ 41]LogMaterial: Missing cached shader map for material Magic_Circle_T_Mat, compiling. 
[2017.03.29-02.03.17:797][ 41]LogMaterial: Missing cached shader map for material Magic_Circle_T_Mat, compiling. 
[2017.03.29-02.03.17:805][ 41]LogMaterial: 0.00 seconds spent updating 1 materials, 1 interfaces, 0 instances, 0 with static permutations.
[2017.03.29-02.03.17:831][ 41]LogMaterial: Missing cached shader map for material FMatExpressionPreview MaterialExpressionTextureSample_0, compiling. 
[2017.03.29-02.03.19:042][ 48]MaterialEditorStats: Info Base pass shader with only dynamic lighting: 23 instructions
[2017.03.29-02.03.19:042][ 48]MaterialEditorStats: Info Vertex shader: 31 instructions
[2017.03.29-02.03.19:042][ 48]MaterialEditorStats: Info Texture samplers: 1/16
[2017.03.29-02.03.26:322][ 99]LogCascade: Quitting Cascade. FXSystem=0x000002220E48F7E0
[2017.03.29-02.03.33:178][173]LogMaterial: Missing cached shader map for material Magic_Ring_M, compiling. 
[2017.03.29-02.03.33:178][173]LogMaterial:Warning: Failed to compile Material /Engine/Transient.Magic_Ring_M for platform PCD3D_SM5, Default Material will be used in game.
[2017.03.29-02.03.33:178][173]LogMaterial:Warning: 	(Node TextureSample) TextureSample> Missing input texture
[2017.03.29-02.03.33:351][173]LogMaterial: Missing cached shader map for material Magic_Ring_M, compiling. 
[2017.03.29-02.03.33:351][173]LogMaterial:Warning: Failed to compile Material /Engine/Transient.Magic_Ring_M for platform PCD3D_SM5, Default Material will be used in game.
[2017.03.29-02.03.33:351][173]LogMaterial:Warning: 	(Node TextureSample) TextureSample> Missing input texture
[2017.03.29-02.03.33:351][173]LogMaterial: 0.00 seconds spent updating 1 materials, 1 interfaces, 0 instances, 0 with static permutations.
[2017.03.29-02.03.33:382][173]LogMaterial: Missing cached shader map for material FMatExpressionPreview MaterialExpressionTextureSample_1, compiling. 
[2017.03.29-02.03.33:387][173]MaterialEditorStats:Error: Error [SM5] (Node TextureSample) TextureSample> Missing input texture
[2017.03.29-02.03.40:919][222]LogMaterial: Missing cached shader map for material Magic_Ring_M, compiling. 
[2017.03.29-02.03.40:925][222]LogMaterial: 0.00 seconds spent updating 1 materials, 1 interfaces, 0 instances, 0 with static permutations.
[2017.03.29-02.03.42:177][232]MaterialEditorStats: Info Base pass shader without light map: 5 instructions
[2017.03.29-02.03.42:177][232]MaterialEditorStats: Info Vertex shader: 66 instructions
[2017.03.29-02.03.42:177][232]MaterialEditorStats: Info Texture samplers: 3/16
[2017.03.29-02.03.49:719][274]LogMaterial: Missing cached shader map for material Magic_Ring_M, compiling. 
[2017.03.29-02.03.49:723][274]LogMaterial: 0.00 seconds spent updating 1 materials, 1 interfaces, 0 instances, 0 with static permutations.
[2017.03.29-02.03.49:724][274]LogMaterial: Missing cached shader map for material FMatExpressionPreview MaterialExpressionTextureSample_0, compiling. 
[2017.03.29-02.03.49:754][274]LogMaterial: Missing cached shader map for material FMatExpressionPreview MaterialExpressionTextureSample_0, compiling. 
[2017.03.29-02.03.50:754][282]MaterialEditorStats: Info Base pass shader without light map: 5 instructions
[2017.03.29-02.03.50:754][282]MaterialEditorStats: Info Vertex shader: 66 instructions
[2017.03.29-02.03.50:754][282]MaterialEditorStats: Info Texture samplers: 3/16
[2017.03.29-02.03.56:085][307]LogMaterial: Missing cached shader map for material Magic_Ring_M, compiling. 
[2017.03.29-02.03.56:089][307]LogMaterial: 0.00 seconds spent updating 1 materials, 1 interfaces, 0 instances, 0 with static permutations.
[2017.03.29-02.03.56:119][307]LogMaterial: Missing cached shader map for material FMatExpressionPreview MaterialExpressionTextureSample_0, compiling. 
[2017.03.29-02.03.57:544][314]MaterialEditorStats: Info Base pass shader without light map: 6 instructions
[2017.03.29-02.03.57:544][314]MaterialEditorStats: Info Vertex shader: 68 instructions
[2017.03.29-02.03.57:544][314]MaterialEditorStats: Info Texture samplers: 3/16
[2017.03.29-02.03.59:068][322]LogMaterial: Missing cached shader map for material Magic_Ring_M, compiling. 
[2017.03.29-02.03.59:073][322]LogMaterial: 0.00 seconds spent updating 1 materials, 1 interfaces, 0 instances, 0 with static permutations.
[2017.03.29-02.03.59:099][322]LogMaterial: Missing cached shader map for material FMatExpressionPreview MaterialExpressionTextureSample_0, compiling. 
[2017.03.29-02.04.00:067][329]MaterialEditorStats: Info Base pass shader without light map: 6 instructions
[2017.03.29-02.04.00:067][329]MaterialEditorStats: Info Vertex shader: 68 instructions
[2017.03.29-02.04.00:067][329]MaterialEditorStats: Info Texture samplers: 3/16
[2017.03.29-02.04.11:996][412]LogMaterialEditor: Saving and Compiling material Magic_Ring_M
[2017.03.29-02.04.12:548][412]LogMaterial: Missing cached shader map for material Magic_Ring_M, compiling. 
[2017.03.29-02.04.12:556][412]LogMaterial: 0.00 seconds spent updating 1 materials, 1 interfaces, 0 instances, 0 with static permutations.
[2017.03.29-02.04.12:669][412]LogMaterial: Missing cached shader map for material Magic_Ring_M, compiling. 
[2017.03.29-02.04.12:688][412]LogMaterial: Missing cached shader map for material Magic_Ring_M, compiling. 
[2017.03.29-02.04.12:702][412]LogMaterial: 0.00 seconds spent updating 1 materials, 1 interfaces, 0 instances, 0 with static permutations.
[2017.03.29-02.04.15:137][412]Cmd: OBJ SAVEPACKAGE PACKAGE="/Game/customMaterials/Magic_Ring_M" FILE="D:/SoulStriker_MainFolder/Soul-Striker-Main/Soul Striker/Content/customMaterials/Magic_Ring_M.uasset" SILENT=true
[2017.03.29-02.04.15:157][412]LogSavePackage: Save=13.39ms
[2017.03.29-02.04.15:157][412]LogSavePackage: Moving 'D:/SoulStriker_MainFolder/Soul-Striker-Main/Soul Striker/Saved/Magic_Ring_M789D0C18469E6A9E43116D916B58FEF6.tmp' to 'D:/SoulStriker_MainFolder/Soul-Striker-Main/Soul Striker/Content/customMaterials/Magic_Ring_M.uasset'
[2017.03.29-02.04.15:158][412]LogSavePackage:Display: Finished SavePackage D:/SoulStriker_MainFolder/Soul-Striker-Main/Soul Striker/Content/customMaterials/Magic_Ring_M.uasset
[2017.03.29-02.04.15:167][412]MaterialEditorStats: Info Base pass shader without light map: 30 instructions
[2017.03.29-02.04.15:167][412]MaterialEditorStats: Info Vertex shader: 68 instructions
[2017.03.29-02.04.15:167][412]MaterialEditorStats: Info Texture samplers: 7/16
[2017.03.29-02.04.20:303][442]LogMaterial: Missing cached shader map for material PreviewMaterial_0, compiling. 
[2017.03.29-02.04.20:451][442]LogMaterial: Missing cached shader map for material PreviewMaterial_0, compiling. 
[2017.03.29-02.04.20:458][442]LogMaterial: 0.00 seconds spent updating 1 materials, 1 interfaces, 0 instances, 0 with static permutations.
[2017.03.29-02.04.20:486][442]LogMaterial: Missing cached shader map for material FMatExpressionPreview MaterialExpressionTextureSample_0, compiling. 
[2017.03.29-02.04.21:457][448]MaterialEditorStats: Info Base pass shader with only dynamic lighting: 23 instructions
[2017.03.29-02.04.21:457][448]MaterialEditorStats: Info Vertex shader: 31 instructions
[2017.03.29-02.04.21:457][448]MaterialEditorStats: Info Texture samplers: 1/16
[2017.03.29-02.05.01:202][704]LogMaterial: Missing cached shader map for material PreviewMaterial_0, compiling. 
[2017.03.29-02.05.01:208][704]LogMaterial: 0.00 seconds spent updating 1 materials, 1 interfaces, 0 instances, 0 with static permutations.
[2017.03.29-02.05.02:107][710]LogMaterial: Missing cached shader map for material PreviewMaterial_0, compiling. 
[2017.03.29-02.05.02:117][710]LogMaterial: 0.00 seconds spent updating 1 materials, 1 interfaces, 0 instances, 0 with static permutations.
[2017.03.29-02.05.03:235][718]MaterialEditorStats: Info Base pass shader with only dynamic lighting: 23 instructions
[2017.03.29-02.05.03:235][718]MaterialEditorStats: Info Vertex shader: 31 instructions
[2017.03.29-02.05.03:235][718]MaterialEditorStats: Info Texture samplers: 1/16
[2017.03.29-02.05.07:129][740]LogMaterial: Missing cached shader map for material PreviewMaterial_0, compiling. 
[2017.03.29-02.05.07:136][740]LogMaterial: 0.00 seconds spent updating 1 materials, 1 interfaces, 0 instances, 0 with static permutations.
[2017.03.29-02.05.08:254][748]MaterialEditorStats: Info Base pass shader with only dynamic lighting: 23 instructions
[2017.03.29-02.05.08:254][748]MaterialEditorStats: Info Vertex shader: 31 instructions
[2017.03.29-02.05.08:254][748]MaterialEditorStats: Info Texture samplers: 1/16
[2017.03.29-02.05.33:601][901]LogMaterial: Missing cached shader map for material PreviewMaterial_0, compiling. 
[2017.03.29-02.05.33:608][901]LogMaterial: 0.00 seconds spent updating 1 materials, 1 interfaces, 0 instances, 0 with static permutations.
[2017.03.29-02.05.34:931][908]MaterialEditorStats: Info Base pass shader with only dynamic lighting: 23 instructions
[2017.03.29-02.05.34:931][908]MaterialEditorStats: Info Vertex shader: 31 instructions
[2017.03.29-02.05.34:931][908]MaterialEditorStats: Info Texture samplers: 1/16
[2017.03.29-02.05.35:499][911]LogMaterial: Missing cached shader map for material PreviewMaterial_0, compiling. 
[2017.03.29-02.05.35:506][911]LogMaterial: 0.00 seconds spent updating 1 materials, 1 interfaces, 0 instances, 0 with static permutations.
[2017.03.29-02.05.36:515][917]MaterialEditorStats: Info Base pass shader with only dynamic lighting: 23 instructions
[2017.03.29-02.05.36:515][917]MaterialEditorStats: Info Vertex shader: 31 instructions
[2017.03.29-02.05.36:515][917]MaterialEditorStats: Info Texture samplers: 1/16
[2017.03.29-02.05.38:487][926]LogMaterial: Missing cached shader map for material PreviewMaterial_0, compiling. 
[2017.03.29-02.05.38:494][926]LogMaterial: 0.00 seconds spent updating 1 materials, 1 interfaces, 0 instances, 0 with static permutations.
[2017.03.29-02.05.38:519][926]LogMaterial: Missing cached shader map for material FMatExpressionPreview MaterialExpressionTextureSample_0, compiling. 
[2017.03.29-02.05.39:787][933]MaterialEditorStats: Info Base pass shader with only dynamic lighting: 23 instructions
[2017.03.29-02.05.39:787][933]MaterialEditorStats: Info Vertex shader: 31 instructions
[2017.03.29-02.05.39:788][933]MaterialEditorStats: Info Texture samplers: 1/16
[2017.03.29-02.05.40:743][938]LogMaterial: Missing cached shader map for material PreviewMaterial_0, compiling. 
[2017.03.29-02.05.40:750][938]LogMaterial: 0.00 seconds spent updating 1 materials, 1 interfaces, 0 instances, 0 with static permutations.
[2017.03.29-02.05.40:777][938]LogMaterial: Missing cached shader map for material FMatExpressionPreview MaterialExpressionTextureSample_0, compiling. 
[2017.03.29-02.05.41:855][944]MaterialEditorStats: Info Base pass shader with only dynamic lighting: 23 instructions
[2017.03.29-02.05.41:855][944]MaterialEditorStats: Info Vertex shader: 31 instructions
[2017.03.29-02.05.41:855][944]MaterialEditorStats: Info Texture samplers: 1/16
[2017.03.29-02.05.44:200][956]LogMaterial: Missing cached shader map for material PreviewMaterial_0, compiling. 
[2017.03.29-02.05.44:207][956]LogMaterial: 0.00 seconds spent updating 1 materials, 1 interfaces, 0 instances, 0 with static permutations.
[2017.03.29-02.05.45:017][961]MaterialEditorStats: Info Base pass shader with only dynamic lighting: 22 instructions
[2017.03.29-02.05.45:017][961]MaterialEditorStats: Info Vertex shader: 29 instructions
[2017.03.29-02.05.45:017][961]MaterialEditorStats: Info Texture samplers: 0/16
[2017.03.29-02.06.01:119][ 51]LogMaterial: Missing cached shader map for material PreviewMaterial_0, compiling. 
[2017.03.29-02.06.01:126][ 51]LogMaterial: 0.00 seconds spent updating 1 materials, 1 interfaces, 0 instances, 0 with static permutations.
[2017.03.29-02.06.02:197][ 57]MaterialEditorStats: Info Base pass shader with only dynamic lighting: 24 instructions
[2017.03.29-02.06.02:197][ 57]MaterialEditorStats: Info Vertex shader: 31 instructions
[2017.03.29-02.06.02:197][ 57]MaterialEditorStats: Info Texture samplers: 1/16
[2017.03.29-02.06.07:925][ 86]LogMaterial: Missing cached shader map for material PreviewMaterial_0, compiling. 
[2017.03.29-02.06.07:940][ 86]LogMaterial: Missing cached shader map for material PreviewMaterial_0, compiling. 
[2017.03.29-02.06.07:948][ 86]LogMaterial: 0.00 seconds spent updating 1 materials, 1 interfaces, 0 instances, 0 with static permutations.
[2017.03.29-02.06.10:130][ 97]MaterialEditorStats: Info Base pass shader with only dynamic lighting: 28 instructions
[2017.03.29-02.06.10:130][ 97]MaterialEditorStats: Info Base pass shader for self shadowed translucency: 64 instructions
[2017.03.29-02.06.10:130][ 97]MaterialEditorStats: Info Vertex shader: 68 instructions
[2017.03.29-02.06.10:130][ 97]MaterialEditorStats: Info Texture samplers: 5/16
[2017.03.29-02.06.10:903][100]LogMaterial: Missing cached shader map for material PreviewMaterial_0, compiling. 
[2017.03.29-02.06.10:915][100]LogMaterial: Missing cached shader map for material PreviewMaterial_0, compiling. 
[2017.03.29-02.06.10:919][100]LogMaterial: 0.00 seconds spent updating 1 materials, 1 interfaces, 0 instances, 0 with static permutations.
[2017.03.29-02.06.12:100][109]MaterialEditorStats: Info Base pass shader without light map: 6 instructions
[2017.03.29-02.06.12:100][109]MaterialEditorStats: Info Vertex shader: 68 instructions
[2017.03.29-02.06.12:100][109]MaterialEditorStats: Info Texture samplers: 3/16
[2017.03.29-02.06.13:698][116]LogMaterial: Missing cached shader map for material PreviewMaterial_0, compiling. 
[2017.03.29-02.06.13:702][116]LogMaterial: 0.00 seconds spent updating 1 materials, 1 interfaces, 0 instances, 0 with static permutations.
[2017.03.29-02.06.14:723][123]MaterialEditorStats: Info Base pass shader without light map: 6 instructions
[2017.03.29-02.06.14:723][123]MaterialEditorStats: Info Vertex shader: 68 instructions
[2017.03.29-02.06.14:723][123]MaterialEditorStats: Info Texture samplers: 3/16
[2017.03.29-02.06.16:657][135]LogMaterialEditor: Saving and Compiling material Magic_Circle_T_Mat
[2017.03.29-02.06.17:166][135]LogMaterial: Missing cached shader map for material PreviewMaterial_0, compiling. 
[2017.03.29-02.06.17:174][135]LogMaterial: 0.00 seconds spent updating 1 materials, 1 interfaces, 0 instances, 0 with static permutations.
[2017.03.29-02.06.17:264][135]LogMaterial: Missing cached shader map for material Magic_Circle_T_Mat, compiling. 
[2017.03.29-02.06.17:280][135]LogMaterial: Missing cached shader map for material Magic_Circle_T_Mat, compiling. 
[2017.03.29-02.06.17:294][135]LogMaterial: 0.00 seconds spent updating 1 materials, 1 interfaces, 0 instances, 0 with static permutations.
[2017.03.29-02.06.19:718][135]Cmd: OBJ SAVEPACKAGE PACKAGE="/Game/customMaterials/Magic_Circle_T_Mat" FILE="D:/SoulStriker_MainFolder/Soul-Striker-Main/Soul Striker/Content/customMaterials/Magic_Circle_T_Mat.uasset" SILENT=true
[2017.03.29-02.06.19:734][135]LogSavePackage: Save=14.11ms
[2017.03.29-02.06.19:734][135]LogSavePackage: Moving 'D:/SoulStriker_MainFolder/Soul-Striker-Main/Soul Striker/Saved/Magic_Circle_T_Mat9528501740B0F2007381B4955ED481E8.tmp' to 'D:/SoulStriker_MainFolder/Soul-Striker-Main/Soul Striker/Content/customMaterials/Magic_Circle_T_Mat.uasset'
[2017.03.29-02.06.19:735][135]LogSavePackage:Display: Finished SavePackage D:/SoulStriker_MainFolder/Soul-Striker-Main/Soul Striker/Content/customMaterials/Magic_Circle_T_Mat.uasset
[2017.03.29-02.06.19:745][135]MaterialEditorStats: Info Base pass shader without light map: 30 instructions
[2017.03.29-02.06.19:745][135]MaterialEditorStats: Info Vertex shader: 68 instructions
[2017.03.29-02.06.19:745][135]MaterialEditorStats: Info Texture samplers: 7/16
[2017.03.29-02.07.48:160][757]Cmd: OBJ SAVEPACKAGE PACKAGE="/Game/customMaterials/magic_circle_P" FILE="D:/SoulStriker_MainFolder/Soul-Striker-Main/Soul Striker/Content/customMaterials/magic_circle_P.uasset" SILENT=true
[2017.03.29-02.07.48:179][757]LogSavePackage: Save=11.69ms
[2017.03.29-02.07.48:179][757]LogSavePackage: Moving 'D:/SoulStriker_MainFolder/Soul-Striker-Main/Soul Striker/Saved/magic_circle_P94F8FED84503D3727F5F86B74C86E395.tmp' to 'D:/SoulStriker_MainFolder/Soul-Striker-Main/Soul Striker/Content/customMaterials/magic_circle_P.uasset'
[2017.03.29-02.07.48:180][757]LogSavePackage:Display: Finished SavePackage D:/SoulStriker_MainFolder/Soul-Striker-Main/Soul Striker/Content/customMaterials/magic_circle_P.uasset
[2017.03.29-02.08.13:134][879]Cmd: OBJ SAVEPACKAGE PACKAGE="/Game/customMaterials/magic_circle_P" FILE="D:/SoulStriker_MainFolder/Soul-Striker-Main/Soul Striker/Content/customMaterials/magic_circle_P.uasset" SILENT=true
[2017.03.29-02.08.13:146][879]LogSavePackage: Save=9.23ms
[2017.03.29-02.08.13:146][879]LogSavePackage: Moving 'D:/SoulStriker_MainFolder/Soul-Striker-Main/Soul Striker/Saved/magic_circle_P093B2E9C4B63C426D330369F0B9AB37A.tmp' to 'D:/SoulStriker_MainFolder/Soul-Striker-Main/Soul Striker/Content/customMaterials/magic_circle_P.uasset'
[2017.03.29-02.08.13:147][879]LogSavePackage:Display: Finished SavePackage D:/SoulStriker_MainFolder/Soul-Striker-Main/Soul Striker/Content/customMaterials/magic_circle_P.uasset
[2017.03.29-02.08.14:951][892]LogCascade: Quitting Cascade. FXSystem=0x000002225373E3E0
[2017.03.29-02.08.18:393][  0]LogBlueprintUserMessages: Early PlayInEditor Detection: Level '/Game/Maps/Level_1.Level_1:PersistentLevel' has LevelScriptBlueprint '/Game/Maps/Level_1.Level_1:PersistentLevel.Level_1' with GeneratedClass '/Game/Maps/Level_1.Level_1_C' with ClassGeneratedBy '/Game/Maps/Level_1.Level_1:PersistentLevel.Level_1'
[2017.03.29-02.08.18:393][  0]LogPlayLevel: PlayLevel: No blueprints needed recompiling
[2017.03.29-02.08.18:393][  0]PIE: New page: PIE session: Level_1 (Mar 28, 2017, 5:08:18 PM)
[2017.03.29-02.08.18:393][  0]LogPlayLevel: Creating play world package: /Game/Maps/UEDPIE_0_Level_1
[2017.03.29-02.08.18:395][  0]LogPlayLevel: PIE: StaticDuplicateObject took: (0.001822s)
[2017.03.29-02.08.18:396][  0]LogAIModule: Creating AISystem for world Level_1
[2017.03.29-02.08.18:396][  0]LogPlayLevel: PIE: World Init took: (0.000589s)
[2017.03.29-02.08.18:396][  0]LogPlayLevel: PIE: Created PIE world by copying editor world from /Game/Maps/Level_1.Level_1 to /Game/Maps/UEDPIE_0_Level_1.Level_1 (0.002626s)
[2017.03.29-02.08.18:479][  0]LogInit: XAudio2 using 'Speakers (Realtek High Definition Audio)' : 8 channels at 48 kHz using 32 bits per sample (channel mask 0x63f)
[2017.03.29-02.08.18:521][  0]LogInit: FAudioDevice initialized.
[2017.03.29-02.08.18:570][  0]LogWorld: Game class is 'SoulStrikerCampaign_C'
[2017.03.29-02.08.18:574][  0]LogWorld: Bringing World /Game/Maps/UEDPIE_0_Level_1.Level_1 up for play (max tick rate 60) at 2017.03.28-22.08.18
[2017.03.29-02.08.18:575][  0]LogWorld: Bringing up level for play took: 0.002690
[2017.03.29-02.08.18:578][  0]PIE: Info Play in editor start time for /Game/Maps/UEDPIE_0_Level_1 -0.789
[2017.03.29-02.08.18:578][  0]LogBlueprintUserMessages: Late PlayInEditor Detection: Level '/Game/Maps/Level_1.Level_1:PersistentLevel' has LevelScriptBlueprint '/Game/Maps/Level_1.Level_1:PersistentLevel.Level_1' with GeneratedClass '/Game/Maps/Level_1.Level_1_C' with ClassGeneratedBy '/Game/Maps/Level_1.Level_1:PersistentLevel.Level_1'
[2017.03.29-02.08.22:644][240]LogBlueprintUserMessages: Early EndPlayMap Detection: Level '/Game/Maps/Level_1.Level_1:PersistentLevel' has LevelScriptBlueprint '/Game/Maps/Level_1.Level_1:PersistentLevel.Level_1' with GeneratedClass '/Game/Maps/Level_1.Level_1_C' with ClassGeneratedBy '/Game/Maps/Level_1.Level_1:PersistentLevel.Level_1'
[2017.03.29-02.08.22:686][240]LogBlueprintUserMessages: Late EndPlayMap Detection: Level '/Game/Maps/Level_1.Level_1:PersistentLevel' has LevelScriptBlueprint '/Game/Maps/Level_1.Level_1:PersistentLevel.Level_1' with GeneratedClass '/Game/Maps/Level_1.Level_1_C' with ClassGeneratedBy '/Game/Maps/Level_1.Level_1:PersistentLevel.Level_1'
[2017.03.29-02.08.26:475][449]LogBlueprintUserMessages: Early PlayInEditor Detection: Level '/Game/Maps/Level_1.Level_1:PersistentLevel' has LevelScriptBlueprint '/Game/Maps/Level_1.Level_1:PersistentLevel.Level_1' with GeneratedClass '/Game/Maps/Level_1.Level_1_C' with ClassGeneratedBy '/Game/Maps/Level_1.Level_1:PersistentLevel.Level_1'
[2017.03.29-02.08.26:475][449]LogPlayLevel: PlayLevel: No blueprints needed recompiling
[2017.03.29-02.08.26:475][449]PIE: New page: PIE session: Level_1 (Mar 28, 2017, 5:08:26 PM)
[2017.03.29-02.08.26:475][449]LogPlayLevel: Creating play world package: /Game/Maps/UEDPIE_0_Level_1
[2017.03.29-02.08.26:477][449]LogPlayLevel: PIE: StaticDuplicateObject took: (0.001981s)
[2017.03.29-02.08.26:478][449]LogAIModule: Creating AISystem for world Level_1
[2017.03.29-02.08.26:478][449]LogPlayLevel: PIE: World Init took: (0.000497s)
[2017.03.29-02.08.26:478][449]LogPlayLevel: PIE: Created PIE world by copying editor world from /Game/Maps/Level_1.Level_1 to /Game/Maps/UEDPIE_0_Level_1.Level_1 (0.002639s)
[2017.03.29-02.08.26:498][449]LogInit: XAudio2 using 'Speakers (Realtek High Definition Audio)' : 8 channels at 48 kHz using 32 bits per sample (channel mask 0x63f)
[2017.03.29-02.08.26:543][449]LogInit: FAudioDevice initialized.
[2017.03.29-02.08.26:597][449]LogWorld: Game class is 'SoulStrikerCampaign_C'
[2017.03.29-02.08.26:600][449]LogWorld: Bringing World /Game/Maps/UEDPIE_0_Level_1.Level_1 up for play (max tick rate 60) at 2017.03.28-22.08.26
[2017.03.29-02.08.26:601][449]LogWorld: Bringing up level for play took: 0.002496
[2017.03.29-02.08.26:603][449]PIE: Info Play in editor start time for /Game/Maps/UEDPIE_0_Level_1 -0.764
[2017.03.29-02.08.26:604][449]LogBlueprintUserMessages: Late PlayInEditor Detection: Level '/Game/Maps/Level_1.Level_1:PersistentLevel' has LevelScriptBlueprint '/Game/Maps/Level_1.Level_1:PersistentLevel.Level_1' with GeneratedClass '/Game/Maps/Level_1.Level_1_C' with ClassGeneratedBy '/Game/Maps/Level_1.Level_1:PersistentLevel.Level_1'
[2017.03.29-02.08.28:553][563]LogBlueprintUserMessages: Early EndPlayMap Detection: Level '/Game/Maps/Level_1.Level_1:PersistentLevel' has LevelScriptBlueprint '/Game/Maps/Level_1.Level_1:PersistentLevel.Level_1' with GeneratedClass '/Game/Maps/Level_1.Level_1_C' with ClassGeneratedBy '/Game/Maps/Level_1.Level_1:PersistentLevel.Level_1'
[2017.03.29-02.08.28:595][563]LogBlueprintUserMessages: Late EndPlayMap Detection: Level '/Game/Maps/Level_1.Level_1:PersistentLevel' has LevelScriptBlueprint '/Game/Maps/Level_1.Level_1:PersistentLevel.Level_1' with GeneratedClass '/Game/Maps/Level_1.Level_1_C' with ClassGeneratedBy '/Game/Maps/Level_1.Level_1:PersistentLevel.Level_1'
[2017.03.29-02.08.29:905][639]LogEditorViewport: Clicking on Actor (LMB): StaticMeshActor (Floor)
[2017.03.29-02.08.35:073][863]LogEditorViewport: Clicking on Actor (LMB): StaticMeshActor (Floor)
[2017.03.29-02.08.37:328][998]LogEditorViewport: Clicking on Actor (LMB): Emitter (magic_circle_P)
[2017.03.29-02.08.38:404][ 60]Cmd: DELETE
[2017.03.29-02.08.38:404][ 60]Cmd: ACTOR DELETE
[2017.03.29-02.08.38:414][ 60]LogEditorActor: Deleted Actor: Emitter
[2017.03.29-02.08.38:424][ 60]LogEditorActor: Deleted 1 Actors (0.012 secs)
[2017.03.29-02.08.42:826][286]Cmd: OBJ SAVEPACKAGE PACKAGE="/Game/Maps/Level_1" FILE="D:/SoulStriker_MainFolder/Soul-Striker-Main/Soul Striker/Content/Maps/Level_1.umap" SILENT=true AUTOSAVING=false KEEPDIRTY=false
[2017.03.29-02.08.42:917][286]LogSavePackage: Save=73.27ms
[2017.03.29-02.08.42:917][286]LogSavePackage: Moving 'D:/SoulStriker_MainFolder/Soul-Striker-Main/Soul Striker/Saved/Level_108C6B2F34F708FB5AB59D490AD98D5EF.tmp' to 'D:/SoulStriker_MainFolder/Soul-Striker-Main/Soul Striker/Content/Maps/Level_1.umap'
[2017.03.29-02.08.42:919][286]LogSavePackage:Display: Finished SavePackage D:/SoulStriker_MainFolder/Soul-Striker-Main/Soul Striker/Content/Maps/Level_1.umap
[2017.03.29-02.09.41:162][831]LogWindowsTextInputMethodSystem:Display: IME system now deactivated.
[2017.03.29-02.09.41:162][831]LogWindowsTextInputMethodSystem:Display: IME system now deactivated.
[2017.03.29-02.09.41:362][832]Cmd: QUIT_EDITOR
[2017.03.29-02.09.42:269][832]LogExit: Preparing to exit.
[2017.03.29-02.09.42:691][832]LogExit: Editor shut down
[2017.03.29-02.09.42:691][832]LogExit: Transaction tracking system shut down
[2017.03.29-02.09.42:884][832]LogObj: Freed 0b from 0 cluster array pools.
[2017.03.29-02.09.42:884][832]LogExit: Object subsystem successfully closed.
[2017.03.29-02.09.42:911][832]LogD3D11RHI: Shutdown
[2017.03.29-02.09.42:912][832]LogD3D11RHI: CleanupD3DDevice
[2017.03.29-02.09.43:014][832]LogD3D11RHI: ~FD3D11DynamicRHI
[2017.03.29-02.09.43:056][832]LogModuleManager: Shutting down and abandoning module TextureEditor (220)
[2017.03.29-02.09.43:056][832]LogModuleManager: Shutting down and abandoning module DistCurveEditor (219)
[2017.03.29-02.09.43:056][832]LogModuleManager: Shutting down and abandoning module Cascade (218)
[2017.03.29-02.09.43:056][832]LogModuleManager: Shutting down and abandoning module MaterialEditor (217)
[2017.03.29-02.09.43:056][832]LogModuleManager: Shutting down and abandoning module MovieSceneCapture (216)
[2017.03.29-02.09.43:056][832]LogModuleManager: Shutting down and abandoning module HierarchicalLODOutliner (215)
[2017.03.29-02.09.43:057][832]LogModuleManager: Shutting down and abandoning module CrashTracker (214)
[2017.03.29-02.09.43:057][832]LogModuleManager: Shutting down and abandoning module SceneOutliner (213)
[2017.03.29-02.09.43:057][832]LogModuleManager: Shutting down and abandoning module WidgetCarousel (212)
[2017.03.29-02.09.43:057][832]LogModuleManager: Shutting down and abandoning module AddContentDialog (211)
[2017.03.29-02.09.43:059][832]LogModuleManager: Shutting down and abandoning module GameplayTags (210)
[2017.03.29-02.09.43:059][832]LogModuleManager: Shutting down and abandoning module EditorWidgets (209)
[2017.03.29-02.09.43:059][832]LogModuleManager: Shutting down and abandoning module CollectionManager (208)
[2017.03.29-02.09.43:061][832]LogModuleManager: Shutting down and abandoning module StatsViewer (207)
[2017.03.29-02.09.43:062][832]LogModuleManager: Shutting down and abandoning module FoliageEdit (206)
[2017.03.29-02.09.43:062][832]LogModuleManager: Shutting down and abandoning module LandscapeEditor (205)
[2017.03.29-02.09.43:063][832]LogModuleManager: Shutting down and abandoning module SceneDepthPickerMode (204)
[2017.03.29-02.09.43:064][832]LogModuleManager: Shutting down and abandoning module ActorPickerMode (203)
[2017.03.29-02.09.43:064][832]LogModuleManager: Shutting down and abandoning module GeometryMode (202)
[2017.03.29-02.09.43:064][832]LogModuleManager: Shutting down and abandoning module TextureAlignMode (201)
[2017.03.29-02.09.43:064][832]LogModuleManager: Shutting down and abandoning module BspMode (200)
[2017.03.29-02.09.43:064][832]LogModuleManager: Shutting down and abandoning module HardwareSurvey (199)
[2017.03.29-02.09.43:064][832]LogModuleManager: Shutting down and abandoning module SequenceRecorderSections (198)
[2017.03.29-02.09.43:064][832]LogModuleManager: Shutting down and abandoning module SequenceRecorder (197)
[2017.03.29-02.09.43:065][832]LogModuleManager: Shutting down and abandoning module AutomationWorker (196)
[2017.03.29-02.09.43:065][832]LogModuleManager: Shutting down and abandoning module MatineeToLevelSequence (195)
[2017.03.29-02.09.43:065][832]LogModuleManager: Shutting down and abandoning module PlacementMode (194)
[2017.03.29-02.09.43:066][832]LogModuleManager: Shutting down and abandoning module LevelSequenceEditor (193)
[2017.03.29-02.09.43:069][832]LogModuleManager: Shutting down and abandoning module CharacterAI (192)
[2017.03.29-02.09.43:069][832]LogModuleManager: Shutting down and abandoning module SmartSnapping (191)
[2017.03.29-02.09.43:069][832]LogModuleManager: Shutting down and abandoning module SessionServices (190)
[2017.03.29-02.09.43:069][832]LogModuleManager: Shutting down and abandoning module ViewportSnapping (189)
[2017.03.29-02.09.43:069][832]LogModuleManager: Shutting down and abandoning module LogVisualizer (188)
[2017.03.29-02.09.43:071][832]LogModuleManager: Shutting down and abandoning module GameProjectGeneration (187)
[2017.03.29-02.09.43:073][832]LogModuleManager: Shutting down and abandoning module IntroTutorials (186)
[2017.03.29-02.09.43:073][832]LogModuleManager: Shutting down and abandoning module EditorLiveStreaming (185)
[2017.03.29-02.09.43:073][832]LogModuleManager: Shutting down and abandoning module IOSPlatformEditor (184)
[2017.03.29-02.09.43:074][832]LogModuleManager: Shutting down and abandoning module HTML5PlatformEditor (183)
[2017.03.29-02.09.43:074][832]LogModuleManager: Shutting down and abandoning module AndroidDeviceDetection (182)
[2017.03.29-02.09.43:611][832]LogModuleManager: Shutting down and abandoning module AndroidPlatformEditor (181)
[2017.03.29-02.09.43:612][832]LogModuleManager: Shutting down and abandoning module IOSRuntimeSettings (180)
[2017.03.29-02.09.43:612][832]LogModuleManager: Shutting down and abandoning module AndroidRuntimeSettings (179)
[2017.03.29-02.09.43:612][832]LogModuleManager: Shutting down and abandoning module MergeActors (178)
[2017.03.29-02.09.43:613][832]LogModuleManager: Shutting down and abandoning module SizeMap (177)
[2017.03.29-02.09.43:613][832]LogModuleManager: Shutting down and abandoning module TreeMap (176)
[2017.03.29-02.09.43:614][832]LogModuleManager: Shutting down and abandoning module ReferenceViewer (175)
[2017.03.29-02.09.43:614][832]LogModuleManager: Shutting down and abandoning module LocalizationService (174)
[2017.03.29-02.09.43:615][832]LogModuleManager: Shutting down and abandoning module LocalizationDashboard (173)
[2017.03.29-02.09.43:616][832]LogModuleManager: Shutting down and abandoning module HardwareTargeting (172)
[2017.03.29-02.09.43:617][832]LogModuleManager: Shutting down and abandoning module DeviceProfileEditor (171)
[2017.03.29-02.09.43:618][832]LogModuleManager: Shutting down and abandoning module UndoHistory (170)
[2017.03.29-02.09.43:618][832]LogModuleManager: Shutting down and abandoning module UserFeedback (169)
[2017.03.29-02.09.43:618][832]LogModuleManager: Shutting down and abandoning module XmlParser (168)
[2017.03.29-02.09.43:619][832]LogModuleManager: Shutting down and abandoning module Blutility (167)
[2017.03.29-02.09.43:619][832]LogModuleManager: Shutting down and abandoning module ProjectTargetPlatformEditor (166)
[2017.03.29-02.09.43:620][832]LogModuleManager: Shutting down and abandoning module ProjectSettingsViewer (165)
[2017.03.29-02.09.43:620][832]LogModuleManager: Shutting down and abandoning module InputBindingEditor (164)
[2017.03.29-02.09.43:621][832]LogModuleManager: Shutting down and abandoning module EditorSettingsViewer (163)
[2017.03.29-02.09.43:621][832]LogModuleManager: Shutting down and abandoning module SettingsEditor (162)
[2017.03.29-02.09.43:623][832]LogModuleManager: Shutting down and abandoning module ProjectLauncher (161)
[2017.03.29-02.09.43:624][832]LogModuleManager: Shutting down and abandoning module SessionFrontend (160)
[2017.03.29-02.09.43:625][832]LogModuleManager: Shutting down and abandoning module ProfilerClient (159)
[2017.03.29-02.09.43:625][832]LogModuleManager: Shutting down and abandoning module TargetDeviceServices (158)
[2017.03.29-02.09.43:626][832]LogModuleManager: Shutting down and abandoning module DeviceManager (157)
[2017.03.29-02.09.43:681][832]LogModuleManager: Shutting down and abandoning module AutomationController (156)
[2017.03.29-02.09.43:682][832]LogModuleManager: Shutting down and abandoning module AutomationWindow (155)
[2017.03.29-02.09.43:684][832]LogModuleManager: Shutting down and abandoning module Layers (154)
[2017.03.29-02.09.43:687][832]LogModuleManager: Shutting down and abandoning module ComponentVisualizers (153)
[2017.03.29-02.09.43:687][832]LogModuleManager: Shutting down and abandoning module DetailCustomizations (152)
[2017.03.29-02.09.43:687][832]LogModuleManager: Shutting down and abandoning module PackagesDialog (151)
[2017.03.29-02.09.43:687][832]LogModuleManager: Shutting down and abandoning module Persona (150)
[2017.03.29-02.09.43:690][832]LogModuleManager: Shutting down and abandoning module Kismet (149)
[2017.03.29-02.09.43:690][832]LogModuleManager: Shutting down and abandoning module GraphEditor (148)
[2017.03.29-02.09.43:691][832]LogModuleManager: Shutting down and abandoning module ClassViewer (147)
[2017.03.29-02.09.43:692][832]LogModuleManager: Shutting down and abandoning module Toolbox (146)
[2017.03.29-02.09.43:692][832]LogModuleManager: Shutting down and abandoning module ModuleUI (145)
[2017.03.29-02.09.43:693][832]LogModuleManager: Shutting down and abandoning module MovieSceneTools (144)
[2017.03.29-02.09.43:694][832]LogModuleManager: Shutting down and abandoning module OutputLog (143)
[2017.03.29-02.09.43:695][832]LogModuleManager: Shutting down and abandoning module GammaUI (142)
[2017.03.29-02.09.43:696][832]LogModuleManager: Shutting down and abandoning module Documentation (141)
[2017.03.29-02.09.43:696][832]LogModuleManager: Shutting down and abandoning module StreamingPauseRendering (140)
[2017.03.29-02.09.43:696][832]LogModuleManager: Shutting down and abandoning module AnalyticsET (139)
[2017.03.29-02.09.43:696][832]LogModuleManager: Shutting down and abandoning module Analytics (138)
[2017.03.29-02.09.43:696][832]LogModuleManager: Shutting down and abandoning module PortalServices (137)
[2017.03.29-02.09.43:696][832]LogModuleManager: Shutting down and abandoning module PortalRpc (136)
[2017.03.29-02.09.43:696][832]LogModuleManager: Shutting down and abandoning module MessagingRpc (135)
[2017.03.29-02.09.43:696][832]LogModuleManager: Shutting down and abandoning module GameplayDebugger (134)
[2017.03.29-02.09.43:696][832]LogModuleManager: Shutting down and abandoning module AITestSuite (133)
[2017.03.29-02.09.43:696][832]LogModuleManager: Shutting down and abandoning module AIModule (132)
[2017.03.29-02.09.43:696][832]LogModuleManager: Shutting down and abandoning module ProfilerService (131)
[2017.03.29-02.09.43:723][832]LogModuleManager: Shutting down and abandoning module TaskGraph (130)
[2017.03.29-02.09.43:726][832]LogModuleManager: Shutting down and abandoning module SubstanceEditor (129)
[2017.03.29-02.09.43:728][832]LogModuleManager: Shutting down and abandoning module SlateRemote (128)
[2017.03.29-02.09.43:728][832]LogModuleManager: Shutting down and abandoning module SteamVRController (127)
[2017.03.29-02.09.43:728][832]LogModuleManager: Shutting down and abandoning module SteamVR (126)
[2017.03.29-02.09.43:728][832]LogModuleManager: Shutting down and abandoning module ProceduralMeshComponent (125)
[2017.03.29-02.09.43:728][832]LogModuleManager: Shutting down and abandoning module OculusLibrary (124)
[2017.03.29-02.09.43:728][832]LogModuleManager: Shutting down and abandoning module OculusInput (123)
[2017.03.29-02.09.43:728][832]LogModuleManager: Shutting down and abandoning module CustomMeshComponent (122)
[2017.03.29-02.09.43:728][832]LogModuleManager: Shutting down and abandoning module CableComponent (121)
[2017.03.29-02.09.43:728][832]LogModuleManager: Shutting down and abandoning module ArchVisCharacter (120)
[2017.03.29-02.09.43:728][832]LogModuleManager: Shutting down and abandoning module MediaPlayerEditor (119)
[2017.03.29-02.09.43:731][832]LogModuleManager: Shutting down and abandoning module HTML5Networking (118)
[2017.03.29-02.09.43:731][832]LogModuleManager: Shutting down and abandoning module SuperSearch (117)
[2017.03.29-02.09.43:731][832]LogModuleManager: Shutting down and abandoning module SuperSearchEditor (116)
[2017.03.29-02.09.43:731][832]LogModuleManager: Shutting down and abandoning module SpeedTreeImporter (115)
[2017.03.29-02.09.43:731][832]LogModuleManager: Shutting down and abandoning module PluginBrowser (114)
[2017.03.29-02.09.43:732][832]LogModuleManager: Shutting down and abandoning module EpicSurvey (113)
[2017.03.29-02.09.43:733][832]LogModuleManager: Shutting down and abandoning module DesktopPlatform (112)
[2017.03.29-02.09.43:733][832]LogModuleManager: Shutting down and abandoning module VisualStudioSourceCodeAccess (111)
[2017.03.29-02.09.43:733][832]LogModuleManager: Shutting down and abandoning module UObjectPlugin (110)
[2017.03.29-02.09.43:733][832]LogModuleManager: Shutting down and abandoning module SubversionSourceControl (109)
[2017.03.29-02.09.43:734][832]LogModuleManager: Shutting down and abandoning module PerforceSourceControl (108)
[2017.03.29-02.09.43:736][832]LogModuleManager: Shutting down and abandoning module SourceControl (107)
[2017.03.29-02.09.43:737][832]LogModuleManager: Shutting down and abandoning module GitSourceControl (106)
[2017.03.29-02.09.43:738][832]LogModuleManager: Shutting down and abandoning module LightPropagationVolumeEditor (105)
[2017.03.29-02.09.43:738][832]LogModuleManager: Shutting down and abandoning module PaperTiledImporter (104)
[2017.03.29-02.09.43:739][832]LogModuleManager: Shutting down and abandoning module PaperSpriteSheetImporter (103)
[2017.03.29-02.09.43:739][832]LogModuleManager: Shutting down and abandoning module MeshPaint (102)
[2017.03.29-02.09.43:740][832]LogModuleManager: Shutting down and abandoning module PixelInspectorModule (101)
[2017.03.29-02.09.43:741][832]LogModuleManager: Shutting down and abandoning module HotReload (100)
[2017.03.29-02.09.43:742][832]LogModuleManager: Shutting down and abandoning module MainFrame (99)
[2017.03.29-02.09.43:743][832]LogModuleManager: Shutting down and abandoning module LevelEditor (98)
[2017.03.29-02.09.43:744][832]LogModuleManager: Shutting down and abandoning module ContentBrowser (97)
[2017.03.29-02.09.43:746][832]LogModuleManager: Shutting down and abandoning module Paper2DEditor (96)
[2017.03.29-02.09.43:748][832]LogModuleManager: Shutting down and abandoning module UdpMessaging (95)
[2017.03.29-02.09.43:849][832]LogModuleManager: Shutting down and abandoning module SubstanceCore (94)
[2017.03.29-02.09.43:852][832]LogModuleManager: Shutting down and abandoning module LightPropagationVolumeRuntime (93)
[2017.03.29-02.09.43:852][832]LogModuleManager: Shutting down and abandoning module Paper2D (92)
[2017.03.29-02.09.43:853][832]LogModuleManager: Shutting down and abandoning module WindowsMoviePlayer (91)
[2017.03.29-02.09.43:853][832]LogModuleManager: Shutting down and abandoning module Media (90)
[2017.03.29-02.09.43:853][832]LogModuleManager: Shutting down and abandoning module WmfMedia (89)
[2017.03.29-02.09.43:853][832]LogModuleManager: Shutting down and abandoning module MediaAssets (88)
[2017.03.29-02.09.43:854][832]LogModuleManager: Shutting down and abandoning module GameLiveStreaming (87)
[2017.03.29-02.09.43:854][832]LogModuleManager: Shutting down and abandoning module GameplayTagsEditor (86)
[2017.03.29-02.09.43:854][832]LogModuleManager: Shutting down and abandoning module OnlineBlueprintSupport (85)
[2017.03.29-02.09.43:854][832]LogModuleManager: Shutting down and abandoning module VREditor (84)
[2017.03.29-02.09.43:854][832]LogModuleManager: Shutting down and abandoning module GameplayTasksEditor (83)
[2017.03.29-02.09.43:854][832]LogModuleManager: Shutting down and abandoning module PropertyEditor (82)
[2017.03.29-02.09.43:854][832]LogModuleManager: Shutting down and abandoning module BehaviorTreeEditor (81)
[2017.03.29-02.09.43:856][832]LogModuleManager: Shutting down and abandoning module FunctionalTesting (80)
[2017.03.29-02.09.43:856][832]LogModuleManager: Shutting down and abandoning module CollisionAnalyzer (79)
[2017.03.29-02.09.43:858][832]LogModuleManager: Shutting down and abandoning module Sequencer (78)
[2017.03.29-02.09.43:859][832]LogModuleManager: Shutting down and abandoning module WorkspaceMenuStructure (77)
[2017.03.29-02.09.43:859][832]LogModuleManager: Shutting down and abandoning module MessageLog (76)
[2017.03.29-02.09.43:860][832]LogModuleManager: Shutting down and abandoning module AssetTools (75)
[2017.03.29-02.09.43:862][832]LogModuleManager: Shutting down and abandoning module UMGEditor (74)
[2017.03.29-02.09.43:864][832]LogModuleManager: Shutting down and abandoning module UMG (73)
[2017.03.29-02.09.43:864][832]LogModuleManager: Shutting down and abandoning module SlateReflector (72)
[2017.03.29-02.09.43:867][832]LogModuleManager: Shutting down and abandoning module Slate (71)
[2017.03.29-02.09.43:867][832]LogModuleManager: Shutting down and abandoning module EditorStyle (70)
[2017.03.29-02.09.43:874][832]LogModuleManager: Shutting down and abandoning module SourceCodeAccess (69)
[2017.03.29-02.09.43:874][832]LogModuleManager: Shutting down and abandoning module HeadMountedDisplay (68)
[2017.03.29-02.09.43:874][832]LogModuleManager: Shutting down and abandoning module XAudio2 (67)
[2017.03.29-02.09.43:875][832]LogModuleManager: Shutting down and abandoning module Networking (65)
[2017.03.29-02.09.43:875][832]LogModuleManager: Shutting down and abandoning module Core (64)
[2017.03.29-02.09.43:875][832]LogModuleManager: Shutting down and abandoning module DirectoryWatcher (63)
[2017.03.29-02.09.43:876][832]LogModuleManager: Shutting down and abandoning module AssetRegistry (62)
[2017.03.29-02.09.44:053][832]LogModuleManager: Shutting down and abandoning module KismetCompiler (61)
[2017.03.29-02.09.44:053][832]LogModuleManager: Shutting down and abandoning module PhysXFormats (60)
[2017.03.29-02.09.44:053][832]LogModuleManager: Shutting down and abandoning module MeshUtilities (59)
[2017.03.29-02.09.44:054][832]LogModuleManager: Shutting down and abandoning module DerivedDataCache (58)
[2017.03.29-02.09.44:068][832]LogDerivedDataCache: Shutdown
[2017.03.29-02.09.44:068][832]LogModuleManager: Shutting down and abandoning module VulkanShaderFormat (57)
[2017.03.29-02.09.44:069][832]LogModuleManager: Shutting down and abandoning module ShaderFormatOpenGL (56)
[2017.03.29-02.09.44:069][832]LogModuleManager: Shutting down and abandoning module ShaderFormatD3D (55)
[2017.03.29-02.09.44:069][832]LogModuleManager: Shutting down and abandoning module MetalShaderFormat (54)
[2017.03.29-02.09.44:070][832]LogModuleManager: Shutting down and abandoning module TextureFormatUncompressed (53)
[2017.03.29-02.09.44:070][832]LogModuleManager: Shutting down and abandoning module TextureFormatPVR (52)
[2017.03.29-02.09.44:070][832]LogModuleManager: Shutting down and abandoning module TextureFormatIntelISPCTexComp (51)
[2017.03.29-02.09.44:070][832]LogModuleManager: Shutting down and abandoning module TextureFormatDXT (50)
[2017.03.29-02.09.44:070][832]LogModuleManager: Shutting down and abandoning module ImageWrapper (49)
[2017.03.29-02.09.44:070][832]LogModuleManager: Shutting down and abandoning module TextureFormatASTC (48)
[2017.03.29-02.09.44:070][832]LogModuleManager: Shutting down and abandoning module TextureFormatAndroid (47)
[2017.03.29-02.09.44:070][832]LogModuleManager: Shutting down and abandoning module AudioFormatOpus (46)
[2017.03.29-02.09.44:071][832]LogModuleManager: Shutting down and abandoning module AudioFormatOgg (45)
[2017.03.29-02.09.44:071][832]LogModuleManager: Shutting down and abandoning module AudioFormatADPCM (44)
[2017.03.29-02.09.44:071][832]LogModuleManager: Shutting down and abandoning module LinuxTargetPlatform (43)
[2017.03.29-02.09.44:071][832]LogModuleManager: Shutting down and abandoning module LinuxServerTargetPlatform (42)
[2017.03.29-02.09.44:071][832]LogModuleManager: Shutting down and abandoning module LinuxNoEditorTargetPlatform (41)
[2017.03.29-02.09.44:071][832]LogModuleManager: Shutting down and abandoning module TVOSTargetPlatform (40)
[2017.03.29-02.09.44:071][832]LogModuleManager: Shutting down and abandoning module Messaging (39)
[2017.03.29-02.09.44:071][832]LogModuleManager: Shutting down and abandoning module IOSTargetPlatform (38)
[2017.03.29-02.09.44:071][832]LogModuleManager: Shutting down and abandoning module HTML5TargetPlatform (37)
[2017.03.29-02.09.44:071][832]LogModuleManager: Shutting down and abandoning module Android_PVRTCTargetPlatform (36)
[2017.03.29-02.09.44:071][832]LogModuleManager: Shutting down and abandoning module Android_MultiTargetPlatform (35)
[2017.03.29-02.09.44:071][832]LogModuleManager: Shutting down and abandoning module Android_ETC2TargetPlatform (34)
[2017.03.29-02.09.44:071][832]LogModuleManager: Shutting down and abandoning module Android_ETC1TargetPlatform (33)
[2017.03.29-02.09.44:071][832]LogModuleManager: Shutting down and abandoning module Android_DXTTargetPlatform (32)
[2017.03.29-02.09.44:071][832]LogModuleManager: Shutting down and abandoning module Android_ATCTargetPlatform (31)
[2017.03.29-02.09.44:071][832]LogModuleManager: Shutting down and abandoning module Android_ASTCTargetPlatform (30)
[2017.03.29-02.09.44:071][832]LogModuleManager: Shutting down and abandoning module AndroidTargetPlatform (29)
[2017.03.29-02.09.44:071][832]LogModuleManager: Shutting down and abandoning module WindowsTargetPlatform (28)
[2017.03.29-02.09.44:071][832]LogModuleManager: Shutting down and abandoning module WindowsServerTargetPlatform (27)
[2017.03.29-02.09.44:071][832]LogModuleManager: Shutting down and abandoning module WindowsNoEditorTargetPlatform (26)
[2017.03.29-02.09.44:071][832]LogModuleManager: Shutting down and abandoning module WindowsClientTargetPlatform (25)
[2017.03.29-02.09.44:071][832]LogModuleManager: Shutting down and abandoning module AllDesktopTargetPlatform (24)
[2017.03.29-02.09.44:071][832]LogModuleManager: Shutting down and abandoning module TargetPlatform (23)
[2017.03.29-02.09.44:071][832]LogModuleManager: Shutting down and abandoning module InputCore (22)
[2017.03.29-02.09.44:071][832]LogModuleManager: Shutting down and abandoning module Settings (21)
[2017.03.29-02.09.44:071][832]LogModuleManager: Shutting down and abandoning module OnlineSubsystem (19)
[2017.03.29-02.09.44:071][832]LogModuleManager: Shutting down and abandoning module HTTP (18)
[2017.03.29-02.09.45:575][832]LogModuleManager: Shutting down and abandoning module XMPP (17)
[2017.03.29-02.09.45:577][832]LogModuleManager: Shutting down and abandoning module OculusRift (16)
[2017.03.29-02.09.45:579][832]LogModuleManager: Shutting down and abandoning module ExampleDeviceProfileSelector (15)
[2017.03.29-02.09.45:579][832]LogModuleManager: Shutting down and abandoning module TextureCompressor (14)
[2017.03.29-02.09.45:579][832]LogModuleManager: Shutting down and abandoning module ShaderCore (13)
[2017.03.29-02.09.45:579][832]LogModuleManager: Shutting down and abandoning module Landscape (12)
[2017.03.29-02.09.45:579][832]LogModuleManager: Shutting down and abandoning module SlateRHIRenderer (11)
[2017.03.29-02.09.45:587][832]LogModuleManager: Shutting down and abandoning module OpenGLDrv (10)
[2017.03.29-02.09.45:588][832]LogModuleManager: Shutting down and abandoning module D3D11RHI (9)
[2017.03.29-02.09.45:588][832]LogModuleManager: Shutting down and abandoning module AnimGraphRuntime (8)
[2017.03.29-02.09.45:588][832]LogModuleManager: Shutting down and abandoning module Renderer (7)
[2017.03.29-02.09.45:588][832]LogModuleManager: Shutting down and abandoning module Engine (6)
[2017.03.29-02.09.45:589][832]LogModuleManager: Shutting down and abandoning module CoreUObject (5)
[2017.03.29-02.09.45:589][832]LogModuleManager: Shutting down and abandoning module NetworkFile (4)
[2017.03.29-02.09.45:589][832]LogModuleManager: Shutting down and abandoning module StreamingFile (3)
[2017.03.29-02.09.45:589][832]LogModuleManager: Shutting down and abandoning module SandboxFile (2)
[2017.03.29-02.09.45:590][832]LogModuleManager: Shutting down and abandoning module PakFile (1)
[2017.03.29-02.09.45:597][832]LogExit: Exiting.
[2017.03.29-02.09.45:654][832]Log file closed, 03/28/17 22:09:45
