Log file open, 04/13/17 06:14:16
LogInit:Display: Running engine for game: SoulStriker
LogPlatformFile: Not using cached read wrapper
LogInit:Display: RandInit(-1089646384) SRandInit(-1089646383).
LogTaskGraph: Started task graph with 4 named threads and 7 total threads with 1 sets of task threads.
LogStats: Stats thread started at 0.072893
LogInit: Version: 4.12.5-3039270+++UE4+Release-4.12
LogInit: API Version: 2992821
LogInit: Net Version: 3039270
LogDevObjectVersion: Number of dev versions registered: 13
LogDevObjectVersion:   Dev-Blueprints (B0D832E4-1F89-4F0D-ACCF-7EB736FD4AA2): 3
LogDevObjectVersion:   Dev-Build (E1C64328-A22C-4D53-A36C-8E866417BD8C): 0
LogDevObjectVersion:   Dev-Core (375EC13C-06E4-48FB-B500-84F0262A717E): 1
LogDevObjectVersion:   Dev-Editor (E4B068ED-F494-42E9-A231-DA0B2E46BB41): 2
LogDevObjectVersion:   Dev-Framework (CFFC743F-43B0-4480-9391-14DF171D2073): 6
LogDevObjectVersion:   Dev-Mobile (B02B49B5-BB20-44E9-A304-32B752E40360): 0
LogDevObjectVersion:   Dev-Networking (A4E4105C-59A1-49B5-A7C5-40C4547EDFEE): 0
LogDevObjectVersion:   Dev-Online (39C831C9-5AE6-47DC-9A44-9C173E1C8E7C): 0
LogDevObjectVersion:   Dev-Physics (78F01B33-EBEA-4F98-B9B4-84EACCB95AA2): 0
LogDevObjectVersion:   Dev-Platform (6631380F-2D4D-43E0-8009-CF276956A95A): 0
LogDevObjectVersion:   Dev-Rendering (12F88B9F-8875-4AFC-A67C-D90C383ABD29): 2
LogDevObjectVersion:   Dev-Sequencer (7B5AE74C-D270-4C10-A958-57980B212A5A): 0
LogDevObjectVersion:   Dev-VR (D7296918-1DD6-4BDD-9DE2-64A83CC13884): 0
LogInit: Compiled (64-bit): Jul  6 2016 09:09:46
LogInit: Compiled with Visual C++: 19.00.23026.00
LogInit: Build Configuration: Development
LogInit: Branch Name: ++UE4+Release-4.12
LogInit: Command line:  /Temp/Autosaves/Game/Maps/UEDPCLevel_1 -game -PIEVIACONSOLE -ResX=1920 -ResY=1080  -Multiprocess -windowed -messaging -SessionName="Play in Standalone Game" 
LogInit: Base directory: C:/Program Files (x86)/Epic Games/4.12/Engine/Binaries/Win64/
LogInit: Installed Engine Build: 1
LogInit: Using libcurl 7.41.0
LogInit:  - built for x86_64-pc-win32
LogInit:  - supports SSL with WinSSL
LogInit:  - other features:
LogInit:      CURL_VERSION_SSL
LogInit:      CURL_VERSION_IPV6
LogInit:      CURL_VERSION_ASYNCHDNS
LogInit:      CURL_VERSION_LARGEFILE
LogInit:      CURL_VERSION_IDN
LogInit:  CurlRequestOptions (configurable via config and command line):
LogInit:  - bVerifyPeer = true  - Libcurl will verify peer certificate
LogInit:  - bUseHttpProxy = false  - Libcurl will NOT use HTTP proxy
LogInit:  - bDontReuseConnections = false  - Libcurl will reuse connections
LogInit:  - CertBundlePath = nullptr  - Libcurl will use whatever was configured at build time.
LogInit: Presizing for max 8388607 objects, including 0 objects not considered by GC, pre-allocating 0 bytes for permanent pool.
LogInit: Object subsystem initialized
[2017.04.13-10.14.16:865][  0]LogInit: Selected Device Profile: [Windows]
[2017.04.13-10.14.16:865][  0]LogInit: Applying CVar settings loaded from the selected device profile: [Windows]
[2017.04.13-10.14.16:869][  0]LogInit: Computer: BMO
[2017.04.13-10.14.16:869][  0]LogInit: User: Steve
[2017.04.13-10.14.16:869][  0]LogInit: CPU Page size=65536, Cores=4
[2017.04.13-10.14.16:869][  0]LogInit: High frequency timer resolution =3.410070 MHz
[2017.04.13-10.14.16:870][  0]LogMemory: Memory total: Physical=8.0GB (8GB approx)
[2017.04.13-10.14.16:870][  0]LogMemory: Platform Memory Stats for Windows
[2017.04.13-10.14.16:870][  0]LogMemory: Process Physical Memory: 191.77 MB used, 191.77 MB peak
[2017.04.13-10.14.16:870][  0]LogMemory: Process Virtual Memory: 195.36 MB used, 195.36 MB peak
[2017.04.13-10.14.16:870][  0]LogMemory: Physical Memory: 4602.94 MB used, 8145.96 MB total
[2017.04.13-10.14.16:870][  0]LogMemory: Virtual Memory: 553.79 MB used, 134217728.00 MB total
[2017.04.13-10.14.16:897][  0]LogTextLocalizationManager: No specific translations for ('en-US') exist, so ('en') translations will be used.
[2017.04.13-10.14.17:292][  0]LogD3D11RHI: D3D11 adapters:
[2017.04.13-10.14.17:797][  0]LogD3D11RHI:    0. 'NVIDIA GeForce GTX 660' (Feature Level 11_0)
[2017.04.13-10.14.17:797][  0]LogD3D11RHI:       2016/0/4072 MB DedicatedVideo/DedicatedSystem/SharedSystem, Outputs:2, VendorId:0x10de
[2017.04.13-10.14.17:798][  0]LogD3D11RHI:    1. 'Microsoft Basic Render Driver' (Feature Level 11_0)
[2017.04.13-10.14.17:798][  0]LogD3D11RHI:       0/0/4072 MB DedicatedVideo/DedicatedSystem/SharedSystem, Outputs:0, VendorId:0x1414
[2017.04.13-10.14.17:798][  0]LogD3D11RHI: Chosen D3D11 Adapter: 0
[2017.04.13-10.14.17:807][  0]LogD3D11RHI: Creating new Direct3DDevice
[2017.04.13-10.14.17:807][  0]LogD3D11RHI:     GPU DeviceId: 0x11c0 (for the marketing name, search the web for "GPU Device Id")
[2017.04.13-10.14.17:807][  0]LogWindows: EnumDisplayDevices:
[2017.04.13-10.14.17:807][  0]LogWindows:    0. 'NVIDIA GeForce GTX 660' (P:1 D:1)
[2017.04.13-10.14.17:807][  0]LogWindows:    1. 'NVIDIA GeForce GTX 660' (P:0 D:1)
[2017.04.13-10.14.17:807][  0]LogWindows:    2. 'NVIDIA GeForce GTX 660' (P:0 D:0)
[2017.04.13-10.14.17:808][  0]LogWindows:    3. 'NVIDIA GeForce GTX 660' (P:0 D:0)
[2017.04.13-10.14.17:808][  0]LogWindows: DebugString: FoundDriverCount:4 
[2017.04.13-10.14.17:808][  0]LogD3D11RHI:     Adapter Name: NVIDIA GeForce GTX 660
[2017.04.13-10.14.17:808][  0]LogD3D11RHI:   Driver Version: 378.92 (internal:21.21.13.7892, unified:378.92)
[2017.04.13-10.14.17:808][  0]LogD3D11RHI:      Driver Date: 3-16-2017
[2017.04.13-10.14.17:808][  0]LogRHI: Texture pool is 1361 MB (70% of 1945 MB)
[2017.04.13-10.14.18:270][  0]LogD3D11RHI: Async texture creation enabled
[2017.04.13-10.14.18:367][  0]LogD3D11RHI: GPU Timing Frequency: 1000.000000 (Debug: 2 2)
[2017.04.13-10.14.18:367][  0]LogShaderCompilers: Guid format shader working directory is -38 characters bigger than the processId version (../../../../../../Users/Steve/Documents/SSRepository/Soul-Striker-Main/Soul Striker/Intermediate/Shaders/WorkingDirectory/51688/).
[2017.04.13-10.14.18:368][  0]LogShaderCompilers: Cleaned the shader compiler working directory 'C:/Users/Steve/AppData/Local/Temp/UnrealShaderWorkingDir/37C2BA68406647DADA25CA8E8E17A4D0/'.
[2017.04.13-10.14.18:368][  0]LogShaderCompilers:Display: Using Local Shader Compiler.
[2017.04.13-10.14.19:165][  0]LogTemp:Display: Loaded TP WindowsClientTargetPlatform
[2017.04.13-10.14.19:172][  0]LogTemp:Display: Loaded TP WindowsNoEditorTargetPlatform
[2017.04.13-10.14.19:181][  0]LogTemp:Display: Loaded TP WindowsServerTargetPlatform
[2017.04.13-10.14.19:188][  0]LogTemp:Display: Loaded TP WindowsTargetPlatform
[2017.04.13-10.14.19:188][  0]LogTargetPlatformManager:Display: Building Assets For Windows
[2017.04.13-10.14.19:253][  0]LogDerivedDataCache:Display: Max Cache Size: 512 MB
[2017.04.13-10.14.19:299][  0]LogDerivedDataCache: Loaded boot cache 0.05s 48MB C:/Users/Steve/AppData/Local/UnrealEngine/4.12/DerivedDataCache/Boot.ddc.
[2017.04.13-10.14.19:300][  0]LogDerivedDataCache:Display: Loaded Boot cache: C:/Users/Steve/AppData/Local/UnrealEngine/4.12/DerivedDataCache/Boot.ddc
[2017.04.13-10.14.19:300][  0]LogDerivedDataCache: FDerivedDataBackendGraph:  Pak pak cache file ../../../../../../Users/Steve/Documents/SSRepository/Soul-Striker-Main/Soul Striker/DerivedDataCache/DDC.ddp not found, will not use a pak cache.
[2017.04.13-10.14.19:300][  0]LogDerivedDataCache: Unable to find inner node Pak for hierarchical cache Hierarchy.
[2017.04.13-10.14.19:300][  0]LogDerivedDataCache: FDerivedDataBackendGraph:  CompressedPak pak cache file ../../../../../../Users/Steve/Documents/SSRepository/Soul-Striker-Main/Soul Striker/DerivedDataCache/Compressed.ddp not found, will not use a pak cache.
[2017.04.13-10.14.19:300][  0]LogDerivedDataCache: Unable to find inner node CompressedPak for hierarchical cache Hierarchy.
[2017.04.13-10.14.19:316][  0]LogDerivedDataCache:Display: Pak cache opened for reading ../../../Engine/DerivedDataCache/Compressed.ddp.
[2017.04.13-10.14.19:328][  0]LogDerivedDataCache: Using Local data cache path C:/Users/Steve/AppData/Local/UnrealEngine/Common/DerivedDataCache: Writable
[2017.04.13-10.14.19:478][  0]LogAssetRegistry: FAssetRegistry took 0.0001 seconds to start up
[2017.04.13-10.14.19:481][  0]LogPackageLocalizationCache: Processed 3 localized package path(s) for 2 prioritized culture(s) in 0.003240 seconds
[2017.04.13-10.14.19:484][  0]LogInit: Selected Device Profile: [Windows]
[2017.04.13-10.14.19:485][  0]LogContentStreaming: Texture pool size is 1000.00 MB
[2017.04.13-10.14.19:609][  0]LogMeshUtilities: No automatic mesh reduction module available
[2017.04.13-10.14.19:609][  0]LogMeshUtilities: No automatic mesh merging module available
[2017.04.13-10.14.19:609][  0]LogMeshUtilities: No distributed automatic mesh merging module available
[2017.04.13-10.14.19:801][  0]LogInit: WinSock: version 1.1 (2.2), MaxSocks=32767, MaxUdp=65467
[2017.04.13-10.14.19:921][  0]LogSlate: SlateFontCache - WITH_FREETYPE: 1, WITH_HARFBUZZ: 1
[2017.04.13-10.14.19:921][  0]LogSlate: SlateFontCache - WITH_FREETYPE: 1, WITH_HARFBUZZ: 1
[2017.04.13-10.14.19:976][  0]LogMoviePlayer: Initializing movie player
[2017.04.13-10.14.20:055][  0]LogWindowsMoviePlayer: Unable to load movie: ../../../../../../Users/Steve/Documents/SSRepository/Soul-Striker-Main/Soul Striker/Content/Movies/Default_Startup.mp4
[2017.04.13-10.14.20:123][  0]LogSubstanceCoreModule: Substance CPU Engine Loaded, Max Texture Size 2048
[2017.04.13-10.14.20:130][  0]LogUdpMessaging: Initializing bridge on interface 0.0.0.0:0 to multicast group 230.0.0.1:6666.
[2017.04.13-10.14.20:195][  0]SourceControl: Info Source control is disabled
[2017.04.13-10.14.20:195][  0]SourceControl: Info Source control is disabled
[2017.04.13-10.14.20:202][  0]SourceControl: Info Source control is disabled
[2017.04.13-10.14.20:304][  0]LogUObjectArray: 31128 objects as part of root set at end of initial load.
[2017.04.13-10.14.20:304][  0]LogUObjectAllocator: 6742592 out of 0 bytes used by permanent object pool.
[2017.04.13-10.14.20:304][  0]LogUObjectArray: CloseDisregardForGC: 0/0 objects in disregard for GC pool
[2017.04.13-10.14.20:352][  0]LogEngine: Initializing Engine...
[2017.04.13-10.14.20:352][  0]LogHMD: SteamVR failed to initialize.  Err: 110
[2017.04.13-10.14.20:353][  0]LogHMD: SteamVR failed to initialize.  Err: 110
[2017.04.13-10.14.20:464][  0]LogInit: XAudio2 using 'Speakers (Realtek High Definition Audio)' : 2 channels at 48 kHz using 32 bits per sample (channel mask 0x3)
[2017.04.13-10.14.20:475][  0]LogInit: FAudioDevice initialized.
[2017.04.13-10.14.20:480][  0]LogInit: Texture streaming: Enabled
[2017.04.13-10.14.20:541][  0]LogNet: Browse: /Temp/Autosaves/Game/Maps/UEDPCLevel_1?Name=Player
[2017.04.13-10.14.20:541][  0]LogLoad: LoadMap: /Temp/Autosaves/Game/Maps/UEDPCLevel_1?Name=Player
[2017.04.13-10.14.20:555][  0]LogMemory: Platform Memory Stats for Windows
[2017.04.13-10.14.20:555][  0]LogMemory: Process Physical Memory: 561.45 MB used, 587.96 MB peak
[2017.04.13-10.14.20:555][  0]LogMemory: Process Virtual Memory: 611.16 MB used, 617.91 MB peak
[2017.04.13-10.14.20:555][  0]LogMemory: Physical Memory: 4796.87 MB used, 8145.96 MB total
[2017.04.13-10.14.20:555][  0]LogMemory: Virtual Memory: 1220.47 MB used, 134217728.00 MB total
[2017.04.13-10.14.20:555][  0]LogMemory: 
[2017.04.13-10.14.20:555][  0]Allocator Stats for TBB: (not implemented)
[2017.04.13-10.14.21:163][  0]LogLinker:Warning: CreateImport: Failed to load Outer for resource 'ArrowComponent0': tutorialOrbEnabler_C /Game/bluePrints/tutorialOrbEnabler.Default__tutorialOrbEnabler_C
[2017.04.13-10.14.21:767][  0]LogAIModule: Creating AISystem for world Level_1
[2017.04.13-10.14.21:767][  0]LogWorld: Game class is 'SoulStrikerCampaign_C'
[2017.04.13-10.14.21:797][  0]LogWorld: Bringing World /Temp/Autosaves/Game/Maps/UEDPCLevel_1.Level_1 up for play (max tick rate 0) at 2017.04.13-06.14.21
[2017.04.13-10.14.21:799][  0]LogWorld: Bringing up level for play took: 0.031286
[2017.04.13-10.14.21:803][  0]LogLoad: Took 1.262020 seconds to LoadMap(/Temp/Autosaves/Game/Maps/UEDPCLevel_1)
[2017.04.13-10.14.21:803][  0]LogInit:Display: Game Engine Initialized.
[2017.04.13-10.14.22:057][  0]LogLoad: Full Startup: 5.85 seconds (BP compile: 0.40 seconds)
[2017.04.13-10.14.22:057][  0]LogExternalProfiler: Found external profiler: VSPerf
[2017.04.13-10.14.22:057][  0]LogExternalProfiler: Using external profiler: VSPerf
[2017.04.13-10.14.22:075][  0]LogWindowsTextInputMethodSystem:Display: IME system now deactivated.
[2017.04.13-10.14.22:075][  0]LogOcInput: OculusInput pre-init called
[2017.04.13-10.14.22:245][  2]LogRenderer: Reallocating scene render targets to support 1600x900 (Frame:2).
[2017.04.13-10.14.26:870][287]LogBlueprintUserMessages: [AI_TurretBullet_C_0] 9.0
[2017.04.13-10.14.27:806][345]LogBlueprintUserMessages: [KnightOfLight_C_0] AI_TurretBullet1
[2017.04.13-10.14.28:870][411]LogBlueprintUserMessages: [AI_TurretBullet_C_2] 8.0
[2017.04.13-10.14.29:870][473]LogBlueprintUserMessages: [AI_TurretBullet_C_3] 7.0
[2017.04.13-10.14.30:806][531]LogBlueprintUserMessages: [KnightOfLight_C_0] AI_TurretBullet4
[2017.04.13-10.14.31:806][593]LogBlueprintUserMessages: [KnightOfLight_C_0] AI_TurretBullet5
[2017.04.13-10.14.32:806][655]LogBlueprintUserMessages: [KnightOfLight_C_0] AI_TurretBullet6
[2017.04.13-10.14.33:870][721]LogBlueprintUserMessages: [AI_TurretBullet_C_7] 6.0
[2017.04.13-10.14.35:516][823]LogBlueprintUserMessages: [AI_TurretBullet_C_8] 5.0
[2017.04.13-10.14.36:532][886]LogBlueprintUserMessages: [AI_TurretBullet_C_9] 4.0
[2017.04.13-10.14.37:532][948]LogBlueprintUserMessages: [AI_TurretBullet_C_10] 3.0
[2017.04.13-10.14.38:363][998]LogWindowsTextInputMethodSystem:Display: IME system now deactivated.
[2017.04.13-10.14.38:369][998]LogEngine: All Windows Closed
[2017.04.13-10.14.38:369][998]LogWindows: FPlatformMisc::RequestExit(0)
[2017.04.13-10.14.38:370][999]LogMoviePlayer: Shutting down movie player
[2017.04.13-10.14.39:365][999]LogExit: Preparing to exit.
[2017.04.13-10.14.40:302][999]LogExit: Game engine shut down
[2017.04.13-10.14.40:438][999]LogObj: Freed 0b from 0 cluster array pools.
[2017.04.13-10.14.40:438][999]LogExit: Object subsystem successfully closed.
[2017.04.13-10.14.40:453][999]LogD3D11RHI: Shutdown
[2017.04.13-10.14.40:453][999]LogD3D11RHI: CleanupD3DDevice
[2017.04.13-10.14.40:504][999]LogD3D11RHI: ~FD3D11DynamicRHI
[2017.04.13-10.14.40:510][999]LogModuleManager: Shutting down and abandoning module SequenceRecorderSections (113)
[2017.04.13-10.14.40:510][999]LogModuleManager: Shutting down and abandoning module SequenceRecorder (112)
[2017.04.13-10.14.40:510][999]LogModuleManager: Shutting down and abandoning module AutomationController (111)
[2017.04.13-10.14.40:510][999]LogModuleManager: Shutting down and abandoning module AutomationWorker (110)
[2017.04.13-10.14.40:510][999]LogModuleManager: Shutting down and abandoning module CharacterAI (109)
[2017.04.13-10.14.40:510][999]LogModuleManager: Shutting down and abandoning module SessionServices (108)
[2017.04.13-10.14.40:510][999]LogModuleManager: Shutting down and abandoning module GameplayDebugger (107)
[2017.04.13-10.14.40:510][999]LogModuleManager: Shutting down and abandoning module AITestSuite (106)
[2017.04.13-10.14.40:510][999]LogModuleManager: Shutting down and abandoning module AIModule (105)
[2017.04.13-10.14.40:510][999]LogModuleManager: Shutting down and abandoning module MovieSceneCapture (104)
[2017.04.13-10.14.40:510][999]LogModuleManager: Shutting down and abandoning module StreamingPauseRendering (103)
[2017.04.13-10.14.40:510][999]LogModuleManager: Shutting down and abandoning module PortalServices (102)
[2017.04.13-10.14.40:510][999]LogModuleManager: Shutting down and abandoning module PortalRpc (101)
[2017.04.13-10.14.40:510][999]LogModuleManager: Shutting down and abandoning module MessagingRpc (100)
[2017.04.13-10.14.40:510][999]LogModuleManager: Shutting down and abandoning module ProfilerService (99)
[2017.04.13-10.14.40:588][999]LogModuleManager: Shutting down and abandoning module TaskGraph (98)
[2017.04.13-10.14.40:588][999]LogModuleManager: Shutting down and abandoning module SlateRemote (97)
[2017.04.13-10.14.40:588][999]LogModuleManager: Shutting down and abandoning module SteamVRController (96)
[2017.04.13-10.14.40:588][999]LogModuleManager: Shutting down and abandoning module SteamVR (95)
[2017.04.13-10.14.40:588][999]LogModuleManager: Shutting down and abandoning module ProceduralMeshComponent (94)
[2017.04.13-10.14.40:588][999]LogModuleManager: Shutting down and abandoning module OculusLibrary (93)
[2017.04.13-10.14.40:588][999]LogModuleManager: Shutting down and abandoning module OculusInput (92)
[2017.04.13-10.14.40:588][999]LogModuleManager: Shutting down and abandoning module CustomMeshComponent (91)
[2017.04.13-10.14.40:588][999]LogModuleManager: Shutting down and abandoning module CableComponent (90)
[2017.04.13-10.14.40:588][999]LogModuleManager: Shutting down and abandoning module ArchVisCharacter (89)
[2017.04.13-10.14.40:588][999]LogModuleManager: Shutting down and abandoning module HTML5Networking (88)
[2017.04.13-10.14.40:588][999]LogModuleManager: Shutting down and abandoning module DesktopPlatform (87)
[2017.04.13-10.14.40:588][999]LogModuleManager: Shutting down and abandoning module DirectoryWatcher (86)
[2017.04.13-10.14.40:588][999]LogModuleManager: Shutting down and abandoning module HotReload (85)
[2017.04.13-10.14.40:588][999]LogModuleManager: Shutting down and abandoning module VisualStudioSourceCodeAccess (84)
[2017.04.13-10.14.40:588][999]LogModuleManager: Shutting down and abandoning module UObjectPlugin (83)
[2017.04.13-10.14.40:588][999]LogModuleManager: Shutting down and abandoning module SubversionSourceControl (82)
[2017.04.13-10.14.40:588][999]LogModuleManager: Shutting down and abandoning module SourceControl (81)
[2017.04.13-10.14.40:588][999]LogModuleManager: Shutting down and abandoning module PerforceSourceControl (80)
[2017.04.13-10.14.40:588][999]LogModuleManager: Shutting down and abandoning module UdpMessaging (79)
[2017.04.13-10.14.40:689][999]LogModuleManager: Shutting down and abandoning module SubstanceCore (78)
[2017.04.13-10.14.40:689][999]LogModuleManager: Shutting down and abandoning module LightPropagationVolumeRuntime (77)
[2017.04.13-10.14.40:689][999]LogModuleManager: Shutting down and abandoning module Paper2D (76)
[2017.04.13-10.14.40:689][999]LogModuleManager: Shutting down and abandoning module WindowsMoviePlayer (75)
[2017.04.13-10.14.40:689][999]LogModuleManager: Shutting down and abandoning module Media (74)
[2017.04.13-10.14.40:689][999]LogModuleManager: Shutting down and abandoning module WmfMedia (73)
[2017.04.13-10.14.40:689][999]LogModuleManager: Shutting down and abandoning module MediaAssets (72)
[2017.04.13-10.14.40:689][999]LogModuleManager: Shutting down and abandoning module GameLiveStreaming (71)
[2017.04.13-10.14.40:689][999]LogModuleManager: Shutting down and abandoning module GameplayTagsEditor (70)
[2017.04.13-10.14.40:689][999]LogModuleManager: Shutting down and abandoning module OnlineBlueprintSupport (69)
[2017.04.13-10.14.40:689][999]LogModuleManager: Shutting down and abandoning module VREditor (68)
[2017.04.13-10.14.40:689][999]LogModuleManager: Shutting down and abandoning module GameplayTasksEditor (67)
[2017.04.13-10.14.40:689][999]LogModuleManager: Shutting down and abandoning module PropertyEditor (66)
[2017.04.13-10.14.40:689][999]LogModuleManager: Shutting down and abandoning module BehaviorTreeEditor (65)
[2017.04.13-10.14.40:689][999]LogModuleManager: Shutting down and abandoning module FunctionalTesting (64)
[2017.04.13-10.14.40:689][999]LogModuleManager: Shutting down and abandoning module CollisionAnalyzer (63)
[2017.04.13-10.14.40:689][999]LogModuleManager: Shutting down and abandoning module Sequencer (62)
[2017.04.13-10.14.40:689][999]LogModuleManager: Shutting down and abandoning module WorkspaceMenuStructure (61)
[2017.04.13-10.14.40:689][999]LogModuleManager: Shutting down and abandoning module MessageLog (60)
[2017.04.13-10.14.40:689][999]LogModuleManager: Shutting down and abandoning module AssetTools (59)
[2017.04.13-10.14.40:689][999]LogModuleManager: Shutting down and abandoning module UMGEditor (58)
[2017.04.13-10.14.40:689][999]LogModuleManager: Shutting down and abandoning module UMG (57)
[2017.04.13-10.14.40:689][999]LogModuleManager: Shutting down and abandoning module SlateReflector (56)
[2017.04.13-10.14.40:689][999]LogModuleManager: Shutting down and abandoning module Slate (55)
[2017.04.13-10.14.40:689][999]LogModuleManager: Shutting down and abandoning module EditorStyle (54)
[2017.04.13-10.14.40:691][999]LogModuleManager: Shutting down and abandoning module Messaging (53)
[2017.04.13-10.14.40:691][999]LogModuleManager: Shutting down and abandoning module SourceCodeAccess (52)
[2017.04.13-10.14.40:691][999]LogModuleManager: Shutting down and abandoning module HeadMountedDisplay (51)
[2017.04.13-10.14.40:691][999]LogModuleManager: Shutting down and abandoning module XAudio2 (50)
[2017.04.13-10.14.40:691][999]LogModuleManager: Shutting down and abandoning module Networking (48)
[2017.04.13-10.14.40:691][999]LogModuleManager: Shutting down and abandoning module Core (47)
[2017.04.13-10.14.40:691][999]LogModuleManager: Shutting down and abandoning module KismetCompiler (46)
[2017.04.13-10.14.40:691][999]LogModuleManager: Shutting down and abandoning module PhysXFormats (45)
[2017.04.13-10.14.40:691][999]LogModuleManager: Shutting down and abandoning module MeshUtilities (44)
[2017.04.13-10.14.40:691][999]LogModuleManager: Shutting down and abandoning module AssetRegistry (43)
[2017.04.13-10.14.40:691][999]LogModuleManager: Shutting down and abandoning module DerivedDataCache (42)
[2017.04.13-10.14.40:832][999]LogDerivedDataCache: Shutdown
[2017.04.13-10.14.40:832][999]LogModuleManager: Shutting down and abandoning module VulkanShaderFormat (41)
[2017.04.13-10.14.40:832][999]LogModuleManager: Shutting down and abandoning module ShaderFormatOpenGL (40)
[2017.04.13-10.14.40:832][999]LogModuleManager: Shutting down and abandoning module ShaderFormatD3D (39)
[2017.04.13-10.14.40:832][999]LogModuleManager: Shutting down and abandoning module MetalShaderFormat (38)
[2017.04.13-10.14.40:832][999]LogModuleManager: Shutting down and abandoning module TextureFormatUncompressed (37)
[2017.04.13-10.14.40:832][999]LogModuleManager: Shutting down and abandoning module TextureFormatPVR (36)
[2017.04.13-10.14.40:832][999]LogModuleManager: Shutting down and abandoning module TextureFormatIntelISPCTexComp (35)
[2017.04.13-10.14.40:832][999]LogModuleManager: Shutting down and abandoning module TextureFormatDXT (34)
[2017.04.13-10.14.40:832][999]LogModuleManager: Shutting down and abandoning module ImageWrapper (33)
[2017.04.13-10.14.40:832][999]LogModuleManager: Shutting down and abandoning module TextureFormatASTC (32)
[2017.04.13-10.14.40:832][999]LogModuleManager: Shutting down and abandoning module TextureFormatAndroid (31)
[2017.04.13-10.14.40:832][999]LogModuleManager: Shutting down and abandoning module AudioFormatOpus (30)
[2017.04.13-10.14.40:832][999]LogModuleManager: Shutting down and abandoning module AudioFormatOgg (29)
[2017.04.13-10.14.40:832][999]LogModuleManager: Shutting down and abandoning module AudioFormatADPCM (28)
[2017.04.13-10.14.40:832][999]LogModuleManager: Shutting down and abandoning module WindowsTargetPlatform (27)
[2017.04.13-10.14.40:832][999]LogModuleManager: Shutting down and abandoning module WindowsServerTargetPlatform (26)
[2017.04.13-10.14.40:832][999]LogModuleManager: Shutting down and abandoning module WindowsNoEditorTargetPlatform (25)
[2017.04.13-10.14.40:832][999]LogModuleManager: Shutting down and abandoning module WindowsClientTargetPlatform (24)
[2017.04.13-10.14.40:832][999]LogModuleManager: Shutting down and abandoning module TargetPlatform (23)
[2017.04.13-10.14.40:832][999]LogModuleManager: Shutting down and abandoning module InputCore (22)
[2017.04.13-10.14.40:832][999]LogModuleManager: Shutting down and abandoning module Settings (21)
[2017.04.13-10.14.40:832][999]LogModuleManager: Shutting down and abandoning module OnlineSubsystem (19)
[2017.04.13-10.14.40:832][999]LogModuleManager: Shutting down and abandoning module HTTP (18)
[2017.04.13-10.14.40:832][999]LogModuleManager: Shutting down and abandoning module XMPP (17)
[2017.04.13-10.14.40:832][999]LogModuleManager: Shutting down and abandoning module OculusRift (16)
[2017.04.13-10.14.40:832][999]LogModuleManager: Shutting down and abandoning module ExampleDeviceProfileSelector (15)
[2017.04.13-10.14.40:832][999]LogModuleManager: Shutting down and abandoning module TextureCompressor (14)
[2017.04.13-10.14.40:832][999]LogModuleManager: Shutting down and abandoning module ShaderCore (13)
[2017.04.13-10.14.40:832][999]LogModuleManager: Shutting down and abandoning module Landscape (12)
[2017.04.13-10.14.40:832][999]LogModuleManager: Shutting down and abandoning module SlateRHIRenderer (11)
[2017.04.13-10.14.40:832][999]LogModuleManager: Shutting down and abandoning module OpenGLDrv (10)
[2017.04.13-10.14.40:832][999]LogModuleManager: Shutting down and abandoning module D3D11RHI (9)
[2017.04.13-10.14.40:832][999]LogModuleManager: Shutting down and abandoning module AnimGraphRuntime (8)
[2017.04.13-10.14.40:832][999]LogModuleManager: Shutting down and abandoning module Renderer (7)
[2017.04.13-10.14.40:832][999]LogModuleManager: Shutting down and abandoning module Engine (6)
[2017.04.13-10.14.40:832][999]LogModuleManager: Shutting down and abandoning module CoreUObject (5)
[2017.04.13-10.14.40:832][999]LogModuleManager: Shutting down and abandoning module NetworkFile (4)
[2017.04.13-10.14.40:832][999]LogModuleManager: Shutting down and abandoning module StreamingFile (3)
[2017.04.13-10.14.40:832][999]LogModuleManager: Shutting down and abandoning module SandboxFile (2)
[2017.04.13-10.14.40:832][999]LogModuleManager: Shutting down and abandoning module PakFile (1)
[2017.04.13-10.14.40:833][999]LogExit: Exiting.
[2017.04.13-10.14.40:834][999]Log file closed, 04/13/17 06:14:40
