Log file open, 03/30/17 08:45:22
LogInit:Display: Running engine for game: SoulStriker
LogPlatformFile: Not using cached read wrapper
LogInit:Display: RandInit(-1664545847) SRandInit(-1664545846).
LogTaskGraph: Started task graph with 4 named threads and 7 total threads with 1 sets of task threads.
LogStats: Stats thread started at 0.079623
LogInit: Version: 4.12.5-3039270+++UE4+Release-4.12
LogInit: API Version: 2992821
LogInit: Net Version: 3039270
LogDevObjectVersion: Number of dev versions registered: 13
LogDevObjectVersion:   Dev-Blueprints (B0D832E4-1F89-4F0D-ACCF-7EB736FD4AA2): 3
LogDevObjectVersion:   Dev-Build (E1C64328-A22C-4D53-A36C-8E866417BD8C): 0
LogDevObjectVersion:   Dev-Core (375EC13C-06E4-48FB-B500-84F0262A717E): 1
LogDevObjectVersion:   Dev-Editor (E4B068ED-F494-42E9-A231-DA0B2E46BB41): 2
LogDevObjectVersion:   Dev-Framework (CFFC743F-43B0-4480-9391-14DF171D2073): 6
LogDevObjectVersion:   Dev-Mobile (B02B49B5-BB20-44E9-A304-32B752E40360): 0
LogDevObjectVersion:   Dev-Networking (A4E4105C-59A1-49B5-A7C5-40C4547EDFEE): 0
LogDevObjectVersion:   Dev-Online (39C831C9-5AE6-47DC-9A44-9C173E1C8E7C): 0
LogDevObjectVersion:   Dev-Physics (78F01B33-EBEA-4F98-B9B4-84EACCB95AA2): 0
LogDevObjectVersion:   Dev-Platform (6631380F-2D4D-43E0-8009-CF276956A95A): 0
LogDevObjectVersion:   Dev-Rendering (12F88B9F-8875-4AFC-A67C-D90C383ABD29): 2
LogDevObjectVersion:   Dev-Sequencer (7B5AE74C-D270-4C10-A958-57980B212A5A): 0
LogDevObjectVersion:   Dev-VR (D7296918-1DD6-4BDD-9DE2-64A83CC13884): 0
LogInit: Compiled (64-bit): Jul  6 2016 09:09:46
LogInit: Compiled with Visual C++: 19.00.23026.00
LogInit: Build Configuration: Development
LogInit: Branch Name: ++UE4+Release-4.12
LogInit: Command line: -EpicPortal 
LogInit: Base directory: C:/Program Files (x86)/Epic Games/4.12/Engine/Binaries/Win64/
LogInit: Installed Engine Build: 1
LogInit: Using libcurl 7.41.0
LogInit:  - built for x86_64-pc-win32
LogInit:  - supports SSL with WinSSL
LogInit:  - other features:
LogInit:      CURL_VERSION_SSL
LogInit:      CURL_VERSION_IPV6
LogInit:      CURL_VERSION_ASYNCHDNS
LogInit:      CURL_VERSION_LARGEFILE
LogInit:      CURL_VERSION_IDN
LogInit:  CurlRequestOptions (configurable via config and command line):
LogInit:  - bVerifyPeer = true  - Libcurl will verify peer certificate
LogInit:  - bUseHttpProxy = false  - Libcurl will NOT use HTTP proxy
LogInit:  - bDontReuseConnections = false  - Libcurl will reuse connections
LogInit:  - CertBundlePath = nullptr  - Libcurl will use whatever was configured at build time.
LogInit: Presizing for max 8388607 objects, including 0 objects not considered by GC, pre-allocating 0 bytes for permanent pool.
LogInit: Object subsystem initialized
[2017.03.30-12.45.22:862][  0]LogInit: Selected Device Profile: [Windows]
[2017.03.30-12.45.22:862][  0]LogInit: Applying CVar settings loaded from the selected device profile: [Windows]
[2017.03.30-12.45.22:873][  0]LogInit: Computer: MSI
[2017.03.30-12.45.22:873][  0]LogInit: User: armorias
[2017.03.30-12.45.22:873][  0]LogInit: CPU Page size=65536, Cores=4
[2017.03.30-12.45.22:873][  0]LogInit: High frequency timer resolution =2.531247 MHz
[2017.03.30-12.45.22:874][  0]LogMemory: Memory total: Physical=11.9GB (12GB approx)
[2017.03.30-12.45.22:874][  0]LogMemory: Platform Memory Stats for Windows
[2017.03.30-12.45.22:874][  0]LogMemory: Process Physical Memory: 192.04 MB used, 192.04 MB peak
[2017.03.30-12.45.22:874][  0]LogMemory: Process Virtual Memory: 195.38 MB used, 195.38 MB peak
[2017.03.30-12.45.22:874][  0]LogMemory: Physical Memory: 7141.32 MB used, 12166.60 MB total
[2017.03.30-12.45.22:874][  0]LogMemory: Virtual Memory: 553.81 MB used, 134217728.00 MB total
[2017.03.30-12.45.22:923][  0]LogTextLocalizationManager: No specific translations for ('en-US') exist, so ('en') translations will be used.
[2017.03.30-12.45.23:499][  0]LogD3D11RHI: D3D11 adapters:
[2017.03.30-12.45.24:311][  0]LogD3D11RHI:    0. 'NVIDIA GeForce GTX 960M' (Feature Level 11_0)
[2017.03.30-12.45.24:311][  0]LogD3D11RHI:       2018/0/6083 MB DedicatedVideo/DedicatedSystem/SharedSystem, Outputs:1, VendorId:0x10de
[2017.03.30-12.45.24:323][  0]LogD3D11RHI:    1. 'Intel(R) HD Graphics 530' (Feature Level 11_0)
[2017.03.30-12.45.24:323][  0]LogD3D11RHI:       128/0/6083 MB DedicatedVideo/DedicatedSystem/SharedSystem, Outputs:0, VendorId:0x8086
[2017.03.30-12.45.24:325][  0]LogD3D11RHI:    2. 'Microsoft Basic Render Driver' (Feature Level 11_0)
[2017.03.30-12.45.24:325][  0]LogD3D11RHI:       0/0/6083 MB DedicatedVideo/DedicatedSystem/SharedSystem, Outputs:0, VendorId:0x1414
[2017.03.30-12.45.24:325][  0]LogD3D11RHI: Chosen D3D11 Adapter: 0
[2017.03.30-12.45.24:338][  0]LogD3D11RHI: Creating new Direct3DDevice
[2017.03.30-12.45.24:338][  0]LogD3D11RHI:     GPU DeviceId: 0x139b (for the marketing name, search the web for "GPU Device Id")
[2017.03.30-12.45.24:338][  0]LogWindows: EnumDisplayDevices:
[2017.03.30-12.45.24:339][  0]LogWindows:    0. 'Intel(R) HD Graphics 530' (P:1 D:1)
[2017.03.30-12.45.24:339][  0]LogWindows:    1. 'Intel(R) HD Graphics 530' (P:0 D:0)
[2017.03.30-12.45.24:340][  0]LogWindows:    2. 'Intel(R) HD Graphics 530' (P:0 D:0)
[2017.03.30-12.45.24:341][  0]LogWindows: DebugString: PrimaryIsNotTheChoosenAdapter PrimaryIsNotTheChoosenAdapter PrimaryIsNotTheChoosenAdapter FoundDriverCount:0 
[2017.03.30-12.45.24:341][  0]LogD3D11RHI:     Adapter Name: NVIDIA GeForce GTX 960M
[2017.03.30-12.45.24:341][  0]LogD3D11RHI:   Driver Version: Unknown (internal:Unknown, unified:Unknown)
[2017.03.30-12.45.24:341][  0]LogD3D11RHI:      Driver Date: Unknown
[2017.03.30-12.45.24:341][  0]LogRHI: Texture pool is 1361 MB (70% of 1945 MB)
[2017.03.30-12.45.25:072][  0]LogD3D11RHI: Async texture creation enabled
[2017.03.30-12.45.25:131][  0]LogD3D11RHI: GPU Timing Frequency: 1000.000000 (Debug: 2 1)
[2017.03.30-12.45.25:132][  0]LogShaderCompilers: Guid format shader working directory is -7 characters bigger than the processId version (D:/SoulStriker_MainFolder/Soul-Striker-Main/Soul Striker/Intermediate/Shaders/WorkingDirectory/7508/).
[2017.03.30-12.45.25:132][  0]LogShaderCompilers: Cleaned the shader compiler working directory 'C:/Users/armorias/AppData/Local/Temp/UnrealShaderWorkingDir/FAC5B4F049FD4A8FF7083790A77ECDFD/'.
[2017.03.30-12.45.25:132][  0]LogShaderCompilers:Display: Using Local Shader Compiler.
[2017.03.30-12.45.26:301][  0]LogTemp:Display: Loaded TP AllDesktopTargetPlatform
[2017.03.30-12.45.26:336][  0]LogTemp:Display: Loaded TP WindowsClientTargetPlatform
[2017.03.30-12.45.26:358][  0]LogTemp:Display: Loaded TP WindowsNoEditorTargetPlatform
[2017.03.30-12.45.26:378][  0]LogTemp:Display: Loaded TP WindowsServerTargetPlatform
[2017.03.30-12.45.26:395][  0]LogTemp:Display: Loaded TP WindowsTargetPlatform
[2017.03.30-12.45.26:417][  0]LogTemp:Display: Loaded TP AndroidTargetPlatform
[2017.03.30-12.45.26:441][  0]LogTemp:Display: Loaded TP Android_ASTCTargetPlatform
[2017.03.30-12.45.26:465][  0]LogTemp:Display: Loaded TP Android_ATCTargetPlatform
[2017.03.30-12.45.26:490][  0]LogTemp:Display: Loaded TP Android_DXTTargetPlatform
[2017.03.30-12.45.26:514][  0]LogTemp:Display: Loaded TP Android_ETC1TargetPlatform
[2017.03.30-12.45.26:531][  0]LogTemp:Display: Loaded TP Android_ETC2TargetPlatform
[2017.03.30-12.45.26:566][  0]LogTemp:Display: Loaded TP Android_MultiTargetPlatform
[2017.03.30-12.45.26:566][  0]LogTemp:Display: Loaded TP Android_PVRTCTargetPlatform
[2017.03.30-12.45.26:568][  0]LogTemp:Display: Loaded TP HTML5TargetPlatform
[2017.03.30-12.45.26:603][  0]LogTemp:Display: Loaded TP IOSTargetPlatform
[2017.03.30-12.45.26:629][  0]LogTemp:Display: Loaded TP TVOSTargetPlatform
[2017.03.30-12.45.26:649][  0]LogTemp:Display: Loaded TP LinuxNoEditorTargetPlatform
[2017.03.30-12.45.26:664][  0]LogTemp:Display: Loaded TP LinuxServerTargetPlatform
[2017.03.30-12.45.26:680][  0]LogTemp:Display: Loaded TP LinuxTargetPlatform
[2017.03.30-12.45.26:680][  0]LogTargetPlatformManager:Display: Building Assets For Windows
[2017.03.30-12.45.26:820][  0]LogDerivedDataCache:Display: Max Cache Size: 512 MB
[2017.03.30-12.45.26:888][  0]LogDerivedDataCache: Loaded boot cache 0.07s 48MB C:/Users/armorias/AppData/Local/UnrealEngine/4.12/DerivedDataCache/Boot.ddc.
[2017.03.30-12.45.26:889][  0]LogDerivedDataCache:Display: Loaded Boot cache: C:/Users/armorias/AppData/Local/UnrealEngine/4.12/DerivedDataCache/Boot.ddc
[2017.03.30-12.45.26:889][  0]LogDerivedDataCache: FDerivedDataBackendGraph:  Pak pak cache file D:/SoulStriker_MainFolder/Soul-Striker-Main/Soul Striker/DerivedDataCache/DDC.ddp not found, will not use a pak cache.
[2017.03.30-12.45.26:889][  0]LogDerivedDataCache: Unable to find inner node Pak for hierarchical cache Hierarchy.
[2017.03.30-12.45.26:889][  0]LogDerivedDataCache: FDerivedDataBackendGraph:  CompressedPak pak cache file D:/SoulStriker_MainFolder/Soul-Striker-Main/Soul Striker/DerivedDataCache/Compressed.ddp not found, will not use a pak cache.
[2017.03.30-12.45.26:889][  0]LogDerivedDataCache: Unable to find inner node CompressedPak for hierarchical cache Hierarchy.
[2017.03.30-12.45.26:907][  0]LogDerivedDataCache:Display: Pak cache opened for reading ../../../Engine/DerivedDataCache/Compressed.ddp.
[2017.03.30-12.45.26:919][  0]LogDerivedDataCache: Using Local data cache path C:/Users/armorias/AppData/Local/UnrealEngine/Common/DerivedDataCache: Writable
[2017.03.30-12.45.27:099][  0]LogInit: Selected Device Profile: [Windows]
[2017.03.30-12.45.27:100][  0]LogContentStreaming: Texture pool size is 0.00 MB
[2017.03.30-12.45.27:320][  0]LogMeshUtilities: No automatic mesh reduction module available
[2017.03.30-12.45.27:320][  0]LogMeshUtilities: No automatic mesh merging module available
[2017.03.30-12.45.27:320][  0]LogMeshUtilities: No distributed automatic mesh merging module available
[2017.03.30-12.45.27:698][  0]LogAssetRegistry: FAssetRegistry took 0.0217 seconds to start up
[2017.03.30-12.45.27:729][  0]LogPackageLocalizationCache: Processed 3 localized package path(s) for 2 prioritized culture(s) in 0.028233 seconds
[2017.03.30-12.45.27:736][  0]LogUObjectArray: 28739 objects as part of root set at end of initial load.
[2017.03.30-12.45.27:736][  0]LogUObjectAllocator: 5855632 out of 0 bytes used by permanent object pool.
[2017.03.30-12.45.27:736][  0]LogUObjectArray: CloseDisregardForGC: 0/0 objects in disregard for GC pool
[2017.03.30-12.45.27:744][  0]LogInit: WinSock: version 1.1 (2.2), MaxSocks=32767, MaxUdp=65467
[2017.03.30-12.45.27:938][  0]LogSlate: SlateFontCache - WITH_FREETYPE: 1, WITH_HARFBUZZ: 1
[2017.03.30-12.45.27:938][  0]LogSlate: SlateFontCache - WITH_FREETYPE: 1, WITH_HARFBUZZ: 1
[2017.03.30-12.45.28:676][  0]LogSubstanceCoreModule: Substance CPU Engine Loaded, Max Texture Size 2048
[2017.03.30-12.45.28:685][  0]LogUdpMessaging: Initializing bridge on interface 0.0.0.0:0 to multicast group 230.0.0.1:6666.
[2017.03.30-12.45.28:978][  0]SourceControl: Info Source control is disabled
[2017.03.30-12.45.28:979][  0]SourceControl: Info Source control is disabled
[2017.03.30-12.45.28:988][  0]SourceControl: Info Source control is disabled
[2017.03.30-12.45.28:997][  0]SourceControl: Info Source control is disabled
[2017.03.30-12.45.29:265][  0]LogEngine: Initializing Engine...
[2017.03.30-12.45.29:267][  0]LogHMD: SteamVR failed to initialize.  Err: 110
[2017.03.30-12.45.29:268][  0]LogHMD: SteamVR failed to initialize.  Err: 110
[2017.03.30-12.45.29:637][  0]LogAIModule: Creating AISystem for world NewWorld
[2017.03.30-12.45.29:648][  0]LogInit: XAudio2 using 'Speakers (Realtek High Definition Audio)' : 2 channels at 48 kHz using 32 bits per sample (channel mask 0x3)
[2017.03.30-12.45.30:157][  0]LogInit: FAudioDevice initialized.
[2017.03.30-12.45.30:208][  0]LogDerivedDataCache: Saved boot cache 0.05s 48MB C:/Users/armorias/AppData/Local/UnrealEngine/4.12/DerivedDataCache/Boot.ddc.
[2017.03.30-12.45.30:220][  0]LogInit: Texture streaming: Enabled
[2017.03.30-12.45.30:245][  0]LogInit: Transaction tracking system initialized
[2017.03.30-12.45.30:269][  0]BlueprintLog: New page: Editor Load
[2017.03.30-12.45.30:341][  0]LocalizationService: Info Localization service is disabled
[2017.03.30-12.45.30:403][  0]LogConsoleResponse:Display: 
[2017.03.30-12.45.30:503][  0]LogCook:Display: Max memory allowance for cook 8192mb
[2017.03.30-12.45.30:503][  0]LogCook:Display: Mobile HDR setting 1
[2017.03.30-12.45.30:599][  0]LogFileCache: Scanning file cache for directory 'D:/SoulStriker_MainFolder/Soul-Striker-Main/Soul Striker/Content/' took 0.01s
[2017.03.30-12.45.30:599][  0]SourceControl: Info Source control is disabled
[2017.03.30-12.45.30:600][  0]Cmd: MAP LOAD FILE="D:/SoulStriker_MainFolder/Soul-Striker-Main/Soul Striker/Content/ThirdPersonBP/Maps/ThirdPersonExampleMap.umap" TEMPLATE=0 SHOWPROGRESS=1 FEATURELEVEL=3
[2017.03.30-12.45.30:600][  0]LightingResults: New page: Lighting Build
[2017.03.30-12.45.30:603][  0]MapCheck: New page: Map Check
[2017.03.30-12.45.30:603][  0]LightingResults: New page: Lighting Build
[2017.03.30-12.45.31:890][  0]LogBlueprint:Warning: Compiler Warning Node  Unknown  is not referencing a valid level actor
[2017.03.30-12.45.31:891][  0]LogBlueprint:Warning: Compiler Warning [0010.52] Compile of PersistentLevel.ThirdPersonExampleMap successful, but with 1 Warning(s) [in 2 ms] (/Game/ThirdPersonBP/Maps/ThirdPersonExampleMap.ThirdPersonExampleMap:PersistentLevel.ThirdPersonExampleMap)
[2017.03.30-12.45.31:891][  0]LogBlueprint:Warning: Compiler Warning [0010.52] Compile of PersistentLevel.ThirdPersonExampleMap successful, but with 2 Warning(s) [in 0 ms] (/Game/ThirdPersonBP/Maps/ThirdPersonExampleMap.ThirdPersonExampleMap:PersistentLevel.ThirdPersonExampleMap)
[2017.03.30-12.45.31:891][  0]LogBlueprint:Warning: Compiler Warning [0010.52] Compile of PersistentLevel.ThirdPersonExampleMap successful, but with 3 Warning(s) [in 0 ms] (/Game/ThirdPersonBP/Maps/ThirdPersonExampleMap.ThirdPersonExampleMap:PersistentLevel.ThirdPersonExampleMap)
[2017.03.30-12.45.31:893][  0]LogBlueprint:Warning: Compiler Warning Node  Unknown  is not referencing a valid level actor
[2017.03.30-12.45.31:894][  0]LogBlueprint:Warning: Compiler Warning [0010.52] Compile of PersistentLevel.ThirdPersonExampleMap successful, but with 1 Warning(s) [in 2 ms] (/Game/ThirdPersonBP/Maps/ThirdPersonExampleMap.ThirdPersonExampleMap:PersistentLevel.ThirdPersonExampleMap)
[2017.03.30-12.45.31:894][  0]LogBlueprint:Warning: Compiler Warning [0010.52] Compile of PersistentLevel.ThirdPersonExampleMap successful, but with 2 Warning(s) [in 0 ms] (/Game/ThirdPersonBP/Maps/ThirdPersonExampleMap.ThirdPersonExampleMap:PersistentLevel.ThirdPersonExampleMap)
[2017.03.30-12.45.31:894][  0]LogBlueprint:Warning: Compiler Warning [0010.53] Compile of PersistentLevel.ThirdPersonExampleMap successful, but with 3 Warning(s) [in 0 ms] (/Game/ThirdPersonBP/Maps/ThirdPersonExampleMap.ThirdPersonExampleMap:PersistentLevel.ThirdPersonExampleMap)
[2017.03.30-12.45.33:149][  0]LogAIModule: Creating AISystem for world ThirdPersonExampleMap
[2017.03.30-12.45.33:257][  0]LogEditorServer: Finished looking for orphan Actors (0.000 secs)
[2017.03.30-12.45.33:258][  0]Cmd: MAP CHECKDEP NOCLEARLOG
[2017.03.30-12.45.33:311][  0]MapCheck: Info Map check complete: 0 Error(s), 0 Warning(s), took 52.784ms to complete.
[2017.03.30-12.45.33:311][  0]LogFileHelpers: Loading map 'ThirdPersonExampleMap' took 2.712
[2017.03.30-12.45.33:754][  0]LogCollectionManager: Loaded 0 collections in 0.002856 seconds
[2017.03.30-12.45.33:807][  0]LogFileCache: Scanning file cache for directory 'D:/SoulStriker_MainFolder/Soul-Striker-Main/Soul Striker/Saved/Collections/' took 0.01s
[2017.03.30-12.45.33:807][  0]LogFileCache: Scanning file cache for directory 'D:/SoulStriker_MainFolder/Soul-Striker-Main/Soul Striker/Content/Developers/armorias/Collections/' took 0.01s
[2017.03.30-12.45.33:807][  0]LogFileCache: Scanning file cache for directory 'D:/SoulStriker_MainFolder/Soul-Striker-Main/Soul Striker/Content/Collections/' took 0.01s
[2017.03.30-12.45.33:807][  0]LogCollectionManager: Rebuilt the GUID cache for 0 collections in 0.000008 seconds
[2017.03.30-12.45.33:835][  0]LogContentBrowser: Native class hierarchy populated in 0.0277 seconds. Added 2062 classes and 375 folders.
[2017.03.30-12.45.33:849][  0]LogStats: UGameplayTagsManager::ConstructGameplayTagTree: Construct from data asset -  0.000 s
[2017.03.30-12.45.33:849][  0]LogStats: UGameplayTagsManager::ConstructGameplayTagTree: GameplayTagTreeChangedEvent.Broadcast -  0.000 s
[2017.03.30-12.45.33:851][  0]LogContentBrowser: Native class hierarchy updated for 'GameplayTags' in 0.0014 seconds. Added 12 classes and 0 folders.
[2017.03.30-12.45.33:866][  0]LogContentBrowser: Native class hierarchy updated for 'WidgetCarousel' in 0.0011 seconds. Added 0 classes and 0 folders.
[2017.03.30-12.45.34:011][  0]LogContentBrowser: Native class hierarchy updated for 'AddContentDialog' in 0.0013 seconds. Added 0 classes and 0 folders.
[2017.03.30-12.45.34:024][  0]LogContentBrowser: Native class hierarchy updated for 'SceneOutliner' in 0.0012 seconds. Added 1 classes and 2 folders.
[2017.03.30-12.45.34:199][  0]LogCrashTracker: Crashtracker disabled due to settings.
[2017.03.30-12.45.34:216][  0]LogUObjectGlobals:Warning: Failed to find object 'Class None.'
[2017.03.30-12.45.34:251][  0]LogContentBrowser: Native class hierarchy updated for 'HierarchicalLODOutliner' in 0.0013 seconds. Added 1 classes and 2 folders.
[2017.03.30-12.45.34:252][  0]LogLoad: Full Startup: 12.88 seconds (BP compile: 0.54 seconds)
[2017.03.30-12.45.34:252][  0]LogExternalProfiler: Found external profiler: VSPerf
[2017.03.30-12.45.34:252][  0]LogExternalProfiler: Using external profiler: VSPerf
[2017.03.30-12.45.35:229][  0]LogWindowsTextInputMethodSystem:Display: IME system now deactivated.
[2017.03.30-12.45.35:230][  0]LogOcInput: OculusInput pre-init called
[2017.03.30-12.45.35:272][  0]LogContentStreaming: Texture pool size now 700 MB
[2017.03.30-12.45.35:664][  0]LogRenderer: Reallocating scene render targets to support 892x436 (Frame:2).
[2017.03.30-12.45.35:742][  1]LogFileCache: Retrieving MD5 hashes for directory 'D:/SoulStriker_MainFolder/Soul-Striker-Main/Soul Striker/Content/' took 0.50s
[2017.03.30-12.45.36:089][  3]LogAssetRegistry: Asset discovery search completed in 8.4124 seconds
[2017.03.30-12.45.36:089][  3]LogCollectionManager: Rebuilt the object cache for 0 collections in 0.000001 seconds (found 0 objects)
[2017.03.30-12.45.36:089][  3]LogCollectionManager: Fixed up redirectors for 0 collections in 0.000052 seconds (updated 0 objects)
[2017.03.30-12.46.31:913][204]LogFactory: FactoryCreateFile: StaticMesh with FbxFactory (0 0 D:/Paladin_1/scenes/turret_top.fbx)
[2017.03.30-12.46.32:010][204]LogFbx: ItemName: GlobalSettings, ItemCount : 1
[2017.03.30-12.46.32:010][204]LogFbx: ItemName: AnimationStack, ItemCount : 1
[2017.03.30-12.46.32:010][204]LogFbx: ItemName: AnimationLayer, ItemCount : 1
[2017.03.30-12.46.32:010][204]LogFbx: ItemName: NodeAttribute, ItemCount : 9
[2017.03.30-12.46.32:010][204]LogFbx: ItemName: Model, ItemCount : 10
[2017.03.30-12.46.32:010][204]LogFbx: ItemName: Material, ItemCount : 1
[2017.03.30-12.46.32:010][204]LogFbx: ItemName: Geometry, ItemCount : 1
[2017.03.30-12.46.32:010][204]LogFbx: ItemName: AnimationCurveNode, ItemCount : 3
[2017.03.30-12.46.32:010][204]LogFbx: ItemName: Pose, ItemCount : 1
[2017.03.30-12.46.32:010][204]LogFbx: ItemName: Deformer, ItemCount : 3
[2017.03.30-12.46.32:030][204]LogFbx: Loading FBX Scene from D:/Paladin_1/scenes/turret_top.fbx
[2017.03.30-12.46.32:062][204]LogFbx: FBX Scene Loaded Succesfully
[2017.03.30-12.46.37:710][204]LogFbx: Loading FBX Scene from D:/Paladin_1/scenes/turret_top.fbx
[2017.03.30-12.46.37:731][204]LogFbx: FBX Scene Loaded Succesfully
[2017.03.30-12.46.37:737][204]LogFbx: =================================================
[2017.03.30-12.46.37:737][204]LogFbx: Dumping Node START [polySurface1] 
[2017.03.30-12.46.37:737][204]LogFbx: 	Total Deformer Count -1872851216.
[2017.03.30-12.46.37:737][204]LogFbx: 		[Node 1]  (Type Skin).
[2017.03.30-12.46.37:737][204]LogFbx: =================================================
[2017.03.30-12.46.37:737][204]LogFbx: 	Attribute () Type (4).
[2017.03.30-12.46.37:737][204]LogFbx: 		[Node Attribute Child 1] polySurface1 (Type Mesh).
[2017.03.30-12.46.37:737][204]LogFbx: Dumping Node END [polySurface1]
[2017.03.30-12.46.37:737][204]LogFbx: =================================================
[2017.03.30-12.46.37:737][204]LogFbx: Dumping Node START [polySurface1] 
[2017.03.30-12.46.37:738][204]LogFbx: 	Total Deformer Count -1872851216.
[2017.03.30-12.46.37:738][204]LogFbx: 		[Node 1]  (Type Skin).
[2017.03.30-12.46.37:738][204]LogFbx: =================================================
[2017.03.30-12.46.37:738][204]LogFbx: 	Attribute () Type (4).
[2017.03.30-12.46.37:738][204]LogFbx: 		[Node Attribute Child 1] polySurface1 (Type Mesh).
[2017.03.30-12.46.37:738][204]LogFbx: Dumping Node END [polySurface1]
[2017.03.30-12.46.37:738][204]LogFbx: =================================================
[2017.03.30-12.46.37:738][204]LogFbx: Dumping Node START [polySurface1] 
[2017.03.30-12.46.37:738][204]LogFbx: 	Total Deformer Count -1872851216.
[2017.03.30-12.46.37:738][204]LogFbx: 		[Node 1]  (Type Skin).
[2017.03.30-12.46.37:738][204]LogFbx: =================================================
[2017.03.30-12.46.37:738][204]LogFbx: 	Attribute () Type (4).
[2017.03.30-12.46.37:738][204]LogFbx: 		[Node Attribute Child 1] polySurface1 (Type Mesh).
[2017.03.30-12.46.37:738][204]LogFbx: Dumping Node END [polySurface1]
[2017.03.30-12.46.37:741][204]LogFbx: Valid bind pose for Pose (skinCluster1) - polySurface1
[2017.03.30-12.46.37:765][204]LogFbx:Warning: Bones digested - 3  Depth of hierarchy - 3
[2017.03.30-12.46.37:785][204]LogSkeletalMesh: Chunk 0: 130 rigid vertices, 92 soft vertices, 2 active bones
[2017.03.30-12.46.37:786][204]LogSkeletalMesh: Section 0: Material=0, Chunk=0, 256 triangles
[2017.03.30-12.46.37:788][204]LogLinker:Warning: Can't find file '/Game/bluePrints/AI_Turret/turret_top_PhysicsAsset'
[2017.03.30-12.46.37:789][204]LogLinker:Warning: Can't find file '/Game/bluePrints/AI_Turret/turret_top_PhysicsAsset'
[2017.03.30-12.46.37:789][204]LogUObjectGlobals:Warning: Failed to find object 'Object /Game/bluePrints/AI_Turret/turret_top_PhysicsAsset.turret_top_PhysicsAsset'
[2017.03.30-12.46.37:792][204]LogLinker:Warning: Can't find file '/Game/bluePrints/AI_Turret/turret_top_Skeleton'
[2017.03.30-12.46.37:793][204]LogLinker:Warning: Can't find file '/Game/bluePrints/AI_Turret/turret_top_Skeleton'
[2017.03.30-12.46.37:793][204]LogUObjectGlobals:Warning: Failed to find object 'Object /Game/bluePrints/AI_Turret/turret_top_Skeleton.turret_top_Skeleton'
[2017.03.30-12.46.37:796][204]LogFbx: =================================================
[2017.03.30-12.46.37:796][204]LogFbx: Dumping Node START [polySurface1] 
[2017.03.30-12.46.37:796][204]LogFbx: 	Total Deformer Count -1872846656.
[2017.03.30-12.46.37:796][204]LogFbx: 		[Node 1]  (Type Skin).
[2017.03.30-12.46.37:796][204]LogFbx: =================================================
[2017.03.30-12.46.37:796][204]LogFbx: 	Attribute () Type (4).
[2017.03.30-12.46.37:796][204]LogFbx: 		[Node Attribute Child 1] polySurface1 (Type Mesh).
[2017.03.30-12.46.37:796][204]LogFbx: Dumping Node END [polySurface1]
[2017.03.30-12.46.37:796][204]LogFbx: =================================================
[2017.03.30-12.46.37:796][204]LogFbx: Dumping Node START [polySurface1] 
[2017.03.30-12.46.37:797][204]LogFbx: 	Total Deformer Count -1872846656.
[2017.03.30-12.46.37:797][204]LogFbx: 		[Node 1]  (Type Skin).
[2017.03.30-12.46.37:797][204]LogFbx: =================================================
[2017.03.30-12.46.37:797][204]LogFbx: 	Attribute () Type (4).
[2017.03.30-12.46.37:797][204]LogFbx: 		[Node Attribute Child 1] polySurface1 (Type Mesh).
[2017.03.30-12.46.37:797][204]LogFbx: Dumping Node END [polySurface1]
[2017.03.30-12.46.37:797][204]LogFbx: =================================================
[2017.03.30-12.46.37:797][204]LogFbx: Dumping Node START [polySurface1] 
[2017.03.30-12.46.37:797][204]LogFbx: 	Total Deformer Count -1872846656.
[2017.03.30-12.46.37:797][204]LogFbx: 		[Node 1]  (Type Skin).
[2017.03.30-12.46.37:797][204]LogFbx: =================================================
[2017.03.30-12.46.37:797][204]LogFbx: 	Attribute () Type (4).
[2017.03.30-12.46.37:797][204]LogFbx: 		[Node Attribute Child 1] polySurface1 (Type Mesh).
[2017.03.30-12.46.37:797][204]LogFbx: Dumping Node END [polySurface1]
[2017.03.30-12.46.37:797][204]LogFbx: SortedLinks :(0) joint1
[2017.03.30-12.46.37:797][204]LogFbx: SortedLinks :(1) joint2
[2017.03.30-12.46.37:797][204]LogFbx: SortedLinks :(2) joint3
[2017.03.30-12.46.37:797][204]LogFbx: Parsing AnimStack Take 001
[2017.03.30-12.46.37:798][204]LogLinker:Warning: Can't find file '/Game/bluePrints/AI_Turret/turret_top_Anim'
[2017.03.30-12.46.37:798][204]LogLinker:Warning: Can't find file '/Game/bluePrints/AI_Turret/turret_top_Anim'
[2017.03.30-12.46.37:798][204]LogUObjectGlobals:Warning: Failed to find object 'Object /Game/bluePrints/AI_Turret/turret_top_Anim.turret_top_Anim'
[2017.03.30-12.46.37:829][204]LogAnimationCompression: Building Anim DDC data for AnimSequence /Game/bluePrints/AI_Turret/turret_top_Anim.turret_top_Anim
[2017.03.30-12.46.41:452][230]Cmd: OBJ SAVEPACKAGE PACKAGE="/Game/bluePrints/AI_Turret/turret_top" FILE="D:/SoulStriker_MainFolder/Soul-Striker-Main/Soul Striker/Content/bluePrints/AI_Turret/turret_top.uasset" SILENT=true
[2017.03.30-12.46.41:505][230]LogSavePackage: Save=49.17ms
[2017.03.30-12.46.41:505][230]LogSavePackage: Moving 'D:/SoulStriker_MainFolder/Soul-Striker-Main/Soul Striker/Saved/turret_top8364E9D843124572AC7C12AE45B757C4.tmp' to 'D:/SoulStriker_MainFolder/Soul-Striker-Main/Soul Striker/Content/bluePrints/AI_Turret/turret_top.uasset'
[2017.03.30-12.46.41:515][230]LogSavePackage:Display: Finished SavePackage D:/SoulStriker_MainFolder/Soul-Striker-Main/Soul Striker/Content/bluePrints/AI_Turret/turret_top.uasset
[2017.03.30-12.46.41:571][230]Cmd: OBJ SAVEPACKAGE PACKAGE="/Game/bluePrints/AI_Turret/turret_top_Anim" FILE="D:/SoulStriker_MainFolder/Soul-Striker-Main/Soul Striker/Content/bluePrints/AI_Turret/turret_top_Anim.uasset" SILENT=true
[2017.03.30-12.46.41:597][230]LogSavePackage: Save=23.45ms
[2017.03.30-12.46.41:597][230]LogSavePackage: Moving 'D:/SoulStriker_MainFolder/Soul-Striker-Main/Soul Striker/Saved/turret_top_AnimFCE2D2B2435510F83F3FE4B630500BBD.tmp' to 'D:/SoulStriker_MainFolder/Soul-Striker-Main/Soul Striker/Content/bluePrints/AI_Turret/turret_top_Anim.uasset'
[2017.03.30-12.46.41:601][230]LogSavePackage:Display: Finished SavePackage D:/SoulStriker_MainFolder/Soul-Striker-Main/Soul Striker/Content/bluePrints/AI_Turret/turret_top_Anim.uasset
[2017.03.30-12.46.41:639][230]LogSavePackage: Save=14.74ms
[2017.03.30-12.46.41:639][230]LogSavePackage: Moving 'D:/SoulStriker_MainFolder/Soul-Striker-Main/Soul Striker/Saved/turret_top_PhysicsAsset56B2CE6C4261DFCDB3D0EE942A5490F9.tmp' to 'D:/SoulStriker_MainFolder/Soul-Striker-Main/Soul Striker/Content/bluePrints/AI_Turret/turret_top_PhysicsAsset.uasset'
[2017.03.30-12.46.41:643][230]LogSavePackage:Display: Finished SavePackage D:/SoulStriker_MainFolder/Soul-Striker-Main/Soul Striker/Content/bluePrints/AI_Turret/turret_top_PhysicsAsset.uasset
[2017.03.30-12.46.41:682][230]LogSavePackage: Save=11.90ms
[2017.03.30-12.46.41:682][230]LogSavePackage: Moving 'D:/SoulStriker_MainFolder/Soul-Striker-Main/Soul Striker/Saved/turret_top_Skeleton153E5FB9488A41DCFEF26B9F09181EBF.tmp' to 'D:/SoulStriker_MainFolder/Soul-Striker-Main/Soul Striker/Content/bluePrints/AI_Turret/turret_top_Skeleton.uasset'
[2017.03.30-12.46.41:686][230]LogSavePackage:Display: Finished SavePackage D:/SoulStriker_MainFolder/Soul-Striker-Main/Soul Striker/Content/bluePrints/AI_Turret/turret_top_Skeleton.uasset
[2017.03.30-12.46.46:407][275]LogContentBrowser: Native class hierarchy updated for 'BlueprintGraph' in 0.0020 seconds. Added 111 classes and 0 folders.
[2017.03.30-12.46.49:822][283]LogRenderer: Reallocating scene render targets to support 912x540 (Frame:428).
[2017.03.30-12.47.13:875][456]LogRenderer: Reallocating scene render targets to support 1144x708 (Frame:745).
[2017.03.30-12.47.41:801][729]BlueprintLog: New page: Compile AI_Turret
[2017.03.30-12.47.41:833][729]LogBlueprint:Error: Compiler Error This blueprint (self) is not a SceneComponent, therefore ' Target ' must have a connection.
[2017.03.30-12.47.41:833][729]LogBlueprint:Error: Compiler Error This blueprint (self) is not a SceneComponent, therefore ' Target ' must have a connection.
[2017.03.30-12.47.41:833][729]LogBlueprint:Error: Compiler Error This blueprint (self) is not a SceneComponent, therefore ' Target ' must have a connection.
[2017.03.30-12.47.41:833][729]LogBlueprint:Error: Compiler Error This blueprint (self) is not a SceneComponent, therefore ' Target ' must have a connection.
[2017.03.30-12.47.41:833][729]LogBlueprint:Error: Compiler Error This blueprint (self) is not a SceneComponent, therefore ' Target ' must have a connection.
[2017.03.30-12.47.42:590][729]LogBlueprint:Warning: Compiler Warning [0141.22] Compile of AI_Turret failed. 5 Fatal Issue(s) 0 Warning(s) [in 788 ms] (/Game/bluePrints/AI_Turret/AI_Turret.AI_Turret)
[2017.03.30-12.47.42:590][729]BlueprintEditorCompileResults:Error: Error This blueprint (self) is not a SceneComponent, therefore ' Target ' must have a connection.
[2017.03.30-12.47.42:590][729]BlueprintEditorCompileResults:Error: Error This blueprint (self) is not a SceneComponent, therefore ' Target ' must have a connection.
[2017.03.30-12.47.42:590][729]BlueprintEditorCompileResults:Error: Error This blueprint (self) is not a SceneComponent, therefore ' Target ' must have a connection.
[2017.03.30-12.47.42:590][729]BlueprintEditorCompileResults:Error: Error This blueprint (self) is not a SceneComponent, therefore ' Target ' must have a connection.
[2017.03.30-12.47.42:590][729]BlueprintEditorCompileResults:Error: Error This blueprint (self) is not a SceneComponent, therefore ' Target ' must have a connection.
[2017.03.30-12.47.42:590][729]BlueprintEditorCompileResults:Warning: Warning [0141.22] Compile of AI_Turret failed. 5 Fatal Issue(s) 0 Warning(s) [in 788 ms] (/Game/bluePrints/AI_Turret/AI_Turret.AI_Turret)
[2017.03.30-12.48.00:115][842]LogEditorTransaction: Undo Modify Component(s)
[2017.03.30-12.48.00:969][846]LogEditorTransaction: Undo Remove Components
[2017.03.30-12.48.30:210][ 67]BlueprintLog: New page: Compile AI_Turret
[2017.03.30-12.48.30:241][ 67]LogBlueprint:Error: Compiler Error This blueprint (self) is not a SceneComponent, therefore ' Target ' must have a connection.
[2017.03.30-12.48.30:241][ 67]LogBlueprint:Error: Compiler Error This blueprint (self) is not a SceneComponent, therefore ' Target ' must have a connection.
[2017.03.30-12.48.30:241][ 67]LogBlueprint:Error: Compiler Error This blueprint (self) is not a SceneComponent, therefore ' Target ' must have a connection.
[2017.03.30-12.48.30:241][ 67]LogBlueprint:Error: Compiler Error This blueprint (self) is not a SceneComponent, therefore ' Target ' must have a connection.
[2017.03.30-12.48.30:241][ 67]LogBlueprint:Error: Compiler Error This blueprint (self) is not a SceneComponent, therefore ' Target ' must have a connection.
[2017.03.30-12.48.31:464][ 67]LogBlueprint:Warning: Compiler Warning [0190.10] Compile of AI_Turret failed. 5 Fatal Issue(s) 0 Warning(s) [in 1,254 ms] (/Game/bluePrints/AI_Turret/AI_Turret.AI_Turret)
[2017.03.30-12.48.31:464][ 67]BlueprintEditorCompileResults:Error: Error This blueprint (self) is not a SceneComponent, therefore ' Target ' must have a connection.
[2017.03.30-12.48.31:464][ 67]BlueprintEditorCompileResults:Error: Error This blueprint (self) is not a SceneComponent, therefore ' Target ' must have a connection.
[2017.03.30-12.48.31:464][ 67]BlueprintEditorCompileResults:Error: Error This blueprint (self) is not a SceneComponent, therefore ' Target ' must have a connection.
[2017.03.30-12.48.31:464][ 67]BlueprintEditorCompileResults:Error: Error This blueprint (self) is not a SceneComponent, therefore ' Target ' must have a connection.
[2017.03.30-12.48.31:464][ 67]BlueprintEditorCompileResults:Error: Error This blueprint (self) is not a SceneComponent, therefore ' Target ' must have a connection.
[2017.03.30-12.48.31:464][ 67]BlueprintEditorCompileResults:Warning: Warning [0190.10] Compile of AI_Turret failed. 5 Fatal Issue(s) 0 Warning(s) [in 1,254 ms] (/Game/bluePrints/AI_Turret/AI_Turret.AI_Turret)
[2017.03.30-12.49.30:090][729]BlueprintLog: New page: Compile AI_Turret
[2017.03.30-12.49.30:122][729]LogBlueprint:Error: Compiler Error This blueprint (self) is not a SceneComponent, therefore ' Target ' must have a connection.
[2017.03.30-12.49.30:122][729]LogBlueprint:Error: Compiler Error This blueprint (self) is not a SceneComponent, therefore ' Target ' must have a connection.
[2017.03.30-12.49.30:122][729]LogBlueprint:Error: Compiler Error This blueprint (self) is not a SceneComponent, therefore ' Target ' must have a connection.
[2017.03.30-12.49.30:294][729]LogBlueprint:Warning: Compiler Warning [0248.92] Compile of AI_Turret failed. 3 Fatal Issue(s) 0 Warning(s) [in 203 ms] (/Game/bluePrints/AI_Turret/AI_Turret.AI_Turret)
[2017.03.30-12.49.30:294][729]BlueprintEditorCompileResults:Error: Error This blueprint (self) is not a SceneComponent, therefore ' Target ' must have a connection.
[2017.03.30-12.49.30:294][729]BlueprintEditorCompileResults:Error: Error This blueprint (self) is not a SceneComponent, therefore ' Target ' must have a connection.
[2017.03.30-12.49.30:294][729]BlueprintEditorCompileResults:Error: Error This blueprint (self) is not a SceneComponent, therefore ' Target ' must have a connection.
[2017.03.30-12.49.30:294][729]BlueprintEditorCompileResults:Warning: Warning [0248.92] Compile of AI_Turret failed. 3 Fatal Issue(s) 0 Warning(s) [in 203 ms] (/Game/bluePrints/AI_Turret/AI_Turret.AI_Turret)
[2017.03.30-12.50.03:654][130]BlueprintLog: New page: Compile AI_Turret
[2017.03.30-12.50.03:791][130]BlueprintEditorCompileResults: Info [0282.42] Compile of AI_Turret successful! [in 136 ms] (/Game/bluePrints/AI_Turret/AI_Turret.AI_Turret)
[2017.03.30-12.50.08:781][200]Cmd: OBJ SAVEPACKAGE PACKAGE="/Game/bluePrints/AI_Turret/AI_Turret" FILE="D:/SoulStriker_MainFolder/Soul-Striker-Main/Soul Striker/Content/bluePrints/AI_Turret/AI_Turret.uasset" SILENT=true
[2017.03.30-12.50.08:962][200]LogSavePackage: Save=169.69ms
[2017.03.30-12.50.08:962][200]LogSavePackage: Moving 'D:/SoulStriker_MainFolder/Soul-Striker-Main/Soul Striker/Saved/AI_Turret6029553E4FF8A680361560AF102768E1.tmp' to 'D:/SoulStriker_MainFolder/Soul-Striker-Main/Soul Striker/Content/bluePrints/AI_Turret/AI_Turret.uasset'
[2017.03.30-12.50.08:964][200]LogSavePackage:Display: Finished SavePackage D:/SoulStriker_MainFolder/Soul-Striker-Main/Soul Striker/Content/bluePrints/AI_Turret/AI_Turret.uasset
[2017.03.30-12.50.12:192][226]Cmd: OBJ SAVEPACKAGE PACKAGE="/Game/bluePrints/AI_Turret/AI_Turret" FILE="D:/SoulStriker_MainFolder/Soul-Striker-Main/Soul Striker/Content/bluePrints/AI_Turret/AI_Turret.uasset" SILENT=true
[2017.03.30-12.50.12:271][226]LogSavePackage: Save=68.86ms
[2017.03.30-12.50.12:271][226]LogSavePackage: Moving 'D:/SoulStriker_MainFolder/Soul-Striker-Main/Soul Striker/Saved/AI_Turret5E2C185A41E620A9BD852A8A572B8C90.tmp' to 'D:/SoulStriker_MainFolder/Soul-Striker-Main/Soul Striker/Content/bluePrints/AI_Turret/AI_Turret.uasset'
[2017.03.30-12.50.12:272][226]LogSavePackage:Display: Finished SavePackage D:/SoulStriker_MainFolder/Soul-Striker-Main/Soul Striker/Content/bluePrints/AI_Turret/AI_Turret.uasset
[2017.03.30-12.50.16:304][259]LogSkeletalMesh: InitArticulated: Bodies already created (/Engine/Transient.DebugSkelMeshComponent_0) - call TermArticulated first.
[2017.03.30-12.50.42:616][562]LogSavePackage: Save=4.67ms
[2017.03.30-12.50.42:616][562]LogSavePackage: Moving 'D:/SoulStriker_MainFolder/Soul-Striker-Main/Soul Striker/Saved/turret_top_Skeleton7C7C1EA24E2E50FE40B7589061F19956.tmp' to 'D:/SoulStriker_MainFolder/Soul-Striker-Main/Soul Striker/Content/bluePrints/AI_Turret/turret_top_Skeleton.uasset'
[2017.03.30-12.50.42:617][562]LogSavePackage:Display: Finished SavePackage D:/SoulStriker_MainFolder/Soul-Striker-Main/Soul Striker/Content/bluePrints/AI_Turret/turret_top_Skeleton.uasset
[2017.03.30-12.51.08:496][888]BlueprintLog: New page: Compile AI_Turret
[2017.03.30-12.51.08:640][888]BlueprintEditorCompileResults: Info [0347.27] Compile of AI_Turret successful! [in 143 ms] (/Game/bluePrints/AI_Turret/AI_Turret.AI_Turret)
[2017.03.30-12.51.09:679][893]Cmd: OBJ SAVEPACKAGE PACKAGE="/Game/bluePrints/AI_Turret/AI_Turret" FILE="D:/SoulStriker_MainFolder/Soul-Striker-Main/Soul Striker/Content/bluePrints/AI_Turret/AI_Turret.uasset" SILENT=true
[2017.03.30-12.51.09:885][893]LogSavePackage: Save=198.90ms
[2017.03.30-12.51.09:885][893]LogSavePackage: Moving 'D:/SoulStriker_MainFolder/Soul-Striker-Main/Soul Striker/Saved/AI_Turret9CFBB37447824A1C76C8D8876ACEC072.tmp' to 'D:/SoulStriker_MainFolder/Soul-Striker-Main/Soul Striker/Content/bluePrints/AI_Turret/AI_Turret.uasset'
[2017.03.30-12.51.09:887][893]LogSavePackage:Display: Finished SavePackage D:/SoulStriker_MainFolder/Soul-Striker-Main/Soul Striker/Content/bluePrints/AI_Turret/AI_Turret.uasset
[2017.03.30-12.51.26:149][174]LogProperty:Warning: Serialized Class /Script/Engine.StaticMeshComponent for a property of Class /Script/Engine.SkeletalMeshComponent. Reference will be NULLed.
    Property = ObjectProperty /Game/bluePrints/AI_Turret/AI_Turret.AI_Turret_C:TurretTop
    Item = StaticMeshComponent /Game/Maps/Level_1.Level_1:PersistentLevel.AI_Turret_558.TurretTop
[2017.03.30-12.51.26:259][174]LogAIModule: Creating AISystem for world Level_1
[2017.03.30-12.51.30:033][174]LogBlueprint:Warning: Compiler Warning Node  Unknown  is not referencing a valid level actor
[2017.03.30-12.51.30:035][174]LogBlueprint:Warning: Compiler Warning [0368.67] Compile of PersistentLevel.ThirdPersonExampleMap successful, but with 1 Warning(s) [in 7 ms] (/Game/ThirdPersonBP/Maps/ThirdPersonExampleMap.ThirdPersonExampleMap:PersistentLevel.ThirdPersonExampleMap)
[2017.03.30-12.51.30:036][174]LogBlueprint:Warning: Compiler Warning [0368.67] Compile of PersistentLevel.ThirdPersonExampleMap successful, but with 2 Warning(s) [in 0 ms] (/Game/ThirdPersonBP/Maps/ThirdPersonExampleMap.ThirdPersonExampleMap:PersistentLevel.ThirdPersonExampleMap)
[2017.03.30-12.51.30:036][174]LogBlueprint:Warning: Compiler Warning [0368.67] Compile of PersistentLevel.ThirdPersonExampleMap successful, but with 3 Warning(s) [in 0 ms] (/Game/ThirdPersonBP/Maps/ThirdPersonExampleMap.ThirdPersonExampleMap:PersistentLevel.ThirdPersonExampleMap)
[2017.03.30-12.51.30:215][174]LogBlueprint:Warning: Compiler Warning [0368.85] Compile of PersistentLevel.ThirdPersonExampleMap successful, but with 4 Warning(s) [in 178 ms] (/Game/ThirdPersonBP/Maps/ThirdPersonExampleMap.ThirdPersonExampleMap:PersistentLevel.ThirdPersonExampleMap)
[2017.03.30-12.51.30:216][174]LogBlueprint:Warning: Compiler Warning [0368.85] Compile of PersistentLevel.ThirdPersonExampleMap successful, but with 5 Warning(s) [in 0 ms] (/Game/ThirdPersonBP/Maps/ThirdPersonExampleMap.ThirdPersonExampleMap:PersistentLevel.ThirdPersonExampleMap)
[2017.03.30-12.51.30:216][174]LogBlueprint:Warning: Compiler Warning [0368.85] Compile of PersistentLevel.ThirdPersonExampleMap successful, but with 6 Warning(s) [in 0 ms] (/Game/ThirdPersonBP/Maps/ThirdPersonExampleMap.ThirdPersonExampleMap:PersistentLevel.ThirdPersonExampleMap)
[2017.03.30-12.51.30:803][174]LogSavePackage: Save=778.72ms
[2017.03.30-12.51.30:803][174]LogSavePackage: Moving 'D:/SoulStriker_MainFolder/Soul-Striker-Main/Soul Striker/Saved/ThirdPersonExampleMap4D5EAAA94E54AB696C165EB5F1C8A7CE.tmp' to 'D:/SoulStriker_MainFolder/Soul-Striker-Main/Soul Striker/Content/ThirdPersonBP/Maps/ThirdPersonExampleMap.umap'
[2017.03.30-12.51.30:806][174]LogSavePackage:Display: Finished SavePackage D:/SoulStriker_MainFolder/Soul-Striker-Main/Soul Striker/Content/ThirdPersonBP/Maps/ThirdPersonExampleMap.umap
[2017.03.30-12.51.30:939][174]LogFileHelpers: Saving map 'ThirdPersonExampleMap' took 1.052
[2017.03.30-12.51.30:942][174]Cmd: MAP LOAD FILE="D:/SoulStriker_MainFolder/Soul-Striker-Main/Soul Striker/Content/Maps/Level_1.umap" TEMPLATE=0 SHOWPROGRESS=1 FEATURELEVEL=3
[2017.03.30-12.51.30:942][174]LightingResults: New page: Lighting Build
[2017.03.30-12.51.30:944][174]LoadErrors: New page: Loading map: Level_1.umap
[2017.03.30-12.51.30:953][174]MapCheck: New page: Map Check
[2017.03.30-12.51.30:953][174]LightingResults: New page: Lighting Build
[2017.03.30-12.51.31:227][174]LogEditorServer: Finished looking for orphan Actors (0.000 secs)
[2017.03.30-12.51.31:298][174]Cmd: MAP CHECKDEP NOCLEARLOG
[2017.03.30-12.51.31:482][174]MapCheck: Info Map check complete: 0 Error(s), 0 Warning(s), took 183.948ms to complete.
[2017.03.30-12.51.31:483][174]LogFileHelpers: Loading map 'Level_1' took 0.544
[2017.03.30-12.51.33:474][216]LogBlueprintUserMessages: Early PlayInEditor Detection: Level '/Game/Maps/Level_1.Level_1:PersistentLevel' has LevelScriptBlueprint '/Game/Maps/Level_1.Level_1:PersistentLevel.Level_1' with GeneratedClass '/Game/Maps/Level_1.Level_1_C' with ClassGeneratedBy '/Game/Maps/Level_1.Level_1:PersistentLevel.Level_1'
[2017.03.30-12.51.33:474][216]LogPlayLevel: PlayLevel: No blueprints needed recompiling
[2017.03.30-12.51.33:474][216]PIE: New page: PIE session: Level_1 (Mar 30, 2017, 3:51:33 AM)
[2017.03.30-12.51.33:474][216]LogPlayLevel: Creating play world package: /Game/Maps/UEDPIE_0_Level_1
[2017.03.30-12.51.33:489][216]LogPlayLevel: PIE: StaticDuplicateObject took: (0.014984s)
[2017.03.30-12.51.33:490][216]LogAIModule: Creating AISystem for world Level_1
[2017.03.30-12.51.33:490][216]LogPlayLevel: PIE: World Init took: (0.000590s)
[2017.03.30-12.51.33:490][216]LogPlayLevel: PIE: Created PIE world by copying editor world from /Game/Maps/Level_1.Level_1 to /Game/Maps/UEDPIE_0_Level_1.Level_1 (0.015816s)
[2017.03.30-12.51.33:522][216]LogInit: XAudio2 using 'Speakers (Realtek High Definition Audio)' : 8 channels at 48 kHz using 32 bits per sample (channel mask 0x63f)
[2017.03.30-12.51.33:568][216]LogInit: FAudioDevice initialized.
[2017.03.30-12.51.33:710][216]LogWorld: Game class is 'SoulStrikerCampaign_C'
[2017.03.30-12.51.33:750][216]LogWorld: Bringing World /Game/Maps/UEDPIE_0_Level_1.Level_1 up for play (max tick rate 60) at 2017.03.30-08.51.33
[2017.03.30-12.51.33:759][216]LogWorld: Bringing up level for play took: 0.045363
[2017.03.30-12.51.33:778][216]LogContentBrowser: Native class hierarchy updated for 'MovieSceneCapture' in 0.0015 seconds. Added 11 classes and 0 folders.
[2017.03.30-12.51.33:787][216]PIE: Info Play in editor start time for /Game/Maps/UEDPIE_0_Level_1 -0.335
[2017.03.30-12.51.33:787][216]LogBlueprintUserMessages: Late PlayInEditor Detection: Level '/Game/Maps/Level_1.Level_1:PersistentLevel' has LevelScriptBlueprint '/Game/Maps/Level_1.Level_1:PersistentLevel.Level_1' with GeneratedClass '/Game/Maps/Level_1.Level_1_C' with ClassGeneratedBy '/Game/Maps/Level_1.Level_1:PersistentLevel.Level_1'
[2017.03.30-12.51.44:768][544]LogBlueprintUserMessages: [AI_TurretBullet_C_22] 9.0
[2017.03.30-12.51.44:802][545]LogBlueprintUserMessages: [AI_TurretBullet_C_23] 8.0
[2017.03.30-12.51.44:837][546]LogBlueprintUserMessages: [AI_TurretBullet_C_24] 7.0
[2017.03.30-12.51.44:871][547]LogBlueprintUserMessages: [AI_TurretBullet_C_25] 6.0
[2017.03.30-12.51.44:967][550]LogBlueprintUserMessages: [AI_TurretBullet_C_26] 5.0
[2017.03.30-12.51.45:033][552]LogBlueprintUserMessages: [AI_TurretBullet_C_27] 4.0
[2017.03.30-12.51.45:137][555]LogBlueprintUserMessages: [AI_TurretBullet_C_28] 3.0
[2017.03.30-12.51.48:042][642]LogBlueprintUserMessages: [AI_TurretBullet_C_31] 2.0
[2017.03.30-12.51.51:901][758]LogBlueprintUserMessages: [AI_TurretBullet_C_50] 1.0
[2017.03.30-12.51.51:966][760]LogBlueprintUserMessages: [AI_TurretBullet_C_51] 0.0
[2017.03.30-12.51.52:766][784]LogBlueprintUserMessages: Early EndPlayMap Detection: Level '/Game/Maps/Level_1.Level_1:PersistentLevel' has LevelScriptBlueprint '/Game/Maps/Level_1.Level_1:PersistentLevel.Level_1' with GeneratedClass '/Game/Maps/Level_1.Level_1_C' with ClassGeneratedBy '/Game/Maps/Level_1.Level_1:PersistentLevel.Level_1'
[2017.03.30-12.51.52:846][784]LogBlueprintUserMessages: Late EndPlayMap Detection: Level '/Game/Maps/Level_1.Level_1:PersistentLevel' has LevelScriptBlueprint '/Game/Maps/Level_1.Level_1:PersistentLevel.Level_1' with GeneratedClass '/Game/Maps/Level_1.Level_1_C' with ClassGeneratedBy '/Game/Maps/Level_1.Level_1:PersistentLevel.Level_1'
[2017.03.30-12.51.54:900][843]LogEditorViewport: Clicking on Actor (LMB): AI_Turret_C (AI_Turret)
[2017.03.30-12.51.57:911][917]Cmd: OBJ SAVEPACKAGE PACKAGE="/Game/Maps/Level_1" FILE="D:/SoulStriker_MainFolder/Soul-Striker-Main/Soul Striker/Content/Maps/Level_1.umap" SILENT=true AUTOSAVING=false KEEPDIRTY=false
[2017.03.30-12.51.58:887][917]LogSavePackage: Save=942.40ms
[2017.03.30-12.51.58:887][917]LogSavePackage: Moving 'D:/SoulStriker_MainFolder/Soul-Striker-Main/Soul Striker/Saved/Level_1A7F103BC43F661D65DD06384C932D636.tmp' to 'D:/SoulStriker_MainFolder/Soul-Striker-Main/Soul Striker/Content/Maps/Level_1.umap'
[2017.03.30-12.51.58:888][917]LogSavePackage:Display: Finished SavePackage D:/SoulStriker_MainFolder/Soul-Striker-Main/Soul Striker/Content/Maps/Level_1.umap
[2017.03.30-12.52.03:031][ 13]LogScriptCore:Warning: Attempted to get an item from array CallFunc_GetAllActorsOfClass_OutActors out of bounds [0/0]!

[2017.03.30-12.52.03:031][ 13]LogScript:Warning: Accessed None trying to read property CallFunc_Array_Get_Item
	spiritOrbOG_C /Engine/Transient.World_1:PersistentLevel.spiritOrbOG_C_0
	Function /Game/bluePrints/spiritOrbOG.spiritOrbOG_C:ExecuteUbergraph_spiritOrbOG:011E
[2017.03.30-12.52.03:031][ 13]LogScript:Warning: Attempted to assign to None
	spiritOrbOG_C /Engine/Transient.World_1:PersistentLevel.spiritOrbOG_C_0
	Function /Game/bluePrints/spiritOrbOG.spiritOrbOG_C:ExecuteUbergraph_spiritOrbOG:0133
[2017.03.30-12.52.03:136][ 16]LogScriptCore:Warning: Attempted to get an item from array CallFunc_GetAllActorsOfClass_OutActors out of bounds [0/0]!

[2017.03.30-12.52.03:136][ 16]LogScript:Warning: Accessed None trying to read property CallFunc_Array_Get_Item
	spiritOrbOG_C /Engine/Transient.World_1:PersistentLevel.spiritOrbOG_C_1
	Function /Game/bluePrints/spiritOrbOG.spiritOrbOG_C:ExecuteUbergraph_spiritOrbOG:011E
[2017.03.30-12.52.03:136][ 16]LogScript:Warning: Attempted to assign to None
	spiritOrbOG_C /Engine/Transient.World_1:PersistentLevel.spiritOrbOG_C_1
	Function /Game/bluePrints/spiritOrbOG.spiritOrbOG_C:ExecuteUbergraph_spiritOrbOG:0133
[2017.03.30-12.52.03:228][ 19]LogScriptCore:Warning: Attempted to get an item from array CallFunc_GetAllActorsOfClass_OutActors out of bounds [0/0]!

[2017.03.30-12.52.03:229][ 19]LogScript:Warning: Accessed None trying to read property CallFunc_Array_Get_Item
	spiritOrbOG_C /Engine/Transient.World_1:PersistentLevel.spiritOrbOG_C_2
	Function /Game/bluePrints/spiritOrbOG.spiritOrbOG_C:ExecuteUbergraph_spiritOrbOG:011E
[2017.03.30-12.52.03:229][ 19]LogScript:Warning: Attempted to assign to None
	spiritOrbOG_C /Engine/Transient.World_1:PersistentLevel.spiritOrbOG_C_2
	Function /Game/bluePrints/spiritOrbOG.spiritOrbOG_C:ExecuteUbergraph_spiritOrbOG:0133
[2017.03.30-12.52.03:329][ 22]LogScriptCore:Warning: Attempted to get an item from array CallFunc_GetAllActorsOfClass_OutActors out of bounds [0/0]!

[2017.03.30-12.52.03:329][ 22]LogScript:Warning: Accessed None trying to read property CallFunc_Array_Get_Item
	spiritOrbOG_C /Engine/Transient.World_1:PersistentLevel.spiritOrbOG_C_3
	Function /Game/bluePrints/spiritOrbOG.spiritOrbOG_C:ExecuteUbergraph_spiritOrbOG:011E
[2017.03.30-12.52.03:330][ 22]LogScript:Warning: Attempted to assign to None
	spiritOrbOG_C /Engine/Transient.World_1:PersistentLevel.spiritOrbOG_C_3
	Function /Game/bluePrints/spiritOrbOG.spiritOrbOG_C:ExecuteUbergraph_spiritOrbOG:0133
[2017.03.30-12.52.03:716][ 25]LogScriptCore:Warning: Attempted to get an item from array CallFunc_GetAllActorsOfClass_OutActors out of bounds [0/0]!

[2017.03.30-12.52.03:716][ 25]LogScript:Warning: Accessed None trying to read property CallFunc_Array_Get_Item
	spiritOrbOG_C /Engine/Transient.World_1:PersistentLevel.spiritOrbOG_C_4
	Function /Game/bluePrints/spiritOrbOG.spiritOrbOG_C:ExecuteUbergraph_spiritOrbOG:011E
[2017.03.30-12.52.03:716][ 25]LogScript:Warning: Attempted to assign to None
	spiritOrbOG_C /Engine/Transient.World_1:PersistentLevel.spiritOrbOG_C_4
	Function /Game/bluePrints/spiritOrbOG.spiritOrbOG_C:ExecuteUbergraph_spiritOrbOG:0133
[2017.03.30-12.52.04:037][ 28]LogScriptCore:Warning: Attempted to get an item from array CallFunc_GetAllActorsOfClass_OutActors out of bounds [0/0]!

[2017.03.30-12.52.04:038][ 28]LogScript:Warning: Accessed None trying to read property CallFunc_Array_Get_Item
	spiritOrbOG_C /Engine/Transient.World_1:PersistentLevel.spiritOrbOG_C_5
	Function /Game/bluePrints/spiritOrbOG.spiritOrbOG_C:ExecuteUbergraph_spiritOrbOG:011E
[2017.03.30-12.52.04:038][ 28]LogScript:Warning: Attempted to assign to None
	spiritOrbOG_C /Engine/Transient.World_1:PersistentLevel.spiritOrbOG_C_5
	Function /Game/bluePrints/spiritOrbOG.spiritOrbOG_C:ExecuteUbergraph_spiritOrbOG:0133
[2017.03.30-12.52.04:468][ 31]LogScriptCore:Warning: Attempted to get an item from array CallFunc_GetAllActorsOfClass_OutActors out of bounds [0/0]!

[2017.03.30-12.52.04:468][ 31]LogScript:Warning: Accessed None trying to read property CallFunc_Array_Get_Item
	spiritOrbOG_C /Engine/Transient.World_1:PersistentLevel.spiritOrbOG_C_6
	Function /Game/bluePrints/spiritOrbOG.spiritOrbOG_C:ExecuteUbergraph_spiritOrbOG:011E
[2017.03.30-12.52.04:468][ 31]LogScript:Warning: Attempted to assign to None
	spiritOrbOG_C /Engine/Transient.World_1:PersistentLevel.spiritOrbOG_C_6
	Function /Game/bluePrints/spiritOrbOG.spiritOrbOG_C:ExecuteUbergraph_spiritOrbOG:0133
[2017.03.30-12.52.04:915][ 34]LogScriptCore:Warning: Attempted to get an item from array CallFunc_GetAllActorsOfClass_OutActors out of bounds [0/0]!

[2017.03.30-12.52.04:915][ 34]LogScript:Warning: Accessed None trying to read property CallFunc_Array_Get_Item
	spiritOrbOG_C /Engine/Transient.World_1:PersistentLevel.spiritOrbOG_C_7
	Function /Game/bluePrints/spiritOrbOG.spiritOrbOG_C:ExecuteUbergraph_spiritOrbOG:011E
[2017.03.30-12.52.04:915][ 34]LogScript:Warning: Attempted to assign to None
	spiritOrbOG_C /Engine/Transient.World_1:PersistentLevel.spiritOrbOG_C_7
	Function /Game/bluePrints/spiritOrbOG.spiritOrbOG_C:ExecuteUbergraph_spiritOrbOG:0133
[2017.03.30-12.52.05:404][ 37]LogScriptCore:Warning: Attempted to get an item from array CallFunc_GetAllActorsOfClass_OutActors out of bounds [0/0]!

[2017.03.30-12.52.05:404][ 37]LogScript:Warning: Accessed None trying to read property CallFunc_Array_Get_Item
	spiritOrbOG_C /Engine/Transient.World_1:PersistentLevel.spiritOrbOG_C_8
	Function /Game/bluePrints/spiritOrbOG.spiritOrbOG_C:ExecuteUbergraph_spiritOrbOG:011E
[2017.03.30-12.52.05:404][ 37]LogScript:Warning: Attempted to assign to None
	spiritOrbOG_C /Engine/Transient.World_1:PersistentLevel.spiritOrbOG_C_8
	Function /Game/bluePrints/spiritOrbOG.spiritOrbOG_C:ExecuteUbergraph_spiritOrbOG:0133
[2017.03.30-12.52.05:981][ 40]LogScriptCore:Warning: Attempted to get an item from array CallFunc_GetAllActorsOfClass_OutActors out of bounds [0/0]!

[2017.03.30-12.52.05:981][ 40]LogScript:Warning: Accessed None trying to read property CallFunc_Array_Get_Item
	spiritOrbOG_C /Engine/Transient.World_1:PersistentLevel.spiritOrbOG_C_9
	Function /Game/bluePrints/spiritOrbOG.spiritOrbOG_C:ExecuteUbergraph_spiritOrbOG:011E
[2017.03.30-12.52.05:981][ 40]LogScript:Warning: Attempted to assign to None
	spiritOrbOG_C /Engine/Transient.World_1:PersistentLevel.spiritOrbOG_C_9
	Function /Game/bluePrints/spiritOrbOG.spiritOrbOG_C:ExecuteUbergraph_spiritOrbOG:0133
[2017.03.30-12.52.06:400][ 43]LogScriptCore:Warning: Attempted to get an item from array CallFunc_GetAllActorsOfClass_OutActors out of bounds [0/0]!

[2017.03.30-12.52.06:400][ 43]LogScript:Warning: Accessed None trying to read property CallFunc_Array_Get_Item
	spiritOrbOG_C /Engine/Transient.World_1:PersistentLevel.spiritOrbOG_C_10
	Function /Game/bluePrints/spiritOrbOG.spiritOrbOG_C:ExecuteUbergraph_spiritOrbOG:011E
[2017.03.30-12.52.06:400][ 43]LogScript:Warning: Attempted to assign to None
	spiritOrbOG_C /Engine/Transient.World_1:PersistentLevel.spiritOrbOG_C_10
	Function /Game/bluePrints/spiritOrbOG.spiritOrbOG_C:ExecuteUbergraph_spiritOrbOG:0133
[2017.03.30-12.52.06:844][ 46]LogScriptCore:Warning: Attempted to get an item from array CallFunc_GetAllActorsOfClass_OutActors out of bounds [0/0]!

[2017.03.30-12.52.06:844][ 46]LogScript:Warning: Accessed None trying to read property CallFunc_Array_Get_Item
	spiritOrbOG_C /Engine/Transient.World_1:PersistentLevel.spiritOrbOG_C_11
	Function /Game/bluePrints/spiritOrbOG.spiritOrbOG_C:ExecuteUbergraph_spiritOrbOG:011E
[2017.03.30-12.52.06:845][ 46]LogScript:Warning: Attempted to assign to None
	spiritOrbOG_C /Engine/Transient.World_1:PersistentLevel.spiritOrbOG_C_11
	Function /Game/bluePrints/spiritOrbOG.spiritOrbOG_C:ExecuteUbergraph_spiritOrbOG:0133
[2017.03.30-12.52.07:526][ 50]LogScriptCore:Warning: Attempted to get an item from array CallFunc_GetAllActorsOfClass_OutActors out of bounds [0/0]!

[2017.03.30-12.52.07:526][ 50]LogScript:Warning: Accessed None trying to read property CallFunc_Array_Get_Item
	spiritOrbOG_C /Engine/Transient.World_1:PersistentLevel.spiritOrbOG_C_12
	Function /Game/bluePrints/spiritOrbOG.spiritOrbOG_C:ExecuteUbergraph_spiritOrbOG:011E
[2017.03.30-12.52.07:526][ 50]LogScript:Warning: Attempted to assign to None
	spiritOrbOG_C /Engine/Transient.World_1:PersistentLevel.spiritOrbOG_C_12
	Function /Game/bluePrints/spiritOrbOG.spiritOrbOG_C:ExecuteUbergraph_spiritOrbOG:0133
[2017.03.30-12.52.07:983][ 53]LogScriptCore:Warning: Attempted to get an item from array CallFunc_GetAllActorsOfClass_OutActors out of bounds [0/0]!

[2017.03.30-12.52.07:983][ 53]LogScript:Warning: Accessed None trying to read property CallFunc_Array_Get_Item
	spiritOrbOG_C /Engine/Transient.World_1:PersistentLevel.spiritOrbOG_C_13
	Function /Game/bluePrints/spiritOrbOG.spiritOrbOG_C:ExecuteUbergraph_spiritOrbOG:011E
[2017.03.30-12.52.07:983][ 53]LogScript:Warning: Attempted to assign to None
	spiritOrbOG_C /Engine/Transient.World_1:PersistentLevel.spiritOrbOG_C_13
	Function /Game/bluePrints/spiritOrbOG.spiritOrbOG_C:ExecuteUbergraph_spiritOrbOG:0133
[2017.03.30-12.52.08:341][ 56]LogScriptCore:Warning: Attempted to get an item from array CallFunc_GetAllActorsOfClass_OutActors out of bounds [0/0]!

[2017.03.30-12.52.08:341][ 56]LogScript:Warning: Accessed None trying to read property CallFunc_Array_Get_Item
	spiritOrbOG_C /Engine/Transient.World_1:PersistentLevel.spiritOrbOG_C_14
	Function /Game/bluePrints/spiritOrbOG.spiritOrbOG_C:ExecuteUbergraph_spiritOrbOG:011E
[2017.03.30-12.52.08:341][ 56]LogScript:Warning: Attempted to assign to None
	spiritOrbOG_C /Engine/Transient.World_1:PersistentLevel.spiritOrbOG_C_14
	Function /Game/bluePrints/spiritOrbOG.spiritOrbOG_C:ExecuteUbergraph_spiritOrbOG:0133
[2017.03.30-12.52.08:861][ 59]LogScriptCore:Warning: Attempted to get an item from array CallFunc_GetAllActorsOfClass_OutActors out of bounds [0/0]!

[2017.03.30-12.52.08:861][ 59]LogScript:Warning: Accessed None trying to read property CallFunc_Array_Get_Item
	spiritOrbOG_C /Engine/Transient.World_1:PersistentLevel.spiritOrbOG_C_15
	Function /Game/bluePrints/spiritOrbOG.spiritOrbOG_C:ExecuteUbergraph_spiritOrbOG:011E
[2017.03.30-12.52.08:862][ 59]LogScript:Warning: Attempted to assign to None
	spiritOrbOG_C /Engine/Transient.World_1:PersistentLevel.spiritOrbOG_C_15
	Function /Game/bluePrints/spiritOrbOG.spiritOrbOG_C:ExecuteUbergraph_spiritOrbOG:0133
[2017.03.30-12.52.09:162][ 62]LogScriptCore:Warning: Attempted to get an item from array CallFunc_GetAllActorsOfClass_OutActors out of bounds [0/0]!

[2017.03.30-12.52.09:162][ 62]LogScript:Warning: Accessed None trying to read property CallFunc_Array_Get_Item
	spiritOrbOG_C /Engine/Transient.World_1:PersistentLevel.spiritOrbOG_C_16
	Function /Game/bluePrints/spiritOrbOG.spiritOrbOG_C:ExecuteUbergraph_spiritOrbOG:011E
[2017.03.30-12.52.09:162][ 62]LogScript:Warning: Attempted to assign to None
	spiritOrbOG_C /Engine/Transient.World_1:PersistentLevel.spiritOrbOG_C_16
	Function /Game/bluePrints/spiritOrbOG.spiritOrbOG_C:ExecuteUbergraph_spiritOrbOG:0133
[2017.03.30-12.52.09:535][ 65]LogScriptCore:Warning: Attempted to get an item from array CallFunc_GetAllActorsOfClass_OutActors out of bounds [0/0]!

[2017.03.30-12.52.09:535][ 65]LogScript:Warning: Accessed None trying to read property CallFunc_Array_Get_Item
	spiritOrbOG_C /Engine/Transient.World_1:PersistentLevel.spiritOrbOG_C_17
	Function /Game/bluePrints/spiritOrbOG.spiritOrbOG_C:ExecuteUbergraph_spiritOrbOG:011E
[2017.03.30-12.52.09:535][ 65]LogScript:Warning: Attempted to assign to None
	spiritOrbOG_C /Engine/Transient.World_1:PersistentLevel.spiritOrbOG_C_17
	Function /Game/bluePrints/spiritOrbOG.spiritOrbOG_C:ExecuteUbergraph_spiritOrbOG:0133
[2017.03.30-12.52.10:065][ 68]LogScriptCore:Warning: Attempted to get an item from array CallFunc_GetAllActorsOfClass_OutActors out of bounds [0/0]!

[2017.03.30-12.52.10:065][ 68]LogScript:Warning: Accessed None trying to read property CallFunc_Array_Get_Item
	spiritOrbOG_C /Engine/Transient.World_1:PersistentLevel.spiritOrbOG_C_18
	Function /Game/bluePrints/spiritOrbOG.spiritOrbOG_C:ExecuteUbergraph_spiritOrbOG:011E
[2017.03.30-12.52.10:065][ 68]LogScript:Warning: Attempted to assign to None
	spiritOrbOG_C /Engine/Transient.World_1:PersistentLevel.spiritOrbOG_C_18
	Function /Game/bluePrints/spiritOrbOG.spiritOrbOG_C:ExecuteUbergraph_spiritOrbOG:0133
[2017.03.30-12.52.10:702][ 71]LogScriptCore:Warning: Attempted to get an item from array CallFunc_GetAllActorsOfClass_OutActors out of bounds [0/0]!

[2017.03.30-12.52.10:703][ 71]LogScript:Warning: Accessed None trying to read property CallFunc_Array_Get_Item
	spiritOrbOG_C /Engine/Transient.World_1:PersistentLevel.spiritOrbOG_C_19
	Function /Game/bluePrints/spiritOrbOG.spiritOrbOG_C:ExecuteUbergraph_spiritOrbOG:011E
[2017.03.30-12.52.10:703][ 71]LogScript:Warning: Attempted to assign to None
	spiritOrbOG_C /Engine/Transient.World_1:PersistentLevel.spiritOrbOG_C_19
	Function /Game/bluePrints/spiritOrbOG.spiritOrbOG_C:ExecuteUbergraph_spiritOrbOG:0133
[2017.03.30-12.52.11:051][ 74]LogScriptCore:Warning: Attempted to get an item from array CallFunc_GetAllActorsOfClass_OutActors out of bounds [0/0]!

[2017.03.30-12.52.11:052][ 74]LogScript:Warning: Accessed None trying to read property CallFunc_Array_Get_Item
	spiritOrbOG_C /Engine/Transient.World_1:PersistentLevel.spiritOrbOG_C_20
	Function /Game/bluePrints/spiritOrbOG.spiritOrbOG_C:ExecuteUbergraph_spiritOrbOG:011E
[2017.03.30-12.52.11:052][ 74]LogScript:Warning: Attempted to assign to None
	spiritOrbOG_C /Engine/Transient.World_1:PersistentLevel.spiritOrbOG_C_20
	Function /Game/bluePrints/spiritOrbOG.spiritOrbOG_C:ExecuteUbergraph_spiritOrbOG:0133
[2017.03.30-12.52.11:501][ 77]LogScriptCore:Warning: Attempted to get an item from array CallFunc_GetAllActorsOfClass_OutActors out of bounds [0/0]!

[2017.03.30-12.52.11:502][ 77]LogScript:Warning: Accessed None trying to read property CallFunc_Array_Get_Item
	spiritOrbOG_C /Engine/Transient.World_1:PersistentLevel.spiritOrbOG_C_21
	Function /Game/bluePrints/spiritOrbOG.spiritOrbOG_C:ExecuteUbergraph_spiritOrbOG:011E
[2017.03.30-12.52.11:502][ 77]LogScript:Warning: Attempted to assign to None
	spiritOrbOG_C /Engine/Transient.World_1:PersistentLevel.spiritOrbOG_C_21
	Function /Game/bluePrints/spiritOrbOG.spiritOrbOG_C:ExecuteUbergraph_spiritOrbOG:0133
[2017.03.30-12.52.12:852][ 95]LogScriptCore:Warning: Attempted to get an item from array CallFunc_GetAllActorsOfClass_OutActors out of bounds [0/0]!

[2017.03.30-12.52.12:852][ 95]LogScript:Warning: Accessed None trying to read property CallFunc_Array_Get_Item
	spiritOrbOG_C /Engine/Transient.World_1:PersistentLevel.spiritOrbOG_C_22
	Function /Game/bluePrints/spiritOrbOG.spiritOrbOG_C:ExecuteUbergraph_spiritOrbOG:011E
[2017.03.30-12.52.12:852][ 95]LogScript:Warning: Attempted to assign to None
	spiritOrbOG_C /Engine/Transient.World_1:PersistentLevel.spiritOrbOG_C_22
	Function /Game/bluePrints/spiritOrbOG.spiritOrbOG_C:ExecuteUbergraph_spiritOrbOG:0133
[2017.03.30-12.53.08:343][533]Cmd: OBJ SAVEPACKAGE PACKAGE="/Game/bluePrints/AI_Turret/AI_Turret" FILE="D:/SoulStriker_MainFolder/Soul-Striker-Main/Soul Striker/Content/bluePrints/AI_Turret/AI_Turret.uasset" SILENT=true
[2017.03.30-12.53.08:471][533]LogSavePackage: Save=96.15ms
[2017.03.30-12.53.08:472][533]LogSavePackage: Moving 'D:/SoulStriker_MainFolder/Soul-Striker-Main/Soul Striker/Saved/AI_Turret4D13A36E4F94280C5902F1A4EBFD725C.tmp' to 'D:/SoulStriker_MainFolder/Soul-Striker-Main/Soul Striker/Content/bluePrints/AI_Turret/AI_Turret.uasset'
[2017.03.30-12.53.08:472][533]LogSavePackage:Display: Finished SavePackage D:/SoulStriker_MainFolder/Soul-Striker-Main/Soul Striker/Content/bluePrints/AI_Turret/AI_Turret.uasset
[2017.03.30-12.54.46:780][514]Cmd: OBJ SAVEPACKAGE PACKAGE="/Game/bluePrints/AI_Turret/AI_Turret" FILE="D:/SoulStriker_MainFolder/Soul-Striker-Main/Soul Striker/Content/bluePrints/AI_Turret/AI_Turret.uasset" SILENT=true
[2017.03.30-12.54.46:865][514]LogSavePackage: Save=62.94ms
[2017.03.30-12.54.46:865][514]LogSavePackage: Moving 'D:/SoulStriker_MainFolder/Soul-Striker-Main/Soul Striker/Saved/AI_Turret84521D2F403DA84AE6178398935F8373.tmp' to 'D:/SoulStriker_MainFolder/Soul-Striker-Main/Soul Striker/Content/bluePrints/AI_Turret/AI_Turret.uasset'
[2017.03.30-12.54.46:866][514]LogSavePackage:Display: Finished SavePackage D:/SoulStriker_MainFolder/Soul-Striker-Main/Soul Striker/Content/bluePrints/AI_Turret/AI_Turret.uasset
[2017.03.30-12.58.09:884][129]LogFactory: FactoryCreateFile: StaticMesh with FbxFactory (0 0 D:/Paladin_1/scenes/turret_top.fbx)
[2017.03.30-12.58.09:919][129]LogFbx: ItemName: GlobalSettings, ItemCount : 1
[2017.03.30-12.58.09:919][129]LogFbx: ItemName: AnimationStack, ItemCount : 1
[2017.03.30-12.58.09:919][129]LogFbx: ItemName: AnimationLayer, ItemCount : 1
[2017.03.30-12.58.09:919][129]LogFbx: ItemName: NodeAttribute, ItemCount : 9
[2017.03.30-12.58.09:919][129]LogFbx: ItemName: Model, ItemCount : 10
[2017.03.30-12.58.09:919][129]LogFbx: ItemName: Material, ItemCount : 1
[2017.03.30-12.58.09:919][129]LogFbx: ItemName: Geometry, ItemCount : 1
[2017.03.30-12.58.09:919][129]LogFbx: ItemName: AnimationCurveNode, ItemCount : 3
[2017.03.30-12.58.09:919][129]LogFbx: ItemName: Pose, ItemCount : 1
[2017.03.30-12.58.09:919][129]LogFbx: ItemName: Deformer, ItemCount : 3
[2017.03.30-12.58.09:925][129]LogFbx: Loading FBX Scene from D:/Paladin_1/scenes/turret_top.fbx
[2017.03.30-12.58.09:935][129]LogFbx: FBX Scene Loaded Succesfully
[2017.03.30-12.58.18:877][129]LogFbx: Loading FBX Scene from D:/Paladin_1/scenes/turret_top.fbx
[2017.03.30-12.58.18:886][129]LogFbx: FBX Scene Loaded Succesfully
[2017.03.30-12.58.18:889][129]LogFbx: =================================================
[2017.03.30-12.58.18:889][129]LogFbx: Dumping Node START [polySurface1] 
[2017.03.30-12.58.18:889][129]LogFbx: 	Total Deformer Count -1346421056.
[2017.03.30-12.58.18:889][129]LogFbx: 		[Node 1]  (Type Skin).
[2017.03.30-12.58.18:889][129]LogFbx: =================================================
[2017.03.30-12.58.18:889][129]LogFbx: 	Attribute () Type (4).
[2017.03.30-12.58.18:889][129]LogFbx: 		[Node Attribute Child 1] polySurface1 (Type Mesh).
[2017.03.30-12.58.18:889][129]LogFbx: Dumping Node END [polySurface1]
[2017.03.30-12.58.18:889][129]LogFbx: =================================================
[2017.03.30-12.58.18:889][129]LogFbx: Dumping Node START [polySurface1] 
[2017.03.30-12.58.18:889][129]LogFbx: 	Total Deformer Count -1346421056.
[2017.03.30-12.58.18:889][129]LogFbx: 		[Node 1]  (Type Skin).
[2017.03.30-12.58.18:889][129]LogFbx: =================================================
[2017.03.30-12.58.18:889][129]LogFbx: 	Attribute () Type (4).
[2017.03.30-12.58.18:889][129]LogFbx: 		[Node Attribute Child 1] polySurface1 (Type Mesh).
[2017.03.30-12.58.18:889][129]LogFbx: Dumping Node END [polySurface1]
[2017.03.30-12.58.18:889][129]LogFbx: =================================================
[2017.03.30-12.58.18:889][129]LogFbx: Dumping Node START [polySurface1] 
[2017.03.30-12.58.18:889][129]LogFbx: 	Total Deformer Count -1346421056.
[2017.03.30-12.58.18:889][129]LogFbx: 		[Node 1]  (Type Skin).
[2017.03.30-12.58.18:889][129]LogFbx: =================================================
[2017.03.30-12.58.18:889][129]LogFbx: 	Attribute () Type (4).
[2017.03.30-12.58.18:889][129]LogFbx: 		[Node Attribute Child 1] polySurface1 (Type Mesh).
[2017.03.30-12.58.18:889][129]LogFbx: Dumping Node END [polySurface1]
[2017.03.30-12.58.18:890][129]LogFbx: Valid bind pose for Pose (skinCluster1) - polySurface1
[2017.03.30-12.58.18:891][129]LogFbx:Warning: Bones digested - 3  Depth of hierarchy - 3
[2017.03.30-12.58.18:896][129]LogSkeletalMesh: Chunk 0: 130 rigid vertices, 92 soft vertices, 2 active bones
[2017.03.30-12.58.18:897][129]LogSkeletalMesh: Section 0: Material=0, Chunk=0, 256 triangles
[2017.03.30-12.58.18:899][129]LogFbx: =================================================
[2017.03.30-12.58.18:899][129]LogFbx: Dumping Node START [polySurface1] 
[2017.03.30-12.58.18:899][129]LogFbx: 	Total Deformer Count 162581696.
[2017.03.30-12.58.18:899][129]LogFbx: 		[Node 1]  (Type Skin).
[2017.03.30-12.58.18:899][129]LogFbx: =================================================
[2017.03.30-12.58.18:899][129]LogFbx: 	Attribute () Type (4).
[2017.03.30-12.58.18:899][129]LogFbx: 		[Node Attribute Child 1] polySurface1 (Type Mesh).
[2017.03.30-12.58.18:899][129]LogFbx: Dumping Node END [polySurface1]
[2017.03.30-12.58.18:900][129]LogFbx: =================================================
[2017.03.30-12.58.18:900][129]LogFbx: Dumping Node START [polySurface1] 
[2017.03.30-12.58.18:900][129]LogFbx: 	Total Deformer Count 162581696.
[2017.03.30-12.58.18:900][129]LogFbx: 		[Node 1]  (Type Skin).
[2017.03.30-12.58.18:900][129]LogFbx: =================================================
[2017.03.30-12.58.18:900][129]LogFbx: 	Attribute () Type (4).
[2017.03.30-12.58.18:900][129]LogFbx: 		[Node Attribute Child 1] polySurface1 (Type Mesh).
[2017.03.30-12.58.18:900][129]LogFbx: Dumping Node END [polySurface1]
[2017.03.30-12.58.18:900][129]LogFbx: =================================================
[2017.03.30-12.58.18:900][129]LogFbx: Dumping Node START [polySurface1] 
[2017.03.30-12.58.18:900][129]LogFbx: 	Total Deformer Count 162581696.
[2017.03.30-12.58.18:900][129]LogFbx: 		[Node 1]  (Type Skin).
[2017.03.30-12.58.18:900][129]LogFbx: =================================================
[2017.03.30-12.58.18:900][129]LogFbx: 	Attribute () Type (4).
[2017.03.30-12.58.18:900][129]LogFbx: 		[Node Attribute Child 1] polySurface1 (Type Mesh).
[2017.03.30-12.58.18:900][129]LogFbx: Dumping Node END [polySurface1]
[2017.03.30-12.58.18:900][129]LogFbx: SortedLinks :(0) joint1
[2017.03.30-12.58.18:900][129]LogFbx: SortedLinks :(1) joint2
[2017.03.30-12.58.18:900][129]LogFbx: SortedLinks :(2) joint3
[2017.03.30-12.58.18:900][129]LogFbx: Parsing AnimStack Take 001
[2017.03.30-12.58.18:934][129]LogAnimationCompression: Building Anim DDC data for AnimSequence /Game/bluePrints/AI_Turret/turret_top_Anim.turret_top_Anim
[2017.03.30-12.58.27:691][172]Cmd: OBJ SAVEPACKAGE PACKAGE="/Game/bluePrints/AI_Turret/turret_top" FILE="D:/SoulStriker_MainFolder/Soul-Striker-Main/Soul Striker/Content/bluePrints/AI_Turret/turret_top.uasset" SILENT=true
[2017.03.30-12.58.27:715][172]LogSavePackage: Save=13.71ms
[2017.03.30-12.58.27:715][172]LogSavePackage: Moving 'D:/SoulStriker_MainFolder/Soul-Striker-Main/Soul Striker/Saved/turret_top748079CB4AFFD71532ACC78C9EBF914A.tmp' to 'D:/SoulStriker_MainFolder/Soul-Striker-Main/Soul Striker/Content/bluePrints/AI_Turret/turret_top.uasset'
[2017.03.30-12.58.27:716][172]LogSavePackage:Display: Finished SavePackage D:/SoulStriker_MainFolder/Soul-Striker-Main/Soul Striker/Content/bluePrints/AI_Turret/turret_top.uasset
[2017.03.30-12.58.27:719][172]Cmd: OBJ SAVEPACKAGE PACKAGE="/Game/bluePrints/AI_Turret/turret_top_Anim" FILE="D:/SoulStriker_MainFolder/Soul-Striker-Main/Soul Striker/Content/bluePrints/AI_Turret/turret_top_Anim.uasset" SILENT=true
[2017.03.30-12.58.27:736][172]LogSavePackage: Save=4.81ms
[2017.03.30-12.58.27:736][172]LogSavePackage: Moving 'D:/SoulStriker_MainFolder/Soul-Striker-Main/Soul Striker/Saved/turret_top_AnimF19BB89F4BF99EA40B0B3BAB70ABF8B7.tmp' to 'D:/SoulStriker_MainFolder/Soul-Striker-Main/Soul Striker/Content/bluePrints/AI_Turret/turret_top_Anim.uasset'
[2017.03.30-12.58.27:737][172]LogSavePackage:Display: Finished SavePackage D:/SoulStriker_MainFolder/Soul-Striker-Main/Soul Striker/Content/bluePrints/AI_Turret/turret_top_Anim.uasset
[2017.03.30-12.59.07:659][474]BlueprintLog: New page: Compile AI_Turret
[2017.03.30-12.59.07:691][474]LogBlueprint:Error: Compiler Error This blueprint (self) is not a SceneComponent, therefore ' Target ' must have a connection.
[2017.03.30-12.59.07:691][474]LogBlueprint:Error: Compiler Error This blueprint (self) is not a SceneComponent, therefore ' Target ' must have a connection.
[2017.03.30-12.59.07:691][474]LogBlueprint:Error: Compiler Error This blueprint (self) is not a SceneComponent, therefore ' Target ' must have a connection.
[2017.03.30-12.59.07:691][474]LogBlueprint:Error: Compiler Error This blueprint (self) is not a SceneComponent, therefore ' Target ' must have a connection.
[2017.03.30-12.59.07:691][474]LogBlueprint:Error: Compiler Error This blueprint (self) is not a SceneComponent, therefore ' Target ' must have a connection.
[2017.03.30-12.59.08:284][474]LogBlueprint:Warning: Compiler Warning [0826.92] Compile of AI_Turret failed. 5 Fatal Issue(s) 0 Warning(s) [in 624 ms] (/Game/bluePrints/AI_Turret/AI_Turret.AI_Turret)
[2017.03.30-12.59.08:284][474]BlueprintEditorCompileResults:Error: Error This blueprint (self) is not a SceneComponent, therefore ' Target ' must have a connection.
[2017.03.30-12.59.08:284][474]BlueprintEditorCompileResults:Error: Error This blueprint (self) is not a SceneComponent, therefore ' Target ' must have a connection.
[2017.03.30-12.59.08:284][474]BlueprintEditorCompileResults:Error: Error This blueprint (self) is not a SceneComponent, therefore ' Target ' must have a connection.
[2017.03.30-12.59.08:284][474]BlueprintEditorCompileResults:Error: Error This blueprint (self) is not a SceneComponent, therefore ' Target ' must have a connection.
[2017.03.30-12.59.08:284][474]BlueprintEditorCompileResults:Error: Error This blueprint (self) is not a SceneComponent, therefore ' Target ' must have a connection.
[2017.03.30-12.59.08:284][474]BlueprintEditorCompileResults:Warning: Warning [0826.92] Compile of AI_Turret failed. 5 Fatal Issue(s) 0 Warning(s) [in 624 ms] (/Game/bluePrints/AI_Turret/AI_Turret.AI_Turret)
[2017.03.30-13.00.07:761][189]BlueprintLog: New page: Compile AI_Turret
[2017.03.30-13.00.07:902][189]BlueprintEditorCompileResults: Info [0886.53] Compile of AI_Turret successful! [in 141 ms] (/Game/bluePrints/AI_Turret/AI_Turret.AI_Turret)
[2017.03.30-13.00.09:186][207]Cmd: OBJ SAVEPACKAGE PACKAGE="/Game/bluePrints/AI_Turret/AI_Turret" FILE="D:/SoulStriker_MainFolder/Soul-Striker-Main/Soul Striker/Content/bluePrints/AI_Turret/AI_Turret.uasset" SILENT=true
[2017.03.30-13.00.09:265][207]LogSavePackage: Save=70.48ms
[2017.03.30-13.00.09:265][207]LogSavePackage: Moving 'D:/SoulStriker_MainFolder/Soul-Striker-Main/Soul Striker/Saved/AI_TurretF608728443F158CF5D3C978D4F14D5EA.tmp' to 'D:/SoulStriker_MainFolder/Soul-Striker-Main/Soul Striker/Content/bluePrints/AI_Turret/AI_Turret.uasset'
[2017.03.30-13.00.09:266][207]LogSavePackage:Display: Finished SavePackage D:/SoulStriker_MainFolder/Soul-Striker-Main/Soul Striker/Content/bluePrints/AI_Turret/AI_Turret.uasset
[2017.03.30-13.00.15:712][292]LogSkeletalMesh: InitArticulated: Bodies already created (/Engine/Transient.DebugSkelMeshComponent_1) - call TermArticulated first.
[2017.03.30-13.00.31:060][436]LogBlueprintUserMessages: Early PlayInEditor Detection: Level '/Game/Maps/Level_1.Level_1:PersistentLevel' has LevelScriptBlueprint '/Game/Maps/Level_1.Level_1:PersistentLevel.Level_1' with GeneratedClass '/Game/Maps/Level_1.Level_1_C' with ClassGeneratedBy '/Game/Maps/Level_1.Level_1:PersistentLevel.Level_1'
[2017.03.30-13.00.31:060][436]LogPlayLevel: PlayLevel: No blueprints needed recompiling
[2017.03.30-13.00.31:060][436]PIE: New page: PIE session: Level_1 (Mar 30, 2017, 4:00:31 AM)
[2017.03.30-13.00.31:060][436]LogPlayLevel: Creating play world package: /Game/Maps/UEDPIE_0_Level_1
[2017.03.30-13.00.31:075][436]LogPlayLevel: PIE: StaticDuplicateObject took: (0.014809s)
[2017.03.30-13.00.31:075][436]LogAIModule: Creating AISystem for world Level_1
[2017.03.30-13.00.31:075][436]LogPlayLevel: PIE: World Init took: (0.000533s)
[2017.03.30-13.00.31:076][436]LogPlayLevel: PIE: Created PIE world by copying editor world from /Game/Maps/Level_1.Level_1 to /Game/Maps/UEDPIE_0_Level_1.Level_1 (0.015568s)
[2017.03.30-13.00.31:130][436]LogInit: XAudio2 using 'Speakers (Realtek High Definition Audio)' : 8 channels at 48 kHz using 32 bits per sample (channel mask 0x63f)
[2017.03.30-13.00.31:243][436]LogInit: FAudioDevice initialized.
[2017.03.30-13.00.31:364][436]LogWorld: Game class is 'SoulStrikerCampaign_C'
[2017.03.30-13.00.31:406][436]LogWorld: Bringing World /Game/Maps/UEDPIE_0_Level_1.Level_1 up for play (max tick rate 0) at 2017.03.30-09.00.31
[2017.03.30-13.00.31:414][436]LogWorld: Bringing up level for play took: 0.046370
[2017.03.30-13.00.31:430][436]PIE: Info Play in editor start time for /Game/Maps/UEDPIE_0_Level_1 1.308
[2017.03.30-13.00.31:431][436]LogBlueprintUserMessages: Late PlayInEditor Detection: Level '/Game/Maps/Level_1.Level_1:PersistentLevel' has LevelScriptBlueprint '/Game/Maps/Level_1.Level_1:PersistentLevel.Level_1' with GeneratedClass '/Game/Maps/Level_1.Level_1_C' with ClassGeneratedBy '/Game/Maps/Level_1.Level_1:PersistentLevel.Level_1'
[2017.03.30-13.00.37:037][604]LogBlueprintUserMessages: [AI_TurretBullet_C_1] 9.0
[2017.03.30-13.00.46:036][874]LogBlueprintUserMessages: [AI_TurretBullet_C_40] 8.0
[2017.03.30-13.00.58:667][253]LogBlueprintUserMessages: Early EndPlayMap Detection: Level '/Game/Maps/Level_1.Level_1:PersistentLevel' has LevelScriptBlueprint '/Game/Maps/Level_1.Level_1:PersistentLevel.Level_1' with GeneratedClass '/Game/Maps/Level_1.Level_1_C' with ClassGeneratedBy '/Game/Maps/Level_1.Level_1:PersistentLevel.Level_1'
[2017.03.30-13.00.58:784][253]LogBlueprintUserMessages: Late EndPlayMap Detection: Level '/Game/Maps/Level_1.Level_1:PersistentLevel' has LevelScriptBlueprint '/Game/Maps/Level_1.Level_1:PersistentLevel.Level_1' with GeneratedClass '/Game/Maps/Level_1.Level_1_C' with ClassGeneratedBy '/Game/Maps/Level_1.Level_1:PersistentLevel.Level_1'
[2017.03.30-13.01.09:090][337]LogActorComponent: UnregisterComponent: (/Engine/Transient.EditorFloorComp) Not registered. Aborting.
[2017.03.30-13.01.11:248][340]Cmd: QUIT_EDITOR
[2017.03.30-13.01.12:025][340]LogWindowsTextInputMethodSystem:Display: IME system now deactivated.
[2017.03.30-13.01.12:113][340]LogExit: Preparing to exit.
[2017.03.30-13.01.13:421][340]LogExit: Editor shut down
[2017.03.30-13.01.13:422][340]LogExit: Transaction tracking system shut down
[2017.03.30-13.01.13:843][340]LogObj: Freed 0b from 0 cluster array pools.
[2017.03.30-13.01.13:844][340]LogExit: Object subsystem successfully closed.
[2017.03.30-13.01.13:890][340]LogD3D11RHI: Shutdown
[2017.03.30-13.01.13:891][340]LogD3D11RHI: CleanupD3DDevice
[2017.03.30-13.01.13:897][340]LogD3D11RHI: ~FD3D11DynamicRHI
[2017.03.30-13.01.13:945][340]LogModuleManager: Shutting down and abandoning module MovieSceneCapture (219)
[2017.03.30-13.01.13:945][340]LogModuleManager: Shutting down and abandoning module StaticMeshEditor (218)
[2017.03.30-13.01.13:945][340]LogModuleManager: Shutting down and abandoning module HierarchicalLODUtilities (217)
[2017.03.30-13.01.13:945][340]LogModuleManager: Shutting down and abandoning module BlueprintGraph (216)
[2017.03.30-13.01.13:945][340]LogModuleManager: Shutting down and abandoning module HierarchicalLODOutliner (215)
[2017.03.30-13.01.13:945][340]LogModuleManager: Shutting down and abandoning module CrashTracker (214)
[2017.03.30-13.01.13:945][340]LogModuleManager: Shutting down and abandoning module SceneOutliner (213)
[2017.03.30-13.01.13:945][340]LogModuleManager: Shutting down and abandoning module WidgetCarousel (212)
[2017.03.30-13.01.13:945][340]LogModuleManager: Shutting down and abandoning module AddContentDialog (211)
[2017.03.30-13.01.13:961][340]LogModuleManager: Shutting down and abandoning module GameplayTags (210)
[2017.03.30-13.01.13:961][340]LogModuleManager: Shutting down and abandoning module EditorWidgets (209)
[2017.03.30-13.01.13:961][340]LogModuleManager: Shutting down and abandoning module CollectionManager (208)
[2017.03.30-13.01.13:962][340]LogModuleManager: Shutting down and abandoning module StatsViewer (207)
[2017.03.30-13.01.13:962][340]LogModuleManager: Shutting down and abandoning module FoliageEdit (206)
[2017.03.30-13.01.13:962][340]LogModuleManager: Shutting down and abandoning module LandscapeEditor (205)
[2017.03.30-13.01.13:963][340]LogModuleManager: Shutting down and abandoning module SceneDepthPickerMode (204)
[2017.03.30-13.01.13:963][340]LogModuleManager: Shutting down and abandoning module ActorPickerMode (203)
[2017.03.30-13.01.13:963][340]LogModuleManager: Shutting down and abandoning module GeometryMode (202)
[2017.03.30-13.01.13:963][340]LogModuleManager: Shutting down and abandoning module TextureAlignMode (201)
[2017.03.30-13.01.13:963][340]LogModuleManager: Shutting down and abandoning module BspMode (200)
[2017.03.30-13.01.13:963][340]LogModuleManager: Shutting down and abandoning module HardwareSurvey (199)
[2017.03.30-13.01.13:963][340]LogModuleManager: Shutting down and abandoning module SequenceRecorderSections (198)
[2017.03.30-13.01.13:963][340]LogModuleManager: Shutting down and abandoning module SequenceRecorder (197)
[2017.03.30-13.01.13:963][340]LogModuleManager: Shutting down and abandoning module AutomationWorker (196)
[2017.03.30-13.01.13:963][340]LogModuleManager: Shutting down and abandoning module MatineeToLevelSequence (195)
[2017.03.30-13.01.13:963][340]LogModuleManager: Shutting down and abandoning module PlacementMode (194)
[2017.03.30-13.01.13:963][340]LogModuleManager: Shutting down and abandoning module LevelSequenceEditor (193)
[2017.03.30-13.01.13:964][340]LogModuleManager: Shutting down and abandoning module CharacterAI (192)
[2017.03.30-13.01.13:964][340]LogModuleManager: Shutting down and abandoning module SmartSnapping (191)
[2017.03.30-13.01.13:964][340]LogModuleManager: Shutting down and abandoning module SessionServices (190)
[2017.03.30-13.01.13:964][340]LogModuleManager: Shutting down and abandoning module ViewportSnapping (189)
[2017.03.30-13.01.13:964][340]LogModuleManager: Shutting down and abandoning module LogVisualizer (188)
[2017.03.30-13.01.13:964][340]LogModuleManager: Shutting down and abandoning module GameProjectGeneration (187)
[2017.03.30-13.01.13:964][340]LogModuleManager: Shutting down and abandoning module IntroTutorials (186)
[2017.03.30-13.01.13:965][340]LogModuleManager: Shutting down and abandoning module EditorLiveStreaming (185)
[2017.03.30-13.01.13:965][340]LogModuleManager: Shutting down and abandoning module IOSPlatformEditor (184)
[2017.03.30-13.01.13:965][340]LogModuleManager: Shutting down and abandoning module HTML5PlatformEditor (183)
[2017.03.30-13.01.13:965][340]LogModuleManager: Shutting down and abandoning module AndroidDeviceDetection (182)
[2017.03.30-13.01.14:754][340]LogModuleManager: Shutting down and abandoning module AndroidPlatformEditor (181)
[2017.03.30-13.01.14:754][340]LogModuleManager: Shutting down and abandoning module IOSRuntimeSettings (180)
[2017.03.30-13.01.14:754][340]LogModuleManager: Shutting down and abandoning module AndroidRuntimeSettings (179)
[2017.03.30-13.01.14:754][340]LogModuleManager: Shutting down and abandoning module MergeActors (178)
[2017.03.30-13.01.14:754][340]LogModuleManager: Shutting down and abandoning module SizeMap (177)
[2017.03.30-13.01.14:754][340]LogModuleManager: Shutting down and abandoning module TreeMap (176)
[2017.03.30-13.01.14:754][340]LogModuleManager: Shutting down and abandoning module ReferenceViewer (175)
[2017.03.30-13.01.14:754][340]LogModuleManager: Shutting down and abandoning module LocalizationService (174)
[2017.03.30-13.01.14:754][340]LogModuleManager: Shutting down and abandoning module LocalizationDashboard (173)
[2017.03.30-13.01.14:754][340]LogModuleManager: Shutting down and abandoning module HardwareTargeting (172)
[2017.03.30-13.01.14:754][340]LogModuleManager: Shutting down and abandoning module DeviceProfileEditor (171)
[2017.03.30-13.01.14:754][340]LogModuleManager: Shutting down and abandoning module UndoHistory (170)
[2017.03.30-13.01.14:754][340]LogModuleManager: Shutting down and abandoning module UserFeedback (169)
[2017.03.30-13.01.14:754][340]LogModuleManager: Shutting down and abandoning module XmlParser (168)
[2017.03.30-13.01.14:755][340]LogModuleManager: Shutting down and abandoning module Blutility (167)
[2017.03.30-13.01.14:755][340]LogModuleManager: Shutting down and abandoning module ProjectTargetPlatformEditor (166)
[2017.03.30-13.01.14:755][340]LogModuleManager: Shutting down and abandoning module ProjectSettingsViewer (165)
[2017.03.30-13.01.14:755][340]LogModuleManager: Shutting down and abandoning module InputBindingEditor (164)
[2017.03.30-13.01.14:755][340]LogModuleManager: Shutting down and abandoning module EditorSettingsViewer (163)
[2017.03.30-13.01.14:755][340]LogModuleManager: Shutting down and abandoning module SettingsEditor (162)
[2017.03.30-13.01.14:756][340]LogModuleManager: Shutting down and abandoning module ProjectLauncher (161)
[2017.03.30-13.01.14:756][340]LogModuleManager: Shutting down and abandoning module SessionFrontend (160)
[2017.03.30-13.01.14:756][340]LogModuleManager: Shutting down and abandoning module ProfilerClient (159)
[2017.03.30-13.01.14:756][340]LogModuleManager: Shutting down and abandoning module TargetDeviceServices (158)
[2017.03.30-13.01.14:756][340]LogModuleManager: Shutting down and abandoning module DeviceManager (157)
[2017.03.30-13.01.14:810][340]LogModuleManager: Shutting down and abandoning module AutomationController (156)
[2017.03.30-13.01.14:810][340]LogModuleManager: Shutting down and abandoning module AutomationWindow (155)
[2017.03.30-13.01.14:810][340]LogModuleManager: Shutting down and abandoning module Layers (154)
[2017.03.30-13.01.14:810][340]LogModuleManager: Shutting down and abandoning module ComponentVisualizers (153)
[2017.03.30-13.01.14:810][340]LogModuleManager: Shutting down and abandoning module DetailCustomizations (152)
[2017.03.30-13.01.14:810][340]LogModuleManager: Shutting down and abandoning module PackagesDialog (151)
[2017.03.30-13.01.14:811][340]LogModuleManager: Shutting down and abandoning module Persona (150)
[2017.03.30-13.01.14:811][340]LogModuleManager: Shutting down and abandoning module Kismet (149)
[2017.03.30-13.01.14:811][340]LogModuleManager: Shutting down and abandoning module GraphEditor (148)
[2017.03.30-13.01.14:811][340]LogModuleManager: Shutting down and abandoning module ClassViewer (147)
[2017.03.30-13.01.14:811][340]LogModuleManager: Shutting down and abandoning module Toolbox (146)
[2017.03.30-13.01.14:811][340]LogModuleManager: Shutting down and abandoning module ModuleUI (145)
[2017.03.30-13.01.14:811][340]LogModuleManager: Shutting down and abandoning module MovieSceneTools (144)
[2017.03.30-13.01.14:811][340]LogModuleManager: Shutting down and abandoning module OutputLog (143)
[2017.03.30-13.01.14:811][340]LogModuleManager: Shutting down and abandoning module GammaUI (142)
[2017.03.30-13.01.14:811][340]LogModuleManager: Shutting down and abandoning module Documentation (141)
[2017.03.30-13.01.14:811][340]LogModuleManager: Shutting down and abandoning module StreamingPauseRendering (140)
[2017.03.30-13.01.14:811][340]LogModuleManager: Shutting down and abandoning module AnalyticsET (139)
[2017.03.30-13.01.14:812][340]LogModuleManager: Shutting down and abandoning module Analytics (138)
[2017.03.30-13.01.14:812][340]LogModuleManager: Shutting down and abandoning module PortalServices (137)
[2017.03.30-13.01.14:812][340]LogModuleManager: Shutting down and abandoning module PortalRpc (136)
[2017.03.30-13.01.14:812][340]LogModuleManager: Shutting down and abandoning module MessagingRpc (135)
[2017.03.30-13.01.14:812][340]LogModuleManager: Shutting down and abandoning module GameplayDebugger (134)
[2017.03.30-13.01.14:812][340]LogModuleManager: Shutting down and abandoning module AITestSuite (133)
[2017.03.30-13.01.14:812][340]LogModuleManager: Shutting down and abandoning module AIModule (132)
[2017.03.30-13.01.14:812][340]LogModuleManager: Shutting down and abandoning module ProfilerService (131)
[2017.03.30-13.01.14:947][340]LogModuleManager: Shutting down and abandoning module TaskGraph (130)
[2017.03.30-13.01.14:947][340]LogModuleManager: Shutting down and abandoning module SubstanceEditor (129)
[2017.03.30-13.01.14:947][340]LogModuleManager: Shutting down and abandoning module SlateRemote (128)
[2017.03.30-13.01.14:947][340]LogModuleManager: Shutting down and abandoning module SteamVRController (127)
[2017.03.30-13.01.14:947][340]LogModuleManager: Shutting down and abandoning module SteamVR (126)
[2017.03.30-13.01.14:947][340]LogModuleManager: Shutting down and abandoning module ProceduralMeshComponent (125)
[2017.03.30-13.01.14:947][340]LogModuleManager: Shutting down and abandoning module OculusLibrary (124)
[2017.03.30-13.01.14:947][340]LogModuleManager: Shutting down and abandoning module OculusInput (123)
[2017.03.30-13.01.14:947][340]LogModuleManager: Shutting down and abandoning module CustomMeshComponent (122)
[2017.03.30-13.01.14:947][340]LogModuleManager: Shutting down and abandoning module CableComponent (121)
[2017.03.30-13.01.14:947][340]LogModuleManager: Shutting down and abandoning module ArchVisCharacter (120)
[2017.03.30-13.01.14:947][340]LogModuleManager: Shutting down and abandoning module MediaPlayerEditor (119)
[2017.03.30-13.01.14:947][340]LogModuleManager: Shutting down and abandoning module HTML5Networking (118)
[2017.03.30-13.01.14:947][340]LogModuleManager: Shutting down and abandoning module SuperSearch (117)
[2017.03.30-13.01.14:948][340]LogModuleManager: Shutting down and abandoning module SuperSearchEditor (116)
[2017.03.30-13.01.14:948][340]LogModuleManager: Shutting down and abandoning module SpeedTreeImporter (115)
[2017.03.30-13.01.14:948][340]LogModuleManager: Shutting down and abandoning module PluginBrowser (114)
[2017.03.30-13.01.14:948][340]LogModuleManager: Shutting down and abandoning module EpicSurvey (113)
[2017.03.30-13.01.14:948][340]LogModuleManager: Shutting down and abandoning module DesktopPlatform (112)
[2017.03.30-13.01.14:948][340]LogModuleManager: Shutting down and abandoning module VisualStudioSourceCodeAccess (111)
[2017.03.30-13.01.14:948][340]LogModuleManager: Shutting down and abandoning module UObjectPlugin (110)
[2017.03.30-13.01.14:948][340]LogModuleManager: Shutting down and abandoning module SubversionSourceControl (109)
[2017.03.30-13.01.14:948][340]LogModuleManager: Shutting down and abandoning module PerforceSourceControl (108)
[2017.03.30-13.01.14:948][340]LogModuleManager: Shutting down and abandoning module SourceControl (107)
[2017.03.30-13.01.14:948][340]LogModuleManager: Shutting down and abandoning module GitSourceControl (106)
[2017.03.30-13.01.14:948][340]LogModuleManager: Shutting down and abandoning module LightPropagationVolumeEditor (105)
[2017.03.30-13.01.14:948][340]LogModuleManager: Shutting down and abandoning module PaperTiledImporter (104)
[2017.03.30-13.01.14:948][340]LogModuleManager: Shutting down and abandoning module PaperSpriteSheetImporter (103)
[2017.03.30-13.01.14:949][340]LogModuleManager: Shutting down and abandoning module MeshPaint (102)
[2017.03.30-13.01.14:949][340]LogModuleManager: Shutting down and abandoning module PixelInspectorModule (101)
[2017.03.30-13.01.14:949][340]LogModuleManager: Shutting down and abandoning module HotReload (100)
[2017.03.30-13.01.14:950][340]LogModuleManager: Shutting down and abandoning module MainFrame (99)
[2017.03.30-13.01.14:950][340]LogModuleManager: Shutting down and abandoning module LevelEditor (98)
[2017.03.30-13.01.14:951][340]LogModuleManager: Shutting down and abandoning module ContentBrowser (97)
[2017.03.30-13.01.14:953][340]LogModuleManager: Shutting down and abandoning module Paper2DEditor (96)
[2017.03.30-13.01.14:954][340]LogModuleManager: Shutting down and abandoning module UdpMessaging (95)
[2017.03.30-13.01.15:054][340]LogModuleManager: Shutting down and abandoning module SubstanceCore (94)
[2017.03.30-13.01.15:054][340]LogModuleManager: Shutting down and abandoning module LightPropagationVolumeRuntime (93)
[2017.03.30-13.01.15:054][340]LogModuleManager: Shutting down and abandoning module Paper2D (92)
[2017.03.30-13.01.15:054][340]LogModuleManager: Shutting down and abandoning module WindowsMoviePlayer (91)
[2017.03.30-13.01.15:054][340]LogModuleManager: Shutting down and abandoning module Media (90)
[2017.03.30-13.01.15:054][340]LogModuleManager: Shutting down and abandoning module WmfMedia (89)
[2017.03.30-13.01.15:055][340]LogModuleManager: Shutting down and abandoning module MediaAssets (88)
[2017.03.30-13.01.15:055][340]LogModuleManager: Shutting down and abandoning module GameLiveStreaming (87)
[2017.03.30-13.01.15:055][340]LogModuleManager: Shutting down and abandoning module GameplayTagsEditor (86)
[2017.03.30-13.01.15:055][340]LogModuleManager: Shutting down and abandoning module OnlineBlueprintSupport (85)
[2017.03.30-13.01.15:055][340]LogModuleManager: Shutting down and abandoning module VREditor (84)
[2017.03.30-13.01.15:055][340]LogModuleManager: Shutting down and abandoning module GameplayTasksEditor (83)
[2017.03.30-13.01.15:055][340]LogModuleManager: Shutting down and abandoning module PropertyEditor (82)
[2017.03.30-13.01.15:055][340]LogModuleManager: Shutting down and abandoning module BehaviorTreeEditor (81)
[2017.03.30-13.01.15:055][340]LogModuleManager: Shutting down and abandoning module FunctionalTesting (80)
[2017.03.30-13.01.15:055][340]LogModuleManager: Shutting down and abandoning module CollisionAnalyzer (79)
[2017.03.30-13.01.15:055][340]LogModuleManager: Shutting down and abandoning module Sequencer (78)
[2017.03.30-13.01.15:056][340]LogModuleManager: Shutting down and abandoning module WorkspaceMenuStructure (77)
[2017.03.30-13.01.15:056][340]LogModuleManager: Shutting down and abandoning module MessageLog (76)
[2017.03.30-13.01.15:056][340]LogModuleManager: Shutting down and abandoning module AssetTools (75)
[2017.03.30-13.01.15:056][340]LogModuleManager: Shutting down and abandoning module UMGEditor (74)
[2017.03.30-13.01.15:056][340]LogModuleManager: Shutting down and abandoning module UMG (73)
[2017.03.30-13.01.15:056][340]LogModuleManager: Shutting down and abandoning module SlateReflector (72)
[2017.03.30-13.01.15:056][340]LogModuleManager: Shutting down and abandoning module Slate (71)
[2017.03.30-13.01.15:056][340]LogModuleManager: Shutting down and abandoning module EditorStyle (70)
[2017.03.30-13.01.15:065][340]LogModuleManager: Shutting down and abandoning module SourceCodeAccess (69)
[2017.03.30-13.01.15:065][340]LogModuleManager: Shutting down and abandoning module HeadMountedDisplay (68)
[2017.03.30-13.01.15:065][340]LogModuleManager: Shutting down and abandoning module XAudio2 (67)
[2017.03.30-13.01.15:065][340]LogModuleManager: Shutting down and abandoning module Networking (65)
[2017.03.30-13.01.15:065][340]LogModuleManager: Shutting down and abandoning module Core (64)
[2017.03.30-13.01.15:065][340]LogModuleManager: Shutting down and abandoning module DirectoryWatcher (63)
[2017.03.30-13.01.15:067][340]LogModuleManager: Shutting down and abandoning module AssetRegistry (62)
[2017.03.30-13.01.15:231][340]LogModuleManager: Shutting down and abandoning module KismetCompiler (61)
[2017.03.30-13.01.15:231][340]LogModuleManager: Shutting down and abandoning module PhysXFormats (60)
[2017.03.30-13.01.15:231][340]LogModuleManager: Shutting down and abandoning module MeshUtilities (59)
[2017.03.30-13.01.15:231][340]LogModuleManager: Shutting down and abandoning module DerivedDataCache (58)
[2017.03.30-13.01.15:287][340]LogDerivedDataCache: Shutdown
[2017.03.30-13.01.15:287][340]LogModuleManager: Shutting down and abandoning module VulkanShaderFormat (57)
[2017.03.30-13.01.15:287][340]LogModuleManager: Shutting down and abandoning module ShaderFormatOpenGL (56)
[2017.03.30-13.01.15:287][340]LogModuleManager: Shutting down and abandoning module ShaderFormatD3D (55)
[2017.03.30-13.01.15:287][340]LogModuleManager: Shutting down and abandoning module MetalShaderFormat (54)
[2017.03.30-13.01.15:287][340]LogModuleManager: Shutting down and abandoning module TextureFormatUncompressed (53)
[2017.03.30-13.01.15:287][340]LogModuleManager: Shutting down and abandoning module TextureFormatPVR (52)
[2017.03.30-13.01.15:287][340]LogModuleManager: Shutting down and abandoning module TextureFormatIntelISPCTexComp (51)
[2017.03.30-13.01.15:287][340]LogModuleManager: Shutting down and abandoning module TextureFormatDXT (50)
[2017.03.30-13.01.15:287][340]LogModuleManager: Shutting down and abandoning module ImageWrapper (49)
[2017.03.30-13.01.15:287][340]LogModuleManager: Shutting down and abandoning module TextureFormatASTC (48)
[2017.03.30-13.01.15:287][340]LogModuleManager: Shutting down and abandoning module TextureFormatAndroid (47)
[2017.03.30-13.01.15:287][340]LogModuleManager: Shutting down and abandoning module AudioFormatOpus (46)
[2017.03.30-13.01.15:287][340]LogModuleManager: Shutting down and abandoning module AudioFormatOgg (45)
[2017.03.30-13.01.15:287][340]LogModuleManager: Shutting down and abandoning module AudioFormatADPCM (44)
[2017.03.30-13.01.15:287][340]LogModuleManager: Shutting down and abandoning module LinuxTargetPlatform (43)
[2017.03.30-13.01.15:287][340]LogModuleManager: Shutting down and abandoning module LinuxServerTargetPlatform (42)
[2017.03.30-13.01.15:288][340]LogModuleManager: Shutting down and abandoning module LinuxNoEditorTargetPlatform (41)
[2017.03.30-13.01.15:288][340]LogModuleManager: Shutting down and abandoning module TVOSTargetPlatform (40)
[2017.03.30-13.01.15:288][340]LogModuleManager: Shutting down and abandoning module Messaging (39)
[2017.03.30-13.01.15:288][340]LogModuleManager: Shutting down and abandoning module IOSTargetPlatform (38)
[2017.03.30-13.01.15:288][340]LogModuleManager: Shutting down and abandoning module HTML5TargetPlatform (37)
[2017.03.30-13.01.15:288][340]LogModuleManager: Shutting down and abandoning module Android_PVRTCTargetPlatform (36)
[2017.03.30-13.01.15:288][340]LogModuleManager: Shutting down and abandoning module Android_MultiTargetPlatform (35)
[2017.03.30-13.01.15:288][340]LogModuleManager: Shutting down and abandoning module Android_ETC2TargetPlatform (34)
[2017.03.30-13.01.15:288][340]LogModuleManager: Shutting down and abandoning module Android_ETC1TargetPlatform (33)
[2017.03.30-13.01.15:288][340]LogModuleManager: Shutting down and abandoning module Android_DXTTargetPlatform (32)
[2017.03.30-13.01.15:288][340]LogModuleManager: Shutting down and abandoning module Android_ATCTargetPlatform (31)
[2017.03.30-13.01.15:288][340]LogModuleManager: Shutting down and abandoning module Android_ASTCTargetPlatform (30)
[2017.03.30-13.01.15:288][340]LogModuleManager: Shutting down and abandoning module AndroidTargetPlatform (29)
[2017.03.30-13.01.15:288][340]LogModuleManager: Shutting down and abandoning module WindowsTargetPlatform (28)
[2017.03.30-13.01.15:288][340]LogModuleManager: Shutting down and abandoning module WindowsServerTargetPlatform (27)
[2017.03.30-13.01.15:288][340]LogModuleManager: Shutting down and abandoning module WindowsNoEditorTargetPlatform (26)
[2017.03.30-13.01.15:288][340]LogModuleManager: Shutting down and abandoning module WindowsClientTargetPlatform (25)
[2017.03.30-13.01.15:288][340]LogModuleManager: Shutting down and abandoning module AllDesktopTargetPlatform (24)
[2017.03.30-13.01.15:288][340]LogModuleManager: Shutting down and abandoning module TargetPlatform (23)
[2017.03.30-13.01.15:288][340]LogModuleManager: Shutting down and abandoning module InputCore (22)
[2017.03.30-13.01.15:288][340]LogModuleManager: Shutting down and abandoning module Settings (21)
[2017.03.30-13.01.15:288][340]LogModuleManager: Shutting down and abandoning module OnlineSubsystem (19)
[2017.03.30-13.01.15:288][340]LogModuleManager: Shutting down and abandoning module HTTP (18)
[2017.03.30-13.01.16:792][340]LogModuleManager: Shutting down and abandoning module XMPP (17)
[2017.03.30-13.01.16:792][340]LogModuleManager: Shutting down and abandoning module OculusRift (16)
[2017.03.30-13.01.16:792][340]LogModuleManager: Shutting down and abandoning module ExampleDeviceProfileSelector (15)
[2017.03.30-13.01.16:792][340]LogModuleManager: Shutting down and abandoning module TextureCompressor (14)
[2017.03.30-13.01.16:792][340]LogModuleManager: Shutting down and abandoning module ShaderCore (13)
[2017.03.30-13.01.16:792][340]LogModuleManager: Shutting down and abandoning module Landscape (12)
[2017.03.30-13.01.16:792][340]LogModuleManager: Shutting down and abandoning module SlateRHIRenderer (11)
[2017.03.30-13.01.16:797][340]LogModuleManager: Shutting down and abandoning module OpenGLDrv (10)
[2017.03.30-13.01.16:798][340]LogModuleManager: Shutting down and abandoning module D3D11RHI (9)
[2017.03.30-13.01.16:798][340]LogModuleManager: Shutting down and abandoning module AnimGraphRuntime (8)
[2017.03.30-13.01.16:798][340]LogModuleManager: Shutting down and abandoning module Renderer (7)
[2017.03.30-13.01.16:798][340]LogModuleManager: Shutting down and abandoning module Engine (6)
[2017.03.30-13.01.16:798][340]LogModuleManager: Shutting down and abandoning module CoreUObject (5)
[2017.03.30-13.01.16:798][340]LogModuleManager: Shutting down and abandoning module NetworkFile (4)
[2017.03.30-13.01.16:798][340]LogModuleManager: Shutting down and abandoning module StreamingFile (3)
[2017.03.30-13.01.16:798][340]LogModuleManager: Shutting down and abandoning module SandboxFile (2)
[2017.03.30-13.01.16:798][340]LogModuleManager: Shutting down and abandoning module PakFile (1)
[2017.03.30-13.01.16:802][340]LogExit: Exiting.
[2017.03.30-13.01.16:905][340]Log file closed, 03/30/17 09:01:16
